[2022-10-04T23:32:54.489+0000] {processor.py:156} INFO - Started process (PID=51) to work on /home/airflow/.local/lib/python3.7/site-packages/airflow/example_dags/example_branch_labels.py
[2022-10-04T23:32:54.492+0000] {processor.py:758} INFO - Processing file /home/airflow/.local/lib/python3.7/site-packages/airflow/example_dags/example_branch_labels.py for tasks to queue
[2022-10-04T23:32:54.493+0000] {logging_mixin.py:117} INFO - [2022-10-04T23:32:54.493+0000] {dagbag.py:525} INFO - Filling up the DagBag from /home/airflow/.local/lib/python3.7/site-packages/airflow/example_dags/example_branch_labels.py
[2022-10-04T23:32:54.517+0000] {processor.py:768} INFO - DAG(s) dict_keys(['example_branch_labels']) retrieved from /home/airflow/.local/lib/python3.7/site-packages/airflow/example_dags/example_branch_labels.py
[2022-10-04T23:32:54.629+0000] {logging_mixin.py:117} INFO - [2022-10-04T23:32:54.629+0000] {dag.py:2573} INFO - Sync 1 DAGs
[2022-10-04T23:32:54.678+0000] {logging_mixin.py:117} INFO - [2022-10-04T23:32:54.678+0000] {dag.py:3328} INFO - Setting next_dagrun for example_branch_labels to 2022-10-03T00:00:00+00:00, run_after=2022-10-04T00:00:00+00:00
[2022-10-04T23:32:55.109+0000] {processor.py:178} INFO - Processing /home/airflow/.local/lib/python3.7/site-packages/airflow/example_dags/example_branch_labels.py took 0.621 seconds
[2022-10-04T23:34:07.491+0000] {processor.py:156} INFO - Started process (PID=96) to work on /home/airflow/.local/lib/python3.7/site-packages/airflow/example_dags/example_branch_labels.py
[2022-10-04T23:34:07.492+0000] {processor.py:758} INFO - Processing file /home/airflow/.local/lib/python3.7/site-packages/airflow/example_dags/example_branch_labels.py for tasks to queue
[2022-10-04T23:34:07.493+0000] {logging_mixin.py:117} INFO - [2022-10-04T23:34:07.493+0000] {dagbag.py:525} INFO - Filling up the DagBag from /home/airflow/.local/lib/python3.7/site-packages/airflow/example_dags/example_branch_labels.py
[2022-10-04T23:34:07.529+0000] {processor.py:768} INFO - DAG(s) dict_keys(['example_branch_labels']) retrieved from /home/airflow/.local/lib/python3.7/site-packages/airflow/example_dags/example_branch_labels.py
[2022-10-04T23:34:07.666+0000] {logging_mixin.py:117} INFO - [2022-10-04T23:34:07.665+0000] {dag.py:2573} INFO - Sync 1 DAGs
[2022-10-04T23:34:07.717+0000] {logging_mixin.py:117} INFO - [2022-10-04T23:34:07.717+0000] {dag.py:3328} INFO - Setting next_dagrun for example_branch_labels to 2022-10-03T00:00:00+00:00, run_after=2022-10-04T00:00:00+00:00
[2022-10-04T23:34:07.812+0000] {processor.py:178} INFO - Processing /home/airflow/.local/lib/python3.7/site-packages/airflow/example_dags/example_branch_labels.py took 0.327 seconds
[2022-10-04T23:35:46.402+0000] {processor.py:156} INFO - Started process (PID=53) to work on /home/airflow/.local/lib/python3.7/site-packages/airflow/example_dags/example_branch_labels.py
[2022-10-04T23:35:46.404+0000] {processor.py:758} INFO - Processing file /home/airflow/.local/lib/python3.7/site-packages/airflow/example_dags/example_branch_labels.py for tasks to queue
[2022-10-04T23:35:46.406+0000] {logging_mixin.py:117} INFO - [2022-10-04T23:35:46.406+0000] {dagbag.py:525} INFO - Filling up the DagBag from /home/airflow/.local/lib/python3.7/site-packages/airflow/example_dags/example_branch_labels.py
[2022-10-04T23:35:46.455+0000] {processor.py:768} INFO - DAG(s) dict_keys(['example_branch_labels']) retrieved from /home/airflow/.local/lib/python3.7/site-packages/airflow/example_dags/example_branch_labels.py
[2022-10-04T23:35:46.719+0000] {logging_mixin.py:117} INFO - [2022-10-04T23:35:46.719+0000] {dag.py:2573} INFO - Sync 1 DAGs
[2022-10-04T23:35:46.750+0000] {logging_mixin.py:117} INFO - [2022-10-04T23:35:46.750+0000] {dag.py:3328} INFO - Setting next_dagrun for example_branch_labels to 2022-10-03T00:00:00+00:00, run_after=2022-10-04T00:00:00+00:00
[2022-10-04T23:35:46.842+0000] {processor.py:178} INFO - Processing /home/airflow/.local/lib/python3.7/site-packages/airflow/example_dags/example_branch_labels.py took 0.447 seconds
[2022-10-04T23:37:49.198+0000] {processor.py:156} INFO - Started process (PID=42) to work on /home/airflow/.local/lib/python3.7/site-packages/airflow/example_dags/example_branch_labels.py
[2022-10-04T23:37:49.205+0000] {processor.py:758} INFO - Processing file /home/airflow/.local/lib/python3.7/site-packages/airflow/example_dags/example_branch_labels.py for tasks to queue
[2022-10-04T23:37:49.209+0000] {logging_mixin.py:117} INFO - [2022-10-04T23:37:49.207+0000] {dagbag.py:525} INFO - Filling up the DagBag from /home/airflow/.local/lib/python3.7/site-packages/airflow/example_dags/example_branch_labels.py
[2022-10-04T23:37:49.269+0000] {processor.py:768} INFO - DAG(s) dict_keys(['example_branch_labels']) retrieved from /home/airflow/.local/lib/python3.7/site-packages/airflow/example_dags/example_branch_labels.py
[2022-10-04T23:37:49.780+0000] {logging_mixin.py:117} INFO - [2022-10-04T23:37:49.780+0000] {dag.py:2573} INFO - Sync 1 DAGs
[2022-10-04T23:37:49.897+0000] {logging_mixin.py:117} INFO - [2022-10-04T23:37:49.896+0000] {dag.py:3328} INFO - Setting next_dagrun for example_branch_labels to 2022-10-03T00:00:00+00:00, run_after=2022-10-04T00:00:00+00:00
[2022-10-04T23:37:59.798+0000] {processor.py:178} INFO - Processing /home/airflow/.local/lib/python3.7/site-packages/airflow/example_dags/example_branch_labels.py took 10.625 seconds
[2022-10-04T23:39:59.309+0000] {processor.py:156} INFO - Started process (PID=41) to work on /home/airflow/.local/lib/python3.7/site-packages/airflow/example_dags/example_branch_labels.py
[2022-10-04T23:39:59.310+0000] {processor.py:758} INFO - Processing file /home/airflow/.local/lib/python3.7/site-packages/airflow/example_dags/example_branch_labels.py for tasks to queue
[2022-10-04T23:39:59.312+0000] {logging_mixin.py:117} INFO - [2022-10-04T23:39:59.311+0000] {dagbag.py:525} INFO - Filling up the DagBag from /home/airflow/.local/lib/python3.7/site-packages/airflow/example_dags/example_branch_labels.py
[2022-10-04T23:39:59.360+0000] {processor.py:768} INFO - DAG(s) dict_keys(['example_branch_labels']) retrieved from /home/airflow/.local/lib/python3.7/site-packages/airflow/example_dags/example_branch_labels.py
[2022-10-04T23:39:59.648+0000] {logging_mixin.py:117} INFO - [2022-10-04T23:39:59.644+0000] {dag.py:2573} INFO - Sync 1 DAGs
[2022-10-04T23:39:59.687+0000] {logging_mixin.py:117} INFO - [2022-10-04T23:39:59.687+0000] {dag.py:3328} INFO - Setting next_dagrun for example_branch_labels to 2022-10-03T00:00:00+00:00, run_after=2022-10-04T00:00:00+00:00
[2022-10-04T23:40:01.677+0000] {processor.py:178} INFO - Processing /home/airflow/.local/lib/python3.7/site-packages/airflow/example_dags/example_branch_labels.py took 2.378 seconds
[2022-10-04T23:41:51.083+0000] {processor.py:156} INFO - Started process (PID=51) to work on /home/airflow/.local/lib/python3.7/site-packages/airflow/example_dags/example_branch_labels.py
[2022-10-04T23:41:51.084+0000] {processor.py:758} INFO - Processing file /home/airflow/.local/lib/python3.7/site-packages/airflow/example_dags/example_branch_labels.py for tasks to queue
[2022-10-04T23:41:51.085+0000] {logging_mixin.py:117} INFO - [2022-10-04T23:41:51.085+0000] {dagbag.py:525} INFO - Filling up the DagBag from /home/airflow/.local/lib/python3.7/site-packages/airflow/example_dags/example_branch_labels.py
[2022-10-04T23:41:51.112+0000] {processor.py:768} INFO - DAG(s) dict_keys(['example_branch_labels']) retrieved from /home/airflow/.local/lib/python3.7/site-packages/airflow/example_dags/example_branch_labels.py
[2022-10-04T23:41:51.579+0000] {logging_mixin.py:117} INFO - [2022-10-04T23:41:51.579+0000] {dag.py:2573} INFO - Sync 1 DAGs
[2022-10-04T23:41:52.199+0000] {logging_mixin.py:117} INFO - [2022-10-04T23:41:52.197+0000] {dag.py:3328} INFO - Setting next_dagrun for example_branch_labels to 2022-10-03T00:00:00+00:00, run_after=2022-10-04T00:00:00+00:00
[2022-10-04T23:41:55.094+0000] {processor.py:178} INFO - Processing /home/airflow/.local/lib/python3.7/site-packages/airflow/example_dags/example_branch_labels.py took 4.016 seconds
[2022-10-04T23:44:03.859+0000] {processor.py:156} INFO - Started process (PID=44) to work on /home/airflow/.local/lib/python3.7/site-packages/airflow/example_dags/example_branch_labels.py
[2022-10-04T23:44:03.873+0000] {processor.py:758} INFO - Processing file /home/airflow/.local/lib/python3.7/site-packages/airflow/example_dags/example_branch_labels.py for tasks to queue
[2022-10-04T23:44:03.874+0000] {logging_mixin.py:117} INFO - [2022-10-04T23:44:03.873+0000] {dagbag.py:525} INFO - Filling up the DagBag from /home/airflow/.local/lib/python3.7/site-packages/airflow/example_dags/example_branch_labels.py
[2022-10-04T23:44:04.047+0000] {processor.py:768} INFO - DAG(s) dict_keys(['example_branch_labels']) retrieved from /home/airflow/.local/lib/python3.7/site-packages/airflow/example_dags/example_branch_labels.py
[2022-10-04T23:44:07.850+0000] {logging_mixin.py:117} INFO - [2022-10-04T23:44:07.849+0000] {dag.py:2573} INFO - Sync 1 DAGs
[2022-10-04T23:44:16.483+0000] {logging_mixin.py:117} INFO - [2022-10-04T23:44:16.454+0000] {dag.py:3328} INFO - Setting next_dagrun for example_branch_labels to 2022-10-03T00:00:00+00:00, run_after=2022-10-04T00:00:00+00:00
[2022-10-04T23:44:19.756+0000] {processor.py:178} INFO - Processing /home/airflow/.local/lib/python3.7/site-packages/airflow/example_dags/example_branch_labels.py took 15.898 seconds
[2022-10-04T23:45:15.678+0000] {processor.py:156} INFO - Started process (PID=107) to work on /home/airflow/.local/lib/python3.7/site-packages/airflow/example_dags/example_branch_labels.py
[2022-10-04T23:45:15.679+0000] {processor.py:758} INFO - Processing file /home/airflow/.local/lib/python3.7/site-packages/airflow/example_dags/example_branch_labels.py for tasks to queue
[2022-10-04T23:45:15.680+0000] {logging_mixin.py:117} INFO - [2022-10-04T23:45:15.680+0000] {dagbag.py:525} INFO - Filling up the DagBag from /home/airflow/.local/lib/python3.7/site-packages/airflow/example_dags/example_branch_labels.py
[2022-10-04T23:45:15.766+0000] {processor.py:768} INFO - DAG(s) dict_keys(['example_branch_labels']) retrieved from /home/airflow/.local/lib/python3.7/site-packages/airflow/example_dags/example_branch_labels.py
[2022-10-04T23:46:08.347+0000] {processor.py:156} INFO - Started process (PID=41) to work on /home/airflow/.local/lib/python3.7/site-packages/airflow/example_dags/example_branch_labels.py
[2022-10-04T23:46:08.348+0000] {processor.py:758} INFO - Processing file /home/airflow/.local/lib/python3.7/site-packages/airflow/example_dags/example_branch_labels.py for tasks to queue
[2022-10-04T23:46:08.349+0000] {logging_mixin.py:117} INFO - [2022-10-04T23:46:08.349+0000] {dagbag.py:525} INFO - Filling up the DagBag from /home/airflow/.local/lib/python3.7/site-packages/airflow/example_dags/example_branch_labels.py
[2022-10-04T23:46:08.463+0000] {processor.py:768} INFO - DAG(s) dict_keys(['example_branch_labels']) retrieved from /home/airflow/.local/lib/python3.7/site-packages/airflow/example_dags/example_branch_labels.py
[2022-10-04T23:46:08.842+0000] {logging_mixin.py:117} INFO - [2022-10-04T23:46:08.842+0000] {dag.py:2573} INFO - Sync 1 DAGs
[2022-10-04T23:46:08.878+0000] {logging_mixin.py:117} INFO - [2022-10-04T23:46:08.878+0000] {dag.py:3328} INFO - Setting next_dagrun for example_branch_labels to 2022-10-03T00:00:00+00:00, run_after=2022-10-04T00:00:00+00:00
[2022-10-04T23:46:09.875+0000] {processor.py:178} INFO - Processing /home/airflow/.local/lib/python3.7/site-packages/airflow/example_dags/example_branch_labels.py took 1.534 seconds
[2022-10-04T23:48:12.328+0000] {processor.py:156} INFO - Started process (PID=50) to work on /home/airflow/.local/lib/python3.7/site-packages/airflow/example_dags/example_branch_labels.py
[2022-10-04T23:48:12.337+0000] {processor.py:758} INFO - Processing file /home/airflow/.local/lib/python3.7/site-packages/airflow/example_dags/example_branch_labels.py for tasks to queue
[2022-10-04T23:48:12.339+0000] {logging_mixin.py:117} INFO - [2022-10-04T23:48:12.338+0000] {dagbag.py:525} INFO - Filling up the DagBag from /home/airflow/.local/lib/python3.7/site-packages/airflow/example_dags/example_branch_labels.py
[2022-10-04T23:48:12.498+0000] {processor.py:768} INFO - DAG(s) dict_keys(['example_branch_labels']) retrieved from /home/airflow/.local/lib/python3.7/site-packages/airflow/example_dags/example_branch_labels.py
[2022-10-04T23:48:15.062+0000] {logging_mixin.py:117} INFO - [2022-10-04T23:48:15.060+0000] {dag.py:2573} INFO - Sync 1 DAGs
[2022-10-04T23:48:15.216+0000] {logging_mixin.py:117} INFO - [2022-10-04T23:48:15.216+0000] {dag.py:3328} INFO - Setting next_dagrun for example_branch_labels to 2022-10-03T00:00:00+00:00, run_after=2022-10-04T00:00:00+00:00
[2022-10-04T23:48:22.175+0000] {processor.py:178} INFO - Processing /home/airflow/.local/lib/python3.7/site-packages/airflow/example_dags/example_branch_labels.py took 9.659 seconds
[2022-10-04T23:50:07.227+0000] {processor.py:156} INFO - Started process (PID=41) to work on /home/airflow/.local/lib/python3.7/site-packages/airflow/example_dags/example_branch_labels.py
[2022-10-04T23:50:07.236+0000] {processor.py:758} INFO - Processing file /home/airflow/.local/lib/python3.7/site-packages/airflow/example_dags/example_branch_labels.py for tasks to queue
[2022-10-04T23:50:07.237+0000] {logging_mixin.py:117} INFO - [2022-10-04T23:50:07.237+0000] {dagbag.py:525} INFO - Filling up the DagBag from /home/airflow/.local/lib/python3.7/site-packages/airflow/example_dags/example_branch_labels.py
[2022-10-04T23:50:07.350+0000] {processor.py:768} INFO - DAG(s) dict_keys(['example_branch_labels']) retrieved from /home/airflow/.local/lib/python3.7/site-packages/airflow/example_dags/example_branch_labels.py
[2022-10-04T23:50:09.665+0000] {logging_mixin.py:117} INFO - [2022-10-04T23:50:09.661+0000] {dag.py:2573} INFO - Sync 1 DAGs
[2022-10-04T23:50:09.758+0000] {logging_mixin.py:117} INFO - [2022-10-04T23:50:09.758+0000] {dag.py:3328} INFO - Setting next_dagrun for example_branch_labels to 2022-10-03T00:00:00+00:00, run_after=2022-10-04T00:00:00+00:00
[2022-10-04T23:50:13.682+0000] {processor.py:178} INFO - Processing /home/airflow/.local/lib/python3.7/site-packages/airflow/example_dags/example_branch_labels.py took 6.481 seconds
[2022-10-04T23:51:36.159+0000] {processor.py:156} INFO - Started process (PID=110) to work on /home/airflow/.local/lib/python3.7/site-packages/airflow/example_dags/example_branch_labels.py
[2022-10-04T23:51:36.182+0000] {processor.py:758} INFO - Processing file /home/airflow/.local/lib/python3.7/site-packages/airflow/example_dags/example_branch_labels.py for tasks to queue
[2022-10-04T23:51:36.192+0000] {logging_mixin.py:117} INFO - [2022-10-04T23:51:36.188+0000] {dagbag.py:525} INFO - Filling up the DagBag from /home/airflow/.local/lib/python3.7/site-packages/airflow/example_dags/example_branch_labels.py
[2022-10-04T23:52:18.594+0000] {processor.py:156} INFO - Started process (PID=42) to work on /home/airflow/.local/lib/python3.7/site-packages/airflow/example_dags/example_branch_labels.py
[2022-10-04T23:52:18.595+0000] {processor.py:758} INFO - Processing file /home/airflow/.local/lib/python3.7/site-packages/airflow/example_dags/example_branch_labels.py for tasks to queue
[2022-10-04T23:52:18.596+0000] {logging_mixin.py:117} INFO - [2022-10-04T23:52:18.596+0000] {dagbag.py:525} INFO - Filling up the DagBag from /home/airflow/.local/lib/python3.7/site-packages/airflow/example_dags/example_branch_labels.py
[2022-10-04T23:52:18.681+0000] {processor.py:768} INFO - DAG(s) dict_keys(['example_branch_labels']) retrieved from /home/airflow/.local/lib/python3.7/site-packages/airflow/example_dags/example_branch_labels.py
[2022-10-04T23:52:19.859+0000] {logging_mixin.py:117} INFO - [2022-10-04T23:52:19.857+0000] {dag.py:2573} INFO - Sync 1 DAGs
[2022-10-04T23:52:19.988+0000] {logging_mixin.py:117} INFO - [2022-10-04T23:52:19.982+0000] {dag.py:3328} INFO - Setting next_dagrun for example_branch_labels to 2022-10-03T00:00:00+00:00, run_after=2022-10-04T00:00:00+00:00
[2022-10-04T23:52:22.688+0000] {processor.py:178} INFO - Processing /home/airflow/.local/lib/python3.7/site-packages/airflow/example_dags/example_branch_labels.py took 4.107 seconds
[2022-10-04T23:54:23.189+0000] {processor.py:156} INFO - Started process (PID=41) to work on /home/airflow/.local/lib/python3.7/site-packages/airflow/example_dags/example_branch_labels.py
[2022-10-04T23:54:23.192+0000] {processor.py:758} INFO - Processing file /home/airflow/.local/lib/python3.7/site-packages/airflow/example_dags/example_branch_labels.py for tasks to queue
[2022-10-04T23:54:23.195+0000] {logging_mixin.py:117} INFO - [2022-10-04T23:54:23.194+0000] {dagbag.py:525} INFO - Filling up the DagBag from /home/airflow/.local/lib/python3.7/site-packages/airflow/example_dags/example_branch_labels.py
[2022-10-04T23:54:23.409+0000] {processor.py:768} INFO - DAG(s) dict_keys(['example_branch_labels']) retrieved from /home/airflow/.local/lib/python3.7/site-packages/airflow/example_dags/example_branch_labels.py
[2022-10-04T23:54:26.137+0000] {logging_mixin.py:117} INFO - [2022-10-04T23:54:26.134+0000] {dag.py:2573} INFO - Sync 1 DAGs
[2022-10-04T23:54:26.232+0000] {logging_mixin.py:117} INFO - [2022-10-04T23:54:26.231+0000] {dag.py:3328} INFO - Setting next_dagrun for example_branch_labels to 2022-10-03T00:00:00+00:00, run_after=2022-10-04T00:00:00+00:00
[2022-10-04T23:54:31.689+0000] {processor.py:178} INFO - Processing /home/airflow/.local/lib/python3.7/site-packages/airflow/example_dags/example_branch_labels.py took 8.504 seconds
[2022-10-04T23:56:23.410+0000] {processor.py:156} INFO - Started process (PID=52) to work on /home/airflow/.local/lib/python3.7/site-packages/airflow/example_dags/example_branch_labels.py
[2022-10-04T23:56:23.412+0000] {processor.py:758} INFO - Processing file /home/airflow/.local/lib/python3.7/site-packages/airflow/example_dags/example_branch_labels.py for tasks to queue
[2022-10-04T23:56:23.414+0000] {logging_mixin.py:117} INFO - [2022-10-04T23:56:23.413+0000] {dagbag.py:525} INFO - Filling up the DagBag from /home/airflow/.local/lib/python3.7/site-packages/airflow/example_dags/example_branch_labels.py
[2022-10-04T23:56:23.615+0000] {processor.py:768} INFO - DAG(s) dict_keys(['example_branch_labels']) retrieved from /home/airflow/.local/lib/python3.7/site-packages/airflow/example_dags/example_branch_labels.py
[2022-10-04T23:56:27.036+0000] {logging_mixin.py:117} INFO - [2022-10-04T23:56:27.032+0000] {dag.py:2573} INFO - Sync 1 DAGs
[2022-10-04T23:56:27.186+0000] {logging_mixin.py:117} INFO - [2022-10-04T23:56:27.186+0000] {dag.py:3328} INFO - Setting next_dagrun for example_branch_labels to 2022-10-03T00:00:00+00:00, run_after=2022-10-04T00:00:00+00:00
[2022-10-04T23:56:28.881+0000] {processor.py:178} INFO - Processing /home/airflow/.local/lib/python3.7/site-packages/airflow/example_dags/example_branch_labels.py took 5.477 seconds
[2022-10-04T23:57:30.278+0000] {processor.py:156} INFO - Started process (PID=115) to work on /home/airflow/.local/lib/python3.7/site-packages/airflow/example_dags/example_branch_labels.py
[2022-10-04T23:57:30.279+0000] {processor.py:758} INFO - Processing file /home/airflow/.local/lib/python3.7/site-packages/airflow/example_dags/example_branch_labels.py for tasks to queue
[2022-10-04T23:57:30.280+0000] {logging_mixin.py:117} INFO - [2022-10-04T23:57:30.280+0000] {dagbag.py:525} INFO - Filling up the DagBag from /home/airflow/.local/lib/python3.7/site-packages/airflow/example_dags/example_branch_labels.py
[2022-10-04T23:57:30.356+0000] {processor.py:768} INFO - DAG(s) dict_keys(['example_branch_labels']) retrieved from /home/airflow/.local/lib/python3.7/site-packages/airflow/example_dags/example_branch_labels.py
[2022-10-04T23:58:29.250+0000] {processor.py:156} INFO - Started process (PID=52) to work on /home/airflow/.local/lib/python3.7/site-packages/airflow/example_dags/example_branch_labels.py
[2022-10-04T23:58:29.252+0000] {processor.py:758} INFO - Processing file /home/airflow/.local/lib/python3.7/site-packages/airflow/example_dags/example_branch_labels.py for tasks to queue
[2022-10-04T23:58:29.253+0000] {logging_mixin.py:117} INFO - [2022-10-04T23:58:29.253+0000] {dagbag.py:525} INFO - Filling up the DagBag from /home/airflow/.local/lib/python3.7/site-packages/airflow/example_dags/example_branch_labels.py
[2022-10-04T23:58:29.482+0000] {processor.py:768} INFO - DAG(s) dict_keys(['example_branch_labels']) retrieved from /home/airflow/.local/lib/python3.7/site-packages/airflow/example_dags/example_branch_labels.py
[2022-10-04T23:58:30.213+0000] {logging_mixin.py:117} INFO - [2022-10-04T23:58:30.208+0000] {dag.py:2573} INFO - Sync 1 DAGs
[2022-10-04T23:58:30.866+0000] {logging_mixin.py:117} INFO - [2022-10-04T23:58:30.865+0000] {dag.py:3328} INFO - Setting next_dagrun for example_branch_labels to 2022-10-03T00:00:00+00:00, run_after=2022-10-04T00:00:00+00:00
[2022-10-04T23:58:41.688+0000] {processor.py:178} INFO - Processing /home/airflow/.local/lib/python3.7/site-packages/airflow/example_dags/example_branch_labels.py took 12.449 seconds
