[2022-10-04T23:34:04.485+0000] {processor.py:156} INFO - Started process (PID=80) to work on /home/airflow/.local/lib/python3.7/site-packages/airflow/example_dags/example_external_task_marker_dag.py
[2022-10-04T23:34:04.486+0000] {processor.py:758} INFO - Processing file /home/airflow/.local/lib/python3.7/site-packages/airflow/example_dags/example_external_task_marker_dag.py for tasks to queue
[2022-10-04T23:34:04.487+0000] {logging_mixin.py:117} INFO - [2022-10-04T23:34:04.487+0000] {dagbag.py:525} INFO - Filling up the DagBag from /home/airflow/.local/lib/python3.7/site-packages/airflow/example_dags/example_external_task_marker_dag.py
[2022-10-04T23:34:04.522+0000] {processor.py:768} INFO - DAG(s) dict_keys(['example_external_task_marker_parent', 'example_external_task_marker_child']) retrieved from /home/airflow/.local/lib/python3.7/site-packages/airflow/example_dags/example_external_task_marker_dag.py
[2022-10-04T23:34:04.917+0000] {logging_mixin.py:117} INFO - [2022-10-04T23:34:04.916+0000] {dag.py:2573} INFO - Sync 2 DAGs
[2022-10-04T23:34:05.057+0000] {logging_mixin.py:117} INFO - [2022-10-04T23:34:05.056+0000] {dag.py:3328} INFO - Setting next_dagrun for example_external_task_marker_child to None, run_after=None
[2022-10-04T23:34:05.063+0000] {logging_mixin.py:117} INFO - [2022-10-04T23:34:05.063+0000] {dag.py:3328} INFO - Setting next_dagrun for example_external_task_marker_parent to None, run_after=None
[2022-10-04T23:34:05.355+0000] {processor.py:178} INFO - Processing /home/airflow/.local/lib/python3.7/site-packages/airflow/example_dags/example_external_task_marker_dag.py took 0.877 seconds
[2022-10-04T23:36:25.604+0000] {processor.py:156} INFO - Started process (PID=82) to work on /home/airflow/.local/lib/python3.7/site-packages/airflow/example_dags/example_external_task_marker_dag.py
[2022-10-04T23:36:25.616+0000] {processor.py:758} INFO - Processing file /home/airflow/.local/lib/python3.7/site-packages/airflow/example_dags/example_external_task_marker_dag.py for tasks to queue
[2022-10-04T23:36:25.622+0000] {logging_mixin.py:117} INFO - [2022-10-04T23:36:25.622+0000] {dagbag.py:525} INFO - Filling up the DagBag from /home/airflow/.local/lib/python3.7/site-packages/airflow/example_dags/example_external_task_marker_dag.py
[2022-10-04T23:36:25.685+0000] {processor.py:768} INFO - DAG(s) dict_keys(['example_external_task_marker_child', 'example_external_task_marker_parent']) retrieved from /home/airflow/.local/lib/python3.7/site-packages/airflow/example_dags/example_external_task_marker_dag.py
[2022-10-04T23:36:27.003+0000] {logging_mixin.py:117} INFO - [2022-10-04T23:36:27.003+0000] {dag.py:2573} INFO - Sync 2 DAGs
[2022-10-04T23:36:27.235+0000] {logging_mixin.py:117} INFO - [2022-10-04T23:36:27.235+0000] {dag.py:3328} INFO - Setting next_dagrun for example_external_task_marker_child to None, run_after=None
[2022-10-04T23:36:27.260+0000] {logging_mixin.py:117} INFO - [2022-10-04T23:36:27.260+0000] {dag.py:3328} INFO - Setting next_dagrun for example_external_task_marker_parent to None, run_after=None
[2022-10-04T23:36:31.250+0000] {processor.py:178} INFO - Processing /home/airflow/.local/lib/python3.7/site-packages/airflow/example_dags/example_external_task_marker_dag.py took 5.650 seconds
[2022-10-04T23:38:48.933+0000] {processor.py:156} INFO - Started process (PID=89) to work on /home/airflow/.local/lib/python3.7/site-packages/airflow/example_dags/example_external_task_marker_dag.py
[2022-10-04T23:38:48.936+0000] {processor.py:758} INFO - Processing file /home/airflow/.local/lib/python3.7/site-packages/airflow/example_dags/example_external_task_marker_dag.py for tasks to queue
[2022-10-04T23:38:48.938+0000] {logging_mixin.py:117} INFO - [2022-10-04T23:38:48.938+0000] {dagbag.py:525} INFO - Filling up the DagBag from /home/airflow/.local/lib/python3.7/site-packages/airflow/example_dags/example_external_task_marker_dag.py
[2022-10-04T23:38:49.018+0000] {processor.py:768} INFO - DAG(s) dict_keys(['example_external_task_marker_parent', 'example_external_task_marker_child']) retrieved from /home/airflow/.local/lib/python3.7/site-packages/airflow/example_dags/example_external_task_marker_dag.py
[2022-10-04T23:38:50.117+0000] {logging_mixin.py:117} INFO - [2022-10-04T23:38:50.116+0000] {dag.py:2573} INFO - Sync 2 DAGs
[2022-10-04T23:38:50.146+0000] {logging_mixin.py:117} INFO - [2022-10-04T23:38:50.146+0000] {dag.py:3328} INFO - Setting next_dagrun for example_external_task_marker_child to None, run_after=None
[2022-10-04T23:38:50.151+0000] {logging_mixin.py:117} INFO - [2022-10-04T23:38:50.151+0000] {dag.py:3328} INFO - Setting next_dagrun for example_external_task_marker_parent to None, run_after=None
[2022-10-04T23:40:53.562+0000] {processor.py:156} INFO - Started process (PID=79) to work on /home/airflow/.local/lib/python3.7/site-packages/airflow/example_dags/example_external_task_marker_dag.py
[2022-10-04T23:40:53.567+0000] {processor.py:758} INFO - Processing file /home/airflow/.local/lib/python3.7/site-packages/airflow/example_dags/example_external_task_marker_dag.py for tasks to queue
[2022-10-04T23:40:53.568+0000] {logging_mixin.py:117} INFO - [2022-10-04T23:40:53.568+0000] {dagbag.py:525} INFO - Filling up the DagBag from /home/airflow/.local/lib/python3.7/site-packages/airflow/example_dags/example_external_task_marker_dag.py
[2022-10-04T23:40:53.620+0000] {processor.py:768} INFO - DAG(s) dict_keys(['example_external_task_marker_parent', 'example_external_task_marker_child']) retrieved from /home/airflow/.local/lib/python3.7/site-packages/airflow/example_dags/example_external_task_marker_dag.py
[2022-10-04T23:40:54.105+0000] {logging_mixin.py:117} INFO - [2022-10-04T23:40:54.104+0000] {dag.py:2573} INFO - Sync 2 DAGs
[2022-10-04T23:40:54.134+0000] {logging_mixin.py:117} INFO - [2022-10-04T23:40:54.134+0000] {dag.py:3328} INFO - Setting next_dagrun for example_external_task_marker_child to None, run_after=None
[2022-10-04T23:40:54.138+0000] {logging_mixin.py:117} INFO - [2022-10-04T23:40:54.138+0000] {dag.py:3328} INFO - Setting next_dagrun for example_external_task_marker_parent to None, run_after=None
[2022-10-04T23:40:55.857+0000] {processor.py:178} INFO - Processing /home/airflow/.local/lib/python3.7/site-packages/airflow/example_dags/example_external_task_marker_dag.py took 2.309 seconds
[2022-10-04T23:42:51.712+0000] {processor.py:156} INFO - Started process (PID=99) to work on /home/airflow/.local/lib/python3.7/site-packages/airflow/example_dags/example_external_task_marker_dag.py
[2022-10-04T23:42:51.717+0000] {processor.py:758} INFO - Processing file /home/airflow/.local/lib/python3.7/site-packages/airflow/example_dags/example_external_task_marker_dag.py for tasks to queue
[2022-10-04T23:42:51.718+0000] {logging_mixin.py:117} INFO - [2022-10-04T23:42:51.718+0000] {dagbag.py:525} INFO - Filling up the DagBag from /home/airflow/.local/lib/python3.7/site-packages/airflow/example_dags/example_external_task_marker_dag.py
[2022-10-04T23:42:51.790+0000] {processor.py:768} INFO - DAG(s) dict_keys(['example_external_task_marker_child', 'example_external_task_marker_parent']) retrieved from /home/airflow/.local/lib/python3.7/site-packages/airflow/example_dags/example_external_task_marker_dag.py
[2022-10-04T23:42:53.561+0000] {logging_mixin.py:117} INFO - [2022-10-04T23:42:53.561+0000] {dag.py:2573} INFO - Sync 2 DAGs
[2022-10-04T23:42:53.609+0000] {logging_mixin.py:117} INFO - [2022-10-04T23:42:53.609+0000] {dag.py:3328} INFO - Setting next_dagrun for example_external_task_marker_child to None, run_after=None
[2022-10-04T23:42:53.630+0000] {logging_mixin.py:117} INFO - [2022-10-04T23:42:53.629+0000] {dag.py:3328} INFO - Setting next_dagrun for example_external_task_marker_parent to None, run_after=None
[2022-10-04T23:42:56.691+0000] {processor.py:178} INFO - Processing /home/airflow/.local/lib/python3.7/site-packages/airflow/example_dags/example_external_task_marker_dag.py took 4.984 seconds
[2022-10-04T23:44:53.381+0000] {processor.py:156} INFO - Started process (PID=81) to work on /home/airflow/.local/lib/python3.7/site-packages/airflow/example_dags/example_external_task_marker_dag.py
[2022-10-04T23:44:53.385+0000] {processor.py:758} INFO - Processing file /home/airflow/.local/lib/python3.7/site-packages/airflow/example_dags/example_external_task_marker_dag.py for tasks to queue
[2022-10-04T23:44:53.387+0000] {logging_mixin.py:117} INFO - [2022-10-04T23:44:53.386+0000] {dagbag.py:525} INFO - Filling up the DagBag from /home/airflow/.local/lib/python3.7/site-packages/airflow/example_dags/example_external_task_marker_dag.py
[2022-10-04T23:44:53.429+0000] {processor.py:768} INFO - DAG(s) dict_keys(['example_external_task_marker_child', 'example_external_task_marker_parent']) retrieved from /home/airflow/.local/lib/python3.7/site-packages/airflow/example_dags/example_external_task_marker_dag.py
[2022-10-04T23:44:54.312+0000] {logging_mixin.py:117} INFO - [2022-10-04T23:44:54.312+0000] {dag.py:2573} INFO - Sync 2 DAGs
[2022-10-04T23:44:54.347+0000] {logging_mixin.py:117} INFO - [2022-10-04T23:44:54.346+0000] {dag.py:3328} INFO - Setting next_dagrun for example_external_task_marker_child to None, run_after=None
[2022-10-04T23:44:54.353+0000] {logging_mixin.py:117} INFO - [2022-10-04T23:44:54.353+0000] {dag.py:3328} INFO - Setting next_dagrun for example_external_task_marker_parent to None, run_after=None
[2022-10-04T23:44:54.532+0000] {processor.py:178} INFO - Processing /home/airflow/.local/lib/python3.7/site-packages/airflow/example_dags/example_external_task_marker_dag.py took 1.159 seconds
[2022-10-04T23:46:50.141+0000] {processor.py:156} INFO - Started process (PID=79) to work on /home/airflow/.local/lib/python3.7/site-packages/airflow/example_dags/example_external_task_marker_dag.py
[2022-10-04T23:46:50.144+0000] {processor.py:758} INFO - Processing file /home/airflow/.local/lib/python3.7/site-packages/airflow/example_dags/example_external_task_marker_dag.py for tasks to queue
[2022-10-04T23:46:50.145+0000] {logging_mixin.py:117} INFO - [2022-10-04T23:46:50.145+0000] {dagbag.py:525} INFO - Filling up the DagBag from /home/airflow/.local/lib/python3.7/site-packages/airflow/example_dags/example_external_task_marker_dag.py
[2022-10-04T23:46:50.183+0000] {processor.py:768} INFO - DAG(s) dict_keys(['example_external_task_marker_parent', 'example_external_task_marker_child']) retrieved from /home/airflow/.local/lib/python3.7/site-packages/airflow/example_dags/example_external_task_marker_dag.py
[2022-10-04T23:46:51.372+0000] {logging_mixin.py:117} INFO - [2022-10-04T23:46:51.372+0000] {dag.py:2573} INFO - Sync 2 DAGs
[2022-10-04T23:46:51.464+0000] {logging_mixin.py:117} INFO - [2022-10-04T23:46:51.464+0000] {dag.py:3328} INFO - Setting next_dagrun for example_external_task_marker_child to None, run_after=None
[2022-10-04T23:46:51.475+0000] {logging_mixin.py:117} INFO - [2022-10-04T23:46:51.474+0000] {dag.py:3328} INFO - Setting next_dagrun for example_external_task_marker_parent to None, run_after=None
[2022-10-04T23:46:51.662+0000] {processor.py:178} INFO - Processing /home/airflow/.local/lib/python3.7/site-packages/airflow/example_dags/example_external_task_marker_dag.py took 1.526 seconds
[2022-10-04T23:49:03.303+0000] {processor.py:156} INFO - Started process (PID=88) to work on /home/airflow/.local/lib/python3.7/site-packages/airflow/example_dags/example_external_task_marker_dag.py
[2022-10-04T23:49:03.306+0000] {processor.py:758} INFO - Processing file /home/airflow/.local/lib/python3.7/site-packages/airflow/example_dags/example_external_task_marker_dag.py for tasks to queue
[2022-10-04T23:49:03.314+0000] {logging_mixin.py:117} INFO - [2022-10-04T23:49:03.314+0000] {dagbag.py:525} INFO - Filling up the DagBag from /home/airflow/.local/lib/python3.7/site-packages/airflow/example_dags/example_external_task_marker_dag.py
[2022-10-04T23:49:03.453+0000] {processor.py:768} INFO - DAG(s) dict_keys(['example_external_task_marker_parent', 'example_external_task_marker_child']) retrieved from /home/airflow/.local/lib/python3.7/site-packages/airflow/example_dags/example_external_task_marker_dag.py
[2022-10-04T23:49:04.881+0000] {logging_mixin.py:117} INFO - [2022-10-04T23:49:04.880+0000] {dag.py:2573} INFO - Sync 2 DAGs
[2022-10-04T23:49:04.924+0000] {logging_mixin.py:117} INFO - [2022-10-04T23:49:04.924+0000] {dag.py:3328} INFO - Setting next_dagrun for example_external_task_marker_child to None, run_after=None
[2022-10-04T23:49:04.929+0000] {logging_mixin.py:117} INFO - [2022-10-04T23:49:04.929+0000] {dag.py:3328} INFO - Setting next_dagrun for example_external_task_marker_parent to None, run_after=None
[2022-10-04T23:49:05.495+0000] {processor.py:178} INFO - Processing /home/airflow/.local/lib/python3.7/site-packages/airflow/example_dags/example_external_task_marker_dag.py took 2.226 seconds
[2022-10-04T23:50:47.266+0000] {processor.py:156} INFO - Started process (PID=78) to work on /home/airflow/.local/lib/python3.7/site-packages/airflow/example_dags/example_external_task_marker_dag.py
[2022-10-04T23:50:47.275+0000] {processor.py:758} INFO - Processing file /home/airflow/.local/lib/python3.7/site-packages/airflow/example_dags/example_external_task_marker_dag.py for tasks to queue
[2022-10-04T23:50:47.277+0000] {logging_mixin.py:117} INFO - [2022-10-04T23:50:47.276+0000] {dagbag.py:525} INFO - Filling up the DagBag from /home/airflow/.local/lib/python3.7/site-packages/airflow/example_dags/example_external_task_marker_dag.py
[2022-10-04T23:50:47.409+0000] {processor.py:768} INFO - DAG(s) dict_keys(['example_external_task_marker_child', 'example_external_task_marker_parent']) retrieved from /home/airflow/.local/lib/python3.7/site-packages/airflow/example_dags/example_external_task_marker_dag.py
[2022-10-04T23:50:49.557+0000] {logging_mixin.py:117} INFO - [2022-10-04T23:50:49.557+0000] {dag.py:2573} INFO - Sync 2 DAGs
[2022-10-04T23:50:49.663+0000] {logging_mixin.py:117} INFO - [2022-10-04T23:50:49.663+0000] {dag.py:3328} INFO - Setting next_dagrun for example_external_task_marker_child to None, run_after=None
[2022-10-04T23:50:49.681+0000] {logging_mixin.py:117} INFO - [2022-10-04T23:50:49.681+0000] {dag.py:3328} INFO - Setting next_dagrun for example_external_task_marker_parent to None, run_after=None
[2022-10-04T23:51:00.971+0000] {processor.py:178} INFO - Processing /home/airflow/.local/lib/python3.7/site-packages/airflow/example_dags/example_external_task_marker_dag.py took 13.741 seconds
[2022-10-04T23:52:59.435+0000] {processor.py:156} INFO - Started process (PID=81) to work on /home/airflow/.local/lib/python3.7/site-packages/airflow/example_dags/example_external_task_marker_dag.py
[2022-10-04T23:52:59.439+0000] {processor.py:758} INFO - Processing file /home/airflow/.local/lib/python3.7/site-packages/airflow/example_dags/example_external_task_marker_dag.py for tasks to queue
[2022-10-04T23:52:59.443+0000] {logging_mixin.py:117} INFO - [2022-10-04T23:52:59.443+0000] {dagbag.py:525} INFO - Filling up the DagBag from /home/airflow/.local/lib/python3.7/site-packages/airflow/example_dags/example_external_task_marker_dag.py
[2022-10-04T23:52:59.513+0000] {processor.py:768} INFO - DAG(s) dict_keys(['example_external_task_marker_child', 'example_external_task_marker_parent']) retrieved from /home/airflow/.local/lib/python3.7/site-packages/airflow/example_dags/example_external_task_marker_dag.py
[2022-10-04T23:53:00.735+0000] {logging_mixin.py:117} INFO - [2022-10-04T23:53:00.735+0000] {dag.py:2573} INFO - Sync 2 DAGs
[2022-10-04T23:53:00.823+0000] {logging_mixin.py:117} INFO - [2022-10-04T23:53:00.823+0000] {dag.py:3328} INFO - Setting next_dagrun for example_external_task_marker_child to None, run_after=None
[2022-10-04T23:53:00.836+0000] {logging_mixin.py:117} INFO - [2022-10-04T23:53:00.836+0000] {dag.py:3328} INFO - Setting next_dagrun for example_external_task_marker_parent to None, run_after=None
[2022-10-04T23:53:01.011+0000] {processor.py:178} INFO - Processing /home/airflow/.local/lib/python3.7/site-packages/airflow/example_dags/example_external_task_marker_dag.py took 1.590 seconds
[2022-10-04T23:55:00.121+0000] {processor.py:156} INFO - Started process (PID=79) to work on /home/airflow/.local/lib/python3.7/site-packages/airflow/example_dags/example_external_task_marker_dag.py
[2022-10-04T23:55:00.127+0000] {processor.py:758} INFO - Processing file /home/airflow/.local/lib/python3.7/site-packages/airflow/example_dags/example_external_task_marker_dag.py for tasks to queue
[2022-10-04T23:55:00.136+0000] {logging_mixin.py:117} INFO - [2022-10-04T23:55:00.135+0000] {dagbag.py:525} INFO - Filling up the DagBag from /home/airflow/.local/lib/python3.7/site-packages/airflow/example_dags/example_external_task_marker_dag.py
[2022-10-04T23:55:00.266+0000] {processor.py:768} INFO - DAG(s) dict_keys(['example_external_task_marker_child', 'example_external_task_marker_parent']) retrieved from /home/airflow/.local/lib/python3.7/site-packages/airflow/example_dags/example_external_task_marker_dag.py
[2022-10-04T23:55:02.485+0000] {logging_mixin.py:117} INFO - [2022-10-04T23:55:02.485+0000] {dag.py:2573} INFO - Sync 2 DAGs
[2022-10-04T23:55:02.622+0000] {logging_mixin.py:117} INFO - [2022-10-04T23:55:02.622+0000] {dag.py:3328} INFO - Setting next_dagrun for example_external_task_marker_child to None, run_after=None
[2022-10-04T23:55:02.638+0000] {logging_mixin.py:117} INFO - [2022-10-04T23:55:02.638+0000] {dag.py:3328} INFO - Setting next_dagrun for example_external_task_marker_parent to None, run_after=None
[2022-10-04T23:55:06.350+0000] {processor.py:178} INFO - Processing /home/airflow/.local/lib/python3.7/site-packages/airflow/example_dags/example_external_task_marker_dag.py took 6.249 seconds
[2022-10-04T23:57:11.235+0000] {processor.py:156} INFO - Started process (PID=90) to work on /home/airflow/.local/lib/python3.7/site-packages/airflow/example_dags/example_external_task_marker_dag.py
[2022-10-04T23:57:11.236+0000] {processor.py:758} INFO - Processing file /home/airflow/.local/lib/python3.7/site-packages/airflow/example_dags/example_external_task_marker_dag.py for tasks to queue
[2022-10-04T23:57:11.240+0000] {logging_mixin.py:117} INFO - [2022-10-04T23:57:11.240+0000] {dagbag.py:525} INFO - Filling up the DagBag from /home/airflow/.local/lib/python3.7/site-packages/airflow/example_dags/example_external_task_marker_dag.py
[2022-10-04T23:57:11.358+0000] {processor.py:768} INFO - DAG(s) dict_keys(['example_external_task_marker_parent', 'example_external_task_marker_child']) retrieved from /home/airflow/.local/lib/python3.7/site-packages/airflow/example_dags/example_external_task_marker_dag.py
[2022-10-04T23:57:13.509+0000] {logging_mixin.py:117} INFO - [2022-10-04T23:57:13.509+0000] {dag.py:2573} INFO - Sync 2 DAGs
[2022-10-04T23:57:13.659+0000] {logging_mixin.py:117} INFO - [2022-10-04T23:57:13.659+0000] {dag.py:3328} INFO - Setting next_dagrun for example_external_task_marker_child to None, run_after=None
[2022-10-04T23:57:13.692+0000] {logging_mixin.py:117} INFO - [2022-10-04T23:57:13.691+0000] {dag.py:3328} INFO - Setting next_dagrun for example_external_task_marker_parent to None, run_after=None
[2022-10-04T23:57:13.904+0000] {processor.py:178} INFO - Processing /home/airflow/.local/lib/python3.7/site-packages/airflow/example_dags/example_external_task_marker_dag.py took 2.693 seconds
[2022-10-04T23:59:06.192+0000] {processor.py:156} INFO - Started process (PID=90) to work on /home/airflow/.local/lib/python3.7/site-packages/airflow/example_dags/example_external_task_marker_dag.py
[2022-10-04T23:59:06.206+0000] {processor.py:758} INFO - Processing file /home/airflow/.local/lib/python3.7/site-packages/airflow/example_dags/example_external_task_marker_dag.py for tasks to queue
[2022-10-04T23:59:06.207+0000] {logging_mixin.py:117} INFO - [2022-10-04T23:59:06.206+0000] {dagbag.py:525} INFO - Filling up the DagBag from /home/airflow/.local/lib/python3.7/site-packages/airflow/example_dags/example_external_task_marker_dag.py
[2022-10-04T23:59:06.349+0000] {processor.py:768} INFO - DAG(s) dict_keys(['example_external_task_marker_parent', 'example_external_task_marker_child']) retrieved from /home/airflow/.local/lib/python3.7/site-packages/airflow/example_dags/example_external_task_marker_dag.py
[2022-10-04T23:59:08.443+0000] {logging_mixin.py:117} INFO - [2022-10-04T23:59:08.441+0000] {dag.py:2573} INFO - Sync 2 DAGs
[2022-10-04T23:59:08.735+0000] {logging_mixin.py:117} INFO - [2022-10-04T23:59:08.734+0000] {dag.py:3328} INFO - Setting next_dagrun for example_external_task_marker_child to None, run_after=None
[2022-10-04T23:59:08.770+0000] {logging_mixin.py:117} INFO - [2022-10-04T23:59:08.770+0000] {dag.py:3328} INFO - Setting next_dagrun for example_external_task_marker_parent to None, run_after=None
[2022-10-04T23:59:15.278+0000] {processor.py:178} INFO - Processing /home/airflow/.local/lib/python3.7/site-packages/airflow/example_dags/example_external_task_marker_dag.py took 9.099 seconds
