[2022-10-04T23:34:00.656+0000] {processor.py:156} INFO - Started process (PID=68) to work on /home/airflow/.local/lib/python3.7/site-packages/airflow/example_dags/example_time_delta_sensor_async.py
[2022-10-04T23:34:00.663+0000] {processor.py:758} INFO - Processing file /home/airflow/.local/lib/python3.7/site-packages/airflow/example_dags/example_time_delta_sensor_async.py for tasks to queue
[2022-10-04T23:34:00.667+0000] {logging_mixin.py:117} INFO - [2022-10-04T23:34:00.667+0000] {dagbag.py:525} INFO - Filling up the DagBag from /home/airflow/.local/lib/python3.7/site-packages/airflow/example_dags/example_time_delta_sensor_async.py
[2022-10-04T23:34:00.763+0000] {processor.py:768} INFO - DAG(s) dict_keys(['example_time_delta_sensor_async']) retrieved from /home/airflow/.local/lib/python3.7/site-packages/airflow/example_dags/example_time_delta_sensor_async.py
[2022-10-04T23:34:02.656+0000] {logging_mixin.py:117} INFO - [2022-10-04T23:34:02.656+0000] {dag.py:2573} INFO - Sync 1 DAGs
[2022-10-04T23:34:02.692+0000] {logging_mixin.py:117} INFO - [2022-10-04T23:34:02.692+0000] {dag.py:3328} INFO - Setting next_dagrun for example_time_delta_sensor_async to None, run_after=None
[2022-10-04T23:34:02.970+0000] {processor.py:178} INFO - Processing /home/airflow/.local/lib/python3.7/site-packages/airflow/example_dags/example_time_delta_sensor_async.py took 2.348 seconds
[2022-10-04T23:36:18.263+0000] {processor.py:156} INFO - Started process (PID=70) to work on /home/airflow/.local/lib/python3.7/site-packages/airflow/example_dags/example_time_delta_sensor_async.py
[2022-10-04T23:36:18.272+0000] {processor.py:758} INFO - Processing file /home/airflow/.local/lib/python3.7/site-packages/airflow/example_dags/example_time_delta_sensor_async.py for tasks to queue
[2022-10-04T23:36:18.273+0000] {logging_mixin.py:117} INFO - [2022-10-04T23:36:18.273+0000] {dagbag.py:525} INFO - Filling up the DagBag from /home/airflow/.local/lib/python3.7/site-packages/airflow/example_dags/example_time_delta_sensor_async.py
[2022-10-04T23:36:18.357+0000] {processor.py:768} INFO - DAG(s) dict_keys(['example_time_delta_sensor_async']) retrieved from /home/airflow/.local/lib/python3.7/site-packages/airflow/example_dags/example_time_delta_sensor_async.py
[2022-10-04T23:36:19.328+0000] {logging_mixin.py:117} INFO - [2022-10-04T23:36:19.328+0000] {dag.py:2573} INFO - Sync 1 DAGs
[2022-10-04T23:36:19.385+0000] {logging_mixin.py:117} INFO - [2022-10-04T23:36:19.385+0000] {dag.py:3328} INFO - Setting next_dagrun for example_time_delta_sensor_async to None, run_after=None
[2022-10-04T23:36:19.559+0000] {processor.py:178} INFO - Processing /home/airflow/.local/lib/python3.7/site-packages/airflow/example_dags/example_time_delta_sensor_async.py took 1.308 seconds
[2022-10-04T23:38:32.484+0000] {processor.py:156} INFO - Started process (PID=68) to work on /home/airflow/.local/lib/python3.7/site-packages/airflow/example_dags/example_time_delta_sensor_async.py
[2022-10-04T23:38:32.490+0000] {processor.py:758} INFO - Processing file /home/airflow/.local/lib/python3.7/site-packages/airflow/example_dags/example_time_delta_sensor_async.py for tasks to queue
[2022-10-04T23:38:32.492+0000] {logging_mixin.py:117} INFO - [2022-10-04T23:38:32.492+0000] {dagbag.py:525} INFO - Filling up the DagBag from /home/airflow/.local/lib/python3.7/site-packages/airflow/example_dags/example_time_delta_sensor_async.py
[2022-10-04T23:38:32.541+0000] {processor.py:768} INFO - DAG(s) dict_keys(['example_time_delta_sensor_async']) retrieved from /home/airflow/.local/lib/python3.7/site-packages/airflow/example_dags/example_time_delta_sensor_async.py
[2022-10-04T23:38:34.681+0000] {logging_mixin.py:117} INFO - [2022-10-04T23:38:34.681+0000] {dag.py:2573} INFO - Sync 1 DAGs
[2022-10-04T23:38:34.723+0000] {logging_mixin.py:117} INFO - [2022-10-04T23:38:34.723+0000] {dag.py:3328} INFO - Setting next_dagrun for example_time_delta_sensor_async to None, run_after=None
[2022-10-04T23:38:40.991+0000] {processor.py:178} INFO - Processing /home/airflow/.local/lib/python3.7/site-packages/airflow/example_dags/example_time_delta_sensor_async.py took 8.514 seconds
[2022-10-04T23:40:32.519+0000] {processor.py:156} INFO - Started process (PID=57) to work on /home/airflow/.local/lib/python3.7/site-packages/airflow/example_dags/example_time_delta_sensor_async.py
[2022-10-04T23:40:32.534+0000] {processor.py:758} INFO - Processing file /home/airflow/.local/lib/python3.7/site-packages/airflow/example_dags/example_time_delta_sensor_async.py for tasks to queue
[2022-10-04T23:40:32.542+0000] {logging_mixin.py:117} INFO - [2022-10-04T23:40:32.542+0000] {dagbag.py:525} INFO - Filling up the DagBag from /home/airflow/.local/lib/python3.7/site-packages/airflow/example_dags/example_time_delta_sensor_async.py
[2022-10-04T23:40:32.614+0000] {processor.py:768} INFO - DAG(s) dict_keys(['example_time_delta_sensor_async']) retrieved from /home/airflow/.local/lib/python3.7/site-packages/airflow/example_dags/example_time_delta_sensor_async.py
[2022-10-04T23:40:35.097+0000] {logging_mixin.py:117} INFO - [2022-10-04T23:40:35.097+0000] {dag.py:2573} INFO - Sync 1 DAGs
[2022-10-04T23:40:35.183+0000] {logging_mixin.py:117} INFO - [2022-10-04T23:40:35.183+0000] {dag.py:3328} INFO - Setting next_dagrun for example_time_delta_sensor_async to None, run_after=None
[2022-10-04T23:40:35.471+0000] {processor.py:178} INFO - Processing /home/airflow/.local/lib/python3.7/site-packages/airflow/example_dags/example_time_delta_sensor_async.py took 2.963 seconds
[2022-10-04T23:42:14.943+0000] {processor.py:156} INFO - Started process (PID=68) to work on /home/airflow/.local/lib/python3.7/site-packages/airflow/example_dags/example_time_delta_sensor_async.py
[2022-10-04T23:42:14.950+0000] {processor.py:758} INFO - Processing file /home/airflow/.local/lib/python3.7/site-packages/airflow/example_dags/example_time_delta_sensor_async.py for tasks to queue
[2022-10-04T23:42:14.952+0000] {logging_mixin.py:117} INFO - [2022-10-04T23:42:14.952+0000] {dagbag.py:525} INFO - Filling up the DagBag from /home/airflow/.local/lib/python3.7/site-packages/airflow/example_dags/example_time_delta_sensor_async.py
[2022-10-04T23:42:15.099+0000] {processor.py:768} INFO - DAG(s) dict_keys(['example_time_delta_sensor_async']) retrieved from /home/airflow/.local/lib/python3.7/site-packages/airflow/example_dags/example_time_delta_sensor_async.py
[2022-10-04T23:42:32.345+0000] {logging_mixin.py:117} INFO - [2022-10-04T23:42:32.345+0000] {dag.py:2573} INFO - Sync 1 DAGs
[2022-10-04T23:42:32.667+0000] {logging_mixin.py:117} INFO - [2022-10-04T23:42:32.667+0000] {dag.py:3328} INFO - Setting next_dagrun for example_time_delta_sensor_async to None, run_after=None
[2022-10-04T23:42:40.347+0000] {processor.py:178} INFO - Processing /home/airflow/.local/lib/python3.7/site-packages/airflow/example_dags/example_time_delta_sensor_async.py took 25.276 seconds
[2022-10-04T23:44:49.586+0000] {processor.py:156} INFO - Started process (PID=69) to work on /home/airflow/.local/lib/python3.7/site-packages/airflow/example_dags/example_time_delta_sensor_async.py
[2022-10-04T23:44:49.587+0000] {processor.py:758} INFO - Processing file /home/airflow/.local/lib/python3.7/site-packages/airflow/example_dags/example_time_delta_sensor_async.py for tasks to queue
[2022-10-04T23:44:49.588+0000] {logging_mixin.py:117} INFO - [2022-10-04T23:44:49.588+0000] {dagbag.py:525} INFO - Filling up the DagBag from /home/airflow/.local/lib/python3.7/site-packages/airflow/example_dags/example_time_delta_sensor_async.py
[2022-10-04T23:44:49.618+0000] {processor.py:768} INFO - DAG(s) dict_keys(['example_time_delta_sensor_async']) retrieved from /home/airflow/.local/lib/python3.7/site-packages/airflow/example_dags/example_time_delta_sensor_async.py
[2022-10-04T23:44:50.093+0000] {logging_mixin.py:117} INFO - [2022-10-04T23:44:50.093+0000] {dag.py:2573} INFO - Sync 1 DAGs
[2022-10-04T23:44:50.123+0000] {logging_mixin.py:117} INFO - [2022-10-04T23:44:50.123+0000] {dag.py:3328} INFO - Setting next_dagrun for example_time_delta_sensor_async to None, run_after=None
[2022-10-04T23:44:50.192+0000] {processor.py:178} INFO - Processing /home/airflow/.local/lib/python3.7/site-packages/airflow/example_dags/example_time_delta_sensor_async.py took 0.610 seconds
[2022-10-04T23:46:34.776+0000] {processor.py:156} INFO - Started process (PID=58) to work on /home/airflow/.local/lib/python3.7/site-packages/airflow/example_dags/example_time_delta_sensor_async.py
[2022-10-04T23:46:34.786+0000] {processor.py:758} INFO - Processing file /home/airflow/.local/lib/python3.7/site-packages/airflow/example_dags/example_time_delta_sensor_async.py for tasks to queue
[2022-10-04T23:46:34.790+0000] {logging_mixin.py:117} INFO - [2022-10-04T23:46:34.789+0000] {dagbag.py:525} INFO - Filling up the DagBag from /home/airflow/.local/lib/python3.7/site-packages/airflow/example_dags/example_time_delta_sensor_async.py
[2022-10-04T23:46:34.939+0000] {processor.py:768} INFO - DAG(s) dict_keys(['example_time_delta_sensor_async']) retrieved from /home/airflow/.local/lib/python3.7/site-packages/airflow/example_dags/example_time_delta_sensor_async.py
[2022-10-04T23:46:37.368+0000] {logging_mixin.py:117} INFO - [2022-10-04T23:46:37.367+0000] {dag.py:2573} INFO - Sync 1 DAGs
[2022-10-04T23:46:37.459+0000] {logging_mixin.py:117} INFO - [2022-10-04T23:46:37.459+0000] {dag.py:3328} INFO - Setting next_dagrun for example_time_delta_sensor_async to None, run_after=None
[2022-10-04T23:46:42.205+0000] {processor.py:178} INFO - Processing /home/airflow/.local/lib/python3.7/site-packages/airflow/example_dags/example_time_delta_sensor_async.py took 7.455 seconds
[2022-10-04T23:48:47.992+0000] {processor.py:156} INFO - Started process (PID=66) to work on /home/airflow/.local/lib/python3.7/site-packages/airflow/example_dags/example_time_delta_sensor_async.py
[2022-10-04T23:48:47.995+0000] {processor.py:758} INFO - Processing file /home/airflow/.local/lib/python3.7/site-packages/airflow/example_dags/example_time_delta_sensor_async.py for tasks to queue
[2022-10-04T23:48:47.997+0000] {logging_mixin.py:117} INFO - [2022-10-04T23:48:47.997+0000] {dagbag.py:525} INFO - Filling up the DagBag from /home/airflow/.local/lib/python3.7/site-packages/airflow/example_dags/example_time_delta_sensor_async.py
[2022-10-04T23:48:48.079+0000] {processor.py:768} INFO - DAG(s) dict_keys(['example_time_delta_sensor_async']) retrieved from /home/airflow/.local/lib/python3.7/site-packages/airflow/example_dags/example_time_delta_sensor_async.py
[2022-10-04T23:48:50.105+0000] {logging_mixin.py:117} INFO - [2022-10-04T23:48:50.105+0000] {dag.py:2573} INFO - Sync 1 DAGs
[2022-10-04T23:48:50.250+0000] {logging_mixin.py:117} INFO - [2022-10-04T23:48:50.248+0000] {dag.py:3328} INFO - Setting next_dagrun for example_time_delta_sensor_async to None, run_after=None
[2022-10-04T23:48:50.461+0000] {processor.py:178} INFO - Processing /home/airflow/.local/lib/python3.7/site-packages/airflow/example_dags/example_time_delta_sensor_async.py took 2.476 seconds
[2022-10-04T23:50:35.135+0000] {processor.py:156} INFO - Started process (PID=57) to work on /home/airflow/.local/lib/python3.7/site-packages/airflow/example_dags/example_time_delta_sensor_async.py
[2022-10-04T23:50:35.145+0000] {processor.py:758} INFO - Processing file /home/airflow/.local/lib/python3.7/site-packages/airflow/example_dags/example_time_delta_sensor_async.py for tasks to queue
[2022-10-04T23:50:35.149+0000] {logging_mixin.py:117} INFO - [2022-10-04T23:50:35.148+0000] {dagbag.py:525} INFO - Filling up the DagBag from /home/airflow/.local/lib/python3.7/site-packages/airflow/example_dags/example_time_delta_sensor_async.py
[2022-10-04T23:50:35.259+0000] {processor.py:768} INFO - DAG(s) dict_keys(['example_time_delta_sensor_async']) retrieved from /home/airflow/.local/lib/python3.7/site-packages/airflow/example_dags/example_time_delta_sensor_async.py
[2022-10-04T23:50:37.358+0000] {logging_mixin.py:117} INFO - [2022-10-04T23:50:37.357+0000] {dag.py:2573} INFO - Sync 1 DAGs
[2022-10-04T23:50:37.464+0000] {logging_mixin.py:117} INFO - [2022-10-04T23:50:37.464+0000] {dag.py:3328} INFO - Setting next_dagrun for example_time_delta_sensor_async to None, run_after=None
[2022-10-04T23:50:37.717+0000] {processor.py:178} INFO - Processing /home/airflow/.local/lib/python3.7/site-packages/airflow/example_dags/example_time_delta_sensor_async.py took 2.601 seconds
[2022-10-04T23:52:46.051+0000] {processor.py:156} INFO - Started process (PID=60) to work on /home/airflow/.local/lib/python3.7/site-packages/airflow/example_dags/example_time_delta_sensor_async.py
[2022-10-04T23:52:46.059+0000] {processor.py:758} INFO - Processing file /home/airflow/.local/lib/python3.7/site-packages/airflow/example_dags/example_time_delta_sensor_async.py for tasks to queue
[2022-10-04T23:52:46.070+0000] {logging_mixin.py:117} INFO - [2022-10-04T23:52:46.067+0000] {dagbag.py:525} INFO - Filling up the DagBag from /home/airflow/.local/lib/python3.7/site-packages/airflow/example_dags/example_time_delta_sensor_async.py
[2022-10-04T23:52:46.245+0000] {processor.py:768} INFO - DAG(s) dict_keys(['example_time_delta_sensor_async']) retrieved from /home/airflow/.local/lib/python3.7/site-packages/airflow/example_dags/example_time_delta_sensor_async.py
[2022-10-04T23:52:50.668+0000] {logging_mixin.py:117} INFO - [2022-10-04T23:52:50.668+0000] {dag.py:2573} INFO - Sync 1 DAGs
[2022-10-04T23:52:50.881+0000] {logging_mixin.py:117} INFO - [2022-10-04T23:52:50.881+0000] {dag.py:3328} INFO - Setting next_dagrun for example_time_delta_sensor_async to None, run_after=None
[2022-10-04T23:52:53.237+0000] {processor.py:178} INFO - Processing /home/airflow/.local/lib/python3.7/site-packages/airflow/example_dags/example_time_delta_sensor_async.py took 7.235 seconds
[2022-10-04T23:54:51.147+0000] {processor.py:156} INFO - Started process (PID=58) to work on /home/airflow/.local/lib/python3.7/site-packages/airflow/example_dags/example_time_delta_sensor_async.py
[2022-10-04T23:54:51.149+0000] {processor.py:758} INFO - Processing file /home/airflow/.local/lib/python3.7/site-packages/airflow/example_dags/example_time_delta_sensor_async.py for tasks to queue
[2022-10-04T23:54:51.152+0000] {logging_mixin.py:117} INFO - [2022-10-04T23:54:51.152+0000] {dagbag.py:525} INFO - Filling up the DagBag from /home/airflow/.local/lib/python3.7/site-packages/airflow/example_dags/example_time_delta_sensor_async.py
[2022-10-04T23:54:51.213+0000] {processor.py:768} INFO - DAG(s) dict_keys(['example_time_delta_sensor_async']) retrieved from /home/airflow/.local/lib/python3.7/site-packages/airflow/example_dags/example_time_delta_sensor_async.py
[2022-10-04T23:54:52.061+0000] {logging_mixin.py:117} INFO - [2022-10-04T23:54:52.061+0000] {dag.py:2573} INFO - Sync 1 DAGs
[2022-10-04T23:54:52.108+0000] {logging_mixin.py:117} INFO - [2022-10-04T23:54:52.108+0000] {dag.py:3328} INFO - Setting next_dagrun for example_time_delta_sensor_async to None, run_after=None
[2022-10-04T23:54:52.297+0000] {processor.py:178} INFO - Processing /home/airflow/.local/lib/python3.7/site-packages/airflow/example_dags/example_time_delta_sensor_async.py took 1.171 seconds
[2022-10-04T23:56:55.917+0000] {processor.py:156} INFO - Started process (PID=69) to work on /home/airflow/.local/lib/python3.7/site-packages/airflow/example_dags/example_time_delta_sensor_async.py
[2022-10-04T23:56:55.927+0000] {processor.py:758} INFO - Processing file /home/airflow/.local/lib/python3.7/site-packages/airflow/example_dags/example_time_delta_sensor_async.py for tasks to queue
[2022-10-04T23:56:55.928+0000] {logging_mixin.py:117} INFO - [2022-10-04T23:56:55.928+0000] {dagbag.py:525} INFO - Filling up the DagBag from /home/airflow/.local/lib/python3.7/site-packages/airflow/example_dags/example_time_delta_sensor_async.py
[2022-10-04T23:56:56.068+0000] {processor.py:768} INFO - DAG(s) dict_keys(['example_time_delta_sensor_async']) retrieved from /home/airflow/.local/lib/python3.7/site-packages/airflow/example_dags/example_time_delta_sensor_async.py
[2022-10-04T23:57:02.166+0000] {logging_mixin.py:117} INFO - [2022-10-04T23:57:02.163+0000] {dag.py:2573} INFO - Sync 1 DAGs
[2022-10-04T23:57:02.360+0000] {logging_mixin.py:117} INFO - [2022-10-04T23:57:02.360+0000] {dag.py:3328} INFO - Setting next_dagrun for example_time_delta_sensor_async to None, run_after=None
[2022-10-04T23:57:03.981+0000] {processor.py:178} INFO - Processing /home/airflow/.local/lib/python3.7/site-packages/airflow/example_dags/example_time_delta_sensor_async.py took 8.074 seconds
[2022-10-04T23:58:54.913+0000] {processor.py:156} INFO - Started process (PID=69) to work on /home/airflow/.local/lib/python3.7/site-packages/airflow/example_dags/example_time_delta_sensor_async.py
[2022-10-04T23:58:54.919+0000] {processor.py:758} INFO - Processing file /home/airflow/.local/lib/python3.7/site-packages/airflow/example_dags/example_time_delta_sensor_async.py for tasks to queue
[2022-10-04T23:58:54.921+0000] {logging_mixin.py:117} INFO - [2022-10-04T23:58:54.921+0000] {dagbag.py:525} INFO - Filling up the DagBag from /home/airflow/.local/lib/python3.7/site-packages/airflow/example_dags/example_time_delta_sensor_async.py
[2022-10-04T23:58:54.977+0000] {processor.py:768} INFO - DAG(s) dict_keys(['example_time_delta_sensor_async']) retrieved from /home/airflow/.local/lib/python3.7/site-packages/airflow/example_dags/example_time_delta_sensor_async.py
[2022-10-04T23:58:57.312+0000] {logging_mixin.py:117} INFO - [2022-10-04T23:58:57.312+0000] {dag.py:2573} INFO - Sync 1 DAGs
[2022-10-04T23:58:57.405+0000] {logging_mixin.py:117} INFO - [2022-10-04T23:58:57.405+0000] {dag.py:3328} INFO - Setting next_dagrun for example_time_delta_sensor_async to None, run_after=None
[2022-10-04T23:58:57.586+0000] {processor.py:178} INFO - Processing /home/airflow/.local/lib/python3.7/site-packages/airflow/example_dags/example_time_delta_sensor_async.py took 2.682 seconds
