[2022-10-04T23:34:05.019+0000] {processor.py:156} INFO - Started process (PID=82) to work on /home/airflow/.local/lib/python3.7/site-packages/airflow/example_dags/example_task_group_decorator.py
[2022-10-04T23:34:05.026+0000] {processor.py:758} INFO - Processing file /home/airflow/.local/lib/python3.7/site-packages/airflow/example_dags/example_task_group_decorator.py for tasks to queue
[2022-10-04T23:34:05.033+0000] {logging_mixin.py:117} INFO - [2022-10-04T23:34:05.031+0000] {dagbag.py:525} INFO - Filling up the DagBag from /home/airflow/.local/lib/python3.7/site-packages/airflow/example_dags/example_task_group_decorator.py
[2022-10-04T23:34:05.145+0000] {processor.py:768} INFO - DAG(s) dict_keys(['example_task_group_decorator']) retrieved from /home/airflow/.local/lib/python3.7/site-packages/airflow/example_dags/example_task_group_decorator.py
[2022-10-04T23:34:05.202+0000] {logging_mixin.py:117} INFO - [2022-10-04T23:34:05.201+0000] {dag.py:2573} INFO - Sync 1 DAGs
[2022-10-04T23:34:05.236+0000] {logging_mixin.py:117} INFO - [2022-10-04T23:34:05.236+0000] {dag.py:3328} INFO - Setting next_dagrun for example_task_group_decorator to 2022-10-03T23:34:05.235944+00:00, run_after=2022-10-04T23:34:05.235944+00:00
[2022-10-04T23:34:05.472+0000] {processor.py:178} INFO - Processing /home/airflow/.local/lib/python3.7/site-packages/airflow/example_dags/example_task_group_decorator.py took 0.460 seconds
[2022-10-04T23:36:27.403+0000] {processor.py:156} INFO - Started process (PID=90) to work on /home/airflow/.local/lib/python3.7/site-packages/airflow/example_dags/example_task_group_decorator.py
[2022-10-04T23:36:27.407+0000] {processor.py:758} INFO - Processing file /home/airflow/.local/lib/python3.7/site-packages/airflow/example_dags/example_task_group_decorator.py for tasks to queue
[2022-10-04T23:36:27.415+0000] {logging_mixin.py:117} INFO - [2022-10-04T23:36:27.415+0000] {dagbag.py:525} INFO - Filling up the DagBag from /home/airflow/.local/lib/python3.7/site-packages/airflow/example_dags/example_task_group_decorator.py
[2022-10-04T23:36:28.532+0000] {processor.py:768} INFO - DAG(s) dict_keys(['example_task_group_decorator']) retrieved from /home/airflow/.local/lib/python3.7/site-packages/airflow/example_dags/example_task_group_decorator.py
[2022-10-04T23:36:28.744+0000] {logging_mixin.py:117} INFO - [2022-10-04T23:36:28.744+0000] {dag.py:2573} INFO - Sync 1 DAGs
[2022-10-04T23:36:28.859+0000] {logging_mixin.py:117} INFO - [2022-10-04T23:36:28.858+0000] {dag.py:3328} INFO - Setting next_dagrun for example_task_group_decorator to 2022-10-03T23:36:28.858493+00:00, run_after=2022-10-04T23:36:28.858493+00:00
[2022-10-04T23:36:31.254+0000] {processor.py:178} INFO - Processing /home/airflow/.local/lib/python3.7/site-packages/airflow/example_dags/example_task_group_decorator.py took 3.880 seconds
[2022-10-04T23:40:56.148+0000] {processor.py:156} INFO - Started process (PID=81) to work on /home/airflow/.local/lib/python3.7/site-packages/airflow/example_dags/example_task_group_decorator.py
[2022-10-04T23:40:56.154+0000] {processor.py:758} INFO - Processing file /home/airflow/.local/lib/python3.7/site-packages/airflow/example_dags/example_task_group_decorator.py for tasks to queue
[2022-10-04T23:40:56.157+0000] {logging_mixin.py:117} INFO - [2022-10-04T23:40:56.157+0000] {dagbag.py:525} INFO - Filling up the DagBag from /home/airflow/.local/lib/python3.7/site-packages/airflow/example_dags/example_task_group_decorator.py
[2022-10-04T23:40:56.586+0000] {processor.py:768} INFO - DAG(s) dict_keys(['example_task_group_decorator']) retrieved from /home/airflow/.local/lib/python3.7/site-packages/airflow/example_dags/example_task_group_decorator.py
[2022-10-04T23:42:56.850+0000] {processor.py:156} INFO - Started process (PID=101) to work on /home/airflow/.local/lib/python3.7/site-packages/airflow/example_dags/example_task_group_decorator.py
[2022-10-04T23:42:56.858+0000] {processor.py:758} INFO - Processing file /home/airflow/.local/lib/python3.7/site-packages/airflow/example_dags/example_task_group_decorator.py for tasks to queue
[2022-10-04T23:42:56.862+0000] {logging_mixin.py:117} INFO - [2022-10-04T23:42:56.861+0000] {dagbag.py:525} INFO - Filling up the DagBag from /home/airflow/.local/lib/python3.7/site-packages/airflow/example_dags/example_task_group_decorator.py
[2022-10-04T23:42:57.327+0000] {processor.py:768} INFO - DAG(s) dict_keys(['example_task_group_decorator']) retrieved from /home/airflow/.local/lib/python3.7/site-packages/airflow/example_dags/example_task_group_decorator.py
[2022-10-04T23:42:57.382+0000] {logging_mixin.py:117} INFO - [2022-10-04T23:42:57.382+0000] {dag.py:2573} INFO - Sync 1 DAGs
[2022-10-04T23:42:57.413+0000] {logging_mixin.py:117} INFO - [2022-10-04T23:42:57.412+0000] {dag.py:3328} INFO - Setting next_dagrun for example_task_group_decorator to 2022-10-03T23:42:57.412748+00:00, run_after=2022-10-04T23:42:57.412748+00:00
[2022-10-04T23:42:57.545+0000] {processor.py:178} INFO - Processing /home/airflow/.local/lib/python3.7/site-packages/airflow/example_dags/example_task_group_decorator.py took 0.720 seconds
[2022-10-04T23:44:54.620+0000] {processor.py:156} INFO - Started process (PID=83) to work on /home/airflow/.local/lib/python3.7/site-packages/airflow/example_dags/example_task_group_decorator.py
[2022-10-04T23:44:54.630+0000] {processor.py:758} INFO - Processing file /home/airflow/.local/lib/python3.7/site-packages/airflow/example_dags/example_task_group_decorator.py for tasks to queue
[2022-10-04T23:44:54.631+0000] {logging_mixin.py:117} INFO - [2022-10-04T23:44:54.631+0000] {dagbag.py:525} INFO - Filling up the DagBag from /home/airflow/.local/lib/python3.7/site-packages/airflow/example_dags/example_task_group_decorator.py
[2022-10-04T23:44:55.025+0000] {processor.py:768} INFO - DAG(s) dict_keys(['example_task_group_decorator']) retrieved from /home/airflow/.local/lib/python3.7/site-packages/airflow/example_dags/example_task_group_decorator.py
[2022-10-04T23:44:55.110+0000] {logging_mixin.py:117} INFO - [2022-10-04T23:44:55.109+0000] {dag.py:2573} INFO - Sync 1 DAGs
[2022-10-04T23:44:55.184+0000] {logging_mixin.py:117} INFO - [2022-10-04T23:44:55.184+0000] {dag.py:3328} INFO - Setting next_dagrun for example_task_group_decorator to 2022-10-03T23:44:55.183926+00:00, run_after=2022-10-04T23:44:55.183926+00:00
[2022-10-04T23:44:55.254+0000] {processor.py:178} INFO - Processing /home/airflow/.local/lib/python3.7/site-packages/airflow/example_dags/example_task_group_decorator.py took 0.638 seconds
[2022-10-04T23:46:51.825+0000] {processor.py:156} INFO - Started process (PID=81) to work on /home/airflow/.local/lib/python3.7/site-packages/airflow/example_dags/example_task_group_decorator.py
[2022-10-04T23:46:51.833+0000] {processor.py:758} INFO - Processing file /home/airflow/.local/lib/python3.7/site-packages/airflow/example_dags/example_task_group_decorator.py for tasks to queue
[2022-10-04T23:46:51.835+0000] {logging_mixin.py:117} INFO - [2022-10-04T23:46:51.834+0000] {dagbag.py:525} INFO - Filling up the DagBag from /home/airflow/.local/lib/python3.7/site-packages/airflow/example_dags/example_task_group_decorator.py
[2022-10-04T23:46:52.590+0000] {processor.py:768} INFO - DAG(s) dict_keys(['example_task_group_decorator']) retrieved from /home/airflow/.local/lib/python3.7/site-packages/airflow/example_dags/example_task_group_decorator.py
[2022-10-04T23:46:52.887+0000] {logging_mixin.py:117} INFO - [2022-10-04T23:46:52.887+0000] {dag.py:2573} INFO - Sync 1 DAGs
[2022-10-04T23:46:53.025+0000] {logging_mixin.py:117} INFO - [2022-10-04T23:46:53.025+0000] {dag.py:3328} INFO - Setting next_dagrun for example_task_group_decorator to 2022-10-03T23:46:53.024899+00:00, run_after=2022-10-04T23:46:53.024899+00:00
[2022-10-04T23:46:53.169+0000] {processor.py:178} INFO - Processing /home/airflow/.local/lib/python3.7/site-packages/airflow/example_dags/example_task_group_decorator.py took 1.354 seconds
[2022-10-04T23:49:05.736+0000] {processor.py:156} INFO - Started process (PID=90) to work on /home/airflow/.local/lib/python3.7/site-packages/airflow/example_dags/example_task_group_decorator.py
[2022-10-04T23:49:05.742+0000] {processor.py:758} INFO - Processing file /home/airflow/.local/lib/python3.7/site-packages/airflow/example_dags/example_task_group_decorator.py for tasks to queue
[2022-10-04T23:49:05.747+0000] {logging_mixin.py:117} INFO - [2022-10-04T23:49:05.746+0000] {dagbag.py:525} INFO - Filling up the DagBag from /home/airflow/.local/lib/python3.7/site-packages/airflow/example_dags/example_task_group_decorator.py
[2022-10-04T23:49:06.646+0000] {processor.py:768} INFO - DAG(s) dict_keys(['example_task_group_decorator']) retrieved from /home/airflow/.local/lib/python3.7/site-packages/airflow/example_dags/example_task_group_decorator.py
[2022-10-04T23:49:06.896+0000] {logging_mixin.py:117} INFO - [2022-10-04T23:49:06.896+0000] {dag.py:2573} INFO - Sync 1 DAGs
[2022-10-04T23:49:07.027+0000] {logging_mixin.py:117} INFO - [2022-10-04T23:49:07.027+0000] {dag.py:3328} INFO - Setting next_dagrun for example_task_group_decorator to 2022-10-03T23:49:07.027239+00:00, run_after=2022-10-04T23:49:07.027239+00:00
[2022-10-04T23:49:07.121+0000] {processor.py:178} INFO - Processing /home/airflow/.local/lib/python3.7/site-packages/airflow/example_dags/example_task_group_decorator.py took 1.400 seconds
[2022-10-04T23:51:01.048+0000] {processor.py:156} INFO - Started process (PID=80) to work on /home/airflow/.local/lib/python3.7/site-packages/airflow/example_dags/example_task_group_decorator.py
[2022-10-04T23:51:01.049+0000] {processor.py:758} INFO - Processing file /home/airflow/.local/lib/python3.7/site-packages/airflow/example_dags/example_task_group_decorator.py for tasks to queue
[2022-10-04T23:51:01.051+0000] {logging_mixin.py:117} INFO - [2022-10-04T23:51:01.051+0000] {dagbag.py:525} INFO - Filling up the DagBag from /home/airflow/.local/lib/python3.7/site-packages/airflow/example_dags/example_task_group_decorator.py
[2022-10-04T23:51:01.543+0000] {processor.py:768} INFO - DAG(s) dict_keys(['example_task_group_decorator']) retrieved from /home/airflow/.local/lib/python3.7/site-packages/airflow/example_dags/example_task_group_decorator.py
[2022-10-04T23:51:01.611+0000] {logging_mixin.py:117} INFO - [2022-10-04T23:51:01.611+0000] {dag.py:2573} INFO - Sync 1 DAGs
[2022-10-04T23:51:01.650+0000] {logging_mixin.py:117} INFO - [2022-10-04T23:51:01.649+0000] {dag.py:3328} INFO - Setting next_dagrun for example_task_group_decorator to 2022-10-03T23:51:01.649606+00:00, run_after=2022-10-04T23:51:01.649606+00:00
[2022-10-04T23:51:01.855+0000] {processor.py:178} INFO - Processing /home/airflow/.local/lib/python3.7/site-packages/airflow/example_dags/example_task_group_decorator.py took 0.817 seconds
[2022-10-04T23:53:01.125+0000] {processor.py:156} INFO - Started process (PID=83) to work on /home/airflow/.local/lib/python3.7/site-packages/airflow/example_dags/example_task_group_decorator.py
[2022-10-04T23:53:01.131+0000] {processor.py:758} INFO - Processing file /home/airflow/.local/lib/python3.7/site-packages/airflow/example_dags/example_task_group_decorator.py for tasks to queue
[2022-10-04T23:53:01.136+0000] {logging_mixin.py:117} INFO - [2022-10-04T23:53:01.136+0000] {dagbag.py:525} INFO - Filling up the DagBag from /home/airflow/.local/lib/python3.7/site-packages/airflow/example_dags/example_task_group_decorator.py
[2022-10-04T23:53:01.908+0000] {processor.py:768} INFO - DAG(s) dict_keys(['example_task_group_decorator']) retrieved from /home/airflow/.local/lib/python3.7/site-packages/airflow/example_dags/example_task_group_decorator.py
[2022-10-04T23:53:02.079+0000] {logging_mixin.py:117} INFO - [2022-10-04T23:53:02.078+0000] {dag.py:2573} INFO - Sync 1 DAGs
[2022-10-04T23:53:02.193+0000] {logging_mixin.py:117} INFO - [2022-10-04T23:53:02.193+0000] {dag.py:3328} INFO - Setting next_dagrun for example_task_group_decorator to 2022-10-03T23:53:02.193059+00:00, run_after=2022-10-04T23:53:02.193059+00:00
[2022-10-04T23:53:02.351+0000] {processor.py:178} INFO - Processing /home/airflow/.local/lib/python3.7/site-packages/airflow/example_dags/example_task_group_decorator.py took 1.234 seconds
[2022-10-04T23:55:06.455+0000] {processor.py:156} INFO - Started process (PID=81) to work on /home/airflow/.local/lib/python3.7/site-packages/airflow/example_dags/example_task_group_decorator.py
[2022-10-04T23:55:06.457+0000] {processor.py:758} INFO - Processing file /home/airflow/.local/lib/python3.7/site-packages/airflow/example_dags/example_task_group_decorator.py for tasks to queue
[2022-10-04T23:55:06.458+0000] {logging_mixin.py:117} INFO - [2022-10-04T23:55:06.458+0000] {dagbag.py:525} INFO - Filling up the DagBag from /home/airflow/.local/lib/python3.7/site-packages/airflow/example_dags/example_task_group_decorator.py
[2022-10-04T23:55:06.917+0000] {processor.py:768} INFO - DAG(s) dict_keys(['example_task_group_decorator']) retrieved from /home/airflow/.local/lib/python3.7/site-packages/airflow/example_dags/example_task_group_decorator.py
[2022-10-04T23:55:07.089+0000] {logging_mixin.py:117} INFO - [2022-10-04T23:55:07.086+0000] {dag.py:2573} INFO - Sync 1 DAGs
[2022-10-04T23:55:07.258+0000] {logging_mixin.py:117} INFO - [2022-10-04T23:55:07.258+0000] {dag.py:3328} INFO - Setting next_dagrun for example_task_group_decorator to 2022-10-03T23:55:07.258566+00:00, run_after=2022-10-04T23:55:07.258566+00:00
[2022-10-04T23:55:07.448+0000] {processor.py:178} INFO - Processing /home/airflow/.local/lib/python3.7/site-packages/airflow/example_dags/example_task_group_decorator.py took 1.001 seconds
[2022-10-04T23:57:14.130+0000] {processor.py:156} INFO - Started process (PID=93) to work on /home/airflow/.local/lib/python3.7/site-packages/airflow/example_dags/example_task_group_decorator.py
[2022-10-04T23:57:14.136+0000] {processor.py:758} INFO - Processing file /home/airflow/.local/lib/python3.7/site-packages/airflow/example_dags/example_task_group_decorator.py for tasks to queue
[2022-10-04T23:57:14.139+0000] {logging_mixin.py:117} INFO - [2022-10-04T23:57:14.139+0000] {dagbag.py:525} INFO - Filling up the DagBag from /home/airflow/.local/lib/python3.7/site-packages/airflow/example_dags/example_task_group_decorator.py
[2022-10-04T23:57:15.684+0000] {processor.py:768} INFO - DAG(s) dict_keys(['example_task_group_decorator']) retrieved from /home/airflow/.local/lib/python3.7/site-packages/airflow/example_dags/example_task_group_decorator.py
[2022-10-04T23:57:16.121+0000] {logging_mixin.py:117} INFO - [2022-10-04T23:57:16.121+0000] {dag.py:2573} INFO - Sync 1 DAGs
[2022-10-04T23:57:16.437+0000] {logging_mixin.py:117} INFO - [2022-10-04T23:57:16.436+0000] {dag.py:3328} INFO - Setting next_dagrun for example_task_group_decorator to 2022-10-03T23:57:16.435967+00:00, run_after=2022-10-04T23:57:16.435967+00:00
[2022-10-04T23:57:16.752+0000] {processor.py:178} INFO - Processing /home/airflow/.local/lib/python3.7/site-packages/airflow/example_dags/example_task_group_decorator.py took 2.648 seconds
[2022-10-04T23:59:15.331+0000] {processor.py:156} INFO - Started process (PID=92) to work on /home/airflow/.local/lib/python3.7/site-packages/airflow/example_dags/example_task_group_decorator.py
[2022-10-04T23:59:15.332+0000] {processor.py:758} INFO - Processing file /home/airflow/.local/lib/python3.7/site-packages/airflow/example_dags/example_task_group_decorator.py for tasks to queue
[2022-10-04T23:59:15.334+0000] {logging_mixin.py:117} INFO - [2022-10-04T23:59:15.333+0000] {dagbag.py:525} INFO - Filling up the DagBag from /home/airflow/.local/lib/python3.7/site-packages/airflow/example_dags/example_task_group_decorator.py
[2022-10-04T23:59:15.582+0000] {processor.py:768} INFO - DAG(s) dict_keys(['example_task_group_decorator']) retrieved from /home/airflow/.local/lib/python3.7/site-packages/airflow/example_dags/example_task_group_decorator.py
[2022-10-04T23:59:15.649+0000] {logging_mixin.py:117} INFO - [2022-10-04T23:59:15.649+0000] {dag.py:2573} INFO - Sync 1 DAGs
[2022-10-04T23:59:15.690+0000] {logging_mixin.py:117} INFO - [2022-10-04T23:59:15.690+0000] {dag.py:3328} INFO - Setting next_dagrun for example_task_group_decorator to 2022-10-03T23:59:15.689876+00:00, run_after=2022-10-04T23:59:15.689876+00:00
[2022-10-04T23:59:15.901+0000] {processor.py:178} INFO - Processing /home/airflow/.local/lib/python3.7/site-packages/airflow/example_dags/example_task_group_decorator.py took 0.576 seconds
