[2022-10-04T23:34:06.468+0000] {processor.py:156} INFO - Started process (PID=89) to work on /home/airflow/.local/lib/python3.7/site-packages/airflow/example_dags/example_xcomargs.py
[2022-10-04T23:34:06.470+0000] {processor.py:758} INFO - Processing file /home/airflow/.local/lib/python3.7/site-packages/airflow/example_dags/example_xcomargs.py for tasks to queue
[2022-10-04T23:34:06.471+0000] {logging_mixin.py:117} INFO - [2022-10-04T23:34:06.470+0000] {dagbag.py:525} INFO - Filling up the DagBag from /home/airflow/.local/lib/python3.7/site-packages/airflow/example_dags/example_xcomargs.py
[2022-10-04T23:34:06.514+0000] {processor.py:768} INFO - DAG(s) dict_keys(['example_xcom_args', 'example_xcom_args_with_operators']) retrieved from /home/airflow/.local/lib/python3.7/site-packages/airflow/example_dags/example_xcomargs.py
[2022-10-04T23:34:06.584+0000] {logging_mixin.py:117} INFO - [2022-10-04T23:34:06.584+0000] {dag.py:2573} INFO - Sync 2 DAGs
[2022-10-04T23:34:06.621+0000] {logging_mixin.py:117} INFO - [2022-10-04T23:34:06.620+0000] {dag.py:3328} INFO - Setting next_dagrun for example_xcom_args to None, run_after=None
[2022-10-04T23:34:06.626+0000] {logging_mixin.py:117} INFO - [2022-10-04T23:34:06.626+0000] {dag.py:3328} INFO - Setting next_dagrun for example_xcom_args_with_operators to None, run_after=None
[2022-10-04T23:34:06.740+0000] {processor.py:178} INFO - Processing /home/airflow/.local/lib/python3.7/site-packages/airflow/example_dags/example_xcomargs.py took 0.277 seconds
[2022-10-04T23:44:57.180+0000] {processor.py:156} INFO - Started process (PID=90) to work on /home/airflow/.local/lib/python3.7/site-packages/airflow/example_dags/example_xcomargs.py
[2022-10-04T23:44:57.187+0000] {processor.py:758} INFO - Processing file /home/airflow/.local/lib/python3.7/site-packages/airflow/example_dags/example_xcomargs.py for tasks to queue
[2022-10-04T23:44:57.189+0000] {logging_mixin.py:117} INFO - [2022-10-04T23:44:57.189+0000] {dagbag.py:525} INFO - Filling up the DagBag from /home/airflow/.local/lib/python3.7/site-packages/airflow/example_dags/example_xcomargs.py
[2022-10-04T23:44:57.583+0000] {processor.py:768} INFO - DAG(s) dict_keys(['example_xcom_args', 'example_xcom_args_with_operators']) retrieved from /home/airflow/.local/lib/python3.7/site-packages/airflow/example_dags/example_xcomargs.py
[2022-10-04T23:44:57.645+0000] {logging_mixin.py:117} INFO - [2022-10-04T23:44:57.645+0000] {dag.py:2573} INFO - Sync 2 DAGs
[2022-10-04T23:44:57.707+0000] {logging_mixin.py:117} INFO - [2022-10-04T23:44:57.706+0000] {dag.py:3328} INFO - Setting next_dagrun for example_xcom_args to None, run_after=None
[2022-10-04T23:44:57.711+0000] {logging_mixin.py:117} INFO - [2022-10-04T23:44:57.711+0000] {dag.py:3328} INFO - Setting next_dagrun for example_xcom_args_with_operators to None, run_after=None
[2022-10-04T23:44:57.871+0000] {processor.py:178} INFO - Processing /home/airflow/.local/lib/python3.7/site-packages/airflow/example_dags/example_xcomargs.py took 0.708 seconds
[2022-10-04T23:47:05.454+0000] {processor.py:156} INFO - Started process (PID=98) to work on /home/airflow/.local/lib/python3.7/site-packages/airflow/example_dags/example_xcomargs.py
[2022-10-04T23:47:05.456+0000] {processor.py:758} INFO - Processing file /home/airflow/.local/lib/python3.7/site-packages/airflow/example_dags/example_xcomargs.py for tasks to queue
[2022-10-04T23:47:05.458+0000] {logging_mixin.py:117} INFO - [2022-10-04T23:47:05.458+0000] {dagbag.py:525} INFO - Filling up the DagBag from /home/airflow/.local/lib/python3.7/site-packages/airflow/example_dags/example_xcomargs.py
[2022-10-04T23:47:06.108+0000] {processor.py:768} INFO - DAG(s) dict_keys(['example_xcom_args', 'example_xcom_args_with_operators']) retrieved from /home/airflow/.local/lib/python3.7/site-packages/airflow/example_dags/example_xcomargs.py
[2022-10-04T23:47:06.496+0000] {logging_mixin.py:117} INFO - [2022-10-04T23:47:06.492+0000] {dag.py:2573} INFO - Sync 2 DAGs
[2022-10-04T23:47:06.637+0000] {logging_mixin.py:117} INFO - [2022-10-04T23:47:06.635+0000] {dag.py:3328} INFO - Setting next_dagrun for example_xcom_args to None, run_after=None
[2022-10-04T23:47:06.669+0000] {logging_mixin.py:117} INFO - [2022-10-04T23:47:06.666+0000] {dag.py:3328} INFO - Setting next_dagrun for example_xcom_args_with_operators to None, run_after=None
[2022-10-04T23:47:10.338+0000] {processor.py:178} INFO - Processing /home/airflow/.local/lib/python3.7/site-packages/airflow/example_dags/example_xcomargs.py took 4.899 seconds
[2022-10-04T23:51:04.951+0000] {processor.py:156} INFO - Started process (PID=87) to work on /home/airflow/.local/lib/python3.7/site-packages/airflow/example_dags/example_xcomargs.py
[2022-10-04T23:51:04.957+0000] {processor.py:758} INFO - Processing file /home/airflow/.local/lib/python3.7/site-packages/airflow/example_dags/example_xcomargs.py for tasks to queue
[2022-10-04T23:51:04.958+0000] {logging_mixin.py:117} INFO - [2022-10-04T23:51:04.958+0000] {dagbag.py:525} INFO - Filling up the DagBag from /home/airflow/.local/lib/python3.7/site-packages/airflow/example_dags/example_xcomargs.py
[2022-10-04T23:51:08.524+0000] {processor.py:768} INFO - DAG(s) dict_keys(['example_xcom_args_with_operators', 'example_xcom_args']) retrieved from /home/airflow/.local/lib/python3.7/site-packages/airflow/example_dags/example_xcomargs.py
[2022-10-04T23:51:08.734+0000] {logging_mixin.py:117} INFO - [2022-10-04T23:51:08.733+0000] {dag.py:2573} INFO - Sync 2 DAGs
[2022-10-04T23:51:08.892+0000] {logging_mixin.py:117} INFO - [2022-10-04T23:51:08.892+0000] {dag.py:3328} INFO - Setting next_dagrun for example_xcom_args to None, run_after=None
[2022-10-04T23:51:08.959+0000] {logging_mixin.py:117} INFO - [2022-10-04T23:51:08.950+0000] {dag.py:3328} INFO - Setting next_dagrun for example_xcom_args_with_operators to None, run_after=None
[2022-10-04T23:51:11.323+0000] {processor.py:178} INFO - Processing /home/airflow/.local/lib/python3.7/site-packages/airflow/example_dags/example_xcomargs.py took 6.382 seconds
[2022-10-04T23:53:12.893+0000] {processor.py:156} INFO - Started process (PID=99) to work on /home/airflow/.local/lib/python3.7/site-packages/airflow/example_dags/example_xcomargs.py
[2022-10-04T23:53:12.902+0000] {processor.py:758} INFO - Processing file /home/airflow/.local/lib/python3.7/site-packages/airflow/example_dags/example_xcomargs.py for tasks to queue
[2022-10-04T23:53:12.904+0000] {logging_mixin.py:117} INFO - [2022-10-04T23:53:12.904+0000] {dagbag.py:525} INFO - Filling up the DagBag from /home/airflow/.local/lib/python3.7/site-packages/airflow/example_dags/example_xcomargs.py
[2022-10-04T23:53:13.508+0000] {processor.py:768} INFO - DAG(s) dict_keys(['example_xcom_args', 'example_xcom_args_with_operators']) retrieved from /home/airflow/.local/lib/python3.7/site-packages/airflow/example_dags/example_xcomargs.py
[2022-10-04T23:53:13.636+0000] {logging_mixin.py:117} INFO - [2022-10-04T23:53:13.636+0000] {dag.py:2573} INFO - Sync 2 DAGs
[2022-10-04T23:53:13.694+0000] {logging_mixin.py:117} INFO - [2022-10-04T23:53:13.694+0000] {dag.py:3328} INFO - Setting next_dagrun for example_xcom_args to None, run_after=None
[2022-10-04T23:53:13.708+0000] {logging_mixin.py:117} INFO - [2022-10-04T23:53:13.708+0000] {dag.py:3328} INFO - Setting next_dagrun for example_xcom_args_with_operators to None, run_after=None
[2022-10-04T23:53:22.085+0000] {processor.py:178} INFO - Processing /home/airflow/.local/lib/python3.7/site-packages/airflow/example_dags/example_xcomargs.py took 9.189 seconds
[2022-10-04T23:57:24.710+0000] {processor.py:156} INFO - Started process (PID=108) to work on /home/airflow/.local/lib/python3.7/site-packages/airflow/example_dags/example_xcomargs.py
[2022-10-04T23:57:24.711+0000] {processor.py:758} INFO - Processing file /home/airflow/.local/lib/python3.7/site-packages/airflow/example_dags/example_xcomargs.py for tasks to queue
[2022-10-04T23:57:24.716+0000] {logging_mixin.py:117} INFO - [2022-10-04T23:57:24.715+0000] {dagbag.py:525} INFO - Filling up the DagBag from /home/airflow/.local/lib/python3.7/site-packages/airflow/example_dags/example_xcomargs.py
[2022-10-04T23:57:25.782+0000] {processor.py:768} INFO - DAG(s) dict_keys(['example_xcom_args', 'example_xcom_args_with_operators']) retrieved from /home/airflow/.local/lib/python3.7/site-packages/airflow/example_dags/example_xcomargs.py
[2022-10-04T23:57:25.956+0000] {logging_mixin.py:117} INFO - [2022-10-04T23:57:25.955+0000] {dag.py:2573} INFO - Sync 2 DAGs
[2022-10-04T23:57:26.053+0000] {logging_mixin.py:117} INFO - [2022-10-04T23:57:26.053+0000] {dag.py:3328} INFO - Setting next_dagrun for example_xcom_args to None, run_after=None
[2022-10-04T23:57:26.067+0000] {logging_mixin.py:117} INFO - [2022-10-04T23:57:26.067+0000] {dag.py:3328} INFO - Setting next_dagrun for example_xcom_args_with_operators to None, run_after=None
[2022-10-04T23:57:28.413+0000] {processor.py:178} INFO - Processing /home/airflow/.local/lib/python3.7/site-packages/airflow/example_dags/example_xcomargs.py took 3.718 seconds
