[2022-10-04T23:34:01.633+0000] {processor.py:156} INFO - Started process (PID=71) to work on /home/airflow/.local/lib/python3.7/site-packages/airflow/example_dags/example_branch_datetime_operator.py
[2022-10-04T23:34:01.634+0000] {processor.py:758} INFO - Processing file /home/airflow/.local/lib/python3.7/site-packages/airflow/example_dags/example_branch_datetime_operator.py for tasks to queue
[2022-10-04T23:34:01.635+0000] {logging_mixin.py:117} INFO - [2022-10-04T23:34:01.635+0000] {dagbag.py:525} INFO - Filling up the DagBag from /home/airflow/.local/lib/python3.7/site-packages/airflow/example_dags/example_branch_datetime_operator.py
[2022-10-04T23:34:01.665+0000] {processor.py:768} INFO - DAG(s) dict_keys(['example_branch_datetime_operator_2', 'example_branch_datetime_operator', 'example_branch_datetime_operator_3']) retrieved from /home/airflow/.local/lib/python3.7/site-packages/airflow/example_dags/example_branch_datetime_operator.py
[2022-10-04T23:34:01.740+0000] {logging_mixin.py:117} INFO - [2022-10-04T23:34:01.739+0000] {dag.py:2573} INFO - Sync 3 DAGs
[2022-10-04T23:34:01.788+0000] {logging_mixin.py:117} INFO - [2022-10-04T23:34:01.788+0000] {dag.py:3328} INFO - Setting next_dagrun for example_branch_datetime_operator to 2022-10-03T00:00:00+00:00, run_after=2022-10-04T00:00:00+00:00
[2022-10-04T23:34:01.795+0000] {logging_mixin.py:117} INFO - [2022-10-04T23:34:01.795+0000] {dag.py:3328} INFO - Setting next_dagrun for example_branch_datetime_operator_2 to 2022-10-03T00:00:00+00:00, run_after=2022-10-04T00:00:00+00:00
[2022-10-04T23:34:01.798+0000] {logging_mixin.py:117} INFO - [2022-10-04T23:34:01.798+0000] {dag.py:3328} INFO - Setting next_dagrun for example_branch_datetime_operator_3 to 2022-10-03T00:00:00+00:00, run_after=2022-10-04T00:00:00+00:00
[2022-10-04T23:34:01.959+0000] {processor.py:178} INFO - Processing /home/airflow/.local/lib/python3.7/site-packages/airflow/example_dags/example_branch_datetime_operator.py took 0.330 seconds
[2022-10-04T23:36:19.900+0000] {processor.py:156} INFO - Started process (PID=73) to work on /home/airflow/.local/lib/python3.7/site-packages/airflow/example_dags/example_branch_datetime_operator.py
[2022-10-04T23:36:19.902+0000] {processor.py:758} INFO - Processing file /home/airflow/.local/lib/python3.7/site-packages/airflow/example_dags/example_branch_datetime_operator.py for tasks to queue
[2022-10-04T23:36:19.904+0000] {logging_mixin.py:117} INFO - [2022-10-04T23:36:19.904+0000] {dagbag.py:525} INFO - Filling up the DagBag from /home/airflow/.local/lib/python3.7/site-packages/airflow/example_dags/example_branch_datetime_operator.py
[2022-10-04T23:36:19.971+0000] {processor.py:768} INFO - DAG(s) dict_keys(['example_branch_datetime_operator', 'example_branch_datetime_operator_2', 'example_branch_datetime_operator_3']) retrieved from /home/airflow/.local/lib/python3.7/site-packages/airflow/example_dags/example_branch_datetime_operator.py
[2022-10-04T23:36:20.587+0000] {logging_mixin.py:117} INFO - [2022-10-04T23:36:20.587+0000] {dag.py:2573} INFO - Sync 3 DAGs
[2022-10-04T23:36:20.660+0000] {logging_mixin.py:117} INFO - [2022-10-04T23:36:20.659+0000] {dag.py:3328} INFO - Setting next_dagrun for example_branch_datetime_operator to 2022-10-03T00:00:00+00:00, run_after=2022-10-04T00:00:00+00:00
[2022-10-04T23:36:20.674+0000] {logging_mixin.py:117} INFO - [2022-10-04T23:36:20.674+0000] {dag.py:3328} INFO - Setting next_dagrun for example_branch_datetime_operator_2 to 2022-10-03T00:00:00+00:00, run_after=2022-10-04T00:00:00+00:00
[2022-10-04T23:36:20.684+0000] {logging_mixin.py:117} INFO - [2022-10-04T23:36:20.683+0000] {dag.py:3328} INFO - Setting next_dagrun for example_branch_datetime_operator_3 to 2022-10-03T00:00:00+00:00, run_after=2022-10-04T00:00:00+00:00
[2022-10-04T23:36:20.754+0000] {processor.py:178} INFO - Processing /home/airflow/.local/lib/python3.7/site-packages/airflow/example_dags/example_branch_datetime_operator.py took 0.864 seconds
[2022-10-04T23:38:41.182+0000] {processor.py:156} INFO - Started process (PID=71) to work on /home/airflow/.local/lib/python3.7/site-packages/airflow/example_dags/example_branch_datetime_operator.py
[2022-10-04T23:38:41.190+0000] {processor.py:758} INFO - Processing file /home/airflow/.local/lib/python3.7/site-packages/airflow/example_dags/example_branch_datetime_operator.py for tasks to queue
[2022-10-04T23:38:41.194+0000] {logging_mixin.py:117} INFO - [2022-10-04T23:38:41.194+0000] {dagbag.py:525} INFO - Filling up the DagBag from /home/airflow/.local/lib/python3.7/site-packages/airflow/example_dags/example_branch_datetime_operator.py
[2022-10-04T23:38:41.490+0000] {processor.py:768} INFO - DAG(s) dict_keys(['example_branch_datetime_operator', 'example_branch_datetime_operator_2', 'example_branch_datetime_operator_3']) retrieved from /home/airflow/.local/lib/python3.7/site-packages/airflow/example_dags/example_branch_datetime_operator.py
[2022-10-04T23:38:43.103+0000] {logging_mixin.py:117} INFO - [2022-10-04T23:38:43.103+0000] {dag.py:2573} INFO - Sync 3 DAGs
[2022-10-04T23:38:43.290+0000] {logging_mixin.py:117} INFO - [2022-10-04T23:38:43.290+0000] {dag.py:3328} INFO - Setting next_dagrun for example_branch_datetime_operator to 2022-10-03T00:00:00+00:00, run_after=2022-10-04T00:00:00+00:00
[2022-10-04T23:38:43.323+0000] {logging_mixin.py:117} INFO - [2022-10-04T23:38:43.323+0000] {dag.py:3328} INFO - Setting next_dagrun for example_branch_datetime_operator_2 to 2022-10-03T00:00:00+00:00, run_after=2022-10-04T00:00:00+00:00
[2022-10-04T23:38:43.342+0000] {logging_mixin.py:117} INFO - [2022-10-04T23:38:43.341+0000] {dag.py:3328} INFO - Setting next_dagrun for example_branch_datetime_operator_3 to 2022-10-03T00:00:00+00:00, run_after=2022-10-04T00:00:00+00:00
[2022-10-04T23:38:43.454+0000] {processor.py:178} INFO - Processing /home/airflow/.local/lib/python3.7/site-packages/airflow/example_dags/example_branch_datetime_operator.py took 2.292 seconds
[2022-10-04T23:40:35.721+0000] {processor.py:156} INFO - Started process (PID=69) to work on /home/airflow/.local/lib/python3.7/site-packages/airflow/example_dags/example_branch_datetime_operator.py
[2022-10-04T23:40:35.734+0000] {processor.py:758} INFO - Processing file /home/airflow/.local/lib/python3.7/site-packages/airflow/example_dags/example_branch_datetime_operator.py for tasks to queue
[2022-10-04T23:40:35.742+0000] {logging_mixin.py:117} INFO - [2022-10-04T23:40:35.742+0000] {dagbag.py:525} INFO - Filling up the DagBag from /home/airflow/.local/lib/python3.7/site-packages/airflow/example_dags/example_branch_datetime_operator.py
[2022-10-04T23:40:36.017+0000] {processor.py:768} INFO - DAG(s) dict_keys(['example_branch_datetime_operator', 'example_branch_datetime_operator_3', 'example_branch_datetime_operator_2']) retrieved from /home/airflow/.local/lib/python3.7/site-packages/airflow/example_dags/example_branch_datetime_operator.py
[2022-10-04T23:40:37.551+0000] {logging_mixin.py:117} INFO - [2022-10-04T23:40:37.550+0000] {dag.py:2573} INFO - Sync 3 DAGs
[2022-10-04T23:40:37.791+0000] {logging_mixin.py:117} INFO - [2022-10-04T23:40:37.790+0000] {dag.py:3328} INFO - Setting next_dagrun for example_branch_datetime_operator to 2022-10-03T00:00:00+00:00, run_after=2022-10-04T00:00:00+00:00
[2022-10-04T23:40:37.835+0000] {logging_mixin.py:117} INFO - [2022-10-04T23:40:37.835+0000] {dag.py:3328} INFO - Setting next_dagrun for example_branch_datetime_operator_2 to 2022-10-03T00:00:00+00:00, run_after=2022-10-04T00:00:00+00:00
[2022-10-04T23:40:37.872+0000] {logging_mixin.py:117} INFO - [2022-10-04T23:40:37.872+0000] {dag.py:3328} INFO - Setting next_dagrun for example_branch_datetime_operator_3 to 2022-10-03T00:00:00+00:00, run_after=2022-10-04T00:00:00+00:00
[2022-10-04T23:40:38.127+0000] {processor.py:178} INFO - Processing /home/airflow/.local/lib/python3.7/site-packages/airflow/example_dags/example_branch_datetime_operator.py took 2.447 seconds
[2022-10-04T23:42:40.465+0000] {processor.py:156} INFO - Started process (PID=80) to work on /home/airflow/.local/lib/python3.7/site-packages/airflow/example_dags/example_branch_datetime_operator.py
[2022-10-04T23:42:40.468+0000] {processor.py:758} INFO - Processing file /home/airflow/.local/lib/python3.7/site-packages/airflow/example_dags/example_branch_datetime_operator.py for tasks to queue
[2022-10-04T23:42:40.472+0000] {logging_mixin.py:117} INFO - [2022-10-04T23:42:40.472+0000] {dagbag.py:525} INFO - Filling up the DagBag from /home/airflow/.local/lib/python3.7/site-packages/airflow/example_dags/example_branch_datetime_operator.py
[2022-10-04T23:42:40.610+0000] {processor.py:768} INFO - DAG(s) dict_keys(['example_branch_datetime_operator_3', 'example_branch_datetime_operator_2', 'example_branch_datetime_operator']) retrieved from /home/airflow/.local/lib/python3.7/site-packages/airflow/example_dags/example_branch_datetime_operator.py
[2022-10-04T23:42:41.513+0000] {logging_mixin.py:117} INFO - [2022-10-04T23:42:41.513+0000] {dag.py:2573} INFO - Sync 3 DAGs
[2022-10-04T23:42:41.596+0000] {logging_mixin.py:117} INFO - [2022-10-04T23:42:41.596+0000] {dag.py:3328} INFO - Setting next_dagrun for example_branch_datetime_operator to 2022-10-03T00:00:00+00:00, run_after=2022-10-04T00:00:00+00:00
[2022-10-04T23:42:41.611+0000] {logging_mixin.py:117} INFO - [2022-10-04T23:42:41.610+0000] {dag.py:3328} INFO - Setting next_dagrun for example_branch_datetime_operator_2 to 2022-10-03T00:00:00+00:00, run_after=2022-10-04T00:00:00+00:00
[2022-10-04T23:42:41.624+0000] {logging_mixin.py:117} INFO - [2022-10-04T23:42:41.624+0000] {dag.py:3328} INFO - Setting next_dagrun for example_branch_datetime_operator_3 to 2022-10-03T00:00:00+00:00, run_after=2022-10-04T00:00:00+00:00
[2022-10-04T23:42:41.727+0000] {processor.py:178} INFO - Processing /home/airflow/.local/lib/python3.7/site-packages/airflow/example_dags/example_branch_datetime_operator.py took 1.270 seconds
[2022-10-04T23:44:50.256+0000] {processor.py:156} INFO - Started process (PID=72) to work on /home/airflow/.local/lib/python3.7/site-packages/airflow/example_dags/example_branch_datetime_operator.py
[2022-10-04T23:44:50.257+0000] {processor.py:758} INFO - Processing file /home/airflow/.local/lib/python3.7/site-packages/airflow/example_dags/example_branch_datetime_operator.py for tasks to queue
[2022-10-04T23:44:50.258+0000] {logging_mixin.py:117} INFO - [2022-10-04T23:44:50.258+0000] {dagbag.py:525} INFO - Filling up the DagBag from /home/airflow/.local/lib/python3.7/site-packages/airflow/example_dags/example_branch_datetime_operator.py
[2022-10-04T23:44:50.294+0000] {processor.py:768} INFO - DAG(s) dict_keys(['example_branch_datetime_operator_2', 'example_branch_datetime_operator', 'example_branch_datetime_operator_3']) retrieved from /home/airflow/.local/lib/python3.7/site-packages/airflow/example_dags/example_branch_datetime_operator.py
[2022-10-04T23:44:50.529+0000] {logging_mixin.py:117} INFO - [2022-10-04T23:44:50.529+0000] {dag.py:2573} INFO - Sync 3 DAGs
[2022-10-04T23:44:50.598+0000] {logging_mixin.py:117} INFO - [2022-10-04T23:44:50.598+0000] {dag.py:3328} INFO - Setting next_dagrun for example_branch_datetime_operator to 2022-10-03T00:00:00+00:00, run_after=2022-10-04T00:00:00+00:00
[2022-10-04T23:44:50.607+0000] {logging_mixin.py:117} INFO - [2022-10-04T23:44:50.607+0000] {dag.py:3328} INFO - Setting next_dagrun for example_branch_datetime_operator_2 to 2022-10-03T00:00:00+00:00, run_after=2022-10-04T00:00:00+00:00
[2022-10-04T23:44:50.613+0000] {logging_mixin.py:117} INFO - [2022-10-04T23:44:50.612+0000] {dag.py:3328} INFO - Setting next_dagrun for example_branch_datetime_operator_3 to 2022-10-03T00:00:00+00:00, run_after=2022-10-04T00:00:00+00:00
[2022-10-04T23:44:50.725+0000] {processor.py:178} INFO - Processing /home/airflow/.local/lib/python3.7/site-packages/airflow/example_dags/example_branch_datetime_operator.py took 0.475 seconds
[2022-10-04T23:46:42.614+0000] {processor.py:156} INFO - Started process (PID=70) to work on /home/airflow/.local/lib/python3.7/site-packages/airflow/example_dags/example_branch_datetime_operator.py
[2022-10-04T23:46:42.621+0000] {processor.py:758} INFO - Processing file /home/airflow/.local/lib/python3.7/site-packages/airflow/example_dags/example_branch_datetime_operator.py for tasks to queue
[2022-10-04T23:46:42.627+0000] {logging_mixin.py:117} INFO - [2022-10-04T23:46:42.626+0000] {dagbag.py:525} INFO - Filling up the DagBag from /home/airflow/.local/lib/python3.7/site-packages/airflow/example_dags/example_branch_datetime_operator.py
[2022-10-04T23:46:42.816+0000] {processor.py:768} INFO - DAG(s) dict_keys(['example_branch_datetime_operator_3', 'example_branch_datetime_operator_2', 'example_branch_datetime_operator']) retrieved from /home/airflow/.local/lib/python3.7/site-packages/airflow/example_dags/example_branch_datetime_operator.py
[2022-10-04T23:46:44.013+0000] {logging_mixin.py:117} INFO - [2022-10-04T23:46:44.012+0000] {dag.py:2573} INFO - Sync 3 DAGs
[2022-10-04T23:46:44.209+0000] {logging_mixin.py:117} INFO - [2022-10-04T23:46:44.209+0000] {dag.py:3328} INFO - Setting next_dagrun for example_branch_datetime_operator to 2022-10-03T00:00:00+00:00, run_after=2022-10-04T00:00:00+00:00
[2022-10-04T23:46:44.248+0000] {logging_mixin.py:117} INFO - [2022-10-04T23:46:44.247+0000] {dag.py:3328} INFO - Setting next_dagrun for example_branch_datetime_operator_2 to 2022-10-03T00:00:00+00:00, run_after=2022-10-04T00:00:00+00:00
[2022-10-04T23:46:44.252+0000] {logging_mixin.py:117} INFO - [2022-10-04T23:46:44.252+0000] {dag.py:3328} INFO - Setting next_dagrun for example_branch_datetime_operator_3 to 2022-10-03T00:00:00+00:00, run_after=2022-10-04T00:00:00+00:00
[2022-10-04T23:46:44.441+0000] {processor.py:178} INFO - Processing /home/airflow/.local/lib/python3.7/site-packages/airflow/example_dags/example_branch_datetime_operator.py took 1.866 seconds
[2022-10-04T23:48:50.629+0000] {processor.py:156} INFO - Started process (PID=69) to work on /home/airflow/.local/lib/python3.7/site-packages/airflow/example_dags/example_branch_datetime_operator.py
[2022-10-04T23:48:50.636+0000] {processor.py:758} INFO - Processing file /home/airflow/.local/lib/python3.7/site-packages/airflow/example_dags/example_branch_datetime_operator.py for tasks to queue
[2022-10-04T23:48:50.638+0000] {logging_mixin.py:117} INFO - [2022-10-04T23:48:50.638+0000] {dagbag.py:525} INFO - Filling up the DagBag from /home/airflow/.local/lib/python3.7/site-packages/airflow/example_dags/example_branch_datetime_operator.py
[2022-10-04T23:48:50.740+0000] {processor.py:768} INFO - DAG(s) dict_keys(['example_branch_datetime_operator_2', 'example_branch_datetime_operator', 'example_branch_datetime_operator_3']) retrieved from /home/airflow/.local/lib/python3.7/site-packages/airflow/example_dags/example_branch_datetime_operator.py
[2022-10-04T23:48:52.014+0000] {logging_mixin.py:117} INFO - [2022-10-04T23:48:52.014+0000] {dag.py:2573} INFO - Sync 3 DAGs
[2022-10-04T23:48:52.195+0000] {logging_mixin.py:117} INFO - [2022-10-04T23:48:52.194+0000] {dag.py:3328} INFO - Setting next_dagrun for example_branch_datetime_operator to 2022-10-03T00:00:00+00:00, run_after=2022-10-04T00:00:00+00:00
[2022-10-04T23:48:52.261+0000] {logging_mixin.py:117} INFO - [2022-10-04T23:48:52.261+0000] {dag.py:3328} INFO - Setting next_dagrun for example_branch_datetime_operator_2 to 2022-10-03T00:00:00+00:00, run_after=2022-10-04T00:00:00+00:00
[2022-10-04T23:48:52.306+0000] {logging_mixin.py:117} INFO - [2022-10-04T23:48:52.305+0000] {dag.py:3328} INFO - Setting next_dagrun for example_branch_datetime_operator_3 to 2022-10-03T00:00:00+00:00, run_after=2022-10-04T00:00:00+00:00
[2022-10-04T23:48:52.557+0000] {processor.py:178} INFO - Processing /home/airflow/.local/lib/python3.7/site-packages/airflow/example_dags/example_branch_datetime_operator.py took 1.944 seconds
[2022-10-04T23:50:37.945+0000] {processor.py:156} INFO - Started process (PID=60) to work on /home/airflow/.local/lib/python3.7/site-packages/airflow/example_dags/example_branch_datetime_operator.py
[2022-10-04T23:50:37.952+0000] {processor.py:758} INFO - Processing file /home/airflow/.local/lib/python3.7/site-packages/airflow/example_dags/example_branch_datetime_operator.py for tasks to queue
[2022-10-04T23:50:37.964+0000] {logging_mixin.py:117} INFO - [2022-10-04T23:50:37.964+0000] {dagbag.py:525} INFO - Filling up the DagBag from /home/airflow/.local/lib/python3.7/site-packages/airflow/example_dags/example_branch_datetime_operator.py
[2022-10-04T23:50:38.101+0000] {processor.py:768} INFO - DAG(s) dict_keys(['example_branch_datetime_operator_2', 'example_branch_datetime_operator', 'example_branch_datetime_operator_3']) retrieved from /home/airflow/.local/lib/python3.7/site-packages/airflow/example_dags/example_branch_datetime_operator.py
[2022-10-04T23:50:38.919+0000] {logging_mixin.py:117} INFO - [2022-10-04T23:50:38.919+0000] {dag.py:2573} INFO - Sync 3 DAGs
[2022-10-04T23:50:39.061+0000] {logging_mixin.py:117} INFO - [2022-10-04T23:50:39.061+0000] {dag.py:3328} INFO - Setting next_dagrun for example_branch_datetime_operator to 2022-10-03T00:00:00+00:00, run_after=2022-10-04T00:00:00+00:00
[2022-10-04T23:50:39.081+0000] {logging_mixin.py:117} INFO - [2022-10-04T23:50:39.081+0000] {dag.py:3328} INFO - Setting next_dagrun for example_branch_datetime_operator_2 to 2022-10-03T00:00:00+00:00, run_after=2022-10-04T00:00:00+00:00
[2022-10-04T23:50:39.092+0000] {logging_mixin.py:117} INFO - [2022-10-04T23:50:39.092+0000] {dag.py:3328} INFO - Setting next_dagrun for example_branch_datetime_operator_3 to 2022-10-03T00:00:00+00:00, run_after=2022-10-04T00:00:00+00:00
[2022-10-04T23:50:39.303+0000] {processor.py:178} INFO - Processing /home/airflow/.local/lib/python3.7/site-packages/airflow/example_dags/example_branch_datetime_operator.py took 1.374 seconds
[2022-10-04T23:52:53.427+0000] {processor.py:156} INFO - Started process (PID=72) to work on /home/airflow/.local/lib/python3.7/site-packages/airflow/example_dags/example_branch_datetime_operator.py
[2022-10-04T23:52:53.429+0000] {processor.py:758} INFO - Processing file /home/airflow/.local/lib/python3.7/site-packages/airflow/example_dags/example_branch_datetime_operator.py for tasks to queue
[2022-10-04T23:52:53.439+0000] {logging_mixin.py:117} INFO - [2022-10-04T23:52:53.437+0000] {dagbag.py:525} INFO - Filling up the DagBag from /home/airflow/.local/lib/python3.7/site-packages/airflow/example_dags/example_branch_datetime_operator.py
[2022-10-04T23:52:53.567+0000] {processor.py:768} INFO - DAG(s) dict_keys(['example_branch_datetime_operator', 'example_branch_datetime_operator_2', 'example_branch_datetime_operator_3']) retrieved from /home/airflow/.local/lib/python3.7/site-packages/airflow/example_dags/example_branch_datetime_operator.py
[2022-10-04T23:52:54.057+0000] {logging_mixin.py:117} INFO - [2022-10-04T23:52:54.057+0000] {dag.py:2573} INFO - Sync 3 DAGs
[2022-10-04T23:52:54.141+0000] {logging_mixin.py:117} INFO - [2022-10-04T23:52:54.141+0000] {dag.py:3328} INFO - Setting next_dagrun for example_branch_datetime_operator to 2022-10-03T00:00:00+00:00, run_after=2022-10-04T00:00:00+00:00
[2022-10-04T23:52:54.162+0000] {logging_mixin.py:117} INFO - [2022-10-04T23:52:54.161+0000] {dag.py:3328} INFO - Setting next_dagrun for example_branch_datetime_operator_2 to 2022-10-03T00:00:00+00:00, run_after=2022-10-04T00:00:00+00:00
[2022-10-04T23:52:54.170+0000] {logging_mixin.py:117} INFO - [2022-10-04T23:52:54.169+0000] {dag.py:3328} INFO - Setting next_dagrun for example_branch_datetime_operator_3 to 2022-10-03T00:00:00+00:00, run_after=2022-10-04T00:00:00+00:00
[2022-10-04T23:52:54.291+0000] {processor.py:178} INFO - Processing /home/airflow/.local/lib/python3.7/site-packages/airflow/example_dags/example_branch_datetime_operator.py took 0.883 seconds
[2022-10-04T23:54:52.482+0000] {processor.py:156} INFO - Started process (PID=61) to work on /home/airflow/.local/lib/python3.7/site-packages/airflow/example_dags/example_branch_datetime_operator.py
[2022-10-04T23:54:52.494+0000] {processor.py:758} INFO - Processing file /home/airflow/.local/lib/python3.7/site-packages/airflow/example_dags/example_branch_datetime_operator.py for tasks to queue
[2022-10-04T23:54:52.507+0000] {logging_mixin.py:117} INFO - [2022-10-04T23:54:52.506+0000] {dagbag.py:525} INFO - Filling up the DagBag from /home/airflow/.local/lib/python3.7/site-packages/airflow/example_dags/example_branch_datetime_operator.py
[2022-10-04T23:54:52.641+0000] {processor.py:768} INFO - DAG(s) dict_keys(['example_branch_datetime_operator_2', 'example_branch_datetime_operator', 'example_branch_datetime_operator_3']) retrieved from /home/airflow/.local/lib/python3.7/site-packages/airflow/example_dags/example_branch_datetime_operator.py
[2022-10-04T23:54:53.458+0000] {logging_mixin.py:117} INFO - [2022-10-04T23:54:53.458+0000] {dag.py:2573} INFO - Sync 3 DAGs
[2022-10-04T23:54:53.574+0000] {logging_mixin.py:117} INFO - [2022-10-04T23:54:53.574+0000] {dag.py:3328} INFO - Setting next_dagrun for example_branch_datetime_operator to 2022-10-03T00:00:00+00:00, run_after=2022-10-04T00:00:00+00:00
[2022-10-04T23:54:53.592+0000] {logging_mixin.py:117} INFO - [2022-10-04T23:54:53.592+0000] {dag.py:3328} INFO - Setting next_dagrun for example_branch_datetime_operator_2 to 2022-10-03T00:00:00+00:00, run_after=2022-10-04T00:00:00+00:00
[2022-10-04T23:54:53.600+0000] {logging_mixin.py:117} INFO - [2022-10-04T23:54:53.600+0000] {dag.py:3328} INFO - Setting next_dagrun for example_branch_datetime_operator_3 to 2022-10-03T00:00:00+00:00, run_after=2022-10-04T00:00:00+00:00
[2022-10-04T23:54:53.768+0000] {processor.py:178} INFO - Processing /home/airflow/.local/lib/python3.7/site-packages/airflow/example_dags/example_branch_datetime_operator.py took 1.326 seconds
[2022-10-04T23:57:05.618+0000] {processor.py:156} INFO - Started process (PID=81) to work on /home/airflow/.local/lib/python3.7/site-packages/airflow/example_dags/example_branch_datetime_operator.py
[2022-10-04T23:57:05.620+0000] {processor.py:758} INFO - Processing file /home/airflow/.local/lib/python3.7/site-packages/airflow/example_dags/example_branch_datetime_operator.py for tasks to queue
[2022-10-04T23:57:05.624+0000] {logging_mixin.py:117} INFO - [2022-10-04T23:57:05.624+0000] {dagbag.py:525} INFO - Filling up the DagBag from /home/airflow/.local/lib/python3.7/site-packages/airflow/example_dags/example_branch_datetime_operator.py
[2022-10-04T23:57:05.660+0000] {processor.py:768} INFO - DAG(s) dict_keys(['example_branch_datetime_operator', 'example_branch_datetime_operator_2', 'example_branch_datetime_operator_3']) retrieved from /home/airflow/.local/lib/python3.7/site-packages/airflow/example_dags/example_branch_datetime_operator.py
[2022-10-04T23:57:06.013+0000] {logging_mixin.py:117} INFO - [2022-10-04T23:57:06.012+0000] {dag.py:2573} INFO - Sync 3 DAGs
[2022-10-04T23:57:06.058+0000] {logging_mixin.py:117} INFO - [2022-10-04T23:57:06.058+0000] {dag.py:3328} INFO - Setting next_dagrun for example_branch_datetime_operator to 2022-10-03T00:00:00+00:00, run_after=2022-10-04T00:00:00+00:00
[2022-10-04T23:57:06.066+0000] {logging_mixin.py:117} INFO - [2022-10-04T23:57:06.066+0000] {dag.py:3328} INFO - Setting next_dagrun for example_branch_datetime_operator_2 to 2022-10-03T00:00:00+00:00, run_after=2022-10-04T00:00:00+00:00
[2022-10-04T23:57:06.075+0000] {logging_mixin.py:117} INFO - [2022-10-04T23:57:06.072+0000] {dag.py:3328} INFO - Setting next_dagrun for example_branch_datetime_operator_3 to 2022-10-03T00:00:00+00:00, run_after=2022-10-04T00:00:00+00:00
[2022-10-04T23:57:06.215+0000] {processor.py:178} INFO - Processing /home/airflow/.local/lib/python3.7/site-packages/airflow/example_dags/example_branch_datetime_operator.py took 0.605 seconds
[2022-10-04T23:58:57.725+0000] {processor.py:156} INFO - Started process (PID=72) to work on /home/airflow/.local/lib/python3.7/site-packages/airflow/example_dags/example_branch_datetime_operator.py
[2022-10-04T23:58:57.729+0000] {processor.py:758} INFO - Processing file /home/airflow/.local/lib/python3.7/site-packages/airflow/example_dags/example_branch_datetime_operator.py for tasks to queue
[2022-10-04T23:58:57.733+0000] {logging_mixin.py:117} INFO - [2022-10-04T23:58:57.733+0000] {dagbag.py:525} INFO - Filling up the DagBag from /home/airflow/.local/lib/python3.7/site-packages/airflow/example_dags/example_branch_datetime_operator.py
[2022-10-04T23:58:57.811+0000] {processor.py:768} INFO - DAG(s) dict_keys(['example_branch_datetime_operator_3', 'example_branch_datetime_operator_2', 'example_branch_datetime_operator']) retrieved from /home/airflow/.local/lib/python3.7/site-packages/airflow/example_dags/example_branch_datetime_operator.py
[2022-10-04T23:58:58.740+0000] {logging_mixin.py:117} INFO - [2022-10-04T23:58:58.738+0000] {dag.py:2573} INFO - Sync 3 DAGs
[2022-10-04T23:58:58.848+0000] {logging_mixin.py:117} INFO - [2022-10-04T23:58:58.848+0000] {dag.py:3328} INFO - Setting next_dagrun for example_branch_datetime_operator to 2022-10-03T00:00:00+00:00, run_after=2022-10-04T00:00:00+00:00
[2022-10-04T23:58:58.872+0000] {logging_mixin.py:117} INFO - [2022-10-04T23:58:58.867+0000] {dag.py:3328} INFO - Setting next_dagrun for example_branch_datetime_operator_2 to 2022-10-03T00:00:00+00:00, run_after=2022-10-04T00:00:00+00:00
[2022-10-04T23:58:58.902+0000] {logging_mixin.py:117} INFO - [2022-10-04T23:58:58.902+0000] {dag.py:3328} INFO - Setting next_dagrun for example_branch_datetime_operator_3 to 2022-10-03T00:00:00+00:00, run_after=2022-10-04T00:00:00+00:00
[2022-10-04T23:58:59.132+0000] {processor.py:178} INFO - Processing /home/airflow/.local/lib/python3.7/site-packages/airflow/example_dags/example_branch_datetime_operator.py took 1.419 seconds
