[2022-10-04T23:32:56.068+0000] {processor.py:156} INFO - Started process (PID=54) to work on /home/airflow/.local/lib/python3.7/site-packages/airflow/example_dags/example_local_kubernetes_executor.py
[2022-10-04T23:32:56.069+0000] {processor.py:758} INFO - Processing file /home/airflow/.local/lib/python3.7/site-packages/airflow/example_dags/example_local_kubernetes_executor.py for tasks to queue
[2022-10-04T23:32:56.071+0000] {logging_mixin.py:117} INFO - [2022-10-04T23:32:56.070+0000] {dagbag.py:525} INFO - Filling up the DagBag from /home/airflow/.local/lib/python3.7/site-packages/airflow/example_dags/example_local_kubernetes_executor.py
[2022-10-04T23:32:58.824+0000] {processor.py:768} INFO - DAG(s) dict_keys(['example_local_kubernetes_executor']) retrieved from /home/airflow/.local/lib/python3.7/site-packages/airflow/example_dags/example_local_kubernetes_executor.py
[2022-10-04T23:33:22.429+0000] {logging_mixin.py:117} INFO - [2022-10-04T23:33:22.383+0000] {dag.py:2573} INFO - Sync 1 DAGs
[2022-10-04T23:33:23.533+0000] {logging_mixin.py:117} INFO - [2022-10-04T23:33:23.523+0000] {dag.py:3328} INFO - Setting next_dagrun for example_local_kubernetes_executor to None, run_after=None
[2022-10-04T23:34:08.262+0000] {processor.py:156} INFO - Started process (PID=100) to work on /home/airflow/.local/lib/python3.7/site-packages/airflow/example_dags/example_local_kubernetes_executor.py
[2022-10-04T23:34:08.263+0000] {processor.py:758} INFO - Processing file /home/airflow/.local/lib/python3.7/site-packages/airflow/example_dags/example_local_kubernetes_executor.py for tasks to queue
[2022-10-04T23:34:08.264+0000] {logging_mixin.py:117} INFO - [2022-10-04T23:34:08.264+0000] {dagbag.py:525} INFO - Filling up the DagBag from /home/airflow/.local/lib/python3.7/site-packages/airflow/example_dags/example_local_kubernetes_executor.py
[2022-10-04T23:34:08.367+0000] {processor.py:768} INFO - DAG(s) dict_keys(['example_local_kubernetes_executor']) retrieved from /home/airflow/.local/lib/python3.7/site-packages/airflow/example_dags/example_local_kubernetes_executor.py
[2022-10-04T23:34:08.558+0000] {logging_mixin.py:117} INFO - [2022-10-04T23:34:08.558+0000] {dag.py:2573} INFO - Sync 1 DAGs
[2022-10-04T23:34:08.627+0000] {logging_mixin.py:117} INFO - [2022-10-04T23:34:08.626+0000] {dag.py:3328} INFO - Setting next_dagrun for example_local_kubernetes_executor to None, run_after=None
[2022-10-04T23:34:08.744+0000] {processor.py:178} INFO - Processing /home/airflow/.local/lib/python3.7/site-packages/airflow/example_dags/example_local_kubernetes_executor.py took 0.487 seconds
[2022-10-04T23:36:07.102+0000] {processor.py:156} INFO - Started process (PID=65) to work on /home/airflow/.local/lib/python3.7/site-packages/airflow/example_dags/example_local_kubernetes_executor.py
[2022-10-04T23:36:07.113+0000] {processor.py:758} INFO - Processing file /home/airflow/.local/lib/python3.7/site-packages/airflow/example_dags/example_local_kubernetes_executor.py for tasks to queue
[2022-10-04T23:36:07.118+0000] {logging_mixin.py:117} INFO - [2022-10-04T23:36:07.118+0000] {dagbag.py:525} INFO - Filling up the DagBag from /home/airflow/.local/lib/python3.7/site-packages/airflow/example_dags/example_local_kubernetes_executor.py
[2022-10-04T23:36:07.363+0000] {processor.py:768} INFO - DAG(s) dict_keys(['example_local_kubernetes_executor']) retrieved from /home/airflow/.local/lib/python3.7/site-packages/airflow/example_dags/example_local_kubernetes_executor.py
[2022-10-04T23:36:12.648+0000] {logging_mixin.py:117} INFO - [2022-10-04T23:36:12.648+0000] {dag.py:2573} INFO - Sync 1 DAGs
[2022-10-04T23:36:12.852+0000] {logging_mixin.py:117} INFO - [2022-10-04T23:36:12.852+0000] {dag.py:3328} INFO - Setting next_dagrun for example_local_kubernetes_executor to None, run_after=None
[2022-10-04T23:36:16.918+0000] {processor.py:178} INFO - Processing /home/airflow/.local/lib/python3.7/site-packages/airflow/example_dags/example_local_kubernetes_executor.py took 9.842 seconds
[2022-10-04T23:38:02.772+0000] {processor.py:156} INFO - Started process (PID=52) to work on /home/airflow/.local/lib/python3.7/site-packages/airflow/example_dags/example_local_kubernetes_executor.py
[2022-10-04T23:38:02.779+0000] {processor.py:758} INFO - Processing file /home/airflow/.local/lib/python3.7/site-packages/airflow/example_dags/example_local_kubernetes_executor.py for tasks to queue
[2022-10-04T23:38:02.781+0000] {logging_mixin.py:117} INFO - [2022-10-04T23:38:02.780+0000] {dagbag.py:525} INFO - Filling up the DagBag from /home/airflow/.local/lib/python3.7/site-packages/airflow/example_dags/example_local_kubernetes_executor.py
[2022-10-04T23:38:03.736+0000] {processor.py:768} INFO - DAG(s) dict_keys(['example_local_kubernetes_executor']) retrieved from /home/airflow/.local/lib/python3.7/site-packages/airflow/example_dags/example_local_kubernetes_executor.py
[2022-10-04T23:38:25.645+0000] {logging_mixin.py:117} INFO - [2022-10-04T23:38:25.644+0000] {dag.py:2573} INFO - Sync 1 DAGs
[2022-10-04T23:38:25.861+0000] {logging_mixin.py:117} INFO - [2022-10-04T23:38:25.861+0000] {dag.py:3328} INFO - Setting next_dagrun for example_local_kubernetes_executor to None, run_after=None
[2022-10-04T23:38:26.290+0000] {processor.py:178} INFO - Processing /home/airflow/.local/lib/python3.7/site-packages/airflow/example_dags/example_local_kubernetes_executor.py took 23.534 seconds
[2022-10-04T23:40:14.575+0000] {processor.py:156} INFO - Started process (PID=50) to work on /home/airflow/.local/lib/python3.7/site-packages/airflow/example_dags/example_local_kubernetes_executor.py
[2022-10-04T23:40:14.603+0000] {processor.py:758} INFO - Processing file /home/airflow/.local/lib/python3.7/site-packages/airflow/example_dags/example_local_kubernetes_executor.py for tasks to queue
[2022-10-04T23:40:14.629+0000] {logging_mixin.py:117} INFO - [2022-10-04T23:40:14.629+0000] {dagbag.py:525} INFO - Filling up the DagBag from /home/airflow/.local/lib/python3.7/site-packages/airflow/example_dags/example_local_kubernetes_executor.py
[2022-10-04T23:40:14.982+0000] {processor.py:768} INFO - DAG(s) dict_keys(['example_local_kubernetes_executor']) retrieved from /home/airflow/.local/lib/python3.7/site-packages/airflow/example_dags/example_local_kubernetes_executor.py
[2022-10-04T23:40:28.455+0000] {logging_mixin.py:117} INFO - [2022-10-04T23:40:28.455+0000] {dag.py:2573} INFO - Sync 1 DAGs
[2022-10-04T23:40:28.642+0000] {logging_mixin.py:117} INFO - [2022-10-04T23:40:28.642+0000] {dag.py:3328} INFO - Setting next_dagrun for example_local_kubernetes_executor to None, run_after=None
[2022-10-04T23:40:30.246+0000] {processor.py:178} INFO - Processing /home/airflow/.local/lib/python3.7/site-packages/airflow/example_dags/example_local_kubernetes_executor.py took 15.780 seconds
[2022-10-04T23:41:56.282+0000] {processor.py:156} INFO - Started process (PID=54) to work on /home/airflow/.local/lib/python3.7/site-packages/airflow/example_dags/example_local_kubernetes_executor.py
[2022-10-04T23:41:56.290+0000] {processor.py:758} INFO - Processing file /home/airflow/.local/lib/python3.7/site-packages/airflow/example_dags/example_local_kubernetes_executor.py for tasks to queue
[2022-10-04T23:41:56.298+0000] {logging_mixin.py:117} INFO - [2022-10-04T23:41:56.296+0000] {dagbag.py:525} INFO - Filling up the DagBag from /home/airflow/.local/lib/python3.7/site-packages/airflow/example_dags/example_local_kubernetes_executor.py
[2022-10-04T23:41:56.557+0000] {processor.py:768} INFO - DAG(s) dict_keys(['example_local_kubernetes_executor']) retrieved from /home/airflow/.local/lib/python3.7/site-packages/airflow/example_dags/example_local_kubernetes_executor.py
[2022-10-04T23:41:57.536+0000] {logging_mixin.py:117} INFO - [2022-10-04T23:41:57.534+0000] {dag.py:2573} INFO - Sync 1 DAGs
[2022-10-04T23:41:59.268+0000] {logging_mixin.py:117} INFO - [2022-10-04T23:41:58.385+0000] {dag.py:3328} INFO - Setting next_dagrun for example_local_kubernetes_executor to None, run_after=None
[2022-10-04T23:42:00.815+0000] {processor.py:178} INFO - Processing /home/airflow/.local/lib/python3.7/site-packages/airflow/example_dags/example_local_kubernetes_executor.py took 4.568 seconds
[2022-10-04T23:44:27.093+0000] {processor.py:156} INFO - Started process (PID=60) to work on /home/airflow/.local/lib/python3.7/site-packages/airflow/example_dags/example_local_kubernetes_executor.py
[2022-10-04T23:44:27.101+0000] {processor.py:758} INFO - Processing file /home/airflow/.local/lib/python3.7/site-packages/airflow/example_dags/example_local_kubernetes_executor.py for tasks to queue
[2022-10-04T23:44:27.110+0000] {logging_mixin.py:117} INFO - [2022-10-04T23:44:27.110+0000] {dagbag.py:525} INFO - Filling up the DagBag from /home/airflow/.local/lib/python3.7/site-packages/airflow/example_dags/example_local_kubernetes_executor.py
[2022-10-04T23:44:27.495+0000] {processor.py:768} INFO - DAG(s) dict_keys(['example_local_kubernetes_executor']) retrieved from /home/airflow/.local/lib/python3.7/site-packages/airflow/example_dags/example_local_kubernetes_executor.py
[2022-10-04T23:44:35.442+0000] {logging_mixin.py:117} INFO - [2022-10-04T23:44:35.431+0000] {dag.py:2573} INFO - Sync 1 DAGs
[2022-10-04T23:44:35.762+0000] {logging_mixin.py:117} INFO - [2022-10-04T23:44:35.762+0000] {dag.py:3328} INFO - Setting next_dagrun for example_local_kubernetes_executor to None, run_after=None
[2022-10-04T23:44:48.497+0000] {processor.py:178} INFO - Processing /home/airflow/.local/lib/python3.7/site-packages/airflow/example_dags/example_local_kubernetes_executor.py took 21.453 seconds
[2022-10-04T23:46:16.821+0000] {processor.py:156} INFO - Started process (PID=44) to work on /home/airflow/.local/lib/python3.7/site-packages/airflow/example_dags/example_local_kubernetes_executor.py
[2022-10-04T23:46:16.826+0000] {processor.py:758} INFO - Processing file /home/airflow/.local/lib/python3.7/site-packages/airflow/example_dags/example_local_kubernetes_executor.py for tasks to queue
[2022-10-04T23:46:16.837+0000] {logging_mixin.py:117} INFO - [2022-10-04T23:46:16.836+0000] {dagbag.py:525} INFO - Filling up the DagBag from /home/airflow/.local/lib/python3.7/site-packages/airflow/example_dags/example_local_kubernetes_executor.py
[2022-10-04T23:46:17.029+0000] {processor.py:768} INFO - DAG(s) dict_keys(['example_local_kubernetes_executor']) retrieved from /home/airflow/.local/lib/python3.7/site-packages/airflow/example_dags/example_local_kubernetes_executor.py
[2022-10-04T23:46:23.574+0000] {logging_mixin.py:117} INFO - [2022-10-04T23:46:23.573+0000] {dag.py:2573} INFO - Sync 1 DAGs
[2022-10-04T23:46:23.716+0000] {logging_mixin.py:117} INFO - [2022-10-04T23:46:23.715+0000] {dag.py:3328} INFO - Setting next_dagrun for example_local_kubernetes_executor to None, run_after=None
[2022-10-04T23:46:25.454+0000] {processor.py:178} INFO - Processing /home/airflow/.local/lib/python3.7/site-packages/airflow/example_dags/example_local_kubernetes_executor.py took 8.643 seconds
[2022-10-04T23:48:22.410+0000] {processor.py:156} INFO - Started process (PID=53) to work on /home/airflow/.local/lib/python3.7/site-packages/airflow/example_dags/example_local_kubernetes_executor.py
[2022-10-04T23:48:22.416+0000] {processor.py:758} INFO - Processing file /home/airflow/.local/lib/python3.7/site-packages/airflow/example_dags/example_local_kubernetes_executor.py for tasks to queue
[2022-10-04T23:48:22.417+0000] {logging_mixin.py:117} INFO - [2022-10-04T23:48:22.417+0000] {dagbag.py:525} INFO - Filling up the DagBag from /home/airflow/.local/lib/python3.7/site-packages/airflow/example_dags/example_local_kubernetes_executor.py
[2022-10-04T23:48:22.638+0000] {processor.py:768} INFO - DAG(s) dict_keys(['example_local_kubernetes_executor']) retrieved from /home/airflow/.local/lib/python3.7/site-packages/airflow/example_dags/example_local_kubernetes_executor.py
[2022-10-04T23:48:30.220+0000] {logging_mixin.py:117} INFO - [2022-10-04T23:48:30.212+0000] {dag.py:2573} INFO - Sync 1 DAGs
[2022-10-04T23:48:31.962+0000] {logging_mixin.py:117} INFO - [2022-10-04T23:48:31.961+0000] {dag.py:3328} INFO - Setting next_dagrun for example_local_kubernetes_executor to None, run_after=None
[2022-10-04T23:48:39.098+0000] {processor.py:178} INFO - Processing /home/airflow/.local/lib/python3.7/site-packages/airflow/example_dags/example_local_kubernetes_executor.py took 16.701 seconds
[2022-10-04T23:50:13.895+0000] {processor.py:156} INFO - Started process (PID=44) to work on /home/airflow/.local/lib/python3.7/site-packages/airflow/example_dags/example_local_kubernetes_executor.py
[2022-10-04T23:50:13.898+0000] {processor.py:758} INFO - Processing file /home/airflow/.local/lib/python3.7/site-packages/airflow/example_dags/example_local_kubernetes_executor.py for tasks to queue
[2022-10-04T23:50:13.900+0000] {logging_mixin.py:117} INFO - [2022-10-04T23:50:13.899+0000] {dagbag.py:525} INFO - Filling up the DagBag from /home/airflow/.local/lib/python3.7/site-packages/airflow/example_dags/example_local_kubernetes_executor.py
[2022-10-04T23:50:14.018+0000] {processor.py:768} INFO - DAG(s) dict_keys(['example_local_kubernetes_executor']) retrieved from /home/airflow/.local/lib/python3.7/site-packages/airflow/example_dags/example_local_kubernetes_executor.py
[2022-10-04T23:50:17.857+0000] {logging_mixin.py:117} INFO - [2022-10-04T23:50:17.856+0000] {dag.py:2573} INFO - Sync 1 DAGs
[2022-10-04T23:50:19.609+0000] {logging_mixin.py:117} INFO - [2022-10-04T23:50:19.594+0000] {dag.py:3328} INFO - Setting next_dagrun for example_local_kubernetes_executor to None, run_after=None
[2022-10-04T23:50:21.285+0000] {processor.py:178} INFO - Processing /home/airflow/.local/lib/python3.7/site-packages/airflow/example_dags/example_local_kubernetes_executor.py took 7.399 seconds
[2022-10-04T23:52:25.321+0000] {processor.py:156} INFO - Started process (PID=45) to work on /home/airflow/.local/lib/python3.7/site-packages/airflow/example_dags/example_local_kubernetes_executor.py
[2022-10-04T23:52:25.325+0000] {processor.py:758} INFO - Processing file /home/airflow/.local/lib/python3.7/site-packages/airflow/example_dags/example_local_kubernetes_executor.py for tasks to queue
[2022-10-04T23:52:25.327+0000] {logging_mixin.py:117} INFO - [2022-10-04T23:52:25.327+0000] {dagbag.py:525} INFO - Filling up the DagBag from /home/airflow/.local/lib/python3.7/site-packages/airflow/example_dags/example_local_kubernetes_executor.py
[2022-10-04T23:52:25.505+0000] {processor.py:768} INFO - DAG(s) dict_keys(['example_local_kubernetes_executor']) retrieved from /home/airflow/.local/lib/python3.7/site-packages/airflow/example_dags/example_local_kubernetes_executor.py
[2022-10-04T23:52:30.469+0000] {logging_mixin.py:117} INFO - [2022-10-04T23:52:30.469+0000] {dag.py:2573} INFO - Sync 1 DAGs
[2022-10-04T23:52:30.733+0000] {logging_mixin.py:117} INFO - [2022-10-04T23:52:30.733+0000] {dag.py:3328} INFO - Setting next_dagrun for example_local_kubernetes_executor to None, run_after=None
[2022-10-04T23:52:34.391+0000] {processor.py:178} INFO - Processing /home/airflow/.local/lib/python3.7/site-packages/airflow/example_dags/example_local_kubernetes_executor.py took 9.091 seconds
[2022-10-04T23:54:31.864+0000] {processor.py:156} INFO - Started process (PID=44) to work on /home/airflow/.local/lib/python3.7/site-packages/airflow/example_dags/example_local_kubernetes_executor.py
[2022-10-04T23:54:31.870+0000] {processor.py:758} INFO - Processing file /home/airflow/.local/lib/python3.7/site-packages/airflow/example_dags/example_local_kubernetes_executor.py for tasks to queue
[2022-10-04T23:54:31.871+0000] {logging_mixin.py:117} INFO - [2022-10-04T23:54:31.870+0000] {dagbag.py:525} INFO - Filling up the DagBag from /home/airflow/.local/lib/python3.7/site-packages/airflow/example_dags/example_local_kubernetes_executor.py
[2022-10-04T23:54:31.978+0000] {processor.py:768} INFO - DAG(s) dict_keys(['example_local_kubernetes_executor']) retrieved from /home/airflow/.local/lib/python3.7/site-packages/airflow/example_dags/example_local_kubernetes_executor.py
[2022-10-04T23:54:37.694+0000] {logging_mixin.py:117} INFO - [2022-10-04T23:54:37.686+0000] {dag.py:2573} INFO - Sync 1 DAGs
[2022-10-04T23:54:39.248+0000] {logging_mixin.py:117} INFO - [2022-10-04T23:54:39.235+0000] {dag.py:3328} INFO - Setting next_dagrun for example_local_kubernetes_executor to None, run_after=None
[2022-10-04T23:54:40.718+0000] {processor.py:178} INFO - Processing /home/airflow/.local/lib/python3.7/site-packages/airflow/example_dags/example_local_kubernetes_executor.py took 8.870 seconds
[2022-10-04T23:56:31.291+0000] {processor.py:156} INFO - Started process (PID=55) to work on /home/airflow/.local/lib/python3.7/site-packages/airflow/example_dags/example_local_kubernetes_executor.py
[2022-10-04T23:56:31.293+0000] {processor.py:758} INFO - Processing file /home/airflow/.local/lib/python3.7/site-packages/airflow/example_dags/example_local_kubernetes_executor.py for tasks to queue
[2022-10-04T23:56:31.295+0000] {logging_mixin.py:117} INFO - [2022-10-04T23:56:31.295+0000] {dagbag.py:525} INFO - Filling up the DagBag from /home/airflow/.local/lib/python3.7/site-packages/airflow/example_dags/example_local_kubernetes_executor.py
[2022-10-04T23:56:31.437+0000] {processor.py:768} INFO - DAG(s) dict_keys(['example_local_kubernetes_executor']) retrieved from /home/airflow/.local/lib/python3.7/site-packages/airflow/example_dags/example_local_kubernetes_executor.py
[2022-10-04T23:56:42.219+0000] {logging_mixin.py:117} INFO - [2022-10-04T23:56:42.194+0000] {dag.py:2573} INFO - Sync 1 DAGs
[2022-10-04T23:56:42.375+0000] {logging_mixin.py:117} INFO - [2022-10-04T23:56:42.375+0000] {dag.py:3328} INFO - Setting next_dagrun for example_local_kubernetes_executor to None, run_after=None
[2022-10-04T23:56:44.919+0000] {processor.py:178} INFO - Processing /home/airflow/.local/lib/python3.7/site-packages/airflow/example_dags/example_local_kubernetes_executor.py took 13.636 seconds
[2022-10-04T23:58:46.409+0000] {processor.py:156} INFO - Started process (PID=64) to work on /home/airflow/.local/lib/python3.7/site-packages/airflow/example_dags/example_local_kubernetes_executor.py
[2022-10-04T23:58:46.422+0000] {processor.py:758} INFO - Processing file /home/airflow/.local/lib/python3.7/site-packages/airflow/example_dags/example_local_kubernetes_executor.py for tasks to queue
[2022-10-04T23:58:46.424+0000] {logging_mixin.py:117} INFO - [2022-10-04T23:58:46.423+0000] {dagbag.py:525} INFO - Filling up the DagBag from /home/airflow/.local/lib/python3.7/site-packages/airflow/example_dags/example_local_kubernetes_executor.py
[2022-10-04T23:58:46.839+0000] {processor.py:768} INFO - DAG(s) dict_keys(['example_local_kubernetes_executor']) retrieved from /home/airflow/.local/lib/python3.7/site-packages/airflow/example_dags/example_local_kubernetes_executor.py
[2022-10-04T23:58:50.808+0000] {logging_mixin.py:117} INFO - [2022-10-04T23:58:50.808+0000] {dag.py:2573} INFO - Sync 1 DAGs
[2022-10-04T23:58:50.898+0000] {logging_mixin.py:117} INFO - [2022-10-04T23:58:50.898+0000] {dag.py:3328} INFO - Setting next_dagrun for example_local_kubernetes_executor to None, run_after=None
[2022-10-04T23:58:51.082+0000] {processor.py:178} INFO - Processing /home/airflow/.local/lib/python3.7/site-packages/airflow/example_dags/example_local_kubernetes_executor.py took 4.697 seconds
