[2022-10-04T23:34:02.049+0000] {processor.py:156} INFO - Started process (PID=72) to work on /home/airflow/.local/lib/python3.7/site-packages/airflow/example_dags/example_python_operator.py
[2022-10-04T23:34:02.051+0000] {processor.py:758} INFO - Processing file /home/airflow/.local/lib/python3.7/site-packages/airflow/example_dags/example_python_operator.py for tasks to queue
[2022-10-04T23:34:02.053+0000] {logging_mixin.py:117} INFO - [2022-10-04T23:34:02.052+0000] {dagbag.py:525} INFO - Filling up the DagBag from /home/airflow/.local/lib/python3.7/site-packages/airflow/example_dags/example_python_operator.py
[2022-10-04T23:34:02.109+0000] {processor.py:768} INFO - DAG(s) dict_keys(['example_python_operator']) retrieved from /home/airflow/.local/lib/python3.7/site-packages/airflow/example_dags/example_python_operator.py
[2022-10-04T23:34:02.168+0000] {logging_mixin.py:117} INFO - [2022-10-04T23:34:02.167+0000] {dag.py:2573} INFO - Sync 1 DAGs
[2022-10-04T23:34:02.211+0000] {logging_mixin.py:117} INFO - [2022-10-04T23:34:02.211+0000] {dag.py:3328} INFO - Setting next_dagrun for example_python_operator to None, run_after=None
[2022-10-04T23:34:02.375+0000] {processor.py:178} INFO - Processing /home/airflow/.local/lib/python3.7/site-packages/airflow/example_dags/example_python_operator.py took 0.333 seconds
[2022-10-04T23:36:20.475+0000] {processor.py:156} INFO - Started process (PID=74) to work on /home/airflow/.local/lib/python3.7/site-packages/airflow/example_dags/example_python_operator.py
[2022-10-04T23:36:20.483+0000] {processor.py:758} INFO - Processing file /home/airflow/.local/lib/python3.7/site-packages/airflow/example_dags/example_python_operator.py for tasks to queue
[2022-10-04T23:36:20.484+0000] {logging_mixin.py:117} INFO - [2022-10-04T23:36:20.484+0000] {dagbag.py:525} INFO - Filling up the DagBag from /home/airflow/.local/lib/python3.7/site-packages/airflow/example_dags/example_python_operator.py
[2022-10-04T23:36:21.032+0000] {processor.py:768} INFO - DAG(s) dict_keys(['example_python_operator']) retrieved from /home/airflow/.local/lib/python3.7/site-packages/airflow/example_dags/example_python_operator.py
[2022-10-04T23:36:21.103+0000] {logging_mixin.py:117} INFO - [2022-10-04T23:36:21.103+0000] {dag.py:2573} INFO - Sync 1 DAGs
[2022-10-04T23:36:21.196+0000] {logging_mixin.py:117} INFO - [2022-10-04T23:36:21.195+0000] {dag.py:3328} INFO - Setting next_dagrun for example_python_operator to None, run_after=None
[2022-10-04T23:36:21.434+0000] {processor.py:178} INFO - Processing /home/airflow/.local/lib/python3.7/site-packages/airflow/example_dags/example_python_operator.py took 0.966 seconds
[2022-10-04T23:38:43.735+0000] {processor.py:156} INFO - Started process (PID=79) to work on /home/airflow/.local/lib/python3.7/site-packages/airflow/example_dags/example_python_operator.py
[2022-10-04T23:38:43.742+0000] {processor.py:758} INFO - Processing file /home/airflow/.local/lib/python3.7/site-packages/airflow/example_dags/example_python_operator.py for tasks to queue
[2022-10-04T23:38:43.751+0000] {logging_mixin.py:117} INFO - [2022-10-04T23:38:43.750+0000] {dagbag.py:525} INFO - Filling up the DagBag from /home/airflow/.local/lib/python3.7/site-packages/airflow/example_dags/example_python_operator.py
[2022-10-04T23:38:44.904+0000] {processor.py:768} INFO - DAG(s) dict_keys(['example_python_operator']) retrieved from /home/airflow/.local/lib/python3.7/site-packages/airflow/example_dags/example_python_operator.py
[2022-10-04T23:38:45.111+0000] {logging_mixin.py:117} INFO - [2022-10-04T23:38:45.111+0000] {dag.py:2573} INFO - Sync 1 DAGs
[2022-10-04T23:38:45.288+0000] {logging_mixin.py:117} INFO - [2022-10-04T23:38:45.288+0000] {dag.py:3328} INFO - Setting next_dagrun for example_python_operator to None, run_after=None
[2022-10-04T23:38:46.154+0000] {processor.py:178} INFO - Processing /home/airflow/.local/lib/python3.7/site-packages/airflow/example_dags/example_python_operator.py took 2.450 seconds
[2022-10-04T23:40:37.541+0000] {processor.py:156} INFO - Started process (PID=70) to work on /home/airflow/.local/lib/python3.7/site-packages/airflow/example_dags/example_python_operator.py
[2022-10-04T23:40:37.555+0000] {processor.py:758} INFO - Processing file /home/airflow/.local/lib/python3.7/site-packages/airflow/example_dags/example_python_operator.py for tasks to queue
[2022-10-04T23:40:37.566+0000] {logging_mixin.py:117} INFO - [2022-10-04T23:40:37.566+0000] {dagbag.py:525} INFO - Filling up the DagBag from /home/airflow/.local/lib/python3.7/site-packages/airflow/example_dags/example_python_operator.py
[2022-10-04T23:40:38.884+0000] {processor.py:768} INFO - DAG(s) dict_keys(['example_python_operator']) retrieved from /home/airflow/.local/lib/python3.7/site-packages/airflow/example_dags/example_python_operator.py
[2022-10-04T23:40:39.099+0000] {logging_mixin.py:117} INFO - [2022-10-04T23:40:39.099+0000] {dag.py:2573} INFO - Sync 1 DAGs
[2022-10-04T23:40:39.266+0000] {logging_mixin.py:117} INFO - [2022-10-04T23:40:39.266+0000] {dag.py:3328} INFO - Setting next_dagrun for example_python_operator to None, run_after=None
[2022-10-04T23:40:39.515+0000] {processor.py:178} INFO - Processing /home/airflow/.local/lib/python3.7/site-packages/airflow/example_dags/example_python_operator.py took 2.000 seconds
[2022-10-04T23:42:40.556+0000] {processor.py:156} INFO - Started process (PID=81) to work on /home/airflow/.local/lib/python3.7/site-packages/airflow/example_dags/example_python_operator.py
[2022-10-04T23:42:40.566+0000] {processor.py:758} INFO - Processing file /home/airflow/.local/lib/python3.7/site-packages/airflow/example_dags/example_python_operator.py for tasks to queue
[2022-10-04T23:42:40.574+0000] {logging_mixin.py:117} INFO - [2022-10-04T23:42:40.574+0000] {dagbag.py:525} INFO - Filling up the DagBag from /home/airflow/.local/lib/python3.7/site-packages/airflow/example_dags/example_python_operator.py
[2022-10-04T23:42:41.309+0000] {processor.py:768} INFO - DAG(s) dict_keys(['example_python_operator']) retrieved from /home/airflow/.local/lib/python3.7/site-packages/airflow/example_dags/example_python_operator.py
[2022-10-04T23:42:41.522+0000] {logging_mixin.py:117} INFO - [2022-10-04T23:42:41.522+0000] {dag.py:2573} INFO - Sync 1 DAGs
[2022-10-04T23:42:41.608+0000] {logging_mixin.py:117} INFO - [2022-10-04T23:42:41.608+0000] {dag.py:3328} INFO - Setting next_dagrun for example_python_operator to None, run_after=None
[2022-10-04T23:42:41.684+0000] {processor.py:178} INFO - Processing /home/airflow/.local/lib/python3.7/site-packages/airflow/example_dags/example_python_operator.py took 1.149 seconds
[2022-10-04T23:44:50.612+0000] {processor.py:156} INFO - Started process (PID=73) to work on /home/airflow/.local/lib/python3.7/site-packages/airflow/example_dags/example_python_operator.py
[2022-10-04T23:44:50.614+0000] {processor.py:758} INFO - Processing file /home/airflow/.local/lib/python3.7/site-packages/airflow/example_dags/example_python_operator.py for tasks to queue
[2022-10-04T23:44:50.615+0000] {logging_mixin.py:117} INFO - [2022-10-04T23:44:50.614+0000] {dagbag.py:525} INFO - Filling up the DagBag from /home/airflow/.local/lib/python3.7/site-packages/airflow/example_dags/example_python_operator.py
[2022-10-04T23:44:50.652+0000] {processor.py:768} INFO - DAG(s) dict_keys(['example_python_operator']) retrieved from /home/airflow/.local/lib/python3.7/site-packages/airflow/example_dags/example_python_operator.py
[2022-10-04T23:44:50.993+0000] {logging_mixin.py:117} INFO - [2022-10-04T23:44:50.993+0000] {dag.py:2573} INFO - Sync 1 DAGs
[2022-10-04T23:44:51.050+0000] {logging_mixin.py:117} INFO - [2022-10-04T23:44:51.050+0000] {dag.py:3328} INFO - Setting next_dagrun for example_python_operator to None, run_after=None
[2022-10-04T23:44:51.359+0000] {processor.py:178} INFO - Processing /home/airflow/.local/lib/python3.7/site-packages/airflow/example_dags/example_python_operator.py took 0.752 seconds
[2022-10-04T23:46:44.715+0000] {processor.py:156} INFO - Started process (PID=71) to work on /home/airflow/.local/lib/python3.7/site-packages/airflow/example_dags/example_python_operator.py
[2022-10-04T23:46:44.716+0000] {processor.py:758} INFO - Processing file /home/airflow/.local/lib/python3.7/site-packages/airflow/example_dags/example_python_operator.py for tasks to queue
[2022-10-04T23:46:44.728+0000] {logging_mixin.py:117} INFO - [2022-10-04T23:46:44.727+0000] {dagbag.py:525} INFO - Filling up the DagBag from /home/airflow/.local/lib/python3.7/site-packages/airflow/example_dags/example_python_operator.py
[2022-10-04T23:46:45.996+0000] {processor.py:768} INFO - DAG(s) dict_keys(['example_python_operator']) retrieved from /home/airflow/.local/lib/python3.7/site-packages/airflow/example_dags/example_python_operator.py
[2022-10-04T23:46:46.300+0000] {logging_mixin.py:117} INFO - [2022-10-04T23:46:46.299+0000] {dag.py:2573} INFO - Sync 1 DAGs
[2022-10-04T23:46:46.443+0000] {logging_mixin.py:117} INFO - [2022-10-04T23:46:46.442+0000] {dag.py:3328} INFO - Setting next_dagrun for example_python_operator to None, run_after=None
[2022-10-04T23:46:46.579+0000] {processor.py:178} INFO - Processing /home/airflow/.local/lib/python3.7/site-packages/airflow/example_dags/example_python_operator.py took 1.885 seconds
[2022-10-04T23:48:51.168+0000] {processor.py:156} INFO - Started process (PID=70) to work on /home/airflow/.local/lib/python3.7/site-packages/airflow/example_dags/example_python_operator.py
[2022-10-04T23:48:51.176+0000] {processor.py:758} INFO - Processing file /home/airflow/.local/lib/python3.7/site-packages/airflow/example_dags/example_python_operator.py for tasks to queue
[2022-10-04T23:48:51.184+0000] {logging_mixin.py:117} INFO - [2022-10-04T23:48:51.183+0000] {dagbag.py:525} INFO - Filling up the DagBag from /home/airflow/.local/lib/python3.7/site-packages/airflow/example_dags/example_python_operator.py
[2022-10-04T23:48:52.580+0000] {processor.py:768} INFO - DAG(s) dict_keys(['example_python_operator']) retrieved from /home/airflow/.local/lib/python3.7/site-packages/airflow/example_dags/example_python_operator.py
[2022-10-04T23:48:52.933+0000] {logging_mixin.py:117} INFO - [2022-10-04T23:48:52.933+0000] {dag.py:2573} INFO - Sync 1 DAGs
[2022-10-04T23:48:53.138+0000] {logging_mixin.py:117} INFO - [2022-10-04T23:48:53.137+0000] {dag.py:3328} INFO - Setting next_dagrun for example_python_operator to None, run_after=None
[2022-10-04T23:48:53.265+0000] {processor.py:178} INFO - Processing /home/airflow/.local/lib/python3.7/site-packages/airflow/example_dags/example_python_operator.py took 2.158 seconds
[2022-10-04T23:50:39.186+0000] {processor.py:156} INFO - Started process (PID=61) to work on /home/airflow/.local/lib/python3.7/site-packages/airflow/example_dags/example_python_operator.py
[2022-10-04T23:50:39.197+0000] {processor.py:758} INFO - Processing file /home/airflow/.local/lib/python3.7/site-packages/airflow/example_dags/example_python_operator.py for tasks to queue
[2022-10-04T23:50:39.202+0000] {logging_mixin.py:117} INFO - [2022-10-04T23:50:39.202+0000] {dagbag.py:525} INFO - Filling up the DagBag from /home/airflow/.local/lib/python3.7/site-packages/airflow/example_dags/example_python_operator.py
[2022-10-04T23:50:39.403+0000] {processor.py:768} INFO - DAG(s) dict_keys(['example_python_operator']) retrieved from /home/airflow/.local/lib/python3.7/site-packages/airflow/example_dags/example_python_operator.py
[2022-10-04T23:50:40.380+0000] {logging_mixin.py:117} INFO - [2022-10-04T23:50:40.380+0000] {dag.py:2573} INFO - Sync 1 DAGs
[2022-10-04T23:50:40.493+0000] {logging_mixin.py:117} INFO - [2022-10-04T23:50:40.493+0000] {dag.py:3328} INFO - Setting next_dagrun for example_python_operator to None, run_after=None
[2022-10-04T23:50:40.587+0000] {processor.py:178} INFO - Processing /home/airflow/.local/lib/python3.7/site-packages/airflow/example_dags/example_python_operator.py took 1.428 seconds
[2022-10-04T23:52:54.050+0000] {processor.py:156} INFO - Started process (PID=73) to work on /home/airflow/.local/lib/python3.7/site-packages/airflow/example_dags/example_python_operator.py
[2022-10-04T23:52:54.068+0000] {processor.py:758} INFO - Processing file /home/airflow/.local/lib/python3.7/site-packages/airflow/example_dags/example_python_operator.py for tasks to queue
[2022-10-04T23:52:54.069+0000] {logging_mixin.py:117} INFO - [2022-10-04T23:52:54.069+0000] {dagbag.py:525} INFO - Filling up the DagBag from /home/airflow/.local/lib/python3.7/site-packages/airflow/example_dags/example_python_operator.py
[2022-10-04T23:52:54.913+0000] {processor.py:768} INFO - DAG(s) dict_keys(['example_python_operator']) retrieved from /home/airflow/.local/lib/python3.7/site-packages/airflow/example_dags/example_python_operator.py
[2022-10-04T23:52:55.062+0000] {logging_mixin.py:117} INFO - [2022-10-04T23:52:55.062+0000] {dag.py:2573} INFO - Sync 1 DAGs
[2022-10-04T23:52:55.154+0000] {logging_mixin.py:117} INFO - [2022-10-04T23:52:55.154+0000] {dag.py:3328} INFO - Setting next_dagrun for example_python_operator to None, run_after=None
[2022-10-04T23:52:55.246+0000] {processor.py:178} INFO - Processing /home/airflow/.local/lib/python3.7/site-packages/airflow/example_dags/example_python_operator.py took 1.201 seconds
[2022-10-04T23:54:53.177+0000] {processor.py:156} INFO - Started process (PID=62) to work on /home/airflow/.local/lib/python3.7/site-packages/airflow/example_dags/example_python_operator.py
[2022-10-04T23:54:53.180+0000] {processor.py:758} INFO - Processing file /home/airflow/.local/lib/python3.7/site-packages/airflow/example_dags/example_python_operator.py for tasks to queue
[2022-10-04T23:54:53.184+0000] {logging_mixin.py:117} INFO - [2022-10-04T23:54:53.183+0000] {dagbag.py:525} INFO - Filling up the DagBag from /home/airflow/.local/lib/python3.7/site-packages/airflow/example_dags/example_python_operator.py
[2022-10-04T23:54:53.740+0000] {processor.py:768} INFO - DAG(s) dict_keys(['example_python_operator']) retrieved from /home/airflow/.local/lib/python3.7/site-packages/airflow/example_dags/example_python_operator.py
[2022-10-04T23:54:54.020+0000] {logging_mixin.py:117} INFO - [2022-10-04T23:54:54.020+0000] {dag.py:2573} INFO - Sync 1 DAGs
[2022-10-04T23:54:54.104+0000] {logging_mixin.py:117} INFO - [2022-10-04T23:54:54.104+0000] {dag.py:3328} INFO - Setting next_dagrun for example_python_operator to None, run_after=None
[2022-10-04T23:54:54.199+0000] {processor.py:178} INFO - Processing /home/airflow/.local/lib/python3.7/site-packages/airflow/example_dags/example_python_operator.py took 1.036 seconds
[2022-10-04T23:57:06.182+0000] {processor.py:156} INFO - Started process (PID=82) to work on /home/airflow/.local/lib/python3.7/site-packages/airflow/example_dags/example_python_operator.py
[2022-10-04T23:57:06.186+0000] {processor.py:758} INFO - Processing file /home/airflow/.local/lib/python3.7/site-packages/airflow/example_dags/example_python_operator.py for tasks to queue
[2022-10-04T23:57:06.189+0000] {logging_mixin.py:117} INFO - [2022-10-04T23:57:06.189+0000] {dagbag.py:525} INFO - Filling up the DagBag from /home/airflow/.local/lib/python3.7/site-packages/airflow/example_dags/example_python_operator.py
[2022-10-04T23:57:06.646+0000] {processor.py:768} INFO - DAG(s) dict_keys(['example_python_operator']) retrieved from /home/airflow/.local/lib/python3.7/site-packages/airflow/example_dags/example_python_operator.py
[2022-10-04T23:57:06.744+0000] {logging_mixin.py:117} INFO - [2022-10-04T23:57:06.744+0000] {dag.py:2573} INFO - Sync 1 DAGs
[2022-10-04T23:57:06.814+0000] {logging_mixin.py:117} INFO - [2022-10-04T23:57:06.814+0000] {dag.py:3328} INFO - Setting next_dagrun for example_python_operator to None, run_after=None
[2022-10-04T23:57:06.964+0000] {processor.py:178} INFO - Processing /home/airflow/.local/lib/python3.7/site-packages/airflow/example_dags/example_python_operator.py took 0.787 seconds
[2022-10-04T23:58:58.303+0000] {processor.py:156} INFO - Started process (PID=73) to work on /home/airflow/.local/lib/python3.7/site-packages/airflow/example_dags/example_python_operator.py
[2022-10-04T23:58:58.312+0000] {processor.py:758} INFO - Processing file /home/airflow/.local/lib/python3.7/site-packages/airflow/example_dags/example_python_operator.py for tasks to queue
[2022-10-04T23:58:58.322+0000] {logging_mixin.py:117} INFO - [2022-10-04T23:58:58.322+0000] {dagbag.py:525} INFO - Filling up the DagBag from /home/airflow/.local/lib/python3.7/site-packages/airflow/example_dags/example_python_operator.py
[2022-10-04T23:58:59.084+0000] {processor.py:768} INFO - DAG(s) dict_keys(['example_python_operator']) retrieved from /home/airflow/.local/lib/python3.7/site-packages/airflow/example_dags/example_python_operator.py
[2022-10-04T23:58:59.269+0000] {logging_mixin.py:117} INFO - [2022-10-04T23:58:59.269+0000] {dag.py:2573} INFO - Sync 1 DAGs
[2022-10-04T23:58:59.324+0000] {logging_mixin.py:117} INFO - [2022-10-04T23:58:59.323+0000] {dag.py:3328} INFO - Setting next_dagrun for example_python_operator to None, run_after=None
[2022-10-04T23:58:59.477+0000] {processor.py:178} INFO - Processing /home/airflow/.local/lib/python3.7/site-packages/airflow/example_dags/example_python_operator.py took 1.206 seconds
