[2022-10-04T23:32:53.083+0000] {processor.py:156} INFO - Started process (PID=49) to work on /home/airflow/.local/lib/python3.7/site-packages/airflow/example_dags/example_bash_operator.py
[2022-10-04T23:32:53.088+0000] {processor.py:758} INFO - Processing file /home/airflow/.local/lib/python3.7/site-packages/airflow/example_dags/example_bash_operator.py for tasks to queue
[2022-10-04T23:32:53.119+0000] {logging_mixin.py:117} INFO - [2022-10-04T23:32:53.114+0000] {dagbag.py:525} INFO - Filling up the DagBag from /home/airflow/.local/lib/python3.7/site-packages/airflow/example_dags/example_bash_operator.py
[2022-10-04T23:32:53.971+0000] {processor.py:768} INFO - DAG(s) dict_keys(['example_bash_operator']) retrieved from /home/airflow/.local/lib/python3.7/site-packages/airflow/example_dags/example_bash_operator.py
[2022-10-04T23:32:54.243+0000] {logging_mixin.py:117} INFO - [2022-10-04T23:32:54.243+0000] {dag.py:2573} INFO - Sync 1 DAGs
[2022-10-04T23:32:54.307+0000] {logging_mixin.py:117} INFO - [2022-10-04T23:32:54.307+0000] {dag.py:3328} INFO - Setting next_dagrun for example_bash_operator to 2022-10-03T00:00:00+00:00, run_after=2022-10-04T00:00:00+00:00
[2022-10-04T23:32:54.401+0000] {processor.py:178} INFO - Processing /home/airflow/.local/lib/python3.7/site-packages/airflow/example_dags/example_bash_operator.py took 1.338 seconds
[2022-10-04T23:34:07.141+0000] {processor.py:156} INFO - Started process (PID=94) to work on /home/airflow/.local/lib/python3.7/site-packages/airflow/example_dags/example_bash_operator.py
[2022-10-04T23:34:07.142+0000] {processor.py:758} INFO - Processing file /home/airflow/.local/lib/python3.7/site-packages/airflow/example_dags/example_bash_operator.py for tasks to queue
[2022-10-04T23:34:07.143+0000] {logging_mixin.py:117} INFO - [2022-10-04T23:34:07.143+0000] {dagbag.py:525} INFO - Filling up the DagBag from /home/airflow/.local/lib/python3.7/site-packages/airflow/example_dags/example_bash_operator.py
[2022-10-04T23:34:07.178+0000] {processor.py:768} INFO - DAG(s) dict_keys(['example_bash_operator']) retrieved from /home/airflow/.local/lib/python3.7/site-packages/airflow/example_dags/example_bash_operator.py
[2022-10-04T23:34:07.288+0000] {logging_mixin.py:117} INFO - [2022-10-04T23:34:07.288+0000] {dag.py:2573} INFO - Sync 1 DAGs
[2022-10-04T23:34:07.340+0000] {logging_mixin.py:117} INFO - [2022-10-04T23:34:07.340+0000] {dag.py:3328} INFO - Setting next_dagrun for example_bash_operator to 2022-10-03T00:00:00+00:00, run_after=2022-10-04T00:00:00+00:00
[2022-10-04T23:34:07.435+0000] {processor.py:178} INFO - Processing /home/airflow/.local/lib/python3.7/site-packages/airflow/example_dags/example_bash_operator.py took 0.299 seconds
[2022-10-04T23:34:43.400+0000] {processor.py:156} INFO - Started process (PID=122) to work on /home/airflow/.local/lib/python3.7/site-packages/airflow/example_dags/example_bash_operator.py
[2022-10-04T23:34:43.406+0000] {processor.py:758} INFO - Processing file /home/airflow/.local/lib/python3.7/site-packages/airflow/example_dags/example_bash_operator.py for tasks to queue
[2022-10-04T23:34:43.407+0000] {logging_mixin.py:117} INFO - [2022-10-04T23:34:43.407+0000] {dagbag.py:525} INFO - Filling up the DagBag from /home/airflow/.local/lib/python3.7/site-packages/airflow/example_dags/example_bash_operator.py
[2022-10-04T23:34:43.618+0000] {processor.py:768} INFO - DAG(s) dict_keys(['example_bash_operator']) retrieved from /home/airflow/.local/lib/python3.7/site-packages/airflow/example_dags/example_bash_operator.py
[2022-10-04T23:34:43.803+0000] {logging_mixin.py:117} INFO - [2022-10-04T23:34:43.803+0000] {dag.py:2573} INFO - Sync 1 DAGs
[2022-10-04T23:34:44.910+0000] {logging_mixin.py:117} INFO - [2022-10-04T23:34:44.909+0000] {dag.py:3328} INFO - Setting next_dagrun for example_bash_operator to 2022-10-03T00:00:00+00:00, run_after=2022-10-04T00:00:00+00:00
[2022-10-04T23:35:29.110+0000] {processor.py:156} INFO - Started process (PID=41) to work on /home/airflow/.local/lib/python3.7/site-packages/airflow/example_dags/example_bash_operator.py
[2022-10-04T23:35:29.115+0000] {processor.py:758} INFO - Processing file /home/airflow/.local/lib/python3.7/site-packages/airflow/example_dags/example_bash_operator.py for tasks to queue
[2022-10-04T23:35:29.125+0000] {logging_mixin.py:117} INFO - [2022-10-04T23:35:29.124+0000] {dagbag.py:525} INFO - Filling up the DagBag from /home/airflow/.local/lib/python3.7/site-packages/airflow/example_dags/example_bash_operator.py
[2022-10-04T23:35:29.454+0000] {processor.py:768} INFO - DAG(s) dict_keys(['example_bash_operator']) retrieved from /home/airflow/.local/lib/python3.7/site-packages/airflow/example_dags/example_bash_operator.py
[2022-10-04T23:35:31.098+0000] {logging_mixin.py:117} INFO - [2022-10-04T23:35:31.098+0000] {dag.py:2573} INFO - Sync 1 DAGs
[2022-10-04T23:35:31.139+0000] {logging_mixin.py:117} INFO - [2022-10-04T23:35:31.139+0000] {dag.py:3328} INFO - Setting next_dagrun for example_bash_operator to 2022-10-03T00:00:00+00:00, run_after=2022-10-04T00:00:00+00:00
[2022-10-04T23:35:46.233+0000] {processor.py:178} INFO - Processing /home/airflow/.local/lib/python3.7/site-packages/airflow/example_dags/example_bash_operator.py took 17.175 seconds
[2022-10-04T23:37:39.570+0000] {processor.py:156} INFO - Started process (PID=40) to work on /home/airflow/.local/lib/python3.7/site-packages/airflow/example_dags/example_bash_operator.py
[2022-10-04T23:37:39.572+0000] {processor.py:758} INFO - Processing file /home/airflow/.local/lib/python3.7/site-packages/airflow/example_dags/example_bash_operator.py for tasks to queue
[2022-10-04T23:37:39.573+0000] {logging_mixin.py:117} INFO - [2022-10-04T23:37:39.573+0000] {dagbag.py:525} INFO - Filling up the DagBag from /home/airflow/.local/lib/python3.7/site-packages/airflow/example_dags/example_bash_operator.py
[2022-10-04T23:37:39.622+0000] {processor.py:768} INFO - DAG(s) dict_keys(['example_bash_operator']) retrieved from /home/airflow/.local/lib/python3.7/site-packages/airflow/example_dags/example_bash_operator.py
[2022-10-04T23:37:39.950+0000] {logging_mixin.py:117} INFO - [2022-10-04T23:37:39.950+0000] {dag.py:2573} INFO - Sync 1 DAGs
[2022-10-04T23:37:39.987+0000] {logging_mixin.py:117} INFO - [2022-10-04T23:37:39.986+0000] {dag.py:3328} INFO - Setting next_dagrun for example_bash_operator to 2022-10-03T00:00:00+00:00, run_after=2022-10-04T00:00:00+00:00
[2022-10-04T23:37:48.992+0000] {processor.py:178} INFO - Processing /home/airflow/.local/lib/python3.7/site-packages/airflow/example_dags/example_bash_operator.py took 9.426 seconds
[2022-10-04T23:39:38.844+0000] {processor.py:156} INFO - Started process (PID=31) to work on /home/airflow/.local/lib/python3.7/site-packages/airflow/example_dags/example_bash_operator.py
[2022-10-04T23:39:38.846+0000] {processor.py:758} INFO - Processing file /home/airflow/.local/lib/python3.7/site-packages/airflow/example_dags/example_bash_operator.py for tasks to queue
[2022-10-04T23:39:38.847+0000] {logging_mixin.py:117} INFO - [2022-10-04T23:39:38.847+0000] {dagbag.py:525} INFO - Filling up the DagBag from /home/airflow/.local/lib/python3.7/site-packages/airflow/example_dags/example_bash_operator.py
[2022-10-04T23:39:38.952+0000] {processor.py:768} INFO - DAG(s) dict_keys(['example_bash_operator']) retrieved from /home/airflow/.local/lib/python3.7/site-packages/airflow/example_dags/example_bash_operator.py
[2022-10-04T23:39:39.547+0000] {logging_mixin.py:117} INFO - [2022-10-04T23:39:39.547+0000] {dag.py:2573} INFO - Sync 1 DAGs
[2022-10-04T23:39:39.664+0000] {logging_mixin.py:117} INFO - [2022-10-04T23:39:39.664+0000] {dag.py:3328} INFO - Setting next_dagrun for example_bash_operator to 2022-10-03T00:00:00+00:00, run_after=2022-10-04T00:00:00+00:00
[2022-10-04T23:39:59.094+0000] {processor.py:178} INFO - Processing /home/airflow/.local/lib/python3.7/site-packages/airflow/example_dags/example_bash_operator.py took 20.251 seconds
[2022-10-04T23:41:38.274+0000] {processor.py:156} INFO - Started process (PID=40) to work on /home/airflow/.local/lib/python3.7/site-packages/airflow/example_dags/example_bash_operator.py
[2022-10-04T23:41:38.292+0000] {processor.py:758} INFO - Processing file /home/airflow/.local/lib/python3.7/site-packages/airflow/example_dags/example_bash_operator.py for tasks to queue
[2022-10-04T23:41:38.297+0000] {logging_mixin.py:117} INFO - [2022-10-04T23:41:38.296+0000] {dagbag.py:525} INFO - Filling up the DagBag from /home/airflow/.local/lib/python3.7/site-packages/airflow/example_dags/example_bash_operator.py
[2022-10-04T23:41:38.472+0000] {processor.py:768} INFO - DAG(s) dict_keys(['example_bash_operator']) retrieved from /home/airflow/.local/lib/python3.7/site-packages/airflow/example_dags/example_bash_operator.py
[2022-10-04T23:41:39.207+0000] {logging_mixin.py:117} INFO - [2022-10-04T23:41:39.207+0000] {dag.py:2573} INFO - Sync 1 DAGs
[2022-10-04T23:41:39.293+0000] {logging_mixin.py:117} INFO - [2022-10-04T23:41:39.291+0000] {dag.py:3328} INFO - Setting next_dagrun for example_bash_operator to 2022-10-03T00:00:00+00:00, run_after=2022-10-04T00:00:00+00:00
[2022-10-04T23:41:51.021+0000] {processor.py:178} INFO - Processing /home/airflow/.local/lib/python3.7/site-packages/airflow/example_dags/example_bash_operator.py took 12.759 seconds
[2022-10-04T23:43:54.816+0000] {processor.py:156} INFO - Started process (PID=42) to work on /home/airflow/.local/lib/python3.7/site-packages/airflow/example_dags/example_bash_operator.py
[2022-10-04T23:43:54.817+0000] {processor.py:758} INFO - Processing file /home/airflow/.local/lib/python3.7/site-packages/airflow/example_dags/example_bash_operator.py for tasks to queue
[2022-10-04T23:43:54.820+0000] {logging_mixin.py:117} INFO - [2022-10-04T23:43:54.819+0000] {dagbag.py:525} INFO - Filling up the DagBag from /home/airflow/.local/lib/python3.7/site-packages/airflow/example_dags/example_bash_operator.py
[2022-10-04T23:43:54.941+0000] {processor.py:768} INFO - DAG(s) dict_keys(['example_bash_operator']) retrieved from /home/airflow/.local/lib/python3.7/site-packages/airflow/example_dags/example_bash_operator.py
[2022-10-04T23:43:57.841+0000] {logging_mixin.py:117} INFO - [2022-10-04T23:43:57.838+0000] {dag.py:2573} INFO - Sync 1 DAGs
[2022-10-04T23:43:57.932+0000] {logging_mixin.py:117} INFO - [2022-10-04T23:43:57.932+0000] {dag.py:3328} INFO - Setting next_dagrun for example_bash_operator to 2022-10-03T00:00:00+00:00, run_after=2022-10-04T00:00:00+00:00
[2022-10-04T23:44:03.706+0000] {processor.py:178} INFO - Processing /home/airflow/.local/lib/python3.7/site-packages/airflow/example_dags/example_bash_operator.py took 8.897 seconds
[2022-10-04T23:44:58.115+0000] {processor.py:156} INFO - Started process (PID=95) to work on /home/airflow/.local/lib/python3.7/site-packages/airflow/example_dags/example_bash_operator.py
[2022-10-04T23:44:58.130+0000] {processor.py:758} INFO - Processing file /home/airflow/.local/lib/python3.7/site-packages/airflow/example_dags/example_bash_operator.py for tasks to queue
[2022-10-04T23:44:58.131+0000] {logging_mixin.py:117} INFO - [2022-10-04T23:44:58.131+0000] {dagbag.py:525} INFO - Filling up the DagBag from /home/airflow/.local/lib/python3.7/site-packages/airflow/example_dags/example_bash_operator.py
[2022-10-04T23:44:58.227+0000] {processor.py:768} INFO - DAG(s) dict_keys(['example_bash_operator']) retrieved from /home/airflow/.local/lib/python3.7/site-packages/airflow/example_dags/example_bash_operator.py
[2022-10-04T23:44:58.671+0000] {logging_mixin.py:117} INFO - [2022-10-04T23:44:58.671+0000] {dag.py:2573} INFO - Sync 1 DAGs
[2022-10-04T23:44:58.983+0000] {logging_mixin.py:117} INFO - [2022-10-04T23:44:58.976+0000] {dag.py:3328} INFO - Setting next_dagrun for example_bash_operator to 2022-10-03T00:00:00+00:00, run_after=2022-10-04T00:00:00+00:00
[2022-10-04T23:45:15.655+0000] {processor.py:178} INFO - Processing /home/airflow/.local/lib/python3.7/site-packages/airflow/example_dags/example_bash_operator.py took 17.554 seconds
[2022-10-04T23:45:53.607+0000] {processor.py:156} INFO - Started process (PID=39) to work on /home/airflow/.local/lib/python3.7/site-packages/airflow/example_dags/example_bash_operator.py
[2022-10-04T23:45:53.615+0000] {processor.py:758} INFO - Processing file /home/airflow/.local/lib/python3.7/site-packages/airflow/example_dags/example_bash_operator.py for tasks to queue
[2022-10-04T23:45:53.623+0000] {logging_mixin.py:117} INFO - [2022-10-04T23:45:53.623+0000] {dagbag.py:525} INFO - Filling up the DagBag from /home/airflow/.local/lib/python3.7/site-packages/airflow/example_dags/example_bash_operator.py
[2022-10-04T23:45:53.873+0000] {processor.py:768} INFO - DAG(s) dict_keys(['example_bash_operator']) retrieved from /home/airflow/.local/lib/python3.7/site-packages/airflow/example_dags/example_bash_operator.py
[2022-10-04T23:45:54.695+0000] {logging_mixin.py:117} INFO - [2022-10-04T23:45:54.695+0000] {dag.py:2573} INFO - Sync 1 DAGs
[2022-10-04T23:45:54.761+0000] {logging_mixin.py:117} INFO - [2022-10-04T23:45:54.759+0000] {dag.py:3328} INFO - Setting next_dagrun for example_bash_operator to 2022-10-03T00:00:00+00:00, run_after=2022-10-04T00:00:00+00:00
[2022-10-04T23:46:08.291+0000] {processor.py:178} INFO - Processing /home/airflow/.local/lib/python3.7/site-packages/airflow/example_dags/example_bash_operator.py took 14.705 seconds
[2022-10-04T23:47:56.822+0000] {processor.py:156} INFO - Started process (PID=39) to work on /home/airflow/.local/lib/python3.7/site-packages/airflow/example_dags/example_bash_operator.py
[2022-10-04T23:47:56.831+0000] {processor.py:758} INFO - Processing file /home/airflow/.local/lib/python3.7/site-packages/airflow/example_dags/example_bash_operator.py for tasks to queue
[2022-10-04T23:47:56.836+0000] {logging_mixin.py:117} INFO - [2022-10-04T23:47:56.836+0000] {dagbag.py:525} INFO - Filling up the DagBag from /home/airflow/.local/lib/python3.7/site-packages/airflow/example_dags/example_bash_operator.py
[2022-10-04T23:47:57.082+0000] {processor.py:768} INFO - DAG(s) dict_keys(['example_bash_operator']) retrieved from /home/airflow/.local/lib/python3.7/site-packages/airflow/example_dags/example_bash_operator.py
[2022-10-04T23:47:58.658+0000] {logging_mixin.py:117} INFO - [2022-10-04T23:47:58.658+0000] {dag.py:2573} INFO - Sync 1 DAGs
[2022-10-04T23:47:58.783+0000] {logging_mixin.py:117} INFO - [2022-10-04T23:47:58.780+0000] {dag.py:3328} INFO - Setting next_dagrun for example_bash_operator to 2022-10-03T00:00:00+00:00, run_after=2022-10-04T00:00:00+00:00
[2022-10-04T23:48:12.213+0000] {processor.py:178} INFO - Processing /home/airflow/.local/lib/python3.7/site-packages/airflow/example_dags/example_bash_operator.py took 15.399 seconds
[2022-10-04T23:49:54.427+0000] {processor.py:156} INFO - Started process (PID=39) to work on /home/airflow/.local/lib/python3.7/site-packages/airflow/example_dags/example_bash_operator.py
[2022-10-04T23:49:54.429+0000] {processor.py:758} INFO - Processing file /home/airflow/.local/lib/python3.7/site-packages/airflow/example_dags/example_bash_operator.py for tasks to queue
[2022-10-04T23:49:54.430+0000] {logging_mixin.py:117} INFO - [2022-10-04T23:49:54.429+0000] {dagbag.py:525} INFO - Filling up the DagBag from /home/airflow/.local/lib/python3.7/site-packages/airflow/example_dags/example_bash_operator.py
[2022-10-04T23:49:54.508+0000] {processor.py:768} INFO - DAG(s) dict_keys(['example_bash_operator']) retrieved from /home/airflow/.local/lib/python3.7/site-packages/airflow/example_dags/example_bash_operator.py
[2022-10-04T23:49:54.786+0000] {logging_mixin.py:117} INFO - [2022-10-04T23:49:54.785+0000] {dag.py:2573} INFO - Sync 1 DAGs
[2022-10-04T23:49:54.829+0000] {logging_mixin.py:117} INFO - [2022-10-04T23:49:54.829+0000] {dag.py:3328} INFO - Setting next_dagrun for example_bash_operator to 2022-10-03T00:00:00+00:00, run_after=2022-10-04T00:00:00+00:00
[2022-10-04T23:50:07.093+0000] {processor.py:178} INFO - Processing /home/airflow/.local/lib/python3.7/site-packages/airflow/example_dags/example_bash_operator.py took 12.672 seconds
[2022-10-04T23:51:22.557+0000] {processor.py:156} INFO - Started process (PID=101) to work on /home/airflow/.local/lib/python3.7/site-packages/airflow/example_dags/example_bash_operator.py
[2022-10-04T23:51:22.566+0000] {processor.py:758} INFO - Processing file /home/airflow/.local/lib/python3.7/site-packages/airflow/example_dags/example_bash_operator.py for tasks to queue
[2022-10-04T23:51:22.581+0000] {logging_mixin.py:117} INFO - [2022-10-04T23:51:22.581+0000] {dagbag.py:525} INFO - Filling up the DagBag from /home/airflow/.local/lib/python3.7/site-packages/airflow/example_dags/example_bash_operator.py
[2022-10-04T23:51:28.882+0000] {processor.py:768} INFO - DAG(s) dict_keys(['example_bash_operator']) retrieved from /home/airflow/.local/lib/python3.7/site-packages/airflow/example_dags/example_bash_operator.py
[2022-10-04T23:51:31.335+0000] {logging_mixin.py:117} INFO - [2022-10-04T23:51:31.335+0000] {dag.py:2573} INFO - Sync 1 DAGs
[2022-10-04T23:51:31.850+0000] {logging_mixin.py:117} INFO - [2022-10-04T23:51:31.838+0000] {dag.py:3328} INFO - Setting next_dagrun for example_bash_operator to 2022-10-03T00:00:00+00:00, run_after=2022-10-04T00:00:00+00:00
[2022-10-04T23:51:35.333+0000] {processor.py:178} INFO - Processing /home/airflow/.local/lib/python3.7/site-packages/airflow/example_dags/example_bash_operator.py took 12.808 seconds
[2022-10-04T23:52:03.066+0000] {processor.py:156} INFO - Started process (PID=31) to work on /home/airflow/.local/lib/python3.7/site-packages/airflow/example_dags/example_bash_operator.py
[2022-10-04T23:52:03.089+0000] {processor.py:758} INFO - Processing file /home/airflow/.local/lib/python3.7/site-packages/airflow/example_dags/example_bash_operator.py for tasks to queue
[2022-10-04T23:52:03.097+0000] {logging_mixin.py:117} INFO - [2022-10-04T23:52:03.097+0000] {dagbag.py:525} INFO - Filling up the DagBag from /home/airflow/.local/lib/python3.7/site-packages/airflow/example_dags/example_bash_operator.py
[2022-10-04T23:52:03.239+0000] {processor.py:768} INFO - DAG(s) dict_keys(['example_bash_operator']) retrieved from /home/airflow/.local/lib/python3.7/site-packages/airflow/example_dags/example_bash_operator.py
[2022-10-04T23:52:03.780+0000] {logging_mixin.py:117} INFO - [2022-10-04T23:52:03.780+0000] {dag.py:2573} INFO - Sync 1 DAGs
[2022-10-04T23:52:03.830+0000] {logging_mixin.py:117} INFO - [2022-10-04T23:52:03.829+0000] {dag.py:3328} INFO - Setting next_dagrun for example_bash_operator to 2022-10-03T00:00:00+00:00, run_after=2022-10-04T00:00:00+00:00
[2022-10-04T23:52:18.388+0000] {processor.py:178} INFO - Processing /home/airflow/.local/lib/python3.7/site-packages/airflow/example_dags/example_bash_operator.py took 15.334 seconds
[2022-10-04T23:54:06.659+0000] {processor.py:156} INFO - Started process (PID=31) to work on /home/airflow/.local/lib/python3.7/site-packages/airflow/example_dags/example_bash_operator.py
[2022-10-04T23:54:06.669+0000] {processor.py:758} INFO - Processing file /home/airflow/.local/lib/python3.7/site-packages/airflow/example_dags/example_bash_operator.py for tasks to queue
[2022-10-04T23:54:06.671+0000] {logging_mixin.py:117} INFO - [2022-10-04T23:54:06.670+0000] {dagbag.py:525} INFO - Filling up the DagBag from /home/airflow/.local/lib/python3.7/site-packages/airflow/example_dags/example_bash_operator.py
[2022-10-04T23:54:06.856+0000] {processor.py:768} INFO - DAG(s) dict_keys(['example_bash_operator']) retrieved from /home/airflow/.local/lib/python3.7/site-packages/airflow/example_dags/example_bash_operator.py
[2022-10-04T23:54:07.897+0000] {logging_mixin.py:117} INFO - [2022-10-04T23:54:07.896+0000] {dag.py:2573} INFO - Sync 1 DAGs
[2022-10-04T23:54:07.948+0000] {logging_mixin.py:117} INFO - [2022-10-04T23:54:07.948+0000] {dag.py:3328} INFO - Setting next_dagrun for example_bash_operator to 2022-10-03T00:00:00+00:00, run_after=2022-10-04T00:00:00+00:00
[2022-10-04T23:54:23.134+0000] {processor.py:178} INFO - Processing /home/airflow/.local/lib/python3.7/site-packages/airflow/example_dags/example_bash_operator.py took 16.481 seconds
[2022-10-04T23:56:08.754+0000] {processor.py:156} INFO - Started process (PID=40) to work on /home/airflow/.local/lib/python3.7/site-packages/airflow/example_dags/example_bash_operator.py
[2022-10-04T23:56:08.756+0000] {processor.py:758} INFO - Processing file /home/airflow/.local/lib/python3.7/site-packages/airflow/example_dags/example_bash_operator.py for tasks to queue
[2022-10-04T23:56:08.761+0000] {logging_mixin.py:117} INFO - [2022-10-04T23:56:08.760+0000] {dagbag.py:525} INFO - Filling up the DagBag from /home/airflow/.local/lib/python3.7/site-packages/airflow/example_dags/example_bash_operator.py
[2022-10-04T23:56:08.961+0000] {processor.py:768} INFO - DAG(s) dict_keys(['example_bash_operator']) retrieved from /home/airflow/.local/lib/python3.7/site-packages/airflow/example_dags/example_bash_operator.py
[2022-10-04T23:56:10.104+0000] {logging_mixin.py:117} INFO - [2022-10-04T23:56:10.104+0000] {dag.py:2573} INFO - Sync 1 DAGs
[2022-10-04T23:56:10.173+0000] {logging_mixin.py:117} INFO - [2022-10-04T23:56:10.173+0000] {dag.py:3328} INFO - Setting next_dagrun for example_bash_operator to 2022-10-03T00:00:00+00:00, run_after=2022-10-04T00:00:00+00:00
[2022-10-04T23:56:23.346+0000] {processor.py:178} INFO - Processing /home/airflow/.local/lib/python3.7/site-packages/airflow/example_dags/example_bash_operator.py took 14.600 seconds
[2022-10-04T23:57:29.438+0000] {processor.py:156} INFO - Started process (PID=113) to work on /home/airflow/.local/lib/python3.7/site-packages/airflow/example_dags/example_bash_operator.py
[2022-10-04T23:57:29.441+0000] {processor.py:758} INFO - Processing file /home/airflow/.local/lib/python3.7/site-packages/airflow/example_dags/example_bash_operator.py for tasks to queue
[2022-10-04T23:57:29.446+0000] {logging_mixin.py:117} INFO - [2022-10-04T23:57:29.446+0000] {dagbag.py:525} INFO - Filling up the DagBag from /home/airflow/.local/lib/python3.7/site-packages/airflow/example_dags/example_bash_operator.py
[2022-10-04T23:57:29.806+0000] {processor.py:768} INFO - DAG(s) dict_keys(['example_bash_operator']) retrieved from /home/airflow/.local/lib/python3.7/site-packages/airflow/example_dags/example_bash_operator.py
[2022-10-04T23:57:29.931+0000] {logging_mixin.py:117} INFO - [2022-10-04T23:57:29.931+0000] {dag.py:2573} INFO - Sync 1 DAGs
[2022-10-04T23:57:29.979+0000] {logging_mixin.py:117} INFO - [2022-10-04T23:57:29.979+0000] {dag.py:3328} INFO - Setting next_dagrun for example_bash_operator to 2022-10-03T00:00:00+00:00, run_after=2022-10-04T00:00:00+00:00
[2022-10-04T23:57:30.208+0000] {processor.py:178} INFO - Processing /home/airflow/.local/lib/python3.7/site-packages/airflow/example_dags/example_bash_operator.py took 0.789 seconds
[2022-10-04T23:58:14.840+0000] {processor.py:156} INFO - Started process (PID=40) to work on /home/airflow/.local/lib/python3.7/site-packages/airflow/example_dags/example_bash_operator.py
[2022-10-04T23:58:14.861+0000] {processor.py:758} INFO - Processing file /home/airflow/.local/lib/python3.7/site-packages/airflow/example_dags/example_bash_operator.py for tasks to queue
[2022-10-04T23:58:14.871+0000] {logging_mixin.py:117} INFO - [2022-10-04T23:58:14.870+0000] {dagbag.py:525} INFO - Filling up the DagBag from /home/airflow/.local/lib/python3.7/site-packages/airflow/example_dags/example_bash_operator.py
[2022-10-04T23:58:14.967+0000] {processor.py:768} INFO - DAG(s) dict_keys(['example_bash_operator']) retrieved from /home/airflow/.local/lib/python3.7/site-packages/airflow/example_dags/example_bash_operator.py
[2022-10-04T23:58:15.942+0000] {logging_mixin.py:117} INFO - [2022-10-04T23:58:15.941+0000] {dag.py:2573} INFO - Sync 1 DAGs
[2022-10-04T23:58:16.016+0000] {logging_mixin.py:117} INFO - [2022-10-04T23:58:16.016+0000] {dag.py:3328} INFO - Setting next_dagrun for example_bash_operator to 2022-10-03T00:00:00+00:00, run_after=2022-10-04T00:00:00+00:00
[2022-10-04T23:58:29.046+0000] {processor.py:178} INFO - Processing /home/airflow/.local/lib/python3.7/site-packages/airflow/example_dags/example_bash_operator.py took 14.243 seconds
