[2022-10-04T23:34:06.042+0000] {processor.py:156} INFO - Started process (PID=87) to work on /home/airflow/.local/lib/python3.7/site-packages/airflow/example_dags/example_nested_branch_dag.py
[2022-10-04T23:34:06.043+0000] {processor.py:758} INFO - Processing file /home/airflow/.local/lib/python3.7/site-packages/airflow/example_dags/example_nested_branch_dag.py for tasks to queue
[2022-10-04T23:34:06.044+0000] {logging_mixin.py:117} INFO - [2022-10-04T23:34:06.044+0000] {dagbag.py:525} INFO - Filling up the DagBag from /home/airflow/.local/lib/python3.7/site-packages/airflow/example_dags/example_nested_branch_dag.py
[2022-10-04T23:34:06.087+0000] {processor.py:768} INFO - DAG(s) dict_keys(['example_nested_branch_dag']) retrieved from /home/airflow/.local/lib/python3.7/site-packages/airflow/example_dags/example_nested_branch_dag.py
[2022-10-04T23:34:06.173+0000] {logging_mixin.py:117} INFO - [2022-10-04T23:34:06.173+0000] {dag.py:2573} INFO - Sync 1 DAGs
[2022-10-04T23:34:06.208+0000] {logging_mixin.py:117} INFO - [2022-10-04T23:34:06.207+0000] {dag.py:3328} INFO - Setting next_dagrun for example_nested_branch_dag to 2022-10-03T00:00:00+00:00, run_after=2022-10-04T00:00:00+00:00
[2022-10-04T23:34:06.295+0000] {processor.py:178} INFO - Processing /home/airflow/.local/lib/python3.7/site-packages/airflow/example_dags/example_nested_branch_dag.py took 0.261 seconds
[2022-10-04T23:36:49.677+0000] {processor.py:156} INFO - Started process (PID=99) to work on /home/airflow/.local/lib/python3.7/site-packages/airflow/example_dags/example_nested_branch_dag.py
[2022-10-04T23:36:49.688+0000] {processor.py:758} INFO - Processing file /home/airflow/.local/lib/python3.7/site-packages/airflow/example_dags/example_nested_branch_dag.py for tasks to queue
[2022-10-04T23:36:49.690+0000] {logging_mixin.py:117} INFO - [2022-10-04T23:36:49.689+0000] {dagbag.py:525} INFO - Filling up the DagBag from /home/airflow/.local/lib/python3.7/site-packages/airflow/example_dags/example_nested_branch_dag.py
[2022-10-04T23:36:50.081+0000] {processor.py:768} INFO - DAG(s) dict_keys(['example_nested_branch_dag']) retrieved from /home/airflow/.local/lib/python3.7/site-packages/airflow/example_dags/example_nested_branch_dag.py
[2022-10-04T23:36:50.154+0000] {logging_mixin.py:117} INFO - [2022-10-04T23:36:50.154+0000] {dag.py:2573} INFO - Sync 1 DAGs
[2022-10-04T23:36:50.191+0000] {logging_mixin.py:117} INFO - [2022-10-04T23:36:50.191+0000] {dag.py:3328} INFO - Setting next_dagrun for example_nested_branch_dag to 2022-10-03T00:00:00+00:00, run_after=2022-10-04T00:00:00+00:00
[2022-10-04T23:36:52.309+0000] {processor.py:178} INFO - Processing /home/airflow/.local/lib/python3.7/site-packages/airflow/example_dags/example_nested_branch_dag.py took 2.645 seconds
[2022-10-04T23:42:59.018+0000] {processor.py:156} INFO - Started process (PID=106) to work on /home/airflow/.local/lib/python3.7/site-packages/airflow/example_dags/example_nested_branch_dag.py
[2022-10-04T23:42:59.020+0000] {processor.py:758} INFO - Processing file /home/airflow/.local/lib/python3.7/site-packages/airflow/example_dags/example_nested_branch_dag.py for tasks to queue
[2022-10-04T23:42:59.031+0000] {logging_mixin.py:117} INFO - [2022-10-04T23:42:59.029+0000] {dagbag.py:525} INFO - Filling up the DagBag from /home/airflow/.local/lib/python3.7/site-packages/airflow/example_dags/example_nested_branch_dag.py
[2022-10-04T23:42:59.644+0000] {processor.py:768} INFO - DAG(s) dict_keys(['example_nested_branch_dag']) retrieved from /home/airflow/.local/lib/python3.7/site-packages/airflow/example_dags/example_nested_branch_dag.py
[2022-10-04T23:43:06.471+0000] {logging_mixin.py:117} INFO - [2022-10-04T23:43:06.465+0000] {dag.py:2573} INFO - Sync 1 DAGs
[2022-10-04T23:43:08.941+0000] {logging_mixin.py:117} INFO - [2022-10-04T23:43:08.939+0000] {dag.py:3328} INFO - Setting next_dagrun for example_nested_branch_dag to 2022-10-03T00:00:00+00:00, run_after=2022-10-04T00:00:00+00:00
[2022-10-04T23:43:09.745+0000] {processor.py:178} INFO - Processing /home/airflow/.local/lib/python3.7/site-packages/airflow/example_dags/example_nested_branch_dag.py took 10.737 seconds
[2022-10-04T23:44:56.160+0000] {processor.py:156} INFO - Started process (PID=88) to work on /home/airflow/.local/lib/python3.7/site-packages/airflow/example_dags/example_nested_branch_dag.py
[2022-10-04T23:44:56.166+0000] {processor.py:758} INFO - Processing file /home/airflow/.local/lib/python3.7/site-packages/airflow/example_dags/example_nested_branch_dag.py for tasks to queue
[2022-10-04T23:44:56.167+0000] {logging_mixin.py:117} INFO - [2022-10-04T23:44:56.167+0000] {dagbag.py:525} INFO - Filling up the DagBag from /home/airflow/.local/lib/python3.7/site-packages/airflow/example_dags/example_nested_branch_dag.py
[2022-10-04T23:44:56.532+0000] {processor.py:768} INFO - DAG(s) dict_keys(['example_nested_branch_dag']) retrieved from /home/airflow/.local/lib/python3.7/site-packages/airflow/example_dags/example_nested_branch_dag.py
[2022-10-04T23:44:56.575+0000] {logging_mixin.py:117} INFO - [2022-10-04T23:44:56.574+0000] {dag.py:2573} INFO - Sync 1 DAGs
[2022-10-04T23:44:56.605+0000] {logging_mixin.py:117} INFO - [2022-10-04T23:44:56.605+0000] {dag.py:3328} INFO - Setting next_dagrun for example_nested_branch_dag to 2022-10-03T00:00:00+00:00, run_after=2022-10-04T00:00:00+00:00
[2022-10-04T23:44:56.652+0000] {processor.py:178} INFO - Processing /home/airflow/.local/lib/python3.7/site-packages/airflow/example_dags/example_nested_branch_dag.py took 0.495 seconds
[2022-10-04T23:47:01.705+0000] {processor.py:156} INFO - Started process (PID=95) to work on /home/airflow/.local/lib/python3.7/site-packages/airflow/example_dags/example_nested_branch_dag.py
[2022-10-04T23:47:01.709+0000] {processor.py:758} INFO - Processing file /home/airflow/.local/lib/python3.7/site-packages/airflow/example_dags/example_nested_branch_dag.py for tasks to queue
[2022-10-04T23:47:01.712+0000] {logging_mixin.py:117} INFO - [2022-10-04T23:47:01.711+0000] {dagbag.py:525} INFO - Filling up the DagBag from /home/airflow/.local/lib/python3.7/site-packages/airflow/example_dags/example_nested_branch_dag.py
[2022-10-04T23:47:02.538+0000] {processor.py:768} INFO - DAG(s) dict_keys(['example_nested_branch_dag']) retrieved from /home/airflow/.local/lib/python3.7/site-packages/airflow/example_dags/example_nested_branch_dag.py
[2022-10-04T23:47:02.678+0000] {logging_mixin.py:117} INFO - [2022-10-04T23:47:02.678+0000] {dag.py:2573} INFO - Sync 1 DAGs
[2022-10-04T23:47:02.780+0000] {logging_mixin.py:117} INFO - [2022-10-04T23:47:02.776+0000] {dag.py:3328} INFO - Setting next_dagrun for example_nested_branch_dag to 2022-10-03T00:00:00+00:00, run_after=2022-10-04T00:00:00+00:00
[2022-10-04T23:47:04.035+0000] {processor.py:178} INFO - Processing /home/airflow/.local/lib/python3.7/site-packages/airflow/example_dags/example_nested_branch_dag.py took 2.339 seconds
[2022-10-04T23:49:10.529+0000] {processor.py:156} INFO - Started process (PID=95) to work on /home/airflow/.local/lib/python3.7/site-packages/airflow/example_dags/example_nested_branch_dag.py
[2022-10-04T23:49:10.539+0000] {processor.py:758} INFO - Processing file /home/airflow/.local/lib/python3.7/site-packages/airflow/example_dags/example_nested_branch_dag.py for tasks to queue
[2022-10-04T23:49:10.541+0000] {logging_mixin.py:117} INFO - [2022-10-04T23:49:10.541+0000] {dagbag.py:525} INFO - Filling up the DagBag from /home/airflow/.local/lib/python3.7/site-packages/airflow/example_dags/example_nested_branch_dag.py
[2022-10-04T23:51:03.928+0000] {processor.py:156} INFO - Started process (PID=85) to work on /home/airflow/.local/lib/python3.7/site-packages/airflow/example_dags/example_nested_branch_dag.py
[2022-10-04T23:51:03.929+0000] {processor.py:758} INFO - Processing file /home/airflow/.local/lib/python3.7/site-packages/airflow/example_dags/example_nested_branch_dag.py for tasks to queue
[2022-10-04T23:51:03.930+0000] {logging_mixin.py:117} INFO - [2022-10-04T23:51:03.930+0000] {dagbag.py:525} INFO - Filling up the DagBag from /home/airflow/.local/lib/python3.7/site-packages/airflow/example_dags/example_nested_branch_dag.py
[2022-10-04T23:51:04.178+0000] {processor.py:768} INFO - DAG(s) dict_keys(['example_nested_branch_dag']) retrieved from /home/airflow/.local/lib/python3.7/site-packages/airflow/example_dags/example_nested_branch_dag.py
[2022-10-04T23:51:04.303+0000] {logging_mixin.py:117} INFO - [2022-10-04T23:51:04.303+0000] {dag.py:2573} INFO - Sync 1 DAGs
[2022-10-04T23:51:04.377+0000] {logging_mixin.py:117} INFO - [2022-10-04T23:51:04.369+0000] {dag.py:3328} INFO - Setting next_dagrun for example_nested_branch_dag to 2022-10-03T00:00:00+00:00, run_after=2022-10-04T00:00:00+00:00
[2022-10-04T23:51:04.828+0000] {processor.py:178} INFO - Processing /home/airflow/.local/lib/python3.7/site-packages/airflow/example_dags/example_nested_branch_dag.py took 0.904 seconds
[2022-10-04T23:53:04.794+0000] {processor.py:156} INFO - Started process (PID=88) to work on /home/airflow/.local/lib/python3.7/site-packages/airflow/example_dags/example_nested_branch_dag.py
[2022-10-04T23:53:04.797+0000] {processor.py:758} INFO - Processing file /home/airflow/.local/lib/python3.7/site-packages/airflow/example_dags/example_nested_branch_dag.py for tasks to queue
[2022-10-04T23:53:04.802+0000] {logging_mixin.py:117} INFO - [2022-10-04T23:53:04.802+0000] {dagbag.py:525} INFO - Filling up the DagBag from /home/airflow/.local/lib/python3.7/site-packages/airflow/example_dags/example_nested_branch_dag.py
[2022-10-04T23:53:05.820+0000] {processor.py:768} INFO - DAG(s) dict_keys(['example_nested_branch_dag']) retrieved from /home/airflow/.local/lib/python3.7/site-packages/airflow/example_dags/example_nested_branch_dag.py
[2022-10-04T23:53:05.891+0000] {logging_mixin.py:117} INFO - [2022-10-04T23:53:05.891+0000] {dag.py:2573} INFO - Sync 1 DAGs
[2022-10-04T23:53:05.968+0000] {logging_mixin.py:117} INFO - [2022-10-04T23:53:05.957+0000] {dag.py:3328} INFO - Setting next_dagrun for example_nested_branch_dag to 2022-10-03T00:00:00+00:00, run_after=2022-10-04T00:00:00+00:00
[2022-10-04T23:53:11.985+0000] {processor.py:178} INFO - Processing /home/airflow/.local/lib/python3.7/site-packages/airflow/example_dags/example_nested_branch_dag.py took 7.211 seconds
[2022-10-04T23:57:21.403+0000] {processor.py:156} INFO - Started process (PID=106) to work on /home/airflow/.local/lib/python3.7/site-packages/airflow/example_dags/example_nested_branch_dag.py
[2022-10-04T23:57:21.419+0000] {processor.py:758} INFO - Processing file /home/airflow/.local/lib/python3.7/site-packages/airflow/example_dags/example_nested_branch_dag.py for tasks to queue
[2022-10-04T23:57:21.424+0000] {logging_mixin.py:117} INFO - [2022-10-04T23:57:21.424+0000] {dagbag.py:525} INFO - Filling up the DagBag from /home/airflow/.local/lib/python3.7/site-packages/airflow/example_dags/example_nested_branch_dag.py
[2022-10-04T23:57:22.740+0000] {processor.py:768} INFO - DAG(s) dict_keys(['example_nested_branch_dag']) retrieved from /home/airflow/.local/lib/python3.7/site-packages/airflow/example_dags/example_nested_branch_dag.py
[2022-10-04T23:57:22.949+0000] {logging_mixin.py:117} INFO - [2022-10-04T23:57:22.948+0000] {dag.py:2573} INFO - Sync 1 DAGs
[2022-10-04T23:57:23.092+0000] {logging_mixin.py:117} INFO - [2022-10-04T23:57:23.091+0000] {dag.py:3328} INFO - Setting next_dagrun for example_nested_branch_dag to 2022-10-03T00:00:00+00:00, run_after=2022-10-04T00:00:00+00:00
[2022-10-04T23:57:23.379+0000] {processor.py:178} INFO - Processing /home/airflow/.local/lib/python3.7/site-packages/airflow/example_dags/example_nested_branch_dag.py took 2.000 seconds
[2022-10-04T23:59:24.910+0000] {processor.py:156} INFO - Started process (PID=98) to work on /home/airflow/.local/lib/python3.7/site-packages/airflow/example_dags/example_nested_branch_dag.py
[2022-10-04T23:59:24.911+0000] {processor.py:758} INFO - Processing file /home/airflow/.local/lib/python3.7/site-packages/airflow/example_dags/example_nested_branch_dag.py for tasks to queue
[2022-10-04T23:59:24.912+0000] {logging_mixin.py:117} INFO - [2022-10-04T23:59:24.912+0000] {dagbag.py:525} INFO - Filling up the DagBag from /home/airflow/.local/lib/python3.7/site-packages/airflow/example_dags/example_nested_branch_dag.py
