[2022-10-04T23:34:01.364+0000] {processor.py:156} INFO - Started process (PID=70) to work on /home/airflow/.local/lib/python3.7/site-packages/airflow/example_dags/example_sla_dag.py
[2022-10-04T23:34:01.367+0000] {processor.py:758} INFO - Processing file /home/airflow/.local/lib/python3.7/site-packages/airflow/example_dags/example_sla_dag.py for tasks to queue
[2022-10-04T23:34:01.368+0000] {logging_mixin.py:117} INFO - [2022-10-04T23:34:01.367+0000] {dagbag.py:525} INFO - Filling up the DagBag from /home/airflow/.local/lib/python3.7/site-packages/airflow/example_dags/example_sla_dag.py
[2022-10-04T23:34:01.404+0000] {processor.py:768} INFO - DAG(s) dict_keys(['example_sla_dag']) retrieved from /home/airflow/.local/lib/python3.7/site-packages/airflow/example_dags/example_sla_dag.py
[2022-10-04T23:34:01.482+0000] {logging_mixin.py:117} INFO - [2022-10-04T23:34:01.482+0000] {dag.py:2573} INFO - Sync 1 DAGs
[2022-10-04T23:34:01.520+0000] {logging_mixin.py:117} INFO - [2022-10-04T23:34:01.520+0000] {dag.py:3328} INFO - Setting next_dagrun for example_sla_dag to 2022-10-04T23:32:00+00:00, run_after=2022-10-04T23:34:00+00:00
[2022-10-04T23:34:01.592+0000] {processor.py:178} INFO - Processing /home/airflow/.local/lib/python3.7/site-packages/airflow/example_dags/example_sla_dag.py took 0.233 seconds
[2022-10-04T23:36:19.634+0000] {processor.py:156} INFO - Started process (PID=72) to work on /home/airflow/.local/lib/python3.7/site-packages/airflow/example_dags/example_sla_dag.py
[2022-10-04T23:36:19.641+0000] {processor.py:758} INFO - Processing file /home/airflow/.local/lib/python3.7/site-packages/airflow/example_dags/example_sla_dag.py for tasks to queue
[2022-10-04T23:36:19.642+0000] {logging_mixin.py:117} INFO - [2022-10-04T23:36:19.642+0000] {dagbag.py:525} INFO - Filling up the DagBag from /home/airflow/.local/lib/python3.7/site-packages/airflow/example_dags/example_sla_dag.py
[2022-10-04T23:36:19.692+0000] {processor.py:768} INFO - DAG(s) dict_keys(['example_sla_dag']) retrieved from /home/airflow/.local/lib/python3.7/site-packages/airflow/example_dags/example_sla_dag.py
[2022-10-04T23:36:20.200+0000] {logging_mixin.py:117} INFO - [2022-10-04T23:36:20.200+0000] {dag.py:2573} INFO - Sync 1 DAGs
[2022-10-04T23:36:20.262+0000] {logging_mixin.py:117} INFO - [2022-10-04T23:36:20.261+0000] {dag.py:3328} INFO - Setting next_dagrun for example_sla_dag to 2022-10-04T23:34:00+00:00, run_after=2022-10-04T23:36:00+00:00
[2022-10-04T23:36:20.318+0000] {processor.py:178} INFO - Processing /home/airflow/.local/lib/python3.7/site-packages/airflow/example_dags/example_sla_dag.py took 0.688 seconds
[2022-10-04T23:38:41.116+0000] {processor.py:156} INFO - Started process (PID=70) to work on /home/airflow/.local/lib/python3.7/site-packages/airflow/example_dags/example_sla_dag.py
[2022-10-04T23:38:41.124+0000] {processor.py:758} INFO - Processing file /home/airflow/.local/lib/python3.7/site-packages/airflow/example_dags/example_sla_dag.py for tasks to queue
[2022-10-04T23:38:41.128+0000] {logging_mixin.py:117} INFO - [2022-10-04T23:38:41.128+0000] {dagbag.py:525} INFO - Filling up the DagBag from /home/airflow/.local/lib/python3.7/site-packages/airflow/example_dags/example_sla_dag.py
[2022-10-04T23:38:42.669+0000] {processor.py:768} INFO - DAG(s) dict_keys(['example_sla_dag']) retrieved from /home/airflow/.local/lib/python3.7/site-packages/airflow/example_dags/example_sla_dag.py
[2022-10-04T23:38:42.954+0000] {logging_mixin.py:117} INFO - [2022-10-04T23:38:42.954+0000] {dag.py:2573} INFO - Sync 1 DAGs
[2022-10-04T23:38:43.171+0000] {logging_mixin.py:117} INFO - [2022-10-04T23:38:43.171+0000] {dag.py:3328} INFO - Setting next_dagrun for example_sla_dag to 2022-10-04T23:36:00+00:00, run_after=2022-10-04T23:38:00+00:00
[2022-10-04T23:38:43.432+0000] {processor.py:178} INFO - Processing /home/airflow/.local/lib/python3.7/site-packages/airflow/example_dags/example_sla_dag.py took 2.350 seconds
[2022-10-04T23:40:35.166+0000] {processor.py:156} INFO - Started process (PID=68) to work on /home/airflow/.local/lib/python3.7/site-packages/airflow/example_dags/example_sla_dag.py
[2022-10-04T23:40:35.175+0000] {processor.py:758} INFO - Processing file /home/airflow/.local/lib/python3.7/site-packages/airflow/example_dags/example_sla_dag.py for tasks to queue
[2022-10-04T23:40:35.181+0000] {logging_mixin.py:117} INFO - [2022-10-04T23:40:35.181+0000] {dagbag.py:525} INFO - Filling up the DagBag from /home/airflow/.local/lib/python3.7/site-packages/airflow/example_dags/example_sla_dag.py
[2022-10-04T23:40:35.424+0000] {processor.py:768} INFO - DAG(s) dict_keys(['example_sla_dag']) retrieved from /home/airflow/.local/lib/python3.7/site-packages/airflow/example_dags/example_sla_dag.py
[2022-10-04T23:40:36.816+0000] {logging_mixin.py:117} INFO - [2022-10-04T23:40:36.816+0000] {dag.py:2573} INFO - Sync 1 DAGs
[2022-10-04T23:40:37.126+0000] {logging_mixin.py:117} INFO - [2022-10-04T23:40:37.126+0000] {dag.py:3328} INFO - Setting next_dagrun for example_sla_dag to 2022-10-04T23:38:00+00:00, run_after=2022-10-04T23:40:00+00:00
[2022-10-04T23:40:37.293+0000] {processor.py:178} INFO - Processing /home/airflow/.local/lib/python3.7/site-packages/airflow/example_dags/example_sla_dag.py took 2.176 seconds
[2022-10-04T23:42:30.242+0000] {processor.py:156} INFO - Started process (PID=77) to work on /home/airflow/.local/lib/python3.7/site-packages/airflow/example_dags/example_sla_dag.py
[2022-10-04T23:42:30.261+0000] {processor.py:758} INFO - Processing file /home/airflow/.local/lib/python3.7/site-packages/airflow/example_dags/example_sla_dag.py for tasks to queue
[2022-10-04T23:42:30.265+0000] {logging_mixin.py:117} INFO - [2022-10-04T23:42:30.265+0000] {dagbag.py:525} INFO - Filling up the DagBag from /home/airflow/.local/lib/python3.7/site-packages/airflow/example_dags/example_sla_dag.py
[2022-10-04T23:42:30.713+0000] {processor.py:768} INFO - DAG(s) dict_keys(['example_sla_dag']) retrieved from /home/airflow/.local/lib/python3.7/site-packages/airflow/example_dags/example_sla_dag.py
[2022-10-04T23:42:32.831+0000] {logging_mixin.py:117} INFO - [2022-10-04T23:42:32.831+0000] {dag.py:2573} INFO - Sync 1 DAGs
[2022-10-04T23:42:32.987+0000] {logging_mixin.py:117} INFO - [2022-10-04T23:42:32.987+0000] {dag.py:3328} INFO - Setting next_dagrun for example_sla_dag to 2022-10-04T23:40:00+00:00, run_after=2022-10-04T23:42:00+00:00
[2022-10-04T23:42:40.348+0000] {processor.py:178} INFO - Processing /home/airflow/.local/lib/python3.7/site-packages/airflow/example_dags/example_sla_dag.py took 10.131 seconds
[2022-10-04T23:44:50.171+0000] {processor.py:156} INFO - Started process (PID=71) to work on /home/airflow/.local/lib/python3.7/site-packages/airflow/example_dags/example_sla_dag.py
[2022-10-04T23:44:50.172+0000] {processor.py:758} INFO - Processing file /home/airflow/.local/lib/python3.7/site-packages/airflow/example_dags/example_sla_dag.py for tasks to queue
[2022-10-04T23:44:50.172+0000] {logging_mixin.py:117} INFO - [2022-10-04T23:44:50.172+0000] {dagbag.py:525} INFO - Filling up the DagBag from /home/airflow/.local/lib/python3.7/site-packages/airflow/example_dags/example_sla_dag.py
[2022-10-04T23:44:50.219+0000] {processor.py:768} INFO - DAG(s) dict_keys(['example_sla_dag']) retrieved from /home/airflow/.local/lib/python3.7/site-packages/airflow/example_dags/example_sla_dag.py
[2022-10-04T23:44:50.447+0000] {logging_mixin.py:117} INFO - [2022-10-04T23:44:50.447+0000] {dag.py:2573} INFO - Sync 1 DAGs
[2022-10-04T23:44:50.491+0000] {logging_mixin.py:117} INFO - [2022-10-04T23:44:50.491+0000] {dag.py:3328} INFO - Setting next_dagrun for example_sla_dag to 2022-10-04T23:42:00+00:00, run_after=2022-10-04T23:44:00+00:00
[2022-10-04T23:44:50.548+0000] {processor.py:178} INFO - Processing /home/airflow/.local/lib/python3.7/site-packages/airflow/example_dags/example_sla_dag.py took 0.382 seconds
[2022-10-04T23:46:42.547+0000] {processor.py:156} INFO - Started process (PID=69) to work on /home/airflow/.local/lib/python3.7/site-packages/airflow/example_dags/example_sla_dag.py
[2022-10-04T23:46:42.556+0000] {processor.py:758} INFO - Processing file /home/airflow/.local/lib/python3.7/site-packages/airflow/example_dags/example_sla_dag.py for tasks to queue
[2022-10-04T23:46:42.568+0000] {logging_mixin.py:117} INFO - [2022-10-04T23:46:42.565+0000] {dagbag.py:525} INFO - Filling up the DagBag from /home/airflow/.local/lib/python3.7/site-packages/airflow/example_dags/example_sla_dag.py
[2022-10-04T23:46:42.840+0000] {processor.py:768} INFO - DAG(s) dict_keys(['example_sla_dag']) retrieved from /home/airflow/.local/lib/python3.7/site-packages/airflow/example_dags/example_sla_dag.py
[2022-10-04T23:46:43.920+0000] {logging_mixin.py:117} INFO - [2022-10-04T23:46:43.919+0000] {dag.py:2573} INFO - Sync 1 DAGs
[2022-10-04T23:46:44.105+0000] {logging_mixin.py:117} INFO - [2022-10-04T23:46:44.105+0000] {dag.py:3328} INFO - Setting next_dagrun for example_sla_dag to 2022-10-04T23:44:00+00:00, run_after=2022-10-04T23:46:00+00:00
[2022-10-04T23:46:44.373+0000] {processor.py:178} INFO - Processing /home/airflow/.local/lib/python3.7/site-packages/airflow/example_dags/example_sla_dag.py took 1.864 seconds
[2022-10-04T23:48:49.560+0000] {processor.py:156} INFO - Started process (PID=68) to work on /home/airflow/.local/lib/python3.7/site-packages/airflow/example_dags/example_sla_dag.py
[2022-10-04T23:48:49.573+0000] {processor.py:758} INFO - Processing file /home/airflow/.local/lib/python3.7/site-packages/airflow/example_dags/example_sla_dag.py for tasks to queue
[2022-10-04T23:48:49.578+0000] {logging_mixin.py:117} INFO - [2022-10-04T23:48:49.576+0000] {dagbag.py:525} INFO - Filling up the DagBag from /home/airflow/.local/lib/python3.7/site-packages/airflow/example_dags/example_sla_dag.py
[2022-10-04T23:48:49.743+0000] {processor.py:768} INFO - DAG(s) dict_keys(['example_sla_dag']) retrieved from /home/airflow/.local/lib/python3.7/site-packages/airflow/example_dags/example_sla_dag.py
[2022-10-04T23:48:50.532+0000] {logging_mixin.py:117} INFO - [2022-10-04T23:48:50.532+0000] {dag.py:2573} INFO - Sync 1 DAGs
[2022-10-04T23:48:50.668+0000] {logging_mixin.py:117} INFO - [2022-10-04T23:48:50.668+0000] {dag.py:3328} INFO - Setting next_dagrun for example_sla_dag to 2022-10-04T23:46:00+00:00, run_after=2022-10-04T23:48:00+00:00
[2022-10-04T23:48:50.898+0000] {processor.py:178} INFO - Processing /home/airflow/.local/lib/python3.7/site-packages/airflow/example_dags/example_sla_dag.py took 1.364 seconds
[2022-10-04T23:50:37.484+0000] {processor.py:156} INFO - Started process (PID=59) to work on /home/airflow/.local/lib/python3.7/site-packages/airflow/example_dags/example_sla_dag.py
[2022-10-04T23:50:37.486+0000] {processor.py:758} INFO - Processing file /home/airflow/.local/lib/python3.7/site-packages/airflow/example_dags/example_sla_dag.py for tasks to queue
[2022-10-04T23:50:37.487+0000] {logging_mixin.py:117} INFO - [2022-10-04T23:50:37.487+0000] {dagbag.py:525} INFO - Filling up the DagBag from /home/airflow/.local/lib/python3.7/site-packages/airflow/example_dags/example_sla_dag.py
[2022-10-04T23:50:37.594+0000] {processor.py:768} INFO - DAG(s) dict_keys(['example_sla_dag']) retrieved from /home/airflow/.local/lib/python3.7/site-packages/airflow/example_dags/example_sla_dag.py
[2022-10-04T23:50:38.595+0000] {logging_mixin.py:117} INFO - [2022-10-04T23:50:38.594+0000] {dag.py:2573} INFO - Sync 1 DAGs
[2022-10-04T23:50:38.753+0000] {logging_mixin.py:117} INFO - [2022-10-04T23:50:38.753+0000] {dag.py:3328} INFO - Setting next_dagrun for example_sla_dag to 2022-10-04T23:48:00+00:00, run_after=2022-10-04T23:50:00+00:00
[2022-10-04T23:50:38.956+0000] {processor.py:178} INFO - Processing /home/airflow/.local/lib/python3.7/site-packages/airflow/example_dags/example_sla_dag.py took 1.481 seconds
[2022-10-04T23:52:50.021+0000] {processor.py:156} INFO - Started process (PID=62) to work on /home/airflow/.local/lib/python3.7/site-packages/airflow/example_dags/example_sla_dag.py
[2022-10-04T23:52:50.025+0000] {processor.py:758} INFO - Processing file /home/airflow/.local/lib/python3.7/site-packages/airflow/example_dags/example_sla_dag.py for tasks to queue
[2022-10-04T23:52:50.028+0000] {logging_mixin.py:117} INFO - [2022-10-04T23:52:50.028+0000] {dagbag.py:525} INFO - Filling up the DagBag from /home/airflow/.local/lib/python3.7/site-packages/airflow/example_dags/example_sla_dag.py
[2022-10-04T23:52:50.241+0000] {processor.py:768} INFO - DAG(s) dict_keys(['example_sla_dag']) retrieved from /home/airflow/.local/lib/python3.7/site-packages/airflow/example_dags/example_sla_dag.py
[2022-10-04T23:52:51.499+0000] {logging_mixin.py:117} INFO - [2022-10-04T23:52:51.499+0000] {dag.py:2573} INFO - Sync 1 DAGs
[2022-10-04T23:52:51.635+0000] {logging_mixin.py:117} INFO - [2022-10-04T23:52:51.626+0000] {dag.py:3328} INFO - Setting next_dagrun for example_sla_dag to 2022-10-04T23:50:00+00:00, run_after=2022-10-04T23:52:00+00:00
[2022-10-04T23:52:53.229+0000] {processor.py:178} INFO - Processing /home/airflow/.local/lib/python3.7/site-packages/airflow/example_dags/example_sla_dag.py took 3.232 seconds
[2022-10-04T23:54:52.119+0000] {processor.py:156} INFO - Started process (PID=60) to work on /home/airflow/.local/lib/python3.7/site-packages/airflow/example_dags/example_sla_dag.py
[2022-10-04T23:54:52.127+0000] {processor.py:758} INFO - Processing file /home/airflow/.local/lib/python3.7/site-packages/airflow/example_dags/example_sla_dag.py for tasks to queue
[2022-10-04T23:54:52.128+0000] {logging_mixin.py:117} INFO - [2022-10-04T23:54:52.128+0000] {dagbag.py:525} INFO - Filling up the DagBag from /home/airflow/.local/lib/python3.7/site-packages/airflow/example_dags/example_sla_dag.py
[2022-10-04T23:54:52.198+0000] {processor.py:768} INFO - DAG(s) dict_keys(['example_sla_dag']) retrieved from /home/airflow/.local/lib/python3.7/site-packages/airflow/example_dags/example_sla_dag.py
[2022-10-04T23:54:52.787+0000] {logging_mixin.py:117} INFO - [2022-10-04T23:54:52.787+0000] {dag.py:2573} INFO - Sync 1 DAGs
[2022-10-04T23:54:52.855+0000] {logging_mixin.py:117} INFO - [2022-10-04T23:54:52.855+0000] {dag.py:3328} INFO - Setting next_dagrun for example_sla_dag to 2022-10-04T23:52:00+00:00, run_after=2022-10-04T23:54:00+00:00
[2022-10-04T23:54:53.062+0000] {processor.py:178} INFO - Processing /home/airflow/.local/lib/python3.7/site-packages/airflow/example_dags/example_sla_dag.py took 0.948 seconds
[2022-10-04T23:57:04.214+0000] {processor.py:156} INFO - Started process (PID=80) to work on /home/airflow/.local/lib/python3.7/site-packages/airflow/example_dags/example_sla_dag.py
[2022-10-04T23:57:04.217+0000] {processor.py:758} INFO - Processing file /home/airflow/.local/lib/python3.7/site-packages/airflow/example_dags/example_sla_dag.py for tasks to queue
[2022-10-04T23:57:04.220+0000] {logging_mixin.py:117} INFO - [2022-10-04T23:57:04.220+0000] {dagbag.py:525} INFO - Filling up the DagBag from /home/airflow/.local/lib/python3.7/site-packages/airflow/example_dags/example_sla_dag.py
[2022-10-04T23:57:05.132+0000] {processor.py:768} INFO - DAG(s) dict_keys(['example_sla_dag']) retrieved from /home/airflow/.local/lib/python3.7/site-packages/airflow/example_dags/example_sla_dag.py
[2022-10-04T23:57:05.247+0000] {logging_mixin.py:117} INFO - [2022-10-04T23:57:05.247+0000] {dag.py:2573} INFO - Sync 1 DAGs
[2022-10-04T23:57:05.306+0000] {logging_mixin.py:117} INFO - [2022-10-04T23:57:05.306+0000] {dag.py:3328} INFO - Setting next_dagrun for example_sla_dag to 2022-10-04T23:54:00+00:00, run_after=2022-10-04T23:56:00+00:00
[2022-10-04T23:57:05.535+0000] {processor.py:178} INFO - Processing /home/airflow/.local/lib/python3.7/site-packages/airflow/example_dags/example_sla_dag.py took 1.349 seconds
[2022-10-04T23:58:56.454+0000] {processor.py:156} INFO - Started process (PID=71) to work on /home/airflow/.local/lib/python3.7/site-packages/airflow/example_dags/example_sla_dag.py
[2022-10-04T23:58:56.462+0000] {processor.py:758} INFO - Processing file /home/airflow/.local/lib/python3.7/site-packages/airflow/example_dags/example_sla_dag.py for tasks to queue
[2022-10-04T23:58:56.468+0000] {logging_mixin.py:117} INFO - [2022-10-04T23:58:56.467+0000] {dagbag.py:525} INFO - Filling up the DagBag from /home/airflow/.local/lib/python3.7/site-packages/airflow/example_dags/example_sla_dag.py
[2022-10-04T23:58:56.718+0000] {processor.py:768} INFO - DAG(s) dict_keys(['example_sla_dag']) retrieved from /home/airflow/.local/lib/python3.7/site-packages/airflow/example_dags/example_sla_dag.py
[2022-10-04T23:58:57.673+0000] {logging_mixin.py:117} INFO - [2022-10-04T23:58:57.673+0000] {dag.py:2573} INFO - Sync 1 DAGs
[2022-10-04T23:58:57.796+0000] {logging_mixin.py:117} INFO - [2022-10-04T23:58:57.796+0000] {dag.py:3328} INFO - Setting next_dagrun for example_sla_dag to 2022-10-04T23:56:00+00:00, run_after=2022-10-04T23:58:00+00:00
[2022-10-04T23:58:58.012+0000] {processor.py:178} INFO - Processing /home/airflow/.local/lib/python3.7/site-packages/airflow/example_dags/example_sla_dag.py took 1.574 seconds
