[2022-10-04T23:34:05.734+0000] {processor.py:156} INFO - Started process (PID=85) to work on /home/airflow/.local/lib/python3.7/site-packages/airflow/example_dags/example_short_circuit_operator.py
[2022-10-04T23:34:05.735+0000] {processor.py:758} INFO - Processing file /home/airflow/.local/lib/python3.7/site-packages/airflow/example_dags/example_short_circuit_operator.py for tasks to queue
[2022-10-04T23:34:05.736+0000] {logging_mixin.py:117} INFO - [2022-10-04T23:34:05.736+0000] {dagbag.py:525} INFO - Filling up the DagBag from /home/airflow/.local/lib/python3.7/site-packages/airflow/example_dags/example_short_circuit_operator.py
[2022-10-04T23:34:05.761+0000] {processor.py:768} INFO - DAG(s) dict_keys(['example_short_circuit_operator']) retrieved from /home/airflow/.local/lib/python3.7/site-packages/airflow/example_dags/example_short_circuit_operator.py
[2022-10-04T23:34:05.821+0000] {logging_mixin.py:117} INFO - [2022-10-04T23:34:05.821+0000] {dag.py:2573} INFO - Sync 1 DAGs
[2022-10-04T23:34:05.863+0000] {logging_mixin.py:117} INFO - [2022-10-04T23:34:05.863+0000] {dag.py:3328} INFO - Setting next_dagrun for example_short_circuit_operator to 2022-10-03T23:34:05.863380+00:00, run_after=2022-10-04T23:34:05.863380+00:00
[2022-10-04T23:34:05.999+0000] {processor.py:178} INFO - Processing /home/airflow/.local/lib/python3.7/site-packages/airflow/example_dags/example_short_circuit_operator.py took 0.270 seconds
[2022-10-04T23:36:48.821+0000] {processor.py:156} INFO - Started process (PID=97) to work on /home/airflow/.local/lib/python3.7/site-packages/airflow/example_dags/example_short_circuit_operator.py
[2022-10-04T23:36:48.823+0000] {processor.py:758} INFO - Processing file /home/airflow/.local/lib/python3.7/site-packages/airflow/example_dags/example_short_circuit_operator.py for tasks to queue
[2022-10-04T23:36:48.825+0000] {logging_mixin.py:117} INFO - [2022-10-04T23:36:48.824+0000] {dagbag.py:525} INFO - Filling up the DagBag from /home/airflow/.local/lib/python3.7/site-packages/airflow/example_dags/example_short_circuit_operator.py
[2022-10-04T23:36:49.318+0000] {processor.py:768} INFO - DAG(s) dict_keys(['example_short_circuit_operator']) retrieved from /home/airflow/.local/lib/python3.7/site-packages/airflow/example_dags/example_short_circuit_operator.py
[2022-10-04T23:36:49.368+0000] {logging_mixin.py:117} INFO - [2022-10-04T23:36:49.368+0000] {dag.py:2573} INFO - Sync 1 DAGs
[2022-10-04T23:36:49.400+0000] {logging_mixin.py:117} INFO - [2022-10-04T23:36:49.400+0000] {dag.py:3328} INFO - Setting next_dagrun for example_short_circuit_operator to 2022-10-03T23:36:49.400230+00:00, run_after=2022-10-04T23:36:49.400230+00:00
[2022-10-04T23:36:49.570+0000] {processor.py:178} INFO - Processing /home/airflow/.local/lib/python3.7/site-packages/airflow/example_dags/example_short_circuit_operator.py took 0.755 seconds
[2022-10-04T23:42:58.044+0000] {processor.py:156} INFO - Started process (PID=104) to work on /home/airflow/.local/lib/python3.7/site-packages/airflow/example_dags/example_short_circuit_operator.py
[2022-10-04T23:42:58.045+0000] {processor.py:758} INFO - Processing file /home/airflow/.local/lib/python3.7/site-packages/airflow/example_dags/example_short_circuit_operator.py for tasks to queue
[2022-10-04T23:42:58.046+0000] {logging_mixin.py:117} INFO - [2022-10-04T23:42:58.046+0000] {dagbag.py:525} INFO - Filling up the DagBag from /home/airflow/.local/lib/python3.7/site-packages/airflow/example_dags/example_short_circuit_operator.py
[2022-10-04T23:42:58.257+0000] {processor.py:768} INFO - DAG(s) dict_keys(['example_short_circuit_operator']) retrieved from /home/airflow/.local/lib/python3.7/site-packages/airflow/example_dags/example_short_circuit_operator.py
[2022-10-04T23:42:58.408+0000] {logging_mixin.py:117} INFO - [2022-10-04T23:42:58.408+0000] {dag.py:2573} INFO - Sync 1 DAGs
[2022-10-04T23:42:58.447+0000] {logging_mixin.py:117} INFO - [2022-10-04T23:42:58.447+0000] {dag.py:3328} INFO - Setting next_dagrun for example_short_circuit_operator to 2022-10-03T23:42:58.447529+00:00, run_after=2022-10-04T23:42:58.447529+00:00
[2022-10-04T23:42:58.872+0000] {processor.py:178} INFO - Processing /home/airflow/.local/lib/python3.7/site-packages/airflow/example_dags/example_short_circuit_operator.py took 0.832 seconds
[2022-10-04T23:44:55.502+0000] {processor.py:156} INFO - Started process (PID=86) to work on /home/airflow/.local/lib/python3.7/site-packages/airflow/example_dags/example_short_circuit_operator.py
[2022-10-04T23:44:55.503+0000] {processor.py:758} INFO - Processing file /home/airflow/.local/lib/python3.7/site-packages/airflow/example_dags/example_short_circuit_operator.py for tasks to queue
[2022-10-04T23:44:55.505+0000] {logging_mixin.py:117} INFO - [2022-10-04T23:44:55.504+0000] {dagbag.py:525} INFO - Filling up the DagBag from /home/airflow/.local/lib/python3.7/site-packages/airflow/example_dags/example_short_circuit_operator.py
[2022-10-04T23:44:55.554+0000] {processor.py:768} INFO - DAG(s) dict_keys(['example_short_circuit_operator']) retrieved from /home/airflow/.local/lib/python3.7/site-packages/airflow/example_dags/example_short_circuit_operator.py
[2022-10-04T23:44:55.840+0000] {logging_mixin.py:117} INFO - [2022-10-04T23:44:55.840+0000] {dag.py:2573} INFO - Sync 1 DAGs
[2022-10-04T23:44:55.868+0000] {logging_mixin.py:117} INFO - [2022-10-04T23:44:55.868+0000] {dag.py:3328} INFO - Setting next_dagrun for example_short_circuit_operator to 2022-10-03T23:44:55.868477+00:00, run_after=2022-10-04T23:44:55.868477+00:00
[2022-10-04T23:44:56.049+0000] {processor.py:178} INFO - Processing /home/airflow/.local/lib/python3.7/site-packages/airflow/example_dags/example_short_circuit_operator.py took 0.554 seconds
[2022-10-04T23:46:53.351+0000] {processor.py:156} INFO - Started process (PID=84) to work on /home/airflow/.local/lib/python3.7/site-packages/airflow/example_dags/example_short_circuit_operator.py
[2022-10-04T23:46:53.362+0000] {processor.py:758} INFO - Processing file /home/airflow/.local/lib/python3.7/site-packages/airflow/example_dags/example_short_circuit_operator.py for tasks to queue
[2022-10-04T23:46:53.363+0000] {logging_mixin.py:117} INFO - [2022-10-04T23:46:53.363+0000] {dagbag.py:525} INFO - Filling up the DagBag from /home/airflow/.local/lib/python3.7/site-packages/airflow/example_dags/example_short_circuit_operator.py
[2022-10-04T23:46:53.442+0000] {processor.py:768} INFO - DAG(s) dict_keys(['example_short_circuit_operator']) retrieved from /home/airflow/.local/lib/python3.7/site-packages/airflow/example_dags/example_short_circuit_operator.py
[2022-10-04T23:46:54.167+0000] {logging_mixin.py:117} INFO - [2022-10-04T23:46:54.167+0000] {dag.py:2573} INFO - Sync 1 DAGs
[2022-10-04T23:46:54.240+0000] {logging_mixin.py:117} INFO - [2022-10-04T23:46:54.239+0000] {dag.py:3328} INFO - Setting next_dagrun for example_short_circuit_operator to 2022-10-03T23:46:54.239744+00:00, run_after=2022-10-04T23:46:54.239744+00:00
[2022-10-04T23:47:01.588+0000] {processor.py:178} INFO - Processing /home/airflow/.local/lib/python3.7/site-packages/airflow/example_dags/example_short_circuit_operator.py took 8.253 seconds
[2022-10-04T23:49:07.864+0000] {processor.py:156} INFO - Started process (PID=93) to work on /home/airflow/.local/lib/python3.7/site-packages/airflow/example_dags/example_short_circuit_operator.py
[2022-10-04T23:49:07.869+0000] {processor.py:758} INFO - Processing file /home/airflow/.local/lib/python3.7/site-packages/airflow/example_dags/example_short_circuit_operator.py for tasks to queue
[2022-10-04T23:49:07.874+0000] {logging_mixin.py:117} INFO - [2022-10-04T23:49:07.874+0000] {dagbag.py:525} INFO - Filling up the DagBag from /home/airflow/.local/lib/python3.7/site-packages/airflow/example_dags/example_short_circuit_operator.py
[2022-10-04T23:49:07.968+0000] {processor.py:768} INFO - DAG(s) dict_keys(['example_short_circuit_operator']) retrieved from /home/airflow/.local/lib/python3.7/site-packages/airflow/example_dags/example_short_circuit_operator.py
[2022-10-04T23:49:08.820+0000] {logging_mixin.py:117} INFO - [2022-10-04T23:49:08.820+0000] {dag.py:2573} INFO - Sync 1 DAGs
[2022-10-04T23:49:08.898+0000] {logging_mixin.py:117} INFO - [2022-10-04T23:49:08.898+0000] {dag.py:3328} INFO - Setting next_dagrun for example_short_circuit_operator to 2022-10-03T23:49:08.898166+00:00, run_after=2022-10-04T23:49:08.898166+00:00
[2022-10-04T23:49:10.279+0000] {processor.py:178} INFO - Processing /home/airflow/.local/lib/python3.7/site-packages/airflow/example_dags/example_short_circuit_operator.py took 2.429 seconds
[2022-10-04T23:51:02.162+0000] {processor.py:156} INFO - Started process (PID=83) to work on /home/airflow/.local/lib/python3.7/site-packages/airflow/example_dags/example_short_circuit_operator.py
[2022-10-04T23:51:02.167+0000] {processor.py:758} INFO - Processing file /home/airflow/.local/lib/python3.7/site-packages/airflow/example_dags/example_short_circuit_operator.py for tasks to queue
[2022-10-04T23:51:02.172+0000] {logging_mixin.py:117} INFO - [2022-10-04T23:51:02.172+0000] {dagbag.py:525} INFO - Filling up the DagBag from /home/airflow/.local/lib/python3.7/site-packages/airflow/example_dags/example_short_circuit_operator.py
[2022-10-04T23:51:02.235+0000] {processor.py:768} INFO - DAG(s) dict_keys(['example_short_circuit_operator']) retrieved from /home/airflow/.local/lib/python3.7/site-packages/airflow/example_dags/example_short_circuit_operator.py
[2022-10-04T23:51:02.702+0000] {logging_mixin.py:117} INFO - [2022-10-04T23:51:02.702+0000] {dag.py:2573} INFO - Sync 1 DAGs
[2022-10-04T23:51:02.763+0000] {logging_mixin.py:117} INFO - [2022-10-04T23:51:02.762+0000] {dag.py:3328} INFO - Setting next_dagrun for example_short_circuit_operator to 2022-10-03T23:51:02.762660+00:00, run_after=2022-10-04T23:51:02.762660+00:00
[2022-10-04T23:51:03.884+0000] {processor.py:178} INFO - Processing /home/airflow/.local/lib/python3.7/site-packages/airflow/example_dags/example_short_circuit_operator.py took 1.752 seconds
[2022-10-04T23:53:03.255+0000] {processor.py:156} INFO - Started process (PID=86) to work on /home/airflow/.local/lib/python3.7/site-packages/airflow/example_dags/example_short_circuit_operator.py
[2022-10-04T23:53:03.260+0000] {processor.py:758} INFO - Processing file /home/airflow/.local/lib/python3.7/site-packages/airflow/example_dags/example_short_circuit_operator.py for tasks to queue
[2022-10-04T23:53:03.262+0000] {logging_mixin.py:117} INFO - [2022-10-04T23:53:03.262+0000] {dagbag.py:525} INFO - Filling up the DagBag from /home/airflow/.local/lib/python3.7/site-packages/airflow/example_dags/example_short_circuit_operator.py
[2022-10-04T23:53:03.385+0000] {processor.py:768} INFO - DAG(s) dict_keys(['example_short_circuit_operator']) retrieved from /home/airflow/.local/lib/python3.7/site-packages/airflow/example_dags/example_short_circuit_operator.py
[2022-10-04T23:53:04.133+0000] {logging_mixin.py:117} INFO - [2022-10-04T23:53:04.133+0000] {dag.py:2573} INFO - Sync 1 DAGs
[2022-10-04T23:53:04.282+0000] {logging_mixin.py:117} INFO - [2022-10-04T23:53:04.282+0000] {dag.py:3328} INFO - Setting next_dagrun for example_short_circuit_operator to 2022-10-03T23:53:04.281833+00:00, run_after=2022-10-04T23:53:04.281833+00:00
[2022-10-04T23:53:04.589+0000] {processor.py:178} INFO - Processing /home/airflow/.local/lib/python3.7/site-packages/airflow/example_dags/example_short_circuit_operator.py took 1.348 seconds
[2022-10-04T23:55:10.016+0000] {processor.py:156} INFO - Started process (PID=85) to work on /home/airflow/.local/lib/python3.7/site-packages/airflow/example_dags/example_short_circuit_operator.py
[2022-10-04T23:55:10.017+0000] {processor.py:758} INFO - Processing file /home/airflow/.local/lib/python3.7/site-packages/airflow/example_dags/example_short_circuit_operator.py for tasks to queue
[2022-10-04T23:55:10.031+0000] {logging_mixin.py:117} INFO - [2022-10-04T23:55:10.031+0000] {dagbag.py:525} INFO - Filling up the DagBag from /home/airflow/.local/lib/python3.7/site-packages/airflow/example_dags/example_short_circuit_operator.py
[2022-10-04T23:55:14.626+0000] {processor.py:768} INFO - DAG(s) dict_keys(['example_short_circuit_operator']) retrieved from /home/airflow/.local/lib/python3.7/site-packages/airflow/example_dags/example_short_circuit_operator.py
[2022-10-04T23:55:18.761+0000] {logging_mixin.py:117} INFO - [2022-10-04T23:55:18.752+0000] {dag.py:2573} INFO - Sync 1 DAGs
[2022-10-04T23:55:19.154+0000] {logging_mixin.py:117} INFO - [2022-10-04T23:55:19.154+0000] {dag.py:3328} INFO - Setting next_dagrun for example_short_circuit_operator to 2022-10-03T23:55:19.154027+00:00, run_after=2022-10-04T23:55:19.154027+00:00
[2022-10-04T23:55:27.437+0000] {processor.py:178} INFO - Processing /home/airflow/.local/lib/python3.7/site-packages/airflow/example_dags/example_short_circuit_operator.py took 17.437 seconds
[2022-10-04T23:57:18.157+0000] {processor.py:156} INFO - Started process (PID=102) to work on /home/airflow/.local/lib/python3.7/site-packages/airflow/example_dags/example_short_circuit_operator.py
[2022-10-04T23:57:18.171+0000] {processor.py:758} INFO - Processing file /home/airflow/.local/lib/python3.7/site-packages/airflow/example_dags/example_short_circuit_operator.py for tasks to queue
[2022-10-04T23:57:18.176+0000] {logging_mixin.py:117} INFO - [2022-10-04T23:57:18.175+0000] {dagbag.py:525} INFO - Filling up the DagBag from /home/airflow/.local/lib/python3.7/site-packages/airflow/example_dags/example_short_circuit_operator.py
[2022-10-04T23:57:18.507+0000] {processor.py:768} INFO - DAG(s) dict_keys(['example_short_circuit_operator']) retrieved from /home/airflow/.local/lib/python3.7/site-packages/airflow/example_dags/example_short_circuit_operator.py
[2022-10-04T23:57:20.226+0000] {logging_mixin.py:117} INFO - [2022-10-04T23:57:20.225+0000] {dag.py:2573} INFO - Sync 1 DAGs
[2022-10-04T23:57:20.461+0000] {logging_mixin.py:117} INFO - [2022-10-04T23:57:20.461+0000] {dag.py:3328} INFO - Setting next_dagrun for example_short_circuit_operator to 2022-10-03T23:57:20.461496+00:00, run_after=2022-10-04T23:57:20.461496+00:00
[2022-10-04T23:57:20.739+0000] {processor.py:178} INFO - Processing /home/airflow/.local/lib/python3.7/site-packages/airflow/example_dags/example_short_circuit_operator.py took 2.636 seconds
[2022-10-04T23:59:22.036+0000] {processor.py:156} INFO - Started process (PID=96) to work on /home/airflow/.local/lib/python3.7/site-packages/airflow/example_dags/example_short_circuit_operator.py
[2022-10-04T23:59:22.039+0000] {processor.py:758} INFO - Processing file /home/airflow/.local/lib/python3.7/site-packages/airflow/example_dags/example_short_circuit_operator.py for tasks to queue
[2022-10-04T23:59:22.043+0000] {logging_mixin.py:117} INFO - [2022-10-04T23:59:22.040+0000] {dagbag.py:525} INFO - Filling up the DagBag from /home/airflow/.local/lib/python3.7/site-packages/airflow/example_dags/example_short_circuit_operator.py
[2022-10-04T23:59:22.982+0000] {processor.py:768} INFO - DAG(s) dict_keys(['example_short_circuit_operator']) retrieved from /home/airflow/.local/lib/python3.7/site-packages/airflow/example_dags/example_short_circuit_operator.py
[2022-10-04T23:59:23.153+0000] {logging_mixin.py:117} INFO - [2022-10-04T23:59:23.152+0000] {dag.py:2573} INFO - Sync 1 DAGs
[2022-10-04T23:59:23.227+0000] {logging_mixin.py:117} INFO - [2022-10-04T23:59:23.227+0000] {dag.py:3328} INFO - Setting next_dagrun for example_short_circuit_operator to 2022-10-03T23:59:23.226816+00:00, run_after=2022-10-04T23:59:23.226816+00:00
[2022-10-04T23:59:24.849+0000] {processor.py:178} INFO - Processing /home/airflow/.local/lib/python3.7/site-packages/airflow/example_dags/example_short_circuit_operator.py took 2.836 seconds
