[2022-10-04T23:34:04.063+0000] {processor.py:156} INFO - Started process (PID=79) to work on /home/airflow/.local/lib/python3.7/site-packages/airflow/example_dags/example_latest_only.py
[2022-10-04T23:34:04.065+0000] {processor.py:758} INFO - Processing file /home/airflow/.local/lib/python3.7/site-packages/airflow/example_dags/example_latest_only.py for tasks to queue
[2022-10-04T23:34:04.066+0000] {logging_mixin.py:117} INFO - [2022-10-04T23:34:04.065+0000] {dagbag.py:525} INFO - Filling up the DagBag from /home/airflow/.local/lib/python3.7/site-packages/airflow/example_dags/example_latest_only.py
[2022-10-04T23:34:04.094+0000] {processor.py:768} INFO - DAG(s) dict_keys(['latest_only']) retrieved from /home/airflow/.local/lib/python3.7/site-packages/airflow/example_dags/example_latest_only.py
[2022-10-04T23:34:04.221+0000] {logging_mixin.py:117} INFO - [2022-10-04T23:34:04.220+0000] {dag.py:2573} INFO - Sync 1 DAGs
[2022-10-04T23:34:04.264+0000] {logging_mixin.py:117} INFO - [2022-10-04T23:34:04.264+0000] {dag.py:3328} INFO - Setting next_dagrun for latest_only to 2022-10-04T19:34:04.264295+00:00, run_after=2022-10-04T23:34:04.264295+00:00
[2022-10-04T23:34:04.418+0000] {processor.py:178} INFO - Processing /home/airflow/.local/lib/python3.7/site-packages/airflow/example_dags/example_latest_only.py took 0.360 seconds
[2022-10-04T23:36:24.925+0000] {processor.py:156} INFO - Started process (PID=81) to work on /home/airflow/.local/lib/python3.7/site-packages/airflow/example_dags/example_latest_only.py
[2022-10-04T23:36:24.929+0000] {processor.py:758} INFO - Processing file /home/airflow/.local/lib/python3.7/site-packages/airflow/example_dags/example_latest_only.py for tasks to queue
[2022-10-04T23:36:24.930+0000] {logging_mixin.py:117} INFO - [2022-10-04T23:36:24.930+0000] {dagbag.py:525} INFO - Filling up the DagBag from /home/airflow/.local/lib/python3.7/site-packages/airflow/example_dags/example_latest_only.py
[2022-10-04T23:36:25.003+0000] {processor.py:768} INFO - DAG(s) dict_keys(['latest_only']) retrieved from /home/airflow/.local/lib/python3.7/site-packages/airflow/example_dags/example_latest_only.py
[2022-10-04T23:36:25.607+0000] {logging_mixin.py:117} INFO - [2022-10-04T23:36:25.607+0000] {dag.py:2573} INFO - Sync 1 DAGs
[2022-10-04T23:36:25.674+0000] {logging_mixin.py:117} INFO - [2022-10-04T23:36:25.674+0000] {dag.py:3328} INFO - Setting next_dagrun for latest_only to 2022-10-04T19:36:25.674038+00:00, run_after=2022-10-04T23:36:25.674038+00:00
[2022-10-04T23:36:25.776+0000] {processor.py:178} INFO - Processing /home/airflow/.local/lib/python3.7/site-packages/airflow/example_dags/example_latest_only.py took 0.867 seconds
[2022-10-04T23:38:48.502+0000] {processor.py:156} INFO - Started process (PID=88) to work on /home/airflow/.local/lib/python3.7/site-packages/airflow/example_dags/example_latest_only.py
[2022-10-04T23:38:48.509+0000] {processor.py:758} INFO - Processing file /home/airflow/.local/lib/python3.7/site-packages/airflow/example_dags/example_latest_only.py for tasks to queue
[2022-10-04T23:38:48.514+0000] {logging_mixin.py:117} INFO - [2022-10-04T23:38:48.514+0000] {dagbag.py:525} INFO - Filling up the DagBag from /home/airflow/.local/lib/python3.7/site-packages/airflow/example_dags/example_latest_only.py
[2022-10-04T23:38:48.541+0000] {processor.py:768} INFO - DAG(s) dict_keys(['latest_only']) retrieved from /home/airflow/.local/lib/python3.7/site-packages/airflow/example_dags/example_latest_only.py
[2022-10-04T23:38:48.859+0000] {logging_mixin.py:117} INFO - [2022-10-04T23:38:48.858+0000] {dag.py:2573} INFO - Sync 1 DAGs
[2022-10-04T23:38:48.904+0000] {logging_mixin.py:117} INFO - [2022-10-04T23:38:48.903+0000] {dag.py:3328} INFO - Setting next_dagrun for latest_only to 2022-10-04T19:38:48.902081+00:00, run_after=2022-10-04T23:38:48.902081+00:00
[2022-10-04T23:38:48.973+0000] {processor.py:178} INFO - Processing /home/airflow/.local/lib/python3.7/site-packages/airflow/example_dags/example_latest_only.py took 0.484 seconds
[2022-10-04T23:40:53.499+0000] {processor.py:156} INFO - Started process (PID=78) to work on /home/airflow/.local/lib/python3.7/site-packages/airflow/example_dags/example_latest_only.py
[2022-10-04T23:40:53.500+0000] {processor.py:758} INFO - Processing file /home/airflow/.local/lib/python3.7/site-packages/airflow/example_dags/example_latest_only.py for tasks to queue
[2022-10-04T23:40:53.501+0000] {logging_mixin.py:117} INFO - [2022-10-04T23:40:53.501+0000] {dagbag.py:525} INFO - Filling up the DagBag from /home/airflow/.local/lib/python3.7/site-packages/airflow/example_dags/example_latest_only.py
[2022-10-04T23:40:53.544+0000] {processor.py:768} INFO - DAG(s) dict_keys(['latest_only']) retrieved from /home/airflow/.local/lib/python3.7/site-packages/airflow/example_dags/example_latest_only.py
[2022-10-04T23:40:54.149+0000] {logging_mixin.py:117} INFO - [2022-10-04T23:40:54.149+0000] {dag.py:2573} INFO - Sync 1 DAGs
[2022-10-04T23:40:54.205+0000] {logging_mixin.py:117} INFO - [2022-10-04T23:40:54.205+0000] {dag.py:3328} INFO - Setting next_dagrun for latest_only to 2022-10-04T19:40:54.204718+00:00, run_after=2022-10-04T23:40:54.204718+00:00
[2022-10-04T23:40:56.061+0000] {processor.py:178} INFO - Processing /home/airflow/.local/lib/python3.7/site-packages/airflow/example_dags/example_latest_only.py took 2.568 seconds
[2022-10-04T23:42:46.940+0000] {processor.py:156} INFO - Started process (PID=89) to work on /home/airflow/.local/lib/python3.7/site-packages/airflow/example_dags/example_latest_only.py
[2022-10-04T23:42:46.955+0000] {processor.py:758} INFO - Processing file /home/airflow/.local/lib/python3.7/site-packages/airflow/example_dags/example_latest_only.py for tasks to queue
[2022-10-04T23:42:46.963+0000] {logging_mixin.py:117} INFO - [2022-10-04T23:42:46.962+0000] {dagbag.py:525} INFO - Filling up the DagBag from /home/airflow/.local/lib/python3.7/site-packages/airflow/example_dags/example_latest_only.py
[2022-10-04T23:42:47.050+0000] {processor.py:768} INFO - DAG(s) dict_keys(['latest_only']) retrieved from /home/airflow/.local/lib/python3.7/site-packages/airflow/example_dags/example_latest_only.py
[2022-10-04T23:42:47.965+0000] {logging_mixin.py:117} INFO - [2022-10-04T23:42:47.965+0000] {dag.py:2573} INFO - Sync 1 DAGs
[2022-10-04T23:42:48.069+0000] {logging_mixin.py:117} INFO - [2022-10-04T23:42:48.068+0000] {dag.py:3328} INFO - Setting next_dagrun for latest_only to 2022-10-04T19:42:48.068760+00:00, run_after=2022-10-04T23:42:48.068760+00:00
[2022-10-04T23:42:56.663+0000] {processor.py:178} INFO - Processing /home/airflow/.local/lib/python3.7/site-packages/airflow/example_dags/example_latest_only.py took 9.732 seconds
[2022-10-04T23:44:53.252+0000] {processor.py:156} INFO - Started process (PID=80) to work on /home/airflow/.local/lib/python3.7/site-packages/airflow/example_dags/example_latest_only.py
[2022-10-04T23:44:53.255+0000] {processor.py:758} INFO - Processing file /home/airflow/.local/lib/python3.7/site-packages/airflow/example_dags/example_latest_only.py for tasks to queue
[2022-10-04T23:44:53.257+0000] {logging_mixin.py:117} INFO - [2022-10-04T23:44:53.257+0000] {dagbag.py:525} INFO - Filling up the DagBag from /home/airflow/.local/lib/python3.7/site-packages/airflow/example_dags/example_latest_only.py
[2022-10-04T23:44:53.302+0000] {processor.py:768} INFO - DAG(s) dict_keys(['latest_only']) retrieved from /home/airflow/.local/lib/python3.7/site-packages/airflow/example_dags/example_latest_only.py
[2022-10-04T23:44:53.706+0000] {logging_mixin.py:117} INFO - [2022-10-04T23:44:53.704+0000] {dag.py:2573} INFO - Sync 1 DAGs
[2022-10-04T23:44:53.858+0000] {logging_mixin.py:117} INFO - [2022-10-04T23:44:53.857+0000] {dag.py:3328} INFO - Setting next_dagrun for latest_only to 2022-10-04T19:44:53.857647+00:00, run_after=2022-10-04T23:44:53.857647+00:00
[2022-10-04T23:44:53.940+0000] {processor.py:178} INFO - Processing /home/airflow/.local/lib/python3.7/site-packages/airflow/example_dags/example_latest_only.py took 0.696 seconds
[2022-10-04T23:46:49.354+0000] {processor.py:156} INFO - Started process (PID=78) to work on /home/airflow/.local/lib/python3.7/site-packages/airflow/example_dags/example_latest_only.py
[2022-10-04T23:46:49.362+0000] {processor.py:758} INFO - Processing file /home/airflow/.local/lib/python3.7/site-packages/airflow/example_dags/example_latest_only.py for tasks to queue
[2022-10-04T23:46:49.365+0000] {logging_mixin.py:117} INFO - [2022-10-04T23:46:49.365+0000] {dagbag.py:525} INFO - Filling up the DagBag from /home/airflow/.local/lib/python3.7/site-packages/airflow/example_dags/example_latest_only.py
[2022-10-04T23:46:49.425+0000] {processor.py:768} INFO - DAG(s) dict_keys(['latest_only']) retrieved from /home/airflow/.local/lib/python3.7/site-packages/airflow/example_dags/example_latest_only.py
[2022-10-04T23:46:49.914+0000] {logging_mixin.py:117} INFO - [2022-10-04T23:46:49.914+0000] {dag.py:2573} INFO - Sync 1 DAGs
[2022-10-04T23:46:49.961+0000] {logging_mixin.py:117} INFO - [2022-10-04T23:46:49.961+0000] {dag.py:3328} INFO - Setting next_dagrun for latest_only to 2022-10-04T19:46:49.961381+00:00, run_after=2022-10-04T23:46:49.961381+00:00
[2022-10-04T23:46:50.040+0000] {processor.py:178} INFO - Processing /home/airflow/.local/lib/python3.7/site-packages/airflow/example_dags/example_latest_only.py took 0.696 seconds
[2022-10-04T23:48:58.528+0000] {processor.py:156} INFO - Started process (PID=86) to work on /home/airflow/.local/lib/python3.7/site-packages/airflow/example_dags/example_latest_only.py
[2022-10-04T23:48:58.536+0000] {processor.py:758} INFO - Processing file /home/airflow/.local/lib/python3.7/site-packages/airflow/example_dags/example_latest_only.py for tasks to queue
[2022-10-04T23:48:58.548+0000] {logging_mixin.py:117} INFO - [2022-10-04T23:48:58.543+0000] {dagbag.py:525} INFO - Filling up the DagBag from /home/airflow/.local/lib/python3.7/site-packages/airflow/example_dags/example_latest_only.py
[2022-10-04T23:48:58.929+0000] {processor.py:768} INFO - DAG(s) dict_keys(['latest_only']) retrieved from /home/airflow/.local/lib/python3.7/site-packages/airflow/example_dags/example_latest_only.py
[2022-10-04T23:49:00.406+0000] {logging_mixin.py:117} INFO - [2022-10-04T23:49:00.406+0000] {dag.py:2573} INFO - Sync 1 DAGs
[2022-10-04T23:49:00.524+0000] {logging_mixin.py:117} INFO - [2022-10-04T23:49:00.524+0000] {dag.py:3328} INFO - Setting next_dagrun for latest_only to 2022-10-04T19:49:00.522953+00:00, run_after=2022-10-04T23:49:00.522953+00:00
[2022-10-04T23:49:05.169+0000] {processor.py:178} INFO - Processing /home/airflow/.local/lib/python3.7/site-packages/airflow/example_dags/example_latest_only.py took 6.672 seconds
[2022-10-04T23:50:45.576+0000] {processor.py:156} INFO - Started process (PID=77) to work on /home/airflow/.local/lib/python3.7/site-packages/airflow/example_dags/example_latest_only.py
[2022-10-04T23:50:45.587+0000] {processor.py:758} INFO - Processing file /home/airflow/.local/lib/python3.7/site-packages/airflow/example_dags/example_latest_only.py for tasks to queue
[2022-10-04T23:50:45.592+0000] {logging_mixin.py:117} INFO - [2022-10-04T23:50:45.592+0000] {dagbag.py:525} INFO - Filling up the DagBag from /home/airflow/.local/lib/python3.7/site-packages/airflow/example_dags/example_latest_only.py
[2022-10-04T23:50:45.691+0000] {processor.py:768} INFO - DAG(s) dict_keys(['latest_only']) retrieved from /home/airflow/.local/lib/python3.7/site-packages/airflow/example_dags/example_latest_only.py
[2022-10-04T23:50:46.716+0000] {logging_mixin.py:117} INFO - [2022-10-04T23:50:46.715+0000] {dag.py:2573} INFO - Sync 1 DAGs
[2022-10-04T23:50:46.875+0000] {logging_mixin.py:117} INFO - [2022-10-04T23:50:46.875+0000] {dag.py:3328} INFO - Setting next_dagrun for latest_only to 2022-10-04T19:50:46.875474+00:00, run_after=2022-10-04T23:50:46.875474+00:00
[2022-10-04T23:50:47.065+0000] {processor.py:178} INFO - Processing /home/airflow/.local/lib/python3.7/site-packages/airflow/example_dags/example_latest_only.py took 1.509 seconds
[2022-10-04T23:52:58.511+0000] {processor.py:156} INFO - Started process (PID=80) to work on /home/airflow/.local/lib/python3.7/site-packages/airflow/example_dags/example_latest_only.py
[2022-10-04T23:52:58.519+0000] {processor.py:758} INFO - Processing file /home/airflow/.local/lib/python3.7/site-packages/airflow/example_dags/example_latest_only.py for tasks to queue
[2022-10-04T23:52:58.523+0000] {logging_mixin.py:117} INFO - [2022-10-04T23:52:58.523+0000] {dagbag.py:525} INFO - Filling up the DagBag from /home/airflow/.local/lib/python3.7/site-packages/airflow/example_dags/example_latest_only.py
[2022-10-04T23:52:58.585+0000] {processor.py:768} INFO - DAG(s) dict_keys(['latest_only']) retrieved from /home/airflow/.local/lib/python3.7/site-packages/airflow/example_dags/example_latest_only.py
[2022-10-04T23:52:59.257+0000] {logging_mixin.py:117} INFO - [2022-10-04T23:52:59.257+0000] {dag.py:2573} INFO - Sync 1 DAGs
[2022-10-04T23:52:59.373+0000] {logging_mixin.py:117} INFO - [2022-10-04T23:52:59.370+0000] {dag.py:3328} INFO - Setting next_dagrun for latest_only to 2022-10-04T19:52:59.369802+00:00, run_after=2022-10-04T23:52:59.369802+00:00
[2022-10-04T23:52:59.483+0000] {processor.py:178} INFO - Processing /home/airflow/.local/lib/python3.7/site-packages/airflow/example_dags/example_latest_only.py took 0.983 seconds
[2022-10-04T23:54:59.946+0000] {processor.py:156} INFO - Started process (PID=78) to work on /home/airflow/.local/lib/python3.7/site-packages/airflow/example_dags/example_latest_only.py
[2022-10-04T23:54:59.956+0000] {processor.py:758} INFO - Processing file /home/airflow/.local/lib/python3.7/site-packages/airflow/example_dags/example_latest_only.py for tasks to queue
[2022-10-04T23:54:59.957+0000] {logging_mixin.py:117} INFO - [2022-10-04T23:54:59.957+0000] {dagbag.py:525} INFO - Filling up the DagBag from /home/airflow/.local/lib/python3.7/site-packages/airflow/example_dags/example_latest_only.py
[2022-10-04T23:55:00.037+0000] {processor.py:768} INFO - DAG(s) dict_keys(['latest_only']) retrieved from /home/airflow/.local/lib/python3.7/site-packages/airflow/example_dags/example_latest_only.py
[2022-10-04T23:55:00.994+0000] {logging_mixin.py:117} INFO - [2022-10-04T23:55:00.993+0000] {dag.py:2573} INFO - Sync 1 DAGs
[2022-10-04T23:55:01.141+0000] {logging_mixin.py:117} INFO - [2022-10-04T23:55:01.139+0000] {dag.py:3328} INFO - Setting next_dagrun for latest_only to 2022-10-04T19:55:01.138096+00:00, run_after=2022-10-04T23:55:01.138096+00:00
[2022-10-04T23:55:01.360+0000] {processor.py:178} INFO - Processing /home/airflow/.local/lib/python3.7/site-packages/airflow/example_dags/example_latest_only.py took 1.434 seconds
[2022-10-04T23:57:10.372+0000] {processor.py:156} INFO - Started process (PID=89) to work on /home/airflow/.local/lib/python3.7/site-packages/airflow/example_dags/example_latest_only.py
[2022-10-04T23:57:10.382+0000] {processor.py:758} INFO - Processing file /home/airflow/.local/lib/python3.7/site-packages/airflow/example_dags/example_latest_only.py for tasks to queue
[2022-10-04T23:57:10.384+0000] {logging_mixin.py:117} INFO - [2022-10-04T23:57:10.384+0000] {dagbag.py:525} INFO - Filling up the DagBag from /home/airflow/.local/lib/python3.7/site-packages/airflow/example_dags/example_latest_only.py
[2022-10-04T23:57:10.489+0000] {processor.py:768} INFO - DAG(s) dict_keys(['latest_only']) retrieved from /home/airflow/.local/lib/python3.7/site-packages/airflow/example_dags/example_latest_only.py
[2022-10-04T23:57:11.523+0000] {logging_mixin.py:117} INFO - [2022-10-04T23:57:11.523+0000] {dag.py:2573} INFO - Sync 1 DAGs
[2022-10-04T23:57:11.680+0000] {logging_mixin.py:117} INFO - [2022-10-04T23:57:11.680+0000] {dag.py:3328} INFO - Setting next_dagrun for latest_only to 2022-10-04T19:57:11.679810+00:00, run_after=2022-10-04T23:57:11.679810+00:00
[2022-10-04T23:57:11.902+0000] {processor.py:178} INFO - Processing /home/airflow/.local/lib/python3.7/site-packages/airflow/example_dags/example_latest_only.py took 1.553 seconds
[2022-10-04T23:59:05.153+0000] {processor.py:156} INFO - Started process (PID=89) to work on /home/airflow/.local/lib/python3.7/site-packages/airflow/example_dags/example_latest_only.py
[2022-10-04T23:59:05.154+0000] {processor.py:758} INFO - Processing file /home/airflow/.local/lib/python3.7/site-packages/airflow/example_dags/example_latest_only.py for tasks to queue
[2022-10-04T23:59:05.155+0000] {logging_mixin.py:117} INFO - [2022-10-04T23:59:05.155+0000] {dagbag.py:525} INFO - Filling up the DagBag from /home/airflow/.local/lib/python3.7/site-packages/airflow/example_dags/example_latest_only.py
[2022-10-04T23:59:05.239+0000] {processor.py:768} INFO - DAG(s) dict_keys(['latest_only']) retrieved from /home/airflow/.local/lib/python3.7/site-packages/airflow/example_dags/example_latest_only.py
[2022-10-04T23:59:06.163+0000] {logging_mixin.py:117} INFO - [2022-10-04T23:59:06.163+0000] {dag.py:2573} INFO - Sync 1 DAGs
[2022-10-04T23:59:06.335+0000] {logging_mixin.py:117} INFO - [2022-10-04T23:59:06.335+0000] {dag.py:3328} INFO - Setting next_dagrun for latest_only to 2022-10-04T19:59:06.335154+00:00, run_after=2022-10-04T23:59:06.335154+00:00
[2022-10-04T23:59:06.558+0000] {processor.py:178} INFO - Processing /home/airflow/.local/lib/python3.7/site-packages/airflow/example_dags/example_latest_only.py took 1.418 seconds
