[2022-10-04T23:33:58.468+0000] {processor.py:156} INFO - Started process (PID=66) to work on /home/airflow/.local/lib/python3.7/site-packages/airflow/example_dags/example_branch_python_dop_operator_3.py
[2022-10-04T23:33:58.470+0000] {processor.py:758} INFO - Processing file /home/airflow/.local/lib/python3.7/site-packages/airflow/example_dags/example_branch_python_dop_operator_3.py for tasks to queue
[2022-10-04T23:33:58.472+0000] {logging_mixin.py:117} INFO - [2022-10-04T23:33:58.472+0000] {dagbag.py:525} INFO - Filling up the DagBag from /home/airflow/.local/lib/python3.7/site-packages/airflow/example_dags/example_branch_python_dop_operator_3.py
[2022-10-04T23:33:58.533+0000] {processor.py:768} INFO - DAG(s) dict_keys(['example_branch_dop_operator_v3']) retrieved from /home/airflow/.local/lib/python3.7/site-packages/airflow/example_dags/example_branch_python_dop_operator_3.py
[2022-10-04T23:33:58.638+0000] {logging_mixin.py:117} INFO - [2022-10-04T23:33:58.638+0000] {dag.py:2573} INFO - Sync 1 DAGs
[2022-10-04T23:33:58.689+0000] {logging_mixin.py:117} INFO - [2022-10-04T23:33:58.689+0000] {dag.py:3328} INFO - Setting next_dagrun for example_branch_dop_operator_v3 to 2022-10-04T23:32:00+00:00, run_after=2022-10-04T23:33:00+00:00
[2022-10-04T23:33:59.692+0000] {processor.py:178} INFO - Processing /home/airflow/.local/lib/python3.7/site-packages/airflow/example_dags/example_branch_python_dop_operator_3.py took 1.233 seconds
[2022-10-04T23:34:30.037+0000] {processor.py:156} INFO - Started process (PID=120) to work on /home/airflow/.local/lib/python3.7/site-packages/airflow/example_dags/example_branch_python_dop_operator_3.py
[2022-10-04T23:34:30.042+0000] {processor.py:758} INFO - Processing file /home/airflow/.local/lib/python3.7/site-packages/airflow/example_dags/example_branch_python_dop_operator_3.py for tasks to queue
[2022-10-04T23:34:30.044+0000] {logging_mixin.py:117} INFO - [2022-10-04T23:34:30.043+0000] {dagbag.py:525} INFO - Filling up the DagBag from /home/airflow/.local/lib/python3.7/site-packages/airflow/example_dags/example_branch_python_dop_operator_3.py
[2022-10-04T23:34:30.228+0000] {processor.py:768} INFO - DAG(s) dict_keys(['example_branch_dop_operator_v3']) retrieved from /home/airflow/.local/lib/python3.7/site-packages/airflow/example_dags/example_branch_python_dop_operator_3.py
[2022-10-04T23:34:30.492+0000] {logging_mixin.py:117} INFO - [2022-10-04T23:34:30.492+0000] {dag.py:2573} INFO - Sync 1 DAGs
[2022-10-04T23:34:30.599+0000] {logging_mixin.py:117} INFO - [2022-10-04T23:34:30.599+0000] {dag.py:3328} INFO - Setting next_dagrun for example_branch_dop_operator_v3 to 2022-10-04T23:33:00+00:00, run_after=2022-10-04T23:34:00+00:00
[2022-10-04T23:34:43.281+0000] {processor.py:178} INFO - Processing /home/airflow/.local/lib/python3.7/site-packages/airflow/example_dags/example_branch_python_dop_operator_3.py took 13.273 seconds
[2022-10-04T23:36:17.056+0000] {processor.py:156} INFO - Started process (PID=68) to work on /home/airflow/.local/lib/python3.7/site-packages/airflow/example_dags/example_branch_python_dop_operator_3.py
[2022-10-04T23:36:17.060+0000] {processor.py:758} INFO - Processing file /home/airflow/.local/lib/python3.7/site-packages/airflow/example_dags/example_branch_python_dop_operator_3.py for tasks to queue
[2022-10-04T23:36:17.062+0000] {logging_mixin.py:117} INFO - [2022-10-04T23:36:17.062+0000] {dagbag.py:525} INFO - Filling up the DagBag from /home/airflow/.local/lib/python3.7/site-packages/airflow/example_dags/example_branch_python_dop_operator_3.py
[2022-10-04T23:36:17.168+0000] {processor.py:768} INFO - DAG(s) dict_keys(['example_branch_dop_operator_v3']) retrieved from /home/airflow/.local/lib/python3.7/site-packages/airflow/example_dags/example_branch_python_dop_operator_3.py
[2022-10-04T23:36:17.900+0000] {logging_mixin.py:117} INFO - [2022-10-04T23:36:17.900+0000] {dag.py:2573} INFO - Sync 1 DAGs
[2022-10-04T23:36:17.991+0000] {logging_mixin.py:117} INFO - [2022-10-04T23:36:17.991+0000] {dag.py:3328} INFO - Setting next_dagrun for example_branch_dop_operator_v3 to 2022-10-04T23:35:00+00:00, run_after=2022-10-04T23:36:00+00:00
[2022-10-04T23:36:18.112+0000] {processor.py:178} INFO - Processing /home/airflow/.local/lib/python3.7/site-packages/airflow/example_dags/example_branch_python_dop_operator_3.py took 1.067 seconds
[2022-10-04T23:38:29.939+0000] {processor.py:156} INFO - Started process (PID=66) to work on /home/airflow/.local/lib/python3.7/site-packages/airflow/example_dags/example_branch_python_dop_operator_3.py
[2022-10-04T23:38:29.948+0000] {processor.py:758} INFO - Processing file /home/airflow/.local/lib/python3.7/site-packages/airflow/example_dags/example_branch_python_dop_operator_3.py for tasks to queue
[2022-10-04T23:38:29.958+0000] {logging_mixin.py:117} INFO - [2022-10-04T23:38:29.957+0000] {dagbag.py:525} INFO - Filling up the DagBag from /home/airflow/.local/lib/python3.7/site-packages/airflow/example_dags/example_branch_python_dop_operator_3.py
[2022-10-04T23:38:30.389+0000] {processor.py:768} INFO - DAG(s) dict_keys(['example_branch_dop_operator_v3']) retrieved from /home/airflow/.local/lib/python3.7/site-packages/airflow/example_dags/example_branch_python_dop_operator_3.py
[2022-10-04T23:38:31.834+0000] {logging_mixin.py:117} INFO - [2022-10-04T23:38:31.833+0000] {dag.py:2573} INFO - Sync 1 DAGs
[2022-10-04T23:38:32.026+0000] {logging_mixin.py:117} INFO - [2022-10-04T23:38:32.026+0000] {dag.py:3328} INFO - Setting next_dagrun for example_branch_dop_operator_v3 to 2022-10-04T23:37:00+00:00, run_after=2022-10-04T23:38:00+00:00
[2022-10-04T23:38:32.343+0000] {processor.py:178} INFO - Processing /home/airflow/.local/lib/python3.7/site-packages/airflow/example_dags/example_branch_python_dop_operator_3.py took 2.432 seconds
[2022-10-04T23:40:31.277+0000] {processor.py:156} INFO - Started process (PID=55) to work on /home/airflow/.local/lib/python3.7/site-packages/airflow/example_dags/example_branch_python_dop_operator_3.py
[2022-10-04T23:40:31.287+0000] {processor.py:758} INFO - Processing file /home/airflow/.local/lib/python3.7/site-packages/airflow/example_dags/example_branch_python_dop_operator_3.py for tasks to queue
[2022-10-04T23:40:31.295+0000] {logging_mixin.py:117} INFO - [2022-10-04T23:40:31.294+0000] {dagbag.py:525} INFO - Filling up the DagBag from /home/airflow/.local/lib/python3.7/site-packages/airflow/example_dags/example_branch_python_dop_operator_3.py
[2022-10-04T23:40:31.455+0000] {processor.py:768} INFO - DAG(s) dict_keys(['example_branch_dop_operator_v3']) retrieved from /home/airflow/.local/lib/python3.7/site-packages/airflow/example_dags/example_branch_python_dop_operator_3.py
[2022-10-04T23:40:32.177+0000] {logging_mixin.py:117} INFO - [2022-10-04T23:40:32.177+0000] {dag.py:2573} INFO - Sync 1 DAGs
[2022-10-04T23:40:32.263+0000] {logging_mixin.py:117} INFO - [2022-10-04T23:40:32.263+0000] {dag.py:3328} INFO - Setting next_dagrun for example_branch_dop_operator_v3 to 2022-10-04T23:39:00+00:00, run_after=2022-10-04T23:40:00+00:00
[2022-10-04T23:40:32.353+0000] {processor.py:178} INFO - Processing /home/airflow/.local/lib/python3.7/site-packages/airflow/example_dags/example_branch_python_dop_operator_3.py took 1.089 seconds
[2022-10-04T23:42:03.761+0000] {processor.py:156} INFO - Started process (PID=64) to work on /home/airflow/.local/lib/python3.7/site-packages/airflow/example_dags/example_branch_python_dop_operator_3.py
[2022-10-04T23:42:03.769+0000] {processor.py:758} INFO - Processing file /home/airflow/.local/lib/python3.7/site-packages/airflow/example_dags/example_branch_python_dop_operator_3.py for tasks to queue
[2022-10-04T23:42:03.773+0000] {logging_mixin.py:117} INFO - [2022-10-04T23:42:03.773+0000] {dagbag.py:525} INFO - Filling up the DagBag from /home/airflow/.local/lib/python3.7/site-packages/airflow/example_dags/example_branch_python_dop_operator_3.py
[2022-10-04T23:42:04.247+0000] {processor.py:768} INFO - DAG(s) dict_keys(['example_branch_dop_operator_v3']) retrieved from /home/airflow/.local/lib/python3.7/site-packages/airflow/example_dags/example_branch_python_dop_operator_3.py
[2022-10-04T23:42:13.283+0000] {logging_mixin.py:117} INFO - [2022-10-04T23:42:13.268+0000] {dag.py:2573} INFO - Sync 1 DAGs
[2022-10-04T23:42:13.780+0000] {logging_mixin.py:117} INFO - [2022-10-04T23:42:13.779+0000] {dag.py:3328} INFO - Setting next_dagrun for example_branch_dop_operator_v3 to 2022-10-04T23:41:00+00:00, run_after=2022-10-04T23:42:00+00:00
[2022-10-04T23:42:14.676+0000] {processor.py:178} INFO - Processing /home/airflow/.local/lib/python3.7/site-packages/airflow/example_dags/example_branch_python_dop_operator_3.py took 10.942 seconds
[2022-10-04T23:44:48.582+0000] {processor.py:156} INFO - Started process (PID=67) to work on /home/airflow/.local/lib/python3.7/site-packages/airflow/example_dags/example_branch_python_dop_operator_3.py
[2022-10-04T23:44:48.583+0000] {processor.py:758} INFO - Processing file /home/airflow/.local/lib/python3.7/site-packages/airflow/example_dags/example_branch_python_dop_operator_3.py for tasks to queue
[2022-10-04T23:44:48.584+0000] {logging_mixin.py:117} INFO - [2022-10-04T23:44:48.584+0000] {dagbag.py:525} INFO - Filling up the DagBag from /home/airflow/.local/lib/python3.7/site-packages/airflow/example_dags/example_branch_python_dop_operator_3.py
[2022-10-04T23:44:48.627+0000] {processor.py:768} INFO - DAG(s) dict_keys(['example_branch_dop_operator_v3']) retrieved from /home/airflow/.local/lib/python3.7/site-packages/airflow/example_dags/example_branch_python_dop_operator_3.py
[2022-10-04T23:44:48.961+0000] {logging_mixin.py:117} INFO - [2022-10-04T23:44:48.960+0000] {dag.py:2573} INFO - Sync 1 DAGs
[2022-10-04T23:44:48.994+0000] {logging_mixin.py:117} INFO - [2022-10-04T23:44:48.994+0000] {dag.py:3328} INFO - Setting next_dagrun for example_branch_dop_operator_v3 to 2022-10-04T23:43:00+00:00, run_after=2022-10-04T23:44:00+00:00
[2022-10-04T23:44:49.137+0000] {processor.py:178} INFO - Processing /home/airflow/.local/lib/python3.7/site-packages/airflow/example_dags/example_branch_python_dop_operator_3.py took 0.560 seconds
[2022-10-04T23:46:26.277+0000] {processor.py:156} INFO - Started process (PID=56) to work on /home/airflow/.local/lib/python3.7/site-packages/airflow/example_dags/example_branch_python_dop_operator_3.py
[2022-10-04T23:46:26.283+0000] {processor.py:758} INFO - Processing file /home/airflow/.local/lib/python3.7/site-packages/airflow/example_dags/example_branch_python_dop_operator_3.py for tasks to queue
[2022-10-04T23:46:26.292+0000] {logging_mixin.py:117} INFO - [2022-10-04T23:46:26.291+0000] {dagbag.py:525} INFO - Filling up the DagBag from /home/airflow/.local/lib/python3.7/site-packages/airflow/example_dags/example_branch_python_dop_operator_3.py
[2022-10-04T23:46:27.718+0000] {processor.py:768} INFO - DAG(s) dict_keys(['example_branch_dop_operator_v3']) retrieved from /home/airflow/.local/lib/python3.7/site-packages/airflow/example_dags/example_branch_python_dop_operator_3.py
[2022-10-04T23:46:32.576+0000] {logging_mixin.py:117} INFO - [2022-10-04T23:46:32.561+0000] {dag.py:2573} INFO - Sync 1 DAGs
[2022-10-04T23:46:33.278+0000] {logging_mixin.py:117} INFO - [2022-10-04T23:46:33.278+0000] {dag.py:3328} INFO - Setting next_dagrun for example_branch_dop_operator_v3 to 2022-10-04T23:45:00+00:00, run_after=2022-10-04T23:46:00+00:00
[2022-10-04T23:46:34.523+0000] {processor.py:178} INFO - Processing /home/airflow/.local/lib/python3.7/site-packages/airflow/example_dags/example_branch_python_dop_operator_3.py took 8.272 seconds
[2022-10-04T23:48:46.554+0000] {processor.py:156} INFO - Started process (PID=64) to work on /home/airflow/.local/lib/python3.7/site-packages/airflow/example_dags/example_branch_python_dop_operator_3.py
[2022-10-04T23:48:46.556+0000] {processor.py:758} INFO - Processing file /home/airflow/.local/lib/python3.7/site-packages/airflow/example_dags/example_branch_python_dop_operator_3.py for tasks to queue
[2022-10-04T23:48:46.565+0000] {logging_mixin.py:117} INFO - [2022-10-04T23:48:46.565+0000] {dagbag.py:525} INFO - Filling up the DagBag from /home/airflow/.local/lib/python3.7/site-packages/airflow/example_dags/example_branch_python_dop_operator_3.py
[2022-10-04T23:48:46.785+0000] {processor.py:768} INFO - DAG(s) dict_keys(['example_branch_dop_operator_v3']) retrieved from /home/airflow/.local/lib/python3.7/site-packages/airflow/example_dags/example_branch_python_dop_operator_3.py
[2022-10-04T23:48:47.867+0000] {logging_mixin.py:117} INFO - [2022-10-04T23:48:47.867+0000] {dag.py:2573} INFO - Sync 1 DAGs
[2022-10-04T23:48:47.808+0000] {logging_mixin.py:117} INFO - [2022-10-04T23:48:47.808+0000] {dag.py:3328} INFO - Setting next_dagrun for example_branch_dop_operator_v3 to 2022-10-04T23:47:00+00:00, run_after=2022-10-04T23:48:00+00:00
[2022-10-04T23:48:48.059+0000] {processor.py:178} INFO - Processing /home/airflow/.local/lib/python3.7/site-packages/airflow/example_dags/example_branch_python_dop_operator_3.py took 1.728 seconds
[2022-10-04T23:50:31.454+0000] {processor.py:156} INFO - Started process (PID=55) to work on /home/airflow/.local/lib/python3.7/site-packages/airflow/example_dags/example_branch_python_dop_operator_3.py
[2022-10-04T23:50:31.463+0000] {processor.py:758} INFO - Processing file /home/airflow/.local/lib/python3.7/site-packages/airflow/example_dags/example_branch_python_dop_operator_3.py for tasks to queue
[2022-10-04T23:50:31.464+0000] {logging_mixin.py:117} INFO - [2022-10-04T23:50:31.464+0000] {dagbag.py:525} INFO - Filling up the DagBag from /home/airflow/.local/lib/python3.7/site-packages/airflow/example_dags/example_branch_python_dop_operator_3.py
[2022-10-04T23:50:31.756+0000] {processor.py:768} INFO - DAG(s) dict_keys(['example_branch_dop_operator_v3']) retrieved from /home/airflow/.local/lib/python3.7/site-packages/airflow/example_dags/example_branch_python_dop_operator_3.py
[2022-10-04T23:50:34.382+0000] {logging_mixin.py:117} INFO - [2022-10-04T23:50:34.381+0000] {dag.py:2573} INFO - Sync 1 DAGs
[2022-10-04T23:50:34.607+0000] {logging_mixin.py:117} INFO - [2022-10-04T23:50:34.607+0000] {dag.py:3328} INFO - Setting next_dagrun for example_branch_dop_operator_v3 to 2022-10-04T23:49:00+00:00, run_after=2022-10-04T23:50:00+00:00
[2022-10-04T23:50:34.921+0000] {processor.py:178} INFO - Processing /home/airflow/.local/lib/python3.7/site-packages/airflow/example_dags/example_branch_python_dop_operator_3.py took 3.508 seconds
[2022-10-04T23:52:36.642+0000] {processor.py:156} INFO - Started process (PID=56) to work on /home/airflow/.local/lib/python3.7/site-packages/airflow/example_dags/example_branch_python_dop_operator_3.py
[2022-10-04T23:52:36.645+0000] {processor.py:758} INFO - Processing file /home/airflow/.local/lib/python3.7/site-packages/airflow/example_dags/example_branch_python_dop_operator_3.py for tasks to queue
[2022-10-04T23:52:36.646+0000] {logging_mixin.py:117} INFO - [2022-10-04T23:52:36.646+0000] {dagbag.py:525} INFO - Filling up the DagBag from /home/airflow/.local/lib/python3.7/site-packages/airflow/example_dags/example_branch_python_dop_operator_3.py
[2022-10-04T23:52:36.960+0000] {processor.py:768} INFO - DAG(s) dict_keys(['example_branch_dop_operator_v3']) retrieved from /home/airflow/.local/lib/python3.7/site-packages/airflow/example_dags/example_branch_python_dop_operator_3.py
[2022-10-04T23:52:43.432+0000] {logging_mixin.py:117} INFO - [2022-10-04T23:52:43.422+0000] {dag.py:2573} INFO - Sync 1 DAGs
[2022-10-04T23:52:45.269+0000] {logging_mixin.py:117} INFO - [2022-10-04T23:52:45.269+0000] {dag.py:3328} INFO - Setting next_dagrun for example_branch_dop_operator_v3 to 2022-10-04T23:51:00+00:00, run_after=2022-10-04T23:52:00+00:00
[2022-10-04T23:52:45.798+0000] {processor.py:178} INFO - Processing /home/airflow/.local/lib/python3.7/site-packages/airflow/example_dags/example_branch_python_dop_operator_3.py took 9.188 seconds
[2022-10-04T23:54:48.945+0000] {processor.py:156} INFO - Started process (PID=56) to work on /home/airflow/.local/lib/python3.7/site-packages/airflow/example_dags/example_branch_python_dop_operator_3.py
[2022-10-04T23:54:48.950+0000] {processor.py:758} INFO - Processing file /home/airflow/.local/lib/python3.7/site-packages/airflow/example_dags/example_branch_python_dop_operator_3.py for tasks to queue
[2022-10-04T23:54:48.953+0000] {logging_mixin.py:117} INFO - [2022-10-04T23:54:48.952+0000] {dagbag.py:525} INFO - Filling up the DagBag from /home/airflow/.local/lib/python3.7/site-packages/airflow/example_dags/example_branch_python_dop_operator_3.py
[2022-10-04T23:54:49.260+0000] {processor.py:768} INFO - DAG(s) dict_keys(['example_branch_dop_operator_v3']) retrieved from /home/airflow/.local/lib/python3.7/site-packages/airflow/example_dags/example_branch_python_dop_operator_3.py
[2022-10-04T23:54:50.762+0000] {logging_mixin.py:117} INFO - [2022-10-04T23:54:50.762+0000] {dag.py:2573} INFO - Sync 1 DAGs
[2022-10-04T23:54:50.864+0000] {logging_mixin.py:117} INFO - [2022-10-04T23:54:50.864+0000] {dag.py:3328} INFO - Setting next_dagrun for example_branch_dop_operator_v3 to 2022-10-04T23:53:00+00:00, run_after=2022-10-04T23:54:00+00:00
[2022-10-04T23:54:51.079+0000] {processor.py:178} INFO - Processing /home/airflow/.local/lib/python3.7/site-packages/airflow/example_dags/example_branch_python_dop_operator_3.py took 2.147 seconds
[2022-10-04T23:56:46.581+0000] {processor.py:156} INFO - Started process (PID=65) to work on /home/airflow/.local/lib/python3.7/site-packages/airflow/example_dags/example_branch_python_dop_operator_3.py
[2022-10-04T23:56:46.591+0000] {processor.py:758} INFO - Processing file /home/airflow/.local/lib/python3.7/site-packages/airflow/example_dags/example_branch_python_dop_operator_3.py for tasks to queue
[2022-10-04T23:56:46.597+0000] {logging_mixin.py:117} INFO - [2022-10-04T23:56:46.596+0000] {dagbag.py:525} INFO - Filling up the DagBag from /home/airflow/.local/lib/python3.7/site-packages/airflow/example_dags/example_branch_python_dop_operator_3.py
[2022-10-04T23:56:46.978+0000] {processor.py:768} INFO - DAG(s) dict_keys(['example_branch_dop_operator_v3']) retrieved from /home/airflow/.local/lib/python3.7/site-packages/airflow/example_dags/example_branch_python_dop_operator_3.py
[2022-10-04T23:56:55.032+0000] {logging_mixin.py:117} INFO - [2022-10-04T23:56:55.031+0000] {dag.py:2573} INFO - Sync 1 DAGs
[2022-10-04T23:56:55.311+0000] {logging_mixin.py:117} INFO - [2022-10-04T23:56:55.311+0000] {dag.py:3328} INFO - Setting next_dagrun for example_branch_dop_operator_v3 to 2022-10-04T23:55:00+00:00, run_after=2022-10-04T23:56:00+00:00
[2022-10-04T23:56:55.538+0000] {processor.py:178} INFO - Processing /home/airflow/.local/lib/python3.7/site-packages/airflow/example_dags/example_branch_python_dop_operator_3.py took 8.977 seconds
[2022-10-04T23:58:53.638+0000] {processor.py:156} INFO - Started process (PID=67) to work on /home/airflow/.local/lib/python3.7/site-packages/airflow/example_dags/example_branch_python_dop_operator_3.py
[2022-10-04T23:58:53.652+0000] {processor.py:758} INFO - Processing file /home/airflow/.local/lib/python3.7/site-packages/airflow/example_dags/example_branch_python_dop_operator_3.py for tasks to queue
[2022-10-04T23:58:53.654+0000] {logging_mixin.py:117} INFO - [2022-10-04T23:58:53.654+0000] {dagbag.py:525} INFO - Filling up the DagBag from /home/airflow/.local/lib/python3.7/site-packages/airflow/example_dags/example_branch_python_dop_operator_3.py
[2022-10-04T23:58:53.745+0000] {processor.py:768} INFO - DAG(s) dict_keys(['example_branch_dop_operator_v3']) retrieved from /home/airflow/.local/lib/python3.7/site-packages/airflow/example_dags/example_branch_python_dop_operator_3.py
[2022-10-04T23:58:54.376+0000] {logging_mixin.py:117} INFO - [2022-10-04T23:58:54.375+0000] {dag.py:2573} INFO - Sync 1 DAGs
[2022-10-04T23:58:54.524+0000] {logging_mixin.py:117} INFO - [2022-10-04T23:58:54.523+0000] {dag.py:3328} INFO - Setting next_dagrun for example_branch_dop_operator_v3 to 2022-10-04T23:57:00+00:00, run_after=2022-10-04T23:58:00+00:00
[2022-10-04T23:58:54.767+0000] {processor.py:178} INFO - Processing /home/airflow/.local/lib/python3.7/site-packages/airflow/example_dags/example_branch_python_dop_operator_3.py took 1.158 seconds
