[2022-10-04T23:34:05.945+0000] {processor.py:156} INFO - Started process (PID=86) to work on /home/airflow/.local/lib/python3.7/site-packages/airflow/example_dags/example_subdag_operator.py
[2022-10-04T23:34:05.947+0000] {processor.py:758} INFO - Processing file /home/airflow/.local/lib/python3.7/site-packages/airflow/example_dags/example_subdag_operator.py for tasks to queue
[2022-10-04T23:34:05.947+0000] {logging_mixin.py:117} INFO - [2022-10-04T23:34:05.947+0000] {dagbag.py:525} INFO - Filling up the DagBag from /home/airflow/.local/lib/python3.7/site-packages/airflow/example_dags/example_subdag_operator.py
[2022-10-04T23:34:06.011+0000] {processor.py:768} INFO - DAG(s) dict_keys(['example_subdag_operator.section-1', 'example_subdag_operator.section-2', 'example_subdag_operator']) retrieved from /home/airflow/.local/lib/python3.7/site-packages/airflow/example_dags/example_subdag_operator.py
[2022-10-04T23:34:06.269+0000] {logging_mixin.py:117} INFO - [2022-10-04T23:34:06.269+0000] {dag.py:2573} INFO - Sync 3 DAGs
[2022-10-04T23:34:06.328+0000] {logging_mixin.py:117} INFO - [2022-10-04T23:34:06.327+0000] {dag.py:3328} INFO - Setting next_dagrun for example_subdag_operator to 2022-01-01T00:00:00+00:00, run_after=2022-01-01T00:00:00+00:00
[2022-10-04T23:34:06.334+0000] {logging_mixin.py:117} INFO - [2022-10-04T23:34:06.334+0000] {dag.py:3328} INFO - Setting next_dagrun for example_subdag_operator.section-1 to None, run_after=None
[2022-10-04T23:34:06.336+0000] {logging_mixin.py:117} INFO - [2022-10-04T23:34:06.335+0000] {dag.py:3328} INFO - Setting next_dagrun for example_subdag_operator.section-2 to None, run_after=None
[2022-10-04T23:34:06.346+0000] {logging_mixin.py:117} INFO - [2022-10-04T23:34:06.346+0000] {dag.py:2573} INFO - Sync 2 DAGs
[2022-10-04T23:34:06.354+0000] {logging_mixin.py:117} INFO - [2022-10-04T23:34:06.354+0000] {dag.py:3328} INFO - Setting next_dagrun for example_subdag_operator.section-1 to None, run_after=None
[2022-10-04T23:34:06.354+0000] {logging_mixin.py:117} INFO - [2022-10-04T23:34:06.354+0000] {dag.py:3328} INFO - Setting next_dagrun for example_subdag_operator.section-2 to None, run_after=None
[2022-10-04T23:34:06.429+0000] {processor.py:178} INFO - Processing /home/airflow/.local/lib/python3.7/site-packages/airflow/example_dags/example_subdag_operator.py took 0.489 seconds
[2022-10-04T23:36:49.636+0000] {processor.py:156} INFO - Started process (PID=98) to work on /home/airflow/.local/lib/python3.7/site-packages/airflow/example_dags/example_subdag_operator.py
[2022-10-04T23:36:49.640+0000] {processor.py:758} INFO - Processing file /home/airflow/.local/lib/python3.7/site-packages/airflow/example_dags/example_subdag_operator.py for tasks to queue
[2022-10-04T23:36:49.642+0000] {logging_mixin.py:117} INFO - [2022-10-04T23:36:49.642+0000] {dagbag.py:525} INFO - Filling up the DagBag from /home/airflow/.local/lib/python3.7/site-packages/airflow/example_dags/example_subdag_operator.py
[2022-10-04T23:36:50.146+0000] {processor.py:768} INFO - DAG(s) dict_keys(['example_subdag_operator.section-1', 'example_subdag_operator.section-2', 'example_subdag_operator']) retrieved from /home/airflow/.local/lib/python3.7/site-packages/airflow/example_dags/example_subdag_operator.py
[2022-10-04T23:36:50.564+0000] {logging_mixin.py:117} INFO - [2022-10-04T23:36:50.564+0000] {dag.py:2573} INFO - Sync 3 DAGs
[2022-10-04T23:36:50.594+0000] {logging_mixin.py:117} INFO - [2022-10-04T23:36:50.594+0000] {dag.py:3328} INFO - Setting next_dagrun for example_subdag_operator to 2022-01-01T00:00:00+00:00, run_after=2022-01-01T00:00:00+00:00
[2022-10-04T23:36:50.599+0000] {logging_mixin.py:117} INFO - [2022-10-04T23:36:50.599+0000] {dag.py:3328} INFO - Setting next_dagrun for example_subdag_operator.section-1 to None, run_after=None
[2022-10-04T23:36:50.601+0000] {logging_mixin.py:117} INFO - [2022-10-04T23:36:50.600+0000] {dag.py:3328} INFO - Setting next_dagrun for example_subdag_operator.section-2 to None, run_after=None
[2022-10-04T23:36:50.611+0000] {logging_mixin.py:117} INFO - [2022-10-04T23:36:50.610+0000] {dag.py:2573} INFO - Sync 2 DAGs
[2022-10-04T23:36:50.619+0000] {logging_mixin.py:117} INFO - [2022-10-04T23:36:50.619+0000] {dag.py:3328} INFO - Setting next_dagrun for example_subdag_operator.section-1 to None, run_after=None
[2022-10-04T23:36:50.619+0000] {logging_mixin.py:117} INFO - [2022-10-04T23:36:50.619+0000] {dag.py:3328} INFO - Setting next_dagrun for example_subdag_operator.section-2 to None, run_after=None
[2022-10-04T23:36:52.338+0000] {processor.py:178} INFO - Processing /home/airflow/.local/lib/python3.7/site-packages/airflow/example_dags/example_subdag_operator.py took 2.707 seconds
[2022-10-04T23:42:58.965+0000] {processor.py:156} INFO - Started process (PID=105) to work on /home/airflow/.local/lib/python3.7/site-packages/airflow/example_dags/example_subdag_operator.py
[2022-10-04T23:42:58.966+0000] {processor.py:758} INFO - Processing file /home/airflow/.local/lib/python3.7/site-packages/airflow/example_dags/example_subdag_operator.py for tasks to queue
[2022-10-04T23:42:58.967+0000] {logging_mixin.py:117} INFO - [2022-10-04T23:42:58.967+0000] {dagbag.py:525} INFO - Filling up the DagBag from /home/airflow/.local/lib/python3.7/site-packages/airflow/example_dags/example_subdag_operator.py
[2022-10-04T23:42:59.571+0000] {processor.py:768} INFO - DAG(s) dict_keys(['example_subdag_operator.section-1', 'example_subdag_operator.section-2', 'example_subdag_operator']) retrieved from /home/airflow/.local/lib/python3.7/site-packages/airflow/example_dags/example_subdag_operator.py
[2022-10-04T23:43:10.525+0000] {logging_mixin.py:117} INFO - [2022-10-04T23:43:10.521+0000] {dag.py:2573} INFO - Sync 3 DAGs
[2022-10-04T23:44:56.132+0000] {processor.py:156} INFO - Started process (PID=87) to work on /home/airflow/.local/lib/python3.7/site-packages/airflow/example_dags/example_subdag_operator.py
[2022-10-04T23:44:56.134+0000] {processor.py:758} INFO - Processing file /home/airflow/.local/lib/python3.7/site-packages/airflow/example_dags/example_subdag_operator.py for tasks to queue
[2022-10-04T23:44:56.137+0000] {logging_mixin.py:117} INFO - [2022-10-04T23:44:56.137+0000] {dagbag.py:525} INFO - Filling up the DagBag from /home/airflow/.local/lib/python3.7/site-packages/airflow/example_dags/example_subdag_operator.py
[2022-10-04T23:44:56.199+0000] {processor.py:768} INFO - DAG(s) dict_keys(['example_subdag_operator.section-1', 'example_subdag_operator.section-2', 'example_subdag_operator']) retrieved from /home/airflow/.local/lib/python3.7/site-packages/airflow/example_dags/example_subdag_operator.py
[2022-10-04T23:44:56.858+0000] {logging_mixin.py:117} INFO - [2022-10-04T23:44:56.857+0000] {dag.py:2573} INFO - Sync 3 DAGs
[2022-10-04T23:44:56.912+0000] {logging_mixin.py:117} INFO - [2022-10-04T23:44:56.912+0000] {dag.py:3328} INFO - Setting next_dagrun for example_subdag_operator to 2022-01-01T00:00:00+00:00, run_after=2022-01-01T00:00:00+00:00
[2022-10-04T23:44:56.919+0000] {logging_mixin.py:117} INFO - [2022-10-04T23:44:56.919+0000] {dag.py:3328} INFO - Setting next_dagrun for example_subdag_operator.section-1 to None, run_after=None
[2022-10-04T23:44:56.928+0000] {logging_mixin.py:117} INFO - [2022-10-04T23:44:56.927+0000] {dag.py:3328} INFO - Setting next_dagrun for example_subdag_operator.section-2 to None, run_after=None
[2022-10-04T23:44:56.943+0000] {logging_mixin.py:117} INFO - [2022-10-04T23:44:56.943+0000] {dag.py:2573} INFO - Sync 2 DAGs
[2022-10-04T23:44:56.955+0000] {logging_mixin.py:117} INFO - [2022-10-04T23:44:56.955+0000] {dag.py:3328} INFO - Setting next_dagrun for example_subdag_operator.section-1 to None, run_after=None
[2022-10-04T23:44:56.956+0000] {logging_mixin.py:117} INFO - [2022-10-04T23:44:56.956+0000] {dag.py:3328} INFO - Setting next_dagrun for example_subdag_operator.section-2 to None, run_after=None
[2022-10-04T23:44:57.070+0000] {processor.py:178} INFO - Processing /home/airflow/.local/lib/python3.7/site-packages/airflow/example_dags/example_subdag_operator.py took 0.941 seconds
[2022-10-04T23:47:01.681+0000] {processor.py:156} INFO - Started process (PID=94) to work on /home/airflow/.local/lib/python3.7/site-packages/airflow/example_dags/example_subdag_operator.py
[2022-10-04T23:47:01.682+0000] {processor.py:758} INFO - Processing file /home/airflow/.local/lib/python3.7/site-packages/airflow/example_dags/example_subdag_operator.py for tasks to queue
[2022-10-04T23:47:01.688+0000] {logging_mixin.py:117} INFO - [2022-10-04T23:47:01.688+0000] {dagbag.py:525} INFO - Filling up the DagBag from /home/airflow/.local/lib/python3.7/site-packages/airflow/example_dags/example_subdag_operator.py
[2022-10-04T23:47:01.854+0000] {processor.py:768} INFO - DAG(s) dict_keys(['example_subdag_operator.section-1', 'example_subdag_operator.section-2', 'example_subdag_operator']) retrieved from /home/airflow/.local/lib/python3.7/site-packages/airflow/example_dags/example_subdag_operator.py
[2022-10-04T23:47:02.968+0000] {logging_mixin.py:117} INFO - [2022-10-04T23:47:02.968+0000] {dag.py:2573} INFO - Sync 3 DAGs
[2022-10-04T23:47:03.033+0000] {logging_mixin.py:117} INFO - [2022-10-04T23:47:03.033+0000] {dag.py:3328} INFO - Setting next_dagrun for example_subdag_operator to 2022-01-01T00:00:00+00:00, run_after=2022-01-01T00:00:00+00:00
[2022-10-04T23:47:03.042+0000] {logging_mixin.py:117} INFO - [2022-10-04T23:47:03.041+0000] {dag.py:3328} INFO - Setting next_dagrun for example_subdag_operator.section-1 to None, run_after=None
[2022-10-04T23:47:03.044+0000] {logging_mixin.py:117} INFO - [2022-10-04T23:47:03.044+0000] {dag.py:3328} INFO - Setting next_dagrun for example_subdag_operator.section-2 to None, run_after=None
[2022-10-04T23:47:03.074+0000] {logging_mixin.py:117} INFO - [2022-10-04T23:47:03.074+0000] {dag.py:2573} INFO - Sync 2 DAGs
[2022-10-04T23:47:03.099+0000] {logging_mixin.py:117} INFO - [2022-10-04T23:47:03.099+0000] {dag.py:3328} INFO - Setting next_dagrun for example_subdag_operator.section-1 to None, run_after=None
[2022-10-04T23:47:03.099+0000] {logging_mixin.py:117} INFO - [2022-10-04T23:47:03.099+0000] {dag.py:3328} INFO - Setting next_dagrun for example_subdag_operator.section-2 to None, run_after=None
[2022-10-04T23:47:05.373+0000] {processor.py:178} INFO - Processing /home/airflow/.local/lib/python3.7/site-packages/airflow/example_dags/example_subdag_operator.py took 3.698 seconds
[2022-10-04T23:49:10.408+0000] {processor.py:156} INFO - Started process (PID=94) to work on /home/airflow/.local/lib/python3.7/site-packages/airflow/example_dags/example_subdag_operator.py
[2022-10-04T23:49:10.412+0000] {processor.py:758} INFO - Processing file /home/airflow/.local/lib/python3.7/site-packages/airflow/example_dags/example_subdag_operator.py for tasks to queue
[2022-10-04T23:49:10.416+0000] {logging_mixin.py:117} INFO - [2022-10-04T23:49:10.414+0000] {dagbag.py:525} INFO - Filling up the DagBag from /home/airflow/.local/lib/python3.7/site-packages/airflow/example_dags/example_subdag_operator.py
[2022-10-04T23:49:10.771+0000] {processor.py:768} INFO - DAG(s) dict_keys(['example_subdag_operator.section-1', 'example_subdag_operator.section-2', 'example_subdag_operator']) retrieved from /home/airflow/.local/lib/python3.7/site-packages/airflow/example_dags/example_subdag_operator.py
[2022-10-04T23:51:02.421+0000] {processor.py:156} INFO - Started process (PID=84) to work on /home/airflow/.local/lib/python3.7/site-packages/airflow/example_dags/example_subdag_operator.py
[2022-10-04T23:51:02.422+0000] {processor.py:758} INFO - Processing file /home/airflow/.local/lib/python3.7/site-packages/airflow/example_dags/example_subdag_operator.py for tasks to queue
[2022-10-04T23:51:02.423+0000] {logging_mixin.py:117} INFO - [2022-10-04T23:51:02.423+0000] {dagbag.py:525} INFO - Filling up the DagBag from /home/airflow/.local/lib/python3.7/site-packages/airflow/example_dags/example_subdag_operator.py
[2022-10-04T23:51:02.476+0000] {processor.py:768} INFO - DAG(s) dict_keys(['example_subdag_operator.section-1', 'example_subdag_operator.section-2', 'example_subdag_operator']) retrieved from /home/airflow/.local/lib/python3.7/site-packages/airflow/example_dags/example_subdag_operator.py
[2022-10-04T23:51:03.007+0000] {logging_mixin.py:117} INFO - [2022-10-04T23:51:03.007+0000] {dag.py:2573} INFO - Sync 3 DAGs
[2022-10-04T23:51:03.038+0000] {logging_mixin.py:117} INFO - [2022-10-04T23:51:03.038+0000] {dag.py:3328} INFO - Setting next_dagrun for example_subdag_operator to 2022-01-01T00:00:00+00:00, run_after=2022-01-01T00:00:00+00:00
[2022-10-04T23:51:03.042+0000] {logging_mixin.py:117} INFO - [2022-10-04T23:51:03.042+0000] {dag.py:3328} INFO - Setting next_dagrun for example_subdag_operator.section-1 to None, run_after=None
[2022-10-04T23:51:03.044+0000] {logging_mixin.py:117} INFO - [2022-10-04T23:51:03.044+0000] {dag.py:3328} INFO - Setting next_dagrun for example_subdag_operator.section-2 to None, run_after=None
[2022-10-04T23:51:03.054+0000] {logging_mixin.py:117} INFO - [2022-10-04T23:51:03.053+0000] {dag.py:2573} INFO - Sync 2 DAGs
[2022-10-04T23:51:03.061+0000] {logging_mixin.py:117} INFO - [2022-10-04T23:51:03.061+0000] {dag.py:3328} INFO - Setting next_dagrun for example_subdag_operator.section-1 to None, run_after=None
[2022-10-04T23:51:03.062+0000] {logging_mixin.py:117} INFO - [2022-10-04T23:51:03.062+0000] {dag.py:3328} INFO - Setting next_dagrun for example_subdag_operator.section-2 to None, run_after=None
[2022-10-04T23:51:04.092+0000] {processor.py:178} INFO - Processing /home/airflow/.local/lib/python3.7/site-packages/airflow/example_dags/example_subdag_operator.py took 1.676 seconds
[2022-10-04T23:53:03.335+0000] {processor.py:156} INFO - Started process (PID=87) to work on /home/airflow/.local/lib/python3.7/site-packages/airflow/example_dags/example_subdag_operator.py
[2022-10-04T23:53:03.346+0000] {processor.py:758} INFO - Processing file /home/airflow/.local/lib/python3.7/site-packages/airflow/example_dags/example_subdag_operator.py for tasks to queue
[2022-10-04T23:53:03.348+0000] {logging_mixin.py:117} INFO - [2022-10-04T23:53:03.347+0000] {dagbag.py:525} INFO - Filling up the DagBag from /home/airflow/.local/lib/python3.7/site-packages/airflow/example_dags/example_subdag_operator.py
[2022-10-04T23:53:03.533+0000] {processor.py:768} INFO - DAG(s) dict_keys(['example_subdag_operator.section-1', 'example_subdag_operator.section-2', 'example_subdag_operator']) retrieved from /home/airflow/.local/lib/python3.7/site-packages/airflow/example_dags/example_subdag_operator.py
[2022-10-04T23:53:05.474+0000] {logging_mixin.py:117} INFO - [2022-10-04T23:53:05.474+0000] {dag.py:2573} INFO - Sync 3 DAGs
[2022-10-04T23:53:05.642+0000] {logging_mixin.py:117} INFO - [2022-10-04T23:53:05.642+0000] {dag.py:3328} INFO - Setting next_dagrun for example_subdag_operator to 2022-01-01T00:00:00+00:00, run_after=2022-01-01T00:00:00+00:00
[2022-10-04T23:53:05.658+0000] {logging_mixin.py:117} INFO - [2022-10-04T23:53:05.657+0000] {dag.py:3328} INFO - Setting next_dagrun for example_subdag_operator.section-1 to None, run_after=None
[2022-10-04T23:53:05.666+0000] {logging_mixin.py:117} INFO - [2022-10-04T23:53:05.666+0000] {dag.py:3328} INFO - Setting next_dagrun for example_subdag_operator.section-2 to None, run_after=None
[2022-10-04T23:53:05.697+0000] {logging_mixin.py:117} INFO - [2022-10-04T23:53:05.697+0000] {dag.py:2573} INFO - Sync 2 DAGs
[2022-10-04T23:53:05.764+0000] {logging_mixin.py:117} INFO - [2022-10-04T23:53:05.763+0000] {dag.py:3328} INFO - Setting next_dagrun for example_subdag_operator.section-1 to None, run_after=None
[2022-10-04T23:53:05.764+0000] {logging_mixin.py:117} INFO - [2022-10-04T23:53:05.764+0000] {dag.py:3328} INFO - Setting next_dagrun for example_subdag_operator.section-2 to None, run_after=None
[2022-10-04T23:53:11.989+0000] {processor.py:178} INFO - Processing /home/airflow/.local/lib/python3.7/site-packages/airflow/example_dags/example_subdag_operator.py took 8.674 seconds
[2022-10-04T23:55:18.780+0000] {processor.py:156} INFO - Started process (PID=93) to work on /home/airflow/.local/lib/python3.7/site-packages/airflow/example_dags/example_subdag_operator.py
[2022-10-04T23:55:18.788+0000] {processor.py:758} INFO - Processing file /home/airflow/.local/lib/python3.7/site-packages/airflow/example_dags/example_subdag_operator.py for tasks to queue
[2022-10-04T23:55:18.805+0000] {logging_mixin.py:117} INFO - [2022-10-04T23:55:18.800+0000] {dagbag.py:525} INFO - Filling up the DagBag from /home/airflow/.local/lib/python3.7/site-packages/airflow/example_dags/example_subdag_operator.py
[2022-10-04T23:55:27.427+0000] {processor.py:768} INFO - DAG(s) dict_keys(['example_subdag_operator.section-1', 'example_subdag_operator.section-2', 'example_subdag_operator']) retrieved from /home/airflow/.local/lib/python3.7/site-packages/airflow/example_dags/example_subdag_operator.py
[2022-10-04T23:57:21.051+0000] {processor.py:156} INFO - Started process (PID=105) to work on /home/airflow/.local/lib/python3.7/site-packages/airflow/example_dags/example_subdag_operator.py
[2022-10-04T23:57:21.077+0000] {processor.py:758} INFO - Processing file /home/airflow/.local/lib/python3.7/site-packages/airflow/example_dags/example_subdag_operator.py for tasks to queue
[2022-10-04T23:57:21.081+0000] {logging_mixin.py:117} INFO - [2022-10-04T23:57:21.081+0000] {dagbag.py:525} INFO - Filling up the DagBag from /home/airflow/.local/lib/python3.7/site-packages/airflow/example_dags/example_subdag_operator.py
[2022-10-04T23:57:21.489+0000] {processor.py:768} INFO - DAG(s) dict_keys(['example_subdag_operator.section-1', 'example_subdag_operator.section-2', 'example_subdag_operator']) retrieved from /home/airflow/.local/lib/python3.7/site-packages/airflow/example_dags/example_subdag_operator.py
[2022-10-04T23:57:24.029+0000] {logging_mixin.py:117} INFO - [2022-10-04T23:57:24.028+0000] {dag.py:2573} INFO - Sync 3 DAGs
[2022-10-04T23:57:24.227+0000] {logging_mixin.py:117} INFO - [2022-10-04T23:57:24.226+0000] {dag.py:3328} INFO - Setting next_dagrun for example_subdag_operator to 2022-01-01T00:00:00+00:00, run_after=2022-01-01T00:00:00+00:00
[2022-10-04T23:57:24.258+0000] {logging_mixin.py:117} INFO - [2022-10-04T23:57:24.257+0000] {dag.py:3328} INFO - Setting next_dagrun for example_subdag_operator.section-1 to None, run_after=None
[2022-10-04T23:57:24.273+0000] {logging_mixin.py:117} INFO - [2022-10-04T23:57:24.273+0000] {dag.py:3328} INFO - Setting next_dagrun for example_subdag_operator.section-2 to None, run_after=None
[2022-10-04T23:57:24.331+0000] {logging_mixin.py:117} INFO - [2022-10-04T23:57:24.331+0000] {dag.py:2573} INFO - Sync 2 DAGs
[2022-10-04T23:57:24.364+0000] {logging_mixin.py:117} INFO - [2022-10-04T23:57:24.364+0000] {dag.py:3328} INFO - Setting next_dagrun for example_subdag_operator.section-1 to None, run_after=None
[2022-10-04T23:57:24.368+0000] {logging_mixin.py:117} INFO - [2022-10-04T23:57:24.368+0000] {dag.py:3328} INFO - Setting next_dagrun for example_subdag_operator.section-2 to None, run_after=None
[2022-10-04T23:57:24.525+0000] {processor.py:178} INFO - Processing /home/airflow/.local/lib/python3.7/site-packages/airflow/example_dags/example_subdag_operator.py took 3.549 seconds
[2022-10-04T23:59:22.791+0000] {processor.py:156} INFO - Started process (PID=97) to work on /home/airflow/.local/lib/python3.7/site-packages/airflow/example_dags/example_subdag_operator.py
[2022-10-04T23:59:22.792+0000] {processor.py:758} INFO - Processing file /home/airflow/.local/lib/python3.7/site-packages/airflow/example_dags/example_subdag_operator.py for tasks to queue
[2022-10-04T23:59:22.794+0000] {logging_mixin.py:117} INFO - [2022-10-04T23:59:22.794+0000] {dagbag.py:525} INFO - Filling up the DagBag from /home/airflow/.local/lib/python3.7/site-packages/airflow/example_dags/example_subdag_operator.py
[2022-10-04T23:59:22.882+0000] {processor.py:768} INFO - DAG(s) dict_keys(['example_subdag_operator.section-1', 'example_subdag_operator.section-2', 'example_subdag_operator']) retrieved from /home/airflow/.local/lib/python3.7/site-packages/airflow/example_dags/example_subdag_operator.py
[2022-10-04T23:59:24.001+0000] {logging_mixin.py:117} INFO - [2022-10-04T23:59:24.000+0000] {dag.py:2573} INFO - Sync 3 DAGs
[2022-10-04T23:59:24.060+0000] {logging_mixin.py:117} INFO - [2022-10-04T23:59:24.060+0000] {dag.py:3328} INFO - Setting next_dagrun for example_subdag_operator to 2022-01-01T00:00:00+00:00, run_after=2022-01-01T00:00:00+00:00
[2022-10-04T23:59:24.080+0000] {logging_mixin.py:117} INFO - [2022-10-04T23:59:24.079+0000] {dag.py:3328} INFO - Setting next_dagrun for example_subdag_operator.section-1 to None, run_after=None
[2022-10-04T23:59:24.091+0000] {logging_mixin.py:117} INFO - [2022-10-04T23:59:24.091+0000] {dag.py:3328} INFO - Setting next_dagrun for example_subdag_operator.section-2 to None, run_after=None
[2022-10-04T23:59:24.113+0000] {logging_mixin.py:117} INFO - [2022-10-04T23:59:24.113+0000] {dag.py:2573} INFO - Sync 2 DAGs
[2022-10-04T23:59:24.126+0000] {logging_mixin.py:117} INFO - [2022-10-04T23:59:24.126+0000] {dag.py:3328} INFO - Setting next_dagrun for example_subdag_operator.section-1 to None, run_after=None
[2022-10-04T23:59:24.127+0000] {logging_mixin.py:117} INFO - [2022-10-04T23:59:24.127+0000] {dag.py:3328} INFO - Setting next_dagrun for example_subdag_operator.section-2 to None, run_after=None
[2022-10-04T23:59:24.932+0000] {processor.py:178} INFO - Processing /home/airflow/.local/lib/python3.7/site-packages/airflow/example_dags/example_subdag_operator.py took 2.155 seconds
