[2022-10-04T23:34:04.504+0000] {processor.py:156} INFO - Started process (PID=81) to work on /home/airflow/.local/lib/python3.7/site-packages/airflow/example_dags/example_datasets.py
[2022-10-04T23:34:04.505+0000] {processor.py:758} INFO - Processing file /home/airflow/.local/lib/python3.7/site-packages/airflow/example_dags/example_datasets.py for tasks to queue
[2022-10-04T23:34:04.507+0000] {logging_mixin.py:117} INFO - [2022-10-04T23:34:04.506+0000] {dagbag.py:525} INFO - Filling up the DagBag from /home/airflow/.local/lib/python3.7/site-packages/airflow/example_dags/example_datasets.py
[2022-10-04T23:34:04.539+0000] {processor.py:768} INFO - DAG(s) dict_keys(['dataset_produces_1', 'dataset_consumes_unknown_never_scheduled', 'dataset_produces_2', 'dataset_consumes_1', 'dataset_consumes_1_and_2', 'dataset_consumes_1_never_scheduled']) retrieved from /home/airflow/.local/lib/python3.7/site-packages/airflow/example_dags/example_datasets.py
[2022-10-04T23:34:04.735+0000] {logging_mixin.py:117} INFO - [2022-10-04T23:34:04.735+0000] {dag.py:2573} INFO - Sync 6 DAGs
[2022-10-04T23:34:04.794+0000] {logging_mixin.py:117} INFO - [2022-10-04T23:34:04.794+0000] {dag.py:3328} INFO - Setting next_dagrun for dataset_consumes_1 to None, run_after=None
[2022-10-04T23:34:04.803+0000] {logging_mixin.py:117} INFO - [2022-10-04T23:34:04.798+0000] {dag.py:3328} INFO - Setting next_dagrun for dataset_consumes_1_and_2 to None, run_after=None
[2022-10-04T23:34:04.805+0000] {logging_mixin.py:117} INFO - [2022-10-04T23:34:04.805+0000] {dag.py:3328} INFO - Setting next_dagrun for dataset_consumes_1_never_scheduled to None, run_after=None
[2022-10-04T23:34:04.807+0000] {logging_mixin.py:117} INFO - [2022-10-04T23:34:04.806+0000] {dag.py:3328} INFO - Setting next_dagrun for dataset_consumes_unknown_never_scheduled to None, run_after=None
[2022-10-04T23:34:04.810+0000] {logging_mixin.py:117} INFO - [2022-10-04T23:34:04.810+0000] {dag.py:3328} INFO - Setting next_dagrun for dataset_produces_1 to 2022-10-03T00:00:00+00:00, run_after=2022-10-04T00:00:00+00:00
[2022-10-04T23:34:04.812+0000] {logging_mixin.py:117} INFO - [2022-10-04T23:34:04.812+0000] {dag.py:3328} INFO - Setting next_dagrun for dataset_produces_2 to None, run_after=None
[2022-10-04T23:34:04.943+0000] {processor.py:178} INFO - Processing /home/airflow/.local/lib/python3.7/site-packages/airflow/example_dags/example_datasets.py took 0.444 seconds
[2022-10-04T23:36:25.900+0000] {processor.py:156} INFO - Started process (PID=83) to work on /home/airflow/.local/lib/python3.7/site-packages/airflow/example_dags/example_datasets.py
[2022-10-04T23:36:25.904+0000] {processor.py:758} INFO - Processing file /home/airflow/.local/lib/python3.7/site-packages/airflow/example_dags/example_datasets.py for tasks to queue
[2022-10-04T23:36:25.905+0000] {logging_mixin.py:117} INFO - [2022-10-04T23:36:25.905+0000] {dagbag.py:525} INFO - Filling up the DagBag from /home/airflow/.local/lib/python3.7/site-packages/airflow/example_dags/example_datasets.py
[2022-10-04T23:36:25.992+0000] {processor.py:768} INFO - DAG(s) dict_keys(['dataset_produces_1', 'dataset_consumes_1_never_scheduled', 'dataset_consumes_1_and_2', 'dataset_consumes_unknown_never_scheduled', 'dataset_consumes_1', 'dataset_produces_2']) retrieved from /home/airflow/.local/lib/python3.7/site-packages/airflow/example_dags/example_datasets.py
[2022-10-04T23:36:26.823+0000] {logging_mixin.py:117} INFO - [2022-10-04T23:36:26.823+0000] {dag.py:2573} INFO - Sync 6 DAGs
[2022-10-04T23:36:26.902+0000] {logging_mixin.py:117} INFO - [2022-10-04T23:36:26.902+0000] {dag.py:3328} INFO - Setting next_dagrun for dataset_consumes_1 to None, run_after=None
[2022-10-04T23:36:26.915+0000] {logging_mixin.py:117} INFO - [2022-10-04T23:36:26.915+0000] {dag.py:3328} INFO - Setting next_dagrun for dataset_consumes_1_and_2 to None, run_after=None
[2022-10-04T23:36:26.917+0000] {logging_mixin.py:117} INFO - [2022-10-04T23:36:26.917+0000] {dag.py:3328} INFO - Setting next_dagrun for dataset_consumes_1_never_scheduled to None, run_after=None
[2022-10-04T23:36:26.926+0000] {logging_mixin.py:117} INFO - [2022-10-04T23:36:26.926+0000] {dag.py:3328} INFO - Setting next_dagrun for dataset_consumes_unknown_never_scheduled to None, run_after=None
[2022-10-04T23:36:26.938+0000] {logging_mixin.py:117} INFO - [2022-10-04T23:36:26.929+0000] {dag.py:3328} INFO - Setting next_dagrun for dataset_produces_1 to 2022-10-03T00:00:00+00:00, run_after=2022-10-04T00:00:00+00:00
[2022-10-04T23:36:26.941+0000] {logging_mixin.py:117} INFO - [2022-10-04T23:36:26.941+0000] {dag.py:3328} INFO - Setting next_dagrun for dataset_produces_2 to None, run_after=None
[2022-10-04T23:36:27.153+0000] {processor.py:178} INFO - Processing /home/airflow/.local/lib/python3.7/site-packages/airflow/example_dags/example_datasets.py took 1.267 seconds
[2022-10-04T23:38:49.108+0000] {processor.py:156} INFO - Started process (PID=90) to work on /home/airflow/.local/lib/python3.7/site-packages/airflow/example_dags/example_datasets.py
[2022-10-04T23:38:49.114+0000] {processor.py:758} INFO - Processing file /home/airflow/.local/lib/python3.7/site-packages/airflow/example_dags/example_datasets.py for tasks to queue
[2022-10-04T23:38:49.115+0000] {logging_mixin.py:117} INFO - [2022-10-04T23:38:49.115+0000] {dagbag.py:525} INFO - Filling up the DagBag from /home/airflow/.local/lib/python3.7/site-packages/airflow/example_dags/example_datasets.py
[2022-10-04T23:38:49.207+0000] {processor.py:768} INFO - DAG(s) dict_keys(['dataset_produces_2', 'dataset_consumes_1_never_scheduled', 'dataset_consumes_1', 'dataset_consumes_unknown_never_scheduled', 'dataset_produces_1', 'dataset_consumes_1_and_2']) retrieved from /home/airflow/.local/lib/python3.7/site-packages/airflow/example_dags/example_datasets.py
[2022-10-04T23:38:50.069+0000] {logging_mixin.py:117} INFO - [2022-10-04T23:38:50.069+0000] {dag.py:2573} INFO - Sync 6 DAGs
[2022-10-04T23:38:50.117+0000] {logging_mixin.py:117} INFO - [2022-10-04T23:38:50.117+0000] {dag.py:3328} INFO - Setting next_dagrun for dataset_consumes_1 to None, run_after=None
[2022-10-04T23:38:50.128+0000] {logging_mixin.py:117} INFO - [2022-10-04T23:38:50.128+0000] {dag.py:3328} INFO - Setting next_dagrun for dataset_consumes_1_and_2 to None, run_after=None
[2022-10-04T23:38:50.131+0000] {logging_mixin.py:117} INFO - [2022-10-04T23:38:50.131+0000] {dag.py:3328} INFO - Setting next_dagrun for dataset_consumes_1_never_scheduled to None, run_after=None
[2022-10-04T23:38:50.133+0000] {logging_mixin.py:117} INFO - [2022-10-04T23:38:50.133+0000] {dag.py:3328} INFO - Setting next_dagrun for dataset_consumes_unknown_never_scheduled to None, run_after=None
[2022-10-04T23:38:50.136+0000] {logging_mixin.py:117} INFO - [2022-10-04T23:38:50.136+0000] {dag.py:3328} INFO - Setting next_dagrun for dataset_produces_1 to 2022-10-03T00:00:00+00:00, run_after=2022-10-04T00:00:00+00:00
[2022-10-04T23:38:50.144+0000] {logging_mixin.py:117} INFO - [2022-10-04T23:38:50.144+0000] {dag.py:3328} INFO - Setting next_dagrun for dataset_produces_2 to None, run_after=None
[2022-10-04T23:40:55.914+0000] {processor.py:156} INFO - Started process (PID=80) to work on /home/airflow/.local/lib/python3.7/site-packages/airflow/example_dags/example_datasets.py
[2022-10-04T23:40:55.916+0000] {processor.py:758} INFO - Processing file /home/airflow/.local/lib/python3.7/site-packages/airflow/example_dags/example_datasets.py for tasks to queue
[2022-10-04T23:40:55.917+0000] {logging_mixin.py:117} INFO - [2022-10-04T23:40:55.917+0000] {dagbag.py:525} INFO - Filling up the DagBag from /home/airflow/.local/lib/python3.7/site-packages/airflow/example_dags/example_datasets.py
[2022-10-04T23:40:56.209+0000] {processor.py:768} INFO - DAG(s) dict_keys(['dataset_consumes_unknown_never_scheduled', 'dataset_produces_1', 'dataset_produces_2', 'dataset_consumes_1', 'dataset_consumes_1_and_2', 'dataset_consumes_1_never_scheduled']) retrieved from /home/airflow/.local/lib/python3.7/site-packages/airflow/example_dags/example_datasets.py
[2022-10-04T23:40:56.446+0000] {logging_mixin.py:117} INFO - [2022-10-04T23:40:56.446+0000] {dag.py:2573} INFO - Sync 6 DAGs
[2022-10-04T23:40:56.505+0000] {logging_mixin.py:117} INFO - [2022-10-04T23:40:56.505+0000] {dag.py:3328} INFO - Setting next_dagrun for dataset_consumes_1 to None, run_after=None
[2022-10-04T23:40:56.510+0000] {logging_mixin.py:117} INFO - [2022-10-04T23:40:56.510+0000] {dag.py:3328} INFO - Setting next_dagrun for dataset_consumes_1_and_2 to None, run_after=None
[2022-10-04T23:40:56.516+0000] {logging_mixin.py:117} INFO - [2022-10-04T23:40:56.516+0000] {dag.py:3328} INFO - Setting next_dagrun for dataset_consumes_1_never_scheduled to None, run_after=None
[2022-10-04T23:40:56.520+0000] {logging_mixin.py:117} INFO - [2022-10-04T23:40:56.520+0000] {dag.py:3328} INFO - Setting next_dagrun for dataset_consumes_unknown_never_scheduled to None, run_after=None
[2022-10-04T23:40:56.530+0000] {logging_mixin.py:117} INFO - [2022-10-04T23:40:56.530+0000] {dag.py:3328} INFO - Setting next_dagrun for dataset_produces_1 to 2022-10-03T00:00:00+00:00, run_after=2022-10-04T00:00:00+00:00
[2022-10-04T23:40:56.540+0000] {logging_mixin.py:117} INFO - [2022-10-04T23:40:56.540+0000] {dag.py:3328} INFO - Setting next_dagrun for dataset_produces_2 to None, run_after=None
[2022-10-04T23:42:56.745+0000] {processor.py:156} INFO - Started process (PID=100) to work on /home/airflow/.local/lib/python3.7/site-packages/airflow/example_dags/example_datasets.py
[2022-10-04T23:42:56.747+0000] {processor.py:758} INFO - Processing file /home/airflow/.local/lib/python3.7/site-packages/airflow/example_dags/example_datasets.py for tasks to queue
[2022-10-04T23:42:56.748+0000] {logging_mixin.py:117} INFO - [2022-10-04T23:42:56.748+0000] {dagbag.py:525} INFO - Filling up the DagBag from /home/airflow/.local/lib/python3.7/site-packages/airflow/example_dags/example_datasets.py
[2022-10-04T23:42:56.956+0000] {processor.py:768} INFO - DAG(s) dict_keys(['dataset_produces_1', 'dataset_consumes_1_and_2', 'dataset_consumes_1_never_scheduled', 'dataset_consumes_unknown_never_scheduled', 'dataset_consumes_1', 'dataset_produces_2']) retrieved from /home/airflow/.local/lib/python3.7/site-packages/airflow/example_dags/example_datasets.py
[2022-10-04T23:42:57.450+0000] {logging_mixin.py:117} INFO - [2022-10-04T23:42:57.450+0000] {dag.py:2573} INFO - Sync 6 DAGs
[2022-10-04T23:42:57.480+0000] {logging_mixin.py:117} INFO - [2022-10-04T23:42:57.480+0000] {dag.py:3328} INFO - Setting next_dagrun for dataset_consumes_1 to None, run_after=None
[2022-10-04T23:42:57.484+0000] {logging_mixin.py:117} INFO - [2022-10-04T23:42:57.484+0000] {dag.py:3328} INFO - Setting next_dagrun for dataset_consumes_1_and_2 to None, run_after=None
[2022-10-04T23:42:57.486+0000] {logging_mixin.py:117} INFO - [2022-10-04T23:42:57.486+0000] {dag.py:3328} INFO - Setting next_dagrun for dataset_consumes_1_never_scheduled to None, run_after=None
[2022-10-04T23:42:57.488+0000] {logging_mixin.py:117} INFO - [2022-10-04T23:42:57.488+0000] {dag.py:3328} INFO - Setting next_dagrun for dataset_consumes_unknown_never_scheduled to None, run_after=None
[2022-10-04T23:42:57.491+0000] {logging_mixin.py:117} INFO - [2022-10-04T23:42:57.491+0000] {dag.py:3328} INFO - Setting next_dagrun for dataset_produces_1 to 2022-10-03T00:00:00+00:00, run_after=2022-10-04T00:00:00+00:00
[2022-10-04T23:42:57.493+0000] {logging_mixin.py:117} INFO - [2022-10-04T23:42:57.493+0000] {dag.py:3328} INFO - Setting next_dagrun for dataset_produces_2 to None, run_after=None
[2022-10-04T23:42:57.556+0000] {processor.py:178} INFO - Processing /home/airflow/.local/lib/python3.7/site-packages/airflow/example_dags/example_datasets.py took 0.821 seconds
[2022-10-04T23:44:54.035+0000] {processor.py:156} INFO - Started process (PID=82) to work on /home/airflow/.local/lib/python3.7/site-packages/airflow/example_dags/example_datasets.py
[2022-10-04T23:44:54.043+0000] {processor.py:758} INFO - Processing file /home/airflow/.local/lib/python3.7/site-packages/airflow/example_dags/example_datasets.py for tasks to queue
[2022-10-04T23:44:54.044+0000] {logging_mixin.py:117} INFO - [2022-10-04T23:44:54.043+0000] {dagbag.py:525} INFO - Filling up the DagBag from /home/airflow/.local/lib/python3.7/site-packages/airflow/example_dags/example_datasets.py
[2022-10-04T23:44:54.093+0000] {processor.py:768} INFO - DAG(s) dict_keys(['dataset_consumes_1', 'dataset_consumes_1_never_scheduled', 'dataset_consumes_unknown_never_scheduled', 'dataset_consumes_1_and_2', 'dataset_produces_2', 'dataset_produces_1']) retrieved from /home/airflow/.local/lib/python3.7/site-packages/airflow/example_dags/example_datasets.py
[2022-10-04T23:44:54.541+0000] {logging_mixin.py:117} INFO - [2022-10-04T23:44:54.540+0000] {dag.py:2573} INFO - Sync 6 DAGs
[2022-10-04T23:44:54.581+0000] {logging_mixin.py:117} INFO - [2022-10-04T23:44:54.581+0000] {dag.py:3328} INFO - Setting next_dagrun for dataset_consumes_1 to None, run_after=None
[2022-10-04T23:44:54.586+0000] {logging_mixin.py:117} INFO - [2022-10-04T23:44:54.586+0000] {dag.py:3328} INFO - Setting next_dagrun for dataset_consumes_1_and_2 to None, run_after=None
[2022-10-04T23:44:54.587+0000] {logging_mixin.py:117} INFO - [2022-10-04T23:44:54.587+0000] {dag.py:3328} INFO - Setting next_dagrun for dataset_consumes_1_never_scheduled to None, run_after=None
[2022-10-04T23:44:54.590+0000] {logging_mixin.py:117} INFO - [2022-10-04T23:44:54.589+0000] {dag.py:3328} INFO - Setting next_dagrun for dataset_consumes_unknown_never_scheduled to None, run_after=None
[2022-10-04T23:44:54.594+0000] {logging_mixin.py:117} INFO - [2022-10-04T23:44:54.593+0000] {dag.py:3328} INFO - Setting next_dagrun for dataset_produces_1 to 2022-10-03T00:00:00+00:00, run_after=2022-10-04T00:00:00+00:00
[2022-10-04T23:44:54.596+0000] {logging_mixin.py:117} INFO - [2022-10-04T23:44:54.595+0000] {dag.py:3328} INFO - Setting next_dagrun for dataset_produces_2 to None, run_after=None
[2022-10-04T23:44:54.673+0000] {processor.py:178} INFO - Processing /home/airflow/.local/lib/python3.7/site-packages/airflow/example_dags/example_datasets.py took 0.648 seconds
[2022-10-04T23:46:50.380+0000] {processor.py:156} INFO - Started process (PID=80) to work on /home/airflow/.local/lib/python3.7/site-packages/airflow/example_dags/example_datasets.py
[2022-10-04T23:46:50.389+0000] {processor.py:758} INFO - Processing file /home/airflow/.local/lib/python3.7/site-packages/airflow/example_dags/example_datasets.py for tasks to queue
[2022-10-04T23:46:50.396+0000] {logging_mixin.py:117} INFO - [2022-10-04T23:46:50.396+0000] {dagbag.py:525} INFO - Filling up the DagBag from /home/airflow/.local/lib/python3.7/site-packages/airflow/example_dags/example_datasets.py
[2022-10-04T23:46:50.498+0000] {processor.py:768} INFO - DAG(s) dict_keys(['dataset_consumes_1', 'dataset_produces_1', 'dataset_consumes_1_and_2', 'dataset_consumes_1_never_scheduled', 'dataset_consumes_unknown_never_scheduled', 'dataset_produces_2']) retrieved from /home/airflow/.local/lib/python3.7/site-packages/airflow/example_dags/example_datasets.py
[2022-10-04T23:46:51.404+0000] {logging_mixin.py:117} INFO - [2022-10-04T23:46:51.404+0000] {dag.py:2573} INFO - Sync 6 DAGs
[2022-10-04T23:46:51.497+0000] {logging_mixin.py:117} INFO - [2022-10-04T23:46:51.497+0000] {dag.py:3328} INFO - Setting next_dagrun for dataset_consumes_1 to None, run_after=None
[2022-10-04T23:46:51.510+0000] {logging_mixin.py:117} INFO - [2022-10-04T23:46:51.509+0000] {dag.py:3328} INFO - Setting next_dagrun for dataset_consumes_1_and_2 to None, run_after=None
[2022-10-04T23:46:51.514+0000] {logging_mixin.py:117} INFO - [2022-10-04T23:46:51.514+0000] {dag.py:3328} INFO - Setting next_dagrun for dataset_consumes_1_never_scheduled to None, run_after=None
[2022-10-04T23:46:51.519+0000] {logging_mixin.py:117} INFO - [2022-10-04T23:46:51.519+0000] {dag.py:3328} INFO - Setting next_dagrun for dataset_consumes_unknown_never_scheduled to None, run_after=None
[2022-10-04T23:46:51.529+0000] {logging_mixin.py:117} INFO - [2022-10-04T23:46:51.528+0000] {dag.py:3328} INFO - Setting next_dagrun for dataset_produces_1 to 2022-10-03T00:00:00+00:00, run_after=2022-10-04T00:00:00+00:00
[2022-10-04T23:46:51.535+0000] {logging_mixin.py:117} INFO - [2022-10-04T23:46:51.533+0000] {dag.py:3328} INFO - Setting next_dagrun for dataset_produces_2 to None, run_after=None
[2022-10-04T23:46:51.706+0000] {processor.py:178} INFO - Processing /home/airflow/.local/lib/python3.7/site-packages/airflow/example_dags/example_datasets.py took 1.333 seconds
[2022-10-04T23:49:05.308+0000] {processor.py:156} INFO - Started process (PID=89) to work on /home/airflow/.local/lib/python3.7/site-packages/airflow/example_dags/example_datasets.py
[2022-10-04T23:49:05.336+0000] {processor.py:758} INFO - Processing file /home/airflow/.local/lib/python3.7/site-packages/airflow/example_dags/example_datasets.py for tasks to queue
[2022-10-04T23:49:05.338+0000] {logging_mixin.py:117} INFO - [2022-10-04T23:49:05.338+0000] {dagbag.py:525} INFO - Filling up the DagBag from /home/airflow/.local/lib/python3.7/site-packages/airflow/example_dags/example_datasets.py
[2022-10-04T23:49:05.516+0000] {processor.py:768} INFO - DAG(s) dict_keys(['dataset_consumes_1', 'dataset_consumes_1_never_scheduled', 'dataset_produces_2', 'dataset_produces_1', 'dataset_consumes_1_and_2', 'dataset_consumes_unknown_never_scheduled']) retrieved from /home/airflow/.local/lib/python3.7/site-packages/airflow/example_dags/example_datasets.py
[2022-10-04T23:49:06.731+0000] {logging_mixin.py:117} INFO - [2022-10-04T23:49:06.730+0000] {dag.py:2573} INFO - Sync 6 DAGs
[2022-10-04T23:49:06.882+0000] {logging_mixin.py:117} INFO - [2022-10-04T23:49:06.882+0000] {dag.py:3328} INFO - Setting next_dagrun for dataset_consumes_1 to None, run_after=None
[2022-10-04T23:49:06.892+0000] {logging_mixin.py:117} INFO - [2022-10-04T23:49:06.892+0000] {dag.py:3328} INFO - Setting next_dagrun for dataset_consumes_1_and_2 to None, run_after=None
[2022-10-04T23:49:06.897+0000] {logging_mixin.py:117} INFO - [2022-10-04T23:49:06.897+0000] {dag.py:3328} INFO - Setting next_dagrun for dataset_consumes_1_never_scheduled to None, run_after=None
[2022-10-04T23:49:06.901+0000] {logging_mixin.py:117} INFO - [2022-10-04T23:49:06.900+0000] {dag.py:3328} INFO - Setting next_dagrun for dataset_consumes_unknown_never_scheduled to None, run_after=None
[2022-10-04T23:49:06.907+0000] {logging_mixin.py:117} INFO - [2022-10-04T23:49:06.907+0000] {dag.py:3328} INFO - Setting next_dagrun for dataset_produces_1 to 2022-10-03T00:00:00+00:00, run_after=2022-10-04T00:00:00+00:00
[2022-10-04T23:49:06.913+0000] {logging_mixin.py:117} INFO - [2022-10-04T23:49:06.913+0000] {dag.py:3328} INFO - Setting next_dagrun for dataset_produces_2 to None, run_after=None
[2022-10-04T23:49:07.088+0000] {processor.py:178} INFO - Processing /home/airflow/.local/lib/python3.7/site-packages/airflow/example_dags/example_datasets.py took 1.836 seconds
[2022-10-04T23:50:47.295+0000] {processor.py:156} INFO - Started process (PID=79) to work on /home/airflow/.local/lib/python3.7/site-packages/airflow/example_dags/example_datasets.py
[2022-10-04T23:50:47.309+0000] {processor.py:758} INFO - Processing file /home/airflow/.local/lib/python3.7/site-packages/airflow/example_dags/example_datasets.py for tasks to queue
[2022-10-04T23:50:47.315+0000] {logging_mixin.py:117} INFO - [2022-10-04T23:50:47.314+0000] {dagbag.py:525} INFO - Filling up the DagBag from /home/airflow/.local/lib/python3.7/site-packages/airflow/example_dags/example_datasets.py
[2022-10-04T23:50:47.480+0000] {processor.py:768} INFO - DAG(s) dict_keys(['dataset_consumes_1_and_2', 'dataset_consumes_unknown_never_scheduled', 'dataset_consumes_1_never_scheduled', 'dataset_consumes_1', 'dataset_produces_1', 'dataset_produces_2']) retrieved from /home/airflow/.local/lib/python3.7/site-packages/airflow/example_dags/example_datasets.py
[2022-10-04T23:50:49.102+0000] {logging_mixin.py:117} INFO - [2022-10-04T23:50:49.102+0000] {dag.py:2573} INFO - Sync 6 DAGs
[2022-10-04T23:50:49.238+0000] {logging_mixin.py:117} INFO - [2022-10-04T23:50:49.238+0000] {dag.py:3328} INFO - Setting next_dagrun for dataset_consumes_1 to None, run_after=None
[2022-10-04T23:50:49.266+0000] {logging_mixin.py:117} INFO - [2022-10-04T23:50:49.266+0000] {dag.py:3328} INFO - Setting next_dagrun for dataset_consumes_1_and_2 to None, run_after=None
[2022-10-04T23:50:49.281+0000] {logging_mixin.py:117} INFO - [2022-10-04T23:50:49.281+0000] {dag.py:3328} INFO - Setting next_dagrun for dataset_consumes_1_never_scheduled to None, run_after=None
[2022-10-04T23:50:49.283+0000] {logging_mixin.py:117} INFO - [2022-10-04T23:50:49.283+0000] {dag.py:3328} INFO - Setting next_dagrun for dataset_consumes_unknown_never_scheduled to None, run_after=None
[2022-10-04T23:50:49.307+0000] {logging_mixin.py:117} INFO - [2022-10-04T23:50:49.298+0000] {dag.py:3328} INFO - Setting next_dagrun for dataset_produces_1 to 2022-10-03T00:00:00+00:00, run_after=2022-10-04T00:00:00+00:00
[2022-10-04T23:50:49.313+0000] {logging_mixin.py:117} INFO - [2022-10-04T23:50:49.313+0000] {dag.py:3328} INFO - Setting next_dagrun for dataset_produces_2 to None, run_after=None
[2022-10-04T23:51:01.009+0000] {processor.py:178} INFO - Processing /home/airflow/.local/lib/python3.7/site-packages/airflow/example_dags/example_datasets.py took 13.744 seconds
[2022-10-04T23:52:59.626+0000] {processor.py:156} INFO - Started process (PID=82) to work on /home/airflow/.local/lib/python3.7/site-packages/airflow/example_dags/example_datasets.py
[2022-10-04T23:52:59.635+0000] {processor.py:758} INFO - Processing file /home/airflow/.local/lib/python3.7/site-packages/airflow/example_dags/example_datasets.py for tasks to queue
[2022-10-04T23:52:59.638+0000] {logging_mixin.py:117} INFO - [2022-10-04T23:52:59.637+0000] {dagbag.py:525} INFO - Filling up the DagBag from /home/airflow/.local/lib/python3.7/site-packages/airflow/example_dags/example_datasets.py
[2022-10-04T23:52:59.739+0000] {processor.py:768} INFO - DAG(s) dict_keys(['dataset_produces_2', 'dataset_produces_1', 'dataset_consumes_1_never_scheduled', 'dataset_consumes_1_and_2', 'dataset_consumes_1', 'dataset_consumes_unknown_never_scheduled']) retrieved from /home/airflow/.local/lib/python3.7/site-packages/airflow/example_dags/example_datasets.py
[2022-10-04T23:53:00.777+0000] {logging_mixin.py:117} INFO - [2022-10-04T23:53:00.777+0000] {dag.py:2573} INFO - Sync 6 DAGs
[2022-10-04T23:53:00.865+0000] {logging_mixin.py:117} INFO - [2022-10-04T23:53:00.865+0000] {dag.py:3328} INFO - Setting next_dagrun for dataset_consumes_1 to None, run_after=None
[2022-10-04T23:53:00.877+0000] {logging_mixin.py:117} INFO - [2022-10-04T23:53:00.877+0000] {dag.py:3328} INFO - Setting next_dagrun for dataset_consumes_1_and_2 to None, run_after=None
[2022-10-04T23:53:00.879+0000] {logging_mixin.py:117} INFO - [2022-10-04T23:53:00.879+0000] {dag.py:3328} INFO - Setting next_dagrun for dataset_consumes_1_never_scheduled to None, run_after=None
[2022-10-04T23:53:00.889+0000] {logging_mixin.py:117} INFO - [2022-10-04T23:53:00.889+0000] {dag.py:3328} INFO - Setting next_dagrun for dataset_consumes_unknown_never_scheduled to None, run_after=None
[2022-10-04T23:53:00.893+0000] {logging_mixin.py:117} INFO - [2022-10-04T23:53:00.893+0000] {dag.py:3328} INFO - Setting next_dagrun for dataset_produces_1 to 2022-10-03T00:00:00+00:00, run_after=2022-10-04T00:00:00+00:00
[2022-10-04T23:53:00.897+0000] {logging_mixin.py:117} INFO - [2022-10-04T23:53:00.897+0000] {dag.py:3328} INFO - Setting next_dagrun for dataset_produces_2 to None, run_after=None
[2022-10-04T23:53:01.125+0000] {processor.py:178} INFO - Processing /home/airflow/.local/lib/python3.7/site-packages/airflow/example_dags/example_datasets.py took 1.514 seconds
[2022-10-04T23:55:01.526+0000] {processor.py:156} INFO - Started process (PID=80) to work on /home/airflow/.local/lib/python3.7/site-packages/airflow/example_dags/example_datasets.py
[2022-10-04T23:55:01.536+0000] {processor.py:758} INFO - Processing file /home/airflow/.local/lib/python3.7/site-packages/airflow/example_dags/example_datasets.py for tasks to queue
[2022-10-04T23:55:01.537+0000] {logging_mixin.py:117} INFO - [2022-10-04T23:55:01.537+0000] {dagbag.py:525} INFO - Filling up the DagBag from /home/airflow/.local/lib/python3.7/site-packages/airflow/example_dags/example_datasets.py
[2022-10-04T23:55:01.655+0000] {processor.py:768} INFO - DAG(s) dict_keys(['dataset_consumes_1_and_2', 'dataset_consumes_1', 'dataset_consumes_unknown_never_scheduled', 'dataset_produces_2', 'dataset_produces_1', 'dataset_consumes_1_never_scheduled']) retrieved from /home/airflow/.local/lib/python3.7/site-packages/airflow/example_dags/example_datasets.py
[2022-10-04T23:55:03.140+0000] {logging_mixin.py:117} INFO - [2022-10-04T23:55:03.140+0000] {dag.py:2573} INFO - Sync 6 DAGs
[2022-10-04T23:55:03.228+0000] {logging_mixin.py:117} INFO - [2022-10-04T23:55:03.228+0000] {dag.py:3328} INFO - Setting next_dagrun for dataset_consumes_1 to None, run_after=None
[2022-10-04T23:55:03.239+0000] {logging_mixin.py:117} INFO - [2022-10-04T23:55:03.239+0000] {dag.py:3328} INFO - Setting next_dagrun for dataset_consumes_1_and_2 to None, run_after=None
[2022-10-04T23:55:03.244+0000] {logging_mixin.py:117} INFO - [2022-10-04T23:55:03.244+0000] {dag.py:3328} INFO - Setting next_dagrun for dataset_consumes_1_never_scheduled to None, run_after=None
[2022-10-04T23:55:03.249+0000] {logging_mixin.py:117} INFO - [2022-10-04T23:55:03.249+0000] {dag.py:3328} INFO - Setting next_dagrun for dataset_consumes_unknown_never_scheduled to None, run_after=None
[2022-10-04T23:55:03.254+0000] {logging_mixin.py:117} INFO - [2022-10-04T23:55:03.253+0000] {dag.py:3328} INFO - Setting next_dagrun for dataset_produces_1 to 2022-10-03T00:00:00+00:00, run_after=2022-10-04T00:00:00+00:00
[2022-10-04T23:55:03.262+0000] {logging_mixin.py:117} INFO - [2022-10-04T23:55:03.262+0000] {dag.py:3328} INFO - Setting next_dagrun for dataset_produces_2 to None, run_after=None
[2022-10-04T23:55:06.338+0000] {processor.py:178} INFO - Processing /home/airflow/.local/lib/python3.7/site-packages/airflow/example_dags/example_datasets.py took 4.828 seconds
[2022-10-04T23:57:12.141+0000] {processor.py:156} INFO - Started process (PID=91) to work on /home/airflow/.local/lib/python3.7/site-packages/airflow/example_dags/example_datasets.py
[2022-10-04T23:57:12.145+0000] {processor.py:758} INFO - Processing file /home/airflow/.local/lib/python3.7/site-packages/airflow/example_dags/example_datasets.py for tasks to queue
[2022-10-04T23:57:12.147+0000] {logging_mixin.py:117} INFO - [2022-10-04T23:57:12.147+0000] {dagbag.py:525} INFO - Filling up the DagBag from /home/airflow/.local/lib/python3.7/site-packages/airflow/example_dags/example_datasets.py
[2022-10-04T23:57:12.306+0000] {processor.py:768} INFO - DAG(s) dict_keys(['dataset_consumes_unknown_never_scheduled', 'dataset_consumes_1', 'dataset_consumes_1_and_2', 'dataset_consumes_1_never_scheduled', 'dataset_produces_2', 'dataset_produces_1']) retrieved from /home/airflow/.local/lib/python3.7/site-packages/airflow/example_dags/example_datasets.py
[2022-10-04T23:57:13.867+0000] {logging_mixin.py:117} INFO - [2022-10-04T23:57:13.867+0000] {dag.py:2573} INFO - Sync 6 DAGs
[2022-10-04T23:57:14.028+0000] {logging_mixin.py:117} INFO - [2022-10-04T23:57:14.028+0000] {dag.py:3328} INFO - Setting next_dagrun for dataset_consumes_1 to None, run_after=None
[2022-10-04T23:57:14.043+0000] {logging_mixin.py:117} INFO - [2022-10-04T23:57:14.043+0000] {dag.py:3328} INFO - Setting next_dagrun for dataset_consumes_1_and_2 to None, run_after=None
[2022-10-04T23:57:14.050+0000] {logging_mixin.py:117} INFO - [2022-10-04T23:57:14.050+0000] {dag.py:3328} INFO - Setting next_dagrun for dataset_consumes_1_never_scheduled to None, run_after=None
[2022-10-04T23:57:14.068+0000] {logging_mixin.py:117} INFO - [2022-10-04T23:57:14.068+0000] {dag.py:3328} INFO - Setting next_dagrun for dataset_consumes_unknown_never_scheduled to None, run_after=None
[2022-10-04T23:57:14.073+0000] {logging_mixin.py:117} INFO - [2022-10-04T23:57:14.072+0000] {dag.py:3328} INFO - Setting next_dagrun for dataset_produces_1 to 2022-10-03T00:00:00+00:00, run_after=2022-10-04T00:00:00+00:00
[2022-10-04T23:57:14.094+0000] {logging_mixin.py:117} INFO - [2022-10-04T23:57:14.094+0000] {dag.py:3328} INFO - Setting next_dagrun for dataset_produces_2 to None, run_after=None
[2022-10-04T23:57:14.429+0000] {processor.py:178} INFO - Processing /home/airflow/.local/lib/python3.7/site-packages/airflow/example_dags/example_datasets.py took 2.324 seconds
[2022-10-04T23:59:06.783+0000] {processor.py:156} INFO - Started process (PID=91) to work on /home/airflow/.local/lib/python3.7/site-packages/airflow/example_dags/example_datasets.py
[2022-10-04T23:59:06.787+0000] {processor.py:758} INFO - Processing file /home/airflow/.local/lib/python3.7/site-packages/airflow/example_dags/example_datasets.py for tasks to queue
[2022-10-04T23:59:06.795+0000] {logging_mixin.py:117} INFO - [2022-10-04T23:59:06.794+0000] {dagbag.py:525} INFO - Filling up the DagBag from /home/airflow/.local/lib/python3.7/site-packages/airflow/example_dags/example_datasets.py
[2022-10-04T23:59:06.934+0000] {processor.py:768} INFO - DAG(s) dict_keys(['dataset_consumes_1', 'dataset_consumes_unknown_never_scheduled', 'dataset_consumes_1_and_2', 'dataset_produces_2', 'dataset_consumes_1_never_scheduled', 'dataset_produces_1']) retrieved from /home/airflow/.local/lib/python3.7/site-packages/airflow/example_dags/example_datasets.py
[2022-10-04T23:59:09.808+0000] {logging_mixin.py:117} INFO - [2022-10-04T23:59:09.808+0000] {dag.py:2573} INFO - Sync 6 DAGs
[2022-10-04T23:59:09.929+0000] {logging_mixin.py:117} INFO - [2022-10-04T23:59:09.928+0000] {dag.py:3328} INFO - Setting next_dagrun for dataset_consumes_1 to None, run_after=None
[2022-10-04T23:59:09.944+0000] {logging_mixin.py:117} INFO - [2022-10-04T23:59:09.944+0000] {dag.py:3328} INFO - Setting next_dagrun for dataset_consumes_1_and_2 to None, run_after=None
[2022-10-04T23:59:09.949+0000] {logging_mixin.py:117} INFO - [2022-10-04T23:59:09.949+0000] {dag.py:3328} INFO - Setting next_dagrun for dataset_consumes_1_never_scheduled to None, run_after=None
[2022-10-04T23:59:09.954+0000] {logging_mixin.py:117} INFO - [2022-10-04T23:59:09.954+0000] {dag.py:3328} INFO - Setting next_dagrun for dataset_consumes_unknown_never_scheduled to None, run_after=None
[2022-10-04T23:59:09.969+0000] {logging_mixin.py:117} INFO - [2022-10-04T23:59:09.969+0000] {dag.py:3328} INFO - Setting next_dagrun for dataset_produces_1 to 2022-10-03T00:00:00+00:00, run_after=2022-10-04T00:00:00+00:00
[2022-10-04T23:59:09.974+0000] {logging_mixin.py:117} INFO - [2022-10-04T23:59:09.974+0000] {dag.py:3328} INFO - Setting next_dagrun for dataset_produces_2 to None, run_after=None
[2022-10-04T23:59:15.960+0000] {processor.py:178} INFO - Processing /home/airflow/.local/lib/python3.7/site-packages/airflow/example_dags/example_datasets.py took 9.199 seconds
