[2022-10-04T23:34:00.805+0000] {processor.py:156} INFO - Started process (PID=69) to work on /home/airflow/.local/lib/python3.7/site-packages/airflow/example_dags/example_latest_only_with_trigger.py
[2022-10-04T23:34:00.806+0000] {processor.py:758} INFO - Processing file /home/airflow/.local/lib/python3.7/site-packages/airflow/example_dags/example_latest_only_with_trigger.py for tasks to queue
[2022-10-04T23:34:00.807+0000] {logging_mixin.py:117} INFO - [2022-10-04T23:34:00.807+0000] {dagbag.py:525} INFO - Filling up the DagBag from /home/airflow/.local/lib/python3.7/site-packages/airflow/example_dags/example_latest_only_with_trigger.py
[2022-10-04T23:34:00.845+0000] {processor.py:768} INFO - DAG(s) dict_keys(['latest_only_with_trigger']) retrieved from /home/airflow/.local/lib/python3.7/site-packages/airflow/example_dags/example_latest_only_with_trigger.py
[2022-10-04T23:34:00.977+0000] {logging_mixin.py:117} INFO - [2022-10-04T23:34:00.977+0000] {dag.py:2573} INFO - Sync 1 DAGs
[2022-10-04T23:34:01.020+0000] {logging_mixin.py:117} INFO - [2022-10-04T23:34:01.020+0000] {dag.py:3328} INFO - Setting next_dagrun for latest_only_with_trigger to 2022-10-04T19:34:01.019541+00:00, run_after=2022-10-04T23:34:01.019541+00:00
[2022-10-04T23:34:01.270+0000] {processor.py:178} INFO - Processing /home/airflow/.local/lib/python3.7/site-packages/airflow/example_dags/example_latest_only_with_trigger.py took 0.469 seconds
[2022-10-04T23:36:19.007+0000] {processor.py:156} INFO - Started process (PID=71) to work on /home/airflow/.local/lib/python3.7/site-packages/airflow/example_dags/example_latest_only_with_trigger.py
[2022-10-04T23:36:19.012+0000] {processor.py:758} INFO - Processing file /home/airflow/.local/lib/python3.7/site-packages/airflow/example_dags/example_latest_only_with_trigger.py for tasks to queue
[2022-10-04T23:36:19.014+0000] {logging_mixin.py:117} INFO - [2022-10-04T23:36:19.013+0000] {dagbag.py:525} INFO - Filling up the DagBag from /home/airflow/.local/lib/python3.7/site-packages/airflow/example_dags/example_latest_only_with_trigger.py
[2022-10-04T23:36:19.051+0000] {processor.py:768} INFO - DAG(s) dict_keys(['latest_only_with_trigger']) retrieved from /home/airflow/.local/lib/python3.7/site-packages/airflow/example_dags/example_latest_only_with_trigger.py
[2022-10-04T23:36:19.532+0000] {logging_mixin.py:117} INFO - [2022-10-04T23:36:19.532+0000] {dag.py:2573} INFO - Sync 1 DAGs
[2022-10-04T23:36:19.585+0000] {logging_mixin.py:117} INFO - [2022-10-04T23:36:19.584+0000] {dag.py:3328} INFO - Setting next_dagrun for latest_only_with_trigger to 2022-10-04T19:36:19.584610+00:00, run_after=2022-10-04T23:36:19.584610+00:00
[2022-10-04T23:36:19.749+0000] {processor.py:178} INFO - Processing /home/airflow/.local/lib/python3.7/site-packages/airflow/example_dags/example_latest_only_with_trigger.py took 0.750 seconds
[2022-10-04T23:38:33.084+0000] {processor.py:156} INFO - Started process (PID=69) to work on /home/airflow/.local/lib/python3.7/site-packages/airflow/example_dags/example_latest_only_with_trigger.py
[2022-10-04T23:38:33.097+0000] {processor.py:758} INFO - Processing file /home/airflow/.local/lib/python3.7/site-packages/airflow/example_dags/example_latest_only_with_trigger.py for tasks to queue
[2022-10-04T23:38:33.098+0000] {logging_mixin.py:117} INFO - [2022-10-04T23:38:33.098+0000] {dagbag.py:525} INFO - Filling up the DagBag from /home/airflow/.local/lib/python3.7/site-packages/airflow/example_dags/example_latest_only_with_trigger.py
[2022-10-04T23:38:33.195+0000] {processor.py:768} INFO - DAG(s) dict_keys(['latest_only_with_trigger']) retrieved from /home/airflow/.local/lib/python3.7/site-packages/airflow/example_dags/example_latest_only_with_trigger.py
[2022-10-04T23:38:34.496+0000] {logging_mixin.py:117} INFO - [2022-10-04T23:38:34.495+0000] {dag.py:2573} INFO - Sync 1 DAGs
[2022-10-04T23:38:34.601+0000] {logging_mixin.py:117} INFO - [2022-10-04T23:38:34.601+0000] {dag.py:3328} INFO - Setting next_dagrun for latest_only_with_trigger to 2022-10-04T19:38:34.600356+00:00, run_after=2022-10-04T23:38:34.600356+00:00
[2022-10-04T23:38:40.984+0000] {processor.py:178} INFO - Processing /home/airflow/.local/lib/python3.7/site-packages/airflow/example_dags/example_latest_only_with_trigger.py took 7.908 seconds
[2022-10-04T23:40:33.212+0000] {processor.py:156} INFO - Started process (PID=65) to work on /home/airflow/.local/lib/python3.7/site-packages/airflow/example_dags/example_latest_only_with_trigger.py
[2022-10-04T23:40:33.224+0000] {processor.py:758} INFO - Processing file /home/airflow/.local/lib/python3.7/site-packages/airflow/example_dags/example_latest_only_with_trigger.py for tasks to queue
[2022-10-04T23:40:33.225+0000] {logging_mixin.py:117} INFO - [2022-10-04T23:40:33.225+0000] {dagbag.py:525} INFO - Filling up the DagBag from /home/airflow/.local/lib/python3.7/site-packages/airflow/example_dags/example_latest_only_with_trigger.py
[2022-10-04T23:40:33.431+0000] {processor.py:768} INFO - DAG(s) dict_keys(['latest_only_with_trigger']) retrieved from /home/airflow/.local/lib/python3.7/site-packages/airflow/example_dags/example_latest_only_with_trigger.py
[2022-10-04T23:40:34.565+0000] {logging_mixin.py:117} INFO - [2022-10-04T23:40:34.564+0000] {dag.py:2573} INFO - Sync 1 DAGs
[2022-10-04T23:40:34.768+0000] {logging_mixin.py:117} INFO - [2022-10-04T23:40:34.768+0000] {dag.py:3328} INFO - Setting next_dagrun for latest_only_with_trigger to 2022-10-04T19:40:34.761999+00:00, run_after=2022-10-04T23:40:34.761999+00:00
[2022-10-04T23:40:34.904+0000] {processor.py:178} INFO - Processing /home/airflow/.local/lib/python3.7/site-packages/airflow/example_dags/example_latest_only_with_trigger.py took 1.708 seconds
[2022-10-04T23:42:15.055+0000] {processor.py:156} INFO - Started process (PID=69) to work on /home/airflow/.local/lib/python3.7/site-packages/airflow/example_dags/example_latest_only_with_trigger.py
[2022-10-04T23:42:15.065+0000] {processor.py:758} INFO - Processing file /home/airflow/.local/lib/python3.7/site-packages/airflow/example_dags/example_latest_only_with_trigger.py for tasks to queue
[2022-10-04T23:42:15.066+0000] {logging_mixin.py:117} INFO - [2022-10-04T23:42:15.066+0000] {dagbag.py:525} INFO - Filling up the DagBag from /home/airflow/.local/lib/python3.7/site-packages/airflow/example_dags/example_latest_only_with_trigger.py
[2022-10-04T23:42:15.185+0000] {processor.py:768} INFO - DAG(s) dict_keys(['latest_only_with_trigger']) retrieved from /home/airflow/.local/lib/python3.7/site-packages/airflow/example_dags/example_latest_only_with_trigger.py
[2022-10-04T23:42:29.368+0000] {logging_mixin.py:117} INFO - [2022-10-04T23:42:29.359+0000] {dag.py:2573} INFO - Sync 1 DAGs
[2022-10-04T23:42:29.662+0000] {logging_mixin.py:117} INFO - [2022-10-04T23:42:29.662+0000] {dag.py:3328} INFO - Setting next_dagrun for latest_only_with_trigger to 2022-10-04T19:42:29.653606+00:00, run_after=2022-10-04T23:42:29.653606+00:00
[2022-10-04T23:42:29.885+0000] {processor.py:178} INFO - Processing /home/airflow/.local/lib/python3.7/site-packages/airflow/example_dags/example_latest_only_with_trigger.py took 14.708 seconds
[2022-10-04T23:44:49.656+0000] {processor.py:156} INFO - Started process (PID=70) to work on /home/airflow/.local/lib/python3.7/site-packages/airflow/example_dags/example_latest_only_with_trigger.py
[2022-10-04T23:44:49.657+0000] {processor.py:758} INFO - Processing file /home/airflow/.local/lib/python3.7/site-packages/airflow/example_dags/example_latest_only_with_trigger.py for tasks to queue
[2022-10-04T23:44:49.659+0000] {logging_mixin.py:117} INFO - [2022-10-04T23:44:49.658+0000] {dagbag.py:525} INFO - Filling up the DagBag from /home/airflow/.local/lib/python3.7/site-packages/airflow/example_dags/example_latest_only_with_trigger.py
[2022-10-04T23:44:49.680+0000] {processor.py:768} INFO - DAG(s) dict_keys(['latest_only_with_trigger']) retrieved from /home/airflow/.local/lib/python3.7/site-packages/airflow/example_dags/example_latest_only_with_trigger.py
[2022-10-04T23:44:49.931+0000] {logging_mixin.py:117} INFO - [2022-10-04T23:44:49.931+0000] {dag.py:2573} INFO - Sync 1 DAGs
[2022-10-04T23:44:49.961+0000] {logging_mixin.py:117} INFO - [2022-10-04T23:44:49.960+0000] {dag.py:3328} INFO - Setting next_dagrun for latest_only_with_trigger to 2022-10-04T19:44:49.960646+00:00, run_after=2022-10-04T23:44:49.960646+00:00
[2022-10-04T23:44:50.126+0000] {processor.py:178} INFO - Processing /home/airflow/.local/lib/python3.7/site-packages/airflow/example_dags/example_latest_only_with_trigger.py took 0.474 seconds
[2022-10-04T23:46:37.014+0000] {processor.py:156} INFO - Started process (PID=59) to work on /home/airflow/.local/lib/python3.7/site-packages/airflow/example_dags/example_latest_only_with_trigger.py
[2022-10-04T23:46:37.039+0000] {processor.py:758} INFO - Processing file /home/airflow/.local/lib/python3.7/site-packages/airflow/example_dags/example_latest_only_with_trigger.py for tasks to queue
[2022-10-04T23:46:37.043+0000] {logging_mixin.py:117} INFO - [2022-10-04T23:46:37.042+0000] {dagbag.py:525} INFO - Filling up the DagBag from /home/airflow/.local/lib/python3.7/site-packages/airflow/example_dags/example_latest_only_with_trigger.py
[2022-10-04T23:46:37.207+0000] {processor.py:768} INFO - DAG(s) dict_keys(['latest_only_with_trigger']) retrieved from /home/airflow/.local/lib/python3.7/site-packages/airflow/example_dags/example_latest_only_with_trigger.py
[2022-10-04T23:46:37.960+0000] {logging_mixin.py:117} INFO - [2022-10-04T23:46:37.960+0000] {dag.py:2573} INFO - Sync 1 DAGs
[2022-10-04T23:46:37.993+0000] {logging_mixin.py:117} INFO - [2022-10-04T23:46:37.993+0000] {dag.py:3328} INFO - Setting next_dagrun for latest_only_with_trigger to 2022-10-04T19:46:37.993195+00:00, run_after=2022-10-04T23:46:37.993195+00:00
[2022-10-04T23:46:42.208+0000] {processor.py:178} INFO - Processing /home/airflow/.local/lib/python3.7/site-packages/airflow/example_dags/example_latest_only_with_trigger.py took 5.233 seconds
[2022-10-04T23:48:48.239+0000] {processor.py:156} INFO - Started process (PID=67) to work on /home/airflow/.local/lib/python3.7/site-packages/airflow/example_dags/example_latest_only_with_trigger.py
[2022-10-04T23:48:48.247+0000] {processor.py:758} INFO - Processing file /home/airflow/.local/lib/python3.7/site-packages/airflow/example_dags/example_latest_only_with_trigger.py for tasks to queue
[2022-10-04T23:48:48.252+0000] {logging_mixin.py:117} INFO - [2022-10-04T23:48:48.251+0000] {dagbag.py:525} INFO - Filling up the DagBag from /home/airflow/.local/lib/python3.7/site-packages/airflow/example_dags/example_latest_only_with_trigger.py
[2022-10-04T23:48:48.333+0000] {processor.py:768} INFO - DAG(s) dict_keys(['latest_only_with_trigger']) retrieved from /home/airflow/.local/lib/python3.7/site-packages/airflow/example_dags/example_latest_only_with_trigger.py
[2022-10-04T23:48:49.059+0000] {logging_mixin.py:117} INFO - [2022-10-04T23:48:49.059+0000] {dag.py:2573} INFO - Sync 1 DAGs
[2022-10-04T23:48:49.209+0000] {logging_mixin.py:117} INFO - [2022-10-04T23:48:49.209+0000] {dag.py:3328} INFO - Setting next_dagrun for latest_only_with_trigger to 2022-10-04T19:48:49.209139+00:00, run_after=2022-10-04T23:48:49.209139+00:00
[2022-10-04T23:48:49.323+0000] {processor.py:178} INFO - Processing /home/airflow/.local/lib/python3.7/site-packages/airflow/example_dags/example_latest_only_with_trigger.py took 1.096 seconds
[2022-10-04T23:50:36.117+0000] {processor.py:156} INFO - Started process (PID=58) to work on /home/airflow/.local/lib/python3.7/site-packages/airflow/example_dags/example_latest_only_with_trigger.py
[2022-10-04T23:50:36.122+0000] {processor.py:758} INFO - Processing file /home/airflow/.local/lib/python3.7/site-packages/airflow/example_dags/example_latest_only_with_trigger.py for tasks to queue
[2022-10-04T23:50:36.124+0000] {logging_mixin.py:117} INFO - [2022-10-04T23:50:36.124+0000] {dagbag.py:525} INFO - Filling up the DagBag from /home/airflow/.local/lib/python3.7/site-packages/airflow/example_dags/example_latest_only_with_trigger.py
[2022-10-04T23:50:36.272+0000] {processor.py:768} INFO - DAG(s) dict_keys(['latest_only_with_trigger']) retrieved from /home/airflow/.local/lib/python3.7/site-packages/airflow/example_dags/example_latest_only_with_trigger.py
[2022-10-04T23:50:37.164+0000] {logging_mixin.py:117} INFO - [2022-10-04T23:50:37.164+0000] {dag.py:2573} INFO - Sync 1 DAGs
[2022-10-04T23:50:37.274+0000] {logging_mixin.py:117} INFO - [2022-10-04T23:50:37.274+0000] {dag.py:3328} INFO - Setting next_dagrun for latest_only_with_trigger to 2022-10-04T19:50:37.270686+00:00, run_after=2022-10-04T23:50:37.270686+00:00
[2022-10-04T23:50:37.356+0000] {processor.py:178} INFO - Processing /home/airflow/.local/lib/python3.7/site-packages/airflow/example_dags/example_latest_only_with_trigger.py took 1.341 seconds
[2022-10-04T23:52:46.673+0000] {processor.py:156} INFO - Started process (PID=61) to work on /home/airflow/.local/lib/python3.7/site-packages/airflow/example_dags/example_latest_only_with_trigger.py
[2022-10-04T23:52:46.686+0000] {processor.py:758} INFO - Processing file /home/airflow/.local/lib/python3.7/site-packages/airflow/example_dags/example_latest_only_with_trigger.py for tasks to queue
[2022-10-04T23:52:46.688+0000] {logging_mixin.py:117} INFO - [2022-10-04T23:52:46.688+0000] {dagbag.py:525} INFO - Filling up the DagBag from /home/airflow/.local/lib/python3.7/site-packages/airflow/example_dags/example_latest_only_with_trigger.py
[2022-10-04T23:52:46.821+0000] {processor.py:768} INFO - DAG(s) dict_keys(['latest_only_with_trigger']) retrieved from /home/airflow/.local/lib/python3.7/site-packages/airflow/example_dags/example_latest_only_with_trigger.py
[2022-10-04T23:52:49.359+0000] {logging_mixin.py:117} INFO - [2022-10-04T23:52:49.359+0000] {dag.py:2573} INFO - Sync 1 DAGs
[2022-10-04T23:52:49.574+0000] {logging_mixin.py:117} INFO - [2022-10-04T23:52:49.574+0000] {dag.py:3328} INFO - Setting next_dagrun for latest_only_with_trigger to 2022-10-04T19:52:49.573870+00:00, run_after=2022-10-04T23:52:49.573870+00:00
[2022-10-04T23:52:49.808+0000] {processor.py:178} INFO - Processing /home/airflow/.local/lib/python3.7/site-packages/airflow/example_dags/example_latest_only_with_trigger.py took 3.162 seconds
[2022-10-04T23:54:51.274+0000] {processor.py:156} INFO - Started process (PID=59) to work on /home/airflow/.local/lib/python3.7/site-packages/airflow/example_dags/example_latest_only_with_trigger.py
[2022-10-04T23:54:51.284+0000] {processor.py:758} INFO - Processing file /home/airflow/.local/lib/python3.7/site-packages/airflow/example_dags/example_latest_only_with_trigger.py for tasks to queue
[2022-10-04T23:54:51.285+0000] {logging_mixin.py:117} INFO - [2022-10-04T23:54:51.285+0000] {dagbag.py:525} INFO - Filling up the DagBag from /home/airflow/.local/lib/python3.7/site-packages/airflow/example_dags/example_latest_only_with_trigger.py
[2022-10-04T23:54:51.337+0000] {processor.py:768} INFO - DAG(s) dict_keys(['latest_only_with_trigger']) retrieved from /home/airflow/.local/lib/python3.7/site-packages/airflow/example_dags/example_latest_only_with_trigger.py
[2022-10-04T23:54:51.776+0000] {logging_mixin.py:117} INFO - [2022-10-04T23:54:51.776+0000] {dag.py:2573} INFO - Sync 1 DAGs
[2022-10-04T23:54:51.843+0000] {logging_mixin.py:117} INFO - [2022-10-04T23:54:51.843+0000] {dag.py:3328} INFO - Setting next_dagrun for latest_only_with_trigger to 2022-10-04T19:54:51.843543+00:00, run_after=2022-10-04T23:54:51.843543+00:00
[2022-10-04T23:54:52.023+0000] {processor.py:178} INFO - Processing /home/airflow/.local/lib/python3.7/site-packages/airflow/example_dags/example_latest_only_with_trigger.py took 0.754 seconds
[2022-10-04T23:57:04.124+0000] {processor.py:156} INFO - Started process (PID=79) to work on /home/airflow/.local/lib/python3.7/site-packages/airflow/example_dags/example_latest_only_with_trigger.py
[2022-10-04T23:57:04.128+0000] {processor.py:758} INFO - Processing file /home/airflow/.local/lib/python3.7/site-packages/airflow/example_dags/example_latest_only_with_trigger.py for tasks to queue
[2022-10-04T23:57:04.140+0000] {logging_mixin.py:117} INFO - [2022-10-04T23:57:04.140+0000] {dagbag.py:525} INFO - Filling up the DagBag from /home/airflow/.local/lib/python3.7/site-packages/airflow/example_dags/example_latest_only_with_trigger.py
[2022-10-04T23:57:04.268+0000] {processor.py:768} INFO - DAG(s) dict_keys(['latest_only_with_trigger']) retrieved from /home/airflow/.local/lib/python3.7/site-packages/airflow/example_dags/example_latest_only_with_trigger.py
[2022-10-04T23:57:05.155+0000] {logging_mixin.py:117} INFO - [2022-10-04T23:57:05.155+0000] {dag.py:2573} INFO - Sync 1 DAGs
[2022-10-04T23:57:05.239+0000] {logging_mixin.py:117} INFO - [2022-10-04T23:57:05.239+0000] {dag.py:3328} INFO - Setting next_dagrun for latest_only_with_trigger to 2022-10-04T19:57:05.239293+00:00, run_after=2022-10-04T23:57:05.239293+00:00
[2022-10-04T23:57:05.504+0000] {processor.py:178} INFO - Processing /home/airflow/.local/lib/python3.7/site-packages/airflow/example_dags/example_latest_only_with_trigger.py took 1.398 seconds
[2022-10-04T23:58:54.970+0000] {processor.py:156} INFO - Started process (PID=70) to work on /home/airflow/.local/lib/python3.7/site-packages/airflow/example_dags/example_latest_only_with_trigger.py
[2022-10-04T23:58:54.988+0000] {processor.py:758} INFO - Processing file /home/airflow/.local/lib/python3.7/site-packages/airflow/example_dags/example_latest_only_with_trigger.py for tasks to queue
[2022-10-04T23:58:54.989+0000] {logging_mixin.py:117} INFO - [2022-10-04T23:58:54.989+0000] {dagbag.py:525} INFO - Filling up the DagBag from /home/airflow/.local/lib/python3.7/site-packages/airflow/example_dags/example_latest_only_with_trigger.py
[2022-10-04T23:58:55.088+0000] {processor.py:768} INFO - DAG(s) dict_keys(['latest_only_with_trigger']) retrieved from /home/airflow/.local/lib/python3.7/site-packages/airflow/example_dags/example_latest_only_with_trigger.py
[2022-10-04T23:58:55.995+0000] {logging_mixin.py:117} INFO - [2022-10-04T23:58:55.994+0000] {dag.py:2573} INFO - Sync 1 DAGs
[2022-10-04T23:58:56.088+0000] {logging_mixin.py:117} INFO - [2022-10-04T23:58:56.088+0000] {dag.py:3328} INFO - Setting next_dagrun for latest_only_with_trigger to 2022-10-04T19:58:56.088258+00:00, run_after=2022-10-04T23:58:56.088258+00:00
[2022-10-04T23:58:56.249+0000] {processor.py:178} INFO - Processing /home/airflow/.local/lib/python3.7/site-packages/airflow/example_dags/example_latest_only_with_trigger.py took 1.296 seconds
