[2022-10-04T23:34:03.567+0000] {processor.py:156} INFO - Started process (PID=77) to work on /home/airflow/.local/lib/python3.7/site-packages/airflow/example_dags/example_complex.py
[2022-10-04T23:34:03.569+0000] {processor.py:758} INFO - Processing file /home/airflow/.local/lib/python3.7/site-packages/airflow/example_dags/example_complex.py for tasks to queue
[2022-10-04T23:34:03.570+0000] {logging_mixin.py:117} INFO - [2022-10-04T23:34:03.570+0000] {dagbag.py:525} INFO - Filling up the DagBag from /home/airflow/.local/lib/python3.7/site-packages/airflow/example_dags/example_complex.py
[2022-10-04T23:34:03.634+0000] {processor.py:768} INFO - DAG(s) dict_keys(['example_complex']) retrieved from /home/airflow/.local/lib/python3.7/site-packages/airflow/example_dags/example_complex.py
[2022-10-04T23:34:03.733+0000] {logging_mixin.py:117} INFO - [2022-10-04T23:34:03.733+0000] {dag.py:2573} INFO - Sync 1 DAGs
[2022-10-04T23:34:03.769+0000] {logging_mixin.py:117} INFO - [2022-10-04T23:34:03.769+0000] {dag.py:3328} INFO - Setting next_dagrun for example_complex to None, run_after=None
[2022-10-04T23:34:03.953+0000] {processor.py:178} INFO - Processing /home/airflow/.local/lib/python3.7/site-packages/airflow/example_dags/example_complex.py took 0.393 seconds
[2022-10-04T23:36:23.797+0000] {processor.py:156} INFO - Started process (PID=79) to work on /home/airflow/.local/lib/python3.7/site-packages/airflow/example_dags/example_complex.py
[2022-10-04T23:36:23.811+0000] {processor.py:758} INFO - Processing file /home/airflow/.local/lib/python3.7/site-packages/airflow/example_dags/example_complex.py for tasks to queue
[2022-10-04T23:36:23.817+0000] {logging_mixin.py:117} INFO - [2022-10-04T23:36:23.817+0000] {dagbag.py:525} INFO - Filling up the DagBag from /home/airflow/.local/lib/python3.7/site-packages/airflow/example_dags/example_complex.py
[2022-10-04T23:36:23.921+0000] {processor.py:768} INFO - DAG(s) dict_keys(['example_complex']) retrieved from /home/airflow/.local/lib/python3.7/site-packages/airflow/example_dags/example_complex.py
[2022-10-04T23:36:24.552+0000] {logging_mixin.py:117} INFO - [2022-10-04T23:36:24.552+0000] {dag.py:2573} INFO - Sync 1 DAGs
[2022-10-04T23:36:24.646+0000] {logging_mixin.py:117} INFO - [2022-10-04T23:36:24.645+0000] {dag.py:3328} INFO - Setting next_dagrun for example_complex to None, run_after=None
[2022-10-04T23:36:24.755+0000] {processor.py:178} INFO - Processing /home/airflow/.local/lib/python3.7/site-packages/airflow/example_dags/example_complex.py took 0.970 seconds
[2022-10-04T23:38:47.872+0000] {processor.py:156} INFO - Started process (PID=86) to work on /home/airflow/.local/lib/python3.7/site-packages/airflow/example_dags/example_complex.py
[2022-10-04T23:38:47.880+0000] {processor.py:758} INFO - Processing file /home/airflow/.local/lib/python3.7/site-packages/airflow/example_dags/example_complex.py for tasks to queue
[2022-10-04T23:38:47.881+0000] {logging_mixin.py:117} INFO - [2022-10-04T23:38:47.881+0000] {dagbag.py:525} INFO - Filling up the DagBag from /home/airflow/.local/lib/python3.7/site-packages/airflow/example_dags/example_complex.py
[2022-10-04T23:38:47.935+0000] {processor.py:768} INFO - DAG(s) dict_keys(['example_complex']) retrieved from /home/airflow/.local/lib/python3.7/site-packages/airflow/example_dags/example_complex.py
[2022-10-04T23:38:48.193+0000] {logging_mixin.py:117} INFO - [2022-10-04T23:38:48.193+0000] {dag.py:2573} INFO - Sync 1 DAGs
[2022-10-04T23:38:48.252+0000] {logging_mixin.py:117} INFO - [2022-10-04T23:38:48.252+0000] {dag.py:3328} INFO - Setting next_dagrun for example_complex to None, run_after=None
[2022-10-04T23:38:48.413+0000] {processor.py:178} INFO - Processing /home/airflow/.local/lib/python3.7/site-packages/airflow/example_dags/example_complex.py took 0.545 seconds
[2022-10-04T23:40:41.619+0000] {processor.py:156} INFO - Started process (PID=75) to work on /home/airflow/.local/lib/python3.7/site-packages/airflow/example_dags/example_complex.py
[2022-10-04T23:40:41.632+0000] {processor.py:758} INFO - Processing file /home/airflow/.local/lib/python3.7/site-packages/airflow/example_dags/example_complex.py for tasks to queue
[2022-10-04T23:40:41.639+0000] {logging_mixin.py:117} INFO - [2022-10-04T23:40:41.639+0000] {dagbag.py:525} INFO - Filling up the DagBag from /home/airflow/.local/lib/python3.7/site-packages/airflow/example_dags/example_complex.py
[2022-10-04T23:40:41.835+0000] {processor.py:768} INFO - DAG(s) dict_keys(['example_complex']) retrieved from /home/airflow/.local/lib/python3.7/site-packages/airflow/example_dags/example_complex.py
[2022-10-04T23:40:42.909+0000] {logging_mixin.py:117} INFO - [2022-10-04T23:40:42.909+0000] {dag.py:2573} INFO - Sync 1 DAGs
[2022-10-04T23:40:43.055+0000] {logging_mixin.py:117} INFO - [2022-10-04T23:40:43.055+0000] {dag.py:3328} INFO - Setting next_dagrun for example_complex to None, run_after=None
[2022-10-04T23:40:53.403+0000] {processor.py:178} INFO - Processing /home/airflow/.local/lib/python3.7/site-packages/airflow/example_dags/example_complex.py took 11.805 seconds
[2022-10-04T23:42:45.138+0000] {processor.py:156} INFO - Started process (PID=86) to work on /home/airflow/.local/lib/python3.7/site-packages/airflow/example_dags/example_complex.py
[2022-10-04T23:42:45.149+0000] {processor.py:758} INFO - Processing file /home/airflow/.local/lib/python3.7/site-packages/airflow/example_dags/example_complex.py for tasks to queue
[2022-10-04T23:42:45.151+0000] {logging_mixin.py:117} INFO - [2022-10-04T23:42:45.151+0000] {dagbag.py:525} INFO - Filling up the DagBag from /home/airflow/.local/lib/python3.7/site-packages/airflow/example_dags/example_complex.py
[2022-10-04T23:42:45.306+0000] {processor.py:768} INFO - DAG(s) dict_keys(['example_complex']) retrieved from /home/airflow/.local/lib/python3.7/site-packages/airflow/example_dags/example_complex.py
[2022-10-04T23:42:46.517+0000] {logging_mixin.py:117} INFO - [2022-10-04T23:42:46.517+0000] {dag.py:2573} INFO - Sync 1 DAGs
[2022-10-04T23:42:46.535+0000] {logging_mixin.py:117} INFO - [2022-10-04T23:42:46.535+0000] {dag.py:3328} INFO - Setting next_dagrun for example_complex to None, run_after=None
[2022-10-04T23:42:46.745+0000] {processor.py:178} INFO - Processing /home/airflow/.local/lib/python3.7/site-packages/airflow/example_dags/example_complex.py took 1.753 seconds
[2022-10-04T23:44:52.213+0000] {processor.py:156} INFO - Started process (PID=78) to work on /home/airflow/.local/lib/python3.7/site-packages/airflow/example_dags/example_complex.py
[2022-10-04T23:44:52.214+0000] {processor.py:758} INFO - Processing file /home/airflow/.local/lib/python3.7/site-packages/airflow/example_dags/example_complex.py for tasks to queue
[2022-10-04T23:44:52.215+0000] {logging_mixin.py:117} INFO - [2022-10-04T23:44:52.215+0000] {dagbag.py:525} INFO - Filling up the DagBag from /home/airflow/.local/lib/python3.7/site-packages/airflow/example_dags/example_complex.py
[2022-10-04T23:44:52.243+0000] {processor.py:768} INFO - DAG(s) dict_keys(['example_complex']) retrieved from /home/airflow/.local/lib/python3.7/site-packages/airflow/example_dags/example_complex.py
[2022-10-04T23:44:52.603+0000] {logging_mixin.py:117} INFO - [2022-10-04T23:44:52.603+0000] {dag.py:2573} INFO - Sync 1 DAGs
[2022-10-04T23:44:52.638+0000] {logging_mixin.py:117} INFO - [2022-10-04T23:44:52.638+0000] {dag.py:3328} INFO - Setting next_dagrun for example_complex to None, run_after=None
[2022-10-04T23:44:52.813+0000] {processor.py:178} INFO - Processing /home/airflow/.local/lib/python3.7/site-packages/airflow/example_dags/example_complex.py took 0.605 seconds
[2022-10-04T23:46:48.216+0000] {processor.py:156} INFO - Started process (PID=76) to work on /home/airflow/.local/lib/python3.7/site-packages/airflow/example_dags/example_complex.py
[2022-10-04T23:46:48.226+0000] {processor.py:758} INFO - Processing file /home/airflow/.local/lib/python3.7/site-packages/airflow/example_dags/example_complex.py for tasks to queue
[2022-10-04T23:46:48.228+0000] {logging_mixin.py:117} INFO - [2022-10-04T23:46:48.228+0000] {dagbag.py:525} INFO - Filling up the DagBag from /home/airflow/.local/lib/python3.7/site-packages/airflow/example_dags/example_complex.py
[2022-10-04T23:46:48.320+0000] {processor.py:768} INFO - DAG(s) dict_keys(['example_complex']) retrieved from /home/airflow/.local/lib/python3.7/site-packages/airflow/example_dags/example_complex.py
[2022-10-04T23:46:48.986+0000] {logging_mixin.py:117} INFO - [2022-10-04T23:46:48.986+0000] {dag.py:2573} INFO - Sync 1 DAGs
[2022-10-04T23:46:49.068+0000] {logging_mixin.py:117} INFO - [2022-10-04T23:46:49.061+0000] {dag.py:3328} INFO - Setting next_dagrun for example_complex to None, run_after=None
[2022-10-04T23:46:49.240+0000] {processor.py:178} INFO - Processing /home/airflow/.local/lib/python3.7/site-packages/airflow/example_dags/example_complex.py took 1.028 seconds
[2022-10-04T23:48:56.596+0000] {processor.py:156} INFO - Started process (PID=84) to work on /home/airflow/.local/lib/python3.7/site-packages/airflow/example_dags/example_complex.py
[2022-10-04T23:48:56.602+0000] {processor.py:758} INFO - Processing file /home/airflow/.local/lib/python3.7/site-packages/airflow/example_dags/example_complex.py for tasks to queue
[2022-10-04T23:48:56.616+0000] {logging_mixin.py:117} INFO - [2022-10-04T23:48:56.616+0000] {dagbag.py:525} INFO - Filling up the DagBag from /home/airflow/.local/lib/python3.7/site-packages/airflow/example_dags/example_complex.py
[2022-10-04T23:48:56.818+0000] {processor.py:768} INFO - DAG(s) dict_keys(['example_complex']) retrieved from /home/airflow/.local/lib/python3.7/site-packages/airflow/example_dags/example_complex.py
[2022-10-04T23:48:58.021+0000] {logging_mixin.py:117} INFO - [2022-10-04T23:48:58.021+0000] {dag.py:2573} INFO - Sync 1 DAGs
[2022-10-04T23:48:58.173+0000] {logging_mixin.py:117} INFO - [2022-10-04T23:48:58.171+0000] {dag.py:3328} INFO - Setting next_dagrun for example_complex to None, run_after=None
[2022-10-04T23:49:03.080+0000] {processor.py:178} INFO - Processing /home/airflow/.local/lib/python3.7/site-packages/airflow/example_dags/example_complex.py took 6.504 seconds
[2022-10-04T23:50:43.619+0000] {processor.py:156} INFO - Started process (PID=75) to work on /home/airflow/.local/lib/python3.7/site-packages/airflow/example_dags/example_complex.py
[2022-10-04T23:50:43.632+0000] {processor.py:758} INFO - Processing file /home/airflow/.local/lib/python3.7/site-packages/airflow/example_dags/example_complex.py for tasks to queue
[2022-10-04T23:50:43.637+0000] {logging_mixin.py:117} INFO - [2022-10-04T23:50:43.637+0000] {dagbag.py:525} INFO - Filling up the DagBag from /home/airflow/.local/lib/python3.7/site-packages/airflow/example_dags/example_complex.py
[2022-10-04T23:50:43.818+0000] {processor.py:768} INFO - DAG(s) dict_keys(['example_complex']) retrieved from /home/airflow/.local/lib/python3.7/site-packages/airflow/example_dags/example_complex.py
[2022-10-04T23:50:45.082+0000] {logging_mixin.py:117} INFO - [2022-10-04T23:50:45.082+0000] {dag.py:2573} INFO - Sync 1 DAGs
[2022-10-04T23:50:45.199+0000] {logging_mixin.py:117} INFO - [2022-10-04T23:50:45.199+0000] {dag.py:3328} INFO - Setting next_dagrun for example_complex to None, run_after=None
[2022-10-04T23:50:45.349+0000] {processor.py:178} INFO - Processing /home/airflow/.local/lib/python3.7/site-packages/airflow/example_dags/example_complex.py took 1.751 seconds
[2022-10-04T23:52:57.318+0000] {processor.py:156} INFO - Started process (PID=78) to work on /home/airflow/.local/lib/python3.7/site-packages/airflow/example_dags/example_complex.py
[2022-10-04T23:52:57.325+0000] {processor.py:758} INFO - Processing file /home/airflow/.local/lib/python3.7/site-packages/airflow/example_dags/example_complex.py for tasks to queue
[2022-10-04T23:52:57.328+0000] {logging_mixin.py:117} INFO - [2022-10-04T23:52:57.328+0000] {dagbag.py:525} INFO - Filling up the DagBag from /home/airflow/.local/lib/python3.7/site-packages/airflow/example_dags/example_complex.py
[2022-10-04T23:52:57.452+0000] {processor.py:768} INFO - DAG(s) dict_keys(['example_complex']) retrieved from /home/airflow/.local/lib/python3.7/site-packages/airflow/example_dags/example_complex.py
[2022-10-04T23:52:58.096+0000] {logging_mixin.py:117} INFO - [2022-10-04T23:52:58.096+0000] {dag.py:2573} INFO - Sync 1 DAGs
[2022-10-04T23:52:58.237+0000] {logging_mixin.py:117} INFO - [2022-10-04T23:52:58.237+0000] {dag.py:3328} INFO - Setting next_dagrun for example_complex to None, run_after=None
[2022-10-04T23:52:58.354+0000] {processor.py:178} INFO - Processing /home/airflow/.local/lib/python3.7/site-packages/airflow/example_dags/example_complex.py took 1.049 seconds
[2022-10-04T23:54:58.141+0000] {processor.py:156} INFO - Started process (PID=76) to work on /home/airflow/.local/lib/python3.7/site-packages/airflow/example_dags/example_complex.py
[2022-10-04T23:54:58.154+0000] {processor.py:758} INFO - Processing file /home/airflow/.local/lib/python3.7/site-packages/airflow/example_dags/example_complex.py for tasks to queue
[2022-10-04T23:54:58.156+0000] {logging_mixin.py:117} INFO - [2022-10-04T23:54:58.156+0000] {dagbag.py:525} INFO - Filling up the DagBag from /home/airflow/.local/lib/python3.7/site-packages/airflow/example_dags/example_complex.py
[2022-10-04T23:54:58.369+0000] {processor.py:768} INFO - DAG(s) dict_keys(['example_complex']) retrieved from /home/airflow/.local/lib/python3.7/site-packages/airflow/example_dags/example_complex.py
[2022-10-04T23:54:59.534+0000] {logging_mixin.py:117} INFO - [2022-10-04T23:54:59.534+0000] {dag.py:2573} INFO - Sync 1 DAGs
[2022-10-04T23:54:59.653+0000] {logging_mixin.py:117} INFO - [2022-10-04T23:54:59.653+0000] {dag.py:3328} INFO - Setting next_dagrun for example_complex to None, run_after=None
[2022-10-04T23:54:59.768+0000] {processor.py:178} INFO - Processing /home/airflow/.local/lib/python3.7/site-packages/airflow/example_dags/example_complex.py took 1.670 seconds
[2022-10-04T23:57:08.287+0000] {processor.py:156} INFO - Started process (PID=87) to work on /home/airflow/.local/lib/python3.7/site-packages/airflow/example_dags/example_complex.py
[2022-10-04T23:57:08.291+0000] {processor.py:758} INFO - Processing file /home/airflow/.local/lib/python3.7/site-packages/airflow/example_dags/example_complex.py for tasks to queue
[2022-10-04T23:57:08.293+0000] {logging_mixin.py:117} INFO - [2022-10-04T23:57:08.293+0000] {dagbag.py:525} INFO - Filling up the DagBag from /home/airflow/.local/lib/python3.7/site-packages/airflow/example_dags/example_complex.py
[2022-10-04T23:57:08.405+0000] {processor.py:768} INFO - DAG(s) dict_keys(['example_complex']) retrieved from /home/airflow/.local/lib/python3.7/site-packages/airflow/example_dags/example_complex.py
[2022-10-04T23:57:09.206+0000] {logging_mixin.py:117} INFO - [2022-10-04T23:57:09.206+0000] {dag.py:2573} INFO - Sync 1 DAGs
[2022-10-04T23:57:09.342+0000] {logging_mixin.py:117} INFO - [2022-10-04T23:57:09.341+0000] {dag.py:3328} INFO - Setting next_dagrun for example_complex to None, run_after=None
[2022-10-04T23:57:09.509+0000] {processor.py:178} INFO - Processing /home/airflow/.local/lib/python3.7/site-packages/airflow/example_dags/example_complex.py took 1.233 seconds
[2022-10-04T23:59:02.947+0000] {processor.py:156} INFO - Started process (PID=85) to work on /home/airflow/.local/lib/python3.7/site-packages/airflow/example_dags/example_complex.py
[2022-10-04T23:59:02.960+0000] {processor.py:758} INFO - Processing file /home/airflow/.local/lib/python3.7/site-packages/airflow/example_dags/example_complex.py for tasks to queue
[2022-10-04T23:59:02.970+0000] {logging_mixin.py:117} INFO - [2022-10-04T23:59:02.970+0000] {dagbag.py:525} INFO - Filling up the DagBag from /home/airflow/.local/lib/python3.7/site-packages/airflow/example_dags/example_complex.py
[2022-10-04T23:59:03.194+0000] {processor.py:768} INFO - DAG(s) dict_keys(['example_complex']) retrieved from /home/airflow/.local/lib/python3.7/site-packages/airflow/example_dags/example_complex.py
[2022-10-04T23:59:04.667+0000] {logging_mixin.py:117} INFO - [2022-10-04T23:59:04.667+0000] {dag.py:2573} INFO - Sync 1 DAGs
[2022-10-04T23:59:04.810+0000] {logging_mixin.py:117} INFO - [2022-10-04T23:59:04.810+0000] {dag.py:3328} INFO - Setting next_dagrun for example_complex to None, run_after=None
[2022-10-04T23:59:04.944+0000] {processor.py:178} INFO - Processing /home/airflow/.local/lib/python3.7/site-packages/airflow/example_dags/example_complex.py took 2.038 seconds
