[2022-10-04T23:32:55.210+0000] {processor.py:156} INFO - Started process (PID=53) to work on /home/airflow/.local/lib/python3.7/site-packages/airflow/example_dags/example_kubernetes_executor.py
[2022-10-04T23:32:55.212+0000] {processor.py:758} INFO - Processing file /home/airflow/.local/lib/python3.7/site-packages/airflow/example_dags/example_kubernetes_executor.py for tasks to queue
[2022-10-04T23:32:55.213+0000] {logging_mixin.py:117} INFO - [2022-10-04T23:32:55.212+0000] {dagbag.py:525} INFO - Filling up the DagBag from /home/airflow/.local/lib/python3.7/site-packages/airflow/example_dags/example_kubernetes_executor.py
[2022-10-04T23:32:55.277+0000] {processor.py:768} INFO - DAG(s) dict_keys(['example_kubernetes_executor']) retrieved from /home/airflow/.local/lib/python3.7/site-packages/airflow/example_dags/example_kubernetes_executor.py
[2022-10-04T23:32:55.434+0000] {logging_mixin.py:117} INFO - [2022-10-04T23:32:55.434+0000] {dag.py:2573} INFO - Sync 1 DAGs
[2022-10-04T23:32:55.495+0000] {logging_mixin.py:117} INFO - [2022-10-04T23:32:55.495+0000] {dag.py:3328} INFO - Setting next_dagrun for example_kubernetes_executor to None, run_after=None
[2022-10-04T23:33:07.610+0000] {processor.py:178} INFO - Processing /home/airflow/.local/lib/python3.7/site-packages/airflow/example_dags/example_kubernetes_executor.py took 12.420 seconds
[2022-10-04T23:34:08.020+0000] {processor.py:156} INFO - Started process (PID=99) to work on /home/airflow/.local/lib/python3.7/site-packages/airflow/example_dags/example_kubernetes_executor.py
[2022-10-04T23:34:08.027+0000] {processor.py:758} INFO - Processing file /home/airflow/.local/lib/python3.7/site-packages/airflow/example_dags/example_kubernetes_executor.py for tasks to queue
[2022-10-04T23:34:08.030+0000] {logging_mixin.py:117} INFO - [2022-10-04T23:34:08.030+0000] {dagbag.py:525} INFO - Filling up the DagBag from /home/airflow/.local/lib/python3.7/site-packages/airflow/example_dags/example_kubernetes_executor.py
[2022-10-04T23:34:08.143+0000] {processor.py:768} INFO - DAG(s) dict_keys(['example_kubernetes_executor']) retrieved from /home/airflow/.local/lib/python3.7/site-packages/airflow/example_dags/example_kubernetes_executor.py
[2022-10-04T23:34:08.269+0000] {logging_mixin.py:117} INFO - [2022-10-04T23:34:08.269+0000] {dag.py:2573} INFO - Sync 1 DAGs
[2022-10-04T23:34:08.328+0000] {logging_mixin.py:117} INFO - [2022-10-04T23:34:08.328+0000] {dag.py:3328} INFO - Setting next_dagrun for example_kubernetes_executor to None, run_after=None
[2022-10-04T23:34:08.430+0000] {processor.py:178} INFO - Processing /home/airflow/.local/lib/python3.7/site-packages/airflow/example_dags/example_kubernetes_executor.py took 0.420 seconds
[2022-10-04T23:35:46.940+0000] {processor.py:156} INFO - Started process (PID=55) to work on /home/airflow/.local/lib/python3.7/site-packages/airflow/example_dags/example_kubernetes_executor.py
[2022-10-04T23:35:46.947+0000] {processor.py:758} INFO - Processing file /home/airflow/.local/lib/python3.7/site-packages/airflow/example_dags/example_kubernetes_executor.py for tasks to queue
[2022-10-04T23:35:46.948+0000] {logging_mixin.py:117} INFO - [2022-10-04T23:35:46.948+0000] {dagbag.py:525} INFO - Filling up the DagBag from /home/airflow/.local/lib/python3.7/site-packages/airflow/example_dags/example_kubernetes_executor.py
[2022-10-04T23:35:47.040+0000] {processor.py:768} INFO - DAG(s) dict_keys(['example_kubernetes_executor']) retrieved from /home/airflow/.local/lib/python3.7/site-packages/airflow/example_dags/example_kubernetes_executor.py
[2022-10-04T23:35:51.149+0000] {logging_mixin.py:117} INFO - [2022-10-04T23:35:51.147+0000] {dag.py:2573} INFO - Sync 1 DAGs
[2022-10-04T23:35:51.721+0000] {logging_mixin.py:117} INFO - [2022-10-04T23:35:51.713+0000] {dag.py:3328} INFO - Setting next_dagrun for example_kubernetes_executor to None, run_after=None
[2022-10-04T23:36:06.740+0000] {processor.py:178} INFO - Processing /home/airflow/.local/lib/python3.7/site-packages/airflow/example_dags/example_kubernetes_executor.py took 19.815 seconds
[2022-10-04T23:38:00.003+0000] {processor.py:156} INFO - Started process (PID=44) to work on /home/airflow/.local/lib/python3.7/site-packages/airflow/example_dags/example_kubernetes_executor.py
[2022-10-04T23:38:00.013+0000] {processor.py:758} INFO - Processing file /home/airflow/.local/lib/python3.7/site-packages/airflow/example_dags/example_kubernetes_executor.py for tasks to queue
[2022-10-04T23:38:00.036+0000] {logging_mixin.py:117} INFO - [2022-10-04T23:38:00.036+0000] {dagbag.py:525} INFO - Filling up the DagBag from /home/airflow/.local/lib/python3.7/site-packages/airflow/example_dags/example_kubernetes_executor.py
[2022-10-04T23:38:00.456+0000] {processor.py:768} INFO - DAG(s) dict_keys(['example_kubernetes_executor']) retrieved from /home/airflow/.local/lib/python3.7/site-packages/airflow/example_dags/example_kubernetes_executor.py
[2022-10-04T23:38:10.851+0000] {logging_mixin.py:117} INFO - [2022-10-04T23:38:10.840+0000] {dag.py:2573} INFO - Sync 1 DAGs
[2022-10-04T23:38:11.266+0000] {logging_mixin.py:117} INFO - [2022-10-04T23:38:11.256+0000] {dag.py:3328} INFO - Setting next_dagrun for example_kubernetes_executor to None, run_after=None
[2022-10-04T23:38:25.122+0000] {processor.py:178} INFO - Processing /home/airflow/.local/lib/python3.7/site-packages/airflow/example_dags/example_kubernetes_executor.py took 25.153 seconds
[2022-10-04T23:40:01.818+0000] {processor.py:156} INFO - Started process (PID=43) to work on /home/airflow/.local/lib/python3.7/site-packages/airflow/example_dags/example_kubernetes_executor.py
[2022-10-04T23:40:01.825+0000] {processor.py:758} INFO - Processing file /home/airflow/.local/lib/python3.7/site-packages/airflow/example_dags/example_kubernetes_executor.py for tasks to queue
[2022-10-04T23:40:01.828+0000] {logging_mixin.py:117} INFO - [2022-10-04T23:40:01.827+0000] {dagbag.py:525} INFO - Filling up the DagBag from /home/airflow/.local/lib/python3.7/site-packages/airflow/example_dags/example_kubernetes_executor.py
[2022-10-04T23:40:02.056+0000] {processor.py:768} INFO - DAG(s) dict_keys(['example_kubernetes_executor']) retrieved from /home/airflow/.local/lib/python3.7/site-packages/airflow/example_dags/example_kubernetes_executor.py
[2022-10-04T23:40:04.222+0000] {logging_mixin.py:117} INFO - [2022-10-04T23:40:04.221+0000] {dag.py:2573} INFO - Sync 1 DAGs
[2022-10-04T23:40:04.384+0000] {logging_mixin.py:117} INFO - [2022-10-04T23:40:04.384+0000] {dag.py:3328} INFO - Setting next_dagrun for example_kubernetes_executor to None, run_after=None
[2022-10-04T23:40:14.143+0000] {processor.py:178} INFO - Processing /home/airflow/.local/lib/python3.7/site-packages/airflow/example_dags/example_kubernetes_executor.py took 12.339 seconds
[2022-10-04T23:41:55.219+0000] {processor.py:156} INFO - Started process (PID=53) to work on /home/airflow/.local/lib/python3.7/site-packages/airflow/example_dags/example_kubernetes_executor.py
[2022-10-04T23:41:55.222+0000] {processor.py:758} INFO - Processing file /home/airflow/.local/lib/python3.7/site-packages/airflow/example_dags/example_kubernetes_executor.py for tasks to queue
[2022-10-04T23:41:55.223+0000] {logging_mixin.py:117} INFO - [2022-10-04T23:41:55.223+0000] {dagbag.py:525} INFO - Filling up the DagBag from /home/airflow/.local/lib/python3.7/site-packages/airflow/example_dags/example_kubernetes_executor.py
[2022-10-04T23:41:55.336+0000] {processor.py:768} INFO - DAG(s) dict_keys(['example_kubernetes_executor']) retrieved from /home/airflow/.local/lib/python3.7/site-packages/airflow/example_dags/example_kubernetes_executor.py
[2022-10-04T23:41:56.509+0000] {logging_mixin.py:117} INFO - [2022-10-04T23:41:56.509+0000] {dag.py:2573} INFO - Sync 1 DAGs
[2022-10-04T23:41:56.598+0000] {logging_mixin.py:117} INFO - [2022-10-04T23:41:56.598+0000] {dag.py:3328} INFO - Setting next_dagrun for example_kubernetes_executor to None, run_after=None
[2022-10-04T23:41:59.231+0000] {processor.py:178} INFO - Processing /home/airflow/.local/lib/python3.7/site-packages/airflow/example_dags/example_kubernetes_executor.py took 4.017 seconds
[2022-10-04T23:44:20.099+0000] {processor.py:156} INFO - Started process (PID=53) to work on /home/airflow/.local/lib/python3.7/site-packages/airflow/example_dags/example_kubernetes_executor.py
[2022-10-04T23:44:20.106+0000] {processor.py:758} INFO - Processing file /home/airflow/.local/lib/python3.7/site-packages/airflow/example_dags/example_kubernetes_executor.py for tasks to queue
[2022-10-04T23:44:20.117+0000] {logging_mixin.py:117} INFO - [2022-10-04T23:44:20.116+0000] {dagbag.py:525} INFO - Filling up the DagBag from /home/airflow/.local/lib/python3.7/site-packages/airflow/example_dags/example_kubernetes_executor.py
[2022-10-04T23:44:20.732+0000] {processor.py:768} INFO - DAG(s) dict_keys(['example_kubernetes_executor']) retrieved from /home/airflow/.local/lib/python3.7/site-packages/airflow/example_dags/example_kubernetes_executor.py
[2022-10-04T23:44:26.478+0000] {logging_mixin.py:117} INFO - [2022-10-04T23:44:26.478+0000] {dag.py:2573} INFO - Sync 1 DAGs
[2022-10-04T23:44:27.086+0000] {logging_mixin.py:117} INFO - [2022-10-04T23:44:27.085+0000] {dag.py:3328} INFO - Setting next_dagrun for example_kubernetes_executor to None, run_after=None
[2022-10-04T23:44:27.457+0000] {processor.py:178} INFO - Processing /home/airflow/.local/lib/python3.7/site-packages/airflow/example_dags/example_kubernetes_executor.py took 7.392 seconds
[2022-10-04T23:46:11.945+0000] {processor.py:156} INFO - Started process (PID=43) to work on /home/airflow/.local/lib/python3.7/site-packages/airflow/example_dags/example_kubernetes_executor.py
[2022-10-04T23:46:11.953+0000] {processor.py:758} INFO - Processing file /home/airflow/.local/lib/python3.7/site-packages/airflow/example_dags/example_kubernetes_executor.py for tasks to queue
[2022-10-04T23:46:11.957+0000] {logging_mixin.py:117} INFO - [2022-10-04T23:46:11.957+0000] {dagbag.py:525} INFO - Filling up the DagBag from /home/airflow/.local/lib/python3.7/site-packages/airflow/example_dags/example_kubernetes_executor.py
[2022-10-04T23:46:12.136+0000] {processor.py:768} INFO - DAG(s) dict_keys(['example_kubernetes_executor']) retrieved from /home/airflow/.local/lib/python3.7/site-packages/airflow/example_dags/example_kubernetes_executor.py
[2022-10-04T23:46:14.494+0000] {logging_mixin.py:117} INFO - [2022-10-04T23:46:14.492+0000] {dag.py:2573} INFO - Sync 1 DAGs
[2022-10-04T23:46:14.590+0000] {logging_mixin.py:117} INFO - [2022-10-04T23:46:14.590+0000] {dag.py:3328} INFO - Setting next_dagrun for example_kubernetes_executor to None, run_after=None
[2022-10-04T23:46:16.715+0000] {processor.py:178} INFO - Processing /home/airflow/.local/lib/python3.7/site-packages/airflow/example_dags/example_kubernetes_executor.py took 4.777 seconds
[2022-10-04T23:48:22.347+0000] {processor.py:156} INFO - Started process (PID=52) to work on /home/airflow/.local/lib/python3.7/site-packages/airflow/example_dags/example_kubernetes_executor.py
[2022-10-04T23:48:22.348+0000] {processor.py:758} INFO - Processing file /home/airflow/.local/lib/python3.7/site-packages/airflow/example_dags/example_kubernetes_executor.py for tasks to queue
[2022-10-04T23:48:22.349+0000] {logging_mixin.py:117} INFO - [2022-10-04T23:48:22.349+0000] {dagbag.py:525} INFO - Filling up the DagBag from /home/airflow/.local/lib/python3.7/site-packages/airflow/example_dags/example_kubernetes_executor.py
[2022-10-04T23:48:22.540+0000] {processor.py:768} INFO - DAG(s) dict_keys(['example_kubernetes_executor']) retrieved from /home/airflow/.local/lib/python3.7/site-packages/airflow/example_dags/example_kubernetes_executor.py
[2022-10-04T23:48:31.878+0000] {logging_mixin.py:117} INFO - [2022-10-04T23:48:31.873+0000] {dag.py:2573} INFO - Sync 1 DAGs
[2022-10-04T23:48:32.140+0000] {logging_mixin.py:117} INFO - [2022-10-04T23:48:32.132+0000] {dag.py:3328} INFO - Setting next_dagrun for example_kubernetes_executor to None, run_after=None
[2022-10-04T23:48:39.658+0000] {processor.py:178} INFO - Processing /home/airflow/.local/lib/python3.7/site-packages/airflow/example_dags/example_kubernetes_executor.py took 17.320 seconds
[2022-10-04T23:50:13.820+0000] {processor.py:156} INFO - Started process (PID=43) to work on /home/airflow/.local/lib/python3.7/site-packages/airflow/example_dags/example_kubernetes_executor.py
[2022-10-04T23:50:13.825+0000] {processor.py:758} INFO - Processing file /home/airflow/.local/lib/python3.7/site-packages/airflow/example_dags/example_kubernetes_executor.py for tasks to queue
[2022-10-04T23:50:13.847+0000] {logging_mixin.py:117} INFO - [2022-10-04T23:50:13.847+0000] {dagbag.py:525} INFO - Filling up the DagBag from /home/airflow/.local/lib/python3.7/site-packages/airflow/example_dags/example_kubernetes_executor.py
[2022-10-04T23:50:14.016+0000] {processor.py:768} INFO - DAG(s) dict_keys(['example_kubernetes_executor']) retrieved from /home/airflow/.local/lib/python3.7/site-packages/airflow/example_dags/example_kubernetes_executor.py
[2022-10-04T23:50:17.857+0000] {logging_mixin.py:117} INFO - [2022-10-04T23:50:17.856+0000] {dag.py:2573} INFO - Sync 1 DAGs
[2022-10-04T23:50:19.647+0000] {logging_mixin.py:117} INFO - [2022-10-04T23:50:19.647+0000] {dag.py:3328} INFO - Setting next_dagrun for example_kubernetes_executor to None, run_after=None
[2022-10-04T23:50:21.452+0000] {processor.py:178} INFO - Processing /home/airflow/.local/lib/python3.7/site-packages/airflow/example_dags/example_kubernetes_executor.py took 7.645 seconds
[2022-10-04T23:52:22.875+0000] {processor.py:156} INFO - Started process (PID=44) to work on /home/airflow/.local/lib/python3.7/site-packages/airflow/example_dags/example_kubernetes_executor.py
[2022-10-04T23:52:22.878+0000] {processor.py:758} INFO - Processing file /home/airflow/.local/lib/python3.7/site-packages/airflow/example_dags/example_kubernetes_executor.py for tasks to queue
[2022-10-04T23:52:22.880+0000] {logging_mixin.py:117} INFO - [2022-10-04T23:52:22.880+0000] {dagbag.py:525} INFO - Filling up the DagBag from /home/airflow/.local/lib/python3.7/site-packages/airflow/example_dags/example_kubernetes_executor.py
[2022-10-04T23:52:23.002+0000] {processor.py:768} INFO - DAG(s) dict_keys(['example_kubernetes_executor']) retrieved from /home/airflow/.local/lib/python3.7/site-packages/airflow/example_dags/example_kubernetes_executor.py
[2022-10-04T23:52:23.355+0000] {logging_mixin.py:117} INFO - [2022-10-04T23:52:23.355+0000] {dag.py:2573} INFO - Sync 1 DAGs
[2022-10-04T23:52:25.163+0000] {logging_mixin.py:117} INFO - [2022-10-04T23:52:25.158+0000] {dag.py:3328} INFO - Setting next_dagrun for example_kubernetes_executor to None, run_after=None
[2022-10-04T23:52:26.041+0000] {processor.py:178} INFO - Processing /home/airflow/.local/lib/python3.7/site-packages/airflow/example_dags/example_kubernetes_executor.py took 3.173 seconds
[2022-10-04T23:54:31.805+0000] {processor.py:156} INFO - Started process (PID=43) to work on /home/airflow/.local/lib/python3.7/site-packages/airflow/example_dags/example_kubernetes_executor.py
[2022-10-04T23:54:31.813+0000] {processor.py:758} INFO - Processing file /home/airflow/.local/lib/python3.7/site-packages/airflow/example_dags/example_kubernetes_executor.py for tasks to queue
[2022-10-04T23:54:31.819+0000] {logging_mixin.py:117} INFO - [2022-10-04T23:54:31.819+0000] {dagbag.py:525} INFO - Filling up the DagBag from /home/airflow/.local/lib/python3.7/site-packages/airflow/example_dags/example_kubernetes_executor.py
[2022-10-04T23:54:32.008+0000] {processor.py:768} INFO - DAG(s) dict_keys(['example_kubernetes_executor']) retrieved from /home/airflow/.local/lib/python3.7/site-packages/airflow/example_dags/example_kubernetes_executor.py
[2022-10-04T23:54:39.502+0000] {logging_mixin.py:117} INFO - [2022-10-04T23:54:39.496+0000] {dag.py:2573} INFO - Sync 1 DAGs
[2022-10-04T23:54:39.605+0000] {logging_mixin.py:117} INFO - [2022-10-04T23:54:39.584+0000] {dag.py:3328} INFO - Setting next_dagrun for example_kubernetes_executor to None, run_after=None
[2022-10-04T23:54:41.287+0000] {processor.py:178} INFO - Processing /home/airflow/.local/lib/python3.7/site-packages/airflow/example_dags/example_kubernetes_executor.py took 9.500 seconds
[2022-10-04T23:56:29.091+0000] {processor.py:156} INFO - Started process (PID=54) to work on /home/airflow/.local/lib/python3.7/site-packages/airflow/example_dags/example_kubernetes_executor.py
[2022-10-04T23:56:29.094+0000] {processor.py:758} INFO - Processing file /home/airflow/.local/lib/python3.7/site-packages/airflow/example_dags/example_kubernetes_executor.py for tasks to queue
[2022-10-04T23:56:29.101+0000] {logging_mixin.py:117} INFO - [2022-10-04T23:56:29.100+0000] {dagbag.py:525} INFO - Filling up the DagBag from /home/airflow/.local/lib/python3.7/site-packages/airflow/example_dags/example_kubernetes_executor.py
[2022-10-04T23:56:29.280+0000] {processor.py:768} INFO - DAG(s) dict_keys(['example_kubernetes_executor']) retrieved from /home/airflow/.local/lib/python3.7/site-packages/airflow/example_dags/example_kubernetes_executor.py
[2022-10-04T23:56:30.388+0000] {logging_mixin.py:117} INFO - [2022-10-04T23:56:30.388+0000] {dag.py:2573} INFO - Sync 1 DAGs
[2022-10-04T23:56:30.433+0000] {logging_mixin.py:117} INFO - [2022-10-04T23:56:30.433+0000] {dag.py:3328} INFO - Setting next_dagrun for example_kubernetes_executor to None, run_after=None
[2022-10-04T23:56:31.424+0000] {processor.py:178} INFO - Processing /home/airflow/.local/lib/python3.7/site-packages/airflow/example_dags/example_kubernetes_executor.py took 2.343 seconds
[2022-10-04T23:58:41.906+0000] {processor.py:156} INFO - Started process (PID=61) to work on /home/airflow/.local/lib/python3.7/site-packages/airflow/example_dags/example_kubernetes_executor.py
[2022-10-04T23:58:41.919+0000] {processor.py:758} INFO - Processing file /home/airflow/.local/lib/python3.7/site-packages/airflow/example_dags/example_kubernetes_executor.py for tasks to queue
[2022-10-04T23:58:41.924+0000] {logging_mixin.py:117} INFO - [2022-10-04T23:58:41.924+0000] {dagbag.py:525} INFO - Filling up the DagBag from /home/airflow/.local/lib/python3.7/site-packages/airflow/example_dags/example_kubernetes_executor.py
[2022-10-04T23:58:42.265+0000] {processor.py:768} INFO - DAG(s) dict_keys(['example_kubernetes_executor']) retrieved from /home/airflow/.local/lib/python3.7/site-packages/airflow/example_dags/example_kubernetes_executor.py
[2022-10-04T23:58:47.242+0000] {logging_mixin.py:117} INFO - [2022-10-04T23:58:47.228+0000] {dag.py:2573} INFO - Sync 1 DAGs
[2022-10-04T23:58:50.270+0000] {logging_mixin.py:117} INFO - [2022-10-04T23:58:50.261+0000] {dag.py:3328} INFO - Setting next_dagrun for example_kubernetes_executor to None, run_after=None
[2022-10-04T23:58:51.034+0000] {processor.py:178} INFO - Processing /home/airflow/.local/lib/python3.7/site-packages/airflow/example_dags/example_kubernetes_executor.py took 9.159 seconds
