[2022-10-04T23:32:53.103+0000] {processor.py:156} INFO - Started process (PID=50) to work on /home/airflow/.local/lib/python3.7/site-packages/airflow/example_dags/example_xcom.py
[2022-10-04T23:32:53.114+0000] {processor.py:758} INFO - Processing file /home/airflow/.local/lib/python3.7/site-packages/airflow/example_dags/example_xcom.py for tasks to queue
[2022-10-04T23:32:53.131+0000] {logging_mixin.py:117} INFO - [2022-10-04T23:32:53.130+0000] {dagbag.py:525} INFO - Filling up the DagBag from /home/airflow/.local/lib/python3.7/site-packages/airflow/example_dags/example_xcom.py
[2022-10-04T23:32:53.956+0000] {processor.py:768} INFO - DAG(s) dict_keys(['example_xcom']) retrieved from /home/airflow/.local/lib/python3.7/site-packages/airflow/example_dags/example_xcom.py
[2022-10-04T23:32:54.225+0000] {logging_mixin.py:117} INFO - [2022-10-04T23:32:54.224+0000] {dag.py:2573} INFO - Sync 1 DAGs
[2022-10-04T23:32:54.417+0000] {logging_mixin.py:117} INFO - [2022-10-04T23:32:54.417+0000] {dag.py:3328} INFO - Setting next_dagrun for example_xcom to 2021-01-01T00:00:00+00:00, run_after=2021-01-01T00:00:00+00:00
[2022-10-04T23:32:54.780+0000] {processor.py:178} INFO - Processing /home/airflow/.local/lib/python3.7/site-packages/airflow/example_dags/example_xcom.py took 1.710 seconds
[2022-10-04T23:34:07.235+0000] {processor.py:156} INFO - Started process (PID=95) to work on /home/airflow/.local/lib/python3.7/site-packages/airflow/example_dags/example_xcom.py
[2022-10-04T23:34:07.238+0000] {processor.py:758} INFO - Processing file /home/airflow/.local/lib/python3.7/site-packages/airflow/example_dags/example_xcom.py for tasks to queue
[2022-10-04T23:34:07.239+0000] {logging_mixin.py:117} INFO - [2022-10-04T23:34:07.239+0000] {dagbag.py:525} INFO - Filling up the DagBag from /home/airflow/.local/lib/python3.7/site-packages/airflow/example_dags/example_xcom.py
[2022-10-04T23:34:07.336+0000] {processor.py:768} INFO - DAG(s) dict_keys(['example_xcom']) retrieved from /home/airflow/.local/lib/python3.7/site-packages/airflow/example_dags/example_xcom.py
[2022-10-04T23:34:07.490+0000] {logging_mixin.py:117} INFO - [2022-10-04T23:34:07.489+0000] {dag.py:2573} INFO - Sync 1 DAGs
[2022-10-04T23:34:07.527+0000] {logging_mixin.py:117} INFO - [2022-10-04T23:34:07.527+0000] {dag.py:3328} INFO - Setting next_dagrun for example_xcom to 2021-01-01T00:00:00+00:00, run_after=2021-01-01T00:00:00+00:00
[2022-10-04T23:34:07.630+0000] {processor.py:178} INFO - Processing /home/airflow/.local/lib/python3.7/site-packages/airflow/example_dags/example_xcom.py took 0.401 seconds
[2022-10-04T23:35:29.235+0000] {processor.py:156} INFO - Started process (PID=42) to work on /home/airflow/.local/lib/python3.7/site-packages/airflow/example_dags/example_xcom.py
[2022-10-04T23:35:29.255+0000] {processor.py:758} INFO - Processing file /home/airflow/.local/lib/python3.7/site-packages/airflow/example_dags/example_xcom.py for tasks to queue
[2022-10-04T23:35:29.258+0000] {logging_mixin.py:117} INFO - [2022-10-04T23:35:29.257+0000] {dagbag.py:525} INFO - Filling up the DagBag from /home/airflow/.local/lib/python3.7/site-packages/airflow/example_dags/example_xcom.py
[2022-10-04T23:35:29.647+0000] {processor.py:768} INFO - DAG(s) dict_keys(['example_xcom']) retrieved from /home/airflow/.local/lib/python3.7/site-packages/airflow/example_dags/example_xcom.py
[2022-10-04T23:35:31.040+0000] {logging_mixin.py:117} INFO - [2022-10-04T23:35:31.039+0000] {dag.py:2573} INFO - Sync 1 DAGs
[2022-10-04T23:35:31.081+0000] {logging_mixin.py:117} INFO - [2022-10-04T23:35:31.079+0000] {dag.py:3328} INFO - Setting next_dagrun for example_xcom to 2021-01-01T00:00:00+00:00, run_after=2021-01-01T00:00:00+00:00
[2022-10-04T23:35:46.226+0000] {processor.py:178} INFO - Processing /home/airflow/.local/lib/python3.7/site-packages/airflow/example_dags/example_xcom.py took 17.078 seconds
[2022-10-04T23:37:39.595+0000] {processor.py:156} INFO - Started process (PID=41) to work on /home/airflow/.local/lib/python3.7/site-packages/airflow/example_dags/example_xcom.py
[2022-10-04T23:37:39.597+0000] {processor.py:758} INFO - Processing file /home/airflow/.local/lib/python3.7/site-packages/airflow/example_dags/example_xcom.py for tasks to queue
[2022-10-04T23:37:39.600+0000] {logging_mixin.py:117} INFO - [2022-10-04T23:37:39.600+0000] {dagbag.py:525} INFO - Filling up the DagBag from /home/airflow/.local/lib/python3.7/site-packages/airflow/example_dags/example_xcom.py
[2022-10-04T23:37:39.641+0000] {processor.py:768} INFO - DAG(s) dict_keys(['example_xcom']) retrieved from /home/airflow/.local/lib/python3.7/site-packages/airflow/example_dags/example_xcom.py
[2022-10-04T23:37:39.987+0000] {logging_mixin.py:117} INFO - [2022-10-04T23:37:39.987+0000] {dag.py:2573} INFO - Sync 1 DAGs
[2022-10-04T23:37:40.014+0000] {logging_mixin.py:117} INFO - [2022-10-04T23:37:40.014+0000] {dag.py:3328} INFO - Setting next_dagrun for example_xcom to 2021-01-01T00:00:00+00:00, run_after=2021-01-01T00:00:00+00:00
[2022-10-04T23:37:49.040+0000] {processor.py:178} INFO - Processing /home/airflow/.local/lib/python3.7/site-packages/airflow/example_dags/example_xcom.py took 9.449 seconds
[2022-10-04T23:39:38.867+0000] {processor.py:156} INFO - Started process (PID=32) to work on /home/airflow/.local/lib/python3.7/site-packages/airflow/example_dags/example_xcom.py
[2022-10-04T23:39:38.873+0000] {processor.py:758} INFO - Processing file /home/airflow/.local/lib/python3.7/site-packages/airflow/example_dags/example_xcom.py for tasks to queue
[2022-10-04T23:39:38.890+0000] {logging_mixin.py:117} INFO - [2022-10-04T23:39:38.889+0000] {dagbag.py:525} INFO - Filling up the DagBag from /home/airflow/.local/lib/python3.7/site-packages/airflow/example_dags/example_xcom.py
[2022-10-04T23:39:38.997+0000] {processor.py:768} INFO - DAG(s) dict_keys(['example_xcom']) retrieved from /home/airflow/.local/lib/python3.7/site-packages/airflow/example_dags/example_xcom.py
[2022-10-04T23:39:39.761+0000] {logging_mixin.py:117} INFO - [2022-10-04T23:39:39.761+0000] {dag.py:2573} INFO - Sync 1 DAGs
[2022-10-04T23:39:39.829+0000] {logging_mixin.py:117} INFO - [2022-10-04T23:39:39.828+0000] {dag.py:3328} INFO - Setting next_dagrun for example_xcom to 2021-01-01T00:00:00+00:00, run_after=2021-01-01T00:00:00+00:00
[2022-10-04T23:39:59.091+0000] {processor.py:178} INFO - Processing /home/airflow/.local/lib/python3.7/site-packages/airflow/example_dags/example_xcom.py took 20.245 seconds
[2022-10-04T23:41:38.276+0000] {processor.py:156} INFO - Started process (PID=41) to work on /home/airflow/.local/lib/python3.7/site-packages/airflow/example_dags/example_xcom.py
[2022-10-04T23:41:38.293+0000] {processor.py:758} INFO - Processing file /home/airflow/.local/lib/python3.7/site-packages/airflow/example_dags/example_xcom.py for tasks to queue
[2022-10-04T23:41:38.296+0000] {logging_mixin.py:117} INFO - [2022-10-04T23:41:38.296+0000] {dagbag.py:525} INFO - Filling up the DagBag from /home/airflow/.local/lib/python3.7/site-packages/airflow/example_dags/example_xcom.py
[2022-10-04T23:41:38.467+0000] {processor.py:768} INFO - DAG(s) dict_keys(['example_xcom']) retrieved from /home/airflow/.local/lib/python3.7/site-packages/airflow/example_dags/example_xcom.py
[2022-10-04T23:41:39.303+0000] {logging_mixin.py:117} INFO - [2022-10-04T23:41:39.303+0000] {dag.py:2573} INFO - Sync 1 DAGs
[2022-10-04T23:41:39.371+0000] {logging_mixin.py:117} INFO - [2022-10-04T23:41:39.371+0000] {dag.py:3328} INFO - Setting next_dagrun for example_xcom to 2021-01-01T00:00:00+00:00, run_after=2021-01-01T00:00:00+00:00
[2022-10-04T23:41:51.022+0000] {processor.py:178} INFO - Processing /home/airflow/.local/lib/python3.7/site-packages/airflow/example_dags/example_xcom.py took 12.762 seconds
[2022-10-04T23:43:54.884+0000] {processor.py:156} INFO - Started process (PID=43) to work on /home/airflow/.local/lib/python3.7/site-packages/airflow/example_dags/example_xcom.py
[2022-10-04T23:43:54.887+0000] {processor.py:758} INFO - Processing file /home/airflow/.local/lib/python3.7/site-packages/airflow/example_dags/example_xcom.py for tasks to queue
[2022-10-04T23:43:54.908+0000] {logging_mixin.py:117} INFO - [2022-10-04T23:43:54.905+0000] {dagbag.py:525} INFO - Filling up the DagBag from /home/airflow/.local/lib/python3.7/site-packages/airflow/example_dags/example_xcom.py
[2022-10-04T23:43:54.967+0000] {processor.py:768} INFO - DAG(s) dict_keys(['example_xcom']) retrieved from /home/airflow/.local/lib/python3.7/site-packages/airflow/example_dags/example_xcom.py
[2022-10-04T23:43:56.875+0000] {logging_mixin.py:117} INFO - [2022-10-04T23:43:56.873+0000] {dag.py:2573} INFO - Sync 1 DAGs
[2022-10-04T23:43:57.841+0000] {logging_mixin.py:117} INFO - [2022-10-04T23:43:57.837+0000] {dag.py:3328} INFO - Setting next_dagrun for example_xcom to 2021-01-01T00:00:00+00:00, run_after=2021-01-01T00:00:00+00:00
[2022-10-04T23:44:03.709+0000] {processor.py:178} INFO - Processing /home/airflow/.local/lib/python3.7/site-packages/airflow/example_dags/example_xcom.py took 8.862 seconds
[2022-10-04T23:44:58.521+0000] {processor.py:156} INFO - Started process (PID=96) to work on /home/airflow/.local/lib/python3.7/site-packages/airflow/example_dags/example_xcom.py
[2022-10-04T23:44:58.522+0000] {processor.py:758} INFO - Processing file /home/airflow/.local/lib/python3.7/site-packages/airflow/example_dags/example_xcom.py for tasks to queue
[2022-10-04T23:44:58.523+0000] {logging_mixin.py:117} INFO - [2022-10-04T23:44:58.523+0000] {dagbag.py:525} INFO - Filling up the DagBag from /home/airflow/.local/lib/python3.7/site-packages/airflow/example_dags/example_xcom.py
[2022-10-04T23:44:59.492+0000] {processor.py:768} INFO - DAG(s) dict_keys(['example_xcom']) retrieved from /home/airflow/.local/lib/python3.7/site-packages/airflow/example_dags/example_xcom.py
[2022-10-04T23:44:59.693+0000] {logging_mixin.py:117} INFO - [2022-10-04T23:44:59.693+0000] {dag.py:2573} INFO - Sync 1 DAGs
[2022-10-04T23:44:59.887+0000] {logging_mixin.py:117} INFO - [2022-10-04T23:44:59.886+0000] {dag.py:3328} INFO - Setting next_dagrun for example_xcom to 2021-01-01T00:00:00+00:00, run_after=2021-01-01T00:00:00+00:00
[2022-10-04T23:45:15.481+0000] {processor.py:178} INFO - Processing /home/airflow/.local/lib/python3.7/site-packages/airflow/example_dags/example_xcom.py took 16.965 seconds
[2022-10-04T23:45:53.650+0000] {processor.py:156} INFO - Started process (PID=40) to work on /home/airflow/.local/lib/python3.7/site-packages/airflow/example_dags/example_xcom.py
[2022-10-04T23:45:53.655+0000] {processor.py:758} INFO - Processing file /home/airflow/.local/lib/python3.7/site-packages/airflow/example_dags/example_xcom.py for tasks to queue
[2022-10-04T23:45:53.658+0000] {logging_mixin.py:117} INFO - [2022-10-04T23:45:53.657+0000] {dagbag.py:525} INFO - Filling up the DagBag from /home/airflow/.local/lib/python3.7/site-packages/airflow/example_dags/example_xcom.py
[2022-10-04T23:45:53.879+0000] {processor.py:768} INFO - DAG(s) dict_keys(['example_xcom']) retrieved from /home/airflow/.local/lib/python3.7/site-packages/airflow/example_dags/example_xcom.py
[2022-10-04T23:45:54.679+0000] {logging_mixin.py:117} INFO - [2022-10-04T23:45:54.679+0000] {dag.py:2573} INFO - Sync 1 DAGs
[2022-10-04T23:45:54.750+0000] {logging_mixin.py:117} INFO - [2022-10-04T23:45:54.750+0000] {dag.py:3328} INFO - Setting next_dagrun for example_xcom to 2021-01-01T00:00:00+00:00, run_after=2021-01-01T00:00:00+00:00
[2022-10-04T23:46:08.291+0000] {processor.py:178} INFO - Processing /home/airflow/.local/lib/python3.7/site-packages/airflow/example_dags/example_xcom.py took 14.663 seconds
[2022-10-04T23:47:56.910+0000] {processor.py:156} INFO - Started process (PID=40) to work on /home/airflow/.local/lib/python3.7/site-packages/airflow/example_dags/example_xcom.py
[2022-10-04T23:47:56.911+0000] {processor.py:758} INFO - Processing file /home/airflow/.local/lib/python3.7/site-packages/airflow/example_dags/example_xcom.py for tasks to queue
[2022-10-04T23:47:56.913+0000] {logging_mixin.py:117} INFO - [2022-10-04T23:47:56.913+0000] {dagbag.py:525} INFO - Filling up the DagBag from /home/airflow/.local/lib/python3.7/site-packages/airflow/example_dags/example_xcom.py
[2022-10-04T23:47:57.116+0000] {processor.py:768} INFO - DAG(s) dict_keys(['example_xcom']) retrieved from /home/airflow/.local/lib/python3.7/site-packages/airflow/example_dags/example_xcom.py
[2022-10-04T23:47:58.728+0000] {logging_mixin.py:117} INFO - [2022-10-04T23:47:58.728+0000] {dag.py:2573} INFO - Sync 1 DAGs
[2022-10-04T23:47:58.832+0000] {logging_mixin.py:117} INFO - [2022-10-04T23:47:58.832+0000] {dag.py:3328} INFO - Setting next_dagrun for example_xcom to 2021-01-01T00:00:00+00:00, run_after=2021-01-01T00:00:00+00:00
[2022-10-04T23:48:12.277+0000] {processor.py:178} INFO - Processing /home/airflow/.local/lib/python3.7/site-packages/airflow/example_dags/example_xcom.py took 15.394 seconds
[2022-10-04T23:49:54.451+0000] {processor.py:156} INFO - Started process (PID=40) to work on /home/airflow/.local/lib/python3.7/site-packages/airflow/example_dags/example_xcom.py
[2022-10-04T23:49:54.454+0000] {processor.py:758} INFO - Processing file /home/airflow/.local/lib/python3.7/site-packages/airflow/example_dags/example_xcom.py for tasks to queue
[2022-10-04T23:49:54.459+0000] {logging_mixin.py:117} INFO - [2022-10-04T23:49:54.456+0000] {dagbag.py:525} INFO - Filling up the DagBag from /home/airflow/.local/lib/python3.7/site-packages/airflow/example_dags/example_xcom.py
[2022-10-04T23:49:54.514+0000] {processor.py:768} INFO - DAG(s) dict_keys(['example_xcom']) retrieved from /home/airflow/.local/lib/python3.7/site-packages/airflow/example_dags/example_xcom.py
[2022-10-04T23:49:54.851+0000] {logging_mixin.py:117} INFO - [2022-10-04T23:49:54.851+0000] {dag.py:2573} INFO - Sync 1 DAGs
[2022-10-04T23:49:54.886+0000] {logging_mixin.py:117} INFO - [2022-10-04T23:49:54.886+0000] {dag.py:3328} INFO - Setting next_dagrun for example_xcom to 2021-01-01T00:00:00+00:00, run_after=2021-01-01T00:00:00+00:00
[2022-10-04T23:50:07.130+0000] {processor.py:178} INFO - Processing /home/airflow/.local/lib/python3.7/site-packages/airflow/example_dags/example_xcom.py took 12.690 seconds
[2022-10-04T23:51:22.772+0000] {processor.py:156} INFO - Started process (PID=102) to work on /home/airflow/.local/lib/python3.7/site-packages/airflow/example_dags/example_xcom.py
[2022-10-04T23:51:22.815+0000] {processor.py:758} INFO - Processing file /home/airflow/.local/lib/python3.7/site-packages/airflow/example_dags/example_xcom.py for tasks to queue
[2022-10-04T23:51:22.826+0000] {logging_mixin.py:117} INFO - [2022-10-04T23:51:22.824+0000] {dagbag.py:525} INFO - Filling up the DagBag from /home/airflow/.local/lib/python3.7/site-packages/airflow/example_dags/example_xcom.py
[2022-10-04T23:51:28.947+0000] {processor.py:768} INFO - DAG(s) dict_keys(['example_xcom']) retrieved from /home/airflow/.local/lib/python3.7/site-packages/airflow/example_dags/example_xcom.py
[2022-10-04T23:51:31.105+0000] {logging_mixin.py:117} INFO - [2022-10-04T23:51:31.092+0000] {dag.py:2573} INFO - Sync 1 DAGs
[2022-10-04T23:51:31.354+0000] {logging_mixin.py:117} INFO - [2022-10-04T23:51:31.353+0000] {dag.py:3328} INFO - Setting next_dagrun for example_xcom to 2021-01-01T00:00:00+00:00, run_after=2021-01-01T00:00:00+00:00
[2022-10-04T23:51:35.311+0000] {processor.py:178} INFO - Processing /home/airflow/.local/lib/python3.7/site-packages/airflow/example_dags/example_xcom.py took 12.580 seconds
[2022-10-04T23:52:03.102+0000] {processor.py:156} INFO - Started process (PID=32) to work on /home/airflow/.local/lib/python3.7/site-packages/airflow/example_dags/example_xcom.py
[2022-10-04T23:52:03.111+0000] {processor.py:758} INFO - Processing file /home/airflow/.local/lib/python3.7/site-packages/airflow/example_dags/example_xcom.py for tasks to queue
[2022-10-04T23:52:03.112+0000] {logging_mixin.py:117} INFO - [2022-10-04T23:52:03.112+0000] {dagbag.py:525} INFO - Filling up the DagBag from /home/airflow/.local/lib/python3.7/site-packages/airflow/example_dags/example_xcom.py
[2022-10-04T23:52:03.154+0000] {processor.py:768} INFO - DAG(s) dict_keys(['example_xcom']) retrieved from /home/airflow/.local/lib/python3.7/site-packages/airflow/example_dags/example_xcom.py
[2022-10-04T23:52:03.620+0000] {logging_mixin.py:117} INFO - [2022-10-04T23:52:03.620+0000] {dag.py:2573} INFO - Sync 1 DAGs
[2022-10-04T23:52:03.713+0000] {logging_mixin.py:117} INFO - [2022-10-04T23:52:03.713+0000] {dag.py:3328} INFO - Setting next_dagrun for example_xcom to 2021-01-01T00:00:00+00:00, run_after=2021-01-01T00:00:00+00:00
[2022-10-04T23:52:18.430+0000] {processor.py:178} INFO - Processing /home/airflow/.local/lib/python3.7/site-packages/airflow/example_dags/example_xcom.py took 15.342 seconds
[2022-10-04T23:54:06.722+0000] {processor.py:156} INFO - Started process (PID=32) to work on /home/airflow/.local/lib/python3.7/site-packages/airflow/example_dags/example_xcom.py
[2022-10-04T23:54:06.724+0000] {processor.py:758} INFO - Processing file /home/airflow/.local/lib/python3.7/site-packages/airflow/example_dags/example_xcom.py for tasks to queue
[2022-10-04T23:54:06.738+0000] {logging_mixin.py:117} INFO - [2022-10-04T23:54:06.737+0000] {dagbag.py:525} INFO - Filling up the DagBag from /home/airflow/.local/lib/python3.7/site-packages/airflow/example_dags/example_xcom.py
[2022-10-04T23:54:06.884+0000] {processor.py:768} INFO - DAG(s) dict_keys(['example_xcom']) retrieved from /home/airflow/.local/lib/python3.7/site-packages/airflow/example_dags/example_xcom.py
[2022-10-04T23:54:07.844+0000] {logging_mixin.py:117} INFO - [2022-10-04T23:54:07.844+0000] {dag.py:2573} INFO - Sync 1 DAGs
[2022-10-04T23:54:07.911+0000] {logging_mixin.py:117} INFO - [2022-10-04T23:54:07.910+0000] {dag.py:3328} INFO - Setting next_dagrun for example_xcom to 2021-01-01T00:00:00+00:00, run_after=2021-01-01T00:00:00+00:00
[2022-10-04T23:54:23.156+0000] {processor.py:178} INFO - Processing /home/airflow/.local/lib/python3.7/site-packages/airflow/example_dags/example_xcom.py took 16.467 seconds
[2022-10-04T23:56:08.775+0000] {processor.py:156} INFO - Started process (PID=41) to work on /home/airflow/.local/lib/python3.7/site-packages/airflow/example_dags/example_xcom.py
[2022-10-04T23:56:08.783+0000] {processor.py:758} INFO - Processing file /home/airflow/.local/lib/python3.7/site-packages/airflow/example_dags/example_xcom.py for tasks to queue
[2022-10-04T23:56:08.787+0000] {logging_mixin.py:117} INFO - [2022-10-04T23:56:08.787+0000] {dagbag.py:525} INFO - Filling up the DagBag from /home/airflow/.local/lib/python3.7/site-packages/airflow/example_dags/example_xcom.py
[2022-10-04T23:56:08.987+0000] {processor.py:768} INFO - DAG(s) dict_keys(['example_xcom']) retrieved from /home/airflow/.local/lib/python3.7/site-packages/airflow/example_dags/example_xcom.py
[2022-10-04T23:56:10.106+0000] {logging_mixin.py:117} INFO - [2022-10-04T23:56:10.106+0000] {dag.py:2573} INFO - Sync 1 DAGs
[2022-10-04T23:56:10.153+0000] {logging_mixin.py:117} INFO - [2022-10-04T23:56:10.153+0000] {dag.py:3328} INFO - Setting next_dagrun for example_xcom to 2021-01-01T00:00:00+00:00, run_after=2021-01-01T00:00:00+00:00
[2022-10-04T23:56:23.303+0000] {processor.py:178} INFO - Processing /home/airflow/.local/lib/python3.7/site-packages/airflow/example_dags/example_xcom.py took 14.539 seconds
[2022-10-04T23:57:29.837+0000] {processor.py:156} INFO - Started process (PID=114) to work on /home/airflow/.local/lib/python3.7/site-packages/airflow/example_dags/example_xcom.py
[2022-10-04T23:57:29.840+0000] {processor.py:758} INFO - Processing file /home/airflow/.local/lib/python3.7/site-packages/airflow/example_dags/example_xcom.py for tasks to queue
[2022-10-04T23:57:29.843+0000] {logging_mixin.py:117} INFO - [2022-10-04T23:57:29.842+0000] {dagbag.py:525} INFO - Filling up the DagBag from /home/airflow/.local/lib/python3.7/site-packages/airflow/example_dags/example_xcom.py
[2022-10-04T23:57:30.153+0000] {processor.py:768} INFO - DAG(s) dict_keys(['example_xcom']) retrieved from /home/airflow/.local/lib/python3.7/site-packages/airflow/example_dags/example_xcom.py
[2022-10-04T23:57:30.269+0000] {logging_mixin.py:117} INFO - [2022-10-04T23:57:30.269+0000] {dag.py:2573} INFO - Sync 1 DAGs
[2022-10-04T23:57:30.373+0000] {logging_mixin.py:117} INFO - [2022-10-04T23:57:30.373+0000] {dag.py:3328} INFO - Setting next_dagrun for example_xcom to 2021-01-01T00:00:00+00:00, run_after=2021-01-01T00:00:00+00:00
[2022-10-04T23:57:30.430+0000] {processor.py:178} INFO - Processing /home/airflow/.local/lib/python3.7/site-packages/airflow/example_dags/example_xcom.py took 0.604 seconds
[2022-10-04T23:58:14.814+0000] {processor.py:156} INFO - Started process (PID=41) to work on /home/airflow/.local/lib/python3.7/site-packages/airflow/example_dags/example_xcom.py
[2022-10-04T23:58:14.818+0000] {processor.py:758} INFO - Processing file /home/airflow/.local/lib/python3.7/site-packages/airflow/example_dags/example_xcom.py for tasks to queue
[2022-10-04T23:58:14.820+0000] {logging_mixin.py:117} INFO - [2022-10-04T23:58:14.819+0000] {dagbag.py:525} INFO - Filling up the DagBag from /home/airflow/.local/lib/python3.7/site-packages/airflow/example_dags/example_xcom.py
[2022-10-04T23:58:14.927+0000] {processor.py:768} INFO - DAG(s) dict_keys(['example_xcom']) retrieved from /home/airflow/.local/lib/python3.7/site-packages/airflow/example_dags/example_xcom.py
[2022-10-04T23:58:15.704+0000] {logging_mixin.py:117} INFO - [2022-10-04T23:58:15.704+0000] {dag.py:2573} INFO - Sync 1 DAGs
[2022-10-04T23:58:15.770+0000] {logging_mixin.py:117} INFO - [2022-10-04T23:58:15.770+0000] {dag.py:3328} INFO - Setting next_dagrun for example_xcom to 2021-01-01T00:00:00+00:00, run_after=2021-01-01T00:00:00+00:00
[2022-10-04T23:58:29.074+0000] {processor.py:178} INFO - Processing /home/airflow/.local/lib/python3.7/site-packages/airflow/example_dags/example_xcom.py took 14.268 seconds
