[2022-10-04T23:34:05.522+0000] {processor.py:156} INFO - Started process (PID=84) to work on /home/airflow/.local/lib/python3.7/site-packages/airflow/example_dags/example_short_circuit_decorator.py
[2022-10-04T23:34:05.524+0000] {processor.py:758} INFO - Processing file /home/airflow/.local/lib/python3.7/site-packages/airflow/example_dags/example_short_circuit_decorator.py for tasks to queue
[2022-10-04T23:34:05.525+0000] {logging_mixin.py:117} INFO - [2022-10-04T23:34:05.524+0000] {dagbag.py:525} INFO - Filling up the DagBag from /home/airflow/.local/lib/python3.7/site-packages/airflow/example_dags/example_short_circuit_decorator.py
[2022-10-04T23:34:05.569+0000] {processor.py:768} INFO - DAG(s) dict_keys(['example_short_circuit_decorator']) retrieved from /home/airflow/.local/lib/python3.7/site-packages/airflow/example_dags/example_short_circuit_decorator.py
[2022-10-04T23:34:05.628+0000] {logging_mixin.py:117} INFO - [2022-10-04T23:34:05.628+0000] {dag.py:2573} INFO - Sync 1 DAGs
[2022-10-04T23:34:05.660+0000] {logging_mixin.py:117} INFO - [2022-10-04T23:34:05.660+0000] {dag.py:3328} INFO - Setting next_dagrun for example_short_circuit_decorator to 2022-10-03T23:34:05.660440+00:00, run_after=2022-10-04T23:34:05.660440+00:00
[2022-10-04T23:34:05.912+0000] {processor.py:178} INFO - Processing /home/airflow/.local/lib/python3.7/site-packages/airflow/example_dags/example_short_circuit_decorator.py took 0.401 seconds
[2022-10-04T23:36:31.504+0000] {processor.py:156} INFO - Started process (PID=95) to work on /home/airflow/.local/lib/python3.7/site-packages/airflow/example_dags/example_short_circuit_decorator.py
[2022-10-04T23:36:31.532+0000] {processor.py:758} INFO - Processing file /home/airflow/.local/lib/python3.7/site-packages/airflow/example_dags/example_short_circuit_decorator.py for tasks to queue
[2022-10-04T23:36:31.541+0000] {logging_mixin.py:117} INFO - [2022-10-04T23:36:31.541+0000] {dagbag.py:525} INFO - Filling up the DagBag from /home/airflow/.local/lib/python3.7/site-packages/airflow/example_dags/example_short_circuit_decorator.py
[2022-10-04T23:36:33.837+0000] {processor.py:768} INFO - DAG(s) dict_keys(['example_short_circuit_decorator']) retrieved from /home/airflow/.local/lib/python3.7/site-packages/airflow/example_dags/example_short_circuit_decorator.py
[2022-10-04T23:36:34.220+0000] {logging_mixin.py:117} INFO - [2022-10-04T23:36:34.212+0000] {dag.py:2573} INFO - Sync 1 DAGs
[2022-10-04T23:36:34.488+0000] {logging_mixin.py:117} INFO - [2022-10-04T23:36:34.487+0000] {dag.py:3328} INFO - Setting next_dagrun for example_short_circuit_decorator to 2022-10-03T23:36:34.487655+00:00, run_after=2022-10-04T23:36:34.487655+00:00
[2022-10-04T23:36:48.721+0000] {processor.py:178} INFO - Processing /home/airflow/.local/lib/python3.7/site-packages/airflow/example_dags/example_short_circuit_decorator.py took 17.229 seconds
[2022-10-04T23:42:57.867+0000] {processor.py:156} INFO - Started process (PID=103) to work on /home/airflow/.local/lib/python3.7/site-packages/airflow/example_dags/example_short_circuit_decorator.py
[2022-10-04T23:42:57.873+0000] {processor.py:758} INFO - Processing file /home/airflow/.local/lib/python3.7/site-packages/airflow/example_dags/example_short_circuit_decorator.py for tasks to queue
[2022-10-04T23:42:57.874+0000] {logging_mixin.py:117} INFO - [2022-10-04T23:42:57.874+0000] {dagbag.py:525} INFO - Filling up the DagBag from /home/airflow/.local/lib/python3.7/site-packages/airflow/example_dags/example_short_circuit_decorator.py
[2022-10-04T23:42:58.329+0000] {processor.py:768} INFO - DAG(s) dict_keys(['example_short_circuit_decorator']) retrieved from /home/airflow/.local/lib/python3.7/site-packages/airflow/example_dags/example_short_circuit_decorator.py
[2022-10-04T23:42:58.474+0000] {logging_mixin.py:117} INFO - [2022-10-04T23:42:58.474+0000] {dag.py:2573} INFO - Sync 1 DAGs
[2022-10-04T23:42:58.505+0000] {logging_mixin.py:117} INFO - [2022-10-04T23:42:58.504+0000] {dag.py:3328} INFO - Setting next_dagrun for example_short_circuit_decorator to 2022-10-03T23:42:58.504584+00:00, run_after=2022-10-04T23:42:58.504584+00:00
[2022-10-04T23:42:58.892+0000] {processor.py:178} INFO - Processing /home/airflow/.local/lib/python3.7/site-packages/airflow/example_dags/example_short_circuit_decorator.py took 1.036 seconds
[2022-10-04T23:44:55.307+0000] {processor.py:156} INFO - Started process (PID=85) to work on /home/airflow/.local/lib/python3.7/site-packages/airflow/example_dags/example_short_circuit_decorator.py
[2022-10-04T23:44:55.308+0000] {processor.py:758} INFO - Processing file /home/airflow/.local/lib/python3.7/site-packages/airflow/example_dags/example_short_circuit_decorator.py for tasks to queue
[2022-10-04T23:44:55.309+0000] {logging_mixin.py:117} INFO - [2022-10-04T23:44:55.309+0000] {dagbag.py:525} INFO - Filling up the DagBag from /home/airflow/.local/lib/python3.7/site-packages/airflow/example_dags/example_short_circuit_decorator.py
[2022-10-04T23:44:55.627+0000] {processor.py:768} INFO - DAG(s) dict_keys(['example_short_circuit_decorator']) retrieved from /home/airflow/.local/lib/python3.7/site-packages/airflow/example_dags/example_short_circuit_decorator.py
[2022-10-04T23:44:55.742+0000] {logging_mixin.py:117} INFO - [2022-10-04T23:44:55.742+0000] {dag.py:2573} INFO - Sync 1 DAGs
[2022-10-04T23:44:55.780+0000] {logging_mixin.py:117} INFO - [2022-10-04T23:44:55.780+0000] {dag.py:3328} INFO - Setting next_dagrun for example_short_circuit_decorator to 2022-10-03T23:44:55.779954+00:00, run_after=2022-10-04T23:44:55.779954+00:00
[2022-10-04T23:44:56.027+0000] {processor.py:178} INFO - Processing /home/airflow/.local/lib/python3.7/site-packages/airflow/example_dags/example_short_circuit_decorator.py took 0.725 seconds
[2022-10-04T23:46:53.139+0000] {processor.py:156} INFO - Started process (PID=83) to work on /home/airflow/.local/lib/python3.7/site-packages/airflow/example_dags/example_short_circuit_decorator.py
[2022-10-04T23:46:53.140+0000] {processor.py:758} INFO - Processing file /home/airflow/.local/lib/python3.7/site-packages/airflow/example_dags/example_short_circuit_decorator.py for tasks to queue
[2022-10-04T23:46:53.141+0000] {logging_mixin.py:117} INFO - [2022-10-04T23:46:53.141+0000] {dagbag.py:525} INFO - Filling up the DagBag from /home/airflow/.local/lib/python3.7/site-packages/airflow/example_dags/example_short_circuit_decorator.py
[2022-10-04T23:46:53.697+0000] {processor.py:768} INFO - DAG(s) dict_keys(['example_short_circuit_decorator']) retrieved from /home/airflow/.local/lib/python3.7/site-packages/airflow/example_dags/example_short_circuit_decorator.py
[2022-10-04T23:46:53.910+0000] {logging_mixin.py:117} INFO - [2022-10-04T23:46:53.909+0000] {dag.py:2573} INFO - Sync 1 DAGs
[2022-10-04T23:46:54.088+0000] {logging_mixin.py:117} INFO - [2022-10-04T23:46:54.088+0000] {dag.py:3328} INFO - Setting next_dagrun for example_short_circuit_decorator to 2022-10-03T23:46:54.088158+00:00, run_after=2022-10-04T23:46:54.088158+00:00
[2022-10-04T23:47:01.607+0000] {processor.py:178} INFO - Processing /home/airflow/.local/lib/python3.7/site-packages/airflow/example_dags/example_short_circuit_decorator.py took 8.482 seconds
[2022-10-04T23:49:07.774+0000] {processor.py:156} INFO - Started process (PID=92) to work on /home/airflow/.local/lib/python3.7/site-packages/airflow/example_dags/example_short_circuit_decorator.py
[2022-10-04T23:49:07.779+0000] {processor.py:758} INFO - Processing file /home/airflow/.local/lib/python3.7/site-packages/airflow/example_dags/example_short_circuit_decorator.py for tasks to queue
[2022-10-04T23:49:07.780+0000] {logging_mixin.py:117} INFO - [2022-10-04T23:49:07.780+0000] {dagbag.py:525} INFO - Filling up the DagBag from /home/airflow/.local/lib/python3.7/site-packages/airflow/example_dags/example_short_circuit_decorator.py
[2022-10-04T23:49:08.558+0000] {processor.py:768} INFO - DAG(s) dict_keys(['example_short_circuit_decorator']) retrieved from /home/airflow/.local/lib/python3.7/site-packages/airflow/example_dags/example_short_circuit_decorator.py
[2022-10-04T23:49:08.682+0000] {logging_mixin.py:117} INFO - [2022-10-04T23:49:08.682+0000] {dag.py:2573} INFO - Sync 1 DAGs
[2022-10-04T23:49:08.817+0000] {logging_mixin.py:117} INFO - [2022-10-04T23:49:08.817+0000] {dag.py:3328} INFO - Setting next_dagrun for example_short_circuit_decorator to 2022-10-03T23:49:08.817053+00:00, run_after=2022-10-04T23:49:08.817053+00:00
[2022-10-04T23:49:10.256+0000] {processor.py:178} INFO - Processing /home/airflow/.local/lib/python3.7/site-packages/airflow/example_dags/example_short_circuit_decorator.py took 2.497 seconds
[2022-10-04T23:51:01.943+0000] {processor.py:156} INFO - Started process (PID=82) to work on /home/airflow/.local/lib/python3.7/site-packages/airflow/example_dags/example_short_circuit_decorator.py
[2022-10-04T23:51:01.944+0000] {processor.py:758} INFO - Processing file /home/airflow/.local/lib/python3.7/site-packages/airflow/example_dags/example_short_circuit_decorator.py for tasks to queue
[2022-10-04T23:51:01.945+0000] {logging_mixin.py:117} INFO - [2022-10-04T23:51:01.945+0000] {dagbag.py:525} INFO - Filling up the DagBag from /home/airflow/.local/lib/python3.7/site-packages/airflow/example_dags/example_short_circuit_decorator.py
[2022-10-04T23:51:02.196+0000] {processor.py:768} INFO - DAG(s) dict_keys(['example_short_circuit_decorator']) retrieved from /home/airflow/.local/lib/python3.7/site-packages/airflow/example_dags/example_short_circuit_decorator.py
[2022-10-04T23:51:02.264+0000] {logging_mixin.py:117} INFO - [2022-10-04T23:51:02.264+0000] {dag.py:2573} INFO - Sync 1 DAGs
[2022-10-04T23:51:02.304+0000] {logging_mixin.py:117} INFO - [2022-10-04T23:51:02.304+0000] {dag.py:3328} INFO - Setting next_dagrun for example_short_circuit_decorator to 2022-10-03T23:51:02.303902+00:00, run_after=2022-10-04T23:51:02.303902+00:00
[2022-10-04T23:51:02.352+0000] {processor.py:178} INFO - Processing /home/airflow/.local/lib/python3.7/site-packages/airflow/example_dags/example_short_circuit_decorator.py took 0.414 seconds
[2022-10-04T23:53:02.482+0000] {processor.py:156} INFO - Started process (PID=85) to work on /home/airflow/.local/lib/python3.7/site-packages/airflow/example_dags/example_short_circuit_decorator.py
[2022-10-04T23:53:02.483+0000] {processor.py:758} INFO - Processing file /home/airflow/.local/lib/python3.7/site-packages/airflow/example_dags/example_short_circuit_decorator.py for tasks to queue
[2022-10-04T23:53:02.493+0000] {logging_mixin.py:117} INFO - [2022-10-04T23:53:02.492+0000] {dagbag.py:525} INFO - Filling up the DagBag from /home/airflow/.local/lib/python3.7/site-packages/airflow/example_dags/example_short_circuit_decorator.py
[2022-10-04T23:53:02.885+0000] {processor.py:768} INFO - DAG(s) dict_keys(['example_short_circuit_decorator']) retrieved from /home/airflow/.local/lib/python3.7/site-packages/airflow/example_dags/example_short_circuit_decorator.py
[2022-10-04T23:53:02.958+0000] {logging_mixin.py:117} INFO - [2022-10-04T23:53:02.958+0000] {dag.py:2573} INFO - Sync 1 DAGs
[2022-10-04T23:53:03.017+0000] {logging_mixin.py:117} INFO - [2022-10-04T23:53:03.017+0000] {dag.py:3328} INFO - Setting next_dagrun for example_short_circuit_decorator to 2022-10-03T23:53:03.016772+00:00, run_after=2022-10-04T23:53:03.016772+00:00
[2022-10-04T23:53:03.131+0000] {processor.py:178} INFO - Processing /home/airflow/.local/lib/python3.7/site-packages/airflow/example_dags/example_short_circuit_decorator.py took 0.663 seconds
[2022-10-04T23:55:07.652+0000] {processor.py:156} INFO - Started process (PID=83) to work on /home/airflow/.local/lib/python3.7/site-packages/airflow/example_dags/example_short_circuit_decorator.py
[2022-10-04T23:55:07.659+0000] {processor.py:758} INFO - Processing file /home/airflow/.local/lib/python3.7/site-packages/airflow/example_dags/example_short_circuit_decorator.py for tasks to queue
[2022-10-04T23:55:07.661+0000] {logging_mixin.py:117} INFO - [2022-10-04T23:55:07.661+0000] {dagbag.py:525} INFO - Filling up the DagBag from /home/airflow/.local/lib/python3.7/site-packages/airflow/example_dags/example_short_circuit_decorator.py
[2022-10-04T23:55:08.678+0000] {processor.py:768} INFO - DAG(s) dict_keys(['example_short_circuit_decorator']) retrieved from /home/airflow/.local/lib/python3.7/site-packages/airflow/example_dags/example_short_circuit_decorator.py
[2022-10-04T23:55:08.901+0000] {logging_mixin.py:117} INFO - [2022-10-04T23:55:08.901+0000] {dag.py:2573} INFO - Sync 1 DAGs
[2022-10-04T23:55:08.974+0000] {logging_mixin.py:117} INFO - [2022-10-04T23:55:08.973+0000] {dag.py:3328} INFO - Setting next_dagrun for example_short_circuit_decorator to 2022-10-03T23:55:08.973549+00:00, run_after=2022-10-04T23:55:08.973549+00:00
[2022-10-04T23:55:18.102+0000] {processor.py:178} INFO - Processing /home/airflow/.local/lib/python3.7/site-packages/airflow/example_dags/example_short_circuit_decorator.py took 10.472 seconds
[2022-10-04T23:57:17.123+0000] {processor.py:156} INFO - Started process (PID=101) to work on /home/airflow/.local/lib/python3.7/site-packages/airflow/example_dags/example_short_circuit_decorator.py
[2022-10-04T23:57:17.137+0000] {processor.py:758} INFO - Processing file /home/airflow/.local/lib/python3.7/site-packages/airflow/example_dags/example_short_circuit_decorator.py for tasks to queue
[2022-10-04T23:57:17.143+0000] {logging_mixin.py:117} INFO - [2022-10-04T23:57:17.142+0000] {dagbag.py:525} INFO - Filling up the DagBag from /home/airflow/.local/lib/python3.7/site-packages/airflow/example_dags/example_short_circuit_decorator.py
[2022-10-04T23:57:20.126+0000] {processor.py:768} INFO - DAG(s) dict_keys(['example_short_circuit_decorator']) retrieved from /home/airflow/.local/lib/python3.7/site-packages/airflow/example_dags/example_short_circuit_decorator.py
[2022-10-04T23:57:20.433+0000] {logging_mixin.py:117} INFO - [2022-10-04T23:57:20.432+0000] {dag.py:2573} INFO - Sync 1 DAGs
[2022-10-04T23:57:20.668+0000] {logging_mixin.py:117} INFO - [2022-10-04T23:57:20.616+0000] {dag.py:3328} INFO - Setting next_dagrun for example_short_circuit_decorator to 2022-10-03T23:57:20.615850+00:00, run_after=2022-10-04T23:57:20.615850+00:00
[2022-10-04T23:57:21.093+0000] {processor.py:178} INFO - Processing /home/airflow/.local/lib/python3.7/site-packages/airflow/example_dags/example_short_circuit_decorator.py took 4.008 seconds
[2022-10-04T23:59:16.408+0000] {processor.py:156} INFO - Started process (PID=94) to work on /home/airflow/.local/lib/python3.7/site-packages/airflow/example_dags/example_short_circuit_decorator.py
[2022-10-04T23:59:16.410+0000] {processor.py:758} INFO - Processing file /home/airflow/.local/lib/python3.7/site-packages/airflow/example_dags/example_short_circuit_decorator.py for tasks to queue
[2022-10-04T23:59:16.412+0000] {logging_mixin.py:117} INFO - [2022-10-04T23:59:16.412+0000] {dagbag.py:525} INFO - Filling up the DagBag from /home/airflow/.local/lib/python3.7/site-packages/airflow/example_dags/example_short_circuit_decorator.py
[2022-10-04T23:59:17.956+0000] {processor.py:768} INFO - DAG(s) dict_keys(['example_short_circuit_decorator']) retrieved from /home/airflow/.local/lib/python3.7/site-packages/airflow/example_dags/example_short_circuit_decorator.py
[2022-10-04T23:59:18.241+0000] {logging_mixin.py:117} INFO - [2022-10-04T23:59:18.241+0000] {dag.py:2573} INFO - Sync 1 DAGs
[2022-10-04T23:59:18.292+0000] {logging_mixin.py:117} INFO - [2022-10-04T23:59:18.292+0000] {dag.py:3328} INFO - Setting next_dagrun for example_short_circuit_decorator to 2022-10-03T23:59:18.292100+00:00, run_after=2022-10-04T23:59:18.292100+00:00
[2022-10-04T23:59:21.754+0000] {processor.py:178} INFO - Processing /home/airflow/.local/lib/python3.7/site-packages/airflow/example_dags/example_short_circuit_decorator.py took 5.463 seconds
