[2022-10-04T23:33:59.834+0000] {processor.py:156} INFO - Started process (PID=67) to work on /home/airflow/.local/lib/python3.7/site-packages/airflow/example_dags/tutorial.py
[2022-10-04T23:33:59.837+0000] {processor.py:758} INFO - Processing file /home/airflow/.local/lib/python3.7/site-packages/airflow/example_dags/tutorial.py for tasks to queue
[2022-10-04T23:33:59.843+0000] {logging_mixin.py:117} INFO - [2022-10-04T23:33:59.843+0000] {dagbag.py:525} INFO - Filling up the DagBag from /home/airflow/.local/lib/python3.7/site-packages/airflow/example_dags/tutorial.py
[2022-10-04T23:33:59.928+0000] {processor.py:768} INFO - DAG(s) dict_keys(['tutorial']) retrieved from /home/airflow/.local/lib/python3.7/site-packages/airflow/example_dags/tutorial.py
[2022-10-04T23:34:00.090+0000] {logging_mixin.py:117} INFO - [2022-10-04T23:34:00.090+0000] {dag.py:2573} INFO - Sync 1 DAGs
[2022-10-04T23:34:00.185+0000] {logging_mixin.py:117} INFO - [2022-10-04T23:34:00.185+0000] {dag.py:3328} INFO - Setting next_dagrun for tutorial to 2022-10-03T23:34:00.184661+00:00, run_after=2022-10-04T23:34:00.184661+00:00
[2022-10-04T23:34:00.446+0000] {processor.py:178} INFO - Processing /home/airflow/.local/lib/python3.7/site-packages/airflow/example_dags/tutorial.py took 0.643 seconds
[2022-10-04T23:34:43.367+0000] {processor.py:156} INFO - Started process (PID=121) to work on /home/airflow/.local/lib/python3.7/site-packages/airflow/example_dags/tutorial.py
[2022-10-04T23:34:43.368+0000] {processor.py:758} INFO - Processing file /home/airflow/.local/lib/python3.7/site-packages/airflow/example_dags/tutorial.py for tasks to queue
[2022-10-04T23:34:43.370+0000] {logging_mixin.py:117} INFO - [2022-10-04T23:34:43.369+0000] {dagbag.py:525} INFO - Filling up the DagBag from /home/airflow/.local/lib/python3.7/site-packages/airflow/example_dags/tutorial.py
[2022-10-04T23:34:43.461+0000] {processor.py:768} INFO - DAG(s) dict_keys(['tutorial']) retrieved from /home/airflow/.local/lib/python3.7/site-packages/airflow/example_dags/tutorial.py
[2022-10-04T23:34:43.691+0000] {logging_mixin.py:117} INFO - [2022-10-04T23:34:43.691+0000] {dag.py:2573} INFO - Sync 1 DAGs
[2022-10-04T23:34:43.823+0000] {logging_mixin.py:117} INFO - [2022-10-04T23:34:43.823+0000] {dag.py:3328} INFO - Setting next_dagrun for tutorial to 2022-10-03T23:34:43.821975+00:00, run_after=2022-10-04T23:34:43.821975+00:00
[2022-10-04T23:36:18.142+0000] {processor.py:156} INFO - Started process (PID=69) to work on /home/airflow/.local/lib/python3.7/site-packages/airflow/example_dags/tutorial.py
[2022-10-04T23:36:18.147+0000] {processor.py:758} INFO - Processing file /home/airflow/.local/lib/python3.7/site-packages/airflow/example_dags/tutorial.py for tasks to queue
[2022-10-04T23:36:18.148+0000] {logging_mixin.py:117} INFO - [2022-10-04T23:36:18.148+0000] {dagbag.py:525} INFO - Filling up the DagBag from /home/airflow/.local/lib/python3.7/site-packages/airflow/example_dags/tutorial.py
[2022-10-04T23:36:18.233+0000] {processor.py:768} INFO - DAG(s) dict_keys(['tutorial']) retrieved from /home/airflow/.local/lib/python3.7/site-packages/airflow/example_dags/tutorial.py
[2022-10-04T23:36:18.699+0000] {logging_mixin.py:117} INFO - [2022-10-04T23:36:18.699+0000] {dag.py:2573} INFO - Sync 1 DAGs
[2022-10-04T23:36:18.756+0000] {logging_mixin.py:117} INFO - [2022-10-04T23:36:18.755+0000] {dag.py:3328} INFO - Setting next_dagrun for tutorial to 2022-10-03T23:36:18.755624+00:00, run_after=2022-10-04T23:36:18.755624+00:00
[2022-10-04T23:36:18.905+0000] {processor.py:178} INFO - Processing /home/airflow/.local/lib/python3.7/site-packages/airflow/example_dags/tutorial.py took 0.772 seconds
[2022-10-04T23:38:30.070+0000] {processor.py:156} INFO - Started process (PID=67) to work on /home/airflow/.local/lib/python3.7/site-packages/airflow/example_dags/tutorial.py
[2022-10-04T23:38:30.091+0000] {processor.py:758} INFO - Processing file /home/airflow/.local/lib/python3.7/site-packages/airflow/example_dags/tutorial.py for tasks to queue
[2022-10-04T23:38:30.108+0000] {logging_mixin.py:117} INFO - [2022-10-04T23:38:30.108+0000] {dagbag.py:525} INFO - Filling up the DagBag from /home/airflow/.local/lib/python3.7/site-packages/airflow/example_dags/tutorial.py
[2022-10-04T23:38:30.385+0000] {processor.py:768} INFO - DAG(s) dict_keys(['tutorial']) retrieved from /home/airflow/.local/lib/python3.7/site-packages/airflow/example_dags/tutorial.py
[2022-10-04T23:38:31.852+0000] {logging_mixin.py:117} INFO - [2022-10-04T23:38:31.852+0000] {dag.py:2573} INFO - Sync 1 DAGs
[2022-10-04T23:38:32.029+0000] {logging_mixin.py:117} INFO - [2022-10-04T23:38:32.028+0000] {dag.py:3328} INFO - Setting next_dagrun for tutorial to 2022-10-03T23:38:32.028579+00:00, run_after=2022-10-04T23:38:32.028579+00:00
[2022-10-04T23:38:32.322+0000] {processor.py:178} INFO - Processing /home/airflow/.local/lib/python3.7/site-packages/airflow/example_dags/tutorial.py took 2.276 seconds
[2022-10-04T23:40:31.885+0000] {processor.py:156} INFO - Started process (PID=56) to work on /home/airflow/.local/lib/python3.7/site-packages/airflow/example_dags/tutorial.py
[2022-10-04T23:40:31.895+0000] {processor.py:758} INFO - Processing file /home/airflow/.local/lib/python3.7/site-packages/airflow/example_dags/tutorial.py for tasks to queue
[2022-10-04T23:40:31.897+0000] {logging_mixin.py:117} INFO - [2022-10-04T23:40:31.896+0000] {dagbag.py:525} INFO - Filling up the DagBag from /home/airflow/.local/lib/python3.7/site-packages/airflow/example_dags/tutorial.py
[2022-10-04T23:40:32.016+0000] {processor.py:768} INFO - DAG(s) dict_keys(['tutorial']) retrieved from /home/airflow/.local/lib/python3.7/site-packages/airflow/example_dags/tutorial.py
[2022-10-04T23:40:32.799+0000] {logging_mixin.py:117} INFO - [2022-10-04T23:40:32.798+0000] {dag.py:2573} INFO - Sync 1 DAGs
[2022-10-04T23:40:32.857+0000] {logging_mixin.py:117} INFO - [2022-10-04T23:40:32.856+0000] {dag.py:3328} INFO - Setting next_dagrun for tutorial to 2022-10-03T23:40:32.856695+00:00, run_after=2022-10-04T23:40:32.856695+00:00
[2022-10-04T23:40:33.001+0000] {processor.py:178} INFO - Processing /home/airflow/.local/lib/python3.7/site-packages/airflow/example_dags/tutorial.py took 1.130 seconds
[2022-10-04T23:42:06.524+0000] {processor.py:156} INFO - Started process (PID=65) to work on /home/airflow/.local/lib/python3.7/site-packages/airflow/example_dags/tutorial.py
[2022-10-04T23:42:06.541+0000] {processor.py:758} INFO - Processing file /home/airflow/.local/lib/python3.7/site-packages/airflow/example_dags/tutorial.py for tasks to queue
[2022-10-04T23:42:06.552+0000] {logging_mixin.py:117} INFO - [2022-10-04T23:42:06.548+0000] {dagbag.py:525} INFO - Filling up the DagBag from /home/airflow/.local/lib/python3.7/site-packages/airflow/example_dags/tutorial.py
[2022-10-04T23:42:08.100+0000] {processor.py:768} INFO - DAG(s) dict_keys(['tutorial']) retrieved from /home/airflow/.local/lib/python3.7/site-packages/airflow/example_dags/tutorial.py
[2022-10-04T23:42:13.516+0000] {logging_mixin.py:117} INFO - [2022-10-04T23:42:13.508+0000] {dag.py:2573} INFO - Sync 1 DAGs
[2022-10-04T23:42:13.714+0000] {logging_mixin.py:117} INFO - [2022-10-04T23:42:13.714+0000] {dag.py:3328} INFO - Setting next_dagrun for tutorial to 2022-10-03T23:42:13.672599+00:00, run_after=2022-10-04T23:42:13.672599+00:00
[2022-10-04T23:42:14.676+0000] {processor.py:178} INFO - Processing /home/airflow/.local/lib/python3.7/site-packages/airflow/example_dags/tutorial.py took 8.204 seconds
[2022-10-04T23:44:49.206+0000] {processor.py:156} INFO - Started process (PID=68) to work on /home/airflow/.local/lib/python3.7/site-packages/airflow/example_dags/tutorial.py
[2022-10-04T23:44:49.207+0000] {processor.py:758} INFO - Processing file /home/airflow/.local/lib/python3.7/site-packages/airflow/example_dags/tutorial.py for tasks to queue
[2022-10-04T23:44:49.208+0000] {logging_mixin.py:117} INFO - [2022-10-04T23:44:49.208+0000] {dagbag.py:525} INFO - Filling up the DagBag from /home/airflow/.local/lib/python3.7/site-packages/airflow/example_dags/tutorial.py
[2022-10-04T23:44:49.228+0000] {processor.py:768} INFO - DAG(s) dict_keys(['tutorial']) retrieved from /home/airflow/.local/lib/python3.7/site-packages/airflow/example_dags/tutorial.py
[2022-10-04T23:44:49.423+0000] {logging_mixin.py:117} INFO - [2022-10-04T23:44:49.422+0000] {dag.py:2573} INFO - Sync 1 DAGs
[2022-10-04T23:44:49.449+0000] {logging_mixin.py:117} INFO - [2022-10-04T23:44:49.449+0000] {dag.py:3328} INFO - Setting next_dagrun for tutorial to 2022-10-03T23:44:49.449426+00:00, run_after=2022-10-04T23:44:49.449426+00:00
[2022-10-04T23:44:49.607+0000] {processor.py:178} INFO - Processing /home/airflow/.local/lib/python3.7/site-packages/airflow/example_dags/tutorial.py took 0.405 seconds
[2022-10-04T23:46:33.201+0000] {processor.py:156} INFO - Started process (PID=57) to work on /home/airflow/.local/lib/python3.7/site-packages/airflow/example_dags/tutorial.py
[2022-10-04T23:46:33.210+0000] {processor.py:758} INFO - Processing file /home/airflow/.local/lib/python3.7/site-packages/airflow/example_dags/tutorial.py for tasks to queue
[2022-10-04T23:46:33.240+0000] {logging_mixin.py:117} INFO - [2022-10-04T23:46:33.240+0000] {dagbag.py:525} INFO - Filling up the DagBag from /home/airflow/.local/lib/python3.7/site-packages/airflow/example_dags/tutorial.py
[2022-10-04T23:46:33.570+0000] {processor.py:768} INFO - DAG(s) dict_keys(['tutorial']) retrieved from /home/airflow/.local/lib/python3.7/site-packages/airflow/example_dags/tutorial.py
[2022-10-04T23:46:35.560+0000] {logging_mixin.py:117} INFO - [2022-10-04T23:46:35.560+0000] {dag.py:2573} INFO - Sync 1 DAGs
[2022-10-04T23:46:35.763+0000] {logging_mixin.py:117} INFO - [2022-10-04T23:46:35.762+0000] {dag.py:3328} INFO - Setting next_dagrun for tutorial to 2022-10-03T23:46:35.762566+00:00, run_after=2022-10-04T23:46:35.762566+00:00
[2022-10-04T23:46:36.748+0000] {processor.py:178} INFO - Processing /home/airflow/.local/lib/python3.7/site-packages/airflow/example_dags/tutorial.py took 3.600 seconds
[2022-10-04T23:48:47.063+0000] {processor.py:156} INFO - Started process (PID=65) to work on /home/airflow/.local/lib/python3.7/site-packages/airflow/example_dags/tutorial.py
[2022-10-04T23:48:47.070+0000] {processor.py:758} INFO - Processing file /home/airflow/.local/lib/python3.7/site-packages/airflow/example_dags/tutorial.py for tasks to queue
[2022-10-04T23:48:47.072+0000] {logging_mixin.py:117} INFO - [2022-10-04T23:48:47.072+0000] {dagbag.py:525} INFO - Filling up the DagBag from /home/airflow/.local/lib/python3.7/site-packages/airflow/example_dags/tutorial.py
[2022-10-04T23:48:47.151+0000] {processor.py:768} INFO - DAG(s) dict_keys(['tutorial']) retrieved from /home/airflow/.local/lib/python3.7/site-packages/airflow/example_dags/tutorial.py
[2022-10-04T23:48:47.924+0000] {logging_mixin.py:117} INFO - [2022-10-04T23:48:47.924+0000] {dag.py:2573} INFO - Sync 1 DAGs
[2022-10-04T23:48:47.807+0000] {logging_mixin.py:117} INFO - [2022-10-04T23:48:47.807+0000] {dag.py:3328} INFO - Setting next_dagrun for tutorial to 2022-10-03T23:48:47.807500+00:00, run_after=2022-10-04T23:48:47.807500+00:00
[2022-10-04T23:48:47.905+0000] {processor.py:178} INFO - Processing /home/airflow/.local/lib/python3.7/site-packages/airflow/example_dags/tutorial.py took 1.053 seconds
[2022-10-04T23:50:31.624+0000] {processor.py:156} INFO - Started process (PID=56) to work on /home/airflow/.local/lib/python3.7/site-packages/airflow/example_dags/tutorial.py
[2022-10-04T23:50:31.634+0000] {processor.py:758} INFO - Processing file /home/airflow/.local/lib/python3.7/site-packages/airflow/example_dags/tutorial.py for tasks to queue
[2022-10-04T23:50:31.638+0000] {logging_mixin.py:117} INFO - [2022-10-04T23:50:31.637+0000] {dagbag.py:525} INFO - Filling up the DagBag from /home/airflow/.local/lib/python3.7/site-packages/airflow/example_dags/tutorial.py
[2022-10-04T23:50:31.838+0000] {processor.py:768} INFO - DAG(s) dict_keys(['tutorial']) retrieved from /home/airflow/.local/lib/python3.7/site-packages/airflow/example_dags/tutorial.py
[2022-10-04T23:50:34.392+0000] {logging_mixin.py:117} INFO - [2022-10-04T23:50:34.392+0000] {dag.py:2573} INFO - Sync 1 DAGs
[2022-10-04T23:50:34.605+0000] {logging_mixin.py:117} INFO - [2022-10-04T23:50:34.604+0000] {dag.py:3328} INFO - Setting next_dagrun for tutorial to 2022-10-03T23:50:34.602590+00:00, run_after=2022-10-04T23:50:34.602590+00:00
[2022-10-04T23:50:34.893+0000] {processor.py:178} INFO - Processing /home/airflow/.local/lib/python3.7/site-packages/airflow/example_dags/tutorial.py took 3.288 seconds
[2022-10-04T23:52:41.267+0000] {processor.py:156} INFO - Started process (PID=59) to work on /home/airflow/.local/lib/python3.7/site-packages/airflow/example_dags/tutorial.py
[2022-10-04T23:52:41.328+0000] {processor.py:758} INFO - Processing file /home/airflow/.local/lib/python3.7/site-packages/airflow/example_dags/tutorial.py for tasks to queue
[2022-10-04T23:52:41.339+0000] {logging_mixin.py:117} INFO - [2022-10-04T23:52:41.338+0000] {dagbag.py:525} INFO - Filling up the DagBag from /home/airflow/.local/lib/python3.7/site-packages/airflow/example_dags/tutorial.py
[2022-10-04T23:52:42.021+0000] {processor.py:768} INFO - DAG(s) dict_keys(['tutorial']) retrieved from /home/airflow/.local/lib/python3.7/site-packages/airflow/example_dags/tutorial.py
[2022-10-04T23:52:46.042+0000] {logging_mixin.py:117} INFO - [2022-10-04T23:52:46.039+0000] {dag.py:2573} INFO - Sync 1 DAGs
[2022-10-04T23:52:46.195+0000] {logging_mixin.py:117} INFO - [2022-10-04T23:52:46.195+0000] {dag.py:3328} INFO - Setting next_dagrun for tutorial to 2022-10-03T23:52:46.195557+00:00, run_after=2022-10-04T23:52:46.195557+00:00
[2022-10-04T23:52:46.372+0000] {processor.py:178} INFO - Processing /home/airflow/.local/lib/python3.7/site-packages/airflow/example_dags/tutorial.py took 5.135 seconds
[2022-10-04T23:54:48.996+0000] {processor.py:156} INFO - Started process (PID=57) to work on /home/airflow/.local/lib/python3.7/site-packages/airflow/example_dags/tutorial.py
[2022-10-04T23:54:49.005+0000] {processor.py:758} INFO - Processing file /home/airflow/.local/lib/python3.7/site-packages/airflow/example_dags/tutorial.py for tasks to queue
[2022-10-04T23:54:49.009+0000] {logging_mixin.py:117} INFO - [2022-10-04T23:54:49.009+0000] {dagbag.py:525} INFO - Filling up the DagBag from /home/airflow/.local/lib/python3.7/site-packages/airflow/example_dags/tutorial.py
[2022-10-04T23:54:49.260+0000] {processor.py:768} INFO - DAG(s) dict_keys(['tutorial']) retrieved from /home/airflow/.local/lib/python3.7/site-packages/airflow/example_dags/tutorial.py
[2022-10-04T23:54:50.808+0000] {logging_mixin.py:117} INFO - [2022-10-04T23:54:50.807+0000] {dag.py:2573} INFO - Sync 1 DAGs
[2022-10-04T23:54:50.888+0000] {logging_mixin.py:117} INFO - [2022-10-04T23:54:50.888+0000] {dag.py:3328} INFO - Setting next_dagrun for tutorial to 2022-10-03T23:54:50.888099+00:00, run_after=2022-10-04T23:54:50.888099+00:00
[2022-10-04T23:54:51.154+0000] {processor.py:178} INFO - Processing /home/airflow/.local/lib/python3.7/site-packages/airflow/example_dags/tutorial.py took 2.178 seconds
[2022-10-04T23:56:55.560+0000] {processor.py:156} INFO - Started process (PID=68) to work on /home/airflow/.local/lib/python3.7/site-packages/airflow/example_dags/tutorial.py
[2022-10-04T23:56:55.571+0000] {processor.py:758} INFO - Processing file /home/airflow/.local/lib/python3.7/site-packages/airflow/example_dags/tutorial.py for tasks to queue
[2022-10-04T23:56:55.582+0000] {logging_mixin.py:117} INFO - [2022-10-04T23:56:55.581+0000] {dagbag.py:525} INFO - Filling up the DagBag from /home/airflow/.local/lib/python3.7/site-packages/airflow/example_dags/tutorial.py
[2022-10-04T23:56:56.037+0000] {processor.py:768} INFO - DAG(s) dict_keys(['tutorial']) retrieved from /home/airflow/.local/lib/python3.7/site-packages/airflow/example_dags/tutorial.py
[2022-10-04T23:56:59.526+0000] {logging_mixin.py:117} INFO - [2022-10-04T23:56:59.525+0000] {dag.py:2573} INFO - Sync 1 DAGs
[2022-10-04T23:56:59.919+0000] {logging_mixin.py:117} INFO - [2022-10-04T23:56:59.919+0000] {dag.py:3328} INFO - Setting next_dagrun for tutorial to 2022-10-03T23:56:59.919214+00:00, run_after=2022-10-04T23:56:59.919214+00:00
[2022-10-04T23:57:03.993+0000] {processor.py:178} INFO - Processing /home/airflow/.local/lib/python3.7/site-packages/airflow/example_dags/tutorial.py took 8.449 seconds
[2022-10-04T23:58:53.685+0000] {processor.py:156} INFO - Started process (PID=68) to work on /home/airflow/.local/lib/python3.7/site-packages/airflow/example_dags/tutorial.py
[2022-10-04T23:58:53.694+0000] {processor.py:758} INFO - Processing file /home/airflow/.local/lib/python3.7/site-packages/airflow/example_dags/tutorial.py for tasks to queue
[2022-10-04T23:58:53.707+0000] {logging_mixin.py:117} INFO - [2022-10-04T23:58:53.698+0000] {dagbag.py:525} INFO - Filling up the DagBag from /home/airflow/.local/lib/python3.7/site-packages/airflow/example_dags/tutorial.py
[2022-10-04T23:58:53.813+0000] {processor.py:768} INFO - DAG(s) dict_keys(['tutorial']) retrieved from /home/airflow/.local/lib/python3.7/site-packages/airflow/example_dags/tutorial.py
[2022-10-04T23:58:54.435+0000] {logging_mixin.py:117} INFO - [2022-10-04T23:58:54.435+0000] {dag.py:2573} INFO - Sync 1 DAGs
[2022-10-04T23:58:54.537+0000] {logging_mixin.py:117} INFO - [2022-10-04T23:58:54.536+0000] {dag.py:3328} INFO - Setting next_dagrun for tutorial to 2022-10-03T23:58:54.536367+00:00, run_after=2022-10-04T23:58:54.536367+00:00
[2022-10-04T23:58:54.783+0000] {processor.py:178} INFO - Processing /home/airflow/.local/lib/python3.7/site-packages/airflow/example_dags/tutorial.py took 1.112 seconds
