[2022-10-05T00:00:52.832+0000] {processor.py:156} INFO - Started process (PID=67) to work on /home/airflow/.local/lib/python3.7/site-packages/airflow/example_dags/example_branch_operator.py
[2022-10-05T00:00:52.836+0000] {processor.py:758} INFO - Processing file /home/airflow/.local/lib/python3.7/site-packages/airflow/example_dags/example_branch_operator.py for tasks to queue
[2022-10-05T00:00:52.838+0000] {logging_mixin.py:117} INFO - [2022-10-05T00:00:52.837+0000] {dagbag.py:525} INFO - Filling up the DagBag from /home/airflow/.local/lib/python3.7/site-packages/airflow/example_dags/example_branch_operator.py
[2022-10-05T00:00:52.907+0000] {processor.py:768} INFO - DAG(s) dict_keys(['example_branch_operator']) retrieved from /home/airflow/.local/lib/python3.7/site-packages/airflow/example_dags/example_branch_operator.py
[2022-10-05T00:00:54.083+0000] {logging_mixin.py:117} INFO - [2022-10-05T00:00:54.083+0000] {dag.py:2573} INFO - Sync 1 DAGs
[2022-10-05T00:00:54.263+0000] {logging_mixin.py:117} INFO - [2022-10-05T00:00:54.263+0000] {dag.py:3328} INFO - Setting next_dagrun for example_branch_operator to 2022-10-04T00:00:00+00:00, run_after=2022-10-05T00:00:00+00:00
[2022-10-05T00:00:54.484+0000] {processor.py:178} INFO - Processing /home/airflow/.local/lib/python3.7/site-packages/airflow/example_dags/example_branch_operator.py took 1.661 seconds
[2022-10-05T00:02:56.467+0000] {processor.py:156} INFO - Started process (PID=76) to work on /home/airflow/.local/lib/python3.7/site-packages/airflow/example_dags/example_branch_operator.py
[2022-10-05T00:02:56.469+0000] {processor.py:758} INFO - Processing file /home/airflow/.local/lib/python3.7/site-packages/airflow/example_dags/example_branch_operator.py for tasks to queue
[2022-10-05T00:02:56.474+0000] {logging_mixin.py:117} INFO - [2022-10-05T00:02:56.473+0000] {dagbag.py:525} INFO - Filling up the DagBag from /home/airflow/.local/lib/python3.7/site-packages/airflow/example_dags/example_branch_operator.py
[2022-10-05T00:02:56.686+0000] {processor.py:768} INFO - DAG(s) dict_keys(['example_branch_operator']) retrieved from /home/airflow/.local/lib/python3.7/site-packages/airflow/example_dags/example_branch_operator.py
[2022-10-05T00:02:57.950+0000] {logging_mixin.py:117} INFO - [2022-10-05T00:02:57.949+0000] {dag.py:2573} INFO - Sync 1 DAGs
[2022-10-05T00:02:58.135+0000] {logging_mixin.py:117} INFO - [2022-10-05T00:02:58.135+0000] {dag.py:3328} INFO - Setting next_dagrun for example_branch_operator to 2022-10-04T00:00:00+00:00, run_after=2022-10-05T00:00:00+00:00
[2022-10-05T00:02:58.357+0000] {processor.py:178} INFO - Processing /home/airflow/.local/lib/python3.7/site-packages/airflow/example_dags/example_branch_operator.py took 1.912 seconds
[2022-10-05T00:04:57.000+0000] {processor.py:156} INFO - Started process (PID=75) to work on /home/airflow/.local/lib/python3.7/site-packages/airflow/example_dags/example_branch_operator.py
[2022-10-05T00:04:57.007+0000] {processor.py:758} INFO - Processing file /home/airflow/.local/lib/python3.7/site-packages/airflow/example_dags/example_branch_operator.py for tasks to queue
[2022-10-05T00:04:57.011+0000] {logging_mixin.py:117} INFO - [2022-10-05T00:04:57.008+0000] {dagbag.py:525} INFO - Filling up the DagBag from /home/airflow/.local/lib/python3.7/site-packages/airflow/example_dags/example_branch_operator.py
[2022-10-05T00:04:57.070+0000] {processor.py:768} INFO - DAG(s) dict_keys(['example_branch_operator']) retrieved from /home/airflow/.local/lib/python3.7/site-packages/airflow/example_dags/example_branch_operator.py
[2022-10-05T00:04:58.226+0000] {logging_mixin.py:117} INFO - [2022-10-05T00:04:58.226+0000] {dag.py:2573} INFO - Sync 1 DAGs
[2022-10-05T00:04:58.375+0000] {logging_mixin.py:117} INFO - [2022-10-05T00:04:58.375+0000] {dag.py:3328} INFO - Setting next_dagrun for example_branch_operator to 2022-10-04T00:00:00+00:00, run_after=2022-10-05T00:00:00+00:00
[2022-10-05T00:04:58.584+0000] {processor.py:178} INFO - Processing /home/airflow/.local/lib/python3.7/site-packages/airflow/example_dags/example_branch_operator.py took 1.600 seconds
[2022-10-05T00:07:02.551+0000] {processor.py:156} INFO - Started process (PID=76) to work on /home/airflow/.local/lib/python3.7/site-packages/airflow/example_dags/example_branch_operator.py
[2022-10-05T00:07:02.566+0000] {processor.py:758} INFO - Processing file /home/airflow/.local/lib/python3.7/site-packages/airflow/example_dags/example_branch_operator.py for tasks to queue
[2022-10-05T00:07:02.575+0000] {logging_mixin.py:117} INFO - [2022-10-05T00:07:02.574+0000] {dagbag.py:525} INFO - Filling up the DagBag from /home/airflow/.local/lib/python3.7/site-packages/airflow/example_dags/example_branch_operator.py
[2022-10-05T00:07:02.640+0000] {processor.py:768} INFO - DAG(s) dict_keys(['example_branch_operator']) retrieved from /home/airflow/.local/lib/python3.7/site-packages/airflow/example_dags/example_branch_operator.py
[2022-10-05T00:07:03.625+0000] {logging_mixin.py:117} INFO - [2022-10-05T00:07:03.625+0000] {dag.py:2573} INFO - Sync 1 DAGs
[2022-10-05T00:07:03.750+0000] {logging_mixin.py:117} INFO - [2022-10-05T00:07:03.750+0000] {dag.py:3328} INFO - Setting next_dagrun for example_branch_operator to 2022-10-04T00:00:00+00:00, run_after=2022-10-05T00:00:00+00:00
[2022-10-05T00:07:03.957+0000] {processor.py:178} INFO - Processing /home/airflow/.local/lib/python3.7/site-packages/airflow/example_dags/example_branch_operator.py took 1.426 seconds
[2022-10-05T00:08:57.711+0000] {processor.py:156} INFO - Started process (PID=76) to work on /home/airflow/.local/lib/python3.7/site-packages/airflow/example_dags/example_branch_operator.py
[2022-10-05T00:08:57.712+0000] {processor.py:758} INFO - Processing file /home/airflow/.local/lib/python3.7/site-packages/airflow/example_dags/example_branch_operator.py for tasks to queue
[2022-10-05T00:08:57.713+0000] {logging_mixin.py:117} INFO - [2022-10-05T00:08:57.713+0000] {dagbag.py:525} INFO - Filling up the DagBag from /home/airflow/.local/lib/python3.7/site-packages/airflow/example_dags/example_branch_operator.py
[2022-10-05T00:08:57.741+0000] {processor.py:768} INFO - DAG(s) dict_keys(['example_branch_operator']) retrieved from /home/airflow/.local/lib/python3.7/site-packages/airflow/example_dags/example_branch_operator.py
[2022-10-05T00:08:57.955+0000] {logging_mixin.py:117} INFO - [2022-10-05T00:08:57.955+0000] {dag.py:2573} INFO - Sync 1 DAGs
[2022-10-05T00:08:58.006+0000] {logging_mixin.py:117} INFO - [2022-10-05T00:08:58.006+0000] {dag.py:3328} INFO - Setting next_dagrun for example_branch_operator to 2022-10-04T00:00:00+00:00, run_after=2022-10-05T00:00:00+00:00
[2022-10-05T00:08:58.082+0000] {processor.py:178} INFO - Processing /home/airflow/.local/lib/python3.7/site-packages/airflow/example_dags/example_branch_operator.py took 0.376 seconds
[2022-10-05T00:11:00.613+0000] {processor.py:156} INFO - Started process (PID=84) to work on /home/airflow/.local/lib/python3.7/site-packages/airflow/example_dags/example_branch_operator.py
[2022-10-05T00:11:00.617+0000] {processor.py:758} INFO - Processing file /home/airflow/.local/lib/python3.7/site-packages/airflow/example_dags/example_branch_operator.py for tasks to queue
[2022-10-05T00:11:00.619+0000] {logging_mixin.py:117} INFO - [2022-10-05T00:11:00.619+0000] {dagbag.py:525} INFO - Filling up the DagBag from /home/airflow/.local/lib/python3.7/site-packages/airflow/example_dags/example_branch_operator.py
[2022-10-05T00:11:00.685+0000] {processor.py:768} INFO - DAG(s) dict_keys(['example_branch_operator']) retrieved from /home/airflow/.local/lib/python3.7/site-packages/airflow/example_dags/example_branch_operator.py
[2022-10-05T00:11:01.881+0000] {logging_mixin.py:117} INFO - [2022-10-05T00:11:01.881+0000] {dag.py:2573} INFO - Sync 1 DAGs
[2022-10-05T00:11:02.101+0000] {logging_mixin.py:117} INFO - [2022-10-05T00:11:02.100+0000] {dag.py:3328} INFO - Setting next_dagrun for example_branch_operator to 2022-10-04T00:00:00+00:00, run_after=2022-10-05T00:00:00+00:00
[2022-10-05T00:11:02.396+0000] {processor.py:178} INFO - Processing /home/airflow/.local/lib/python3.7/site-packages/airflow/example_dags/example_branch_operator.py took 1.797 seconds
[2022-10-05T00:13:25.575+0000] {processor.py:156} INFO - Started process (PID=85) to work on /home/airflow/.local/lib/python3.7/site-packages/airflow/example_dags/example_branch_operator.py
[2022-10-05T00:13:25.580+0000] {processor.py:758} INFO - Processing file /home/airflow/.local/lib/python3.7/site-packages/airflow/example_dags/example_branch_operator.py for tasks to queue
[2022-10-05T00:13:25.587+0000] {logging_mixin.py:117} INFO - [2022-10-05T00:13:25.587+0000] {dagbag.py:525} INFO - Filling up the DagBag from /home/airflow/.local/lib/python3.7/site-packages/airflow/example_dags/example_branch_operator.py
[2022-10-05T00:13:25.750+0000] {processor.py:768} INFO - DAG(s) dict_keys(['example_branch_operator']) retrieved from /home/airflow/.local/lib/python3.7/site-packages/airflow/example_dags/example_branch_operator.py
[2022-10-05T00:13:26.800+0000] {logging_mixin.py:117} INFO - [2022-10-05T00:13:26.799+0000] {dag.py:2573} INFO - Sync 1 DAGs
[2022-10-05T00:13:26.949+0000] {logging_mixin.py:117} INFO - [2022-10-05T00:13:26.949+0000] {dag.py:3328} INFO - Setting next_dagrun for example_branch_operator to 2022-10-04T00:00:00+00:00, run_after=2022-10-05T00:00:00+00:00
[2022-10-05T00:13:27.102+0000] {processor.py:178} INFO - Processing /home/airflow/.local/lib/python3.7/site-packages/airflow/example_dags/example_branch_operator.py took 1.550 seconds
[2022-10-05T00:15:56.875+0000] {processor.py:156} INFO - Started process (PID=92) to work on /home/airflow/.local/lib/python3.7/site-packages/airflow/example_dags/example_branch_operator.py
[2022-10-05T00:15:56.881+0000] {processor.py:758} INFO - Processing file /home/airflow/.local/lib/python3.7/site-packages/airflow/example_dags/example_branch_operator.py for tasks to queue
[2022-10-05T00:15:56.889+0000] {logging_mixin.py:117} INFO - [2022-10-05T00:15:56.888+0000] {dagbag.py:525} INFO - Filling up the DagBag from /home/airflow/.local/lib/python3.7/site-packages/airflow/example_dags/example_branch_operator.py
[2022-10-05T00:15:57.218+0000] {processor.py:768} INFO - DAG(s) dict_keys(['example_branch_operator']) retrieved from /home/airflow/.local/lib/python3.7/site-packages/airflow/example_dags/example_branch_operator.py
[2022-10-05T00:15:58.886+0000] {logging_mixin.py:117} INFO - [2022-10-05T00:15:58.885+0000] {dag.py:2573} INFO - Sync 1 DAGs
[2022-10-05T00:15:59.126+0000] {logging_mixin.py:117} INFO - [2022-10-05T00:15:59.126+0000] {dag.py:3328} INFO - Setting next_dagrun for example_branch_operator to 2022-10-04T00:00:00+00:00, run_after=2022-10-05T00:00:00+00:00
[2022-10-05T00:15:59.919+0000] {processor.py:178} INFO - Processing /home/airflow/.local/lib/python3.7/site-packages/airflow/example_dags/example_branch_operator.py took 3.073 seconds
[2022-10-05T00:17:50.116+0000] {processor.py:156} INFO - Started process (PID=85) to work on /home/airflow/.local/lib/python3.7/site-packages/airflow/example_dags/example_branch_operator.py
[2022-10-05T00:17:50.120+0000] {processor.py:758} INFO - Processing file /home/airflow/.local/lib/python3.7/site-packages/airflow/example_dags/example_branch_operator.py for tasks to queue
[2022-10-05T00:17:50.126+0000] {logging_mixin.py:117} INFO - [2022-10-05T00:17:50.125+0000] {dagbag.py:525} INFO - Filling up the DagBag from /home/airflow/.local/lib/python3.7/site-packages/airflow/example_dags/example_branch_operator.py
[2022-10-05T00:17:50.365+0000] {processor.py:768} INFO - DAG(s) dict_keys(['example_branch_operator']) retrieved from /home/airflow/.local/lib/python3.7/site-packages/airflow/example_dags/example_branch_operator.py
[2022-10-05T00:17:51.476+0000] {logging_mixin.py:117} INFO - [2022-10-05T00:17:51.476+0000] {dag.py:2573} INFO - Sync 1 DAGs
[2022-10-05T00:17:51.565+0000] {logging_mixin.py:117} INFO - [2022-10-05T00:17:51.565+0000] {dag.py:3328} INFO - Setting next_dagrun for example_branch_operator to 2022-10-04T00:00:00+00:00, run_after=2022-10-05T00:00:00+00:00
[2022-10-05T00:17:51.680+0000] {processor.py:178} INFO - Processing /home/airflow/.local/lib/python3.7/site-packages/airflow/example_dags/example_branch_operator.py took 1.582 seconds
[2022-10-05T00:19:48.524+0000] {processor.py:156} INFO - Started process (PID=84) to work on /home/airflow/.local/lib/python3.7/site-packages/airflow/example_dags/example_branch_operator.py
[2022-10-05T00:19:48.530+0000] {processor.py:758} INFO - Processing file /home/airflow/.local/lib/python3.7/site-packages/airflow/example_dags/example_branch_operator.py for tasks to queue
[2022-10-05T00:19:48.532+0000] {logging_mixin.py:117} INFO - [2022-10-05T00:19:48.532+0000] {dagbag.py:525} INFO - Filling up the DagBag from /home/airflow/.local/lib/python3.7/site-packages/airflow/example_dags/example_branch_operator.py
[2022-10-05T00:19:48.706+0000] {processor.py:768} INFO - DAG(s) dict_keys(['example_branch_operator']) retrieved from /home/airflow/.local/lib/python3.7/site-packages/airflow/example_dags/example_branch_operator.py
[2022-10-05T00:19:49.547+0000] {logging_mixin.py:117} INFO - [2022-10-05T00:19:49.547+0000] {dag.py:2573} INFO - Sync 1 DAGs
[2022-10-05T00:19:49.667+0000] {logging_mixin.py:117} INFO - [2022-10-05T00:19:49.667+0000] {dag.py:3328} INFO - Setting next_dagrun for example_branch_operator to 2022-10-04T00:00:00+00:00, run_after=2022-10-05T00:00:00+00:00
[2022-10-05T00:19:49.791+0000] {processor.py:178} INFO - Processing /home/airflow/.local/lib/python3.7/site-packages/airflow/example_dags/example_branch_operator.py took 1.286 seconds
[2022-10-05T00:21:42.042+0000] {processor.py:156} INFO - Started process (PID=85) to work on /home/airflow/.local/lib/python3.7/site-packages/airflow/example_dags/example_branch_operator.py
[2022-10-05T00:21:42.045+0000] {processor.py:758} INFO - Processing file /home/airflow/.local/lib/python3.7/site-packages/airflow/example_dags/example_branch_operator.py for tasks to queue
[2022-10-05T00:21:42.047+0000] {logging_mixin.py:117} INFO - [2022-10-05T00:21:42.047+0000] {dagbag.py:525} INFO - Filling up the DagBag from /home/airflow/.local/lib/python3.7/site-packages/airflow/example_dags/example_branch_operator.py
[2022-10-05T00:21:42.105+0000] {processor.py:768} INFO - DAG(s) dict_keys(['example_branch_operator']) retrieved from /home/airflow/.local/lib/python3.7/site-packages/airflow/example_dags/example_branch_operator.py
[2022-10-05T00:21:42.445+0000] {logging_mixin.py:117} INFO - [2022-10-05T00:21:42.445+0000] {dag.py:2573} INFO - Sync 1 DAGs
[2022-10-05T00:21:42.544+0000] {logging_mixin.py:117} INFO - [2022-10-05T00:21:42.542+0000] {dag.py:3328} INFO - Setting next_dagrun for example_branch_operator to 2022-10-04T00:00:00+00:00, run_after=2022-10-05T00:00:00+00:00
[2022-10-05T00:21:42.619+0000] {processor.py:178} INFO - Processing /home/airflow/.local/lib/python3.7/site-packages/airflow/example_dags/example_branch_operator.py took 0.584 seconds
[2022-10-05T00:23:50.296+0000] {processor.py:156} INFO - Started process (PID=86) to work on /home/airflow/.local/lib/python3.7/site-packages/airflow/example_dags/example_branch_operator.py
[2022-10-05T00:23:50.304+0000] {processor.py:758} INFO - Processing file /home/airflow/.local/lib/python3.7/site-packages/airflow/example_dags/example_branch_operator.py for tasks to queue
[2022-10-05T00:23:50.309+0000] {logging_mixin.py:117} INFO - [2022-10-05T00:23:50.309+0000] {dagbag.py:525} INFO - Filling up the DagBag from /home/airflow/.local/lib/python3.7/site-packages/airflow/example_dags/example_branch_operator.py
[2022-10-05T00:23:50.533+0000] {processor.py:768} INFO - DAG(s) dict_keys(['example_branch_operator']) retrieved from /home/airflow/.local/lib/python3.7/site-packages/airflow/example_dags/example_branch_operator.py
[2022-10-05T00:23:51.861+0000] {logging_mixin.py:117} INFO - [2022-10-05T00:23:51.861+0000] {dag.py:2573} INFO - Sync 1 DAGs
[2022-10-05T00:23:52.072+0000] {logging_mixin.py:117} INFO - [2022-10-05T00:23:52.072+0000] {dag.py:3328} INFO - Setting next_dagrun for example_branch_operator to 2022-10-04T00:00:00+00:00, run_after=2022-10-05T00:00:00+00:00
[2022-10-05T00:23:52.410+0000] {processor.py:178} INFO - Processing /home/airflow/.local/lib/python3.7/site-packages/airflow/example_dags/example_branch_operator.py took 2.142 seconds
[2022-10-05T00:25:37.179+0000] {processor.py:156} INFO - Started process (PID=81) to work on /home/airflow/.local/lib/python3.7/site-packages/airflow/example_dags/example_branch_operator.py
[2022-10-05T00:25:37.185+0000] {processor.py:758} INFO - Processing file /home/airflow/.local/lib/python3.7/site-packages/airflow/example_dags/example_branch_operator.py for tasks to queue
[2022-10-05T00:25:37.199+0000] {logging_mixin.py:117} INFO - [2022-10-05T00:25:37.199+0000] {dagbag.py:525} INFO - Filling up the DagBag from /home/airflow/.local/lib/python3.7/site-packages/airflow/example_dags/example_branch_operator.py
[2022-10-05T00:25:38.210+0000] {processor.py:768} INFO - DAG(s) dict_keys(['example_branch_operator']) retrieved from /home/airflow/.local/lib/python3.7/site-packages/airflow/example_dags/example_branch_operator.py
[2022-10-05T00:25:41.246+0000] {logging_mixin.py:117} INFO - [2022-10-05T00:25:41.246+0000] {dag.py:2573} INFO - Sync 1 DAGs
[2022-10-05T00:25:41.404+0000] {logging_mixin.py:117} INFO - [2022-10-05T00:25:41.404+0000] {dag.py:3328} INFO - Setting next_dagrun for example_branch_operator to 2022-10-04T00:00:00+00:00, run_after=2022-10-05T00:00:00+00:00
[2022-10-05T00:25:42.211+0000] {processor.py:178} INFO - Processing /home/airflow/.local/lib/python3.7/site-packages/airflow/example_dags/example_branch_operator.py took 5.072 seconds
[2022-10-05T00:28:42.978+0000] {processor.py:156} INFO - Started process (PID=101) to work on /home/airflow/.local/lib/python3.7/site-packages/airflow/example_dags/example_branch_operator.py
[2022-10-05T00:28:42.990+0000] {processor.py:758} INFO - Processing file /home/airflow/.local/lib/python3.7/site-packages/airflow/example_dags/example_branch_operator.py for tasks to queue
[2022-10-05T00:28:42.997+0000] {logging_mixin.py:117} INFO - [2022-10-05T00:28:42.997+0000] {dagbag.py:525} INFO - Filling up the DagBag from /home/airflow/.local/lib/python3.7/site-packages/airflow/example_dags/example_branch_operator.py
[2022-10-05T00:28:43.317+0000] {processor.py:768} INFO - DAG(s) dict_keys(['example_branch_operator']) retrieved from /home/airflow/.local/lib/python3.7/site-packages/airflow/example_dags/example_branch_operator.py
[2022-10-05T00:28:45.436+0000] {logging_mixin.py:117} INFO - [2022-10-05T00:28:45.436+0000] {dag.py:2573} INFO - Sync 1 DAGs
[2022-10-05T00:28:45.703+0000] {logging_mixin.py:117} INFO - [2022-10-05T00:28:45.703+0000] {dag.py:3328} INFO - Setting next_dagrun for example_branch_operator to 2022-10-04T00:00:00+00:00, run_after=2022-10-05T00:00:00+00:00
[2022-10-05T00:28:45.889+0000] {processor.py:178} INFO - Processing /home/airflow/.local/lib/python3.7/site-packages/airflow/example_dags/example_branch_operator.py took 2.943 seconds
[2022-10-05T00:30:41.101+0000] {processor.py:156} INFO - Started process (PID=85) to work on /home/airflow/.local/lib/python3.7/site-packages/airflow/example_dags/example_branch_operator.py
[2022-10-05T00:30:41.102+0000] {processor.py:758} INFO - Processing file /home/airflow/.local/lib/python3.7/site-packages/airflow/example_dags/example_branch_operator.py for tasks to queue
[2022-10-05T00:30:41.113+0000] {logging_mixin.py:117} INFO - [2022-10-05T00:30:41.113+0000] {dagbag.py:525} INFO - Filling up the DagBag from /home/airflow/.local/lib/python3.7/site-packages/airflow/example_dags/example_branch_operator.py
[2022-10-05T00:30:43.438+0000] {processor.py:768} INFO - DAG(s) dict_keys(['example_branch_operator']) retrieved from /home/airflow/.local/lib/python3.7/site-packages/airflow/example_dags/example_branch_operator.py
[2022-10-05T00:30:49.970+0000] {logging_mixin.py:117} INFO - [2022-10-05T00:30:49.955+0000] {dag.py:2573} INFO - Sync 1 DAGs
[2022-10-05T00:30:50.238+0000] {logging_mixin.py:117} INFO - [2022-10-05T00:30:50.238+0000] {dag.py:3328} INFO - Setting next_dagrun for example_branch_operator to 2022-10-04T00:00:00+00:00, run_after=2022-10-05T00:00:00+00:00
[2022-10-05T00:30:50.542+0000] {processor.py:178} INFO - Processing /home/airflow/.local/lib/python3.7/site-packages/airflow/example_dags/example_branch_operator.py took 9.484 seconds
[2022-10-05T00:33:24.241+0000] {processor.py:156} INFO - Started process (PID=85) to work on /home/airflow/.local/lib/python3.7/site-packages/airflow/example_dags/example_branch_operator.py
[2022-10-05T00:33:24.252+0000] {processor.py:758} INFO - Processing file /home/airflow/.local/lib/python3.7/site-packages/airflow/example_dags/example_branch_operator.py for tasks to queue
[2022-10-05T00:33:24.256+0000] {logging_mixin.py:117} INFO - [2022-10-05T00:33:24.256+0000] {dagbag.py:525} INFO - Filling up the DagBag from /home/airflow/.local/lib/python3.7/site-packages/airflow/example_dags/example_branch_operator.py
[2022-10-05T00:33:24.414+0000] {processor.py:768} INFO - DAG(s) dict_keys(['example_branch_operator']) retrieved from /home/airflow/.local/lib/python3.7/site-packages/airflow/example_dags/example_branch_operator.py
[2022-10-05T00:33:25.581+0000] {logging_mixin.py:117} INFO - [2022-10-05T00:33:25.580+0000] {dag.py:2573} INFO - Sync 1 DAGs
[2022-10-05T00:33:25.728+0000] {logging_mixin.py:117} INFO - [2022-10-05T00:33:25.727+0000] {dag.py:3328} INFO - Setting next_dagrun for example_branch_operator to 2022-10-04T00:00:00+00:00, run_after=2022-10-05T00:00:00+00:00
[2022-10-05T00:33:25.864+0000] {processor.py:178} INFO - Processing /home/airflow/.local/lib/python3.7/site-packages/airflow/example_dags/example_branch_operator.py took 1.638 seconds
[2022-10-05T00:35:26.398+0000] {processor.py:156} INFO - Started process (PID=84) to work on /home/airflow/.local/lib/python3.7/site-packages/airflow/example_dags/example_branch_operator.py
[2022-10-05T00:35:26.421+0000] {processor.py:758} INFO - Processing file /home/airflow/.local/lib/python3.7/site-packages/airflow/example_dags/example_branch_operator.py for tasks to queue
[2022-10-05T00:35:26.434+0000] {logging_mixin.py:117} INFO - [2022-10-05T00:35:26.434+0000] {dagbag.py:525} INFO - Filling up the DagBag from /home/airflow/.local/lib/python3.7/site-packages/airflow/example_dags/example_branch_operator.py
[2022-10-05T00:35:26.651+0000] {processor.py:768} INFO - DAG(s) dict_keys(['example_branch_operator']) retrieved from /home/airflow/.local/lib/python3.7/site-packages/airflow/example_dags/example_branch_operator.py
[2022-10-05T00:35:28.532+0000] {logging_mixin.py:117} INFO - [2022-10-05T00:35:28.532+0000] {dag.py:2573} INFO - Sync 1 DAGs
[2022-10-05T00:35:28.833+0000] {logging_mixin.py:117} INFO - [2022-10-05T00:35:28.833+0000] {dag.py:3328} INFO - Setting next_dagrun for example_branch_operator to 2022-10-04T00:00:00+00:00, run_after=2022-10-05T00:00:00+00:00
[2022-10-05T00:35:29.117+0000] {processor.py:178} INFO - Processing /home/airflow/.local/lib/python3.7/site-packages/airflow/example_dags/example_branch_operator.py took 2.738 seconds
[2022-10-05T00:37:26.855+0000] {processor.py:156} INFO - Started process (PID=85) to work on /home/airflow/.local/lib/python3.7/site-packages/airflow/example_dags/example_branch_operator.py
[2022-10-05T00:37:26.872+0000] {processor.py:758} INFO - Processing file /home/airflow/.local/lib/python3.7/site-packages/airflow/example_dags/example_branch_operator.py for tasks to queue
[2022-10-05T00:37:26.881+0000] {logging_mixin.py:117} INFO - [2022-10-05T00:37:26.880+0000] {dagbag.py:525} INFO - Filling up the DagBag from /home/airflow/.local/lib/python3.7/site-packages/airflow/example_dags/example_branch_operator.py
[2022-10-05T00:37:27.027+0000] {processor.py:768} INFO - DAG(s) dict_keys(['example_branch_operator']) retrieved from /home/airflow/.local/lib/python3.7/site-packages/airflow/example_dags/example_branch_operator.py
[2022-10-05T00:37:28.312+0000] {logging_mixin.py:117} INFO - [2022-10-05T00:37:28.312+0000] {dag.py:2573} INFO - Sync 1 DAGs
[2022-10-05T00:37:28.483+0000] {logging_mixin.py:117} INFO - [2022-10-05T00:37:28.479+0000] {dag.py:3328} INFO - Setting next_dagrun for example_branch_operator to 2022-10-04T00:00:00+00:00, run_after=2022-10-05T00:00:00+00:00
[2022-10-05T00:37:28.636+0000] {processor.py:178} INFO - Processing /home/airflow/.local/lib/python3.7/site-packages/airflow/example_dags/example_branch_operator.py took 1.815 seconds
[2022-10-05T00:39:28.755+0000] {processor.py:156} INFO - Started process (PID=85) to work on /home/airflow/.local/lib/python3.7/site-packages/airflow/example_dags/example_branch_operator.py
[2022-10-05T00:39:28.777+0000] {processor.py:758} INFO - Processing file /home/airflow/.local/lib/python3.7/site-packages/airflow/example_dags/example_branch_operator.py for tasks to queue
[2022-10-05T00:39:28.798+0000] {logging_mixin.py:117} INFO - [2022-10-05T00:39:28.798+0000] {dagbag.py:525} INFO - Filling up the DagBag from /home/airflow/.local/lib/python3.7/site-packages/airflow/example_dags/example_branch_operator.py
[2022-10-05T00:39:29.208+0000] {processor.py:768} INFO - DAG(s) dict_keys(['example_branch_operator']) retrieved from /home/airflow/.local/lib/python3.7/site-packages/airflow/example_dags/example_branch_operator.py
[2022-10-05T00:39:35.425+0000] {logging_mixin.py:117} INFO - [2022-10-05T00:39:35.405+0000] {dag.py:2573} INFO - Sync 1 DAGs
[2022-10-05T00:39:35.740+0000] {logging_mixin.py:117} INFO - [2022-10-05T00:39:35.740+0000] {dag.py:3328} INFO - Setting next_dagrun for example_branch_operator to 2022-10-04T00:00:00+00:00, run_after=2022-10-05T00:00:00+00:00
[2022-10-05T00:39:37.680+0000] {processor.py:178} INFO - Processing /home/airflow/.local/lib/python3.7/site-packages/airflow/example_dags/example_branch_operator.py took 8.959 seconds
[2022-10-05T00:41:54.236+0000] {processor.py:156} INFO - Started process (PID=86) to work on /home/airflow/.local/lib/python3.7/site-packages/airflow/example_dags/example_branch_operator.py
[2022-10-05T00:41:54.241+0000] {processor.py:758} INFO - Processing file /home/airflow/.local/lib/python3.7/site-packages/airflow/example_dags/example_branch_operator.py for tasks to queue
[2022-10-05T00:41:54.249+0000] {logging_mixin.py:117} INFO - [2022-10-05T00:41:54.247+0000] {dagbag.py:525} INFO - Filling up the DagBag from /home/airflow/.local/lib/python3.7/site-packages/airflow/example_dags/example_branch_operator.py
[2022-10-05T00:41:54.424+0000] {processor.py:768} INFO - DAG(s) dict_keys(['example_branch_operator']) retrieved from /home/airflow/.local/lib/python3.7/site-packages/airflow/example_dags/example_branch_operator.py
[2022-10-05T00:41:55.976+0000] {logging_mixin.py:117} INFO - [2022-10-05T00:41:55.976+0000] {dag.py:2573} INFO - Sync 1 DAGs
[2022-10-05T00:41:56.123+0000] {logging_mixin.py:117} INFO - [2022-10-05T00:41:56.123+0000] {dag.py:3328} INFO - Setting next_dagrun for example_branch_operator to 2022-10-04T00:00:00+00:00, run_after=2022-10-05T00:00:00+00:00
[2022-10-05T00:41:56.290+0000] {processor.py:178} INFO - Processing /home/airflow/.local/lib/python3.7/site-packages/airflow/example_dags/example_branch_operator.py took 2.081 seconds
[2022-10-05T00:44:05.742+0000] {processor.py:156} INFO - Started process (PID=87) to work on /home/airflow/.local/lib/python3.7/site-packages/airflow/example_dags/example_branch_operator.py
[2022-10-05T00:44:05.745+0000] {processor.py:758} INFO - Processing file /home/airflow/.local/lib/python3.7/site-packages/airflow/example_dags/example_branch_operator.py for tasks to queue
[2022-10-05T00:44:05.753+0000] {logging_mixin.py:117} INFO - [2022-10-05T00:44:05.753+0000] {dagbag.py:525} INFO - Filling up the DagBag from /home/airflow/.local/lib/python3.7/site-packages/airflow/example_dags/example_branch_operator.py
[2022-10-05T00:44:05.926+0000] {processor.py:768} INFO - DAG(s) dict_keys(['example_branch_operator']) retrieved from /home/airflow/.local/lib/python3.7/site-packages/airflow/example_dags/example_branch_operator.py
[2022-10-05T00:44:07.578+0000] {logging_mixin.py:117} INFO - [2022-10-05T00:44:07.578+0000] {dag.py:2573} INFO - Sync 1 DAGs
[2022-10-05T00:44:07.854+0000] {logging_mixin.py:117} INFO - [2022-10-05T00:44:07.854+0000] {dag.py:3328} INFO - Setting next_dagrun for example_branch_operator to 2022-10-04T00:00:00+00:00, run_after=2022-10-05T00:00:00+00:00
[2022-10-05T00:44:08.157+0000] {processor.py:178} INFO - Processing /home/airflow/.local/lib/python3.7/site-packages/airflow/example_dags/example_branch_operator.py took 2.446 seconds
[2022-10-05T00:47:22.017+0000] {processor.py:156} INFO - Started process (PID=105) to work on /home/airflow/.local/lib/python3.7/site-packages/airflow/example_dags/example_branch_operator.py
[2022-10-05T00:47:22.024+0000] {processor.py:758} INFO - Processing file /home/airflow/.local/lib/python3.7/site-packages/airflow/example_dags/example_branch_operator.py for tasks to queue
[2022-10-05T00:47:22.040+0000] {logging_mixin.py:117} INFO - [2022-10-05T00:47:22.039+0000] {dagbag.py:525} INFO - Filling up the DagBag from /home/airflow/.local/lib/python3.7/site-packages/airflow/example_dags/example_branch_operator.py
[2022-10-05T00:47:24.473+0000] {processor.py:768} INFO - DAG(s) dict_keys(['example_branch_operator']) retrieved from /home/airflow/.local/lib/python3.7/site-packages/airflow/example_dags/example_branch_operator.py
[2022-10-05T00:47:24.970+0000] {logging_mixin.py:117} INFO - [2022-10-05T00:47:24.969+0000] {dag.py:2573} INFO - Sync 1 DAGs
[2022-10-05T00:47:25.227+0000] {logging_mixin.py:117} INFO - [2022-10-05T00:47:25.226+0000] {dag.py:3328} INFO - Setting next_dagrun for example_branch_operator to 2022-10-04T00:00:00+00:00, run_after=2022-10-05T00:00:00+00:00
[2022-10-05T00:47:25.383+0000] {processor.py:178} INFO - Processing /home/airflow/.local/lib/python3.7/site-packages/airflow/example_dags/example_branch_operator.py took 3.456 seconds
[2022-10-05T00:49:56.307+0000] {processor.py:156} INFO - Started process (PID=95) to work on /home/airflow/.local/lib/python3.7/site-packages/airflow/example_dags/example_branch_operator.py
[2022-10-05T00:49:56.308+0000] {processor.py:758} INFO - Processing file /home/airflow/.local/lib/python3.7/site-packages/airflow/example_dags/example_branch_operator.py for tasks to queue
[2022-10-05T00:49:56.310+0000] {logging_mixin.py:117} INFO - [2022-10-05T00:49:56.310+0000] {dagbag.py:525} INFO - Filling up the DagBag from /home/airflow/.local/lib/python3.7/site-packages/airflow/example_dags/example_branch_operator.py
[2022-10-05T00:49:56.411+0000] {processor.py:768} INFO - DAG(s) dict_keys(['example_branch_operator']) retrieved from /home/airflow/.local/lib/python3.7/site-packages/airflow/example_dags/example_branch_operator.py
[2022-10-05T00:49:56.967+0000] {logging_mixin.py:117} INFO - [2022-10-05T00:49:56.966+0000] {dag.py:2573} INFO - Sync 1 DAGs
[2022-10-05T00:49:57.012+0000] {logging_mixin.py:117} INFO - [2022-10-05T00:49:57.011+0000] {dag.py:3328} INFO - Setting next_dagrun for example_branch_operator to 2022-10-04T00:00:00+00:00, run_after=2022-10-05T00:00:00+00:00
[2022-10-05T00:50:07.562+0000] {processor.py:178} INFO - Processing /home/airflow/.local/lib/python3.7/site-packages/airflow/example_dags/example_branch_operator.py took 11.265 seconds
[2022-10-05T00:52:20.934+0000] {processor.py:156} INFO - Started process (PID=94) to work on /home/airflow/.local/lib/python3.7/site-packages/airflow/example_dags/example_branch_operator.py
[2022-10-05T00:52:20.936+0000] {processor.py:758} INFO - Processing file /home/airflow/.local/lib/python3.7/site-packages/airflow/example_dags/example_branch_operator.py for tasks to queue
[2022-10-05T00:52:20.939+0000] {logging_mixin.py:117} INFO - [2022-10-05T00:52:20.938+0000] {dagbag.py:525} INFO - Filling up the DagBag from /home/airflow/.local/lib/python3.7/site-packages/airflow/example_dags/example_branch_operator.py
[2022-10-05T00:52:21.022+0000] {processor.py:768} INFO - DAG(s) dict_keys(['example_branch_operator']) retrieved from /home/airflow/.local/lib/python3.7/site-packages/airflow/example_dags/example_branch_operator.py
[2022-10-05T00:52:21.620+0000] {logging_mixin.py:117} INFO - [2022-10-05T00:52:21.620+0000] {dag.py:2573} INFO - Sync 1 DAGs
[2022-10-05T00:52:21.697+0000] {logging_mixin.py:117} INFO - [2022-10-05T00:52:21.697+0000] {dag.py:3328} INFO - Setting next_dagrun for example_branch_operator to 2022-10-04T00:00:00+00:00, run_after=2022-10-05T00:00:00+00:00
[2022-10-05T00:52:21.878+0000] {processor.py:178} INFO - Processing /home/airflow/.local/lib/python3.7/site-packages/airflow/example_dags/example_branch_operator.py took 0.962 seconds
[2022-10-05T00:54:34.090+0000] {processor.py:156} INFO - Started process (PID=69) to work on /home/airflow/.local/lib/python3.7/site-packages/airflow/example_dags/example_branch_operator.py
[2022-10-05T00:54:34.100+0000] {processor.py:758} INFO - Processing file /home/airflow/.local/lib/python3.7/site-packages/airflow/example_dags/example_branch_operator.py for tasks to queue
[2022-10-05T00:54:34.102+0000] {logging_mixin.py:117} INFO - [2022-10-05T00:54:34.101+0000] {dagbag.py:525} INFO - Filling up the DagBag from /home/airflow/.local/lib/python3.7/site-packages/airflow/example_dags/example_branch_operator.py
[2022-10-05T00:54:34.178+0000] {processor.py:768} INFO - DAG(s) dict_keys(['example_branch_operator']) retrieved from /home/airflow/.local/lib/python3.7/site-packages/airflow/example_dags/example_branch_operator.py
[2022-10-05T00:54:34.494+0000] {logging_mixin.py:117} INFO - [2022-10-05T00:54:34.494+0000] {dag.py:2573} INFO - Sync 1 DAGs
[2022-10-05T00:54:34.563+0000] {logging_mixin.py:117} INFO - [2022-10-05T00:54:34.563+0000] {dag.py:3328} INFO - Setting next_dagrun for example_branch_operator to 2022-10-04T00:00:00+00:00, run_after=2022-10-05T00:00:00+00:00
[2022-10-05T00:54:34.958+0000] {processor.py:178} INFO - Processing /home/airflow/.local/lib/python3.7/site-packages/airflow/example_dags/example_branch_operator.py took 0.874 seconds
[2022-10-05T00:56:38.355+0000] {processor.py:156} INFO - Started process (PID=87) to work on /home/airflow/.local/lib/python3.7/site-packages/airflow/example_dags/example_branch_operator.py
[2022-10-05T00:56:38.360+0000] {processor.py:758} INFO - Processing file /home/airflow/.local/lib/python3.7/site-packages/airflow/example_dags/example_branch_operator.py for tasks to queue
[2022-10-05T00:56:38.361+0000] {logging_mixin.py:117} INFO - [2022-10-05T00:56:38.361+0000] {dagbag.py:525} INFO - Filling up the DagBag from /home/airflow/.local/lib/python3.7/site-packages/airflow/example_dags/example_branch_operator.py
[2022-10-05T00:56:38.446+0000] {processor.py:768} INFO - DAG(s) dict_keys(['example_branch_operator']) retrieved from /home/airflow/.local/lib/python3.7/site-packages/airflow/example_dags/example_branch_operator.py
[2022-10-05T00:56:39.093+0000] {logging_mixin.py:117} INFO - [2022-10-05T00:56:39.092+0000] {dag.py:2573} INFO - Sync 1 DAGs
[2022-10-05T00:56:39.194+0000] {logging_mixin.py:117} INFO - [2022-10-05T00:56:39.193+0000] {dag.py:3328} INFO - Setting next_dagrun for example_branch_operator to 2022-10-04T00:00:00+00:00, run_after=2022-10-05T00:00:00+00:00
[2022-10-05T00:56:39.385+0000] {processor.py:178} INFO - Processing /home/airflow/.local/lib/python3.7/site-packages/airflow/example_dags/example_branch_operator.py took 1.070 seconds
