[2022-10-05T00:00:59.572+0000] {processor.py:156} INFO - Started process (PID=82) to work on /home/airflow/.local/lib/python3.7/site-packages/airflow/example_dags/example_task_group_decorator.py
[2022-10-05T00:00:59.579+0000] {processor.py:758} INFO - Processing file /home/airflow/.local/lib/python3.7/site-packages/airflow/example_dags/example_task_group_decorator.py for tasks to queue
[2022-10-05T00:00:59.587+0000] {logging_mixin.py:117} INFO - [2022-10-05T00:00:59.587+0000] {dagbag.py:525} INFO - Filling up the DagBag from /home/airflow/.local/lib/python3.7/site-packages/airflow/example_dags/example_task_group_decorator.py
[2022-10-05T00:01:00.964+0000] {processor.py:768} INFO - DAG(s) dict_keys(['example_task_group_decorator']) retrieved from /home/airflow/.local/lib/python3.7/site-packages/airflow/example_dags/example_task_group_decorator.py
[2022-10-05T00:01:01.220+0000] {logging_mixin.py:117} INFO - [2022-10-05T00:01:01.219+0000] {dag.py:2573} INFO - Sync 1 DAGs
[2022-10-05T00:01:01.401+0000] {logging_mixin.py:117} INFO - [2022-10-05T00:01:01.401+0000] {dag.py:3328} INFO - Setting next_dagrun for example_task_group_decorator to 2022-10-04T00:01:01.401337+00:00, run_after=2022-10-05T00:01:01.401337+00:00
[2022-10-05T00:01:03.486+0000] {processor.py:178} INFO - Processing /home/airflow/.local/lib/python3.7/site-packages/airflow/example_dags/example_task_group_decorator.py took 3.935 seconds
[2022-10-05T00:03:13.117+0000] {processor.py:156} INFO - Started process (PID=82) to work on /home/airflow/.local/lib/python3.7/site-packages/airflow/example_dags/example_task_group_decorator.py
[2022-10-05T00:03:13.118+0000] {processor.py:758} INFO - Processing file /home/airflow/.local/lib/python3.7/site-packages/airflow/example_dags/example_task_group_decorator.py for tasks to queue
[2022-10-05T00:03:13.120+0000] {logging_mixin.py:117} INFO - [2022-10-05T00:03:13.120+0000] {dagbag.py:525} INFO - Filling up the DagBag from /home/airflow/.local/lib/python3.7/site-packages/airflow/example_dags/example_task_group_decorator.py
[2022-10-05T00:03:13.603+0000] {processor.py:768} INFO - DAG(s) dict_keys(['example_task_group_decorator']) retrieved from /home/airflow/.local/lib/python3.7/site-packages/airflow/example_dags/example_task_group_decorator.py
[2022-10-05T00:03:13.691+0000] {logging_mixin.py:117} INFO - [2022-10-05T00:03:13.691+0000] {dag.py:2573} INFO - Sync 1 DAGs
[2022-10-05T00:03:13.724+0000] {logging_mixin.py:117} INFO - [2022-10-05T00:03:13.723+0000] {dag.py:3328} INFO - Setting next_dagrun for example_task_group_decorator to 2022-10-04T00:03:13.723512+00:00, run_after=2022-10-05T00:03:13.723512+00:00
[2022-10-05T00:03:13.879+0000] {processor.py:178} INFO - Processing /home/airflow/.local/lib/python3.7/site-packages/airflow/example_dags/example_task_group_decorator.py took 0.770 seconds
[2022-10-05T00:05:01.434+0000] {processor.py:156} INFO - Started process (PID=81) to work on /home/airflow/.local/lib/python3.7/site-packages/airflow/example_dags/example_task_group_decorator.py
[2022-10-05T00:05:01.443+0000] {processor.py:758} INFO - Processing file /home/airflow/.local/lib/python3.7/site-packages/airflow/example_dags/example_task_group_decorator.py for tasks to queue
[2022-10-05T00:05:01.444+0000] {logging_mixin.py:117} INFO - [2022-10-05T00:05:01.444+0000] {dagbag.py:525} INFO - Filling up the DagBag from /home/airflow/.local/lib/python3.7/site-packages/airflow/example_dags/example_task_group_decorator.py
[2022-10-05T00:05:02.165+0000] {processor.py:768} INFO - DAG(s) dict_keys(['example_task_group_decorator']) retrieved from /home/airflow/.local/lib/python3.7/site-packages/airflow/example_dags/example_task_group_decorator.py
[2022-10-05T00:05:02.306+0000] {logging_mixin.py:117} INFO - [2022-10-05T00:05:02.306+0000] {dag.py:2573} INFO - Sync 1 DAGs
[2022-10-05T00:05:02.364+0000] {logging_mixin.py:117} INFO - [2022-10-05T00:05:02.364+0000] {dag.py:3328} INFO - Setting next_dagrun for example_task_group_decorator to 2022-10-04T00:05:02.364513+00:00, run_after=2022-10-05T00:05:02.364513+00:00
[2022-10-05T00:05:05.280+0000] {processor.py:178} INFO - Processing /home/airflow/.local/lib/python3.7/site-packages/airflow/example_dags/example_task_group_decorator.py took 3.863 seconds
[2022-10-05T00:07:08.783+0000] {processor.py:156} INFO - Started process (PID=83) to work on /home/airflow/.local/lib/python3.7/site-packages/airflow/example_dags/example_task_group_decorator.py
[2022-10-05T00:07:08.788+0000] {processor.py:758} INFO - Processing file /home/airflow/.local/lib/python3.7/site-packages/airflow/example_dags/example_task_group_decorator.py for tasks to queue
[2022-10-05T00:07:08.797+0000] {logging_mixin.py:117} INFO - [2022-10-05T00:07:08.797+0000] {dagbag.py:525} INFO - Filling up the DagBag from /home/airflow/.local/lib/python3.7/site-packages/airflow/example_dags/example_task_group_decorator.py
[2022-10-05T00:07:09.926+0000] {processor.py:768} INFO - DAG(s) dict_keys(['example_task_group_decorator']) retrieved from /home/airflow/.local/lib/python3.7/site-packages/airflow/example_dags/example_task_group_decorator.py
[2022-10-05T00:07:10.246+0000] {logging_mixin.py:117} INFO - [2022-10-05T00:07:10.246+0000] {dag.py:2573} INFO - Sync 1 DAGs
[2022-10-05T00:07:10.512+0000] {logging_mixin.py:117} INFO - [2022-10-05T00:07:10.511+0000] {dag.py:3328} INFO - Setting next_dagrun for example_task_group_decorator to 2022-10-04T00:07:10.511520+00:00, run_after=2022-10-05T00:07:10.511520+00:00
[2022-10-05T00:07:10.658+0000] {processor.py:178} INFO - Processing /home/airflow/.local/lib/python3.7/site-packages/airflow/example_dags/example_task_group_decorator.py took 1.902 seconds
[2022-10-05T00:09:00.169+0000] {processor.py:156} INFO - Started process (PID=82) to work on /home/airflow/.local/lib/python3.7/site-packages/airflow/example_dags/example_task_group_decorator.py
[2022-10-05T00:09:00.171+0000] {processor.py:758} INFO - Processing file /home/airflow/.local/lib/python3.7/site-packages/airflow/example_dags/example_task_group_decorator.py for tasks to queue
[2022-10-05T00:09:00.172+0000] {logging_mixin.py:117} INFO - [2022-10-05T00:09:00.171+0000] {dagbag.py:525} INFO - Filling up the DagBag from /home/airflow/.local/lib/python3.7/site-packages/airflow/example_dags/example_task_group_decorator.py
[2022-10-05T00:09:00.531+0000] {processor.py:768} INFO - DAG(s) dict_keys(['example_task_group_decorator']) retrieved from /home/airflow/.local/lib/python3.7/site-packages/airflow/example_dags/example_task_group_decorator.py
[2022-10-05T00:09:00.707+0000] {logging_mixin.py:117} INFO - [2022-10-05T00:09:00.707+0000] {dag.py:2573} INFO - Sync 1 DAGs
[2022-10-05T00:09:00.811+0000] {logging_mixin.py:117} INFO - [2022-10-05T00:09:00.811+0000] {dag.py:3328} INFO - Setting next_dagrun for example_task_group_decorator to 2022-10-04T00:09:00.810893+00:00, run_after=2022-10-05T00:09:00.810893+00:00
[2022-10-05T00:09:00.965+0000] {processor.py:178} INFO - Processing /home/airflow/.local/lib/python3.7/site-packages/airflow/example_dags/example_task_group_decorator.py took 0.801 seconds
[2022-10-05T00:11:13.199+0000] {processor.py:156} INFO - Started process (PID=98) to work on /home/airflow/.local/lib/python3.7/site-packages/airflow/example_dags/example_task_group_decorator.py
[2022-10-05T00:11:13.212+0000] {processor.py:758} INFO - Processing file /home/airflow/.local/lib/python3.7/site-packages/airflow/example_dags/example_task_group_decorator.py for tasks to queue
[2022-10-05T00:11:13.219+0000] {logging_mixin.py:117} INFO - [2022-10-05T00:11:13.219+0000] {dagbag.py:525} INFO - Filling up the DagBag from /home/airflow/.local/lib/python3.7/site-packages/airflow/example_dags/example_task_group_decorator.py
[2022-10-05T00:11:14.580+0000] {processor.py:768} INFO - DAG(s) dict_keys(['example_task_group_decorator']) retrieved from /home/airflow/.local/lib/python3.7/site-packages/airflow/example_dags/example_task_group_decorator.py
[2022-10-05T00:11:14.894+0000] {logging_mixin.py:117} INFO - [2022-10-05T00:11:14.889+0000] {dag.py:2573} INFO - Sync 1 DAGs
[2022-10-05T00:11:15.173+0000] {logging_mixin.py:117} INFO - [2022-10-05T00:11:15.173+0000] {dag.py:3328} INFO - Setting next_dagrun for example_task_group_decorator to 2022-10-04T00:11:15.173131+00:00, run_after=2022-10-05T00:11:15.173131+00:00
[2022-10-05T00:11:18.675+0000] {processor.py:178} INFO - Processing /home/airflow/.local/lib/python3.7/site-packages/airflow/example_dags/example_task_group_decorator.py took 5.501 seconds
[2022-10-05T00:13:34.578+0000] {processor.py:156} INFO - Started process (PID=99) to work on /home/airflow/.local/lib/python3.7/site-packages/airflow/example_dags/example_task_group_decorator.py
[2022-10-05T00:13:34.580+0000] {processor.py:758} INFO - Processing file /home/airflow/.local/lib/python3.7/site-packages/airflow/example_dags/example_task_group_decorator.py for tasks to queue
[2022-10-05T00:13:34.627+0000] {logging_mixin.py:117} INFO - [2022-10-05T00:13:34.627+0000] {dagbag.py:525} INFO - Filling up the DagBag from /home/airflow/.local/lib/python3.7/site-packages/airflow/example_dags/example_task_group_decorator.py
[2022-10-05T00:13:36.134+0000] {processor.py:768} INFO - DAG(s) dict_keys(['example_task_group_decorator']) retrieved from /home/airflow/.local/lib/python3.7/site-packages/airflow/example_dags/example_task_group_decorator.py
[2022-10-05T00:13:36.496+0000] {logging_mixin.py:117} INFO - [2022-10-05T00:13:36.495+0000] {dag.py:2573} INFO - Sync 1 DAGs
[2022-10-05T00:13:36.606+0000] {logging_mixin.py:117} INFO - [2022-10-05T00:13:36.606+0000] {dag.py:3328} INFO - Setting next_dagrun for example_task_group_decorator to 2022-10-04T00:13:36.606153+00:00, run_after=2022-10-05T00:13:36.606153+00:00
[2022-10-05T00:13:36.847+0000] {processor.py:178} INFO - Processing /home/airflow/.local/lib/python3.7/site-packages/airflow/example_dags/example_task_group_decorator.py took 2.310 seconds
[2022-10-05T00:16:06.269+0000] {processor.py:156} INFO - Started process (PID=100) to work on /home/airflow/.local/lib/python3.7/site-packages/airflow/example_dags/example_task_group_decorator.py
[2022-10-05T00:16:06.275+0000] {processor.py:758} INFO - Processing file /home/airflow/.local/lib/python3.7/site-packages/airflow/example_dags/example_task_group_decorator.py for tasks to queue
[2022-10-05T00:16:06.284+0000] {logging_mixin.py:117} INFO - [2022-10-05T00:16:06.284+0000] {dagbag.py:525} INFO - Filling up the DagBag from /home/airflow/.local/lib/python3.7/site-packages/airflow/example_dags/example_task_group_decorator.py
[2022-10-05T00:16:07.367+0000] {processor.py:768} INFO - DAG(s) dict_keys(['example_task_group_decorator']) retrieved from /home/airflow/.local/lib/python3.7/site-packages/airflow/example_dags/example_task_group_decorator.py
[2022-10-05T00:16:07.633+0000] {logging_mixin.py:117} INFO - [2022-10-05T00:16:07.632+0000] {dag.py:2573} INFO - Sync 1 DAGs
[2022-10-05T00:16:07.672+0000] {logging_mixin.py:117} INFO - [2022-10-05T00:16:07.671+0000] {dag.py:3328} INFO - Setting next_dagrun for example_task_group_decorator to 2022-10-04T00:16:07.671455+00:00, run_after=2022-10-05T00:16:07.671455+00:00
[2022-10-05T00:16:08.237+0000] {processor.py:178} INFO - Processing /home/airflow/.local/lib/python3.7/site-packages/airflow/example_dags/example_task_group_decorator.py took 1.990 seconds
[2022-10-05T00:17:57.465+0000] {processor.py:156} INFO - Started process (PID=92) to work on /home/airflow/.local/lib/python3.7/site-packages/airflow/example_dags/example_task_group_decorator.py
[2022-10-05T00:17:57.471+0000] {processor.py:758} INFO - Processing file /home/airflow/.local/lib/python3.7/site-packages/airflow/example_dags/example_task_group_decorator.py for tasks to queue
[2022-10-05T00:17:57.476+0000] {logging_mixin.py:117} INFO - [2022-10-05T00:17:57.476+0000] {dagbag.py:525} INFO - Filling up the DagBag from /home/airflow/.local/lib/python3.7/site-packages/airflow/example_dags/example_task_group_decorator.py
[2022-10-05T00:17:58.638+0000] {processor.py:768} INFO - DAG(s) dict_keys(['example_task_group_decorator']) retrieved from /home/airflow/.local/lib/python3.7/site-packages/airflow/example_dags/example_task_group_decorator.py
[2022-10-05T00:17:58.875+0000] {logging_mixin.py:117} INFO - [2022-10-05T00:17:58.874+0000] {dag.py:2573} INFO - Sync 1 DAGs
[2022-10-05T00:17:59.041+0000] {logging_mixin.py:117} INFO - [2022-10-05T00:17:59.041+0000] {dag.py:3328} INFO - Setting next_dagrun for example_task_group_decorator to 2022-10-04T00:17:59.040823+00:00, run_after=2022-10-05T00:17:59.040823+00:00
[2022-10-05T00:17:59.378+0000] {processor.py:178} INFO - Processing /home/airflow/.local/lib/python3.7/site-packages/airflow/example_dags/example_task_group_decorator.py took 1.942 seconds
[2022-10-05T00:19:52.763+0000] {processor.py:156} INFO - Started process (PID=90) to work on /home/airflow/.local/lib/python3.7/site-packages/airflow/example_dags/example_task_group_decorator.py
[2022-10-05T00:19:52.767+0000] {processor.py:758} INFO - Processing file /home/airflow/.local/lib/python3.7/site-packages/airflow/example_dags/example_task_group_decorator.py for tasks to queue
[2022-10-05T00:19:52.770+0000] {logging_mixin.py:117} INFO - [2022-10-05T00:19:52.770+0000] {dagbag.py:525} INFO - Filling up the DagBag from /home/airflow/.local/lib/python3.7/site-packages/airflow/example_dags/example_task_group_decorator.py
[2022-10-05T00:19:54.026+0000] {processor.py:768} INFO - DAG(s) dict_keys(['example_task_group_decorator']) retrieved from /home/airflow/.local/lib/python3.7/site-packages/airflow/example_dags/example_task_group_decorator.py
[2022-10-05T00:19:54.360+0000] {logging_mixin.py:117} INFO - [2022-10-05T00:19:54.345+0000] {dag.py:2573} INFO - Sync 1 DAGs
[2022-10-05T00:19:54.549+0000] {logging_mixin.py:117} INFO - [2022-10-05T00:19:54.548+0000] {dag.py:3328} INFO - Setting next_dagrun for example_task_group_decorator to 2022-10-04T00:19:54.548622+00:00, run_after=2022-10-05T00:19:54.548622+00:00
[2022-10-05T00:19:56.587+0000] {processor.py:178} INFO - Processing /home/airflow/.local/lib/python3.7/site-packages/airflow/example_dags/example_task_group_decorator.py took 3.848 seconds
[2022-10-05T00:21:46.022+0000] {processor.py:156} INFO - Started process (PID=91) to work on /home/airflow/.local/lib/python3.7/site-packages/airflow/example_dags/example_task_group_decorator.py
[2022-10-05T00:21:46.028+0000] {processor.py:758} INFO - Processing file /home/airflow/.local/lib/python3.7/site-packages/airflow/example_dags/example_task_group_decorator.py for tasks to queue
[2022-10-05T00:21:46.035+0000] {logging_mixin.py:117} INFO - [2022-10-05T00:21:46.035+0000] {dagbag.py:525} INFO - Filling up the DagBag from /home/airflow/.local/lib/python3.7/site-packages/airflow/example_dags/example_task_group_decorator.py
[2022-10-05T00:21:47.069+0000] {processor.py:768} INFO - DAG(s) dict_keys(['example_task_group_decorator']) retrieved from /home/airflow/.local/lib/python3.7/site-packages/airflow/example_dags/example_task_group_decorator.py
[2022-10-05T00:21:47.293+0000] {logging_mixin.py:117} INFO - [2022-10-05T00:21:47.293+0000] {dag.py:2573} INFO - Sync 1 DAGs
[2022-10-05T00:21:47.459+0000] {logging_mixin.py:117} INFO - [2022-10-05T00:21:47.459+0000] {dag.py:3328} INFO - Setting next_dagrun for example_task_group_decorator to 2022-10-04T00:21:47.459363+00:00, run_after=2022-10-05T00:21:47.459363+00:00
[2022-10-05T00:21:47.691+0000] {processor.py:178} INFO - Processing /home/airflow/.local/lib/python3.7/site-packages/airflow/example_dags/example_task_group_decorator.py took 1.681 seconds
[2022-10-05T00:24:01.531+0000] {processor.py:156} INFO - Started process (PID=102) to work on /home/airflow/.local/lib/python3.7/site-packages/airflow/example_dags/example_task_group_decorator.py
[2022-10-05T00:24:01.554+0000] {processor.py:758} INFO - Processing file /home/airflow/.local/lib/python3.7/site-packages/airflow/example_dags/example_task_group_decorator.py for tasks to queue
[2022-10-05T00:24:01.563+0000] {logging_mixin.py:117} INFO - [2022-10-05T00:24:01.563+0000] {dagbag.py:525} INFO - Filling up the DagBag from /home/airflow/.local/lib/python3.7/site-packages/airflow/example_dags/example_task_group_decorator.py
[2022-10-05T00:24:02.522+0000] {processor.py:768} INFO - DAG(s) dict_keys(['example_task_group_decorator']) retrieved from /home/airflow/.local/lib/python3.7/site-packages/airflow/example_dags/example_task_group_decorator.py
[2022-10-05T00:24:02.754+0000] {logging_mixin.py:117} INFO - [2022-10-05T00:24:02.754+0000] {dag.py:2573} INFO - Sync 1 DAGs
[2022-10-05T00:24:02.962+0000] {logging_mixin.py:117} INFO - [2022-10-05T00:24:02.960+0000] {dag.py:3328} INFO - Setting next_dagrun for example_task_group_decorator to 2022-10-04T00:24:02.950127+00:00, run_after=2022-10-05T00:24:02.950127+00:00
[2022-10-05T00:24:03.376+0000] {processor.py:178} INFO - Processing /home/airflow/.local/lib/python3.7/site-packages/airflow/example_dags/example_task_group_decorator.py took 1.854 seconds
[2022-10-05T00:25:47.910+0000] {processor.py:156} INFO - Started process (PID=89) to work on /home/airflow/.local/lib/python3.7/site-packages/airflow/example_dags/example_task_group_decorator.py
[2022-10-05T00:25:47.913+0000] {processor.py:758} INFO - Processing file /home/airflow/.local/lib/python3.7/site-packages/airflow/example_dags/example_task_group_decorator.py for tasks to queue
[2022-10-05T00:25:47.915+0000] {logging_mixin.py:117} INFO - [2022-10-05T00:25:47.915+0000] {dagbag.py:525} INFO - Filling up the DagBag from /home/airflow/.local/lib/python3.7/site-packages/airflow/example_dags/example_task_group_decorator.py
[2022-10-05T00:25:48.644+0000] {processor.py:768} INFO - DAG(s) dict_keys(['example_task_group_decorator']) retrieved from /home/airflow/.local/lib/python3.7/site-packages/airflow/example_dags/example_task_group_decorator.py
[2022-10-05T00:25:48.824+0000] {logging_mixin.py:117} INFO - [2022-10-05T00:25:48.824+0000] {dag.py:2573} INFO - Sync 1 DAGs
[2022-10-05T00:25:48.986+0000] {logging_mixin.py:117} INFO - [2022-10-05T00:25:48.986+0000] {dag.py:3328} INFO - Setting next_dagrun for example_task_group_decorator to 2022-10-04T00:25:48.985846+00:00, run_after=2022-10-05T00:25:48.985846+00:00
[2022-10-05T00:25:49.298+0000] {processor.py:178} INFO - Processing /home/airflow/.local/lib/python3.7/site-packages/airflow/example_dags/example_task_group_decorator.py took 1.399 seconds
[2022-10-05T00:28:56.368+0000] {processor.py:156} INFO - Started process (PID=115) to work on /home/airflow/.local/lib/python3.7/site-packages/airflow/example_dags/example_task_group_decorator.py
[2022-10-05T00:28:56.373+0000] {processor.py:758} INFO - Processing file /home/airflow/.local/lib/python3.7/site-packages/airflow/example_dags/example_task_group_decorator.py for tasks to queue
[2022-10-05T00:28:56.380+0000] {logging_mixin.py:117} INFO - [2022-10-05T00:28:56.379+0000] {dagbag.py:525} INFO - Filling up the DagBag from /home/airflow/.local/lib/python3.7/site-packages/airflow/example_dags/example_task_group_decorator.py
[2022-10-05T00:28:57.998+0000] {processor.py:768} INFO - DAG(s) dict_keys(['example_task_group_decorator']) retrieved from /home/airflow/.local/lib/python3.7/site-packages/airflow/example_dags/example_task_group_decorator.py
[2022-10-05T00:28:58.248+0000] {logging_mixin.py:117} INFO - [2022-10-05T00:28:58.247+0000] {dag.py:2573} INFO - Sync 1 DAGs
[2022-10-05T00:28:58.439+0000] {logging_mixin.py:117} INFO - [2022-10-05T00:28:58.438+0000] {dag.py:3328} INFO - Setting next_dagrun for example_task_group_decorator to 2022-10-04T00:28:58.438546+00:00, run_after=2022-10-05T00:28:58.438546+00:00
[2022-10-05T00:28:58.705+0000] {processor.py:178} INFO - Processing /home/airflow/.local/lib/python3.7/site-packages/airflow/example_dags/example_task_group_decorator.py took 2.379 seconds
[2022-10-05T00:31:25.220+0000] {processor.py:156} INFO - Started process (PID=109) to work on /home/airflow/.local/lib/python3.7/site-packages/airflow/example_dags/example_task_group_decorator.py
[2022-10-05T00:31:25.236+0000] {processor.py:758} INFO - Processing file /home/airflow/.local/lib/python3.7/site-packages/airflow/example_dags/example_task_group_decorator.py for tasks to queue
[2022-10-05T00:31:25.249+0000] {logging_mixin.py:117} INFO - [2022-10-05T00:31:25.249+0000] {dagbag.py:525} INFO - Filling up the DagBag from /home/airflow/.local/lib/python3.7/site-packages/airflow/example_dags/example_task_group_decorator.py
[2022-10-05T00:31:27.051+0000] {processor.py:768} INFO - DAG(s) dict_keys(['example_task_group_decorator']) retrieved from /home/airflow/.local/lib/python3.7/site-packages/airflow/example_dags/example_task_group_decorator.py
[2022-10-05T00:31:27.949+0000] {logging_mixin.py:117} INFO - [2022-10-05T00:31:27.949+0000] {dag.py:2573} INFO - Sync 1 DAGs
[2022-10-05T00:31:28.464+0000] {logging_mixin.py:117} INFO - [2022-10-05T00:31:28.464+0000] {dag.py:3328} INFO - Setting next_dagrun for example_task_group_decorator to 2022-10-04T00:31:28.463965+00:00, run_after=2022-10-05T00:31:28.463965+00:00
[2022-10-05T00:31:28.803+0000] {processor.py:178} INFO - Processing /home/airflow/.local/lib/python3.7/site-packages/airflow/example_dags/example_task_group_decorator.py took 3.607 seconds
[2022-10-05T00:33:32.749+0000] {processor.py:156} INFO - Started process (PID=93) to work on /home/airflow/.local/lib/python3.7/site-packages/airflow/example_dags/example_task_group_decorator.py
[2022-10-05T00:33:32.751+0000] {processor.py:758} INFO - Processing file /home/airflow/.local/lib/python3.7/site-packages/airflow/example_dags/example_task_group_decorator.py for tasks to queue
[2022-10-05T00:33:32.758+0000] {logging_mixin.py:117} INFO - [2022-10-05T00:33:32.757+0000] {dagbag.py:525} INFO - Filling up the DagBag from /home/airflow/.local/lib/python3.7/site-packages/airflow/example_dags/example_task_group_decorator.py
[2022-10-05T00:33:33.862+0000] {processor.py:768} INFO - DAG(s) dict_keys(['example_task_group_decorator']) retrieved from /home/airflow/.local/lib/python3.7/site-packages/airflow/example_dags/example_task_group_decorator.py
[2022-10-05T00:33:34.139+0000] {logging_mixin.py:117} INFO - [2022-10-05T00:33:34.139+0000] {dag.py:2573} INFO - Sync 1 DAGs
[2022-10-05T00:33:34.356+0000] {logging_mixin.py:117} INFO - [2022-10-05T00:33:34.356+0000] {dag.py:3328} INFO - Setting next_dagrun for example_task_group_decorator to 2022-10-04T00:33:34.353120+00:00, run_after=2022-10-05T00:33:34.353120+00:00
[2022-10-05T00:33:34.710+0000] {processor.py:178} INFO - Processing /home/airflow/.local/lib/python3.7/site-packages/airflow/example_dags/example_task_group_decorator.py took 1.978 seconds
[2022-10-05T00:35:38.158+0000] {processor.py:156} INFO - Started process (PID=100) to work on /home/airflow/.local/lib/python3.7/site-packages/airflow/example_dags/example_task_group_decorator.py
[2022-10-05T00:35:38.174+0000] {processor.py:758} INFO - Processing file /home/airflow/.local/lib/python3.7/site-packages/airflow/example_dags/example_task_group_decorator.py for tasks to queue
[2022-10-05T00:35:38.182+0000] {logging_mixin.py:117} INFO - [2022-10-05T00:35:38.182+0000] {dagbag.py:525} INFO - Filling up the DagBag from /home/airflow/.local/lib/python3.7/site-packages/airflow/example_dags/example_task_group_decorator.py
[2022-10-05T00:35:40.048+0000] {processor.py:768} INFO - DAG(s) dict_keys(['example_task_group_decorator']) retrieved from /home/airflow/.local/lib/python3.7/site-packages/airflow/example_dags/example_task_group_decorator.py
[2022-10-05T00:35:40.460+0000] {logging_mixin.py:117} INFO - [2022-10-05T00:35:40.460+0000] {dag.py:2573} INFO - Sync 1 DAGs
[2022-10-05T00:35:40.719+0000] {logging_mixin.py:117} INFO - [2022-10-05T00:35:40.718+0000] {dag.py:3328} INFO - Setting next_dagrun for example_task_group_decorator to 2022-10-04T00:35:40.718621+00:00, run_after=2022-10-05T00:35:40.718621+00:00
[2022-10-05T00:35:40.991+0000] {processor.py:178} INFO - Processing /home/airflow/.local/lib/python3.7/site-packages/airflow/example_dags/example_task_group_decorator.py took 2.857 seconds
[2022-10-05T00:37:33.671+0000] {processor.py:156} INFO - Started process (PID=91) to work on /home/airflow/.local/lib/python3.7/site-packages/airflow/example_dags/example_task_group_decorator.py
[2022-10-05T00:37:33.680+0000] {processor.py:758} INFO - Processing file /home/airflow/.local/lib/python3.7/site-packages/airflow/example_dags/example_task_group_decorator.py for tasks to queue
[2022-10-05T00:37:33.681+0000] {logging_mixin.py:117} INFO - [2022-10-05T00:37:33.680+0000] {dagbag.py:525} INFO - Filling up the DagBag from /home/airflow/.local/lib/python3.7/site-packages/airflow/example_dags/example_task_group_decorator.py
[2022-10-05T00:37:34.348+0000] {processor.py:768} INFO - DAG(s) dict_keys(['example_task_group_decorator']) retrieved from /home/airflow/.local/lib/python3.7/site-packages/airflow/example_dags/example_task_group_decorator.py
[2022-10-05T00:37:34.519+0000] {logging_mixin.py:117} INFO - [2022-10-05T00:37:34.519+0000] {dag.py:2573} INFO - Sync 1 DAGs
[2022-10-05T00:37:34.642+0000] {logging_mixin.py:117} INFO - [2022-10-05T00:37:34.642+0000] {dag.py:3328} INFO - Setting next_dagrun for example_task_group_decorator to 2022-10-04T00:37:34.642082+00:00, run_after=2022-10-05T00:37:34.642082+00:00
[2022-10-05T00:37:34.747+0000] {processor.py:178} INFO - Processing /home/airflow/.local/lib/python3.7/site-packages/airflow/example_dags/example_task_group_decorator.py took 1.090 seconds
[2022-10-05T00:39:43.780+0000] {processor.py:156} INFO - Started process (PID=93) to work on /home/airflow/.local/lib/python3.7/site-packages/airflow/example_dags/example_task_group_decorator.py
[2022-10-05T00:39:43.783+0000] {processor.py:758} INFO - Processing file /home/airflow/.local/lib/python3.7/site-packages/airflow/example_dags/example_task_group_decorator.py for tasks to queue
[2022-10-05T00:39:43.784+0000] {logging_mixin.py:117} INFO - [2022-10-05T00:39:43.783+0000] {dagbag.py:525} INFO - Filling up the DagBag from /home/airflow/.local/lib/python3.7/site-packages/airflow/example_dags/example_task_group_decorator.py
[2022-10-05T00:39:45.341+0000] {processor.py:768} INFO - DAG(s) dict_keys(['example_task_group_decorator']) retrieved from /home/airflow/.local/lib/python3.7/site-packages/airflow/example_dags/example_task_group_decorator.py
[2022-10-05T00:39:45.660+0000] {logging_mixin.py:117} INFO - [2022-10-05T00:39:45.659+0000] {dag.py:2573} INFO - Sync 1 DAGs
[2022-10-05T00:39:45.932+0000] {logging_mixin.py:117} INFO - [2022-10-05T00:39:45.932+0000] {dag.py:3328} INFO - Setting next_dagrun for example_task_group_decorator to 2022-10-04T00:39:45.932008+00:00, run_after=2022-10-05T00:39:45.932008+00:00
[2022-10-05T00:39:46.206+0000] {processor.py:178} INFO - Processing /home/airflow/.local/lib/python3.7/site-packages/airflow/example_dags/example_task_group_decorator.py took 2.441 seconds
[2022-10-05T00:42:06.028+0000] {processor.py:156} INFO - Started process (PID=102) to work on /home/airflow/.local/lib/python3.7/site-packages/airflow/example_dags/example_task_group_decorator.py
[2022-10-05T00:42:06.034+0000] {processor.py:758} INFO - Processing file /home/airflow/.local/lib/python3.7/site-packages/airflow/example_dags/example_task_group_decorator.py for tasks to queue
[2022-10-05T00:42:06.040+0000] {logging_mixin.py:117} INFO - [2022-10-05T00:42:06.040+0000] {dagbag.py:525} INFO - Filling up the DagBag from /home/airflow/.local/lib/python3.7/site-packages/airflow/example_dags/example_task_group_decorator.py
[2022-10-05T00:42:08.048+0000] {processor.py:768} INFO - DAG(s) dict_keys(['example_task_group_decorator']) retrieved from /home/airflow/.local/lib/python3.7/site-packages/airflow/example_dags/example_task_group_decorator.py
[2022-10-05T00:42:08.351+0000] {logging_mixin.py:117} INFO - [2022-10-05T00:42:08.351+0000] {dag.py:2573} INFO - Sync 1 DAGs
[2022-10-05T00:42:08.544+0000] {logging_mixin.py:117} INFO - [2022-10-05T00:42:08.544+0000] {dag.py:3328} INFO - Setting next_dagrun for example_task_group_decorator to 2022-10-04T00:42:08.543872+00:00, run_after=2022-10-05T00:42:08.543872+00:00
[2022-10-05T00:42:08.705+0000] {processor.py:178} INFO - Processing /home/airflow/.local/lib/python3.7/site-packages/airflow/example_dags/example_task_group_decorator.py took 2.710 seconds
[2022-10-05T00:44:20.256+0000] {processor.py:156} INFO - Started process (PID=102) to work on /home/airflow/.local/lib/python3.7/site-packages/airflow/example_dags/example_task_group_decorator.py
[2022-10-05T00:44:20.266+0000] {processor.py:758} INFO - Processing file /home/airflow/.local/lib/python3.7/site-packages/airflow/example_dags/example_task_group_decorator.py for tasks to queue
[2022-10-05T00:44:20.271+0000] {logging_mixin.py:117} INFO - [2022-10-05T00:44:20.270+0000] {dagbag.py:525} INFO - Filling up the DagBag from /home/airflow/.local/lib/python3.7/site-packages/airflow/example_dags/example_task_group_decorator.py
[2022-10-05T00:44:22.220+0000] {processor.py:768} INFO - DAG(s) dict_keys(['example_task_group_decorator']) retrieved from /home/airflow/.local/lib/python3.7/site-packages/airflow/example_dags/example_task_group_decorator.py
[2022-10-05T00:44:22.534+0000] {logging_mixin.py:117} INFO - [2022-10-05T00:44:22.534+0000] {dag.py:2573} INFO - Sync 1 DAGs
[2022-10-05T00:44:22.760+0000] {logging_mixin.py:117} INFO - [2022-10-05T00:44:22.760+0000] {dag.py:3328} INFO - Setting next_dagrun for example_task_group_decorator to 2022-10-04T00:44:22.759998+00:00, run_after=2022-10-05T00:44:22.759998+00:00
[2022-10-05T00:44:23.077+0000] {processor.py:178} INFO - Processing /home/airflow/.local/lib/python3.7/site-packages/airflow/example_dags/example_task_group_decorator.py took 2.849 seconds
[2022-10-05T00:50:11.779+0000] {processor.py:156} INFO - Started process (PID=101) to work on /home/airflow/.local/lib/python3.7/site-packages/airflow/example_dags/example_task_group_decorator.py
[2022-10-05T00:50:11.784+0000] {processor.py:758} INFO - Processing file /home/airflow/.local/lib/python3.7/site-packages/airflow/example_dags/example_task_group_decorator.py for tasks to queue
[2022-10-05T00:50:11.785+0000] {logging_mixin.py:117} INFO - [2022-10-05T00:50:11.784+0000] {dagbag.py:525} INFO - Filling up the DagBag from /home/airflow/.local/lib/python3.7/site-packages/airflow/example_dags/example_task_group_decorator.py
[2022-10-05T00:50:12.295+0000] {processor.py:768} INFO - DAG(s) dict_keys(['example_task_group_decorator']) retrieved from /home/airflow/.local/lib/python3.7/site-packages/airflow/example_dags/example_task_group_decorator.py
[2022-10-05T00:50:12.594+0000] {logging_mixin.py:117} INFO - [2022-10-05T00:50:12.579+0000] {dag.py:2573} INFO - Sync 1 DAGs
[2022-10-05T00:50:15.614+0000] {logging_mixin.py:117} INFO - [2022-10-05T00:50:15.611+0000] {dag.py:3328} INFO - Setting next_dagrun for example_task_group_decorator to 2022-10-04T00:50:15.609567+00:00, run_after=2022-10-05T00:50:15.609567+00:00
[2022-10-05T00:52:24.584+0000] {processor.py:156} INFO - Started process (PID=100) to work on /home/airflow/.local/lib/python3.7/site-packages/airflow/example_dags/example_task_group_decorator.py
[2022-10-05T00:52:24.590+0000] {processor.py:758} INFO - Processing file /home/airflow/.local/lib/python3.7/site-packages/airflow/example_dags/example_task_group_decorator.py for tasks to queue
[2022-10-05T00:52:24.593+0000] {logging_mixin.py:117} INFO - [2022-10-05T00:52:24.593+0000] {dagbag.py:525} INFO - Filling up the DagBag from /home/airflow/.local/lib/python3.7/site-packages/airflow/example_dags/example_task_group_decorator.py
[2022-10-05T00:52:25.042+0000] {processor.py:768} INFO - DAG(s) dict_keys(['example_task_group_decorator']) retrieved from /home/airflow/.local/lib/python3.7/site-packages/airflow/example_dags/example_task_group_decorator.py
[2022-10-05T00:52:25.088+0000] {logging_mixin.py:117} INFO - [2022-10-05T00:52:25.088+0000] {dag.py:2573} INFO - Sync 1 DAGs
[2022-10-05T00:52:25.119+0000] {logging_mixin.py:117} INFO - [2022-10-05T00:52:25.119+0000] {dag.py:3328} INFO - Setting next_dagrun for example_task_group_decorator to 2022-10-04T00:52:25.118797+00:00, run_after=2022-10-05T00:52:25.118797+00:00
[2022-10-05T00:52:25.654+0000] {processor.py:178} INFO - Processing /home/airflow/.local/lib/python3.7/site-packages/airflow/example_dags/example_task_group_decorator.py took 1.079 seconds
[2022-10-05T00:54:36.889+0000] {processor.py:156} INFO - Started process (PID=75) to work on /home/airflow/.local/lib/python3.7/site-packages/airflow/example_dags/example_task_group_decorator.py
[2022-10-05T00:54:36.898+0000] {processor.py:758} INFO - Processing file /home/airflow/.local/lib/python3.7/site-packages/airflow/example_dags/example_task_group_decorator.py for tasks to queue
[2022-10-05T00:54:36.902+0000] {logging_mixin.py:117} INFO - [2022-10-05T00:54:36.902+0000] {dagbag.py:525} INFO - Filling up the DagBag from /home/airflow/.local/lib/python3.7/site-packages/airflow/example_dags/example_task_group_decorator.py
[2022-10-05T00:54:37.746+0000] {processor.py:768} INFO - DAG(s) dict_keys(['example_task_group_decorator']) retrieved from /home/airflow/.local/lib/python3.7/site-packages/airflow/example_dags/example_task_group_decorator.py
[2022-10-05T00:54:37.929+0000] {logging_mixin.py:117} INFO - [2022-10-05T00:54:37.928+0000] {dag.py:2573} INFO - Sync 1 DAGs
[2022-10-05T00:54:38.027+0000] {logging_mixin.py:117} INFO - [2022-10-05T00:54:38.027+0000] {dag.py:3328} INFO - Setting next_dagrun for example_task_group_decorator to 2022-10-04T00:54:38.027076+00:00, run_after=2022-10-05T00:54:38.027076+00:00
[2022-10-05T00:54:38.348+0000] {processor.py:178} INFO - Processing /home/airflow/.local/lib/python3.7/site-packages/airflow/example_dags/example_task_group_decorator.py took 1.464 seconds
[2022-10-05T00:56:43.871+0000] {processor.py:156} INFO - Started process (PID=93) to work on /home/airflow/.local/lib/python3.7/site-packages/airflow/example_dags/example_task_group_decorator.py
[2022-10-05T00:56:43.880+0000] {processor.py:758} INFO - Processing file /home/airflow/.local/lib/python3.7/site-packages/airflow/example_dags/example_task_group_decorator.py for tasks to queue
[2022-10-05T00:56:43.881+0000] {logging_mixin.py:117} INFO - [2022-10-05T00:56:43.881+0000] {dagbag.py:525} INFO - Filling up the DagBag from /home/airflow/.local/lib/python3.7/site-packages/airflow/example_dags/example_task_group_decorator.py
[2022-10-05T00:56:45.776+0000] {processor.py:768} INFO - DAG(s) dict_keys(['example_task_group_decorator']) retrieved from /home/airflow/.local/lib/python3.7/site-packages/airflow/example_dags/example_task_group_decorator.py
[2022-10-05T00:56:46.350+0000] {logging_mixin.py:117} INFO - [2022-10-05T00:56:46.349+0000] {dag.py:2573} INFO - Sync 1 DAGs
[2022-10-05T00:56:46.722+0000] {logging_mixin.py:117} INFO - [2022-10-05T00:56:46.722+0000] {dag.py:3328} INFO - Setting next_dagrun for example_task_group_decorator to 2022-10-04T00:56:46.722259+00:00, run_after=2022-10-05T00:56:46.722259+00:00
[2022-10-05T00:56:49.468+0000] {processor.py:178} INFO - Processing /home/airflow/.local/lib/python3.7/site-packages/airflow/example_dags/example_task_group_decorator.py took 5.621 seconds
[2022-10-05T00:59:14.463+0000] {processor.py:156} INFO - Started process (PID=102) to work on /home/airflow/.local/lib/python3.7/site-packages/airflow/example_dags/example_task_group_decorator.py
[2022-10-05T00:59:14.465+0000] {processor.py:758} INFO - Processing file /home/airflow/.local/lib/python3.7/site-packages/airflow/example_dags/example_task_group_decorator.py for tasks to queue
[2022-10-05T00:59:14.468+0000] {logging_mixin.py:117} INFO - [2022-10-05T00:59:14.468+0000] {dagbag.py:525} INFO - Filling up the DagBag from /home/airflow/.local/lib/python3.7/site-packages/airflow/example_dags/example_task_group_decorator.py
[2022-10-05T00:59:14.972+0000] {processor.py:768} INFO - DAG(s) dict_keys(['example_task_group_decorator']) retrieved from /home/airflow/.local/lib/python3.7/site-packages/airflow/example_dags/example_task_group_decorator.py
[2022-10-05T00:59:15.186+0000] {logging_mixin.py:117} INFO - [2022-10-05T00:59:15.186+0000] {dag.py:2573} INFO - Sync 1 DAGs
[2022-10-05T00:59:15.388+0000] {logging_mixin.py:117} INFO - [2022-10-05T00:59:15.388+0000] {dag.py:3328} INFO - Setting next_dagrun for example_task_group_decorator to 2022-10-04T00:59:15.388035+00:00, run_after=2022-10-05T00:59:15.388035+00:00
[2022-10-05T00:59:15.970+0000] {processor.py:178} INFO - Processing /home/airflow/.local/lib/python3.7/site-packages/airflow/example_dags/example_task_group_decorator.py took 1.516 seconds
[2022-10-05T01:01:50.315+0000] {processor.py:156} INFO - Started process (PID=103) to work on /home/airflow/.local/lib/python3.7/site-packages/airflow/example_dags/example_task_group_decorator.py
[2022-10-05T01:01:50.323+0000] {processor.py:758} INFO - Processing file /home/airflow/.local/lib/python3.7/site-packages/airflow/example_dags/example_task_group_decorator.py for tasks to queue
[2022-10-05T01:01:50.331+0000] {logging_mixin.py:117} INFO - [2022-10-05T01:01:50.331+0000] {dagbag.py:525} INFO - Filling up the DagBag from /home/airflow/.local/lib/python3.7/site-packages/airflow/example_dags/example_task_group_decorator.py
[2022-10-05T01:01:51.256+0000] {processor.py:768} INFO - DAG(s) dict_keys(['example_task_group_decorator']) retrieved from /home/airflow/.local/lib/python3.7/site-packages/airflow/example_dags/example_task_group_decorator.py
[2022-10-05T01:01:51.372+0000] {logging_mixin.py:117} INFO - [2022-10-05T01:01:51.371+0000] {dag.py:2573} INFO - Sync 1 DAGs
[2022-10-05T01:01:51.450+0000] {logging_mixin.py:117} INFO - [2022-10-05T01:01:51.450+0000] {dag.py:3328} INFO - Setting next_dagrun for example_task_group_decorator to 2022-10-04T01:01:51.450195+00:00, run_after=2022-10-05T01:01:51.450195+00:00
[2022-10-05T01:01:51.869+0000] {processor.py:178} INFO - Processing /home/airflow/.local/lib/python3.7/site-packages/airflow/example_dags/example_task_group_decorator.py took 1.577 seconds
[2022-10-05T01:04:45.194+0000] {processor.py:156} INFO - Started process (PID=92) to work on /home/airflow/.local/lib/python3.7/site-packages/airflow/example_dags/example_task_group_decorator.py
[2022-10-05T01:04:45.198+0000] {processor.py:758} INFO - Processing file /home/airflow/.local/lib/python3.7/site-packages/airflow/example_dags/example_task_group_decorator.py for tasks to queue
[2022-10-05T01:04:45.204+0000] {logging_mixin.py:117} INFO - [2022-10-05T01:04:45.204+0000] {dagbag.py:525} INFO - Filling up the DagBag from /home/airflow/.local/lib/python3.7/site-packages/airflow/example_dags/example_task_group_decorator.py
[2022-10-05T01:04:47.665+0000] {processor.py:768} INFO - DAG(s) dict_keys(['example_task_group_decorator']) retrieved from /home/airflow/.local/lib/python3.7/site-packages/airflow/example_dags/example_task_group_decorator.py
[2022-10-05T01:04:50.522+0000] {logging_mixin.py:117} INFO - [2022-10-05T01:04:50.520+0000] {dag.py:2573} INFO - Sync 1 DAGs
[2022-10-05T01:04:50.765+0000] {logging_mixin.py:117} INFO - [2022-10-05T01:04:50.765+0000] {dag.py:3328} INFO - Setting next_dagrun for example_task_group_decorator to 2022-10-04T01:04:50.749348+00:00, run_after=2022-10-05T01:04:50.749348+00:00
[2022-10-05T01:04:52.584+0000] {processor.py:178} INFO - Processing /home/airflow/.local/lib/python3.7/site-packages/airflow/example_dags/example_task_group_decorator.py took 7.413 seconds
[2022-10-05T01:07:10.471+0000] {processor.py:156} INFO - Started process (PID=101) to work on /home/airflow/.local/lib/python3.7/site-packages/airflow/example_dags/example_task_group_decorator.py
[2022-10-05T01:07:10.477+0000] {processor.py:758} INFO - Processing file /home/airflow/.local/lib/python3.7/site-packages/airflow/example_dags/example_task_group_decorator.py for tasks to queue
[2022-10-05T01:07:10.492+0000] {logging_mixin.py:117} INFO - [2022-10-05T01:07:10.487+0000] {dagbag.py:525} INFO - Filling up the DagBag from /home/airflow/.local/lib/python3.7/site-packages/airflow/example_dags/example_task_group_decorator.py
[2022-10-05T01:07:12.415+0000] {processor.py:768} INFO - DAG(s) dict_keys(['example_task_group_decorator']) retrieved from /home/airflow/.local/lib/python3.7/site-packages/airflow/example_dags/example_task_group_decorator.py
[2022-10-05T01:07:12.725+0000] {logging_mixin.py:117} INFO - [2022-10-05T01:07:12.725+0000] {dag.py:2573} INFO - Sync 1 DAGs
[2022-10-05T01:07:13.058+0000] {logging_mixin.py:117} INFO - [2022-10-05T01:07:13.058+0000] {dag.py:3328} INFO - Setting next_dagrun for example_task_group_decorator to 2022-10-04T01:07:13.058073+00:00, run_after=2022-10-05T01:07:13.058073+00:00
[2022-10-05T01:07:13.525+0000] {processor.py:178} INFO - Processing /home/airflow/.local/lib/python3.7/site-packages/airflow/example_dags/example_task_group_decorator.py took 3.099 seconds
[2022-10-05T01:13:51.183+0000] {processor.py:156} INFO - Started process (PID=101) to work on /home/airflow/.local/lib/python3.7/site-packages/airflow/example_dags/example_task_group_decorator.py
[2022-10-05T01:13:51.185+0000] {processor.py:758} INFO - Processing file /home/airflow/.local/lib/python3.7/site-packages/airflow/example_dags/example_task_group_decorator.py for tasks to queue
[2022-10-05T01:13:51.187+0000] {logging_mixin.py:117} INFO - [2022-10-05T01:13:51.187+0000] {dagbag.py:525} INFO - Filling up the DagBag from /home/airflow/.local/lib/python3.7/site-packages/airflow/example_dags/example_task_group_decorator.py
[2022-10-05T01:13:51.247+0000] {processor.py:768} INFO - DAG(s) dict_keys(['example_task_group_decorator']) retrieved from /home/airflow/.local/lib/python3.7/site-packages/airflow/example_dags/example_task_group_decorator.py
[2022-10-05T01:13:51.316+0000] {logging_mixin.py:117} INFO - [2022-10-05T01:13:51.316+0000] {dag.py:2573} INFO - Sync 1 DAGs
[2022-10-05T01:13:51.353+0000] {logging_mixin.py:117} INFO - [2022-10-05T01:13:51.352+0000] {dag.py:3328} INFO - Setting next_dagrun for example_task_group_decorator to 2022-10-04T01:13:51.352496+00:00, run_after=2022-10-05T01:13:51.352496+00:00
[2022-10-05T01:13:51.558+0000] {processor.py:178} INFO - Processing /home/airflow/.local/lib/python3.7/site-packages/airflow/example_dags/example_task_group_decorator.py took 0.380 seconds
[2022-10-05T01:17:38.073+0000] {processor.py:156} INFO - Started process (PID=86) to work on /home/airflow/.local/lib/python3.7/site-packages/airflow/example_dags/example_task_group_decorator.py
[2022-10-05T01:17:38.074+0000] {processor.py:758} INFO - Processing file /home/airflow/.local/lib/python3.7/site-packages/airflow/example_dags/example_task_group_decorator.py for tasks to queue
[2022-10-05T01:17:38.075+0000] {logging_mixin.py:117} INFO - [2022-10-05T01:17:38.075+0000] {dagbag.py:525} INFO - Filling up the DagBag from /home/airflow/.local/lib/python3.7/site-packages/airflow/example_dags/example_task_group_decorator.py
[2022-10-05T01:17:38.761+0000] {processor.py:768} INFO - DAG(s) dict_keys(['example_task_group_decorator']) retrieved from /home/airflow/.local/lib/python3.7/site-packages/airflow/example_dags/example_task_group_decorator.py
[2022-10-05T01:17:38.902+0000] {logging_mixin.py:117} INFO - [2022-10-05T01:17:38.900+0000] {dag.py:2573} INFO - Sync 1 DAGs
[2022-10-05T01:17:39.037+0000] {logging_mixin.py:117} INFO - [2022-10-05T01:17:39.036+0000] {dag.py:3328} INFO - Setting next_dagrun for example_task_group_decorator to 2022-10-04T01:17:39.035379+00:00, run_after=2022-10-05T01:17:39.035379+00:00
