[2022-10-05T00:00:33.425+0000] {processor.py:156} INFO - Started process (PID=55) to work on /home/airflow/.local/lib/python3.7/site-packages/airflow/example_dags/example_branch_python_dop_operator_3.py
[2022-10-05T00:00:33.443+0000] {processor.py:758} INFO - Processing file /home/airflow/.local/lib/python3.7/site-packages/airflow/example_dags/example_branch_python_dop_operator_3.py for tasks to queue
[2022-10-05T00:00:33.451+0000] {logging_mixin.py:117} INFO - [2022-10-05T00:00:33.451+0000] {dagbag.py:525} INFO - Filling up the DagBag from /home/airflow/.local/lib/python3.7/site-packages/airflow/example_dags/example_branch_python_dop_operator_3.py
[2022-10-05T00:00:34.803+0000] {processor.py:768} INFO - DAG(s) dict_keys(['example_branch_dop_operator_v3']) retrieved from /home/airflow/.local/lib/python3.7/site-packages/airflow/example_dags/example_branch_python_dop_operator_3.py
[2022-10-05T00:00:38.404+0000] {logging_mixin.py:117} INFO - [2022-10-05T00:00:38.397+0000] {dag.py:2573} INFO - Sync 1 DAGs
[2022-10-05T00:00:40.425+0000] {logging_mixin.py:117} INFO - [2022-10-05T00:00:40.407+0000] {dag.py:3328} INFO - Setting next_dagrun for example_branch_dop_operator_v3 to 2022-10-04T23:59:00+00:00, run_after=2022-10-05T00:00:00+00:00
[2022-10-05T00:00:42.145+0000] {processor.py:178} INFO - Processing /home/airflow/.local/lib/python3.7/site-packages/airflow/example_dags/example_branch_python_dop_operator_3.py took 8.743 seconds
[2022-10-05T00:02:41.679+0000] {processor.py:156} INFO - Started process (PID=57) to work on /home/airflow/.local/lib/python3.7/site-packages/airflow/example_dags/example_branch_python_dop_operator_3.py
[2022-10-05T00:02:41.722+0000] {processor.py:758} INFO - Processing file /home/airflow/.local/lib/python3.7/site-packages/airflow/example_dags/example_branch_python_dop_operator_3.py for tasks to queue
[2022-10-05T00:02:41.732+0000] {logging_mixin.py:117} INFO - [2022-10-05T00:02:41.732+0000] {dagbag.py:525} INFO - Filling up the DagBag from /home/airflow/.local/lib/python3.7/site-packages/airflow/example_dags/example_branch_python_dop_operator_3.py
[2022-10-05T00:02:44.098+0000] {processor.py:768} INFO - DAG(s) dict_keys(['example_branch_dop_operator_v3']) retrieved from /home/airflow/.local/lib/python3.7/site-packages/airflow/example_dags/example_branch_python_dop_operator_3.py
[2022-10-05T00:02:48.023+0000] {logging_mixin.py:117} INFO - [2022-10-05T00:02:48.020+0000] {dag.py:2573} INFO - Sync 1 DAGs
[2022-10-05T00:02:48.463+0000] {logging_mixin.py:117} INFO - [2022-10-05T00:02:48.463+0000] {dag.py:3328} INFO - Setting next_dagrun for example_branch_dop_operator_v3 to 2022-10-05T00:01:00+00:00, run_after=2022-10-05T00:02:00+00:00
[2022-10-05T00:02:48.618+0000] {processor.py:178} INFO - Processing /home/airflow/.local/lib/python3.7/site-packages/airflow/example_dags/example_branch_python_dop_operator_3.py took 6.991 seconds
[2022-10-05T00:04:31.657+0000] {processor.py:156} INFO - Started process (PID=54) to work on /home/airflow/.local/lib/python3.7/site-packages/airflow/example_dags/example_branch_python_dop_operator_3.py
[2022-10-05T00:04:31.673+0000] {processor.py:758} INFO - Processing file /home/airflow/.local/lib/python3.7/site-packages/airflow/example_dags/example_branch_python_dop_operator_3.py for tasks to queue
[2022-10-05T00:04:31.679+0000] {logging_mixin.py:117} INFO - [2022-10-05T00:04:31.679+0000] {dagbag.py:525} INFO - Filling up the DagBag from /home/airflow/.local/lib/python3.7/site-packages/airflow/example_dags/example_branch_python_dop_operator_3.py
[2022-10-05T00:04:31.985+0000] {processor.py:768} INFO - DAG(s) dict_keys(['example_branch_dop_operator_v3']) retrieved from /home/airflow/.local/lib/python3.7/site-packages/airflow/example_dags/example_branch_python_dop_operator_3.py
[2022-10-05T00:04:42.830+0000] {logging_mixin.py:117} INFO - [2022-10-05T00:04:42.793+0000] {dag.py:2573} INFO - Sync 1 DAGs
[2022-10-05T00:04:43.565+0000] {logging_mixin.py:117} INFO - [2022-10-05T00:04:43.564+0000] {dag.py:3328} INFO - Setting next_dagrun for example_branch_dop_operator_v3 to 2022-10-05T00:03:00+00:00, run_after=2022-10-05T00:04:00+00:00
[2022-10-05T00:04:44.164+0000] {processor.py:178} INFO - Processing /home/airflow/.local/lib/python3.7/site-packages/airflow/example_dags/example_branch_python_dop_operator_3.py took 12.528 seconds
[2022-10-05T00:06:49.351+0000] {processor.py:156} INFO - Started process (PID=56) to work on /home/airflow/.local/lib/python3.7/site-packages/airflow/example_dags/example_branch_python_dop_operator_3.py
[2022-10-05T00:06:49.358+0000] {processor.py:758} INFO - Processing file /home/airflow/.local/lib/python3.7/site-packages/airflow/example_dags/example_branch_python_dop_operator_3.py for tasks to queue
[2022-10-05T00:06:49.368+0000] {logging_mixin.py:117} INFO - [2022-10-05T00:06:49.368+0000] {dagbag.py:525} INFO - Filling up the DagBag from /home/airflow/.local/lib/python3.7/site-packages/airflow/example_dags/example_branch_python_dop_operator_3.py
[2022-10-05T00:06:49.682+0000] {processor.py:768} INFO - DAG(s) dict_keys(['example_branch_dop_operator_v3']) retrieved from /home/airflow/.local/lib/python3.7/site-packages/airflow/example_dags/example_branch_python_dop_operator_3.py
[2022-10-05T00:06:54.177+0000] {logging_mixin.py:117} INFO - [2022-10-05T00:06:54.177+0000] {dag.py:2573} INFO - Sync 1 DAGs
[2022-10-05T00:06:54.559+0000] {logging_mixin.py:117} INFO - [2022-10-05T00:06:54.559+0000] {dag.py:3328} INFO - Setting next_dagrun for example_branch_dop_operator_v3 to 2022-10-05T00:05:00+00:00, run_after=2022-10-05T00:06:00+00:00
[2022-10-05T00:06:54.762+0000] {processor.py:178} INFO - Processing /home/airflow/.local/lib/python3.7/site-packages/airflow/example_dags/example_branch_python_dop_operator_3.py took 5.425 seconds
[2022-10-05T00:08:51.119+0000] {processor.py:156} INFO - Started process (PID=66) to work on /home/airflow/.local/lib/python3.7/site-packages/airflow/example_dags/example_branch_python_dop_operator_3.py
[2022-10-05T00:08:51.120+0000] {processor.py:758} INFO - Processing file /home/airflow/.local/lib/python3.7/site-packages/airflow/example_dags/example_branch_python_dop_operator_3.py for tasks to queue
[2022-10-05T00:08:51.122+0000] {logging_mixin.py:117} INFO - [2022-10-05T00:08:51.121+0000] {dagbag.py:525} INFO - Filling up the DagBag from /home/airflow/.local/lib/python3.7/site-packages/airflow/example_dags/example_branch_python_dop_operator_3.py
[2022-10-05T00:08:51.202+0000] {processor.py:768} INFO - DAG(s) dict_keys(['example_branch_dop_operator_v3']) retrieved from /home/airflow/.local/lib/python3.7/site-packages/airflow/example_dags/example_branch_python_dop_operator_3.py
[2022-10-05T00:08:51.627+0000] {logging_mixin.py:117} INFO - [2022-10-05T00:08:51.627+0000] {dag.py:2573} INFO - Sync 1 DAGs
[2022-10-05T00:08:51.674+0000] {logging_mixin.py:117} INFO - [2022-10-05T00:08:51.674+0000] {dag.py:3328} INFO - Setting next_dagrun for example_branch_dop_operator_v3 to 2022-10-05T00:07:00+00:00, run_after=2022-10-05T00:08:00+00:00
[2022-10-05T00:08:55.083+0000] {processor.py:178} INFO - Processing /home/airflow/.local/lib/python3.7/site-packages/airflow/example_dags/example_branch_python_dop_operator_3.py took 3.972 seconds
[2022-10-05T00:10:50.758+0000] {processor.py:156} INFO - Started process (PID=74) to work on /home/airflow/.local/lib/python3.7/site-packages/airflow/example_dags/example_branch_python_dop_operator_3.py
[2022-10-05T00:10:50.772+0000] {processor.py:758} INFO - Processing file /home/airflow/.local/lib/python3.7/site-packages/airflow/example_dags/example_branch_python_dop_operator_3.py for tasks to queue
[2022-10-05T00:10:50.778+0000] {logging_mixin.py:117} INFO - [2022-10-05T00:10:50.778+0000] {dagbag.py:525} INFO - Filling up the DagBag from /home/airflow/.local/lib/python3.7/site-packages/airflow/example_dags/example_branch_python_dop_operator_3.py
[2022-10-05T00:10:51.073+0000] {processor.py:768} INFO - DAG(s) dict_keys(['example_branch_dop_operator_v3']) retrieved from /home/airflow/.local/lib/python3.7/site-packages/airflow/example_dags/example_branch_python_dop_operator_3.py
[2022-10-05T00:10:52.959+0000] {logging_mixin.py:117} INFO - [2022-10-05T00:10:52.959+0000] {dag.py:2573} INFO - Sync 1 DAGs
[2022-10-05T00:10:53.116+0000] {logging_mixin.py:117} INFO - [2022-10-05T00:10:53.116+0000] {dag.py:3328} INFO - Setting next_dagrun for example_branch_dop_operator_v3 to 2022-10-05T00:09:00+00:00, run_after=2022-10-05T00:10:00+00:00
[2022-10-05T00:10:53.388+0000] {processor.py:178} INFO - Processing /home/airflow/.local/lib/python3.7/site-packages/airflow/example_dags/example_branch_python_dop_operator_3.py took 2.664 seconds
[2022-10-05T00:13:04.753+0000] {processor.py:156} INFO - Started process (PID=65) to work on /home/airflow/.local/lib/python3.7/site-packages/airflow/example_dags/example_branch_python_dop_operator_3.py
[2022-10-05T00:13:04.762+0000] {processor.py:758} INFO - Processing file /home/airflow/.local/lib/python3.7/site-packages/airflow/example_dags/example_branch_python_dop_operator_3.py for tasks to queue
[2022-10-05T00:13:04.779+0000] {logging_mixin.py:117} INFO - [2022-10-05T00:13:04.779+0000] {dagbag.py:525} INFO - Filling up the DagBag from /home/airflow/.local/lib/python3.7/site-packages/airflow/example_dags/example_branch_python_dop_operator_3.py
[2022-10-05T00:13:05.230+0000] {processor.py:768} INFO - DAG(s) dict_keys(['example_branch_dop_operator_v3']) retrieved from /home/airflow/.local/lib/python3.7/site-packages/airflow/example_dags/example_branch_python_dop_operator_3.py
[2022-10-05T00:13:12.403+0000] {logging_mixin.py:117} INFO - [2022-10-05T00:13:12.403+0000] {dag.py:2573} INFO - Sync 1 DAGs
[2022-10-05T00:13:12.845+0000] {logging_mixin.py:117} INFO - [2022-10-05T00:13:12.845+0000] {dag.py:3328} INFO - Setting next_dagrun for example_branch_dop_operator_v3 to 2022-10-05T00:12:00+00:00, run_after=2022-10-05T00:13:00+00:00
[2022-10-05T00:13:13.142+0000] {processor.py:178} INFO - Processing /home/airflow/.local/lib/python3.7/site-packages/airflow/example_dags/example_branch_python_dop_operator_3.py took 8.420 seconds
[2022-10-05T00:15:32.114+0000] {processor.py:156} INFO - Started process (PID=65) to work on /home/airflow/.local/lib/python3.7/site-packages/airflow/example_dags/example_branch_python_dop_operator_3.py
[2022-10-05T00:15:32.123+0000] {processor.py:758} INFO - Processing file /home/airflow/.local/lib/python3.7/site-packages/airflow/example_dags/example_branch_python_dop_operator_3.py for tasks to queue
[2022-10-05T00:15:32.131+0000] {logging_mixin.py:117} INFO - [2022-10-05T00:15:32.131+0000] {dagbag.py:525} INFO - Filling up the DagBag from /home/airflow/.local/lib/python3.7/site-packages/airflow/example_dags/example_branch_python_dop_operator_3.py
[2022-10-05T00:15:32.516+0000] {processor.py:768} INFO - DAG(s) dict_keys(['example_branch_dop_operator_v3']) retrieved from /home/airflow/.local/lib/python3.7/site-packages/airflow/example_dags/example_branch_python_dop_operator_3.py
[2022-10-05T00:15:42.431+0000] {logging_mixin.py:117} INFO - [2022-10-05T00:15:42.422+0000] {dag.py:2573} INFO - Sync 1 DAGs
[2022-10-05T00:15:42.795+0000] {logging_mixin.py:117} INFO - [2022-10-05T00:15:42.793+0000] {dag.py:3328} INFO - Setting next_dagrun for example_branch_dop_operator_v3 to 2022-10-05T00:14:00+00:00, run_after=2022-10-05T00:15:00+00:00
[2022-10-05T00:15:45.328+0000] {processor.py:178} INFO - Processing /home/airflow/.local/lib/python3.7/site-packages/airflow/example_dags/example_branch_python_dop_operator_3.py took 13.253 seconds
[2022-10-05T00:17:09.144+0000] {processor.py:156} INFO - Started process (PID=57) to work on /home/airflow/.local/lib/python3.7/site-packages/airflow/example_dags/example_branch_python_dop_operator_3.py
[2022-10-05T00:17:09.145+0000] {processor.py:758} INFO - Processing file /home/airflow/.local/lib/python3.7/site-packages/airflow/example_dags/example_branch_python_dop_operator_3.py for tasks to queue
[2022-10-05T00:17:09.146+0000] {logging_mixin.py:117} INFO - [2022-10-05T00:17:09.146+0000] {dagbag.py:525} INFO - Filling up the DagBag from /home/airflow/.local/lib/python3.7/site-packages/airflow/example_dags/example_branch_python_dop_operator_3.py
[2022-10-05T00:17:09.219+0000] {processor.py:768} INFO - DAG(s) dict_keys(['example_branch_dop_operator_v3']) retrieved from /home/airflow/.local/lib/python3.7/site-packages/airflow/example_dags/example_branch_python_dop_operator_3.py
[2022-10-05T00:17:09.555+0000] {logging_mixin.py:117} INFO - [2022-10-05T00:17:09.555+0000] {dag.py:2573} INFO - Sync 1 DAGs
[2022-10-05T00:17:09.603+0000] {logging_mixin.py:117} INFO - [2022-10-05T00:17:09.603+0000] {dag.py:3328} INFO - Setting next_dagrun for example_branch_dop_operator_v3 to 2022-10-05T00:16:00+00:00, run_after=2022-10-05T00:17:00+00:00
[2022-10-05T00:17:09.851+0000] {processor.py:178} INFO - Processing /home/airflow/.local/lib/python3.7/site-packages/airflow/example_dags/example_branch_python_dop_operator_3.py took 0.712 seconds
[2022-10-05T00:19:31.088+0000] {processor.py:156} INFO - Started process (PID=65) to work on /home/airflow/.local/lib/python3.7/site-packages/airflow/example_dags/example_branch_python_dop_operator_3.py
[2022-10-05T00:19:31.096+0000] {processor.py:758} INFO - Processing file /home/airflow/.local/lib/python3.7/site-packages/airflow/example_dags/example_branch_python_dop_operator_3.py for tasks to queue
[2022-10-05T00:19:31.102+0000] {logging_mixin.py:117} INFO - [2022-10-05T00:19:31.099+0000] {dagbag.py:525} INFO - Filling up the DagBag from /home/airflow/.local/lib/python3.7/site-packages/airflow/example_dags/example_branch_python_dop_operator_3.py
[2022-10-05T00:19:31.447+0000] {processor.py:768} INFO - DAG(s) dict_keys(['example_branch_dop_operator_v3']) retrieved from /home/airflow/.local/lib/python3.7/site-packages/airflow/example_dags/example_branch_python_dop_operator_3.py
[2022-10-05T00:19:37.326+0000] {logging_mixin.py:117} INFO - [2022-10-05T00:19:37.317+0000] {dag.py:2573} INFO - Sync 1 DAGs
[2022-10-05T00:19:37.647+0000] {logging_mixin.py:117} INFO - [2022-10-05T00:19:37.633+0000] {dag.py:3328} INFO - Setting next_dagrun for example_branch_dop_operator_v3 to 2022-10-05T00:18:00+00:00, run_after=2022-10-05T00:19:00+00:00
[2022-10-05T00:19:38.060+0000] {processor.py:178} INFO - Processing /home/airflow/.local/lib/python3.7/site-packages/airflow/example_dags/example_branch_python_dop_operator_3.py took 6.996 seconds
[2022-10-05T00:21:27.104+0000] {processor.py:156} INFO - Started process (PID=66) to work on /home/airflow/.local/lib/python3.7/site-packages/airflow/example_dags/example_branch_python_dop_operator_3.py
[2022-10-05T00:21:27.106+0000] {processor.py:758} INFO - Processing file /home/airflow/.local/lib/python3.7/site-packages/airflow/example_dags/example_branch_python_dop_operator_3.py for tasks to queue
[2022-10-05T00:21:27.110+0000] {logging_mixin.py:117} INFO - [2022-10-05T00:21:27.110+0000] {dagbag.py:525} INFO - Filling up the DagBag from /home/airflow/.local/lib/python3.7/site-packages/airflow/example_dags/example_branch_python_dop_operator_3.py
[2022-10-05T00:21:27.381+0000] {processor.py:768} INFO - DAG(s) dict_keys(['example_branch_dop_operator_v3']) retrieved from /home/airflow/.local/lib/python3.7/site-packages/airflow/example_dags/example_branch_python_dop_operator_3.py
[2022-10-05T00:21:33.931+0000] {logging_mixin.py:117} INFO - [2022-10-05T00:21:33.931+0000] {dag.py:2573} INFO - Sync 1 DAGs
[2022-10-05T00:21:34.252+0000] {logging_mixin.py:117} INFO - [2022-10-05T00:21:34.235+0000] {dag.py:3328} INFO - Setting next_dagrun for example_branch_dop_operator_v3 to 2022-10-05T00:20:00+00:00, run_after=2022-10-05T00:21:00+00:00
[2022-10-05T00:21:34.637+0000] {processor.py:178} INFO - Processing /home/airflow/.local/lib/python3.7/site-packages/airflow/example_dags/example_branch_python_dop_operator_3.py took 7.556 seconds
[2022-10-05T00:23:30.496+0000] {processor.py:156} INFO - Started process (PID=67) to work on /home/airflow/.local/lib/python3.7/site-packages/airflow/example_dags/example_branch_python_dop_operator_3.py
[2022-10-05T00:23:30.500+0000] {processor.py:758} INFO - Processing file /home/airflow/.local/lib/python3.7/site-packages/airflow/example_dags/example_branch_python_dop_operator_3.py for tasks to queue
[2022-10-05T00:23:30.508+0000] {logging_mixin.py:117} INFO - [2022-10-05T00:23:30.508+0000] {dagbag.py:525} INFO - Filling up the DagBag from /home/airflow/.local/lib/python3.7/site-packages/airflow/example_dags/example_branch_python_dop_operator_3.py
[2022-10-05T00:23:30.876+0000] {processor.py:768} INFO - DAG(s) dict_keys(['example_branch_dop_operator_v3']) retrieved from /home/airflow/.local/lib/python3.7/site-packages/airflow/example_dags/example_branch_python_dop_operator_3.py
[2022-10-05T00:23:37.344+0000] {logging_mixin.py:117} INFO - [2022-10-05T00:23:37.343+0000] {dag.py:2573} INFO - Sync 1 DAGs
[2022-10-05T00:23:38.095+0000] {logging_mixin.py:117} INFO - [2022-10-05T00:23:38.095+0000] {dag.py:3328} INFO - Setting next_dagrun for example_branch_dop_operator_v3 to 2022-10-05T00:22:00+00:00, run_after=2022-10-05T00:23:00+00:00
[2022-10-05T00:23:38.549+0000] {processor.py:178} INFO - Processing /home/airflow/.local/lib/python3.7/site-packages/airflow/example_dags/example_branch_python_dop_operator_3.py took 8.069 seconds
[2022-10-05T00:25:02.474+0000] {processor.py:156} INFO - Started process (PID=56) to work on /home/airflow/.local/lib/python3.7/site-packages/airflow/example_dags/example_branch_python_dop_operator_3.py
[2022-10-05T00:25:02.478+0000] {processor.py:758} INFO - Processing file /home/airflow/.local/lib/python3.7/site-packages/airflow/example_dags/example_branch_python_dop_operator_3.py for tasks to queue
[2022-10-05T00:25:02.481+0000] {logging_mixin.py:117} INFO - [2022-10-05T00:25:02.480+0000] {dagbag.py:525} INFO - Filling up the DagBag from /home/airflow/.local/lib/python3.7/site-packages/airflow/example_dags/example_branch_python_dop_operator_3.py
[2022-10-05T00:25:02.571+0000] {processor.py:768} INFO - DAG(s) dict_keys(['example_branch_dop_operator_v3']) retrieved from /home/airflow/.local/lib/python3.7/site-packages/airflow/example_dags/example_branch_python_dop_operator_3.py
[2022-10-05T00:25:03.007+0000] {logging_mixin.py:117} INFO - [2022-10-05T00:25:03.007+0000] {dag.py:2573} INFO - Sync 1 DAGs
[2022-10-05T00:25:03.079+0000] {logging_mixin.py:117} INFO - [2022-10-05T00:25:03.079+0000] {dag.py:3328} INFO - Setting next_dagrun for example_branch_dop_operator_v3 to 2022-10-05T00:24:00+00:00, run_after=2022-10-05T00:25:00+00:00
[2022-10-05T00:25:04.245+0000] {processor.py:178} INFO - Processing /home/airflow/.local/lib/python3.7/site-packages/airflow/example_dags/example_branch_python_dop_operator_3.py took 1.793 seconds
[2022-10-05T00:27:51.971+0000] {processor.py:156} INFO - Started process (PID=65) to work on /home/airflow/.local/lib/python3.7/site-packages/airflow/example_dags/example_branch_python_dop_operator_3.py
[2022-10-05T00:27:51.973+0000] {processor.py:758} INFO - Processing file /home/airflow/.local/lib/python3.7/site-packages/airflow/example_dags/example_branch_python_dop_operator_3.py for tasks to queue
[2022-10-05T00:27:51.974+0000] {logging_mixin.py:117} INFO - [2022-10-05T00:27:51.974+0000] {dagbag.py:525} INFO - Filling up the DagBag from /home/airflow/.local/lib/python3.7/site-packages/airflow/example_dags/example_branch_python_dop_operator_3.py
[2022-10-05T00:27:52.084+0000] {processor.py:768} INFO - DAG(s) dict_keys(['example_branch_dop_operator_v3']) retrieved from /home/airflow/.local/lib/python3.7/site-packages/airflow/example_dags/example_branch_python_dop_operator_3.py
[2022-10-05T00:27:55.274+0000] {logging_mixin.py:117} INFO - [2022-10-05T00:27:55.263+0000] {dag.py:2573} INFO - Sync 1 DAGs
[2022-10-05T00:28:00.423+0000] {logging_mixin.py:117} INFO - [2022-10-05T00:28:00.423+0000] {dag.py:3328} INFO - Setting next_dagrun for example_branch_dop_operator_v3 to 2022-10-05T00:27:00+00:00, run_after=2022-10-05T00:28:00+00:00
[2022-10-05T00:28:01.627+0000] {processor.py:178} INFO - Processing /home/airflow/.local/lib/python3.7/site-packages/airflow/example_dags/example_branch_python_dop_operator_3.py took 9.661 seconds
[2022-10-05T00:30:30.364+0000] {processor.py:156} INFO - Started process (PID=68) to work on /home/airflow/.local/lib/python3.7/site-packages/airflow/example_dags/example_branch_python_dop_operator_3.py
[2022-10-05T00:30:30.368+0000] {processor.py:758} INFO - Processing file /home/airflow/.local/lib/python3.7/site-packages/airflow/example_dags/example_branch_python_dop_operator_3.py for tasks to queue
[2022-10-05T00:30:30.371+0000] {logging_mixin.py:117} INFO - [2022-10-05T00:30:30.370+0000] {dagbag.py:525} INFO - Filling up the DagBag from /home/airflow/.local/lib/python3.7/site-packages/airflow/example_dags/example_branch_python_dop_operator_3.py
[2022-10-05T00:30:30.463+0000] {processor.py:768} INFO - DAG(s) dict_keys(['example_branch_dop_operator_v3']) retrieved from /home/airflow/.local/lib/python3.7/site-packages/airflow/example_dags/example_branch_python_dop_operator_3.py
[2022-10-05T00:30:30.880+0000] {logging_mixin.py:117} INFO - [2022-10-05T00:30:30.880+0000] {dag.py:2573} INFO - Sync 1 DAGs
[2022-10-05T00:30:30.915+0000] {logging_mixin.py:117} INFO - [2022-10-05T00:30:30.915+0000] {dag.py:3328} INFO - Setting next_dagrun for example_branch_dop_operator_v3 to 2022-10-05T00:29:00+00:00, run_after=2022-10-05T00:30:00+00:00
[2022-10-05T00:30:30.963+0000] {processor.py:178} INFO - Processing /home/airflow/.local/lib/python3.7/site-packages/airflow/example_dags/example_branch_python_dop_operator_3.py took 0.607 seconds
[2022-10-05T00:33:03.238+0000] {processor.py:156} INFO - Started process (PID=66) to work on /home/airflow/.local/lib/python3.7/site-packages/airflow/example_dags/example_branch_python_dop_operator_3.py
[2022-10-05T00:33:03.291+0000] {processor.py:758} INFO - Processing file /home/airflow/.local/lib/python3.7/site-packages/airflow/example_dags/example_branch_python_dop_operator_3.py for tasks to queue
[2022-10-05T00:33:03.310+0000] {logging_mixin.py:117} INFO - [2022-10-05T00:33:03.298+0000] {dagbag.py:525} INFO - Filling up the DagBag from /home/airflow/.local/lib/python3.7/site-packages/airflow/example_dags/example_branch_python_dop_operator_3.py
[2022-10-05T00:33:03.913+0000] {processor.py:768} INFO - DAG(s) dict_keys(['example_branch_dop_operator_v3']) retrieved from /home/airflow/.local/lib/python3.7/site-packages/airflow/example_dags/example_branch_python_dop_operator_3.py
[2022-10-05T00:33:12.128+0000] {logging_mixin.py:117} INFO - [2022-10-05T00:33:12.118+0000] {dag.py:2573} INFO - Sync 1 DAGs
[2022-10-05T00:33:12.654+0000] {logging_mixin.py:117} INFO - [2022-10-05T00:33:12.649+0000] {dag.py:3328} INFO - Setting next_dagrun for example_branch_dop_operator_v3 to 2022-10-05T00:32:00+00:00, run_after=2022-10-05T00:33:00+00:00
[2022-10-05T00:33:13.297+0000] {processor.py:178} INFO - Processing /home/airflow/.local/lib/python3.7/site-packages/airflow/example_dags/example_branch_python_dop_operator_3.py took 10.153 seconds
[2022-10-05T00:34:39.515+0000] {processor.py:156} INFO - Started process (PID=57) to work on /home/airflow/.local/lib/python3.7/site-packages/airflow/example_dags/example_branch_python_dop_operator_3.py
[2022-10-05T00:34:39.516+0000] {processor.py:758} INFO - Processing file /home/airflow/.local/lib/python3.7/site-packages/airflow/example_dags/example_branch_python_dop_operator_3.py for tasks to queue
[2022-10-05T00:34:39.517+0000] {logging_mixin.py:117} INFO - [2022-10-05T00:34:39.517+0000] {dagbag.py:525} INFO - Filling up the DagBag from /home/airflow/.local/lib/python3.7/site-packages/airflow/example_dags/example_branch_python_dop_operator_3.py
[2022-10-05T00:34:39.574+0000] {processor.py:768} INFO - DAG(s) dict_keys(['example_branch_dop_operator_v3']) retrieved from /home/airflow/.local/lib/python3.7/site-packages/airflow/example_dags/example_branch_python_dop_operator_3.py
[2022-10-05T00:34:40.952+0000] {logging_mixin.py:117} INFO - [2022-10-05T00:34:40.952+0000] {dag.py:2573} INFO - Sync 1 DAGs
[2022-10-05T00:34:41.041+0000] {logging_mixin.py:117} INFO - [2022-10-05T00:34:41.041+0000] {dag.py:3328} INFO - Setting next_dagrun for example_branch_dop_operator_v3 to 2022-10-05T00:33:00+00:00, run_after=2022-10-05T00:34:00+00:00
[2022-10-05T00:34:42.909+0000] {processor.py:178} INFO - Processing /home/airflow/.local/lib/python3.7/site-packages/airflow/example_dags/example_branch_python_dop_operator_3.py took 3.399 seconds
[2022-10-05T00:36:49.158+0000] {processor.py:156} INFO - Started process (PID=57) to work on /home/airflow/.local/lib/python3.7/site-packages/airflow/example_dags/example_branch_python_dop_operator_3.py
[2022-10-05T00:36:49.160+0000] {processor.py:758} INFO - Processing file /home/airflow/.local/lib/python3.7/site-packages/airflow/example_dags/example_branch_python_dop_operator_3.py for tasks to queue
[2022-10-05T00:36:49.161+0000] {logging_mixin.py:117} INFO - [2022-10-05T00:36:49.161+0000] {dagbag.py:525} INFO - Filling up the DagBag from /home/airflow/.local/lib/python3.7/site-packages/airflow/example_dags/example_branch_python_dop_operator_3.py
[2022-10-05T00:36:49.240+0000] {processor.py:768} INFO - DAG(s) dict_keys(['example_branch_dop_operator_v3']) retrieved from /home/airflow/.local/lib/python3.7/site-packages/airflow/example_dags/example_branch_python_dop_operator_3.py
[2022-10-05T00:36:50.360+0000] {logging_mixin.py:117} INFO - [2022-10-05T00:36:50.359+0000] {dag.py:2573} INFO - Sync 1 DAGs
[2022-10-05T00:36:51.246+0000] {logging_mixin.py:117} INFO - [2022-10-05T00:36:51.246+0000] {dag.py:3328} INFO - Setting next_dagrun for example_branch_dop_operator_v3 to 2022-10-05T00:35:00+00:00, run_after=2022-10-05T00:36:00+00:00
[2022-10-05T00:36:52.428+0000] {processor.py:178} INFO - Processing /home/airflow/.local/lib/python3.7/site-packages/airflow/example_dags/example_branch_python_dop_operator_3.py took 3.274 seconds
[2022-10-05T00:38:54.961+0000] {processor.py:156} INFO - Started process (PID=58) to work on /home/airflow/.local/lib/python3.7/site-packages/airflow/example_dags/example_branch_python_dop_operator_3.py
[2022-10-05T00:38:54.963+0000] {processor.py:758} INFO - Processing file /home/airflow/.local/lib/python3.7/site-packages/airflow/example_dags/example_branch_python_dop_operator_3.py for tasks to queue
[2022-10-05T00:38:54.964+0000] {logging_mixin.py:117} INFO - [2022-10-05T00:38:54.963+0000] {dagbag.py:525} INFO - Filling up the DagBag from /home/airflow/.local/lib/python3.7/site-packages/airflow/example_dags/example_branch_python_dop_operator_3.py
[2022-10-05T00:38:54.999+0000] {processor.py:768} INFO - DAG(s) dict_keys(['example_branch_dop_operator_v3']) retrieved from /home/airflow/.local/lib/python3.7/site-packages/airflow/example_dags/example_branch_python_dop_operator_3.py
[2022-10-05T00:38:55.347+0000] {logging_mixin.py:117} INFO - [2022-10-05T00:38:55.347+0000] {dag.py:2573} INFO - Sync 1 DAGs
[2022-10-05T00:38:55.461+0000] {logging_mixin.py:117} INFO - [2022-10-05T00:38:55.460+0000] {dag.py:3328} INFO - Setting next_dagrun for example_branch_dop_operator_v3 to 2022-10-05T00:37:00+00:00, run_after=2022-10-05T00:38:00+00:00
[2022-10-05T00:38:55.766+0000] {processor.py:178} INFO - Processing /home/airflow/.local/lib/python3.7/site-packages/airflow/example_dags/example_branch_python_dop_operator_3.py took 0.809 seconds
[2022-10-05T00:41:08.912+0000] {processor.py:156} INFO - Started process (PID=58) to work on /home/airflow/.local/lib/python3.7/site-packages/airflow/example_dags/example_branch_python_dop_operator_3.py
[2022-10-05T00:41:08.913+0000] {processor.py:758} INFO - Processing file /home/airflow/.local/lib/python3.7/site-packages/airflow/example_dags/example_branch_python_dop_operator_3.py for tasks to queue
[2022-10-05T00:41:08.914+0000] {logging_mixin.py:117} INFO - [2022-10-05T00:41:08.914+0000] {dagbag.py:525} INFO - Filling up the DagBag from /home/airflow/.local/lib/python3.7/site-packages/airflow/example_dags/example_branch_python_dop_operator_3.py
[2022-10-05T00:41:08.966+0000] {processor.py:768} INFO - DAG(s) dict_keys(['example_branch_dop_operator_v3']) retrieved from /home/airflow/.local/lib/python3.7/site-packages/airflow/example_dags/example_branch_python_dop_operator_3.py
[2022-10-05T00:41:09.310+0000] {logging_mixin.py:117} INFO - [2022-10-05T00:41:09.310+0000] {dag.py:2573} INFO - Sync 1 DAGs
[2022-10-05T00:41:10.205+0000] {logging_mixin.py:117} INFO - [2022-10-05T00:41:10.198+0000] {dag.py:3328} INFO - Setting next_dagrun for example_branch_dop_operator_v3 to 2022-10-05T00:40:00+00:00, run_after=2022-10-05T00:41:00+00:00
[2022-10-05T00:41:11.806+0000] {processor.py:178} INFO - Processing /home/airflow/.local/lib/python3.7/site-packages/airflow/example_dags/example_branch_python_dop_operator_3.py took 2.898 seconds
[2022-10-05T00:43:26.330+0000] {processor.py:156} INFO - Started process (PID=66) to work on /home/airflow/.local/lib/python3.7/site-packages/airflow/example_dags/example_branch_python_dop_operator_3.py
[2022-10-05T00:43:26.385+0000] {processor.py:758} INFO - Processing file /home/airflow/.local/lib/python3.7/site-packages/airflow/example_dags/example_branch_python_dop_operator_3.py for tasks to queue
[2022-10-05T00:43:27.962+0000] {logging_mixin.py:117} INFO - [2022-10-05T00:43:27.937+0000] {dagbag.py:525} INFO - Filling up the DagBag from /home/airflow/.local/lib/python3.7/site-packages/airflow/example_dags/example_branch_python_dop_operator_3.py
[2022-10-05T00:43:30.526+0000] {processor.py:768} INFO - DAG(s) dict_keys(['example_branch_dop_operator_v3']) retrieved from /home/airflow/.local/lib/python3.7/site-packages/airflow/example_dags/example_branch_python_dop_operator_3.py
[2022-10-05T00:43:41.379+0000] {logging_mixin.py:117} INFO - [2022-10-05T00:43:41.347+0000] {dag.py:2573} INFO - Sync 1 DAGs
[2022-10-05T00:43:41.876+0000] {logging_mixin.py:117} INFO - [2022-10-05T00:43:41.840+0000] {dag.py:3328} INFO - Setting next_dagrun for example_branch_dop_operator_v3 to 2022-10-05T00:42:00+00:00, run_after=2022-10-05T00:43:00+00:00
[2022-10-05T00:43:47.590+0000] {processor.py:178} INFO - Processing /home/airflow/.local/lib/python3.7/site-packages/airflow/example_dags/example_branch_python_dop_operator_3.py took 21.344 seconds
[2022-10-05T00:46:10.004+0000] {processor.py:156} INFO - Started process (PID=65) to work on /home/airflow/.local/lib/python3.7/site-packages/airflow/example_dags/example_branch_python_dop_operator_3.py
[2022-10-05T00:46:10.011+0000] {processor.py:758} INFO - Processing file /home/airflow/.local/lib/python3.7/site-packages/airflow/example_dags/example_branch_python_dop_operator_3.py for tasks to queue
[2022-10-05T00:46:10.024+0000] {logging_mixin.py:117} INFO - [2022-10-05T00:46:10.018+0000] {dagbag.py:525} INFO - Filling up the DagBag from /home/airflow/.local/lib/python3.7/site-packages/airflow/example_dags/example_branch_python_dop_operator_3.py
[2022-10-05T00:46:10.907+0000] {processor.py:768} INFO - DAG(s) dict_keys(['example_branch_dop_operator_v3']) retrieved from /home/airflow/.local/lib/python3.7/site-packages/airflow/example_dags/example_branch_python_dop_operator_3.py
[2022-10-05T00:46:19.768+0000] {logging_mixin.py:117} INFO - [2022-10-05T00:46:19.765+0000] {dag.py:2573} INFO - Sync 1 DAGs
[2022-10-05T00:46:22.847+0000] {logging_mixin.py:117} INFO - [2022-10-05T00:46:22.751+0000] {dag.py:3328} INFO - Setting next_dagrun for example_branch_dop_operator_v3 to 2022-10-05T00:45:00+00:00, run_after=2022-10-05T00:46:00+00:00
[2022-10-05T00:46:24.088+0000] {processor.py:178} INFO - Processing /home/airflow/.local/lib/python3.7/site-packages/airflow/example_dags/example_branch_python_dop_operator_3.py took 14.119 seconds
[2022-10-05T00:49:09.029+0000] {processor.py:156} INFO - Started process (PID=64) to work on /home/airflow/.local/lib/python3.7/site-packages/airflow/example_dags/example_branch_python_dop_operator_3.py
[2022-10-05T00:49:09.049+0000] {processor.py:758} INFO - Processing file /home/airflow/.local/lib/python3.7/site-packages/airflow/example_dags/example_branch_python_dop_operator_3.py for tasks to queue
[2022-10-05T00:49:09.050+0000] {logging_mixin.py:117} INFO - [2022-10-05T00:49:09.050+0000] {dagbag.py:525} INFO - Filling up the DagBag from /home/airflow/.local/lib/python3.7/site-packages/airflow/example_dags/example_branch_python_dop_operator_3.py
[2022-10-05T00:49:10.743+0000] {processor.py:768} INFO - DAG(s) dict_keys(['example_branch_dop_operator_v3']) retrieved from /home/airflow/.local/lib/python3.7/site-packages/airflow/example_dags/example_branch_python_dop_operator_3.py
[2022-10-05T00:49:16.795+0000] {logging_mixin.py:117} INFO - [2022-10-05T00:49:16.789+0000] {dag.py:2573} INFO - Sync 1 DAGs
[2022-10-05T00:49:17.229+0000] {logging_mixin.py:117} INFO - [2022-10-05T00:49:17.229+0000] {dag.py:3328} INFO - Setting next_dagrun for example_branch_dop_operator_v3 to 2022-10-05T00:48:00+00:00, run_after=2022-10-05T00:49:00+00:00
[2022-10-05T00:49:17.567+0000] {processor.py:178} INFO - Processing /home/airflow/.local/lib/python3.7/site-packages/airflow/example_dags/example_branch_python_dop_operator_3.py took 8.588 seconds
[2022-10-05T00:51:54.573+0000] {processor.py:156} INFO - Started process (PID=72) to work on /home/airflow/.local/lib/python3.7/site-packages/airflow/example_dags/example_branch_python_dop_operator_3.py
[2022-10-05T00:51:54.588+0000] {processor.py:758} INFO - Processing file /home/airflow/.local/lib/python3.7/site-packages/airflow/example_dags/example_branch_python_dop_operator_3.py for tasks to queue
[2022-10-05T00:51:54.605+0000] {logging_mixin.py:117} INFO - [2022-10-05T00:51:54.605+0000] {dagbag.py:525} INFO - Filling up the DagBag from /home/airflow/.local/lib/python3.7/site-packages/airflow/example_dags/example_branch_python_dop_operator_3.py
[2022-10-05T00:51:55.171+0000] {processor.py:768} INFO - DAG(s) dict_keys(['example_branch_dop_operator_v3']) retrieved from /home/airflow/.local/lib/python3.7/site-packages/airflow/example_dags/example_branch_python_dop_operator_3.py
[2022-10-05T00:51:58.362+0000] {logging_mixin.py:117} INFO - [2022-10-05T00:51:58.362+0000] {dag.py:2573} INFO - Sync 1 DAGs
[2022-10-05T00:51:58.650+0000] {logging_mixin.py:117} INFO - [2022-10-05T00:51:58.650+0000] {dag.py:3328} INFO - Setting next_dagrun for example_branch_dop_operator_v3 to 2022-10-05T00:50:00+00:00, run_after=2022-10-05T00:51:00+00:00
[2022-10-05T00:52:04.487+0000] {processor.py:178} INFO - Processing /home/airflow/.local/lib/python3.7/site-packages/airflow/example_dags/example_branch_python_dop_operator_3.py took 9.962 seconds
[2022-10-05T00:54:28.504+0000] {processor.py:156} INFO - Started process (PID=59) to work on /home/airflow/.local/lib/python3.7/site-packages/airflow/example_dags/example_branch_python_dop_operator_3.py
[2022-10-05T00:54:28.508+0000] {processor.py:758} INFO - Processing file /home/airflow/.local/lib/python3.7/site-packages/airflow/example_dags/example_branch_python_dop_operator_3.py for tasks to queue
[2022-10-05T00:54:28.509+0000] {logging_mixin.py:117} INFO - [2022-10-05T00:54:28.509+0000] {dagbag.py:525} INFO - Filling up the DagBag from /home/airflow/.local/lib/python3.7/site-packages/airflow/example_dags/example_branch_python_dop_operator_3.py
[2022-10-05T00:54:28.913+0000] {processor.py:768} INFO - DAG(s) dict_keys(['example_branch_dop_operator_v3']) retrieved from /home/airflow/.local/lib/python3.7/site-packages/airflow/example_dags/example_branch_python_dop_operator_3.py
[2022-10-05T00:54:28.993+0000] {logging_mixin.py:117} INFO - [2022-10-05T00:54:28.993+0000] {dag.py:2573} INFO - Sync 1 DAGs
[2022-10-05T00:54:29.087+0000] {logging_mixin.py:117} INFO - [2022-10-05T00:54:29.087+0000] {dag.py:3328} INFO - Setting next_dagrun for example_branch_dop_operator_v3 to 2022-10-05T00:53:00+00:00, run_after=2022-10-05T00:54:00+00:00
[2022-10-05T00:54:29.673+0000] {processor.py:178} INFO - Processing /home/airflow/.local/lib/python3.7/site-packages/airflow/example_dags/example_branch_python_dop_operator_3.py took 1.178 seconds
[2022-10-05T00:56:25.065+0000] {processor.py:156} INFO - Started process (PID=67) to work on /home/airflow/.local/lib/python3.7/site-packages/airflow/example_dags/example_branch_python_dop_operator_3.py
[2022-10-05T00:56:25.073+0000] {processor.py:758} INFO - Processing file /home/airflow/.local/lib/python3.7/site-packages/airflow/example_dags/example_branch_python_dop_operator_3.py for tasks to queue
[2022-10-05T00:56:25.081+0000] {logging_mixin.py:117} INFO - [2022-10-05T00:56:25.081+0000] {dagbag.py:525} INFO - Filling up the DagBag from /home/airflow/.local/lib/python3.7/site-packages/airflow/example_dags/example_branch_python_dop_operator_3.py
[2022-10-05T00:56:25.470+0000] {processor.py:768} INFO - DAG(s) dict_keys(['example_branch_dop_operator_v3']) retrieved from /home/airflow/.local/lib/python3.7/site-packages/airflow/example_dags/example_branch_python_dop_operator_3.py
[2022-10-05T00:56:28.322+0000] {logging_mixin.py:117} INFO - [2022-10-05T00:56:28.316+0000] {dag.py:2573} INFO - Sync 1 DAGs
[2022-10-05T00:56:28.508+0000] {logging_mixin.py:117} INFO - [2022-10-05T00:56:28.508+0000] {dag.py:3328} INFO - Setting next_dagrun for example_branch_dop_operator_v3 to 2022-10-05T00:55:00+00:00, run_after=2022-10-05T00:56:00+00:00
[2022-10-05T00:56:29.120+0000] {processor.py:178} INFO - Processing /home/airflow/.local/lib/python3.7/site-packages/airflow/example_dags/example_branch_python_dop_operator_3.py took 4.094 seconds
