[2022-10-05T00:01:07.215+0000] {processor.py:156} INFO - Started process (PID=88) to work on /home/airflow/.local/lib/python3.7/site-packages/airflow/example_dags/example_dag_decorator.py
[2022-10-05T00:01:07.216+0000] {processor.py:758} INFO - Processing file /home/airflow/.local/lib/python3.7/site-packages/airflow/example_dags/example_dag_decorator.py for tasks to queue
[2022-10-05T00:01:07.218+0000] {logging_mixin.py:117} INFO - [2022-10-05T00:01:07.218+0000] {dagbag.py:525} INFO - Filling up the DagBag from /home/airflow/.local/lib/python3.7/site-packages/airflow/example_dags/example_dag_decorator.py
[2022-10-05T00:01:08.736+0000] {processor.py:768} INFO - DAG(s) dict_keys(['example_dag_decorator']) retrieved from /home/airflow/.local/lib/python3.7/site-packages/airflow/example_dags/example_dag_decorator.py
[2022-10-05T00:01:11.169+0000] {logging_mixin.py:117} INFO - [2022-10-05T00:01:11.169+0000] {dag.py:2573} INFO - Sync 1 DAGs
[2022-10-05T00:01:11.382+0000] {logging_mixin.py:117} INFO - [2022-10-05T00:01:11.382+0000] {dag.py:3328} INFO - Setting next_dagrun for example_dag_decorator to None, run_after=None
[2022-10-05T00:01:11.633+0000] {processor.py:178} INFO - Processing /home/airflow/.local/lib/python3.7/site-packages/airflow/example_dags/example_dag_decorator.py took 4.436 seconds
[2022-10-05T00:05:15.840+0000] {processor.py:156} INFO - Started process (PID=97) to work on /home/airflow/.local/lib/python3.7/site-packages/airflow/example_dags/example_dag_decorator.py
[2022-10-05T00:05:15.860+0000] {processor.py:758} INFO - Processing file /home/airflow/.local/lib/python3.7/site-packages/airflow/example_dags/example_dag_decorator.py for tasks to queue
[2022-10-05T00:05:15.862+0000] {logging_mixin.py:117} INFO - [2022-10-05T00:05:15.862+0000] {dagbag.py:525} INFO - Filling up the DagBag from /home/airflow/.local/lib/python3.7/site-packages/airflow/example_dags/example_dag_decorator.py
[2022-10-05T00:07:20.729+0000] {processor.py:156} INFO - Started process (PID=98) to work on /home/airflow/.local/lib/python3.7/site-packages/airflow/example_dags/example_dag_decorator.py
[2022-10-05T00:07:20.731+0000] {processor.py:758} INFO - Processing file /home/airflow/.local/lib/python3.7/site-packages/airflow/example_dags/example_dag_decorator.py for tasks to queue
[2022-10-05T00:07:20.732+0000] {logging_mixin.py:117} INFO - [2022-10-05T00:07:20.732+0000] {dagbag.py:525} INFO - Filling up the DagBag from /home/airflow/.local/lib/python3.7/site-packages/airflow/example_dags/example_dag_decorator.py
[2022-10-05T00:07:20.968+0000] {processor.py:768} INFO - DAG(s) dict_keys(['example_dag_decorator']) retrieved from /home/airflow/.local/lib/python3.7/site-packages/airflow/example_dags/example_dag_decorator.py
[2022-10-05T00:07:21.094+0000] {logging_mixin.py:117} INFO - [2022-10-05T00:07:21.093+0000] {dag.py:2573} INFO - Sync 1 DAGs
[2022-10-05T00:07:21.132+0000] {logging_mixin.py:117} INFO - [2022-10-05T00:07:21.132+0000] {dag.py:3328} INFO - Setting next_dagrun for example_dag_decorator to None, run_after=None
[2022-10-05T00:07:21.553+0000] {processor.py:178} INFO - Processing /home/airflow/.local/lib/python3.7/site-packages/airflow/example_dags/example_dag_decorator.py took 0.829 seconds
[2022-10-05T00:09:02.400+0000] {processor.py:156} INFO - Started process (PID=88) to work on /home/airflow/.local/lib/python3.7/site-packages/airflow/example_dags/example_dag_decorator.py
[2022-10-05T00:09:02.401+0000] {processor.py:758} INFO - Processing file /home/airflow/.local/lib/python3.7/site-packages/airflow/example_dags/example_dag_decorator.py for tasks to queue
[2022-10-05T00:09:02.402+0000] {logging_mixin.py:117} INFO - [2022-10-05T00:09:02.402+0000] {dagbag.py:525} INFO - Filling up the DagBag from /home/airflow/.local/lib/python3.7/site-packages/airflow/example_dags/example_dag_decorator.py
[2022-10-05T00:09:02.590+0000] {processor.py:768} INFO - DAG(s) dict_keys(['example_dag_decorator']) retrieved from /home/airflow/.local/lib/python3.7/site-packages/airflow/example_dags/example_dag_decorator.py
[2022-10-05T00:09:02.695+0000] {logging_mixin.py:117} INFO - [2022-10-05T00:09:02.695+0000] {dag.py:2573} INFO - Sync 1 DAGs
[2022-10-05T00:09:02.722+0000] {logging_mixin.py:117} INFO - [2022-10-05T00:09:02.722+0000] {dag.py:3328} INFO - Setting next_dagrun for example_dag_decorator to None, run_after=None
[2022-10-05T00:09:02.853+0000] {processor.py:178} INFO - Processing /home/airflow/.local/lib/python3.7/site-packages/airflow/example_dags/example_dag_decorator.py took 0.457 seconds
[2022-10-05T00:13:42.416+0000] {processor.py:156} INFO - Started process (PID=105) to work on /home/airflow/.local/lib/python3.7/site-packages/airflow/example_dags/example_dag_decorator.py
[2022-10-05T00:13:42.418+0000] {processor.py:758} INFO - Processing file /home/airflow/.local/lib/python3.7/site-packages/airflow/example_dags/example_dag_decorator.py for tasks to queue
[2022-10-05T00:13:42.428+0000] {logging_mixin.py:117} INFO - [2022-10-05T00:13:42.421+0000] {dagbag.py:525} INFO - Filling up the DagBag from /home/airflow/.local/lib/python3.7/site-packages/airflow/example_dags/example_dag_decorator.py
[2022-10-05T00:13:43.344+0000] {processor.py:768} INFO - DAG(s) dict_keys(['example_dag_decorator']) retrieved from /home/airflow/.local/lib/python3.7/site-packages/airflow/example_dags/example_dag_decorator.py
[2022-10-05T00:13:43.683+0000] {logging_mixin.py:117} INFO - [2022-10-05T00:13:43.682+0000] {dag.py:2573} INFO - Sync 1 DAGs
[2022-10-05T00:13:43.761+0000] {logging_mixin.py:117} INFO - [2022-10-05T00:13:43.760+0000] {dag.py:3328} INFO - Setting next_dagrun for example_dag_decorator to None, run_after=None
[2022-10-05T00:13:43.968+0000] {processor.py:178} INFO - Processing /home/airflow/.local/lib/python3.7/site-packages/airflow/example_dags/example_dag_decorator.py took 1.569 seconds
[2022-10-05T00:16:12.363+0000] {processor.py:156} INFO - Started process (PID=106) to work on /home/airflow/.local/lib/python3.7/site-packages/airflow/example_dags/example_dag_decorator.py
[2022-10-05T00:16:12.370+0000] {processor.py:758} INFO - Processing file /home/airflow/.local/lib/python3.7/site-packages/airflow/example_dags/example_dag_decorator.py for tasks to queue
[2022-10-05T00:16:12.376+0000] {logging_mixin.py:117} INFO - [2022-10-05T00:16:12.375+0000] {dagbag.py:525} INFO - Filling up the DagBag from /home/airflow/.local/lib/python3.7/site-packages/airflow/example_dags/example_dag_decorator.py
[2022-10-05T00:16:13.692+0000] {processor.py:768} INFO - DAG(s) dict_keys(['example_dag_decorator']) retrieved from /home/airflow/.local/lib/python3.7/site-packages/airflow/example_dags/example_dag_decorator.py
[2022-10-05T00:16:14.229+0000] {logging_mixin.py:117} INFO - [2022-10-05T00:16:14.229+0000] {dag.py:2573} INFO - Sync 1 DAGs
[2022-10-05T00:16:14.770+0000] {logging_mixin.py:117} INFO - [2022-10-05T00:16:14.770+0000] {dag.py:3328} INFO - Setting next_dagrun for example_dag_decorator to None, run_after=None
[2022-10-05T00:18:07.100+0000] {processor.py:156} INFO - Started process (PID=107) to work on /home/airflow/.local/lib/python3.7/site-packages/airflow/example_dags/example_dag_decorator.py
[2022-10-05T00:18:07.120+0000] {processor.py:758} INFO - Processing file /home/airflow/.local/lib/python3.7/site-packages/airflow/example_dags/example_dag_decorator.py for tasks to queue
[2022-10-05T00:18:07.121+0000] {logging_mixin.py:117} INFO - [2022-10-05T00:18:07.121+0000] {dagbag.py:525} INFO - Filling up the DagBag from /home/airflow/.local/lib/python3.7/site-packages/airflow/example_dags/example_dag_decorator.py
[2022-10-05T00:18:08.165+0000] {processor.py:768} INFO - DAG(s) dict_keys(['example_dag_decorator']) retrieved from /home/airflow/.local/lib/python3.7/site-packages/airflow/example_dags/example_dag_decorator.py
[2022-10-05T00:18:08.645+0000] {logging_mixin.py:117} INFO - [2022-10-05T00:18:08.645+0000] {dag.py:2573} INFO - Sync 1 DAGs
[2022-10-05T00:18:08.781+0000] {logging_mixin.py:117} INFO - [2022-10-05T00:18:08.781+0000] {dag.py:3328} INFO - Setting next_dagrun for example_dag_decorator to None, run_after=None
[2022-10-05T00:18:09.272+0000] {processor.py:178} INFO - Processing /home/airflow/.local/lib/python3.7/site-packages/airflow/example_dags/example_dag_decorator.py took 2.191 seconds
[2022-10-05T00:20:02.899+0000] {processor.py:156} INFO - Started process (PID=106) to work on /home/airflow/.local/lib/python3.7/site-packages/airflow/example_dags/example_dag_decorator.py
[2022-10-05T00:20:02.913+0000] {processor.py:758} INFO - Processing file /home/airflow/.local/lib/python3.7/site-packages/airflow/example_dags/example_dag_decorator.py for tasks to queue
[2022-10-05T00:20:02.937+0000] {logging_mixin.py:117} INFO - [2022-10-05T00:20:02.937+0000] {dagbag.py:525} INFO - Filling up the DagBag from /home/airflow/.local/lib/python3.7/site-packages/airflow/example_dags/example_dag_decorator.py
[2022-10-05T00:21:55.652+0000] {processor.py:156} INFO - Started process (PID=107) to work on /home/airflow/.local/lib/python3.7/site-packages/airflow/example_dags/example_dag_decorator.py
[2022-10-05T00:21:55.660+0000] {processor.py:758} INFO - Processing file /home/airflow/.local/lib/python3.7/site-packages/airflow/example_dags/example_dag_decorator.py for tasks to queue
[2022-10-05T00:21:55.670+0000] {logging_mixin.py:117} INFO - [2022-10-05T00:21:55.669+0000] {dagbag.py:525} INFO - Filling up the DagBag from /home/airflow/.local/lib/python3.7/site-packages/airflow/example_dags/example_dag_decorator.py
[2022-10-05T00:21:57.615+0000] {processor.py:768} INFO - DAG(s) dict_keys(['example_dag_decorator']) retrieved from /home/airflow/.local/lib/python3.7/site-packages/airflow/example_dags/example_dag_decorator.py
[2022-10-05T00:21:58.189+0000] {logging_mixin.py:117} INFO - [2022-10-05T00:21:58.186+0000] {dag.py:2573} INFO - Sync 1 DAGs
[2022-10-05T00:21:58.282+0000] {logging_mixin.py:117} INFO - [2022-10-05T00:21:58.281+0000] {dag.py:3328} INFO - Setting next_dagrun for example_dag_decorator to None, run_after=None
[2022-10-05T00:21:58.765+0000] {processor.py:178} INFO - Processing /home/airflow/.local/lib/python3.7/site-packages/airflow/example_dags/example_dag_decorator.py took 3.151 seconds
[2022-10-05T00:25:56.753+0000] {processor.py:156} INFO - Started process (PID=105) to work on /home/airflow/.local/lib/python3.7/site-packages/airflow/example_dags/example_dag_decorator.py
[2022-10-05T00:25:56.764+0000] {processor.py:758} INFO - Processing file /home/airflow/.local/lib/python3.7/site-packages/airflow/example_dags/example_dag_decorator.py for tasks to queue
[2022-10-05T00:25:56.776+0000] {logging_mixin.py:117} INFO - [2022-10-05T00:25:56.776+0000] {dagbag.py:525} INFO - Filling up the DagBag from /home/airflow/.local/lib/python3.7/site-packages/airflow/example_dags/example_dag_decorator.py
[2022-10-05T00:25:58.673+0000] {processor.py:768} INFO - DAG(s) dict_keys(['example_dag_decorator']) retrieved from /home/airflow/.local/lib/python3.7/site-packages/airflow/example_dags/example_dag_decorator.py
[2022-10-05T00:25:59.481+0000] {logging_mixin.py:117} INFO - [2022-10-05T00:25:59.481+0000] {dag.py:2573} INFO - Sync 1 DAGs
[2022-10-05T00:25:59.740+0000] {logging_mixin.py:117} INFO - [2022-10-05T00:25:59.740+0000] {dag.py:3328} INFO - Setting next_dagrun for example_dag_decorator to None, run_after=None
[2022-10-05T00:25:59.974+0000] {processor.py:178} INFO - Processing /home/airflow/.local/lib/python3.7/site-packages/airflow/example_dags/example_dag_decorator.py took 3.251 seconds
[2022-10-05T00:31:38.308+0000] {processor.py:156} INFO - Started process (PID=118) to work on /home/airflow/.local/lib/python3.7/site-packages/airflow/example_dags/example_dag_decorator.py
[2022-10-05T00:31:38.344+0000] {processor.py:758} INFO - Processing file /home/airflow/.local/lib/python3.7/site-packages/airflow/example_dags/example_dag_decorator.py for tasks to queue
[2022-10-05T00:31:38.350+0000] {logging_mixin.py:117} INFO - [2022-10-05T00:31:38.350+0000] {dagbag.py:525} INFO - Filling up the DagBag from /home/airflow/.local/lib/python3.7/site-packages/airflow/example_dags/example_dag_decorator.py
[2022-10-05T00:31:39.989+0000] {processor.py:768} INFO - DAG(s) dict_keys(['example_dag_decorator']) retrieved from /home/airflow/.local/lib/python3.7/site-packages/airflow/example_dags/example_dag_decorator.py
[2022-10-05T00:31:40.693+0000] {logging_mixin.py:117} INFO - [2022-10-05T00:31:40.693+0000] {dag.py:2573} INFO - Sync 1 DAGs
[2022-10-05T00:31:41.028+0000] {logging_mixin.py:117} INFO - [2022-10-05T00:31:41.028+0000] {dag.py:3328} INFO - Setting next_dagrun for example_dag_decorator to None, run_after=None
[2022-10-05T00:31:41.240+0000] {processor.py:178} INFO - Processing /home/airflow/.local/lib/python3.7/site-packages/airflow/example_dags/example_dag_decorator.py took 2.974 seconds
[2022-10-05T00:33:39.996+0000] {processor.py:156} INFO - Started process (PID=100) to work on /home/airflow/.local/lib/python3.7/site-packages/airflow/example_dags/example_dag_decorator.py
[2022-10-05T00:33:40.001+0000] {processor.py:758} INFO - Processing file /home/airflow/.local/lib/python3.7/site-packages/airflow/example_dags/example_dag_decorator.py for tasks to queue
[2022-10-05T00:33:40.005+0000] {logging_mixin.py:117} INFO - [2022-10-05T00:33:40.005+0000] {dagbag.py:525} INFO - Filling up the DagBag from /home/airflow/.local/lib/python3.7/site-packages/airflow/example_dags/example_dag_decorator.py
[2022-10-05T00:35:47.317+0000] {processor.py:156} INFO - Started process (PID=106) to work on /home/airflow/.local/lib/python3.7/site-packages/airflow/example_dags/example_dag_decorator.py
[2022-10-05T00:35:47.318+0000] {processor.py:758} INFO - Processing file /home/airflow/.local/lib/python3.7/site-packages/airflow/example_dags/example_dag_decorator.py for tasks to queue
[2022-10-05T00:35:47.328+0000] {logging_mixin.py:117} INFO - [2022-10-05T00:35:47.328+0000] {dagbag.py:525} INFO - Filling up the DagBag from /home/airflow/.local/lib/python3.7/site-packages/airflow/example_dags/example_dag_decorator.py
[2022-10-05T00:35:51.904+0000] {processor.py:768} INFO - DAG(s) dict_keys(['example_dag_decorator']) retrieved from /home/airflow/.local/lib/python3.7/site-packages/airflow/example_dags/example_dag_decorator.py
[2022-10-05T00:37:42.025+0000] {processor.py:156} INFO - Started process (PID=107) to work on /home/airflow/.local/lib/python3.7/site-packages/airflow/example_dags/example_dag_decorator.py
[2022-10-05T00:37:42.043+0000] {processor.py:758} INFO - Processing file /home/airflow/.local/lib/python3.7/site-packages/airflow/example_dags/example_dag_decorator.py for tasks to queue
[2022-10-05T00:37:42.053+0000] {logging_mixin.py:117} INFO - [2022-10-05T00:37:42.052+0000] {dagbag.py:525} INFO - Filling up the DagBag from /home/airflow/.local/lib/python3.7/site-packages/airflow/example_dags/example_dag_decorator.py
[2022-10-05T00:37:43.973+0000] {processor.py:768} INFO - DAG(s) dict_keys(['example_dag_decorator']) retrieved from /home/airflow/.local/lib/python3.7/site-packages/airflow/example_dags/example_dag_decorator.py
[2022-10-05T00:37:44.817+0000] {logging_mixin.py:117} INFO - [2022-10-05T00:37:44.811+0000] {dag.py:2573} INFO - Sync 1 DAGs
[2022-10-05T00:37:44.983+0000] {logging_mixin.py:117} INFO - [2022-10-05T00:37:44.983+0000] {dag.py:3328} INFO - Setting next_dagrun for example_dag_decorator to None, run_after=None
[2022-10-05T00:37:45.196+0000] {processor.py:178} INFO - Processing /home/airflow/.local/lib/python3.7/site-packages/airflow/example_dags/example_dag_decorator.py took 3.195 seconds
[2022-10-05T00:39:55.059+0000] {processor.py:156} INFO - Started process (PID=110) to work on /home/airflow/.local/lib/python3.7/site-packages/airflow/example_dags/example_dag_decorator.py
[2022-10-05T00:39:55.070+0000] {processor.py:758} INFO - Processing file /home/airflow/.local/lib/python3.7/site-packages/airflow/example_dags/example_dag_decorator.py for tasks to queue
[2022-10-05T00:39:55.072+0000] {logging_mixin.py:117} INFO - [2022-10-05T00:39:55.071+0000] {dagbag.py:525} INFO - Filling up the DagBag from /home/airflow/.local/lib/python3.7/site-packages/airflow/example_dags/example_dag_decorator.py
[2022-10-05T00:39:56.719+0000] {processor.py:768} INFO - DAG(s) dict_keys(['example_dag_decorator']) retrieved from /home/airflow/.local/lib/python3.7/site-packages/airflow/example_dags/example_dag_decorator.py
[2022-10-05T00:39:58.110+0000] {logging_mixin.py:117} INFO - [2022-10-05T00:39:58.110+0000] {dag.py:2573} INFO - Sync 1 DAGs
[2022-10-05T00:39:58.266+0000] {logging_mixin.py:117} INFO - [2022-10-05T00:39:58.265+0000] {dag.py:3328} INFO - Setting next_dagrun for example_dag_decorator to None, run_after=None
[2022-10-05T00:39:58.404+0000] {processor.py:178} INFO - Processing /home/airflow/.local/lib/python3.7/site-packages/airflow/example_dags/example_dag_decorator.py took 3.762 seconds
[2022-10-05T00:42:13.492+0000] {processor.py:156} INFO - Started process (PID=108) to work on /home/airflow/.local/lib/python3.7/site-packages/airflow/example_dags/example_dag_decorator.py
[2022-10-05T00:42:13.496+0000] {processor.py:758} INFO - Processing file /home/airflow/.local/lib/python3.7/site-packages/airflow/example_dags/example_dag_decorator.py for tasks to queue
[2022-10-05T00:42:13.499+0000] {logging_mixin.py:117} INFO - [2022-10-05T00:42:13.499+0000] {dagbag.py:525} INFO - Filling up the DagBag from /home/airflow/.local/lib/python3.7/site-packages/airflow/example_dags/example_dag_decorator.py
[2022-10-05T00:42:14.232+0000] {processor.py:768} INFO - DAG(s) dict_keys(['example_dag_decorator']) retrieved from /home/airflow/.local/lib/python3.7/site-packages/airflow/example_dags/example_dag_decorator.py
[2022-10-05T00:42:14.541+0000] {logging_mixin.py:117} INFO - [2022-10-05T00:42:14.541+0000] {dag.py:2573} INFO - Sync 1 DAGs
[2022-10-05T00:42:14.598+0000] {logging_mixin.py:117} INFO - [2022-10-05T00:42:14.598+0000] {dag.py:3328} INFO - Setting next_dagrun for example_dag_decorator to None, run_after=None
[2022-10-05T00:42:14.680+0000] {processor.py:178} INFO - Processing /home/airflow/.local/lib/python3.7/site-packages/airflow/example_dags/example_dag_decorator.py took 1.203 seconds
[2022-10-05T00:52:27.295+0000] {processor.py:156} INFO - Started process (PID=106) to work on /home/airflow/.local/lib/python3.7/site-packages/airflow/example_dags/example_dag_decorator.py
[2022-10-05T00:52:27.299+0000] {processor.py:758} INFO - Processing file /home/airflow/.local/lib/python3.7/site-packages/airflow/example_dags/example_dag_decorator.py for tasks to queue
[2022-10-05T00:52:27.308+0000] {logging_mixin.py:117} INFO - [2022-10-05T00:52:27.308+0000] {dagbag.py:525} INFO - Filling up the DagBag from /home/airflow/.local/lib/python3.7/site-packages/airflow/example_dags/example_dag_decorator.py
[2022-10-05T00:52:27.771+0000] {processor.py:768} INFO - DAG(s) dict_keys(['example_dag_decorator']) retrieved from /home/airflow/.local/lib/python3.7/site-packages/airflow/example_dags/example_dag_decorator.py
[2022-10-05T00:52:27.887+0000] {logging_mixin.py:117} INFO - [2022-10-05T00:52:27.887+0000] {dag.py:2573} INFO - Sync 1 DAGs
[2022-10-05T00:52:27.934+0000] {logging_mixin.py:117} INFO - [2022-10-05T00:52:27.934+0000] {dag.py:3328} INFO - Setting next_dagrun for example_dag_decorator to None, run_after=None
[2022-10-05T00:52:28.081+0000] {processor.py:178} INFO - Processing /home/airflow/.local/lib/python3.7/site-packages/airflow/example_dags/example_dag_decorator.py took 0.801 seconds
[2022-10-05T00:54:57.771+0000] {processor.py:156} INFO - Started process (PID=90) to work on /home/airflow/.local/lib/python3.7/site-packages/airflow/example_dags/example_dag_decorator.py
[2022-10-05T00:54:57.772+0000] {processor.py:758} INFO - Processing file /home/airflow/.local/lib/python3.7/site-packages/airflow/example_dags/example_dag_decorator.py for tasks to queue
[2022-10-05T00:54:57.773+0000] {logging_mixin.py:117} INFO - [2022-10-05T00:54:57.773+0000] {dagbag.py:525} INFO - Filling up the DagBag from /home/airflow/.local/lib/python3.7/site-packages/airflow/example_dags/example_dag_decorator.py
[2022-10-05T00:54:58.569+0000] {processor.py:768} INFO - DAG(s) dict_keys(['example_dag_decorator']) retrieved from /home/airflow/.local/lib/python3.7/site-packages/airflow/example_dags/example_dag_decorator.py
[2022-10-05T00:54:58.737+0000] {logging_mixin.py:117} INFO - [2022-10-05T00:54:58.737+0000] {dag.py:2573} INFO - Sync 1 DAGs
[2022-10-05T00:54:58.791+0000] {logging_mixin.py:117} INFO - [2022-10-05T00:54:58.791+0000] {dag.py:3328} INFO - Setting next_dagrun for example_dag_decorator to None, run_after=None
[2022-10-05T00:55:00.036+0000] {processor.py:178} INFO - Processing /home/airflow/.local/lib/python3.7/site-packages/airflow/example_dags/example_dag_decorator.py took 2.270 seconds
[2022-10-05T00:57:02.282+0000] {processor.py:156} INFO - Started process (PID=109) to work on /home/airflow/.local/lib/python3.7/site-packages/airflow/example_dags/example_dag_decorator.py
[2022-10-05T00:57:02.293+0000] {processor.py:758} INFO - Processing file /home/airflow/.local/lib/python3.7/site-packages/airflow/example_dags/example_dag_decorator.py for tasks to queue
[2022-10-05T00:57:02.294+0000] {logging_mixin.py:117} INFO - [2022-10-05T00:57:02.294+0000] {dagbag.py:525} INFO - Filling up the DagBag from /home/airflow/.local/lib/python3.7/site-packages/airflow/example_dags/example_dag_decorator.py
[2022-10-05T00:57:03.115+0000] {processor.py:768} INFO - DAG(s) dict_keys(['example_dag_decorator']) retrieved from /home/airflow/.local/lib/python3.7/site-packages/airflow/example_dags/example_dag_decorator.py
[2022-10-05T00:57:03.861+0000] {logging_mixin.py:117} INFO - [2022-10-05T00:57:03.860+0000] {dag.py:2573} INFO - Sync 1 DAGs
[2022-10-05T00:57:04.079+0000] {logging_mixin.py:117} INFO - [2022-10-05T00:57:04.079+0000] {dag.py:3328} INFO - Setting next_dagrun for example_dag_decorator to None, run_after=None
[2022-10-05T00:57:06.549+0000] {processor.py:178} INFO - Processing /home/airflow/.local/lib/python3.7/site-packages/airflow/example_dags/example_dag_decorator.py took 4.296 seconds
[2022-10-05T00:59:19.978+0000] {processor.py:156} INFO - Started process (PID=115) to work on /home/airflow/.local/lib/python3.7/site-packages/airflow/example_dags/example_dag_decorator.py
[2022-10-05T00:59:19.983+0000] {processor.py:758} INFO - Processing file /home/airflow/.local/lib/python3.7/site-packages/airflow/example_dags/example_dag_decorator.py for tasks to queue
[2022-10-05T00:59:19.994+0000] {logging_mixin.py:117} INFO - [2022-10-05T00:59:19.987+0000] {dagbag.py:525} INFO - Filling up the DagBag from /home/airflow/.local/lib/python3.7/site-packages/airflow/example_dags/example_dag_decorator.py
[2022-10-05T00:59:20.921+0000] {processor.py:768} INFO - DAG(s) dict_keys(['example_dag_decorator']) retrieved from /home/airflow/.local/lib/python3.7/site-packages/airflow/example_dags/example_dag_decorator.py
[2022-10-05T00:59:21.169+0000] {logging_mixin.py:117} INFO - [2022-10-05T00:59:21.168+0000] {dag.py:2573} INFO - Sync 1 DAGs
[2022-10-05T00:59:21.217+0000] {logging_mixin.py:117} INFO - [2022-10-05T00:59:21.216+0000] {dag.py:3328} INFO - Setting next_dagrun for example_dag_decorator to None, run_after=None
[2022-10-05T00:59:21.543+0000] {processor.py:178} INFO - Processing /home/airflow/.local/lib/python3.7/site-packages/airflow/example_dags/example_dag_decorator.py took 1.588 seconds
[2022-10-05T01:02:01.923+0000] {processor.py:156} INFO - Started process (PID=117) to work on /home/airflow/.local/lib/python3.7/site-packages/airflow/example_dags/example_dag_decorator.py
[2022-10-05T01:02:01.936+0000] {processor.py:758} INFO - Processing file /home/airflow/.local/lib/python3.7/site-packages/airflow/example_dags/example_dag_decorator.py for tasks to queue
[2022-10-05T01:02:01.947+0000] {logging_mixin.py:117} INFO - [2022-10-05T01:02:01.947+0000] {dagbag.py:525} INFO - Filling up the DagBag from /home/airflow/.local/lib/python3.7/site-packages/airflow/example_dags/example_dag_decorator.py
[2022-10-05T01:02:03.337+0000] {processor.py:768} INFO - DAG(s) dict_keys(['example_dag_decorator']) retrieved from /home/airflow/.local/lib/python3.7/site-packages/airflow/example_dags/example_dag_decorator.py
[2022-10-05T01:02:03.817+0000] {logging_mixin.py:117} INFO - [2022-10-05T01:02:03.817+0000] {dag.py:2573} INFO - Sync 1 DAGs
[2022-10-05T01:02:03.927+0000] {logging_mixin.py:117} INFO - [2022-10-05T01:02:03.926+0000] {dag.py:3328} INFO - Setting next_dagrun for example_dag_decorator to None, run_after=None
[2022-10-05T01:02:04.188+0000] {processor.py:178} INFO - Processing /home/airflow/.local/lib/python3.7/site-packages/airflow/example_dags/example_dag_decorator.py took 2.293 seconds
[2022-10-05T01:07:20.733+0000] {processor.py:156} INFO - Started process (PID=107) to work on /home/airflow/.local/lib/python3.7/site-packages/airflow/example_dags/example_dag_decorator.py
[2022-10-05T01:07:20.747+0000] {processor.py:758} INFO - Processing file /home/airflow/.local/lib/python3.7/site-packages/airflow/example_dags/example_dag_decorator.py for tasks to queue
[2022-10-05T01:07:20.749+0000] {logging_mixin.py:117} INFO - [2022-10-05T01:07:20.749+0000] {dagbag.py:525} INFO - Filling up the DagBag from /home/airflow/.local/lib/python3.7/site-packages/airflow/example_dags/example_dag_decorator.py
[2022-10-05T01:07:22.427+0000] {processor.py:768} INFO - DAG(s) dict_keys(['example_dag_decorator']) retrieved from /home/airflow/.local/lib/python3.7/site-packages/airflow/example_dags/example_dag_decorator.py
[2022-10-05T01:07:23.143+0000] {logging_mixin.py:117} INFO - [2022-10-05T01:07:23.142+0000] {dag.py:2573} INFO - Sync 1 DAGs
[2022-10-05T01:07:23.345+0000] {logging_mixin.py:117} INFO - [2022-10-05T01:07:23.345+0000] {dag.py:3328} INFO - Setting next_dagrun for example_dag_decorator to None, run_after=None
[2022-10-05T01:07:23.500+0000] {processor.py:178} INFO - Processing /home/airflow/.local/lib/python3.7/site-packages/airflow/example_dags/example_dag_decorator.py took 2.782 seconds
[2022-10-05T01:13:54.376+0000] {processor.py:156} INFO - Started process (PID=107) to work on /home/airflow/.local/lib/python3.7/site-packages/airflow/example_dags/example_dag_decorator.py
[2022-10-05T01:13:54.384+0000] {processor.py:758} INFO - Processing file /home/airflow/.local/lib/python3.7/site-packages/airflow/example_dags/example_dag_decorator.py for tasks to queue
[2022-10-05T01:13:54.385+0000] {logging_mixin.py:117} INFO - [2022-10-05T01:13:54.385+0000] {dagbag.py:525} INFO - Filling up the DagBag from /home/airflow/.local/lib/python3.7/site-packages/airflow/example_dags/example_dag_decorator.py
[2022-10-05T01:13:54.670+0000] {processor.py:768} INFO - DAG(s) dict_keys(['example_dag_decorator']) retrieved from /home/airflow/.local/lib/python3.7/site-packages/airflow/example_dags/example_dag_decorator.py
[2022-10-05T01:13:55.083+0000] {logging_mixin.py:117} INFO - [2022-10-05T01:13:55.083+0000] {dag.py:2573} INFO - Sync 1 DAGs
[2022-10-05T01:13:55.188+0000] {logging_mixin.py:117} INFO - [2022-10-05T01:13:55.188+0000] {dag.py:3328} INFO - Setting next_dagrun for example_dag_decorator to None, run_after=None
[2022-10-05T01:13:55.405+0000] {processor.py:178} INFO - Processing /home/airflow/.local/lib/python3.7/site-packages/airflow/example_dags/example_dag_decorator.py took 1.075 seconds
