[2022-10-05T00:01:08.175+0000] {processor.py:156} INFO - Started process (PID=89) to work on /home/airflow/.local/lib/python3.7/site-packages/airflow/example_dags/example_xcomargs.py
[2022-10-05T00:01:08.203+0000] {processor.py:758} INFO - Processing file /home/airflow/.local/lib/python3.7/site-packages/airflow/example_dags/example_xcomargs.py for tasks to queue
[2022-10-05T00:01:08.206+0000] {logging_mixin.py:117} INFO - [2022-10-05T00:01:08.206+0000] {dagbag.py:525} INFO - Filling up the DagBag from /home/airflow/.local/lib/python3.7/site-packages/airflow/example_dags/example_xcomargs.py
[2022-10-05T00:01:11.121+0000] {processor.py:768} INFO - DAG(s) dict_keys(['example_xcom_args_with_operators', 'example_xcom_args']) retrieved from /home/airflow/.local/lib/python3.7/site-packages/airflow/example_dags/example_xcomargs.py
[2022-10-05T00:01:11.461+0000] {logging_mixin.py:117} INFO - [2022-10-05T00:01:11.457+0000] {dag.py:2573} INFO - Sync 2 DAGs
[2022-10-05T00:01:11.648+0000] {logging_mixin.py:117} INFO - [2022-10-05T00:01:11.648+0000] {dag.py:3328} INFO - Setting next_dagrun for example_xcom_args to None, run_after=None
[2022-10-05T00:01:11.683+0000] {logging_mixin.py:117} INFO - [2022-10-05T00:01:11.683+0000] {dag.py:3328} INFO - Setting next_dagrun for example_xcom_args_with_operators to None, run_after=None
[2022-10-05T00:01:11.915+0000] {processor.py:178} INFO - Processing /home/airflow/.local/lib/python3.7/site-packages/airflow/example_dags/example_xcomargs.py took 3.763 seconds
[2022-10-05T00:05:16.187+0000] {processor.py:156} INFO - Started process (PID=98) to work on /home/airflow/.local/lib/python3.7/site-packages/airflow/example_dags/example_xcomargs.py
[2022-10-05T00:05:16.201+0000] {processor.py:758} INFO - Processing file /home/airflow/.local/lib/python3.7/site-packages/airflow/example_dags/example_xcomargs.py for tasks to queue
[2022-10-05T00:05:16.202+0000] {logging_mixin.py:117} INFO - [2022-10-05T00:05:16.202+0000] {dagbag.py:525} INFO - Filling up the DagBag from /home/airflow/.local/lib/python3.7/site-packages/airflow/example_dags/example_xcomargs.py
[2022-10-05T00:07:21.574+0000] {processor.py:156} INFO - Started process (PID=99) to work on /home/airflow/.local/lib/python3.7/site-packages/airflow/example_dags/example_xcomargs.py
[2022-10-05T00:07:21.576+0000] {processor.py:758} INFO - Processing file /home/airflow/.local/lib/python3.7/site-packages/airflow/example_dags/example_xcomargs.py for tasks to queue
[2022-10-05T00:07:21.584+0000] {logging_mixin.py:117} INFO - [2022-10-05T00:07:21.583+0000] {dagbag.py:525} INFO - Filling up the DagBag from /home/airflow/.local/lib/python3.7/site-packages/airflow/example_dags/example_xcomargs.py
[2022-10-05T00:07:21.892+0000] {processor.py:768} INFO - DAG(s) dict_keys(['example_xcom_args', 'example_xcom_args_with_operators']) retrieved from /home/airflow/.local/lib/python3.7/site-packages/airflow/example_dags/example_xcomargs.py
[2022-10-05T00:07:21.987+0000] {logging_mixin.py:117} INFO - [2022-10-05T00:07:21.986+0000] {dag.py:2573} INFO - Sync 2 DAGs
[2022-10-05T00:07:22.059+0000] {logging_mixin.py:117} INFO - [2022-10-05T00:07:22.059+0000] {dag.py:3328} INFO - Setting next_dagrun for example_xcom_args to None, run_after=None
[2022-10-05T00:07:22.069+0000] {logging_mixin.py:117} INFO - [2022-10-05T00:07:22.069+0000] {dag.py:3328} INFO - Setting next_dagrun for example_xcom_args_with_operators to None, run_after=None
[2022-10-05T00:07:22.347+0000] {processor.py:178} INFO - Processing /home/airflow/.local/lib/python3.7/site-packages/airflow/example_dags/example_xcomargs.py took 0.777 seconds
[2022-10-05T00:09:02.921+0000] {processor.py:156} INFO - Started process (PID=89) to work on /home/airflow/.local/lib/python3.7/site-packages/airflow/example_dags/example_xcomargs.py
[2022-10-05T00:09:02.924+0000] {processor.py:758} INFO - Processing file /home/airflow/.local/lib/python3.7/site-packages/airflow/example_dags/example_xcomargs.py for tasks to queue
[2022-10-05T00:09:02.926+0000] {logging_mixin.py:117} INFO - [2022-10-05T00:09:02.926+0000] {dagbag.py:525} INFO - Filling up the DagBag from /home/airflow/.local/lib/python3.7/site-packages/airflow/example_dags/example_xcomargs.py
[2022-10-05T00:09:03.350+0000] {processor.py:768} INFO - DAG(s) dict_keys(['example_xcom_args_with_operators', 'example_xcom_args']) retrieved from /home/airflow/.local/lib/python3.7/site-packages/airflow/example_dags/example_xcomargs.py
[2022-10-05T00:09:03.412+0000] {logging_mixin.py:117} INFO - [2022-10-05T00:09:03.412+0000] {dag.py:2573} INFO - Sync 2 DAGs
[2022-10-05T00:09:03.442+0000] {logging_mixin.py:117} INFO - [2022-10-05T00:09:03.442+0000] {dag.py:3328} INFO - Setting next_dagrun for example_xcom_args to None, run_after=None
[2022-10-05T00:09:03.446+0000] {logging_mixin.py:117} INFO - [2022-10-05T00:09:03.446+0000] {dag.py:3328} INFO - Setting next_dagrun for example_xcom_args_with_operators to None, run_after=None
[2022-10-05T00:09:03.519+0000] {processor.py:178} INFO - Processing /home/airflow/.local/lib/python3.7/site-packages/airflow/example_dags/example_xcomargs.py took 0.606 seconds
[2022-10-05T00:13:43.489+0000] {processor.py:156} INFO - Started process (PID=106) to work on /home/airflow/.local/lib/python3.7/site-packages/airflow/example_dags/example_xcomargs.py
[2022-10-05T00:13:43.490+0000] {processor.py:758} INFO - Processing file /home/airflow/.local/lib/python3.7/site-packages/airflow/example_dags/example_xcomargs.py for tasks to queue
[2022-10-05T00:13:43.493+0000] {logging_mixin.py:117} INFO - [2022-10-05T00:13:43.492+0000] {dagbag.py:525} INFO - Filling up the DagBag from /home/airflow/.local/lib/python3.7/site-packages/airflow/example_dags/example_xcomargs.py
[2022-10-05T00:13:44.286+0000] {processor.py:768} INFO - DAG(s) dict_keys(['example_xcom_args', 'example_xcom_args_with_operators']) retrieved from /home/airflow/.local/lib/python3.7/site-packages/airflow/example_dags/example_xcomargs.py
[2022-10-05T00:13:44.456+0000] {logging_mixin.py:117} INFO - [2022-10-05T00:13:44.456+0000] {dag.py:2573} INFO - Sync 2 DAGs
[2022-10-05T00:13:44.579+0000] {logging_mixin.py:117} INFO - [2022-10-05T00:13:44.579+0000] {dag.py:3328} INFO - Setting next_dagrun for example_xcom_args to None, run_after=None
[2022-10-05T00:13:44.594+0000] {logging_mixin.py:117} INFO - [2022-10-05T00:13:44.594+0000] {dag.py:3328} INFO - Setting next_dagrun for example_xcom_args_with_operators to None, run_after=None
[2022-10-05T00:13:44.971+0000] {processor.py:178} INFO - Processing /home/airflow/.local/lib/python3.7/site-packages/airflow/example_dags/example_xcomargs.py took 1.497 seconds
[2022-10-05T00:16:13.801+0000] {processor.py:156} INFO - Started process (PID=107) to work on /home/airflow/.local/lib/python3.7/site-packages/airflow/example_dags/example_xcomargs.py
[2022-10-05T00:16:13.810+0000] {processor.py:758} INFO - Processing file /home/airflow/.local/lib/python3.7/site-packages/airflow/example_dags/example_xcomargs.py for tasks to queue
[2022-10-05T00:16:13.822+0000] {logging_mixin.py:117} INFO - [2022-10-05T00:16:13.822+0000] {dagbag.py:525} INFO - Filling up the DagBag from /home/airflow/.local/lib/python3.7/site-packages/airflow/example_dags/example_xcomargs.py
[2022-10-05T00:18:08.308+0000] {processor.py:156} INFO - Started process (PID=108) to work on /home/airflow/.local/lib/python3.7/site-packages/airflow/example_dags/example_xcomargs.py
[2022-10-05T00:18:08.314+0000] {processor.py:758} INFO - Processing file /home/airflow/.local/lib/python3.7/site-packages/airflow/example_dags/example_xcomargs.py for tasks to queue
[2022-10-05T00:18:08.320+0000] {logging_mixin.py:117} INFO - [2022-10-05T00:18:08.320+0000] {dagbag.py:525} INFO - Filling up the DagBag from /home/airflow/.local/lib/python3.7/site-packages/airflow/example_dags/example_xcomargs.py
[2022-10-05T00:18:09.363+0000] {processor.py:768} INFO - DAG(s) dict_keys(['example_xcom_args', 'example_xcom_args_with_operators']) retrieved from /home/airflow/.local/lib/python3.7/site-packages/airflow/example_dags/example_xcomargs.py
[2022-10-05T00:18:09.709+0000] {logging_mixin.py:117} INFO - [2022-10-05T00:18:09.708+0000] {dag.py:2573} INFO - Sync 2 DAGs
[2022-10-05T00:18:09.878+0000] {logging_mixin.py:117} INFO - [2022-10-05T00:18:09.877+0000] {dag.py:3328} INFO - Setting next_dagrun for example_xcom_args to None, run_after=None
[2022-10-05T00:18:09.908+0000] {logging_mixin.py:117} INFO - [2022-10-05T00:18:09.908+0000] {dag.py:3328} INFO - Setting next_dagrun for example_xcom_args_with_operators to None, run_after=None
[2022-10-05T00:18:12.410+0000] {processor.py:178} INFO - Processing /home/airflow/.local/lib/python3.7/site-packages/airflow/example_dags/example_xcomargs.py took 4.142 seconds
[2022-10-05T00:21:58.573+0000] {processor.py:156} INFO - Started process (PID=108) to work on /home/airflow/.local/lib/python3.7/site-packages/airflow/example_dags/example_xcomargs.py
[2022-10-05T00:21:58.583+0000] {processor.py:758} INFO - Processing file /home/airflow/.local/lib/python3.7/site-packages/airflow/example_dags/example_xcomargs.py for tasks to queue
[2022-10-05T00:21:58.592+0000] {logging_mixin.py:117} INFO - [2022-10-05T00:21:58.592+0000] {dagbag.py:525} INFO - Filling up the DagBag from /home/airflow/.local/lib/python3.7/site-packages/airflow/example_dags/example_xcomargs.py
[2022-10-05T00:21:59.919+0000] {processor.py:768} INFO - DAG(s) dict_keys(['example_xcom_args_with_operators', 'example_xcom_args']) retrieved from /home/airflow/.local/lib/python3.7/site-packages/airflow/example_dags/example_xcomargs.py
[2022-10-05T00:22:00.243+0000] {logging_mixin.py:117} INFO - [2022-10-05T00:22:00.240+0000] {dag.py:2573} INFO - Sync 2 DAGs
[2022-10-05T00:22:00.383+0000] {logging_mixin.py:117} INFO - [2022-10-05T00:22:00.382+0000] {dag.py:3328} INFO - Setting next_dagrun for example_xcom_args to None, run_after=None
[2022-10-05T00:22:00.388+0000] {logging_mixin.py:117} INFO - [2022-10-05T00:22:00.388+0000] {dag.py:3328} INFO - Setting next_dagrun for example_xcom_args_with_operators to None, run_after=None
[2022-10-05T00:22:00.633+0000] {processor.py:178} INFO - Processing /home/airflow/.local/lib/python3.7/site-packages/airflow/example_dags/example_xcomargs.py took 2.068 seconds
[2022-10-05T00:25:57.257+0000] {processor.py:156} INFO - Started process (PID=106) to work on /home/airflow/.local/lib/python3.7/site-packages/airflow/example_dags/example_xcomargs.py
[2022-10-05T00:25:57.268+0000] {processor.py:758} INFO - Processing file /home/airflow/.local/lib/python3.7/site-packages/airflow/example_dags/example_xcomargs.py for tasks to queue
[2022-10-05T00:25:57.281+0000] {logging_mixin.py:117} INFO - [2022-10-05T00:25:57.280+0000] {dagbag.py:525} INFO - Filling up the DagBag from /home/airflow/.local/lib/python3.7/site-packages/airflow/example_dags/example_xcomargs.py
[2022-10-05T00:25:58.981+0000] {processor.py:768} INFO - DAG(s) dict_keys(['example_xcom_args', 'example_xcom_args_with_operators']) retrieved from /home/airflow/.local/lib/python3.7/site-packages/airflow/example_dags/example_xcomargs.py
[2022-10-05T00:25:59.245+0000] {logging_mixin.py:117} INFO - [2022-10-05T00:25:59.245+0000] {dag.py:2573} INFO - Sync 2 DAGs
[2022-10-05T00:25:59.501+0000] {logging_mixin.py:117} INFO - [2022-10-05T00:25:59.501+0000] {dag.py:3328} INFO - Setting next_dagrun for example_xcom_args to None, run_after=None
[2022-10-05T00:25:59.525+0000] {logging_mixin.py:117} INFO - [2022-10-05T00:25:59.524+0000] {dag.py:3328} INFO - Setting next_dagrun for example_xcom_args_with_operators to None, run_after=None
[2022-10-05T00:25:59.730+0000] {processor.py:178} INFO - Processing /home/airflow/.local/lib/python3.7/site-packages/airflow/example_dags/example_xcomargs.py took 2.506 seconds
[2022-10-05T00:31:38.658+0000] {processor.py:156} INFO - Started process (PID=119) to work on /home/airflow/.local/lib/python3.7/site-packages/airflow/example_dags/example_xcomargs.py
[2022-10-05T00:31:38.680+0000] {processor.py:758} INFO - Processing file /home/airflow/.local/lib/python3.7/site-packages/airflow/example_dags/example_xcomargs.py for tasks to queue
[2022-10-05T00:31:38.685+0000] {logging_mixin.py:117} INFO - [2022-10-05T00:31:38.685+0000] {dagbag.py:525} INFO - Filling up the DagBag from /home/airflow/.local/lib/python3.7/site-packages/airflow/example_dags/example_xcomargs.py
[2022-10-05T00:31:40.105+0000] {processor.py:768} INFO - DAG(s) dict_keys(['example_xcom_args_with_operators', 'example_xcom_args']) retrieved from /home/airflow/.local/lib/python3.7/site-packages/airflow/example_dags/example_xcomargs.py
[2022-10-05T00:31:40.423+0000] {logging_mixin.py:117} INFO - [2022-10-05T00:31:40.423+0000] {dag.py:2573} INFO - Sync 2 DAGs
[2022-10-05T00:31:40.594+0000] {logging_mixin.py:117} INFO - [2022-10-05T00:31:40.594+0000] {dag.py:3328} INFO - Setting next_dagrun for example_xcom_args to None, run_after=None
[2022-10-05T00:31:40.602+0000] {logging_mixin.py:117} INFO - [2022-10-05T00:31:40.602+0000] {dag.py:3328} INFO - Setting next_dagrun for example_xcom_args_with_operators to None, run_after=None
[2022-10-05T00:31:41.130+0000] {processor.py:178} INFO - Processing /home/airflow/.local/lib/python3.7/site-packages/airflow/example_dags/example_xcomargs.py took 2.494 seconds
[2022-10-05T00:35:48.746+0000] {processor.py:156} INFO - Started process (PID=114) to work on /home/airflow/.local/lib/python3.7/site-packages/airflow/example_dags/example_xcomargs.py
[2022-10-05T00:35:48.775+0000] {processor.py:758} INFO - Processing file /home/airflow/.local/lib/python3.7/site-packages/airflow/example_dags/example_xcomargs.py for tasks to queue
[2022-10-05T00:35:48.780+0000] {logging_mixin.py:117} INFO - [2022-10-05T00:35:48.780+0000] {dagbag.py:525} INFO - Filling up the DagBag from /home/airflow/.local/lib/python3.7/site-packages/airflow/example_dags/example_xcomargs.py
[2022-10-05T00:37:42.131+0000] {processor.py:156} INFO - Started process (PID=108) to work on /home/airflow/.local/lib/python3.7/site-packages/airflow/example_dags/example_xcomargs.py
[2022-10-05T00:37:42.138+0000] {processor.py:758} INFO - Processing file /home/airflow/.local/lib/python3.7/site-packages/airflow/example_dags/example_xcomargs.py for tasks to queue
[2022-10-05T00:37:42.141+0000] {logging_mixin.py:117} INFO - [2022-10-05T00:37:42.140+0000] {dagbag.py:525} INFO - Filling up the DagBag from /home/airflow/.local/lib/python3.7/site-packages/airflow/example_dags/example_xcomargs.py
[2022-10-05T00:37:43.868+0000] {processor.py:768} INFO - DAG(s) dict_keys(['example_xcom_args_with_operators', 'example_xcom_args']) retrieved from /home/airflow/.local/lib/python3.7/site-packages/airflow/example_dags/example_xcomargs.py
[2022-10-05T00:37:44.252+0000] {logging_mixin.py:117} INFO - [2022-10-05T00:37:44.251+0000] {dag.py:2573} INFO - Sync 2 DAGs
[2022-10-05T00:37:44.434+0000] {logging_mixin.py:117} INFO - [2022-10-05T00:37:44.434+0000] {dag.py:3328} INFO - Setting next_dagrun for example_xcom_args to None, run_after=None
[2022-10-05T00:37:44.464+0000] {logging_mixin.py:117} INFO - [2022-10-05T00:37:44.460+0000] {dag.py:3328} INFO - Setting next_dagrun for example_xcom_args_with_operators to None, run_after=None
[2022-10-05T00:37:45.096+0000] {processor.py:178} INFO - Processing /home/airflow/.local/lib/python3.7/site-packages/airflow/example_dags/example_xcomargs.py took 2.987 seconds
[2022-10-05T00:39:55.143+0000] {processor.py:156} INFO - Started process (PID=111) to work on /home/airflow/.local/lib/python3.7/site-packages/airflow/example_dags/example_xcomargs.py
[2022-10-05T00:39:55.146+0000] {processor.py:758} INFO - Processing file /home/airflow/.local/lib/python3.7/site-packages/airflow/example_dags/example_xcomargs.py for tasks to queue
[2022-10-05T00:39:55.154+0000] {logging_mixin.py:117} INFO - [2022-10-05T00:39:55.153+0000] {dagbag.py:525} INFO - Filling up the DagBag from /home/airflow/.local/lib/python3.7/site-packages/airflow/example_dags/example_xcomargs.py
[2022-10-05T00:39:56.726+0000] {processor.py:768} INFO - DAG(s) dict_keys(['example_xcom_args', 'example_xcom_args_with_operators']) retrieved from /home/airflow/.local/lib/python3.7/site-packages/airflow/example_dags/example_xcomargs.py
[2022-10-05T00:39:57.908+0000] {logging_mixin.py:117} INFO - [2022-10-05T00:39:57.904+0000] {dag.py:2573} INFO - Sync 2 DAGs
[2022-10-05T00:39:58.095+0000] {logging_mixin.py:117} INFO - [2022-10-05T00:39:58.095+0000] {dag.py:3328} INFO - Setting next_dagrun for example_xcom_args to None, run_after=None
[2022-10-05T00:39:58.105+0000] {logging_mixin.py:117} INFO - [2022-10-05T00:39:58.104+0000] {dag.py:3328} INFO - Setting next_dagrun for example_xcom_args_with_operators to None, run_after=None
[2022-10-05T00:39:58.292+0000] {processor.py:178} INFO - Processing /home/airflow/.local/lib/python3.7/site-packages/airflow/example_dags/example_xcomargs.py took 3.571 seconds
[2022-10-05T00:42:14.678+0000] {processor.py:156} INFO - Started process (PID=109) to work on /home/airflow/.local/lib/python3.7/site-packages/airflow/example_dags/example_xcomargs.py
[2022-10-05T00:42:14.685+0000] {processor.py:758} INFO - Processing file /home/airflow/.local/lib/python3.7/site-packages/airflow/example_dags/example_xcomargs.py for tasks to queue
[2022-10-05T00:42:14.697+0000] {logging_mixin.py:117} INFO - [2022-10-05T00:42:14.697+0000] {dagbag.py:525} INFO - Filling up the DagBag from /home/airflow/.local/lib/python3.7/site-packages/airflow/example_dags/example_xcomargs.py
[2022-10-05T00:42:15.436+0000] {processor.py:768} INFO - DAG(s) dict_keys(['example_xcom_args_with_operators', 'example_xcom_args']) retrieved from /home/airflow/.local/lib/python3.7/site-packages/airflow/example_dags/example_xcomargs.py
[2022-10-05T00:42:17.356+0000] {logging_mixin.py:117} INFO - [2022-10-05T00:42:17.352+0000] {dag.py:2573} INFO - Sync 2 DAGs
[2022-10-05T00:42:18.027+0000] {logging_mixin.py:117} INFO - [2022-10-05T00:42:18.027+0000] {dag.py:3328} INFO - Setting next_dagrun for example_xcom_args to None, run_after=None
[2022-10-05T00:42:18.062+0000] {logging_mixin.py:117} INFO - [2022-10-05T00:42:18.061+0000] {dag.py:3328} INFO - Setting next_dagrun for example_xcom_args_with_operators to None, run_after=None
[2022-10-05T00:42:18.222+0000] {processor.py:178} INFO - Processing /home/airflow/.local/lib/python3.7/site-packages/airflow/example_dags/example_xcomargs.py took 3.558 seconds
[2022-10-05T00:52:27.633+0000] {processor.py:156} INFO - Started process (PID=107) to work on /home/airflow/.local/lib/python3.7/site-packages/airflow/example_dags/example_xcomargs.py
[2022-10-05T00:52:27.634+0000] {processor.py:758} INFO - Processing file /home/airflow/.local/lib/python3.7/site-packages/airflow/example_dags/example_xcomargs.py for tasks to queue
[2022-10-05T00:52:27.636+0000] {logging_mixin.py:117} INFO - [2022-10-05T00:52:27.636+0000] {dagbag.py:525} INFO - Filling up the DagBag from /home/airflow/.local/lib/python3.7/site-packages/airflow/example_dags/example_xcomargs.py
[2022-10-05T00:52:28.023+0000] {processor.py:768} INFO - DAG(s) dict_keys(['example_xcom_args', 'example_xcom_args_with_operators']) retrieved from /home/airflow/.local/lib/python3.7/site-packages/airflow/example_dags/example_xcomargs.py
[2022-10-05T00:52:28.164+0000] {logging_mixin.py:117} INFO - [2022-10-05T00:52:28.164+0000] {dag.py:2573} INFO - Sync 2 DAGs
[2022-10-05T00:52:28.219+0000] {logging_mixin.py:117} INFO - [2022-10-05T00:52:28.219+0000] {dag.py:3328} INFO - Setting next_dagrun for example_xcom_args to None, run_after=None
[2022-10-05T00:52:28.231+0000] {logging_mixin.py:117} INFO - [2022-10-05T00:52:28.230+0000] {dag.py:3328} INFO - Setting next_dagrun for example_xcom_args_with_operators to None, run_after=None
[2022-10-05T00:52:28.725+0000] {processor.py:178} INFO - Processing /home/airflow/.local/lib/python3.7/site-packages/airflow/example_dags/example_xcomargs.py took 1.108 seconds
[2022-10-05T00:54:57.802+0000] {processor.py:156} INFO - Started process (PID=91) to work on /home/airflow/.local/lib/python3.7/site-packages/airflow/example_dags/example_xcomargs.py
[2022-10-05T00:54:57.804+0000] {processor.py:758} INFO - Processing file /home/airflow/.local/lib/python3.7/site-packages/airflow/example_dags/example_xcomargs.py for tasks to queue
[2022-10-05T00:54:57.806+0000] {logging_mixin.py:117} INFO - [2022-10-05T00:54:57.806+0000] {dagbag.py:525} INFO - Filling up the DagBag from /home/airflow/.local/lib/python3.7/site-packages/airflow/example_dags/example_xcomargs.py
[2022-10-05T00:54:58.435+0000] {processor.py:768} INFO - DAG(s) dict_keys(['example_xcom_args_with_operators', 'example_xcom_args']) retrieved from /home/airflow/.local/lib/python3.7/site-packages/airflow/example_dags/example_xcomargs.py
[2022-10-05T00:54:58.555+0000] {logging_mixin.py:117} INFO - [2022-10-05T00:54:58.555+0000] {dag.py:2573} INFO - Sync 2 DAGs
[2022-10-05T00:54:58.667+0000] {logging_mixin.py:117} INFO - [2022-10-05T00:54:58.667+0000] {dag.py:3328} INFO - Setting next_dagrun for example_xcom_args to None, run_after=None
[2022-10-05T00:54:58.696+0000] {logging_mixin.py:117} INFO - [2022-10-05T00:54:58.696+0000] {dag.py:3328} INFO - Setting next_dagrun for example_xcom_args_with_operators to None, run_after=None
[2022-10-05T00:55:00.035+0000] {processor.py:178} INFO - Processing /home/airflow/.local/lib/python3.7/site-packages/airflow/example_dags/example_xcomargs.py took 2.248 seconds
[2022-10-05T00:57:03.563+0000] {processor.py:156} INFO - Started process (PID=110) to work on /home/airflow/.local/lib/python3.7/site-packages/airflow/example_dags/example_xcomargs.py
[2022-10-05T00:57:03.572+0000] {processor.py:758} INFO - Processing file /home/airflow/.local/lib/python3.7/site-packages/airflow/example_dags/example_xcomargs.py for tasks to queue
[2022-10-05T00:57:03.576+0000] {logging_mixin.py:117} INFO - [2022-10-05T00:57:03.575+0000] {dagbag.py:525} INFO - Filling up the DagBag from /home/airflow/.local/lib/python3.7/site-packages/airflow/example_dags/example_xcomargs.py
