[2022-10-05T00:00:53.013+0000] {processor.py:156} INFO - Started process (PID=68) to work on /home/airflow/.local/lib/python3.7/site-packages/airflow/example_dags/example_complex.py
[2022-10-05T00:00:53.016+0000] {processor.py:758} INFO - Processing file /home/airflow/.local/lib/python3.7/site-packages/airflow/example_dags/example_complex.py for tasks to queue
[2022-10-05T00:00:53.022+0000] {logging_mixin.py:117} INFO - [2022-10-05T00:00:53.022+0000] {dagbag.py:525} INFO - Filling up the DagBag from /home/airflow/.local/lib/python3.7/site-packages/airflow/example_dags/example_complex.py
[2022-10-05T00:00:53.125+0000] {processor.py:768} INFO - DAG(s) dict_keys(['example_complex']) retrieved from /home/airflow/.local/lib/python3.7/site-packages/airflow/example_dags/example_complex.py
[2022-10-05T00:00:54.535+0000] {logging_mixin.py:117} INFO - [2022-10-05T00:00:54.535+0000] {dag.py:2573} INFO - Sync 1 DAGs
[2022-10-05T00:00:54.724+0000] {logging_mixin.py:117} INFO - [2022-10-05T00:00:54.724+0000] {dag.py:3328} INFO - Setting next_dagrun for example_complex to None, run_after=None
[2022-10-05T00:00:54.935+0000] {processor.py:178} INFO - Processing /home/airflow/.local/lib/python3.7/site-packages/airflow/example_dags/example_complex.py took 1.940 seconds
[2022-10-05T00:02:58.549+0000] {processor.py:156} INFO - Started process (PID=77) to work on /home/airflow/.local/lib/python3.7/site-packages/airflow/example_dags/example_complex.py
[2022-10-05T00:02:58.567+0000] {processor.py:758} INFO - Processing file /home/airflow/.local/lib/python3.7/site-packages/airflow/example_dags/example_complex.py for tasks to queue
[2022-10-05T00:02:58.572+0000] {logging_mixin.py:117} INFO - [2022-10-05T00:02:58.571+0000] {dagbag.py:525} INFO - Filling up the DagBag from /home/airflow/.local/lib/python3.7/site-packages/airflow/example_dags/example_complex.py
[2022-10-05T00:02:58.875+0000] {processor.py:768} INFO - DAG(s) dict_keys(['example_complex']) retrieved from /home/airflow/.local/lib/python3.7/site-packages/airflow/example_dags/example_complex.py
[2022-10-05T00:03:00.256+0000] {logging_mixin.py:117} INFO - [2022-10-05T00:03:00.256+0000] {dag.py:2573} INFO - Sync 1 DAGs
[2022-10-05T00:03:00.382+0000] {logging_mixin.py:117} INFO - [2022-10-05T00:03:00.381+0000] {dag.py:3328} INFO - Setting next_dagrun for example_complex to None, run_after=None
[2022-10-05T00:03:04.121+0000] {processor.py:178} INFO - Processing /home/airflow/.local/lib/python3.7/site-packages/airflow/example_dags/example_complex.py took 5.601 seconds
[2022-10-05T00:04:57.359+0000] {processor.py:156} INFO - Started process (PID=76) to work on /home/airflow/.local/lib/python3.7/site-packages/airflow/example_dags/example_complex.py
[2022-10-05T00:04:57.366+0000] {processor.py:758} INFO - Processing file /home/airflow/.local/lib/python3.7/site-packages/airflow/example_dags/example_complex.py for tasks to queue
[2022-10-05T00:04:57.368+0000] {logging_mixin.py:117} INFO - [2022-10-05T00:04:57.368+0000] {dagbag.py:525} INFO - Filling up the DagBag from /home/airflow/.local/lib/python3.7/site-packages/airflow/example_dags/example_complex.py
[2022-10-05T00:04:57.550+0000] {processor.py:768} INFO - DAG(s) dict_keys(['example_complex']) retrieved from /home/airflow/.local/lib/python3.7/site-packages/airflow/example_dags/example_complex.py
[2022-10-05T00:04:58.586+0000] {logging_mixin.py:117} INFO - [2022-10-05T00:04:58.585+0000] {dag.py:2573} INFO - Sync 1 DAGs
[2022-10-05T00:04:58.726+0000] {logging_mixin.py:117} INFO - [2022-10-05T00:04:58.726+0000] {dag.py:3328} INFO - Setting next_dagrun for example_complex to None, run_after=None
[2022-10-05T00:04:58.961+0000] {processor.py:178} INFO - Processing /home/airflow/.local/lib/python3.7/site-packages/airflow/example_dags/example_complex.py took 1.636 seconds
[2022-10-05T00:07:03.249+0000] {processor.py:156} INFO - Started process (PID=77) to work on /home/airflow/.local/lib/python3.7/site-packages/airflow/example_dags/example_complex.py
[2022-10-05T00:07:03.264+0000] {processor.py:758} INFO - Processing file /home/airflow/.local/lib/python3.7/site-packages/airflow/example_dags/example_complex.py for tasks to queue
[2022-10-05T00:07:03.268+0000] {logging_mixin.py:117} INFO - [2022-10-05T00:07:03.268+0000] {dagbag.py:525} INFO - Filling up the DagBag from /home/airflow/.local/lib/python3.7/site-packages/airflow/example_dags/example_complex.py
[2022-10-05T00:07:03.506+0000] {processor.py:768} INFO - DAG(s) dict_keys(['example_complex']) retrieved from /home/airflow/.local/lib/python3.7/site-packages/airflow/example_dags/example_complex.py
[2022-10-05T00:07:04.635+0000] {logging_mixin.py:117} INFO - [2022-10-05T00:07:04.635+0000] {dag.py:2573} INFO - Sync 1 DAGs
[2022-10-05T00:07:04.774+0000] {logging_mixin.py:117} INFO - [2022-10-05T00:07:04.774+0000] {dag.py:3328} INFO - Setting next_dagrun for example_complex to None, run_after=None
[2022-10-05T00:07:05.001+0000] {processor.py:178} INFO - Processing /home/airflow/.local/lib/python3.7/site-packages/airflow/example_dags/example_complex.py took 1.757 seconds
[2022-10-05T00:08:57.994+0000] {processor.py:156} INFO - Started process (PID=77) to work on /home/airflow/.local/lib/python3.7/site-packages/airflow/example_dags/example_complex.py
[2022-10-05T00:08:57.996+0000] {processor.py:758} INFO - Processing file /home/airflow/.local/lib/python3.7/site-packages/airflow/example_dags/example_complex.py for tasks to queue
[2022-10-05T00:08:57.997+0000] {logging_mixin.py:117} INFO - [2022-10-05T00:08:57.997+0000] {dagbag.py:525} INFO - Filling up the DagBag from /home/airflow/.local/lib/python3.7/site-packages/airflow/example_dags/example_complex.py
[2022-10-05T00:08:58.041+0000] {processor.py:768} INFO - DAG(s) dict_keys(['example_complex']) retrieved from /home/airflow/.local/lib/python3.7/site-packages/airflow/example_dags/example_complex.py
[2022-10-05T00:08:58.370+0000] {logging_mixin.py:117} INFO - [2022-10-05T00:08:58.370+0000] {dag.py:2573} INFO - Sync 1 DAGs
[2022-10-05T00:08:58.411+0000] {logging_mixin.py:117} INFO - [2022-10-05T00:08:58.410+0000] {dag.py:3328} INFO - Setting next_dagrun for example_complex to None, run_after=None
[2022-10-05T00:08:58.649+0000] {processor.py:178} INFO - Processing /home/airflow/.local/lib/python3.7/site-packages/airflow/example_dags/example_complex.py took 0.660 seconds
[2022-10-05T00:11:00.648+0000] {processor.py:156} INFO - Started process (PID=85) to work on /home/airflow/.local/lib/python3.7/site-packages/airflow/example_dags/example_complex.py
[2022-10-05T00:11:00.649+0000] {processor.py:758} INFO - Processing file /home/airflow/.local/lib/python3.7/site-packages/airflow/example_dags/example_complex.py for tasks to queue
[2022-10-05T00:11:00.661+0000] {logging_mixin.py:117} INFO - [2022-10-05T00:11:00.660+0000] {dagbag.py:525} INFO - Filling up the DagBag from /home/airflow/.local/lib/python3.7/site-packages/airflow/example_dags/example_complex.py
[2022-10-05T00:11:00.764+0000] {processor.py:768} INFO - DAG(s) dict_keys(['example_complex']) retrieved from /home/airflow/.local/lib/python3.7/site-packages/airflow/example_dags/example_complex.py
[2022-10-05T00:11:01.898+0000] {logging_mixin.py:117} INFO - [2022-10-05T00:11:01.897+0000] {dag.py:2573} INFO - Sync 1 DAGs
[2022-10-05T00:11:02.122+0000] {logging_mixin.py:117} INFO - [2022-10-05T00:11:02.121+0000] {dag.py:3328} INFO - Setting next_dagrun for example_complex to None, run_after=None
[2022-10-05T00:11:02.396+0000] {processor.py:178} INFO - Processing /home/airflow/.local/lib/python3.7/site-packages/airflow/example_dags/example_complex.py took 1.764 seconds
[2022-10-05T00:13:25.657+0000] {processor.py:156} INFO - Started process (PID=86) to work on /home/airflow/.local/lib/python3.7/site-packages/airflow/example_dags/example_complex.py
[2022-10-05T00:13:25.665+0000] {processor.py:758} INFO - Processing file /home/airflow/.local/lib/python3.7/site-packages/airflow/example_dags/example_complex.py for tasks to queue
[2022-10-05T00:13:25.666+0000] {logging_mixin.py:117} INFO - [2022-10-05T00:13:25.666+0000] {dagbag.py:525} INFO - Filling up the DagBag from /home/airflow/.local/lib/python3.7/site-packages/airflow/example_dags/example_complex.py
[2022-10-05T00:13:25.845+0000] {processor.py:768} INFO - DAG(s) dict_keys(['example_complex']) retrieved from /home/airflow/.local/lib/python3.7/site-packages/airflow/example_dags/example_complex.py
[2022-10-05T00:13:26.895+0000] {logging_mixin.py:117} INFO - [2022-10-05T00:13:26.895+0000] {dag.py:2573} INFO - Sync 1 DAGs
[2022-10-05T00:13:27.016+0000] {logging_mixin.py:117} INFO - [2022-10-05T00:13:27.016+0000] {dag.py:3328} INFO - Setting next_dagrun for example_complex to None, run_after=None
[2022-10-05T00:13:27.186+0000] {processor.py:178} INFO - Processing /home/airflow/.local/lib/python3.7/site-packages/airflow/example_dags/example_complex.py took 1.552 seconds
[2022-10-05T00:16:00.066+0000] {processor.py:156} INFO - Started process (PID=95) to work on /home/airflow/.local/lib/python3.7/site-packages/airflow/example_dags/example_complex.py
[2022-10-05T00:16:00.108+0000] {processor.py:758} INFO - Processing file /home/airflow/.local/lib/python3.7/site-packages/airflow/example_dags/example_complex.py for tasks to queue
[2022-10-05T00:16:00.130+0000] {logging_mixin.py:117} INFO - [2022-10-05T00:16:00.117+0000] {dagbag.py:525} INFO - Filling up the DagBag from /home/airflow/.local/lib/python3.7/site-packages/airflow/example_dags/example_complex.py
[2022-10-05T00:16:00.424+0000] {processor.py:768} INFO - DAG(s) dict_keys(['example_complex']) retrieved from /home/airflow/.local/lib/python3.7/site-packages/airflow/example_dags/example_complex.py
[2022-10-05T00:16:01.823+0000] {logging_mixin.py:117} INFO - [2022-10-05T00:16:01.822+0000] {dag.py:2573} INFO - Sync 1 DAGs
[2022-10-05T00:16:02.031+0000] {logging_mixin.py:117} INFO - [2022-10-05T00:16:02.031+0000] {dag.py:3328} INFO - Setting next_dagrun for example_complex to None, run_after=None
[2022-10-05T00:16:02.319+0000] {processor.py:178} INFO - Processing /home/airflow/.local/lib/python3.7/site-packages/airflow/example_dags/example_complex.py took 2.286 seconds
[2022-10-05T00:17:50.198+0000] {processor.py:156} INFO - Started process (PID=86) to work on /home/airflow/.local/lib/python3.7/site-packages/airflow/example_dags/example_complex.py
[2022-10-05T00:17:50.213+0000] {processor.py:758} INFO - Processing file /home/airflow/.local/lib/python3.7/site-packages/airflow/example_dags/example_complex.py for tasks to queue
[2022-10-05T00:17:50.230+0000] {logging_mixin.py:117} INFO - [2022-10-05T00:17:50.224+0000] {dagbag.py:525} INFO - Filling up the DagBag from /home/airflow/.local/lib/python3.7/site-packages/airflow/example_dags/example_complex.py
[2022-10-05T00:17:50.366+0000] {processor.py:768} INFO - DAG(s) dict_keys(['example_complex']) retrieved from /home/airflow/.local/lib/python3.7/site-packages/airflow/example_dags/example_complex.py
[2022-10-05T00:17:51.538+0000] {logging_mixin.py:117} INFO - [2022-10-05T00:17:51.538+0000] {dag.py:2573} INFO - Sync 1 DAGs
[2022-10-05T00:17:51.633+0000] {logging_mixin.py:117} INFO - [2022-10-05T00:17:51.633+0000] {dag.py:3328} INFO - Setting next_dagrun for example_complex to None, run_after=None
[2022-10-05T00:17:51.783+0000] {processor.py:178} INFO - Processing /home/airflow/.local/lib/python3.7/site-packages/airflow/example_dags/example_complex.py took 1.615 seconds
[2022-10-05T00:19:48.708+0000] {processor.py:156} INFO - Started process (PID=85) to work on /home/airflow/.local/lib/python3.7/site-packages/airflow/example_dags/example_complex.py
[2022-10-05T00:19:48.726+0000] {processor.py:758} INFO - Processing file /home/airflow/.local/lib/python3.7/site-packages/airflow/example_dags/example_complex.py for tasks to queue
[2022-10-05T00:19:48.730+0000] {logging_mixin.py:117} INFO - [2022-10-05T00:19:48.730+0000] {dagbag.py:525} INFO - Filling up the DagBag from /home/airflow/.local/lib/python3.7/site-packages/airflow/example_dags/example_complex.py
[2022-10-05T00:19:48.882+0000] {processor.py:768} INFO - DAG(s) dict_keys(['example_complex']) retrieved from /home/airflow/.local/lib/python3.7/site-packages/airflow/example_dags/example_complex.py
[2022-10-05T00:19:49.711+0000] {logging_mixin.py:117} INFO - [2022-10-05T00:19:49.711+0000] {dag.py:2573} INFO - Sync 1 DAGs
[2022-10-05T00:19:49.802+0000] {logging_mixin.py:117} INFO - [2022-10-05T00:19:49.802+0000] {dag.py:3328} INFO - Setting next_dagrun for example_complex to None, run_after=None
[2022-10-05T00:19:49.873+0000] {processor.py:178} INFO - Processing /home/airflow/.local/lib/python3.7/site-packages/airflow/example_dags/example_complex.py took 1.182 seconds
[2022-10-05T00:21:42.357+0000] {processor.py:156} INFO - Started process (PID=86) to work on /home/airflow/.local/lib/python3.7/site-packages/airflow/example_dags/example_complex.py
[2022-10-05T00:21:42.359+0000] {processor.py:758} INFO - Processing file /home/airflow/.local/lib/python3.7/site-packages/airflow/example_dags/example_complex.py for tasks to queue
[2022-10-05T00:21:42.361+0000] {logging_mixin.py:117} INFO - [2022-10-05T00:21:42.361+0000] {dagbag.py:525} INFO - Filling up the DagBag from /home/airflow/.local/lib/python3.7/site-packages/airflow/example_dags/example_complex.py
[2022-10-05T00:21:42.426+0000] {processor.py:768} INFO - DAG(s) dict_keys(['example_complex']) retrieved from /home/airflow/.local/lib/python3.7/site-packages/airflow/example_dags/example_complex.py
[2022-10-05T00:21:43.074+0000] {logging_mixin.py:117} INFO - [2022-10-05T00:21:43.073+0000] {dag.py:2573} INFO - Sync 1 DAGs
[2022-10-05T00:21:43.219+0000] {logging_mixin.py:117} INFO - [2022-10-05T00:21:43.219+0000] {dag.py:3328} INFO - Setting next_dagrun for example_complex to None, run_after=None
[2022-10-05T00:21:43.368+0000] {processor.py:178} INFO - Processing /home/airflow/.local/lib/python3.7/site-packages/airflow/example_dags/example_complex.py took 1.019 seconds
[2022-10-05T00:23:51.236+0000] {processor.py:156} INFO - Started process (PID=88) to work on /home/airflow/.local/lib/python3.7/site-packages/airflow/example_dags/example_complex.py
[2022-10-05T00:23:51.254+0000] {processor.py:758} INFO - Processing file /home/airflow/.local/lib/python3.7/site-packages/airflow/example_dags/example_complex.py for tasks to queue
[2022-10-05T00:23:51.257+0000] {logging_mixin.py:117} INFO - [2022-10-05T00:23:51.257+0000] {dagbag.py:525} INFO - Filling up the DagBag from /home/airflow/.local/lib/python3.7/site-packages/airflow/example_dags/example_complex.py
[2022-10-05T00:23:51.452+0000] {processor.py:768} INFO - DAG(s) dict_keys(['example_complex']) retrieved from /home/airflow/.local/lib/python3.7/site-packages/airflow/example_dags/example_complex.py
[2022-10-05T00:23:53.475+0000] {logging_mixin.py:117} INFO - [2022-10-05T00:23:53.475+0000] {dag.py:2573} INFO - Sync 1 DAGs
[2022-10-05T00:23:53.766+0000] {logging_mixin.py:117} INFO - [2022-10-05T00:23:53.765+0000] {dag.py:3328} INFO - Setting next_dagrun for example_complex to None, run_after=None
[2022-10-05T00:23:54.081+0000] {processor.py:178} INFO - Processing /home/airflow/.local/lib/python3.7/site-packages/airflow/example_dags/example_complex.py took 2.866 seconds
[2022-10-05T00:25:42.491+0000] {processor.py:156} INFO - Started process (PID=84) to work on /home/airflow/.local/lib/python3.7/site-packages/airflow/example_dags/example_complex.py
[2022-10-05T00:25:42.500+0000] {processor.py:758} INFO - Processing file /home/airflow/.local/lib/python3.7/site-packages/airflow/example_dags/example_complex.py for tasks to queue
[2022-10-05T00:25:42.503+0000] {logging_mixin.py:117} INFO - [2022-10-05T00:25:42.503+0000] {dagbag.py:525} INFO - Filling up the DagBag from /home/airflow/.local/lib/python3.7/site-packages/airflow/example_dags/example_complex.py
[2022-10-05T00:25:42.736+0000] {processor.py:768} INFO - DAG(s) dict_keys(['example_complex']) retrieved from /home/airflow/.local/lib/python3.7/site-packages/airflow/example_dags/example_complex.py
[2022-10-05T00:25:43.559+0000] {logging_mixin.py:117} INFO - [2022-10-05T00:25:43.558+0000] {dag.py:2573} INFO - Sync 1 DAGs
[2022-10-05T00:25:43.651+0000] {logging_mixin.py:117} INFO - [2022-10-05T00:25:43.649+0000] {dag.py:3328} INFO - Setting next_dagrun for example_complex to None, run_after=None
[2022-10-05T00:25:43.852+0000] {processor.py:178} INFO - Processing /home/airflow/.local/lib/python3.7/site-packages/airflow/example_dags/example_complex.py took 1.392 seconds
[2022-10-05T00:28:45.058+0000] {processor.py:156} INFO - Started process (PID=103) to work on /home/airflow/.local/lib/python3.7/site-packages/airflow/example_dags/example_complex.py
[2022-10-05T00:28:45.075+0000] {processor.py:758} INFO - Processing file /home/airflow/.local/lib/python3.7/site-packages/airflow/example_dags/example_complex.py for tasks to queue
[2022-10-05T00:28:45.078+0000] {logging_mixin.py:117} INFO - [2022-10-05T00:28:45.078+0000] {dagbag.py:525} INFO - Filling up the DagBag from /home/airflow/.local/lib/python3.7/site-packages/airflow/example_dags/example_complex.py
[2022-10-05T00:28:45.387+0000] {processor.py:768} INFO - DAG(s) dict_keys(['example_complex']) retrieved from /home/airflow/.local/lib/python3.7/site-packages/airflow/example_dags/example_complex.py
[2022-10-05T00:28:47.386+0000] {logging_mixin.py:117} INFO - [2022-10-05T00:28:47.386+0000] {dag.py:2573} INFO - Sync 1 DAGs
[2022-10-05T00:28:47.687+0000] {logging_mixin.py:117} INFO - [2022-10-05T00:28:47.687+0000] {dag.py:3328} INFO - Setting next_dagrun for example_complex to None, run_after=None
[2022-10-05T00:28:49.096+0000] {processor.py:178} INFO - Processing /home/airflow/.local/lib/python3.7/site-packages/airflow/example_dags/example_complex.py took 4.070 seconds
[2022-10-05T00:30:44.985+0000] {processor.py:156} INFO - Started process (PID=86) to work on /home/airflow/.local/lib/python3.7/site-packages/airflow/example_dags/example_complex.py
[2022-10-05T00:30:44.994+0000] {processor.py:758} INFO - Processing file /home/airflow/.local/lib/python3.7/site-packages/airflow/example_dags/example_complex.py for tasks to queue
[2022-10-05T00:30:45.019+0000] {logging_mixin.py:117} INFO - [2022-10-05T00:30:45.013+0000] {dagbag.py:525} INFO - Filling up the DagBag from /home/airflow/.local/lib/python3.7/site-packages/airflow/example_dags/example_complex.py
[2022-10-05T00:30:46.589+0000] {processor.py:768} INFO - DAG(s) dict_keys(['example_complex']) retrieved from /home/airflow/.local/lib/python3.7/site-packages/airflow/example_dags/example_complex.py
[2022-10-05T00:30:51.607+0000] {logging_mixin.py:117} INFO - [2022-10-05T00:30:51.592+0000] {dag.py:2573} INFO - Sync 1 DAGs
[2022-10-05T00:30:54.563+0000] {logging_mixin.py:117} INFO - [2022-10-05T00:30:54.535+0000] {dag.py:3328} INFO - Setting next_dagrun for example_complex to None, run_after=None
[2022-10-05T00:30:59.898+0000] {processor.py:178} INFO - Processing /home/airflow/.local/lib/python3.7/site-packages/airflow/example_dags/example_complex.py took 14.605 seconds
[2022-10-05T00:33:25.503+0000] {processor.py:156} INFO - Started process (PID=88) to work on /home/airflow/.local/lib/python3.7/site-packages/airflow/example_dags/example_complex.py
[2022-10-05T00:33:25.506+0000] {processor.py:758} INFO - Processing file /home/airflow/.local/lib/python3.7/site-packages/airflow/example_dags/example_complex.py for tasks to queue
[2022-10-05T00:33:25.518+0000] {logging_mixin.py:117} INFO - [2022-10-05T00:33:25.517+0000] {dagbag.py:525} INFO - Filling up the DagBag from /home/airflow/.local/lib/python3.7/site-packages/airflow/example_dags/example_complex.py
[2022-10-05T00:33:25.689+0000] {processor.py:768} INFO - DAG(s) dict_keys(['example_complex']) retrieved from /home/airflow/.local/lib/python3.7/site-packages/airflow/example_dags/example_complex.py
[2022-10-05T00:33:26.880+0000] {logging_mixin.py:117} INFO - [2022-10-05T00:33:26.879+0000] {dag.py:2573} INFO - Sync 1 DAGs
[2022-10-05T00:33:27.068+0000] {logging_mixin.py:117} INFO - [2022-10-05T00:33:27.068+0000] {dag.py:3328} INFO - Setting next_dagrun for example_complex to None, run_after=None
[2022-10-05T00:33:27.251+0000] {processor.py:178} INFO - Processing /home/airflow/.local/lib/python3.7/site-packages/airflow/example_dags/example_complex.py took 1.793 seconds
[2022-10-05T00:35:29.534+0000] {processor.py:156} INFO - Started process (PID=92) to work on /home/airflow/.local/lib/python3.7/site-packages/airflow/example_dags/example_complex.py
[2022-10-05T00:35:29.554+0000] {processor.py:758} INFO - Processing file /home/airflow/.local/lib/python3.7/site-packages/airflow/example_dags/example_complex.py for tasks to queue
[2022-10-05T00:35:29.569+0000] {logging_mixin.py:117} INFO - [2022-10-05T00:35:29.569+0000] {dagbag.py:525} INFO - Filling up the DagBag from /home/airflow/.local/lib/python3.7/site-packages/airflow/example_dags/example_complex.py
[2022-10-05T00:35:29.831+0000] {processor.py:768} INFO - DAG(s) dict_keys(['example_complex']) retrieved from /home/airflow/.local/lib/python3.7/site-packages/airflow/example_dags/example_complex.py
[2022-10-05T00:35:32.088+0000] {logging_mixin.py:117} INFO - [2022-10-05T00:35:32.088+0000] {dag.py:2573} INFO - Sync 1 DAGs
[2022-10-05T00:35:32.378+0000] {logging_mixin.py:117} INFO - [2022-10-05T00:35:32.378+0000] {dag.py:3328} INFO - Setting next_dagrun for example_complex to None, run_after=None
[2022-10-05T00:35:32.703+0000] {processor.py:178} INFO - Processing /home/airflow/.local/lib/python3.7/site-packages/airflow/example_dags/example_complex.py took 3.187 seconds
[2022-10-05T00:37:28.626+0000] {processor.py:156} INFO - Started process (PID=86) to work on /home/airflow/.local/lib/python3.7/site-packages/airflow/example_dags/example_complex.py
[2022-10-05T00:37:28.628+0000] {processor.py:758} INFO - Processing file /home/airflow/.local/lib/python3.7/site-packages/airflow/example_dags/example_complex.py for tasks to queue
[2022-10-05T00:37:28.631+0000] {logging_mixin.py:117} INFO - [2022-10-05T00:37:28.631+0000] {dagbag.py:525} INFO - Filling up the DagBag from /home/airflow/.local/lib/python3.7/site-packages/airflow/example_dags/example_complex.py
[2022-10-05T00:37:28.757+0000] {processor.py:768} INFO - DAG(s) dict_keys(['example_complex']) retrieved from /home/airflow/.local/lib/python3.7/site-packages/airflow/example_dags/example_complex.py
[2022-10-05T00:37:30.323+0000] {logging_mixin.py:117} INFO - [2022-10-05T00:37:30.322+0000] {dag.py:2573} INFO - Sync 1 DAGs
[2022-10-05T00:37:30.452+0000] {logging_mixin.py:117} INFO - [2022-10-05T00:37:30.452+0000] {dag.py:3328} INFO - Setting next_dagrun for example_complex to None, run_after=None
[2022-10-05T00:37:30.547+0000] {processor.py:178} INFO - Processing /home/airflow/.local/lib/python3.7/site-packages/airflow/example_dags/example_complex.py took 1.935 seconds
[2022-10-05T00:39:28.882+0000] {processor.py:156} INFO - Started process (PID=86) to work on /home/airflow/.local/lib/python3.7/site-packages/airflow/example_dags/example_complex.py
[2022-10-05T00:39:28.894+0000] {processor.py:758} INFO - Processing file /home/airflow/.local/lib/python3.7/site-packages/airflow/example_dags/example_complex.py for tasks to queue
[2022-10-05T00:39:28.896+0000] {logging_mixin.py:117} INFO - [2022-10-05T00:39:28.895+0000] {dagbag.py:525} INFO - Filling up the DagBag from /home/airflow/.local/lib/python3.7/site-packages/airflow/example_dags/example_complex.py
[2022-10-05T00:39:29.208+0000] {processor.py:768} INFO - DAG(s) dict_keys(['example_complex']) retrieved from /home/airflow/.local/lib/python3.7/site-packages/airflow/example_dags/example_complex.py
[2022-10-05T00:39:35.422+0000] {logging_mixin.py:117} INFO - [2022-10-05T00:39:35.422+0000] {dag.py:2573} INFO - Sync 1 DAGs
[2022-10-05T00:39:35.693+0000] {logging_mixin.py:117} INFO - [2022-10-05T00:39:35.693+0000] {dag.py:3328} INFO - Setting next_dagrun for example_complex to None, run_after=None
[2022-10-05T00:39:37.681+0000] {processor.py:178} INFO - Processing /home/airflow/.local/lib/python3.7/site-packages/airflow/example_dags/example_complex.py took 8.811 seconds
[2022-10-05T00:41:56.458+0000] {processor.py:156} INFO - Started process (PID=87) to work on /home/airflow/.local/lib/python3.7/site-packages/airflow/example_dags/example_complex.py
[2022-10-05T00:41:56.464+0000] {processor.py:758} INFO - Processing file /home/airflow/.local/lib/python3.7/site-packages/airflow/example_dags/example_complex.py for tasks to queue
[2022-10-05T00:41:56.481+0000] {logging_mixin.py:117} INFO - [2022-10-05T00:41:56.480+0000] {dagbag.py:525} INFO - Filling up the DagBag from /home/airflow/.local/lib/python3.7/site-packages/airflow/example_dags/example_complex.py
[2022-10-05T00:41:56.757+0000] {processor.py:768} INFO - DAG(s) dict_keys(['example_complex']) retrieved from /home/airflow/.local/lib/python3.7/site-packages/airflow/example_dags/example_complex.py
[2022-10-05T00:41:58.285+0000] {logging_mixin.py:117} INFO - [2022-10-05T00:41:58.285+0000] {dag.py:2573} INFO - Sync 1 DAGs
[2022-10-05T00:41:58.495+0000] {logging_mixin.py:117} INFO - [2022-10-05T00:41:58.495+0000] {dag.py:3328} INFO - Setting next_dagrun for example_complex to None, run_after=None
[2022-10-05T00:41:58.671+0000] {processor.py:178} INFO - Processing /home/airflow/.local/lib/python3.7/site-packages/airflow/example_dags/example_complex.py took 2.243 seconds
[2022-10-05T00:44:06.773+0000] {processor.py:156} INFO - Started process (PID=88) to work on /home/airflow/.local/lib/python3.7/site-packages/airflow/example_dags/example_complex.py
[2022-10-05T00:44:06.779+0000] {processor.py:758} INFO - Processing file /home/airflow/.local/lib/python3.7/site-packages/airflow/example_dags/example_complex.py for tasks to queue
[2022-10-05T00:44:06.786+0000] {logging_mixin.py:117} INFO - [2022-10-05T00:44:06.786+0000] {dagbag.py:525} INFO - Filling up the DagBag from /home/airflow/.local/lib/python3.7/site-packages/airflow/example_dags/example_complex.py
[2022-10-05T00:44:07.008+0000] {processor.py:768} INFO - DAG(s) dict_keys(['example_complex']) retrieved from /home/airflow/.local/lib/python3.7/site-packages/airflow/example_dags/example_complex.py
[2022-10-05T00:44:08.002+0000] {logging_mixin.py:117} INFO - [2022-10-05T00:44:08.002+0000] {dag.py:2573} INFO - Sync 1 DAGs
[2022-10-05T00:44:08.202+0000] {logging_mixin.py:117} INFO - [2022-10-05T00:44:08.202+0000] {dag.py:3328} INFO - Setting next_dagrun for example_complex to None, run_after=None
[2022-10-05T00:44:08.426+0000] {processor.py:178} INFO - Processing /home/airflow/.local/lib/python3.7/site-packages/airflow/example_dags/example_complex.py took 1.681 seconds
[2022-10-05T00:47:23.118+0000] {processor.py:156} INFO - Started process (PID=106) to work on /home/airflow/.local/lib/python3.7/site-packages/airflow/example_dags/example_complex.py
[2022-10-05T00:47:23.126+0000] {processor.py:758} INFO - Processing file /home/airflow/.local/lib/python3.7/site-packages/airflow/example_dags/example_complex.py for tasks to queue
[2022-10-05T00:47:23.139+0000] {logging_mixin.py:117} INFO - [2022-10-05T00:47:23.139+0000] {dagbag.py:525} INFO - Filling up the DagBag from /home/airflow/.local/lib/python3.7/site-packages/airflow/example_dags/example_complex.py
[2022-10-05T00:47:25.064+0000] {processor.py:768} INFO - DAG(s) dict_keys(['example_complex']) retrieved from /home/airflow/.local/lib/python3.7/site-packages/airflow/example_dags/example_complex.py
[2022-10-05T00:47:25.553+0000] {logging_mixin.py:117} INFO - [2022-10-05T00:47:25.552+0000] {dag.py:2573} INFO - Sync 1 DAGs
[2022-10-05T00:47:25.769+0000] {logging_mixin.py:117} INFO - [2022-10-05T00:47:25.769+0000] {dag.py:3328} INFO - Setting next_dagrun for example_complex to None, run_after=None
[2022-10-05T00:47:26.103+0000] {processor.py:178} INFO - Processing /home/airflow/.local/lib/python3.7/site-packages/airflow/example_dags/example_complex.py took 3.021 seconds
[2022-10-05T00:50:07.351+0000] {processor.py:156} INFO - Started process (PID=96) to work on /home/airflow/.local/lib/python3.7/site-packages/airflow/example_dags/example_complex.py
[2022-10-05T00:50:07.352+0000] {processor.py:758} INFO - Processing file /home/airflow/.local/lib/python3.7/site-packages/airflow/example_dags/example_complex.py for tasks to queue
[2022-10-05T00:50:07.354+0000] {logging_mixin.py:117} INFO - [2022-10-05T00:50:07.353+0000] {dagbag.py:525} INFO - Filling up the DagBag from /home/airflow/.local/lib/python3.7/site-packages/airflow/example_dags/example_complex.py
[2022-10-05T00:50:07.610+0000] {processor.py:768} INFO - DAG(s) dict_keys(['example_complex']) retrieved from /home/airflow/.local/lib/python3.7/site-packages/airflow/example_dags/example_complex.py
[2022-10-05T00:50:07.780+0000] {logging_mixin.py:117} INFO - [2022-10-05T00:50:07.780+0000] {dag.py:2573} INFO - Sync 1 DAGs
[2022-10-05T00:50:07.933+0000] {logging_mixin.py:117} INFO - [2022-10-05T00:50:07.933+0000] {dag.py:3328} INFO - Setting next_dagrun for example_complex to None, run_after=None
[2022-10-05T00:50:08.157+0000] {processor.py:178} INFO - Processing /home/airflow/.local/lib/python3.7/site-packages/airflow/example_dags/example_complex.py took 0.811 seconds
[2022-10-05T00:52:21.667+0000] {processor.py:156} INFO - Started process (PID=95) to work on /home/airflow/.local/lib/python3.7/site-packages/airflow/example_dags/example_complex.py
[2022-10-05T00:52:21.672+0000] {processor.py:758} INFO - Processing file /home/airflow/.local/lib/python3.7/site-packages/airflow/example_dags/example_complex.py for tasks to queue
[2022-10-05T00:52:21.673+0000] {logging_mixin.py:117} INFO - [2022-10-05T00:52:21.673+0000] {dagbag.py:525} INFO - Filling up the DagBag from /home/airflow/.local/lib/python3.7/site-packages/airflow/example_dags/example_complex.py
[2022-10-05T00:52:21.741+0000] {processor.py:768} INFO - DAG(s) dict_keys(['example_complex']) retrieved from /home/airflow/.local/lib/python3.7/site-packages/airflow/example_dags/example_complex.py
[2022-10-05T00:52:22.250+0000] {logging_mixin.py:117} INFO - [2022-10-05T00:52:22.250+0000] {dag.py:2573} INFO - Sync 1 DAGs
[2022-10-05T00:52:22.349+0000] {logging_mixin.py:117} INFO - [2022-10-05T00:52:22.349+0000] {dag.py:3328} INFO - Setting next_dagrun for example_complex to None, run_after=None
[2022-10-05T00:52:22.542+0000] {processor.py:178} INFO - Processing /home/airflow/.local/lib/python3.7/site-packages/airflow/example_dags/example_complex.py took 0.885 seconds
[2022-10-05T00:54:34.495+0000] {processor.py:156} INFO - Started process (PID=70) to work on /home/airflow/.local/lib/python3.7/site-packages/airflow/example_dags/example_complex.py
[2022-10-05T00:54:34.498+0000] {processor.py:758} INFO - Processing file /home/airflow/.local/lib/python3.7/site-packages/airflow/example_dags/example_complex.py for tasks to queue
[2022-10-05T00:54:34.501+0000] {logging_mixin.py:117} INFO - [2022-10-05T00:54:34.501+0000] {dagbag.py:525} INFO - Filling up the DagBag from /home/airflow/.local/lib/python3.7/site-packages/airflow/example_dags/example_complex.py
[2022-10-05T00:54:34.571+0000] {processor.py:768} INFO - DAG(s) dict_keys(['example_complex']) retrieved from /home/airflow/.local/lib/python3.7/site-packages/airflow/example_dags/example_complex.py
[2022-10-05T00:54:34.812+0000] {logging_mixin.py:117} INFO - [2022-10-05T00:54:34.811+0000] {dag.py:2573} INFO - Sync 1 DAGs
[2022-10-05T00:54:34.856+0000] {logging_mixin.py:117} INFO - [2022-10-05T00:54:34.856+0000] {dag.py:3328} INFO - Setting next_dagrun for example_complex to None, run_after=None
[2022-10-05T00:54:35.302+0000] {processor.py:178} INFO - Processing /home/airflow/.local/lib/python3.7/site-packages/airflow/example_dags/example_complex.py took 0.812 seconds
[2022-10-05T00:56:39.495+0000] {processor.py:156} INFO - Started process (PID=88) to work on /home/airflow/.local/lib/python3.7/site-packages/airflow/example_dags/example_complex.py
[2022-10-05T00:56:39.529+0000] {processor.py:758} INFO - Processing file /home/airflow/.local/lib/python3.7/site-packages/airflow/example_dags/example_complex.py for tasks to queue
[2022-10-05T00:56:39.532+0000] {logging_mixin.py:117} INFO - [2022-10-05T00:56:39.532+0000] {dagbag.py:525} INFO - Filling up the DagBag from /home/airflow/.local/lib/python3.7/site-packages/airflow/example_dags/example_complex.py
[2022-10-05T00:56:39.718+0000] {processor.py:768} INFO - DAG(s) dict_keys(['example_complex']) retrieved from /home/airflow/.local/lib/python3.7/site-packages/airflow/example_dags/example_complex.py
[2022-10-05T00:56:40.502+0000] {logging_mixin.py:117} INFO - [2022-10-05T00:56:40.502+0000] {dag.py:2573} INFO - Sync 1 DAGs
[2022-10-05T00:56:40.623+0000] {logging_mixin.py:117} INFO - [2022-10-05T00:56:40.623+0000] {dag.py:3328} INFO - Setting next_dagrun for example_complex to None, run_after=None
[2022-10-05T00:56:40.774+0000] {processor.py:178} INFO - Processing /home/airflow/.local/lib/python3.7/site-packages/airflow/example_dags/example_complex.py took 1.291 seconds
