[2022-10-05T00:00:56.947+0000] {processor.py:156} INFO - Started process (PID=80) to work on /home/airflow/.local/lib/python3.7/site-packages/airflow/example_dags/example_external_task_marker_dag.py
[2022-10-05T00:00:56.952+0000] {processor.py:758} INFO - Processing file /home/airflow/.local/lib/python3.7/site-packages/airflow/example_dags/example_external_task_marker_dag.py for tasks to queue
[2022-10-05T00:00:56.959+0000] {logging_mixin.py:117} INFO - [2022-10-05T00:00:56.959+0000] {dagbag.py:525} INFO - Filling up the DagBag from /home/airflow/.local/lib/python3.7/site-packages/airflow/example_dags/example_external_task_marker_dag.py
[2022-10-05T00:00:57.126+0000] {processor.py:768} INFO - DAG(s) dict_keys(['example_external_task_marker_child', 'example_external_task_marker_parent']) retrieved from /home/airflow/.local/lib/python3.7/site-packages/airflow/example_dags/example_external_task_marker_dag.py
[2022-10-05T00:00:59.077+0000] {logging_mixin.py:117} INFO - [2022-10-05T00:00:59.076+0000] {dag.py:2573} INFO - Sync 2 DAGs
[2022-10-05T00:00:59.236+0000] {logging_mixin.py:117} INFO - [2022-10-05T00:00:59.236+0000] {dag.py:3328} INFO - Setting next_dagrun for example_external_task_marker_child to None, run_after=None
[2022-10-05T00:00:59.266+0000] {logging_mixin.py:117} INFO - [2022-10-05T00:00:59.266+0000] {dag.py:3328} INFO - Setting next_dagrun for example_external_task_marker_parent to None, run_after=None
[2022-10-05T00:00:59.359+0000] {processor.py:178} INFO - Processing /home/airflow/.local/lib/python3.7/site-packages/airflow/example_dags/example_external_task_marker_dag.py took 2.429 seconds
[2022-10-05T00:03:04.752+0000] {processor.py:156} INFO - Started process (PID=80) to work on /home/airflow/.local/lib/python3.7/site-packages/airflow/example_dags/example_external_task_marker_dag.py
[2022-10-05T00:03:04.762+0000] {processor.py:758} INFO - Processing file /home/airflow/.local/lib/python3.7/site-packages/airflow/example_dags/example_external_task_marker_dag.py for tasks to queue
[2022-10-05T00:03:04.766+0000] {logging_mixin.py:117} INFO - [2022-10-05T00:03:04.766+0000] {dagbag.py:525} INFO - Filling up the DagBag from /home/airflow/.local/lib/python3.7/site-packages/airflow/example_dags/example_external_task_marker_dag.py
[2022-10-05T00:03:04.916+0000] {processor.py:768} INFO - DAG(s) dict_keys(['example_external_task_marker_parent', 'example_external_task_marker_child']) retrieved from /home/airflow/.local/lib/python3.7/site-packages/airflow/example_dags/example_external_task_marker_dag.py
[2022-10-05T00:03:06.057+0000] {logging_mixin.py:117} INFO - [2022-10-05T00:03:06.056+0000] {dag.py:2573} INFO - Sync 2 DAGs
[2022-10-05T00:03:06.127+0000] {logging_mixin.py:117} INFO - [2022-10-05T00:03:06.127+0000] {dag.py:3328} INFO - Setting next_dagrun for example_external_task_marker_child to None, run_after=None
[2022-10-05T00:03:06.136+0000] {logging_mixin.py:117} INFO - [2022-10-05T00:03:06.136+0000] {dag.py:3328} INFO - Setting next_dagrun for example_external_task_marker_parent to None, run_after=None
[2022-10-05T00:03:13.032+0000] {processor.py:178} INFO - Processing /home/airflow/.local/lib/python3.7/site-packages/airflow/example_dags/example_external_task_marker_dag.py took 8.299 seconds
[2022-10-05T00:05:00.301+0000] {processor.py:156} INFO - Started process (PID=79) to work on /home/airflow/.local/lib/python3.7/site-packages/airflow/example_dags/example_external_task_marker_dag.py
[2022-10-05T00:05:00.303+0000] {processor.py:758} INFO - Processing file /home/airflow/.local/lib/python3.7/site-packages/airflow/example_dags/example_external_task_marker_dag.py for tasks to queue
[2022-10-05T00:05:00.305+0000] {logging_mixin.py:117} INFO - [2022-10-05T00:05:00.305+0000] {dagbag.py:525} INFO - Filling up the DagBag from /home/airflow/.local/lib/python3.7/site-packages/airflow/example_dags/example_external_task_marker_dag.py
[2022-10-05T00:05:00.365+0000] {processor.py:768} INFO - DAG(s) dict_keys(['example_external_task_marker_parent', 'example_external_task_marker_child']) retrieved from /home/airflow/.local/lib/python3.7/site-packages/airflow/example_dags/example_external_task_marker_dag.py
[2022-10-05T00:05:01.052+0000] {logging_mixin.py:117} INFO - [2022-10-05T00:05:01.052+0000] {dag.py:2573} INFO - Sync 2 DAGs
[2022-10-05T00:05:01.111+0000] {logging_mixin.py:117} INFO - [2022-10-05T00:05:01.111+0000] {dag.py:3328} INFO - Setting next_dagrun for example_external_task_marker_child to None, run_after=None
[2022-10-05T00:05:01.124+0000] {logging_mixin.py:117} INFO - [2022-10-05T00:05:01.124+0000] {dag.py:3328} INFO - Setting next_dagrun for example_external_task_marker_parent to None, run_after=None
[2022-10-05T00:05:01.292+0000] {processor.py:178} INFO - Processing /home/airflow/.local/lib/python3.7/site-packages/airflow/example_dags/example_external_task_marker_dag.py took 1.018 seconds
[2022-10-05T00:07:05.637+0000] {processor.py:156} INFO - Started process (PID=81) to work on /home/airflow/.local/lib/python3.7/site-packages/airflow/example_dags/example_external_task_marker_dag.py
[2022-10-05T00:07:05.644+0000] {processor.py:758} INFO - Processing file /home/airflow/.local/lib/python3.7/site-packages/airflow/example_dags/example_external_task_marker_dag.py for tasks to queue
[2022-10-05T00:07:05.649+0000] {logging_mixin.py:117} INFO - [2022-10-05T00:07:05.649+0000] {dagbag.py:525} INFO - Filling up the DagBag from /home/airflow/.local/lib/python3.7/site-packages/airflow/example_dags/example_external_task_marker_dag.py
[2022-10-05T00:07:05.767+0000] {processor.py:768} INFO - DAG(s) dict_keys(['example_external_task_marker_child', 'example_external_task_marker_parent']) retrieved from /home/airflow/.local/lib/python3.7/site-packages/airflow/example_dags/example_external_task_marker_dag.py
[2022-10-05T00:07:08.136+0000] {logging_mixin.py:117} INFO - [2022-10-05T00:07:08.135+0000] {dag.py:2573} INFO - Sync 2 DAGs
[2022-10-05T00:07:08.301+0000] {logging_mixin.py:117} INFO - [2022-10-05T00:07:08.301+0000] {dag.py:3328} INFO - Setting next_dagrun for example_external_task_marker_child to None, run_after=None
[2022-10-05T00:07:08.317+0000] {logging_mixin.py:117} INFO - [2022-10-05T00:07:08.317+0000] {dag.py:3328} INFO - Setting next_dagrun for example_external_task_marker_parent to None, run_after=None
[2022-10-05T00:07:08.583+0000] {processor.py:178} INFO - Processing /home/airflow/.local/lib/python3.7/site-packages/airflow/example_dags/example_external_task_marker_dag.py took 2.965 seconds
[2022-10-05T00:08:59.194+0000] {processor.py:156} INFO - Started process (PID=80) to work on /home/airflow/.local/lib/python3.7/site-packages/airflow/example_dags/example_external_task_marker_dag.py
[2022-10-05T00:08:59.195+0000] {processor.py:758} INFO - Processing file /home/airflow/.local/lib/python3.7/site-packages/airflow/example_dags/example_external_task_marker_dag.py for tasks to queue
[2022-10-05T00:08:59.197+0000] {logging_mixin.py:117} INFO - [2022-10-05T00:08:59.197+0000] {dagbag.py:525} INFO - Filling up the DagBag from /home/airflow/.local/lib/python3.7/site-packages/airflow/example_dags/example_external_task_marker_dag.py
[2022-10-05T00:08:59.225+0000] {processor.py:768} INFO - DAG(s) dict_keys(['example_external_task_marker_child', 'example_external_task_marker_parent']) retrieved from /home/airflow/.local/lib/python3.7/site-packages/airflow/example_dags/example_external_task_marker_dag.py
[2022-10-05T00:08:59.965+0000] {logging_mixin.py:117} INFO - [2022-10-05T00:08:59.964+0000] {dag.py:2573} INFO - Sync 2 DAGs
[2022-10-05T00:09:00.019+0000] {logging_mixin.py:117} INFO - [2022-10-05T00:09:00.018+0000] {dag.py:3328} INFO - Setting next_dagrun for example_external_task_marker_child to None, run_after=None
[2022-10-05T00:09:00.029+0000] {logging_mixin.py:117} INFO - [2022-10-05T00:09:00.029+0000] {dag.py:3328} INFO - Setting next_dagrun for example_external_task_marker_parent to None, run_after=None
[2022-10-05T00:09:00.083+0000] {processor.py:178} INFO - Processing /home/airflow/.local/lib/python3.7/site-packages/airflow/example_dags/example_external_task_marker_dag.py took 0.896 seconds
[2022-10-05T00:11:08.366+0000] {processor.py:156} INFO - Started process (PID=96) to work on /home/airflow/.local/lib/python3.7/site-packages/airflow/example_dags/example_external_task_marker_dag.py
[2022-10-05T00:11:08.372+0000] {processor.py:758} INFO - Processing file /home/airflow/.local/lib/python3.7/site-packages/airflow/example_dags/example_external_task_marker_dag.py for tasks to queue
[2022-10-05T00:11:08.375+0000] {logging_mixin.py:117} INFO - [2022-10-05T00:11:08.375+0000] {dagbag.py:525} INFO - Filling up the DagBag from /home/airflow/.local/lib/python3.7/site-packages/airflow/example_dags/example_external_task_marker_dag.py
[2022-10-05T00:11:08.476+0000] {processor.py:768} INFO - DAG(s) dict_keys(['example_external_task_marker_parent', 'example_external_task_marker_child']) retrieved from /home/airflow/.local/lib/python3.7/site-packages/airflow/example_dags/example_external_task_marker_dag.py
[2022-10-05T00:11:09.716+0000] {logging_mixin.py:117} INFO - [2022-10-05T00:11:09.716+0000] {dag.py:2573} INFO - Sync 2 DAGs
[2022-10-05T00:11:09.781+0000] {logging_mixin.py:117} INFO - [2022-10-05T00:11:09.781+0000] {dag.py:3328} INFO - Setting next_dagrun for example_external_task_marker_child to None, run_after=None
[2022-10-05T00:11:09.786+0000] {logging_mixin.py:117} INFO - [2022-10-05T00:11:09.786+0000] {dag.py:3328} INFO - Setting next_dagrun for example_external_task_marker_parent to None, run_after=None
[2022-10-05T00:11:12.914+0000] {processor.py:178} INFO - Processing /home/airflow/.local/lib/python3.7/site-packages/airflow/example_dags/example_external_task_marker_dag.py took 4.571 seconds
[2022-10-05T00:13:28.854+0000] {processor.py:156} INFO - Started process (PID=89) to work on /home/airflow/.local/lib/python3.7/site-packages/airflow/example_dags/example_external_task_marker_dag.py
[2022-10-05T00:13:28.867+0000] {processor.py:758} INFO - Processing file /home/airflow/.local/lib/python3.7/site-packages/airflow/example_dags/example_external_task_marker_dag.py for tasks to queue
[2022-10-05T00:13:28.867+0000] {logging_mixin.py:117} INFO - [2022-10-05T00:13:28.867+0000] {dagbag.py:525} INFO - Filling up the DagBag from /home/airflow/.local/lib/python3.7/site-packages/airflow/example_dags/example_external_task_marker_dag.py
[2022-10-05T00:13:28.969+0000] {processor.py:768} INFO - DAG(s) dict_keys(['example_external_task_marker_child', 'example_external_task_marker_parent']) retrieved from /home/airflow/.local/lib/python3.7/site-packages/airflow/example_dags/example_external_task_marker_dag.py
[2022-10-05T00:13:33.144+0000] {logging_mixin.py:117} INFO - [2022-10-05T00:13:33.144+0000] {dag.py:2573} INFO - Sync 2 DAGs
[2022-10-05T00:13:33.346+0000] {logging_mixin.py:117} INFO - [2022-10-05T00:13:33.346+0000] {dag.py:3328} INFO - Setting next_dagrun for example_external_task_marker_child to None, run_after=None
[2022-10-05T00:13:33.379+0000] {logging_mixin.py:117} INFO - [2022-10-05T00:13:33.379+0000] {dag.py:3328} INFO - Setting next_dagrun for example_external_task_marker_parent to None, run_after=None
[2022-10-05T00:13:34.539+0000] {processor.py:178} INFO - Processing /home/airflow/.local/lib/python3.7/site-packages/airflow/example_dags/example_external_task_marker_dag.py took 5.700 seconds
[2022-10-05T00:16:02.566+0000] {processor.py:156} INFO - Started process (PID=98) to work on /home/airflow/.local/lib/python3.7/site-packages/airflow/example_dags/example_external_task_marker_dag.py
[2022-10-05T00:16:02.575+0000] {processor.py:758} INFO - Processing file /home/airflow/.local/lib/python3.7/site-packages/airflow/example_dags/example_external_task_marker_dag.py for tasks to queue
[2022-10-05T00:16:02.578+0000] {logging_mixin.py:117} INFO - [2022-10-05T00:16:02.577+0000] {dagbag.py:525} INFO - Filling up the DagBag from /home/airflow/.local/lib/python3.7/site-packages/airflow/example_dags/example_external_task_marker_dag.py
[2022-10-05T00:16:02.730+0000] {processor.py:768} INFO - DAG(s) dict_keys(['example_external_task_marker_child', 'example_external_task_marker_parent']) retrieved from /home/airflow/.local/lib/python3.7/site-packages/airflow/example_dags/example_external_task_marker_dag.py
[2022-10-05T00:16:05.727+0000] {logging_mixin.py:117} INFO - [2022-10-05T00:16:05.727+0000] {dag.py:2573} INFO - Sync 2 DAGs
[2022-10-05T00:16:05.860+0000] {logging_mixin.py:117} INFO - [2022-10-05T00:16:05.860+0000] {dag.py:3328} INFO - Setting next_dagrun for example_external_task_marker_child to None, run_after=None
[2022-10-05T00:16:05.899+0000] {logging_mixin.py:117} INFO - [2022-10-05T00:16:05.899+0000] {dag.py:3328} INFO - Setting next_dagrun for example_external_task_marker_parent to None, run_after=None
[2022-10-05T00:16:06.043+0000] {processor.py:178} INFO - Processing /home/airflow/.local/lib/python3.7/site-packages/airflow/example_dags/example_external_task_marker_dag.py took 3.490 seconds
[2022-10-05T00:17:54.018+0000] {processor.py:156} INFO - Started process (PID=89) to work on /home/airflow/.local/lib/python3.7/site-packages/airflow/example_dags/example_external_task_marker_dag.py
[2022-10-05T00:17:54.032+0000] {processor.py:758} INFO - Processing file /home/airflow/.local/lib/python3.7/site-packages/airflow/example_dags/example_external_task_marker_dag.py for tasks to queue
[2022-10-05T00:17:54.033+0000] {logging_mixin.py:117} INFO - [2022-10-05T00:17:54.033+0000] {dagbag.py:525} INFO - Filling up the DagBag from /home/airflow/.local/lib/python3.7/site-packages/airflow/example_dags/example_external_task_marker_dag.py
[2022-10-05T00:17:54.175+0000] {processor.py:768} INFO - DAG(s) dict_keys(['example_external_task_marker_child', 'example_external_task_marker_parent']) retrieved from /home/airflow/.local/lib/python3.7/site-packages/airflow/example_dags/example_external_task_marker_dag.py
[2022-10-05T00:17:57.306+0000] {logging_mixin.py:117} INFO - [2022-10-05T00:17:57.290+0000] {dag.py:2573} INFO - Sync 2 DAGs
[2022-10-05T00:17:57.475+0000] {logging_mixin.py:117} INFO - [2022-10-05T00:17:57.475+0000] {dag.py:3328} INFO - Setting next_dagrun for example_external_task_marker_child to None, run_after=None
[2022-10-05T00:17:57.497+0000] {logging_mixin.py:117} INFO - [2022-10-05T00:17:57.497+0000] {dag.py:3328} INFO - Setting next_dagrun for example_external_task_marker_parent to None, run_after=None
[2022-10-05T00:17:57.714+0000] {processor.py:178} INFO - Processing /home/airflow/.local/lib/python3.7/site-packages/airflow/example_dags/example_external_task_marker_dag.py took 3.736 seconds
[2022-10-05T00:19:51.102+0000] {processor.py:156} INFO - Started process (PID=88) to work on /home/airflow/.local/lib/python3.7/site-packages/airflow/example_dags/example_external_task_marker_dag.py
[2022-10-05T00:19:51.107+0000] {processor.py:758} INFO - Processing file /home/airflow/.local/lib/python3.7/site-packages/airflow/example_dags/example_external_task_marker_dag.py for tasks to queue
[2022-10-05T00:19:51.109+0000] {logging_mixin.py:117} INFO - [2022-10-05T00:19:51.108+0000] {dagbag.py:525} INFO - Filling up the DagBag from /home/airflow/.local/lib/python3.7/site-packages/airflow/example_dags/example_external_task_marker_dag.py
[2022-10-05T00:19:51.183+0000] {processor.py:768} INFO - DAG(s) dict_keys(['example_external_task_marker_parent', 'example_external_task_marker_child']) retrieved from /home/airflow/.local/lib/python3.7/site-packages/airflow/example_dags/example_external_task_marker_dag.py
[2022-10-05T00:19:52.802+0000] {logging_mixin.py:117} INFO - [2022-10-05T00:19:52.786+0000] {dag.py:2573} INFO - Sync 2 DAGs
[2022-10-05T00:19:52.953+0000] {logging_mixin.py:117} INFO - [2022-10-05T00:19:52.953+0000] {dag.py:3328} INFO - Setting next_dagrun for example_external_task_marker_child to None, run_after=None
[2022-10-05T00:19:52.979+0000] {logging_mixin.py:117} INFO - [2022-10-05T00:19:52.978+0000] {dag.py:3328} INFO - Setting next_dagrun for example_external_task_marker_parent to None, run_after=None
[2022-10-05T00:19:53.131+0000] {processor.py:178} INFO - Processing /home/airflow/.local/lib/python3.7/site-packages/airflow/example_dags/example_external_task_marker_dag.py took 2.026 seconds
[2022-10-05T00:21:43.677+0000] {processor.py:156} INFO - Started process (PID=89) to work on /home/airflow/.local/lib/python3.7/site-packages/airflow/example_dags/example_external_task_marker_dag.py
[2022-10-05T00:21:43.682+0000] {processor.py:758} INFO - Processing file /home/airflow/.local/lib/python3.7/site-packages/airflow/example_dags/example_external_task_marker_dag.py for tasks to queue
[2022-10-05T00:21:43.686+0000] {logging_mixin.py:117} INFO - [2022-10-05T00:21:43.686+0000] {dagbag.py:525} INFO - Filling up the DagBag from /home/airflow/.local/lib/python3.7/site-packages/airflow/example_dags/example_external_task_marker_dag.py
[2022-10-05T00:21:43.756+0000] {processor.py:768} INFO - DAG(s) dict_keys(['example_external_task_marker_parent', 'example_external_task_marker_child']) retrieved from /home/airflow/.local/lib/python3.7/site-packages/airflow/example_dags/example_external_task_marker_dag.py
[2022-10-05T00:21:45.524+0000] {logging_mixin.py:117} INFO - [2022-10-05T00:21:45.524+0000] {dag.py:2573} INFO - Sync 2 DAGs
[2022-10-05T00:21:45.627+0000] {logging_mixin.py:117} INFO - [2022-10-05T00:21:45.627+0000] {dag.py:3328} INFO - Setting next_dagrun for example_external_task_marker_child to None, run_after=None
[2022-10-05T00:21:45.648+0000] {logging_mixin.py:117} INFO - [2022-10-05T00:21:45.648+0000] {dag.py:3328} INFO - Setting next_dagrun for example_external_task_marker_parent to None, run_after=None
[2022-10-05T00:21:45.841+0000] {processor.py:178} INFO - Processing /home/airflow/.local/lib/python3.7/site-packages/airflow/example_dags/example_external_task_marker_dag.py took 2.174 seconds
[2022-10-05T00:23:56.706+0000] {processor.py:156} INFO - Started process (PID=100) to work on /home/airflow/.local/lib/python3.7/site-packages/airflow/example_dags/example_external_task_marker_dag.py
[2022-10-05T00:23:56.715+0000] {processor.py:758} INFO - Processing file /home/airflow/.local/lib/python3.7/site-packages/airflow/example_dags/example_external_task_marker_dag.py for tasks to queue
[2022-10-05T00:23:56.725+0000] {logging_mixin.py:117} INFO - [2022-10-05T00:23:56.725+0000] {dagbag.py:525} INFO - Filling up the DagBag from /home/airflow/.local/lib/python3.7/site-packages/airflow/example_dags/example_external_task_marker_dag.py
[2022-10-05T00:23:56.920+0000] {processor.py:768} INFO - DAG(s) dict_keys(['example_external_task_marker_child', 'example_external_task_marker_parent']) retrieved from /home/airflow/.local/lib/python3.7/site-packages/airflow/example_dags/example_external_task_marker_dag.py
[2022-10-05T00:24:01.004+0000] {logging_mixin.py:117} INFO - [2022-10-05T00:24:01.004+0000] {dag.py:2573} INFO - Sync 2 DAGs
[2022-10-05T00:24:01.162+0000] {logging_mixin.py:117} INFO - [2022-10-05T00:24:01.162+0000] {dag.py:3328} INFO - Setting next_dagrun for example_external_task_marker_child to None, run_after=None
[2022-10-05T00:24:01.179+0000] {logging_mixin.py:117} INFO - [2022-10-05T00:24:01.178+0000] {dag.py:3328} INFO - Setting next_dagrun for example_external_task_marker_parent to None, run_after=None
[2022-10-05T00:24:01.360+0000] {processor.py:178} INFO - Processing /home/airflow/.local/lib/python3.7/site-packages/airflow/example_dags/example_external_task_marker_dag.py took 4.674 seconds
[2022-10-05T00:25:44.790+0000] {processor.py:156} INFO - Started process (PID=87) to work on /home/airflow/.local/lib/python3.7/site-packages/airflow/example_dags/example_external_task_marker_dag.py
[2022-10-05T00:25:44.791+0000] {processor.py:758} INFO - Processing file /home/airflow/.local/lib/python3.7/site-packages/airflow/example_dags/example_external_task_marker_dag.py for tasks to queue
[2022-10-05T00:25:44.797+0000] {logging_mixin.py:117} INFO - [2022-10-05T00:25:44.797+0000] {dagbag.py:525} INFO - Filling up the DagBag from /home/airflow/.local/lib/python3.7/site-packages/airflow/example_dags/example_external_task_marker_dag.py
[2022-10-05T00:25:44.875+0000] {processor.py:768} INFO - DAG(s) dict_keys(['example_external_task_marker_parent', 'example_external_task_marker_child']) retrieved from /home/airflow/.local/lib/python3.7/site-packages/airflow/example_dags/example_external_task_marker_dag.py
[2022-10-05T00:25:47.232+0000] {logging_mixin.py:117} INFO - [2022-10-05T00:25:47.232+0000] {dag.py:2573} INFO - Sync 2 DAGs
[2022-10-05T00:25:47.366+0000] {logging_mixin.py:117} INFO - [2022-10-05T00:25:47.366+0000] {dag.py:3328} INFO - Setting next_dagrun for example_external_task_marker_child to None, run_after=None
[2022-10-05T00:25:47.379+0000] {logging_mixin.py:117} INFO - [2022-10-05T00:25:47.378+0000] {dag.py:3328} INFO - Setting next_dagrun for example_external_task_marker_parent to None, run_after=None
[2022-10-05T00:25:47.803+0000] {processor.py:178} INFO - Processing /home/airflow/.local/lib/python3.7/site-packages/airflow/example_dags/example_external_task_marker_dag.py took 3.033 seconds
[2022-10-05T00:28:49.623+0000] {processor.py:156} INFO - Started process (PID=106) to work on /home/airflow/.local/lib/python3.7/site-packages/airflow/example_dags/example_external_task_marker_dag.py
[2022-10-05T00:28:49.643+0000] {processor.py:758} INFO - Processing file /home/airflow/.local/lib/python3.7/site-packages/airflow/example_dags/example_external_task_marker_dag.py for tasks to queue
[2022-10-05T00:28:49.650+0000] {logging_mixin.py:117} INFO - [2022-10-05T00:28:49.650+0000] {dagbag.py:525} INFO - Filling up the DagBag from /home/airflow/.local/lib/python3.7/site-packages/airflow/example_dags/example_external_task_marker_dag.py
[2022-10-05T00:28:49.880+0000] {processor.py:768} INFO - DAG(s) dict_keys(['example_external_task_marker_child', 'example_external_task_marker_parent']) retrieved from /home/airflow/.local/lib/python3.7/site-packages/airflow/example_dags/example_external_task_marker_dag.py
[2022-10-05T00:28:55.391+0000] {logging_mixin.py:117} INFO - [2022-10-05T00:28:55.391+0000] {dag.py:2573} INFO - Sync 2 DAGs
[2022-10-05T00:28:55.714+0000] {logging_mixin.py:117} INFO - [2022-10-05T00:28:55.714+0000] {dag.py:3328} INFO - Setting next_dagrun for example_external_task_marker_child to None, run_after=None
[2022-10-05T00:28:55.768+0000] {logging_mixin.py:117} INFO - [2022-10-05T00:28:55.768+0000] {dag.py:3328} INFO - Setting next_dagrun for example_external_task_marker_parent to None, run_after=None
[2022-10-05T00:28:56.028+0000] {processor.py:178} INFO - Processing /home/airflow/.local/lib/python3.7/site-packages/airflow/example_dags/example_external_task_marker_dag.py took 6.464 seconds
[2022-10-05T00:31:12.935+0000] {processor.py:156} INFO - Started process (PID=98) to work on /home/airflow/.local/lib/python3.7/site-packages/airflow/example_dags/example_external_task_marker_dag.py
[2022-10-05T00:31:12.946+0000] {processor.py:758} INFO - Processing file /home/airflow/.local/lib/python3.7/site-packages/airflow/example_dags/example_external_task_marker_dag.py for tasks to queue
[2022-10-05T00:31:12.965+0000] {logging_mixin.py:117} INFO - [2022-10-05T00:31:12.965+0000] {dagbag.py:525} INFO - Filling up the DagBag from /home/airflow/.local/lib/python3.7/site-packages/airflow/example_dags/example_external_task_marker_dag.py
[2022-10-05T00:31:13.806+0000] {processor.py:768} INFO - DAG(s) dict_keys(['example_external_task_marker_child', 'example_external_task_marker_parent']) retrieved from /home/airflow/.local/lib/python3.7/site-packages/airflow/example_dags/example_external_task_marker_dag.py
[2022-10-05T00:31:25.722+0000] {logging_mixin.py:117} INFO - [2022-10-05T00:31:25.722+0000] {dag.py:2573} INFO - Sync 2 DAGs
[2022-10-05T00:31:25.903+0000] {logging_mixin.py:117} INFO - [2022-10-05T00:31:25.902+0000] {dag.py:3328} INFO - Setting next_dagrun for example_external_task_marker_child to None, run_after=None
[2022-10-05T00:31:25.932+0000] {logging_mixin.py:117} INFO - [2022-10-05T00:31:25.932+0000] {dag.py:3328} INFO - Setting next_dagrun for example_external_task_marker_parent to None, run_after=None
[2022-10-05T00:31:26.138+0000] {processor.py:178} INFO - Processing /home/airflow/.local/lib/python3.7/site-packages/airflow/example_dags/example_external_task_marker_dag.py took 13.583 seconds
[2022-10-05T00:33:28.225+0000] {processor.py:156} INFO - Started process (PID=91) to work on /home/airflow/.local/lib/python3.7/site-packages/airflow/example_dags/example_external_task_marker_dag.py
[2022-10-05T00:33:28.234+0000] {processor.py:758} INFO - Processing file /home/airflow/.local/lib/python3.7/site-packages/airflow/example_dags/example_external_task_marker_dag.py for tasks to queue
[2022-10-05T00:33:28.238+0000] {logging_mixin.py:117} INFO - [2022-10-05T00:33:28.237+0000] {dagbag.py:525} INFO - Filling up the DagBag from /home/airflow/.local/lib/python3.7/site-packages/airflow/example_dags/example_external_task_marker_dag.py
[2022-10-05T00:33:28.350+0000] {processor.py:768} INFO - DAG(s) dict_keys(['example_external_task_marker_parent', 'example_external_task_marker_child']) retrieved from /home/airflow/.local/lib/python3.7/site-packages/airflow/example_dags/example_external_task_marker_dag.py
[2022-10-05T00:33:30.756+0000] {logging_mixin.py:117} INFO - [2022-10-05T00:33:30.756+0000] {dag.py:2573} INFO - Sync 2 DAGs
[2022-10-05T00:33:30.924+0000] {logging_mixin.py:117} INFO - [2022-10-05T00:33:30.924+0000] {dag.py:3328} INFO - Setting next_dagrun for example_external_task_marker_child to None, run_after=None
[2022-10-05T00:33:30.948+0000] {logging_mixin.py:117} INFO - [2022-10-05T00:33:30.948+0000] {dag.py:3328} INFO - Setting next_dagrun for example_external_task_marker_parent to None, run_after=None
[2022-10-05T00:33:32.568+0000] {processor.py:178} INFO - Processing /home/airflow/.local/lib/python3.7/site-packages/airflow/example_dags/example_external_task_marker_dag.py took 4.370 seconds
[2022-10-05T00:35:34.292+0000] {processor.py:156} INFO - Started process (PID=98) to work on /home/airflow/.local/lib/python3.7/site-packages/airflow/example_dags/example_external_task_marker_dag.py
[2022-10-05T00:35:34.295+0000] {processor.py:758} INFO - Processing file /home/airflow/.local/lib/python3.7/site-packages/airflow/example_dags/example_external_task_marker_dag.py for tasks to queue
[2022-10-05T00:35:34.303+0000] {logging_mixin.py:117} INFO - [2022-10-05T00:35:34.303+0000] {dagbag.py:525} INFO - Filling up the DagBag from /home/airflow/.local/lib/python3.7/site-packages/airflow/example_dags/example_external_task_marker_dag.py
[2022-10-05T00:35:34.449+0000] {processor.py:768} INFO - DAG(s) dict_keys(['example_external_task_marker_parent', 'example_external_task_marker_child']) retrieved from /home/airflow/.local/lib/python3.7/site-packages/airflow/example_dags/example_external_task_marker_dag.py
[2022-10-05T00:35:37.287+0000] {logging_mixin.py:117} INFO - [2022-10-05T00:35:37.287+0000] {dag.py:2573} INFO - Sync 2 DAGs
[2022-10-05T00:35:37.524+0000] {logging_mixin.py:117} INFO - [2022-10-05T00:35:37.524+0000] {dag.py:3328} INFO - Setting next_dagrun for example_external_task_marker_child to None, run_after=None
[2022-10-05T00:35:37.571+0000] {logging_mixin.py:117} INFO - [2022-10-05T00:35:37.571+0000] {dag.py:3328} INFO - Setting next_dagrun for example_external_task_marker_parent to None, run_after=None
[2022-10-05T00:35:37.858+0000] {processor.py:178} INFO - Processing /home/airflow/.local/lib/python3.7/site-packages/airflow/example_dags/example_external_task_marker_dag.py took 3.590 seconds
[2022-10-05T00:37:31.084+0000] {processor.py:156} INFO - Started process (PID=89) to work on /home/airflow/.local/lib/python3.7/site-packages/airflow/example_dags/example_external_task_marker_dag.py
[2022-10-05T00:37:31.095+0000] {processor.py:758} INFO - Processing file /home/airflow/.local/lib/python3.7/site-packages/airflow/example_dags/example_external_task_marker_dag.py for tasks to queue
[2022-10-05T00:37:31.099+0000] {logging_mixin.py:117} INFO - [2022-10-05T00:37:31.099+0000] {dagbag.py:525} INFO - Filling up the DagBag from /home/airflow/.local/lib/python3.7/site-packages/airflow/example_dags/example_external_task_marker_dag.py
[2022-10-05T00:37:31.205+0000] {processor.py:768} INFO - DAG(s) dict_keys(['example_external_task_marker_child', 'example_external_task_marker_parent']) retrieved from /home/airflow/.local/lib/python3.7/site-packages/airflow/example_dags/example_external_task_marker_dag.py
[2022-10-05T00:37:33.384+0000] {logging_mixin.py:117} INFO - [2022-10-05T00:37:33.383+0000] {dag.py:2573} INFO - Sync 2 DAGs
[2022-10-05T00:37:33.463+0000] {logging_mixin.py:117} INFO - [2022-10-05T00:37:33.462+0000] {dag.py:3328} INFO - Setting next_dagrun for example_external_task_marker_child to None, run_after=None
[2022-10-05T00:37:33.478+0000] {logging_mixin.py:117} INFO - [2022-10-05T00:37:33.478+0000] {dag.py:3328} INFO - Setting next_dagrun for example_external_task_marker_parent to None, run_after=None
[2022-10-05T00:37:33.542+0000] {processor.py:178} INFO - Processing /home/airflow/.local/lib/python3.7/site-packages/airflow/example_dags/example_external_task_marker_dag.py took 2.472 seconds
[2022-10-05T00:39:40.599+0000] {processor.py:156} INFO - Started process (PID=91) to work on /home/airflow/.local/lib/python3.7/site-packages/airflow/example_dags/example_external_task_marker_dag.py
[2022-10-05T00:39:40.609+0000] {processor.py:758} INFO - Processing file /home/airflow/.local/lib/python3.7/site-packages/airflow/example_dags/example_external_task_marker_dag.py for tasks to queue
[2022-10-05T00:39:40.616+0000] {logging_mixin.py:117} INFO - [2022-10-05T00:39:40.615+0000] {dagbag.py:525} INFO - Filling up the DagBag from /home/airflow/.local/lib/python3.7/site-packages/airflow/example_dags/example_external_task_marker_dag.py
[2022-10-05T00:39:40.780+0000] {processor.py:768} INFO - DAG(s) dict_keys(['example_external_task_marker_child', 'example_external_task_marker_parent']) retrieved from /home/airflow/.local/lib/python3.7/site-packages/airflow/example_dags/example_external_task_marker_dag.py
[2022-10-05T00:39:43.325+0000] {logging_mixin.py:117} INFO - [2022-10-05T00:39:43.324+0000] {dag.py:2573} INFO - Sync 2 DAGs
[2022-10-05T00:39:43.459+0000] {logging_mixin.py:117} INFO - [2022-10-05T00:39:43.459+0000] {dag.py:3328} INFO - Setting next_dagrun for example_external_task_marker_child to None, run_after=None
[2022-10-05T00:39:43.480+0000] {logging_mixin.py:117} INFO - [2022-10-05T00:39:43.480+0000] {dag.py:3328} INFO - Setting next_dagrun for example_external_task_marker_parent to None, run_after=None
[2022-10-05T00:39:43.606+0000] {processor.py:178} INFO - Processing /home/airflow/.local/lib/python3.7/site-packages/airflow/example_dags/example_external_task_marker_dag.py took 3.042 seconds
[2022-10-05T00:41:59.711+0000] {processor.py:156} INFO - Started process (PID=91) to work on /home/airflow/.local/lib/python3.7/site-packages/airflow/example_dags/example_external_task_marker_dag.py
[2022-10-05T00:41:59.723+0000] {processor.py:758} INFO - Processing file /home/airflow/.local/lib/python3.7/site-packages/airflow/example_dags/example_external_task_marker_dag.py for tasks to queue
[2022-10-05T00:41:59.732+0000] {logging_mixin.py:117} INFO - [2022-10-05T00:41:59.732+0000] {dagbag.py:525} INFO - Filling up the DagBag from /home/airflow/.local/lib/python3.7/site-packages/airflow/example_dags/example_external_task_marker_dag.py
[2022-10-05T00:41:59.976+0000] {processor.py:768} INFO - DAG(s) dict_keys(['example_external_task_marker_parent', 'example_external_task_marker_child']) retrieved from /home/airflow/.local/lib/python3.7/site-packages/airflow/example_dags/example_external_task_marker_dag.py
[2022-10-05T00:42:04.275+0000] {logging_mixin.py:117} INFO - [2022-10-05T00:42:04.275+0000] {dag.py:2573} INFO - Sync 2 DAGs
[2022-10-05T00:42:04.473+0000] {logging_mixin.py:117} INFO - [2022-10-05T00:42:04.473+0000] {dag.py:3328} INFO - Setting next_dagrun for example_external_task_marker_child to None, run_after=None
[2022-10-05T00:42:04.504+0000] {logging_mixin.py:117} INFO - [2022-10-05T00:42:04.504+0000] {dag.py:3328} INFO - Setting next_dagrun for example_external_task_marker_parent to None, run_after=None
[2022-10-05T00:42:05.730+0000] {processor.py:178} INFO - Processing /home/airflow/.local/lib/python3.7/site-packages/airflow/example_dags/example_external_task_marker_dag.py took 6.056 seconds
[2022-10-05T00:44:14.086+0000] {processor.py:156} INFO - Started process (PID=100) to work on /home/airflow/.local/lib/python3.7/site-packages/airflow/example_dags/example_external_task_marker_dag.py
[2022-10-05T00:44:14.110+0000] {processor.py:758} INFO - Processing file /home/airflow/.local/lib/python3.7/site-packages/airflow/example_dags/example_external_task_marker_dag.py for tasks to queue
[2022-10-05T00:44:14.130+0000] {logging_mixin.py:117} INFO - [2022-10-05T00:44:14.129+0000] {dagbag.py:525} INFO - Filling up the DagBag from /home/airflow/.local/lib/python3.7/site-packages/airflow/example_dags/example_external_task_marker_dag.py
[2022-10-05T00:44:14.456+0000] {processor.py:768} INFO - DAG(s) dict_keys(['example_external_task_marker_child', 'example_external_task_marker_parent']) retrieved from /home/airflow/.local/lib/python3.7/site-packages/airflow/example_dags/example_external_task_marker_dag.py
[2022-10-05T00:44:21.801+0000] {logging_mixin.py:117} INFO - [2022-10-05T00:44:21.801+0000] {dag.py:2573} INFO - Sync 2 DAGs
[2022-10-05T00:44:21.988+0000] {logging_mixin.py:117} INFO - [2022-10-05T00:44:21.988+0000] {dag.py:3328} INFO - Setting next_dagrun for example_external_task_marker_child to None, run_after=None
[2022-10-05T00:44:22.009+0000] {logging_mixin.py:117} INFO - [2022-10-05T00:44:22.009+0000] {dag.py:3328} INFO - Setting next_dagrun for example_external_task_marker_parent to None, run_after=None
[2022-10-05T00:44:22.445+0000] {processor.py:178} INFO - Processing /home/airflow/.local/lib/python3.7/site-packages/airflow/example_dags/example_external_task_marker_dag.py took 8.415 seconds
[2022-10-05T00:50:08.447+0000] {processor.py:156} INFO - Started process (PID=99) to work on /home/airflow/.local/lib/python3.7/site-packages/airflow/example_dags/example_external_task_marker_dag.py
[2022-10-05T00:50:08.451+0000] {processor.py:758} INFO - Processing file /home/airflow/.local/lib/python3.7/site-packages/airflow/example_dags/example_external_task_marker_dag.py for tasks to queue
[2022-10-05T00:50:08.453+0000] {logging_mixin.py:117} INFO - [2022-10-05T00:50:08.453+0000] {dagbag.py:525} INFO - Filling up the DagBag from /home/airflow/.local/lib/python3.7/site-packages/airflow/example_dags/example_external_task_marker_dag.py
[2022-10-05T00:50:08.877+0000] {processor.py:768} INFO - DAG(s) dict_keys(['example_external_task_marker_parent', 'example_external_task_marker_child']) retrieved from /home/airflow/.local/lib/python3.7/site-packages/airflow/example_dags/example_external_task_marker_dag.py
[2022-10-05T00:50:09.414+0000] {logging_mixin.py:117} INFO - [2022-10-05T00:50:09.414+0000] {dag.py:2573} INFO - Sync 2 DAGs
[2022-10-05T00:50:09.472+0000] {logging_mixin.py:117} INFO - [2022-10-05T00:50:09.472+0000] {dag.py:3328} INFO - Setting next_dagrun for example_external_task_marker_child to None, run_after=None
[2022-10-05T00:50:09.497+0000] {logging_mixin.py:117} INFO - [2022-10-05T00:50:09.497+0000] {dag.py:3328} INFO - Setting next_dagrun for example_external_task_marker_parent to None, run_after=None
[2022-10-05T00:50:11.689+0000] {processor.py:178} INFO - Processing /home/airflow/.local/lib/python3.7/site-packages/airflow/example_dags/example_external_task_marker_dag.py took 3.255 seconds
[2022-10-05T00:52:22.748+0000] {processor.py:156} INFO - Started process (PID=98) to work on /home/airflow/.local/lib/python3.7/site-packages/airflow/example_dags/example_external_task_marker_dag.py
[2022-10-05T00:52:22.751+0000] {processor.py:758} INFO - Processing file /home/airflow/.local/lib/python3.7/site-packages/airflow/example_dags/example_external_task_marker_dag.py for tasks to queue
[2022-10-05T00:52:22.753+0000] {logging_mixin.py:117} INFO - [2022-10-05T00:52:22.753+0000] {dagbag.py:525} INFO - Filling up the DagBag from /home/airflow/.local/lib/python3.7/site-packages/airflow/example_dags/example_external_task_marker_dag.py
[2022-10-05T00:52:22.804+0000] {processor.py:768} INFO - DAG(s) dict_keys(['example_external_task_marker_parent', 'example_external_task_marker_child']) retrieved from /home/airflow/.local/lib/python3.7/site-packages/airflow/example_dags/example_external_task_marker_dag.py
[2022-10-05T00:52:24.197+0000] {logging_mixin.py:117} INFO - [2022-10-05T00:52:24.197+0000] {dag.py:2573} INFO - Sync 2 DAGs
[2022-10-05T00:52:24.296+0000] {logging_mixin.py:117} INFO - [2022-10-05T00:52:24.296+0000] {dag.py:3328} INFO - Setting next_dagrun for example_external_task_marker_child to None, run_after=None
[2022-10-05T00:52:24.303+0000] {logging_mixin.py:117} INFO - [2022-10-05T00:52:24.303+0000] {dag.py:3328} INFO - Setting next_dagrun for example_external_task_marker_parent to None, run_after=None
[2022-10-05T00:52:24.480+0000] {processor.py:178} INFO - Processing /home/airflow/.local/lib/python3.7/site-packages/airflow/example_dags/example_external_task_marker_dag.py took 1.742 seconds
[2022-10-05T00:54:35.744+0000] {processor.py:156} INFO - Started process (PID=73) to work on /home/airflow/.local/lib/python3.7/site-packages/airflow/example_dags/example_external_task_marker_dag.py
[2022-10-05T00:54:35.754+0000] {processor.py:758} INFO - Processing file /home/airflow/.local/lib/python3.7/site-packages/airflow/example_dags/example_external_task_marker_dag.py for tasks to queue
[2022-10-05T00:54:35.756+0000] {logging_mixin.py:117} INFO - [2022-10-05T00:54:35.756+0000] {dagbag.py:525} INFO - Filling up the DagBag from /home/airflow/.local/lib/python3.7/site-packages/airflow/example_dags/example_external_task_marker_dag.py
[2022-10-05T00:54:35.836+0000] {processor.py:768} INFO - DAG(s) dict_keys(['example_external_task_marker_parent', 'example_external_task_marker_child']) retrieved from /home/airflow/.local/lib/python3.7/site-packages/airflow/example_dags/example_external_task_marker_dag.py
[2022-10-05T00:54:36.423+0000] {logging_mixin.py:117} INFO - [2022-10-05T00:54:36.423+0000] {dag.py:2573} INFO - Sync 2 DAGs
[2022-10-05T00:54:36.532+0000] {logging_mixin.py:117} INFO - [2022-10-05T00:54:36.531+0000] {dag.py:3328} INFO - Setting next_dagrun for example_external_task_marker_child to None, run_after=None
[2022-10-05T00:54:36.541+0000] {logging_mixin.py:117} INFO - [2022-10-05T00:54:36.541+0000] {dag.py:3328} INFO - Setting next_dagrun for example_external_task_marker_parent to None, run_after=None
[2022-10-05T00:54:36.791+0000] {processor.py:178} INFO - Processing /home/airflow/.local/lib/python3.7/site-packages/airflow/example_dags/example_external_task_marker_dag.py took 1.059 seconds
[2022-10-05T00:56:41.007+0000] {processor.py:156} INFO - Started process (PID=91) to work on /home/airflow/.local/lib/python3.7/site-packages/airflow/example_dags/example_external_task_marker_dag.py
[2022-10-05T00:56:41.016+0000] {processor.py:758} INFO - Processing file /home/airflow/.local/lib/python3.7/site-packages/airflow/example_dags/example_external_task_marker_dag.py for tasks to queue
[2022-10-05T00:56:41.020+0000] {logging_mixin.py:117} INFO - [2022-10-05T00:56:41.020+0000] {dagbag.py:525} INFO - Filling up the DagBag from /home/airflow/.local/lib/python3.7/site-packages/airflow/example_dags/example_external_task_marker_dag.py
[2022-10-05T00:56:41.130+0000] {processor.py:768} INFO - DAG(s) dict_keys(['example_external_task_marker_parent', 'example_external_task_marker_child']) retrieved from /home/airflow/.local/lib/python3.7/site-packages/airflow/example_dags/example_external_task_marker_dag.py
[2022-10-05T00:56:43.151+0000] {logging_mixin.py:117} INFO - [2022-10-05T00:56:43.151+0000] {dag.py:2573} INFO - Sync 2 DAGs
[2022-10-05T00:56:43.297+0000] {logging_mixin.py:117} INFO - [2022-10-05T00:56:43.296+0000] {dag.py:3328} INFO - Setting next_dagrun for example_external_task_marker_child to None, run_after=None
[2022-10-05T00:56:43.336+0000] {logging_mixin.py:117} INFO - [2022-10-05T00:56:43.332+0000] {dag.py:3328} INFO - Setting next_dagrun for example_external_task_marker_parent to None, run_after=None
[2022-10-05T00:56:43.621+0000] {processor.py:178} INFO - Processing /home/airflow/.local/lib/python3.7/site-packages/airflow/example_dags/example_external_task_marker_dag.py took 2.634 seconds
