[2022-10-05T00:00:46.641+0000] {processor.py:156} INFO - Started process (PID=60) to work on /home/airflow/.local/lib/python3.7/site-packages/airflow/example_dags/example_latest_only_with_trigger.py
[2022-10-05T00:00:46.654+0000] {processor.py:758} INFO - Processing file /home/airflow/.local/lib/python3.7/site-packages/airflow/example_dags/example_latest_only_with_trigger.py for tasks to queue
[2022-10-05T00:00:46.665+0000] {logging_mixin.py:117} INFO - [2022-10-05T00:00:46.664+0000] {dagbag.py:525} INFO - Filling up the DagBag from /home/airflow/.local/lib/python3.7/site-packages/airflow/example_dags/example_latest_only_with_trigger.py
[2022-10-05T00:00:46.829+0000] {processor.py:768} INFO - DAG(s) dict_keys(['latest_only_with_trigger']) retrieved from /home/airflow/.local/lib/python3.7/site-packages/airflow/example_dags/example_latest_only_with_trigger.py
[2022-10-05T00:00:48.034+0000] {logging_mixin.py:117} INFO - [2022-10-05T00:00:48.034+0000] {dag.py:2573} INFO - Sync 1 DAGs
[2022-10-05T00:00:48.143+0000] {logging_mixin.py:117} INFO - [2022-10-05T00:00:48.143+0000] {dag.py:3328} INFO - Setting next_dagrun for latest_only_with_trigger to 2022-10-04T20:00:48.142983+00:00, run_after=2022-10-05T00:00:48.142983+00:00
[2022-10-05T00:00:48.235+0000] {processor.py:178} INFO - Processing /home/airflow/.local/lib/python3.7/site-packages/airflow/example_dags/example_latest_only_with_trigger.py took 1.629 seconds
[2022-10-05T00:02:50.783+0000] {processor.py:156} INFO - Started process (PID=60) to work on /home/airflow/.local/lib/python3.7/site-packages/airflow/example_dags/example_latest_only_with_trigger.py
[2022-10-05T00:02:50.784+0000] {processor.py:758} INFO - Processing file /home/airflow/.local/lib/python3.7/site-packages/airflow/example_dags/example_latest_only_with_trigger.py for tasks to queue
[2022-10-05T00:02:50.786+0000] {logging_mixin.py:117} INFO - [2022-10-05T00:02:50.785+0000] {dagbag.py:525} INFO - Filling up the DagBag from /home/airflow/.local/lib/python3.7/site-packages/airflow/example_dags/example_latest_only_with_trigger.py
[2022-10-05T00:02:50.909+0000] {processor.py:768} INFO - DAG(s) dict_keys(['latest_only_with_trigger']) retrieved from /home/airflow/.local/lib/python3.7/site-packages/airflow/example_dags/example_latest_only_with_trigger.py
[2022-10-05T00:02:51.959+0000] {logging_mixin.py:117} INFO - [2022-10-05T00:02:51.959+0000] {dag.py:2573} INFO - Sync 1 DAGs
[2022-10-05T00:02:52.223+0000] {logging_mixin.py:117} INFO - [2022-10-05T00:02:52.223+0000] {dag.py:3328} INFO - Setting next_dagrun for latest_only_with_trigger to 2022-10-04T20:02:52.222823+00:00, run_after=2022-10-05T00:02:52.222823+00:00
[2022-10-05T00:02:52.573+0000] {processor.py:178} INFO - Processing /home/airflow/.local/lib/python3.7/site-packages/airflow/example_dags/example_latest_only_with_trigger.py took 1.808 seconds
[2022-10-05T00:04:47.694+0000] {processor.py:156} INFO - Started process (PID=59) to work on /home/airflow/.local/lib/python3.7/site-packages/airflow/example_dags/example_latest_only_with_trigger.py
[2022-10-05T00:04:47.702+0000] {processor.py:758} INFO - Processing file /home/airflow/.local/lib/python3.7/site-packages/airflow/example_dags/example_latest_only_with_trigger.py for tasks to queue
[2022-10-05T00:04:47.710+0000] {logging_mixin.py:117} INFO - [2022-10-05T00:04:47.707+0000] {dagbag.py:525} INFO - Filling up the DagBag from /home/airflow/.local/lib/python3.7/site-packages/airflow/example_dags/example_latest_only_with_trigger.py
[2022-10-05T00:04:47.973+0000] {processor.py:768} INFO - DAG(s) dict_keys(['latest_only_with_trigger']) retrieved from /home/airflow/.local/lib/python3.7/site-packages/airflow/example_dags/example_latest_only_with_trigger.py
[2022-10-05T00:04:49.387+0000] {logging_mixin.py:117} INFO - [2022-10-05T00:04:49.387+0000] {dag.py:2573} INFO - Sync 1 DAGs
[2022-10-05T00:04:49.664+0000] {logging_mixin.py:117} INFO - [2022-10-05T00:04:49.663+0000] {dag.py:3328} INFO - Setting next_dagrun for latest_only_with_trigger to 2022-10-04T20:04:49.663627+00:00, run_after=2022-10-05T00:04:49.663627+00:00
[2022-10-05T00:04:49.918+0000] {processor.py:178} INFO - Processing /home/airflow/.local/lib/python3.7/site-packages/airflow/example_dags/example_latest_only_with_trigger.py took 2.251 seconds
[2022-10-05T00:06:55.109+0000] {processor.py:156} INFO - Started process (PID=67) to work on /home/airflow/.local/lib/python3.7/site-packages/airflow/example_dags/example_latest_only_with_trigger.py
[2022-10-05T00:06:55.119+0000] {processor.py:758} INFO - Processing file /home/airflow/.local/lib/python3.7/site-packages/airflow/example_dags/example_latest_only_with_trigger.py for tasks to queue
[2022-10-05T00:06:55.135+0000] {logging_mixin.py:117} INFO - [2022-10-05T00:06:55.134+0000] {dagbag.py:525} INFO - Filling up the DagBag from /home/airflow/.local/lib/python3.7/site-packages/airflow/example_dags/example_latest_only_with_trigger.py
[2022-10-05T00:06:55.447+0000] {processor.py:768} INFO - DAG(s) dict_keys(['latest_only_with_trigger']) retrieved from /home/airflow/.local/lib/python3.7/site-packages/airflow/example_dags/example_latest_only_with_trigger.py
[2022-10-05T00:06:57.224+0000] {logging_mixin.py:117} INFO - [2022-10-05T00:06:57.224+0000] {dag.py:2573} INFO - Sync 1 DAGs
[2022-10-05T00:06:57.387+0000] {logging_mixin.py:117} INFO - [2022-10-05T00:06:57.387+0000] {dag.py:3328} INFO - Setting next_dagrun for latest_only_with_trigger to 2022-10-04T20:06:57.379112+00:00, run_after=2022-10-05T00:06:57.379112+00:00
[2022-10-05T00:06:59.104+0000] {processor.py:178} INFO - Processing /home/airflow/.local/lib/python3.7/site-packages/airflow/example_dags/example_latest_only_with_trigger.py took 4.042 seconds
[2022-10-05T00:08:55.794+0000] {processor.py:156} INFO - Started process (PID=69) to work on /home/airflow/.local/lib/python3.7/site-packages/airflow/example_dags/example_latest_only_with_trigger.py
[2022-10-05T00:08:55.795+0000] {processor.py:758} INFO - Processing file /home/airflow/.local/lib/python3.7/site-packages/airflow/example_dags/example_latest_only_with_trigger.py for tasks to queue
[2022-10-05T00:08:55.796+0000] {logging_mixin.py:117} INFO - [2022-10-05T00:08:55.796+0000] {dagbag.py:525} INFO - Filling up the DagBag from /home/airflow/.local/lib/python3.7/site-packages/airflow/example_dags/example_latest_only_with_trigger.py
[2022-10-05T00:08:55.841+0000] {processor.py:768} INFO - DAG(s) dict_keys(['latest_only_with_trigger']) retrieved from /home/airflow/.local/lib/python3.7/site-packages/airflow/example_dags/example_latest_only_with_trigger.py
[2022-10-05T00:08:56.145+0000] {logging_mixin.py:117} INFO - [2022-10-05T00:08:56.145+0000] {dag.py:2573} INFO - Sync 1 DAGs
[2022-10-05T00:08:56.175+0000] {logging_mixin.py:117} INFO - [2022-10-05T00:08:56.175+0000] {dag.py:3328} INFO - Setting next_dagrun for latest_only_with_trigger to 2022-10-04T20:08:56.174871+00:00, run_after=2022-10-05T00:08:56.174871+00:00
[2022-10-05T00:08:56.249+0000] {processor.py:178} INFO - Processing /home/airflow/.local/lib/python3.7/site-packages/airflow/example_dags/example_latest_only_with_trigger.py took 0.461 seconds
[2022-10-05T00:10:54.695+0000] {processor.py:156} INFO - Started process (PID=77) to work on /home/airflow/.local/lib/python3.7/site-packages/airflow/example_dags/example_latest_only_with_trigger.py
[2022-10-05T00:10:54.704+0000] {processor.py:758} INFO - Processing file /home/airflow/.local/lib/python3.7/site-packages/airflow/example_dags/example_latest_only_with_trigger.py for tasks to queue
[2022-10-05T00:10:54.714+0000] {logging_mixin.py:117} INFO - [2022-10-05T00:10:54.714+0000] {dagbag.py:525} INFO - Filling up the DagBag from /home/airflow/.local/lib/python3.7/site-packages/airflow/example_dags/example_latest_only_with_trigger.py
[2022-10-05T00:10:54.791+0000] {processor.py:768} INFO - DAG(s) dict_keys(['latest_only_with_trigger']) retrieved from /home/airflow/.local/lib/python3.7/site-packages/airflow/example_dags/example_latest_only_with_trigger.py
[2022-10-05T00:10:55.676+0000] {logging_mixin.py:117} INFO - [2022-10-05T00:10:55.675+0000] {dag.py:2573} INFO - Sync 1 DAGs
[2022-10-05T00:10:55.826+0000] {logging_mixin.py:117} INFO - [2022-10-05T00:10:55.826+0000] {dag.py:3328} INFO - Setting next_dagrun for latest_only_with_trigger to 2022-10-04T20:10:55.821887+00:00, run_after=2022-10-05T00:10:55.821887+00:00
[2022-10-05T00:10:56.006+0000] {processor.py:178} INFO - Processing /home/airflow/.local/lib/python3.7/site-packages/airflow/example_dags/example_latest_only_with_trigger.py took 1.315 seconds
[2022-10-05T00:13:13.637+0000] {processor.py:156} INFO - Started process (PID=75) to work on /home/airflow/.local/lib/python3.7/site-packages/airflow/example_dags/example_latest_only_with_trigger.py
[2022-10-05T00:13:13.647+0000] {processor.py:758} INFO - Processing file /home/airflow/.local/lib/python3.7/site-packages/airflow/example_dags/example_latest_only_with_trigger.py for tasks to queue
[2022-10-05T00:13:13.660+0000] {logging_mixin.py:117} INFO - [2022-10-05T00:13:13.660+0000] {dagbag.py:525} INFO - Filling up the DagBag from /home/airflow/.local/lib/python3.7/site-packages/airflow/example_dags/example_latest_only_with_trigger.py
[2022-10-05T00:13:13.937+0000] {processor.py:768} INFO - DAG(s) dict_keys(['latest_only_with_trigger']) retrieved from /home/airflow/.local/lib/python3.7/site-packages/airflow/example_dags/example_latest_only_with_trigger.py
[2022-10-05T00:13:18.244+0000] {logging_mixin.py:117} INFO - [2022-10-05T00:13:18.244+0000] {dag.py:2573} INFO - Sync 1 DAGs
[2022-10-05T00:13:18.388+0000] {logging_mixin.py:117} INFO - [2022-10-05T00:13:18.388+0000] {dag.py:3328} INFO - Setting next_dagrun for latest_only_with_trigger to 2022-10-04T20:13:18.387791+00:00, run_after=2022-10-05T00:13:18.387791+00:00
[2022-10-05T00:13:19.260+0000] {processor.py:178} INFO - Processing /home/airflow/.local/lib/python3.7/site-packages/airflow/example_dags/example_latest_only_with_trigger.py took 5.682 seconds
[2022-10-05T00:15:46.064+0000] {processor.py:156} INFO - Started process (PID=77) to work on /home/airflow/.local/lib/python3.7/site-packages/airflow/example_dags/example_latest_only_with_trigger.py
[2022-10-05T00:15:46.083+0000] {processor.py:758} INFO - Processing file /home/airflow/.local/lib/python3.7/site-packages/airflow/example_dags/example_latest_only_with_trigger.py for tasks to queue
[2022-10-05T00:15:46.093+0000] {logging_mixin.py:117} INFO - [2022-10-05T00:15:46.092+0000] {dagbag.py:525} INFO - Filling up the DagBag from /home/airflow/.local/lib/python3.7/site-packages/airflow/example_dags/example_latest_only_with_trigger.py
[2022-10-05T00:15:46.384+0000] {processor.py:768} INFO - DAG(s) dict_keys(['latest_only_with_trigger']) retrieved from /home/airflow/.local/lib/python3.7/site-packages/airflow/example_dags/example_latest_only_with_trigger.py
[2022-10-05T00:15:49.119+0000] {logging_mixin.py:117} INFO - [2022-10-05T00:15:49.118+0000] {dag.py:2573} INFO - Sync 1 DAGs
[2022-10-05T00:15:49.376+0000] {logging_mixin.py:117} INFO - [2022-10-05T00:15:49.376+0000] {dag.py:3328} INFO - Setting next_dagrun for latest_only_with_trigger to 2022-10-04T20:15:49.376068+00:00, run_after=2022-10-05T00:15:49.376068+00:00
[2022-10-05T00:15:49.614+0000] {processor.py:178} INFO - Processing /home/airflow/.local/lib/python3.7/site-packages/airflow/example_dags/example_latest_only_with_trigger.py took 3.613 seconds
[2022-10-05T00:17:13.775+0000] {processor.py:156} INFO - Started process (PID=60) to work on /home/airflow/.local/lib/python3.7/site-packages/airflow/example_dags/example_latest_only_with_trigger.py
[2022-10-05T00:17:13.781+0000] {processor.py:758} INFO - Processing file /home/airflow/.local/lib/python3.7/site-packages/airflow/example_dags/example_latest_only_with_trigger.py for tasks to queue
[2022-10-05T00:17:13.786+0000] {logging_mixin.py:117} INFO - [2022-10-05T00:17:13.785+0000] {dagbag.py:525} INFO - Filling up the DagBag from /home/airflow/.local/lib/python3.7/site-packages/airflow/example_dags/example_latest_only_with_trigger.py
[2022-10-05T00:17:13.882+0000] {processor.py:768} INFO - DAG(s) dict_keys(['latest_only_with_trigger']) retrieved from /home/airflow/.local/lib/python3.7/site-packages/airflow/example_dags/example_latest_only_with_trigger.py
[2022-10-05T00:17:17.153+0000] {logging_mixin.py:117} INFO - [2022-10-05T00:17:17.152+0000] {dag.py:2573} INFO - Sync 1 DAGs
[2022-10-05T00:17:17.786+0000] {logging_mixin.py:117} INFO - [2022-10-05T00:17:17.772+0000] {dag.py:3328} INFO - Setting next_dagrun for latest_only_with_trigger to 2022-10-04T20:17:17.747860+00:00, run_after=2022-10-05T00:17:17.747860+00:00
[2022-10-05T00:17:19.459+0000] {processor.py:178} INFO - Processing /home/airflow/.local/lib/python3.7/site-packages/airflow/example_dags/example_latest_only_with_trigger.py took 5.693 seconds
[2022-10-05T00:19:38.822+0000] {processor.py:156} INFO - Started process (PID=75) to work on /home/airflow/.local/lib/python3.7/site-packages/airflow/example_dags/example_latest_only_with_trigger.py
[2022-10-05T00:19:38.834+0000] {processor.py:758} INFO - Processing file /home/airflow/.local/lib/python3.7/site-packages/airflow/example_dags/example_latest_only_with_trigger.py for tasks to queue
[2022-10-05T00:19:38.839+0000] {logging_mixin.py:117} INFO - [2022-10-05T00:19:38.839+0000] {dagbag.py:525} INFO - Filling up the DagBag from /home/airflow/.local/lib/python3.7/site-packages/airflow/example_dags/example_latest_only_with_trigger.py
[2022-10-05T00:19:39.031+0000] {processor.py:768} INFO - DAG(s) dict_keys(['latest_only_with_trigger']) retrieved from /home/airflow/.local/lib/python3.7/site-packages/airflow/example_dags/example_latest_only_with_trigger.py
[2022-10-05T00:19:41.482+0000] {logging_mixin.py:117} INFO - [2022-10-05T00:19:41.475+0000] {dag.py:2573} INFO - Sync 1 DAGs
[2022-10-05T00:19:41.774+0000] {logging_mixin.py:117} INFO - [2022-10-05T00:19:41.774+0000] {dag.py:3328} INFO - Setting next_dagrun for latest_only_with_trigger to 2022-10-04T20:19:41.774061+00:00, run_after=2022-10-05T00:19:41.774061+00:00
[2022-10-05T00:19:42.506+0000] {processor.py:178} INFO - Processing /home/airflow/.local/lib/python3.7/site-packages/airflow/example_dags/example_latest_only_with_trigger.py took 3.741 seconds
[2022-10-05T00:21:35.005+0000] {processor.py:156} INFO - Started process (PID=76) to work on /home/airflow/.local/lib/python3.7/site-packages/airflow/example_dags/example_latest_only_with_trigger.py
[2022-10-05T00:21:35.008+0000] {processor.py:758} INFO - Processing file /home/airflow/.local/lib/python3.7/site-packages/airflow/example_dags/example_latest_only_with_trigger.py for tasks to queue
[2022-10-05T00:21:35.022+0000] {logging_mixin.py:117} INFO - [2022-10-05T00:21:35.014+0000] {dagbag.py:525} INFO - Filling up the DagBag from /home/airflow/.local/lib/python3.7/site-packages/airflow/example_dags/example_latest_only_with_trigger.py
[2022-10-05T00:21:35.233+0000] {processor.py:768} INFO - DAG(s) dict_keys(['latest_only_with_trigger']) retrieved from /home/airflow/.local/lib/python3.7/site-packages/airflow/example_dags/example_latest_only_with_trigger.py
[2022-10-05T00:21:36.987+0000] {logging_mixin.py:117} INFO - [2022-10-05T00:21:36.987+0000] {dag.py:2573} INFO - Sync 1 DAGs
[2022-10-05T00:21:37.083+0000] {logging_mixin.py:117} INFO - [2022-10-05T00:21:37.082+0000] {dag.py:3328} INFO - Setting next_dagrun for latest_only_with_trigger to 2022-10-04T20:21:37.082534+00:00, run_after=2022-10-05T00:21:37.082534+00:00
[2022-10-05T00:21:39.245+0000] {processor.py:178} INFO - Processing /home/airflow/.local/lib/python3.7/site-packages/airflow/example_dags/example_latest_only_with_trigger.py took 4.274 seconds
[2022-10-05T00:23:39.001+0000] {processor.py:156} INFO - Started process (PID=77) to work on /home/airflow/.local/lib/python3.7/site-packages/airflow/example_dags/example_latest_only_with_trigger.py
[2022-10-05T00:23:39.022+0000] {processor.py:758} INFO - Processing file /home/airflow/.local/lib/python3.7/site-packages/airflow/example_dags/example_latest_only_with_trigger.py for tasks to queue
[2022-10-05T00:23:39.024+0000] {logging_mixin.py:117} INFO - [2022-10-05T00:23:39.023+0000] {dagbag.py:525} INFO - Filling up the DagBag from /home/airflow/.local/lib/python3.7/site-packages/airflow/example_dags/example_latest_only_with_trigger.py
[2022-10-05T00:23:39.261+0000] {processor.py:768} INFO - DAG(s) dict_keys(['latest_only_with_trigger']) retrieved from /home/airflow/.local/lib/python3.7/site-packages/airflow/example_dags/example_latest_only_with_trigger.py
[2022-10-05T00:23:42.183+0000] {logging_mixin.py:117} INFO - [2022-10-05T00:23:42.180+0000] {dag.py:2573} INFO - Sync 1 DAGs
[2022-10-05T00:23:42.442+0000] {logging_mixin.py:117} INFO - [2022-10-05T00:23:42.441+0000] {dag.py:3328} INFO - Setting next_dagrun for latest_only_with_trigger to 2022-10-04T20:23:42.432218+00:00, run_after=2022-10-05T00:23:42.432218+00:00
[2022-10-05T00:23:42.602+0000] {processor.py:178} INFO - Processing /home/airflow/.local/lib/python3.7/site-packages/airflow/example_dags/example_latest_only_with_trigger.py took 3.634 seconds
[2022-10-05T00:25:05.256+0000] {processor.py:156} INFO - Started process (PID=59) to work on /home/airflow/.local/lib/python3.7/site-packages/airflow/example_dags/example_latest_only_with_trigger.py
[2022-10-05T00:25:05.263+0000] {processor.py:758} INFO - Processing file /home/airflow/.local/lib/python3.7/site-packages/airflow/example_dags/example_latest_only_with_trigger.py for tasks to queue
[2022-10-05T00:25:05.270+0000] {logging_mixin.py:117} INFO - [2022-10-05T00:25:05.270+0000] {dagbag.py:525} INFO - Filling up the DagBag from /home/airflow/.local/lib/python3.7/site-packages/airflow/example_dags/example_latest_only_with_trigger.py
[2022-10-05T00:25:06.147+0000] {processor.py:768} INFO - DAG(s) dict_keys(['latest_only_with_trigger']) retrieved from /home/airflow/.local/lib/python3.7/site-packages/airflow/example_dags/example_latest_only_with_trigger.py
[2022-10-05T00:25:08.410+0000] {logging_mixin.py:117} INFO - [2022-10-05T00:25:08.405+0000] {dag.py:2573} INFO - Sync 1 DAGs
[2022-10-05T00:25:08.543+0000] {logging_mixin.py:117} INFO - [2022-10-05T00:25:08.543+0000] {dag.py:3328} INFO - Setting next_dagrun for latest_only_with_trigger to 2022-10-04T20:25:08.540042+00:00, run_after=2022-10-05T00:25:08.540042+00:00
[2022-10-05T00:25:09.791+0000] {processor.py:178} INFO - Processing /home/airflow/.local/lib/python3.7/site-packages/airflow/example_dags/example_latest_only_with_trigger.py took 4.587 seconds
[2022-10-05T00:28:02.299+0000] {processor.py:156} INFO - Started process (PID=75) to work on /home/airflow/.local/lib/python3.7/site-packages/airflow/example_dags/example_latest_only_with_trigger.py
[2022-10-05T00:28:02.308+0000] {processor.py:758} INFO - Processing file /home/airflow/.local/lib/python3.7/site-packages/airflow/example_dags/example_latest_only_with_trigger.py for tasks to queue
[2022-10-05T00:28:02.313+0000] {logging_mixin.py:117} INFO - [2022-10-05T00:28:02.313+0000] {dagbag.py:525} INFO - Filling up the DagBag from /home/airflow/.local/lib/python3.7/site-packages/airflow/example_dags/example_latest_only_with_trigger.py
[2022-10-05T00:28:05.641+0000] {processor.py:768} INFO - DAG(s) dict_keys(['latest_only_with_trigger']) retrieved from /home/airflow/.local/lib/python3.7/site-packages/airflow/example_dags/example_latest_only_with_trigger.py
[2022-10-05T00:28:10.419+0000] {logging_mixin.py:117} INFO - [2022-10-05T00:28:10.402+0000] {dag.py:2573} INFO - Sync 1 DAGs
[2022-10-05T00:28:11.604+0000] {logging_mixin.py:117} INFO - [2022-10-05T00:28:11.604+0000] {dag.py:3328} INFO - Setting next_dagrun for latest_only_with_trigger to 2022-10-04T20:28:11.588860+00:00, run_after=2022-10-05T00:28:11.588860+00:00
[2022-10-05T00:28:12.384+0000] {processor.py:178} INFO - Processing /home/airflow/.local/lib/python3.7/site-packages/airflow/example_dags/example_latest_only_with_trigger.py took 10.121 seconds
[2022-10-05T00:30:32.210+0000] {processor.py:156} INFO - Started process (PID=71) to work on /home/airflow/.local/lib/python3.7/site-packages/airflow/example_dags/example_latest_only_with_trigger.py
[2022-10-05T00:30:32.213+0000] {processor.py:758} INFO - Processing file /home/airflow/.local/lib/python3.7/site-packages/airflow/example_dags/example_latest_only_with_trigger.py for tasks to queue
[2022-10-05T00:30:32.217+0000] {logging_mixin.py:117} INFO - [2022-10-05T00:30:32.217+0000] {dagbag.py:525} INFO - Filling up the DagBag from /home/airflow/.local/lib/python3.7/site-packages/airflow/example_dags/example_latest_only_with_trigger.py
[2022-10-05T00:30:32.298+0000] {processor.py:768} INFO - DAG(s) dict_keys(['latest_only_with_trigger']) retrieved from /home/airflow/.local/lib/python3.7/site-packages/airflow/example_dags/example_latest_only_with_trigger.py
[2022-10-05T00:30:32.765+0000] {logging_mixin.py:117} INFO - [2022-10-05T00:30:32.765+0000] {dag.py:2573} INFO - Sync 1 DAGs
[2022-10-05T00:30:32.816+0000] {logging_mixin.py:117} INFO - [2022-10-05T00:30:32.815+0000] {dag.py:3328} INFO - Setting next_dagrun for latest_only_with_trigger to 2022-10-04T20:30:32.812599+00:00, run_after=2022-10-05T00:30:32.812599+00:00
[2022-10-05T00:30:32.959+0000] {processor.py:178} INFO - Processing /home/airflow/.local/lib/python3.7/site-packages/airflow/example_dags/example_latest_only_with_trigger.py took 0.760 seconds
[2022-10-05T00:33:13.773+0000] {processor.py:156} INFO - Started process (PID=69) to work on /home/airflow/.local/lib/python3.7/site-packages/airflow/example_dags/example_latest_only_with_trigger.py
[2022-10-05T00:33:13.775+0000] {processor.py:758} INFO - Processing file /home/airflow/.local/lib/python3.7/site-packages/airflow/example_dags/example_latest_only_with_trigger.py for tasks to queue
[2022-10-05T00:33:13.796+0000] {logging_mixin.py:117} INFO - [2022-10-05T00:33:13.782+0000] {dagbag.py:525} INFO - Filling up the DagBag from /home/airflow/.local/lib/python3.7/site-packages/airflow/example_dags/example_latest_only_with_trigger.py
[2022-10-05T00:33:13.955+0000] {processor.py:768} INFO - DAG(s) dict_keys(['latest_only_with_trigger']) retrieved from /home/airflow/.local/lib/python3.7/site-packages/airflow/example_dags/example_latest_only_with_trigger.py
[2022-10-05T00:33:16.382+0000] {logging_mixin.py:117} INFO - [2022-10-05T00:33:16.382+0000] {dag.py:2573} INFO - Sync 1 DAGs
[2022-10-05T00:33:16.563+0000] {logging_mixin.py:117} INFO - [2022-10-05T00:33:16.563+0000] {dag.py:3328} INFO - Setting next_dagrun for latest_only_with_trigger to 2022-10-04T20:33:16.562792+00:00, run_after=2022-10-05T00:33:16.562792+00:00
[2022-10-05T00:33:16.714+0000] {processor.py:178} INFO - Processing /home/airflow/.local/lib/python3.7/site-packages/airflow/example_dags/example_latest_only_with_trigger.py took 3.004 seconds
[2022-10-05T00:34:47.082+0000] {processor.py:156} INFO - Started process (PID=66) to work on /home/airflow/.local/lib/python3.7/site-packages/airflow/example_dags/example_latest_only_with_trigger.py
[2022-10-05T00:34:47.100+0000] {processor.py:758} INFO - Processing file /home/airflow/.local/lib/python3.7/site-packages/airflow/example_dags/example_latest_only_with_trigger.py for tasks to queue
[2022-10-05T00:34:47.116+0000] {logging_mixin.py:117} INFO - [2022-10-05T00:34:47.109+0000] {dagbag.py:525} INFO - Filling up the DagBag from /home/airflow/.local/lib/python3.7/site-packages/airflow/example_dags/example_latest_only_with_trigger.py
[2022-10-05T00:34:47.782+0000] {processor.py:768} INFO - DAG(s) dict_keys(['latest_only_with_trigger']) retrieved from /home/airflow/.local/lib/python3.7/site-packages/airflow/example_dags/example_latest_only_with_trigger.py
[2022-10-05T00:34:58.107+0000] {logging_mixin.py:117} INFO - [2022-10-05T00:34:58.093+0000] {dag.py:2573} INFO - Sync 1 DAGs
[2022-10-05T00:35:00.495+0000] {logging_mixin.py:117} INFO - [2022-10-05T00:35:00.493+0000] {dag.py:3328} INFO - Setting next_dagrun for latest_only_with_trigger to 2022-10-04T20:35:00.485571+00:00, run_after=2022-10-05T00:35:00.485571+00:00
[2022-10-05T00:35:00.923+0000] {processor.py:178} INFO - Processing /home/airflow/.local/lib/python3.7/site-packages/airflow/example_dags/example_latest_only_with_trigger.py took 13.886 seconds
[2022-10-05T00:36:53.137+0000] {processor.py:156} INFO - Started process (PID=60) to work on /home/airflow/.local/lib/python3.7/site-packages/airflow/example_dags/example_latest_only_with_trigger.py
[2022-10-05T00:36:53.145+0000] {processor.py:758} INFO - Processing file /home/airflow/.local/lib/python3.7/site-packages/airflow/example_dags/example_latest_only_with_trigger.py for tasks to queue
[2022-10-05T00:36:53.147+0000] {logging_mixin.py:117} INFO - [2022-10-05T00:36:53.147+0000] {dagbag.py:525} INFO - Filling up the DagBag from /home/airflow/.local/lib/python3.7/site-packages/airflow/example_dags/example_latest_only_with_trigger.py
[2022-10-05T00:36:54.246+0000] {processor.py:768} INFO - DAG(s) dict_keys(['latest_only_with_trigger']) retrieved from /home/airflow/.local/lib/python3.7/site-packages/airflow/example_dags/example_latest_only_with_trigger.py
[2022-10-05T00:36:56.785+0000] {logging_mixin.py:117} INFO - [2022-10-05T00:36:56.783+0000] {dag.py:2573} INFO - Sync 1 DAGs
[2022-10-05T00:36:56.969+0000] {logging_mixin.py:117} INFO - [2022-10-05T00:36:56.968+0000] {dag.py:3328} INFO - Setting next_dagrun for latest_only_with_trigger to 2022-10-04T20:36:56.963276+00:00, run_after=2022-10-05T00:36:56.963276+00:00
[2022-10-05T00:36:57.244+0000] {processor.py:178} INFO - Processing /home/airflow/.local/lib/python3.7/site-packages/airflow/example_dags/example_latest_only_with_trigger.py took 4.123 seconds
[2022-10-05T00:38:56.126+0000] {processor.py:156} INFO - Started process (PID=61) to work on /home/airflow/.local/lib/python3.7/site-packages/airflow/example_dags/example_latest_only_with_trigger.py
[2022-10-05T00:38:56.128+0000] {processor.py:758} INFO - Processing file /home/airflow/.local/lib/python3.7/site-packages/airflow/example_dags/example_latest_only_with_trigger.py for tasks to queue
[2022-10-05T00:38:56.134+0000] {logging_mixin.py:117} INFO - [2022-10-05T00:38:56.133+0000] {dagbag.py:525} INFO - Filling up the DagBag from /home/airflow/.local/lib/python3.7/site-packages/airflow/example_dags/example_latest_only_with_trigger.py
[2022-10-05T00:38:56.185+0000] {processor.py:768} INFO - DAG(s) dict_keys(['latest_only_with_trigger']) retrieved from /home/airflow/.local/lib/python3.7/site-packages/airflow/example_dags/example_latest_only_with_trigger.py
[2022-10-05T00:38:57.332+0000] {logging_mixin.py:117} INFO - [2022-10-05T00:38:57.332+0000] {dag.py:2573} INFO - Sync 1 DAGs
[2022-10-05T00:38:57.493+0000] {logging_mixin.py:117} INFO - [2022-10-05T00:38:57.493+0000] {dag.py:3328} INFO - Setting next_dagrun for latest_only_with_trigger to 2022-10-04T20:38:57.486123+00:00, run_after=2022-10-05T00:38:57.486123+00:00
[2022-10-05T00:38:59.911+0000] {processor.py:178} INFO - Processing /home/airflow/.local/lib/python3.7/site-packages/airflow/example_dags/example_latest_only_with_trigger.py took 3.806 seconds
[2022-10-05T00:41:14.614+0000] {processor.py:156} INFO - Started process (PID=61) to work on /home/airflow/.local/lib/python3.7/site-packages/airflow/example_dags/example_latest_only_with_trigger.py
[2022-10-05T00:41:14.617+0000] {processor.py:758} INFO - Processing file /home/airflow/.local/lib/python3.7/site-packages/airflow/example_dags/example_latest_only_with_trigger.py for tasks to queue
[2022-10-05T00:41:14.618+0000] {logging_mixin.py:117} INFO - [2022-10-05T00:41:14.618+0000] {dagbag.py:525} INFO - Filling up the DagBag from /home/airflow/.local/lib/python3.7/site-packages/airflow/example_dags/example_latest_only_with_trigger.py
[2022-10-05T00:41:14.726+0000] {processor.py:768} INFO - DAG(s) dict_keys(['latest_only_with_trigger']) retrieved from /home/airflow/.local/lib/python3.7/site-packages/airflow/example_dags/example_latest_only_with_trigger.py
[2022-10-05T00:41:21.910+0000] {logging_mixin.py:117} INFO - [2022-10-05T00:41:21.862+0000] {dag.py:2573} INFO - Sync 1 DAGs
[2022-10-05T00:41:22.872+0000] {logging_mixin.py:117} INFO - [2022-10-05T00:41:22.853+0000] {dag.py:3328} INFO - Setting next_dagrun for latest_only_with_trigger to 2022-10-04T20:41:22.838973+00:00, run_after=2022-10-05T00:41:22.838973+00:00
[2022-10-05T00:41:24.653+0000] {processor.py:178} INFO - Processing /home/airflow/.local/lib/python3.7/site-packages/airflow/example_dags/example_latest_only_with_trigger.py took 10.049 seconds
[2022-10-05T00:43:49.620+0000] {processor.py:156} INFO - Started process (PID=78) to work on /home/airflow/.local/lib/python3.7/site-packages/airflow/example_dags/example_latest_only_with_trigger.py
[2022-10-05T00:43:49.643+0000] {processor.py:758} INFO - Processing file /home/airflow/.local/lib/python3.7/site-packages/airflow/example_dags/example_latest_only_with_trigger.py for tasks to queue
[2022-10-05T00:43:49.654+0000] {logging_mixin.py:117} INFO - [2022-10-05T00:43:49.651+0000] {dagbag.py:525} INFO - Filling up the DagBag from /home/airflow/.local/lib/python3.7/site-packages/airflow/example_dags/example_latest_only_with_trigger.py
[2022-10-05T00:43:49.891+0000] {processor.py:768} INFO - DAG(s) dict_keys(['latest_only_with_trigger']) retrieved from /home/airflow/.local/lib/python3.7/site-packages/airflow/example_dags/example_latest_only_with_trigger.py
[2022-10-05T00:43:52.819+0000] {logging_mixin.py:117} INFO - [2022-10-05T00:43:52.819+0000] {dag.py:2573} INFO - Sync 1 DAGs
[2022-10-05T00:43:53.289+0000] {logging_mixin.py:117} INFO - [2022-10-05T00:43:53.289+0000] {dag.py:3328} INFO - Setting next_dagrun for latest_only_with_trigger to 2022-10-04T20:43:53.289061+00:00, run_after=2022-10-05T00:43:53.289061+00:00
[2022-10-05T00:43:56.128+0000] {processor.py:178} INFO - Processing /home/airflow/.local/lib/python3.7/site-packages/airflow/example_dags/example_latest_only_with_trigger.py took 6.539 seconds
[2022-10-05T00:46:43.913+0000] {processor.py:156} INFO - Started process (PID=77) to work on /home/airflow/.local/lib/python3.7/site-packages/airflow/example_dags/example_latest_only_with_trigger.py
[2022-10-05T00:46:43.936+0000] {processor.py:758} INFO - Processing file /home/airflow/.local/lib/python3.7/site-packages/airflow/example_dags/example_latest_only_with_trigger.py for tasks to queue
[2022-10-05T00:46:43.957+0000] {logging_mixin.py:117} INFO - [2022-10-05T00:46:43.957+0000] {dagbag.py:525} INFO - Filling up the DagBag from /home/airflow/.local/lib/python3.7/site-packages/airflow/example_dags/example_latest_only_with_trigger.py
[2022-10-05T00:46:46.170+0000] {processor.py:768} INFO - DAG(s) dict_keys(['latest_only_with_trigger']) retrieved from /home/airflow/.local/lib/python3.7/site-packages/airflow/example_dags/example_latest_only_with_trigger.py
[2022-10-05T00:47:06.309+0000] {logging_mixin.py:117} INFO - [2022-10-05T00:47:06.309+0000] {dag.py:2573} INFO - Sync 1 DAGs
[2022-10-05T00:47:07.114+0000] {logging_mixin.py:117} INFO - [2022-10-05T00:47:07.075+0000] {dag.py:3328} INFO - Setting next_dagrun for latest_only_with_trigger to 2022-10-04T20:47:07.073559+00:00, run_after=2022-10-05T00:47:07.073559+00:00
[2022-10-05T00:47:07.765+0000] {processor.py:178} INFO - Processing /home/airflow/.local/lib/python3.7/site-packages/airflow/example_dags/example_latest_only_with_trigger.py took 23.910 seconds
[2022-10-05T00:49:29.583+0000] {processor.py:156} INFO - Started process (PID=76) to work on /home/airflow/.local/lib/python3.7/site-packages/airflow/example_dags/example_latest_only_with_trigger.py
[2022-10-05T00:49:29.605+0000] {processor.py:758} INFO - Processing file /home/airflow/.local/lib/python3.7/site-packages/airflow/example_dags/example_latest_only_with_trigger.py for tasks to queue
[2022-10-05T00:49:29.616+0000] {logging_mixin.py:117} INFO - [2022-10-05T00:49:29.616+0000] {dagbag.py:525} INFO - Filling up the DagBag from /home/airflow/.local/lib/python3.7/site-packages/airflow/example_dags/example_latest_only_with_trigger.py
[2022-10-05T00:49:30.114+0000] {processor.py:768} INFO - DAG(s) dict_keys(['latest_only_with_trigger']) retrieved from /home/airflow/.local/lib/python3.7/site-packages/airflow/example_dags/example_latest_only_with_trigger.py
[2022-10-05T00:49:34.901+0000] {logging_mixin.py:117} INFO - [2022-10-05T00:49:34.900+0000] {dag.py:2573} INFO - Sync 1 DAGs
[2022-10-05T00:49:35.185+0000] {logging_mixin.py:117} INFO - [2022-10-05T00:49:35.184+0000] {dag.py:3328} INFO - Setting next_dagrun for latest_only_with_trigger to 2022-10-04T20:49:35.184554+00:00, run_after=2022-10-05T00:49:35.184554+00:00
[2022-10-05T00:49:43.536+0000] {processor.py:178} INFO - Processing /home/airflow/.local/lib/python3.7/site-packages/airflow/example_dags/example_latest_only_with_trigger.py took 14.013 seconds
[2022-10-05T00:52:05.470+0000] {processor.py:156} INFO - Started process (PID=77) to work on /home/airflow/.local/lib/python3.7/site-packages/airflow/example_dags/example_latest_only_with_trigger.py
[2022-10-05T00:52:05.477+0000] {processor.py:758} INFO - Processing file /home/airflow/.local/lib/python3.7/site-packages/airflow/example_dags/example_latest_only_with_trigger.py for tasks to queue
[2022-10-05T00:52:05.482+0000] {logging_mixin.py:117} INFO - [2022-10-05T00:52:05.482+0000] {dagbag.py:525} INFO - Filling up the DagBag from /home/airflow/.local/lib/python3.7/site-packages/airflow/example_dags/example_latest_only_with_trigger.py
[2022-10-05T00:52:05.572+0000] {processor.py:768} INFO - DAG(s) dict_keys(['latest_only_with_trigger']) retrieved from /home/airflow/.local/lib/python3.7/site-packages/airflow/example_dags/example_latest_only_with_trigger.py
[2022-10-05T00:52:06.778+0000] {logging_mixin.py:117} INFO - [2022-10-05T00:52:06.778+0000] {dag.py:2573} INFO - Sync 1 DAGs
[2022-10-05T00:52:06.901+0000] {logging_mixin.py:117} INFO - [2022-10-05T00:52:06.901+0000] {dag.py:3328} INFO - Setting next_dagrun for latest_only_with_trigger to 2022-10-04T20:52:06.901270+00:00, run_after=2022-10-05T00:52:06.901270+00:00
[2022-10-05T00:52:07.255+0000] {processor.py:178} INFO - Processing /home/airflow/.local/lib/python3.7/site-packages/airflow/example_dags/example_latest_only_with_trigger.py took 1.805 seconds
[2022-10-05T00:54:29.974+0000] {processor.py:156} INFO - Started process (PID=62) to work on /home/airflow/.local/lib/python3.7/site-packages/airflow/example_dags/example_latest_only_with_trigger.py
[2022-10-05T00:54:29.976+0000] {processor.py:758} INFO - Processing file /home/airflow/.local/lib/python3.7/site-packages/airflow/example_dags/example_latest_only_with_trigger.py for tasks to queue
[2022-10-05T00:54:29.985+0000] {logging_mixin.py:117} INFO - [2022-10-05T00:54:29.984+0000] {dagbag.py:525} INFO - Filling up the DagBag from /home/airflow/.local/lib/python3.7/site-packages/airflow/example_dags/example_latest_only_with_trigger.py
[2022-10-05T00:54:30.048+0000] {processor.py:768} INFO - DAG(s) dict_keys(['latest_only_with_trigger']) retrieved from /home/airflow/.local/lib/python3.7/site-packages/airflow/example_dags/example_latest_only_with_trigger.py
[2022-10-05T00:54:30.565+0000] {logging_mixin.py:117} INFO - [2022-10-05T00:54:30.564+0000] {dag.py:2573} INFO - Sync 1 DAGs
[2022-10-05T00:54:30.636+0000] {logging_mixin.py:117} INFO - [2022-10-05T00:54:30.636+0000] {dag.py:3328} INFO - Setting next_dagrun for latest_only_with_trigger to 2022-10-04T20:54:30.636281+00:00, run_after=2022-10-05T00:54:30.636281+00:00
[2022-10-05T00:54:30.827+0000] {processor.py:178} INFO - Processing /home/airflow/.local/lib/python3.7/site-packages/airflow/example_dags/example_latest_only_with_trigger.py took 0.866 seconds
[2022-10-05T00:56:34.228+0000] {processor.py:156} INFO - Started process (PID=80) to work on /home/airflow/.local/lib/python3.7/site-packages/airflow/example_dags/example_latest_only_with_trigger.py
[2022-10-05T00:56:34.230+0000] {processor.py:758} INFO - Processing file /home/airflow/.local/lib/python3.7/site-packages/airflow/example_dags/example_latest_only_with_trigger.py for tasks to queue
[2022-10-05T00:56:34.238+0000] {logging_mixin.py:117} INFO - [2022-10-05T00:56:34.238+0000] {dagbag.py:525} INFO - Filling up the DagBag from /home/airflow/.local/lib/python3.7/site-packages/airflow/example_dags/example_latest_only_with_trigger.py
[2022-10-05T00:56:34.427+0000] {processor.py:768} INFO - DAG(s) dict_keys(['latest_only_with_trigger']) retrieved from /home/airflow/.local/lib/python3.7/site-packages/airflow/example_dags/example_latest_only_with_trigger.py
[2022-10-05T00:56:35.201+0000] {logging_mixin.py:117} INFO - [2022-10-05T00:56:35.201+0000] {dag.py:2573} INFO - Sync 1 DAGs
[2022-10-05T00:56:35.290+0000] {logging_mixin.py:117} INFO - [2022-10-05T00:56:35.290+0000] {dag.py:3328} INFO - Setting next_dagrun for latest_only_with_trigger to 2022-10-04T20:56:35.290206+00:00, run_after=2022-10-05T00:56:35.290206+00:00
[2022-10-05T00:56:35.533+0000] {processor.py:178} INFO - Processing /home/airflow/.local/lib/python3.7/site-packages/airflow/example_dags/example_latest_only_with_trigger.py took 1.333 seconds
