[2022-10-05T00:00:59.645+0000] {processor.py:156} INFO - Started process (PID=83) to work on /home/airflow/.local/lib/python3.7/site-packages/airflow/example_dags/example_skip_dag.py
[2022-10-05T00:00:59.655+0000] {processor.py:758} INFO - Processing file /home/airflow/.local/lib/python3.7/site-packages/airflow/example_dags/example_skip_dag.py for tasks to queue
[2022-10-05T00:00:59.666+0000] {logging_mixin.py:117} INFO - [2022-10-05T00:00:59.666+0000] {dagbag.py:525} INFO - Filling up the DagBag from /home/airflow/.local/lib/python3.7/site-packages/airflow/example_dags/example_skip_dag.py
[2022-10-05T00:00:59.779+0000] {processor.py:768} INFO - DAG(s) dict_keys(['example_skip_dag']) retrieved from /home/airflow/.local/lib/python3.7/site-packages/airflow/example_dags/example_skip_dag.py
[2022-10-05T00:01:01.108+0000] {logging_mixin.py:117} INFO - [2022-10-05T00:01:01.108+0000] {dag.py:2573} INFO - Sync 1 DAGs
[2022-10-05T00:01:01.300+0000] {logging_mixin.py:117} INFO - [2022-10-05T00:01:01.300+0000] {dag.py:3328} INFO - Setting next_dagrun for example_skip_dag to 2022-10-04T00:01:01.300125+00:00, run_after=2022-10-05T00:01:01.300125+00:00
[2022-10-05T00:01:03.467+0000] {processor.py:178} INFO - Processing /home/airflow/.local/lib/python3.7/site-packages/airflow/example_dags/example_skip_dag.py took 3.839 seconds
[2022-10-05T00:03:13.974+0000] {processor.py:156} INFO - Started process (PID=83) to work on /home/airflow/.local/lib/python3.7/site-packages/airflow/example_dags/example_skip_dag.py
[2022-10-05T00:03:13.985+0000] {processor.py:758} INFO - Processing file /home/airflow/.local/lib/python3.7/site-packages/airflow/example_dags/example_skip_dag.py for tasks to queue
[2022-10-05T00:03:13.986+0000] {logging_mixin.py:117} INFO - [2022-10-05T00:03:13.986+0000] {dagbag.py:525} INFO - Filling up the DagBag from /home/airflow/.local/lib/python3.7/site-packages/airflow/example_dags/example_skip_dag.py
[2022-10-05T00:03:14.039+0000] {processor.py:768} INFO - DAG(s) dict_keys(['example_skip_dag']) retrieved from /home/airflow/.local/lib/python3.7/site-packages/airflow/example_dags/example_skip_dag.py
[2022-10-05T00:03:14.820+0000] {logging_mixin.py:117} INFO - [2022-10-05T00:03:14.820+0000] {dag.py:2573} INFO - Sync 1 DAGs
[2022-10-05T00:03:14.996+0000] {logging_mixin.py:117} INFO - [2022-10-05T00:03:14.996+0000] {dag.py:3328} INFO - Setting next_dagrun for example_skip_dag to 2022-10-04T00:03:14.996218+00:00, run_after=2022-10-05T00:03:14.996218+00:00
[2022-10-05T00:03:18.777+0000] {processor.py:178} INFO - Processing /home/airflow/.local/lib/python3.7/site-packages/airflow/example_dags/example_skip_dag.py took 4.807 seconds
[2022-10-05T00:05:05.448+0000] {processor.py:156} INFO - Started process (PID=82) to work on /home/airflow/.local/lib/python3.7/site-packages/airflow/example_dags/example_skip_dag.py
[2022-10-05T00:05:05.452+0000] {processor.py:758} INFO - Processing file /home/airflow/.local/lib/python3.7/site-packages/airflow/example_dags/example_skip_dag.py for tasks to queue
[2022-10-05T00:05:05.453+0000] {logging_mixin.py:117} INFO - [2022-10-05T00:05:05.453+0000] {dagbag.py:525} INFO - Filling up the DagBag from /home/airflow/.local/lib/python3.7/site-packages/airflow/example_dags/example_skip_dag.py
[2022-10-05T00:05:05.583+0000] {processor.py:768} INFO - DAG(s) dict_keys(['example_skip_dag']) retrieved from /home/airflow/.local/lib/python3.7/site-packages/airflow/example_dags/example_skip_dag.py
[2022-10-05T00:05:07.601+0000] {logging_mixin.py:117} INFO - [2022-10-05T00:05:07.601+0000] {dag.py:2573} INFO - Sync 1 DAGs
[2022-10-05T00:05:07.755+0000] {logging_mixin.py:117} INFO - [2022-10-05T00:05:07.755+0000] {dag.py:3328} INFO - Setting next_dagrun for example_skip_dag to 2022-10-04T00:05:07.751735+00:00, run_after=2022-10-05T00:05:07.751735+00:00
[2022-10-05T00:05:07.904+0000] {processor.py:178} INFO - Processing /home/airflow/.local/lib/python3.7/site-packages/airflow/example_dags/example_skip_dag.py took 2.467 seconds
[2022-10-05T00:07:09.234+0000] {processor.py:156} INFO - Started process (PID=84) to work on /home/airflow/.local/lib/python3.7/site-packages/airflow/example_dags/example_skip_dag.py
[2022-10-05T00:07:09.242+0000] {processor.py:758} INFO - Processing file /home/airflow/.local/lib/python3.7/site-packages/airflow/example_dags/example_skip_dag.py for tasks to queue
[2022-10-05T00:07:09.245+0000] {logging_mixin.py:117} INFO - [2022-10-05T00:07:09.245+0000] {dagbag.py:525} INFO - Filling up the DagBag from /home/airflow/.local/lib/python3.7/site-packages/airflow/example_dags/example_skip_dag.py
[2022-10-05T00:07:09.360+0000] {processor.py:768} INFO - DAG(s) dict_keys(['example_skip_dag']) retrieved from /home/airflow/.local/lib/python3.7/site-packages/airflow/example_dags/example_skip_dag.py
[2022-10-05T00:07:10.689+0000] {logging_mixin.py:117} INFO - [2022-10-05T00:07:10.683+0000] {dag.py:2573} INFO - Sync 1 DAGs
[2022-10-05T00:07:10.929+0000] {logging_mixin.py:117} INFO - [2022-10-05T00:07:10.929+0000] {dag.py:3328} INFO - Setting next_dagrun for example_skip_dag to 2022-10-04T00:07:10.929488+00:00, run_after=2022-10-05T00:07:10.929488+00:00
[2022-10-05T00:07:11.253+0000] {processor.py:178} INFO - Processing /home/airflow/.local/lib/python3.7/site-packages/airflow/example_dags/example_skip_dag.py took 2.049 seconds
[2022-10-05T00:09:00.196+0000] {processor.py:156} INFO - Started process (PID=83) to work on /home/airflow/.local/lib/python3.7/site-packages/airflow/example_dags/example_skip_dag.py
[2022-10-05T00:09:00.197+0000] {processor.py:758} INFO - Processing file /home/airflow/.local/lib/python3.7/site-packages/airflow/example_dags/example_skip_dag.py for tasks to queue
[2022-10-05T00:09:00.198+0000] {logging_mixin.py:117} INFO - [2022-10-05T00:09:00.197+0000] {dagbag.py:525} INFO - Filling up the DagBag from /home/airflow/.local/lib/python3.7/site-packages/airflow/example_dags/example_skip_dag.py
[2022-10-05T00:09:00.219+0000] {processor.py:768} INFO - DAG(s) dict_keys(['example_skip_dag']) retrieved from /home/airflow/.local/lib/python3.7/site-packages/airflow/example_dags/example_skip_dag.py
[2022-10-05T00:09:00.500+0000] {logging_mixin.py:117} INFO - [2022-10-05T00:09:00.500+0000] {dag.py:2573} INFO - Sync 1 DAGs
[2022-10-05T00:09:00.547+0000] {logging_mixin.py:117} INFO - [2022-10-05T00:09:00.547+0000] {dag.py:3328} INFO - Setting next_dagrun for example_skip_dag to 2022-10-04T00:09:00.547474+00:00, run_after=2022-10-05T00:09:00.547474+00:00
[2022-10-05T00:09:00.593+0000] {processor.py:178} INFO - Processing /home/airflow/.local/lib/python3.7/site-packages/airflow/example_dags/example_skip_dag.py took 0.401 seconds
[2022-10-05T00:11:18.974+0000] {processor.py:156} INFO - Started process (PID=100) to work on /home/airflow/.local/lib/python3.7/site-packages/airflow/example_dags/example_skip_dag.py
[2022-10-05T00:11:18.976+0000] {processor.py:758} INFO - Processing file /home/airflow/.local/lib/python3.7/site-packages/airflow/example_dags/example_skip_dag.py for tasks to queue
[2022-10-05T00:11:18.983+0000] {logging_mixin.py:117} INFO - [2022-10-05T00:11:18.983+0000] {dagbag.py:525} INFO - Filling up the DagBag from /home/airflow/.local/lib/python3.7/site-packages/airflow/example_dags/example_skip_dag.py
[2022-10-05T00:11:19.137+0000] {processor.py:768} INFO - DAG(s) dict_keys(['example_skip_dag']) retrieved from /home/airflow/.local/lib/python3.7/site-packages/airflow/example_dags/example_skip_dag.py
[2022-10-05T00:11:19.741+0000] {logging_mixin.py:117} INFO - [2022-10-05T00:11:19.740+0000] {dag.py:2573} INFO - Sync 1 DAGs
[2022-10-05T00:11:19.773+0000] {logging_mixin.py:117} INFO - [2022-10-05T00:11:19.773+0000] {dag.py:3328} INFO - Setting next_dagrun for example_skip_dag to 2022-10-04T00:11:19.773294+00:00, run_after=2022-10-05T00:11:19.773294+00:00
[2022-10-05T00:11:30.403+0000] {processor.py:178} INFO - Processing /home/airflow/.local/lib/python3.7/site-packages/airflow/example_dags/example_skip_dag.py took 11.442 seconds
[2022-10-05T00:13:34.782+0000] {processor.py:156} INFO - Started process (PID=100) to work on /home/airflow/.local/lib/python3.7/site-packages/airflow/example_dags/example_skip_dag.py
[2022-10-05T00:13:34.786+0000] {processor.py:758} INFO - Processing file /home/airflow/.local/lib/python3.7/site-packages/airflow/example_dags/example_skip_dag.py for tasks to queue
[2022-10-05T00:13:34.787+0000] {logging_mixin.py:117} INFO - [2022-10-05T00:13:34.787+0000] {dagbag.py:525} INFO - Filling up the DagBag from /home/airflow/.local/lib/python3.7/site-packages/airflow/example_dags/example_skip_dag.py
[2022-10-05T00:13:34.911+0000] {processor.py:768} INFO - DAG(s) dict_keys(['example_skip_dag']) retrieved from /home/airflow/.local/lib/python3.7/site-packages/airflow/example_dags/example_skip_dag.py
[2022-10-05T00:13:36.072+0000] {logging_mixin.py:117} INFO - [2022-10-05T00:13:36.072+0000] {dag.py:2573} INFO - Sync 1 DAGs
[2022-10-05T00:13:36.288+0000] {logging_mixin.py:117} INFO - [2022-10-05T00:13:36.288+0000] {dag.py:3328} INFO - Setting next_dagrun for example_skip_dag to 2022-10-04T00:13:36.288069+00:00, run_after=2022-10-05T00:13:36.288069+00:00
[2022-10-05T00:13:36.827+0000] {processor.py:178} INFO - Processing /home/airflow/.local/lib/python3.7/site-packages/airflow/example_dags/example_skip_dag.py took 2.054 seconds
[2022-10-05T00:16:06.774+0000] {processor.py:156} INFO - Started process (PID=101) to work on /home/airflow/.local/lib/python3.7/site-packages/airflow/example_dags/example_skip_dag.py
[2022-10-05T00:16:06.778+0000] {processor.py:758} INFO - Processing file /home/airflow/.local/lib/python3.7/site-packages/airflow/example_dags/example_skip_dag.py for tasks to queue
[2022-10-05T00:16:06.780+0000] {logging_mixin.py:117} INFO - [2022-10-05T00:16:06.780+0000] {dagbag.py:525} INFO - Filling up the DagBag from /home/airflow/.local/lib/python3.7/site-packages/airflow/example_dags/example_skip_dag.py
[2022-10-05T00:16:06.919+0000] {processor.py:768} INFO - DAG(s) dict_keys(['example_skip_dag']) retrieved from /home/airflow/.local/lib/python3.7/site-packages/airflow/example_dags/example_skip_dag.py
[2022-10-05T00:16:07.869+0000] {logging_mixin.py:117} INFO - [2022-10-05T00:16:07.869+0000] {dag.py:2573} INFO - Sync 1 DAGs
[2022-10-05T00:16:07.931+0000] {logging_mixin.py:117} INFO - [2022-10-05T00:16:07.930+0000] {dag.py:3328} INFO - Setting next_dagrun for example_skip_dag to 2022-10-04T00:16:07.930638+00:00, run_after=2022-10-05T00:16:07.930638+00:00
[2022-10-05T00:16:08.238+0000] {processor.py:178} INFO - Processing /home/airflow/.local/lib/python3.7/site-packages/airflow/example_dags/example_skip_dag.py took 1.481 seconds
[2022-10-05T00:17:57.949+0000] {processor.py:156} INFO - Started process (PID=93) to work on /home/airflow/.local/lib/python3.7/site-packages/airflow/example_dags/example_skip_dag.py
[2022-10-05T00:17:57.956+0000] {processor.py:758} INFO - Processing file /home/airflow/.local/lib/python3.7/site-packages/airflow/example_dags/example_skip_dag.py for tasks to queue
[2022-10-05T00:17:57.963+0000] {logging_mixin.py:117} INFO - [2022-10-05T00:17:57.963+0000] {dagbag.py:525} INFO - Filling up the DagBag from /home/airflow/.local/lib/python3.7/site-packages/airflow/example_dags/example_skip_dag.py
[2022-10-05T00:17:58.093+0000] {processor.py:768} INFO - DAG(s) dict_keys(['example_skip_dag']) retrieved from /home/airflow/.local/lib/python3.7/site-packages/airflow/example_dags/example_skip_dag.py
[2022-10-05T00:17:59.158+0000] {logging_mixin.py:117} INFO - [2022-10-05T00:17:59.158+0000] {dag.py:2573} INFO - Sync 1 DAGs
[2022-10-05T00:17:59.344+0000] {logging_mixin.py:117} INFO - [2022-10-05T00:17:59.344+0000] {dag.py:3328} INFO - Setting next_dagrun for example_skip_dag to 2022-10-04T00:17:59.344268+00:00, run_after=2022-10-05T00:17:59.344268+00:00
[2022-10-05T00:17:59.477+0000] {processor.py:178} INFO - Processing /home/airflow/.local/lib/python3.7/site-packages/airflow/example_dags/example_skip_dag.py took 1.551 seconds
[2022-10-05T00:19:53.344+0000] {processor.py:156} INFO - Started process (PID=91) to work on /home/airflow/.local/lib/python3.7/site-packages/airflow/example_dags/example_skip_dag.py
[2022-10-05T00:19:53.358+0000] {processor.py:758} INFO - Processing file /home/airflow/.local/lib/python3.7/site-packages/airflow/example_dags/example_skip_dag.py for tasks to queue
[2022-10-05T00:19:53.379+0000] {logging_mixin.py:117} INFO - [2022-10-05T00:19:53.376+0000] {dagbag.py:525} INFO - Filling up the DagBag from /home/airflow/.local/lib/python3.7/site-packages/airflow/example_dags/example_skip_dag.py
[2022-10-05T00:19:53.557+0000] {processor.py:768} INFO - DAG(s) dict_keys(['example_skip_dag']) retrieved from /home/airflow/.local/lib/python3.7/site-packages/airflow/example_dags/example_skip_dag.py
[2022-10-05T00:19:54.671+0000] {logging_mixin.py:117} INFO - [2022-10-05T00:19:54.671+0000] {dag.py:2573} INFO - Sync 1 DAGs
[2022-10-05T00:19:54.760+0000] {logging_mixin.py:117} INFO - [2022-10-05T00:19:54.759+0000] {dag.py:3328} INFO - Setting next_dagrun for example_skip_dag to 2022-10-04T00:19:54.759659+00:00, run_after=2022-10-05T00:19:54.759659+00:00
[2022-10-05T00:19:56.589+0000] {processor.py:178} INFO - Processing /home/airflow/.local/lib/python3.7/site-packages/airflow/example_dags/example_skip_dag.py took 3.276 seconds
[2022-10-05T00:21:47.415+0000] {processor.py:156} INFO - Started process (PID=92) to work on /home/airflow/.local/lib/python3.7/site-packages/airflow/example_dags/example_skip_dag.py
[2022-10-05T00:21:47.426+0000] {processor.py:758} INFO - Processing file /home/airflow/.local/lib/python3.7/site-packages/airflow/example_dags/example_skip_dag.py for tasks to queue
[2022-10-05T00:21:47.427+0000] {logging_mixin.py:117} INFO - [2022-10-05T00:21:47.427+0000] {dagbag.py:525} INFO - Filling up the DagBag from /home/airflow/.local/lib/python3.7/site-packages/airflow/example_dags/example_skip_dag.py
[2022-10-05T00:21:47.540+0000] {processor.py:768} INFO - DAG(s) dict_keys(['example_skip_dag']) retrieved from /home/airflow/.local/lib/python3.7/site-packages/airflow/example_dags/example_skip_dag.py
[2022-10-05T00:21:48.595+0000] {logging_mixin.py:117} INFO - [2022-10-05T00:21:48.595+0000] {dag.py:2573} INFO - Sync 1 DAGs
[2022-10-05T00:21:48.747+0000] {logging_mixin.py:117} INFO - [2022-10-05T00:21:48.747+0000] {dag.py:3328} INFO - Setting next_dagrun for example_skip_dag to 2022-10-04T00:21:48.747054+00:00, run_after=2022-10-05T00:21:48.747054+00:00
[2022-10-05T00:21:48.964+0000] {processor.py:178} INFO - Processing /home/airflow/.local/lib/python3.7/site-packages/airflow/example_dags/example_skip_dag.py took 1.566 seconds
[2022-10-05T00:24:01.647+0000] {processor.py:156} INFO - Started process (PID=103) to work on /home/airflow/.local/lib/python3.7/site-packages/airflow/example_dags/example_skip_dag.py
[2022-10-05T00:24:01.657+0000] {processor.py:758} INFO - Processing file /home/airflow/.local/lib/python3.7/site-packages/airflow/example_dags/example_skip_dag.py for tasks to queue
[2022-10-05T00:24:01.662+0000] {logging_mixin.py:117} INFO - [2022-10-05T00:24:01.662+0000] {dagbag.py:525} INFO - Filling up the DagBag from /home/airflow/.local/lib/python3.7/site-packages/airflow/example_dags/example_skip_dag.py
[2022-10-05T00:24:01.774+0000] {processor.py:768} INFO - DAG(s) dict_keys(['example_skip_dag']) retrieved from /home/airflow/.local/lib/python3.7/site-packages/airflow/example_dags/example_skip_dag.py
[2022-10-05T00:24:02.748+0000] {logging_mixin.py:117} INFO - [2022-10-05T00:24:02.745+0000] {dag.py:2573} INFO - Sync 1 DAGs
[2022-10-05T00:24:03.254+0000] {logging_mixin.py:117} INFO - [2022-10-05T00:24:03.253+0000] {dag.py:3328} INFO - Setting next_dagrun for example_skip_dag to 2022-10-04T00:24:03.250266+00:00, run_after=2022-10-05T00:24:03.250266+00:00
[2022-10-05T00:24:03.511+0000] {processor.py:178} INFO - Processing /home/airflow/.local/lib/python3.7/site-packages/airflow/example_dags/example_skip_dag.py took 1.883 seconds
[2022-10-05T00:25:48.257+0000] {processor.py:156} INFO - Started process (PID=90) to work on /home/airflow/.local/lib/python3.7/site-packages/airflow/example_dags/example_skip_dag.py
[2022-10-05T00:25:48.260+0000] {processor.py:758} INFO - Processing file /home/airflow/.local/lib/python3.7/site-packages/airflow/example_dags/example_skip_dag.py for tasks to queue
[2022-10-05T00:25:48.266+0000] {logging_mixin.py:117} INFO - [2022-10-05T00:25:48.265+0000] {dagbag.py:525} INFO - Filling up the DagBag from /home/airflow/.local/lib/python3.7/site-packages/airflow/example_dags/example_skip_dag.py
[2022-10-05T00:25:48.374+0000] {processor.py:768} INFO - DAG(s) dict_keys(['example_skip_dag']) retrieved from /home/airflow/.local/lib/python3.7/site-packages/airflow/example_dags/example_skip_dag.py
[2022-10-05T00:25:49.459+0000] {logging_mixin.py:117} INFO - [2022-10-05T00:25:49.459+0000] {dag.py:2573} INFO - Sync 1 DAGs
[2022-10-05T00:25:49.639+0000] {logging_mixin.py:117} INFO - [2022-10-05T00:25:49.638+0000] {dag.py:3328} INFO - Setting next_dagrun for example_skip_dag to 2022-10-04T00:25:49.638526+00:00, run_after=2022-10-05T00:25:49.638526+00:00
[2022-10-05T00:25:49.853+0000] {processor.py:178} INFO - Processing /home/airflow/.local/lib/python3.7/site-packages/airflow/example_dags/example_skip_dag.py took 1.612 seconds
[2022-10-05T00:28:57.701+0000] {processor.py:156} INFO - Started process (PID=116) to work on /home/airflow/.local/lib/python3.7/site-packages/airflow/example_dags/example_skip_dag.py
[2022-10-05T00:28:57.723+0000] {processor.py:758} INFO - Processing file /home/airflow/.local/lib/python3.7/site-packages/airflow/example_dags/example_skip_dag.py for tasks to queue
[2022-10-05T00:28:57.725+0000] {logging_mixin.py:117} INFO - [2022-10-05T00:28:57.725+0000] {dagbag.py:525} INFO - Filling up the DagBag from /home/airflow/.local/lib/python3.7/site-packages/airflow/example_dags/example_skip_dag.py
[2022-10-05T00:28:57.900+0000] {processor.py:768} INFO - DAG(s) dict_keys(['example_skip_dag']) retrieved from /home/airflow/.local/lib/python3.7/site-packages/airflow/example_dags/example_skip_dag.py
[2022-10-05T00:28:59.141+0000] {logging_mixin.py:117} INFO - [2022-10-05T00:28:59.141+0000] {dag.py:2573} INFO - Sync 1 DAGs
[2022-10-05T00:28:59.301+0000] {logging_mixin.py:117} INFO - [2022-10-05T00:28:59.301+0000] {dag.py:3328} INFO - Setting next_dagrun for example_skip_dag to 2022-10-04T00:28:59.300904+00:00, run_after=2022-10-05T00:28:59.300904+00:00
[2022-10-05T00:28:59.551+0000] {processor.py:178} INFO - Processing /home/airflow/.local/lib/python3.7/site-packages/airflow/example_dags/example_skip_dag.py took 1.875 seconds
[2022-10-05T00:31:26.429+0000] {processor.py:156} INFO - Started process (PID=112) to work on /home/airflow/.local/lib/python3.7/site-packages/airflow/example_dags/example_skip_dag.py
[2022-10-05T00:31:26.435+0000] {processor.py:758} INFO - Processing file /home/airflow/.local/lib/python3.7/site-packages/airflow/example_dags/example_skip_dag.py for tasks to queue
[2022-10-05T00:31:26.442+0000] {logging_mixin.py:117} INFO - [2022-10-05T00:31:26.442+0000] {dagbag.py:525} INFO - Filling up the DagBag from /home/airflow/.local/lib/python3.7/site-packages/airflow/example_dags/example_skip_dag.py
[2022-10-05T00:31:26.721+0000] {processor.py:768} INFO - DAG(s) dict_keys(['example_skip_dag']) retrieved from /home/airflow/.local/lib/python3.7/site-packages/airflow/example_dags/example_skip_dag.py
[2022-10-05T00:31:29.727+0000] {logging_mixin.py:117} INFO - [2022-10-05T00:31:29.727+0000] {dag.py:2573} INFO - Sync 1 DAGs
[2022-10-05T00:31:30.281+0000] {logging_mixin.py:117} INFO - [2022-10-05T00:31:30.281+0000] {dag.py:3328} INFO - Setting next_dagrun for example_skip_dag to 2022-10-04T00:31:30.280731+00:00, run_after=2022-10-05T00:31:30.280731+00:00
[2022-10-05T00:31:31.632+0000] {processor.py:178} INFO - Processing /home/airflow/.local/lib/python3.7/site-packages/airflow/example_dags/example_skip_dag.py took 5.263 seconds
[2022-10-05T00:33:33.288+0000] {processor.py:156} INFO - Started process (PID=94) to work on /home/airflow/.local/lib/python3.7/site-packages/airflow/example_dags/example_skip_dag.py
[2022-10-05T00:33:33.295+0000] {processor.py:758} INFO - Processing file /home/airflow/.local/lib/python3.7/site-packages/airflow/example_dags/example_skip_dag.py for tasks to queue
[2022-10-05T00:33:33.305+0000] {logging_mixin.py:117} INFO - [2022-10-05T00:33:33.305+0000] {dagbag.py:525} INFO - Filling up the DagBag from /home/airflow/.local/lib/python3.7/site-packages/airflow/example_dags/example_skip_dag.py
[2022-10-05T00:33:33.415+0000] {processor.py:768} INFO - DAG(s) dict_keys(['example_skip_dag']) retrieved from /home/airflow/.local/lib/python3.7/site-packages/airflow/example_dags/example_skip_dag.py
[2022-10-05T00:33:34.582+0000] {logging_mixin.py:117} INFO - [2022-10-05T00:33:34.582+0000] {dag.py:2573} INFO - Sync 1 DAGs
[2022-10-05T00:33:34.658+0000] {logging_mixin.py:117} INFO - [2022-10-05T00:33:34.658+0000] {dag.py:3328} INFO - Setting next_dagrun for example_skip_dag to 2022-10-04T00:33:34.658139+00:00, run_after=2022-10-05T00:33:34.658139+00:00
[2022-10-05T00:33:34.771+0000] {processor.py:178} INFO - Processing /home/airflow/.local/lib/python3.7/site-packages/airflow/example_dags/example_skip_dag.py took 1.502 seconds
[2022-10-05T00:35:40.585+0000] {processor.py:156} INFO - Started process (PID=101) to work on /home/airflow/.local/lib/python3.7/site-packages/airflow/example_dags/example_skip_dag.py
[2022-10-05T00:35:40.591+0000] {processor.py:758} INFO - Processing file /home/airflow/.local/lib/python3.7/site-packages/airflow/example_dags/example_skip_dag.py for tasks to queue
[2022-10-05T00:35:40.599+0000] {logging_mixin.py:117} INFO - [2022-10-05T00:35:40.599+0000] {dagbag.py:525} INFO - Filling up the DagBag from /home/airflow/.local/lib/python3.7/site-packages/airflow/example_dags/example_skip_dag.py
[2022-10-05T00:35:40.792+0000] {processor.py:768} INFO - DAG(s) dict_keys(['example_skip_dag']) retrieved from /home/airflow/.local/lib/python3.7/site-packages/airflow/example_dags/example_skip_dag.py
[2022-10-05T00:35:42.008+0000] {logging_mixin.py:117} INFO - [2022-10-05T00:35:42.008+0000] {dag.py:2573} INFO - Sync 1 DAGs
[2022-10-05T00:35:42.230+0000] {logging_mixin.py:117} INFO - [2022-10-05T00:35:42.224+0000] {dag.py:3328} INFO - Setting next_dagrun for example_skip_dag to 2022-10-04T00:35:42.224467+00:00, run_after=2022-10-05T00:35:42.224467+00:00
[2022-10-05T00:35:42.455+0000] {processor.py:178} INFO - Processing /home/airflow/.local/lib/python3.7/site-packages/airflow/example_dags/example_skip_dag.py took 1.899 seconds
[2022-10-05T00:37:34.226+0000] {processor.py:156} INFO - Started process (PID=92) to work on /home/airflow/.local/lib/python3.7/site-packages/airflow/example_dags/example_skip_dag.py
[2022-10-05T00:37:34.232+0000] {processor.py:758} INFO - Processing file /home/airflow/.local/lib/python3.7/site-packages/airflow/example_dags/example_skip_dag.py for tasks to queue
[2022-10-05T00:37:34.233+0000] {logging_mixin.py:117} INFO - [2022-10-05T00:37:34.233+0000] {dagbag.py:525} INFO - Filling up the DagBag from /home/airflow/.local/lib/python3.7/site-packages/airflow/example_dags/example_skip_dag.py
[2022-10-05T00:37:34.298+0000] {processor.py:768} INFO - DAG(s) dict_keys(['example_skip_dag']) retrieved from /home/airflow/.local/lib/python3.7/site-packages/airflow/example_dags/example_skip_dag.py
[2022-10-05T00:37:35.404+0000] {logging_mixin.py:117} INFO - [2022-10-05T00:37:35.404+0000] {dag.py:2573} INFO - Sync 1 DAGs
[2022-10-05T00:37:35.540+0000] {logging_mixin.py:117} INFO - [2022-10-05T00:37:35.540+0000] {dag.py:3328} INFO - Setting next_dagrun for example_skip_dag to 2022-10-04T00:37:35.540211+00:00, run_after=2022-10-05T00:37:35.540211+00:00
[2022-10-05T00:37:35.646+0000] {processor.py:178} INFO - Processing /home/airflow/.local/lib/python3.7/site-packages/airflow/example_dags/example_skip_dag.py took 1.434 seconds
[2022-10-05T00:39:43.863+0000] {processor.py:156} INFO - Started process (PID=94) to work on /home/airflow/.local/lib/python3.7/site-packages/airflow/example_dags/example_skip_dag.py
[2022-10-05T00:39:43.870+0000] {processor.py:758} INFO - Processing file /home/airflow/.local/lib/python3.7/site-packages/airflow/example_dags/example_skip_dag.py for tasks to queue
[2022-10-05T00:39:43.874+0000] {logging_mixin.py:117} INFO - [2022-10-05T00:39:43.873+0000] {dagbag.py:525} INFO - Filling up the DagBag from /home/airflow/.local/lib/python3.7/site-packages/airflow/example_dags/example_skip_dag.py
[2022-10-05T00:39:43.981+0000] {processor.py:768} INFO - DAG(s) dict_keys(['example_skip_dag']) retrieved from /home/airflow/.local/lib/python3.7/site-packages/airflow/example_dags/example_skip_dag.py
[2022-10-05T00:39:45.815+0000] {logging_mixin.py:117} INFO - [2022-10-05T00:39:45.815+0000] {dag.py:2573} INFO - Sync 1 DAGs
[2022-10-05T00:39:46.061+0000] {logging_mixin.py:117} INFO - [2022-10-05T00:39:46.061+0000] {dag.py:3328} INFO - Setting next_dagrun for example_skip_dag to 2022-10-04T00:39:46.061483+00:00, run_after=2022-10-05T00:39:46.061483+00:00
[2022-10-05T00:39:47.651+0000] {processor.py:178} INFO - Processing /home/airflow/.local/lib/python3.7/site-packages/airflow/example_dags/example_skip_dag.py took 3.808 seconds
[2022-10-05T00:42:06.220+0000] {processor.py:156} INFO - Started process (PID=103) to work on /home/airflow/.local/lib/python3.7/site-packages/airflow/example_dags/example_skip_dag.py
[2022-10-05T00:42:06.229+0000] {processor.py:758} INFO - Processing file /home/airflow/.local/lib/python3.7/site-packages/airflow/example_dags/example_skip_dag.py for tasks to queue
[2022-10-05T00:42:06.232+0000] {logging_mixin.py:117} INFO - [2022-10-05T00:42:06.232+0000] {dagbag.py:525} INFO - Filling up the DagBag from /home/airflow/.local/lib/python3.7/site-packages/airflow/example_dags/example_skip_dag.py
[2022-10-05T00:42:06.394+0000] {processor.py:768} INFO - DAG(s) dict_keys(['example_skip_dag']) retrieved from /home/airflow/.local/lib/python3.7/site-packages/airflow/example_dags/example_skip_dag.py
[2022-10-05T00:42:08.365+0000] {logging_mixin.py:117} INFO - [2022-10-05T00:42:08.365+0000] {dag.py:2573} INFO - Sync 1 DAGs
[2022-10-05T00:42:08.558+0000] {logging_mixin.py:117} INFO - [2022-10-05T00:42:08.558+0000] {dag.py:3328} INFO - Setting next_dagrun for example_skip_dag to 2022-10-04T00:42:08.557706+00:00, run_after=2022-10-05T00:42:08.557706+00:00
[2022-10-05T00:42:08.730+0000] {processor.py:178} INFO - Processing /home/airflow/.local/lib/python3.7/site-packages/airflow/example_dags/example_skip_dag.py took 2.536 seconds
[2022-10-05T00:44:22.717+0000] {processor.py:156} INFO - Started process (PID=103) to work on /home/airflow/.local/lib/python3.7/site-packages/airflow/example_dags/example_skip_dag.py
[2022-10-05T00:44:22.730+0000] {processor.py:758} INFO - Processing file /home/airflow/.local/lib/python3.7/site-packages/airflow/example_dags/example_skip_dag.py for tasks to queue
[2022-10-05T00:44:22.732+0000] {logging_mixin.py:117} INFO - [2022-10-05T00:44:22.731+0000] {dagbag.py:525} INFO - Filling up the DagBag from /home/airflow/.local/lib/python3.7/site-packages/airflow/example_dags/example_skip_dag.py
[2022-10-05T00:44:22.931+0000] {processor.py:768} INFO - DAG(s) dict_keys(['example_skip_dag']) retrieved from /home/airflow/.local/lib/python3.7/site-packages/airflow/example_dags/example_skip_dag.py
[2022-10-05T00:44:23.990+0000] {logging_mixin.py:117} INFO - [2022-10-05T00:44:23.990+0000] {dag.py:2573} INFO - Sync 1 DAGs
[2022-10-05T00:44:24.070+0000] {logging_mixin.py:117} INFO - [2022-10-05T00:44:24.069+0000] {dag.py:3328} INFO - Setting next_dagrun for example_skip_dag to 2022-10-04T00:44:24.068077+00:00, run_after=2022-10-05T00:44:24.068077+00:00
[2022-10-05T00:44:26.111+0000] {processor.py:178} INFO - Processing /home/airflow/.local/lib/python3.7/site-packages/airflow/example_dags/example_skip_dag.py took 3.419 seconds
[2022-10-05T00:50:11.888+0000] {processor.py:156} INFO - Started process (PID=102) to work on /home/airflow/.local/lib/python3.7/site-packages/airflow/example_dags/example_skip_dag.py
[2022-10-05T00:50:11.891+0000] {processor.py:758} INFO - Processing file /home/airflow/.local/lib/python3.7/site-packages/airflow/example_dags/example_skip_dag.py for tasks to queue
[2022-10-05T00:50:11.894+0000] {logging_mixin.py:117} INFO - [2022-10-05T00:50:11.893+0000] {dagbag.py:525} INFO - Filling up the DagBag from /home/airflow/.local/lib/python3.7/site-packages/airflow/example_dags/example_skip_dag.py
[2022-10-05T00:50:12.301+0000] {processor.py:768} INFO - DAG(s) dict_keys(['example_skip_dag']) retrieved from /home/airflow/.local/lib/python3.7/site-packages/airflow/example_dags/example_skip_dag.py
[2022-10-05T00:50:12.594+0000] {logging_mixin.py:117} INFO - [2022-10-05T00:50:12.579+0000] {dag.py:2573} INFO - Sync 1 DAGs
[2022-10-05T00:50:15.615+0000] {logging_mixin.py:117} INFO - [2022-10-05T00:50:15.611+0000] {dag.py:3328} INFO - Setting next_dagrun for example_skip_dag to 2022-10-04T00:50:15.609445+00:00, run_after=2022-10-05T00:50:15.609445+00:00
[2022-10-05T00:52:24.611+0000] {processor.py:156} INFO - Started process (PID=101) to work on /home/airflow/.local/lib/python3.7/site-packages/airflow/example_dags/example_skip_dag.py
[2022-10-05T00:52:24.612+0000] {processor.py:758} INFO - Processing file /home/airflow/.local/lib/python3.7/site-packages/airflow/example_dags/example_skip_dag.py for tasks to queue
[2022-10-05T00:52:24.613+0000] {logging_mixin.py:117} INFO - [2022-10-05T00:52:24.613+0000] {dagbag.py:525} INFO - Filling up the DagBag from /home/airflow/.local/lib/python3.7/site-packages/airflow/example_dags/example_skip_dag.py
[2022-10-05T00:52:24.635+0000] {processor.py:768} INFO - DAG(s) dict_keys(['example_skip_dag']) retrieved from /home/airflow/.local/lib/python3.7/site-packages/airflow/example_dags/example_skip_dag.py
[2022-10-05T00:52:24.973+0000] {logging_mixin.py:117} INFO - [2022-10-05T00:52:24.973+0000] {dag.py:2573} INFO - Sync 1 DAGs
[2022-10-05T00:52:25.011+0000] {logging_mixin.py:117} INFO - [2022-10-05T00:52:25.010+0000] {dag.py:3328} INFO - Setting next_dagrun for example_skip_dag to 2022-10-04T00:52:25.010613+00:00, run_after=2022-10-05T00:52:25.010613+00:00
[2022-10-05T00:52:25.195+0000] {processor.py:178} INFO - Processing /home/airflow/.local/lib/python3.7/site-packages/airflow/example_dags/example_skip_dag.py took 0.588 seconds
[2022-10-05T00:54:38.284+0000] {processor.py:156} INFO - Started process (PID=82) to work on /home/airflow/.local/lib/python3.7/site-packages/airflow/example_dags/example_skip_dag.py
[2022-10-05T00:54:38.292+0000] {processor.py:758} INFO - Processing file /home/airflow/.local/lib/python3.7/site-packages/airflow/example_dags/example_skip_dag.py for tasks to queue
[2022-10-05T00:54:38.293+0000] {logging_mixin.py:117} INFO - [2022-10-05T00:54:38.293+0000] {dagbag.py:525} INFO - Filling up the DagBag from /home/airflow/.local/lib/python3.7/site-packages/airflow/example_dags/example_skip_dag.py
[2022-10-05T00:54:38.403+0000] {processor.py:768} INFO - DAG(s) dict_keys(['example_skip_dag']) retrieved from /home/airflow/.local/lib/python3.7/site-packages/airflow/example_dags/example_skip_dag.py
[2022-10-05T00:54:39.460+0000] {logging_mixin.py:117} INFO - [2022-10-05T00:54:39.459+0000] {dag.py:2573} INFO - Sync 1 DAGs
[2022-10-05T00:54:39.634+0000] {logging_mixin.py:117} INFO - [2022-10-05T00:54:39.634+0000] {dag.py:3328} INFO - Setting next_dagrun for example_skip_dag to 2022-10-04T00:54:39.633830+00:00, run_after=2022-10-05T00:54:39.633830+00:00
[2022-10-05T00:54:40.083+0000] {processor.py:178} INFO - Processing /home/airflow/.local/lib/python3.7/site-packages/airflow/example_dags/example_skip_dag.py took 1.814 seconds
[2022-10-05T00:56:45.246+0000] {processor.py:156} INFO - Started process (PID=94) to work on /home/airflow/.local/lib/python3.7/site-packages/airflow/example_dags/example_skip_dag.py
[2022-10-05T00:56:45.258+0000] {processor.py:758} INFO - Processing file /home/airflow/.local/lib/python3.7/site-packages/airflow/example_dags/example_skip_dag.py for tasks to queue
[2022-10-05T00:56:45.260+0000] {logging_mixin.py:117} INFO - [2022-10-05T00:56:45.260+0000] {dagbag.py:525} INFO - Filling up the DagBag from /home/airflow/.local/lib/python3.7/site-packages/airflow/example_dags/example_skip_dag.py
[2022-10-05T00:56:45.450+0000] {processor.py:768} INFO - DAG(s) dict_keys(['example_skip_dag']) retrieved from /home/airflow/.local/lib/python3.7/site-packages/airflow/example_dags/example_skip_dag.py
[2022-10-05T00:56:47.726+0000] {logging_mixin.py:117} INFO - [2022-10-05T00:56:47.726+0000] {dag.py:2573} INFO - Sync 1 DAGs
[2022-10-05T00:56:48.031+0000] {logging_mixin.py:117} INFO - [2022-10-05T00:56:48.031+0000] {dag.py:3328} INFO - Setting next_dagrun for example_skip_dag to 2022-10-04T00:56:48.031091+00:00, run_after=2022-10-05T00:56:48.031091+00:00
[2022-10-05T00:56:50.025+0000] {processor.py:178} INFO - Processing /home/airflow/.local/lib/python3.7/site-packages/airflow/example_dags/example_skip_dag.py took 4.797 seconds
[2022-10-05T00:59:15.082+0000] {processor.py:156} INFO - Started process (PID=103) to work on /home/airflow/.local/lib/python3.7/site-packages/airflow/example_dags/example_skip_dag.py
[2022-10-05T00:59:15.091+0000] {processor.py:758} INFO - Processing file /home/airflow/.local/lib/python3.7/site-packages/airflow/example_dags/example_skip_dag.py for tasks to queue
[2022-10-05T00:59:15.099+0000] {logging_mixin.py:117} INFO - [2022-10-05T00:59:15.098+0000] {dagbag.py:525} INFO - Filling up the DagBag from /home/airflow/.local/lib/python3.7/site-packages/airflow/example_dags/example_skip_dag.py
[2022-10-05T00:59:15.226+0000] {processor.py:768} INFO - DAG(s) dict_keys(['example_skip_dag']) retrieved from /home/airflow/.local/lib/python3.7/site-packages/airflow/example_dags/example_skip_dag.py
[2022-10-05T00:59:16.173+0000] {logging_mixin.py:117} INFO - [2022-10-05T00:59:16.172+0000] {dag.py:2573} INFO - Sync 1 DAGs
[2022-10-05T00:59:16.358+0000] {logging_mixin.py:117} INFO - [2022-10-05T00:59:16.358+0000] {dag.py:3328} INFO - Setting next_dagrun for example_skip_dag to 2022-10-04T00:59:16.354025+00:00, run_after=2022-10-05T00:59:16.354025+00:00
[2022-10-05T00:59:16.885+0000] {processor.py:178} INFO - Processing /home/airflow/.local/lib/python3.7/site-packages/airflow/example_dags/example_skip_dag.py took 1.824 seconds
[2022-10-05T01:01:51.738+0000] {processor.py:156} INFO - Started process (PID=104) to work on /home/airflow/.local/lib/python3.7/site-packages/airflow/example_dags/example_skip_dag.py
[2022-10-05T01:01:51.742+0000] {processor.py:758} INFO - Processing file /home/airflow/.local/lib/python3.7/site-packages/airflow/example_dags/example_skip_dag.py for tasks to queue
[2022-10-05T01:01:51.745+0000] {logging_mixin.py:117} INFO - [2022-10-05T01:01:51.745+0000] {dagbag.py:525} INFO - Filling up the DagBag from /home/airflow/.local/lib/python3.7/site-packages/airflow/example_dags/example_skip_dag.py
[2022-10-05T01:01:51.795+0000] {processor.py:768} INFO - DAG(s) dict_keys(['example_skip_dag']) retrieved from /home/airflow/.local/lib/python3.7/site-packages/airflow/example_dags/example_skip_dag.py
[2022-10-05T01:01:52.852+0000] {logging_mixin.py:117} INFO - [2022-10-05T01:01:52.852+0000] {dag.py:2573} INFO - Sync 1 DAGs
[2022-10-05T01:01:52.975+0000] {logging_mixin.py:117} INFO - [2022-10-05T01:01:52.975+0000] {dag.py:3328} INFO - Setting next_dagrun for example_skip_dag to 2022-10-04T01:01:52.974590+00:00, run_after=2022-10-05T01:01:52.974590+00:00
[2022-10-05T01:01:53.315+0000] {processor.py:178} INFO - Processing /home/airflow/.local/lib/python3.7/site-packages/airflow/example_dags/example_skip_dag.py took 1.583 seconds
[2022-10-05T01:04:45.695+0000] {processor.py:156} INFO - Started process (PID=93) to work on /home/airflow/.local/lib/python3.7/site-packages/airflow/example_dags/example_skip_dag.py
[2022-10-05T01:04:45.702+0000] {processor.py:758} INFO - Processing file /home/airflow/.local/lib/python3.7/site-packages/airflow/example_dags/example_skip_dag.py for tasks to queue
[2022-10-05T01:04:45.707+0000] {logging_mixin.py:117} INFO - [2022-10-05T01:04:45.707+0000] {dagbag.py:525} INFO - Filling up the DagBag from /home/airflow/.local/lib/python3.7/site-packages/airflow/example_dags/example_skip_dag.py
[2022-10-05T01:04:45.884+0000] {processor.py:768} INFO - DAG(s) dict_keys(['example_skip_dag']) retrieved from /home/airflow/.local/lib/python3.7/site-packages/airflow/example_dags/example_skip_dag.py
[2022-10-05T01:04:50.535+0000] {logging_mixin.py:117} INFO - [2022-10-05T01:04:50.534+0000] {dag.py:2573} INFO - Sync 1 DAGs
[2022-10-05T01:04:50.804+0000] {logging_mixin.py:117} INFO - [2022-10-05T01:04:50.803+0000] {dag.py:3328} INFO - Setting next_dagrun for example_skip_dag to 2022-10-04T01:04:50.803724+00:00, run_after=2022-10-05T01:04:50.803724+00:00
[2022-10-05T01:04:52.552+0000] {processor.py:178} INFO - Processing /home/airflow/.local/lib/python3.7/site-packages/airflow/example_dags/example_skip_dag.py took 6.884 seconds
[2022-10-05T01:07:13.055+0000] {processor.py:156} INFO - Started process (PID=102) to work on /home/airflow/.local/lib/python3.7/site-packages/airflow/example_dags/example_skip_dag.py
[2022-10-05T01:07:13.074+0000] {processor.py:758} INFO - Processing file /home/airflow/.local/lib/python3.7/site-packages/airflow/example_dags/example_skip_dag.py for tasks to queue
[2022-10-05T01:07:13.079+0000] {logging_mixin.py:117} INFO - [2022-10-05T01:07:13.078+0000] {dagbag.py:525} INFO - Filling up the DagBag from /home/airflow/.local/lib/python3.7/site-packages/airflow/example_dags/example_skip_dag.py
[2022-10-05T01:07:13.227+0000] {processor.py:768} INFO - DAG(s) dict_keys(['example_skip_dag']) retrieved from /home/airflow/.local/lib/python3.7/site-packages/airflow/example_dags/example_skip_dag.py
[2022-10-05T01:07:14.881+0000] {logging_mixin.py:117} INFO - [2022-10-05T01:07:14.881+0000] {dag.py:2573} INFO - Sync 1 DAGs
[2022-10-05T01:07:14.994+0000] {logging_mixin.py:117} INFO - [2022-10-05T01:07:14.993+0000] {dag.py:3328} INFO - Setting next_dagrun for example_skip_dag to 2022-10-04T01:07:14.990494+00:00, run_after=2022-10-05T01:07:14.990494+00:00
[2022-10-05T01:07:15.292+0000] {processor.py:178} INFO - Processing /home/airflow/.local/lib/python3.7/site-packages/airflow/example_dags/example_skip_dag.py took 2.285 seconds
[2022-10-05T01:13:51.777+0000] {processor.py:156} INFO - Started process (PID=102) to work on /home/airflow/.local/lib/python3.7/site-packages/airflow/example_dags/example_skip_dag.py
[2022-10-05T01:13:51.782+0000] {processor.py:758} INFO - Processing file /home/airflow/.local/lib/python3.7/site-packages/airflow/example_dags/example_skip_dag.py for tasks to queue
[2022-10-05T01:13:51.784+0000] {logging_mixin.py:117} INFO - [2022-10-05T01:13:51.783+0000] {dagbag.py:525} INFO - Filling up the DagBag from /home/airflow/.local/lib/python3.7/site-packages/airflow/example_dags/example_skip_dag.py
[2022-10-05T01:13:51.887+0000] {processor.py:768} INFO - DAG(s) dict_keys(['example_skip_dag']) retrieved from /home/airflow/.local/lib/python3.7/site-packages/airflow/example_dags/example_skip_dag.py
[2022-10-05T01:13:52.078+0000] {logging_mixin.py:117} INFO - [2022-10-05T01:13:52.077+0000] {dag.py:2573} INFO - Sync 1 DAGs
[2022-10-05T01:13:52.135+0000] {logging_mixin.py:117} INFO - [2022-10-05T01:13:52.134+0000] {dag.py:3328} INFO - Setting next_dagrun for example_skip_dag to 2022-10-04T01:13:52.134123+00:00, run_after=2022-10-05T01:13:52.134123+00:00
[2022-10-05T01:13:52.301+0000] {processor.py:178} INFO - Processing /home/airflow/.local/lib/python3.7/site-packages/airflow/example_dags/example_skip_dag.py took 0.544 seconds
