[2022-10-05T00:01:03.713+0000] {processor.py:156} INFO - Started process (PID=85) to work on /home/airflow/.local/lib/python3.7/site-packages/airflow/example_dags/example_short_circuit_operator.py
[2022-10-05T00:01:03.720+0000] {processor.py:758} INFO - Processing file /home/airflow/.local/lib/python3.7/site-packages/airflow/example_dags/example_short_circuit_operator.py for tasks to queue
[2022-10-05T00:01:03.724+0000] {logging_mixin.py:117} INFO - [2022-10-05T00:01:03.724+0000] {dagbag.py:525} INFO - Filling up the DagBag from /home/airflow/.local/lib/python3.7/site-packages/airflow/example_dags/example_short_circuit_operator.py
[2022-10-05T00:01:03.836+0000] {processor.py:768} INFO - DAG(s) dict_keys(['example_short_circuit_operator']) retrieved from /home/airflow/.local/lib/python3.7/site-packages/airflow/example_dags/example_short_circuit_operator.py
[2022-10-05T00:01:04.819+0000] {logging_mixin.py:117} INFO - [2022-10-05T00:01:04.819+0000] {dag.py:2573} INFO - Sync 1 DAGs
[2022-10-05T00:01:04.950+0000] {logging_mixin.py:117} INFO - [2022-10-05T00:01:04.950+0000] {dag.py:3328} INFO - Setting next_dagrun for example_short_circuit_operator to 2022-10-04T00:01:04.950096+00:00, run_after=2022-10-05T00:01:04.950096+00:00
[2022-10-05T00:01:05.231+0000] {processor.py:178} INFO - Processing /home/airflow/.local/lib/python3.7/site-packages/airflow/example_dags/example_short_circuit_operator.py took 1.531 seconds
[2022-10-05T00:03:18.873+0000] {processor.py:156} INFO - Started process (PID=95) to work on /home/airflow/.local/lib/python3.7/site-packages/airflow/example_dags/example_short_circuit_operator.py
[2022-10-05T00:03:18.875+0000] {processor.py:758} INFO - Processing file /home/airflow/.local/lib/python3.7/site-packages/airflow/example_dags/example_short_circuit_operator.py for tasks to queue
[2022-10-05T00:03:18.876+0000] {logging_mixin.py:117} INFO - [2022-10-05T00:03:18.876+0000] {dagbag.py:525} INFO - Filling up the DagBag from /home/airflow/.local/lib/python3.7/site-packages/airflow/example_dags/example_short_circuit_operator.py
[2022-10-05T00:03:19.275+0000] {processor.py:768} INFO - DAG(s) dict_keys(['example_short_circuit_operator']) retrieved from /home/airflow/.local/lib/python3.7/site-packages/airflow/example_dags/example_short_circuit_operator.py
[2022-10-05T00:03:19.361+0000] {logging_mixin.py:117} INFO - [2022-10-05T00:03:19.361+0000] {dag.py:2573} INFO - Sync 1 DAGs
[2022-10-05T00:03:19.396+0000] {logging_mixin.py:117} INFO - [2022-10-05T00:03:19.396+0000] {dag.py:3328} INFO - Setting next_dagrun for example_short_circuit_operator to 2022-10-04T00:03:19.396012+00:00, run_after=2022-10-05T00:03:19.396012+00:00
[2022-10-05T00:03:29.120+0000] {processor.py:178} INFO - Processing /home/airflow/.local/lib/python3.7/site-packages/airflow/example_dags/example_short_circuit_operator.py took 10.252 seconds
[2022-10-05T00:05:08.063+0000] {processor.py:156} INFO - Started process (PID=84) to work on /home/airflow/.local/lib/python3.7/site-packages/airflow/example_dags/example_short_circuit_operator.py
[2022-10-05T00:05:08.076+0000] {processor.py:758} INFO - Processing file /home/airflow/.local/lib/python3.7/site-packages/airflow/example_dags/example_short_circuit_operator.py for tasks to queue
[2022-10-05T00:05:08.090+0000] {logging_mixin.py:117} INFO - [2022-10-05T00:05:08.089+0000] {dagbag.py:525} INFO - Filling up the DagBag from /home/airflow/.local/lib/python3.7/site-packages/airflow/example_dags/example_short_circuit_operator.py
[2022-10-05T00:05:09.165+0000] {processor.py:768} INFO - DAG(s) dict_keys(['example_short_circuit_operator']) retrieved from /home/airflow/.local/lib/python3.7/site-packages/airflow/example_dags/example_short_circuit_operator.py
[2022-10-05T00:05:09.505+0000] {logging_mixin.py:117} INFO - [2022-10-05T00:05:09.490+0000] {dag.py:2573} INFO - Sync 1 DAGs
[2022-10-05T00:05:09.832+0000] {logging_mixin.py:117} INFO - [2022-10-05T00:05:09.832+0000] {dag.py:3328} INFO - Setting next_dagrun for example_short_circuit_operator to 2022-10-04T00:05:09.831822+00:00, run_after=2022-10-05T00:05:09.831822+00:00
[2022-10-05T00:05:10.687+0000] {processor.py:178} INFO - Processing /home/airflow/.local/lib/python3.7/site-packages/airflow/example_dags/example_short_circuit_operator.py took 2.645 seconds
[2022-10-05T00:07:11.680+0000] {processor.py:156} INFO - Started process (PID=93) to work on /home/airflow/.local/lib/python3.7/site-packages/airflow/example_dags/example_short_circuit_operator.py
[2022-10-05T00:07:11.694+0000] {processor.py:758} INFO - Processing file /home/airflow/.local/lib/python3.7/site-packages/airflow/example_dags/example_short_circuit_operator.py for tasks to queue
[2022-10-05T00:07:11.712+0000] {logging_mixin.py:117} INFO - [2022-10-05T00:07:11.712+0000] {dagbag.py:525} INFO - Filling up the DagBag from /home/airflow/.local/lib/python3.7/site-packages/airflow/example_dags/example_short_circuit_operator.py
[2022-10-05T00:07:12.040+0000] {processor.py:768} INFO - DAG(s) dict_keys(['example_short_circuit_operator']) retrieved from /home/airflow/.local/lib/python3.7/site-packages/airflow/example_dags/example_short_circuit_operator.py
[2022-10-05T00:07:14.930+0000] {logging_mixin.py:117} INFO - [2022-10-05T00:07:14.924+0000] {dag.py:2573} INFO - Sync 1 DAGs
[2022-10-05T00:07:15.035+0000] {logging_mixin.py:117} INFO - [2022-10-05T00:07:15.035+0000] {dag.py:3328} INFO - Setting next_dagrun for example_short_circuit_operator to 2022-10-04T00:07:15.035054+00:00, run_after=2022-10-05T00:07:15.035054+00:00
[2022-10-05T00:07:18.504+0000] {processor.py:178} INFO - Processing /home/airflow/.local/lib/python3.7/site-packages/airflow/example_dags/example_short_circuit_operator.py took 6.863 seconds
[2022-10-05T00:09:01.070+0000] {processor.py:156} INFO - Started process (PID=85) to work on /home/airflow/.local/lib/python3.7/site-packages/airflow/example_dags/example_short_circuit_operator.py
[2022-10-05T00:09:01.081+0000] {processor.py:758} INFO - Processing file /home/airflow/.local/lib/python3.7/site-packages/airflow/example_dags/example_short_circuit_operator.py for tasks to queue
[2022-10-05T00:09:01.082+0000] {logging_mixin.py:117} INFO - [2022-10-05T00:09:01.081+0000] {dagbag.py:525} INFO - Filling up the DagBag from /home/airflow/.local/lib/python3.7/site-packages/airflow/example_dags/example_short_circuit_operator.py
[2022-10-05T00:09:01.160+0000] {processor.py:768} INFO - DAG(s) dict_keys(['example_short_circuit_operator']) retrieved from /home/airflow/.local/lib/python3.7/site-packages/airflow/example_dags/example_short_circuit_operator.py
[2022-10-05T00:09:01.465+0000] {logging_mixin.py:117} INFO - [2022-10-05T00:09:01.465+0000] {dag.py:2573} INFO - Sync 1 DAGs
[2022-10-05T00:09:01.567+0000] {logging_mixin.py:117} INFO - [2022-10-05T00:09:01.567+0000] {dag.py:3328} INFO - Setting next_dagrun for example_short_circuit_operator to 2022-10-04T00:09:01.566755+00:00, run_after=2022-10-05T00:09:01.566755+00:00
[2022-10-05T00:09:01.761+0000] {processor.py:178} INFO - Processing /home/airflow/.local/lib/python3.7/site-packages/airflow/example_dags/example_short_circuit_operator.py took 0.708 seconds
[2022-10-05T00:11:30.592+0000] {processor.py:156} INFO - Started process (PID=109) to work on /home/airflow/.local/lib/python3.7/site-packages/airflow/example_dags/example_short_circuit_operator.py
[2022-10-05T00:11:30.598+0000] {processor.py:758} INFO - Processing file /home/airflow/.local/lib/python3.7/site-packages/airflow/example_dags/example_short_circuit_operator.py for tasks to queue
[2022-10-05T00:11:30.602+0000] {logging_mixin.py:117} INFO - [2022-10-05T00:11:30.602+0000] {dagbag.py:525} INFO - Filling up the DagBag from /home/airflow/.local/lib/python3.7/site-packages/airflow/example_dags/example_short_circuit_operator.py
[2022-10-05T00:13:37.095+0000] {processor.py:156} INFO - Started process (PID=102) to work on /home/airflow/.local/lib/python3.7/site-packages/airflow/example_dags/example_short_circuit_operator.py
[2022-10-05T00:13:37.102+0000] {processor.py:758} INFO - Processing file /home/airflow/.local/lib/python3.7/site-packages/airflow/example_dags/example_short_circuit_operator.py for tasks to queue
[2022-10-05T00:13:37.104+0000] {logging_mixin.py:117} INFO - [2022-10-05T00:13:37.104+0000] {dagbag.py:525} INFO - Filling up the DagBag from /home/airflow/.local/lib/python3.7/site-packages/airflow/example_dags/example_short_circuit_operator.py
[2022-10-05T00:13:38.365+0000] {processor.py:768} INFO - DAG(s) dict_keys(['example_short_circuit_operator']) retrieved from /home/airflow/.local/lib/python3.7/site-packages/airflow/example_dags/example_short_circuit_operator.py
[2022-10-05T00:13:38.596+0000] {logging_mixin.py:117} INFO - [2022-10-05T00:13:38.596+0000] {dag.py:2573} INFO - Sync 1 DAGs
[2022-10-05T00:13:38.764+0000] {logging_mixin.py:117} INFO - [2022-10-05T00:13:38.761+0000] {dag.py:3328} INFO - Setting next_dagrun for example_short_circuit_operator to 2022-10-04T00:13:38.761633+00:00, run_after=2022-10-05T00:13:38.761633+00:00
[2022-10-05T00:13:38.908+0000] {processor.py:178} INFO - Processing /home/airflow/.local/lib/python3.7/site-packages/airflow/example_dags/example_short_circuit_operator.py took 1.831 seconds
[2022-10-05T00:16:09.119+0000] {processor.py:156} INFO - Started process (PID=103) to work on /home/airflow/.local/lib/python3.7/site-packages/airflow/example_dags/example_short_circuit_operator.py
[2022-10-05T00:16:09.122+0000] {processor.py:758} INFO - Processing file /home/airflow/.local/lib/python3.7/site-packages/airflow/example_dags/example_short_circuit_operator.py for tasks to queue
[2022-10-05T00:16:09.125+0000] {logging_mixin.py:117} INFO - [2022-10-05T00:16:09.125+0000] {dagbag.py:525} INFO - Filling up the DagBag from /home/airflow/.local/lib/python3.7/site-packages/airflow/example_dags/example_short_circuit_operator.py
[2022-10-05T00:16:09.973+0000] {processor.py:768} INFO - DAG(s) dict_keys(['example_short_circuit_operator']) retrieved from /home/airflow/.local/lib/python3.7/site-packages/airflow/example_dags/example_short_circuit_operator.py
[2022-10-05T00:16:10.368+0000] {logging_mixin.py:117} INFO - [2022-10-05T00:16:10.364+0000] {dag.py:2573} INFO - Sync 1 DAGs
[2022-10-05T00:16:10.653+0000] {logging_mixin.py:117} INFO - [2022-10-05T00:16:10.647+0000] {dag.py:3328} INFO - Setting next_dagrun for example_short_circuit_operator to 2022-10-04T00:16:10.638810+00:00, run_after=2022-10-05T00:16:10.638810+00:00
[2022-10-05T00:16:11.013+0000] {processor.py:178} INFO - Processing /home/airflow/.local/lib/python3.7/site-packages/airflow/example_dags/example_short_circuit_operator.py took 1.902 seconds
[2022-10-05T00:17:59.670+0000] {processor.py:156} INFO - Started process (PID=95) to work on /home/airflow/.local/lib/python3.7/site-packages/airflow/example_dags/example_short_circuit_operator.py
[2022-10-05T00:17:59.677+0000] {processor.py:758} INFO - Processing file /home/airflow/.local/lib/python3.7/site-packages/airflow/example_dags/example_short_circuit_operator.py for tasks to queue
[2022-10-05T00:17:59.681+0000] {logging_mixin.py:117} INFO - [2022-10-05T00:17:59.681+0000] {dagbag.py:525} INFO - Filling up the DagBag from /home/airflow/.local/lib/python3.7/site-packages/airflow/example_dags/example_short_circuit_operator.py
[2022-10-05T00:17:59.806+0000] {processor.py:768} INFO - DAG(s) dict_keys(['example_short_circuit_operator']) retrieved from /home/airflow/.local/lib/python3.7/site-packages/airflow/example_dags/example_short_circuit_operator.py
[2022-10-05T00:18:01.761+0000] {logging_mixin.py:117} INFO - [2022-10-05T00:18:01.761+0000] {dag.py:2573} INFO - Sync 1 DAGs
[2022-10-05T00:18:02.089+0000] {logging_mixin.py:117} INFO - [2022-10-05T00:18:02.088+0000] {dag.py:3328} INFO - Setting next_dagrun for example_short_circuit_operator to 2022-10-04T00:18:02.085695+00:00, run_after=2022-10-05T00:18:02.085695+00:00
[2022-10-05T00:18:04.023+0000] {processor.py:178} INFO - Processing /home/airflow/.local/lib/python3.7/site-packages/airflow/example_dags/example_short_circuit_operator.py took 4.372 seconds
[2022-10-05T00:19:57.432+0000] {processor.py:156} INFO - Started process (PID=93) to work on /home/airflow/.local/lib/python3.7/site-packages/airflow/example_dags/example_short_circuit_operator.py
[2022-10-05T00:19:57.440+0000] {processor.py:758} INFO - Processing file /home/airflow/.local/lib/python3.7/site-packages/airflow/example_dags/example_short_circuit_operator.py for tasks to queue
[2022-10-05T00:19:57.443+0000] {logging_mixin.py:117} INFO - [2022-10-05T00:19:57.442+0000] {dagbag.py:525} INFO - Filling up the DagBag from /home/airflow/.local/lib/python3.7/site-packages/airflow/example_dags/example_short_circuit_operator.py
[2022-10-05T00:19:57.610+0000] {processor.py:768} INFO - DAG(s) dict_keys(['example_short_circuit_operator']) retrieved from /home/airflow/.local/lib/python3.7/site-packages/airflow/example_dags/example_short_circuit_operator.py
[2022-10-05T00:19:59.298+0000] {logging_mixin.py:117} INFO - [2022-10-05T00:19:59.298+0000] {dag.py:2573} INFO - Sync 1 DAGs
[2022-10-05T00:19:59.502+0000] {logging_mixin.py:117} INFO - [2022-10-05T00:19:59.502+0000] {dag.py:3328} INFO - Setting next_dagrun for example_short_circuit_operator to 2022-10-04T00:19:59.502068+00:00, run_after=2022-10-05T00:19:59.502068+00:00
[2022-10-05T00:19:59.684+0000] {processor.py:178} INFO - Processing /home/airflow/.local/lib/python3.7/site-packages/airflow/example_dags/example_short_circuit_operator.py took 2.284 seconds
[2022-10-05T00:21:49.168+0000] {processor.py:156} INFO - Started process (PID=95) to work on /home/airflow/.local/lib/python3.7/site-packages/airflow/example_dags/example_short_circuit_operator.py
[2022-10-05T00:21:49.170+0000] {processor.py:758} INFO - Processing file /home/airflow/.local/lib/python3.7/site-packages/airflow/example_dags/example_short_circuit_operator.py for tasks to queue
[2022-10-05T00:21:49.174+0000] {logging_mixin.py:117} INFO - [2022-10-05T00:21:49.174+0000] {dagbag.py:525} INFO - Filling up the DagBag from /home/airflow/.local/lib/python3.7/site-packages/airflow/example_dags/example_short_circuit_operator.py
[2022-10-05T00:21:49.325+0000] {processor.py:768} INFO - DAG(s) dict_keys(['example_short_circuit_operator']) retrieved from /home/airflow/.local/lib/python3.7/site-packages/airflow/example_dags/example_short_circuit_operator.py
[2022-10-05T00:21:51.126+0000] {logging_mixin.py:117} INFO - [2022-10-05T00:21:51.126+0000] {dag.py:2573} INFO - Sync 1 DAGs
[2022-10-05T00:21:51.422+0000] {logging_mixin.py:117} INFO - [2022-10-05T00:21:51.422+0000] {dag.py:3328} INFO - Setting next_dagrun for example_short_circuit_operator to 2022-10-04T00:21:51.422088+00:00, run_after=2022-10-05T00:21:51.422088+00:00
[2022-10-05T00:21:55.153+0000] {processor.py:178} INFO - Processing /home/airflow/.local/lib/python3.7/site-packages/airflow/example_dags/example_short_circuit_operator.py took 6.176 seconds
[2022-10-05T00:24:03.813+0000] {processor.py:156} INFO - Started process (PID=105) to work on /home/airflow/.local/lib/python3.7/site-packages/airflow/example_dags/example_short_circuit_operator.py
[2022-10-05T00:24:03.822+0000] {processor.py:758} INFO - Processing file /home/airflow/.local/lib/python3.7/site-packages/airflow/example_dags/example_short_circuit_operator.py for tasks to queue
[2022-10-05T00:24:03.832+0000] {logging_mixin.py:117} INFO - [2022-10-05T00:24:03.832+0000] {dagbag.py:525} INFO - Filling up the DagBag from /home/airflow/.local/lib/python3.7/site-packages/airflow/example_dags/example_short_circuit_operator.py
[2022-10-05T00:24:04.985+0000] {processor.py:768} INFO - DAG(s) dict_keys(['example_short_circuit_operator']) retrieved from /home/airflow/.local/lib/python3.7/site-packages/airflow/example_dags/example_short_circuit_operator.py
[2022-10-05T00:24:05.771+0000] {logging_mixin.py:117} INFO - [2022-10-05T00:24:05.769+0000] {dag.py:2573} INFO - Sync 1 DAGs
[2022-10-05T00:24:05.942+0000] {logging_mixin.py:117} INFO - [2022-10-05T00:24:05.941+0000] {dag.py:3328} INFO - Setting next_dagrun for example_short_circuit_operator to 2022-10-04T00:24:05.941749+00:00, run_after=2022-10-05T00:24:05.941749+00:00
[2022-10-05T00:24:06.077+0000] {processor.py:178} INFO - Processing /home/airflow/.local/lib/python3.7/site-packages/airflow/example_dags/example_short_circuit_operator.py took 2.289 seconds
[2022-10-05T00:25:50.062+0000] {processor.py:156} INFO - Started process (PID=92) to work on /home/airflow/.local/lib/python3.7/site-packages/airflow/example_dags/example_short_circuit_operator.py
[2022-10-05T00:25:50.074+0000] {processor.py:758} INFO - Processing file /home/airflow/.local/lib/python3.7/site-packages/airflow/example_dags/example_short_circuit_operator.py for tasks to queue
[2022-10-05T00:25:50.076+0000] {logging_mixin.py:117} INFO - [2022-10-05T00:25:50.075+0000] {dagbag.py:525} INFO - Filling up the DagBag from /home/airflow/.local/lib/python3.7/site-packages/airflow/example_dags/example_short_circuit_operator.py
[2022-10-05T00:25:50.210+0000] {processor.py:768} INFO - DAG(s) dict_keys(['example_short_circuit_operator']) retrieved from /home/airflow/.local/lib/python3.7/site-packages/airflow/example_dags/example_short_circuit_operator.py
[2022-10-05T00:25:51.372+0000] {logging_mixin.py:117} INFO - [2022-10-05T00:25:51.372+0000] {dag.py:2573} INFO - Sync 1 DAGs
[2022-10-05T00:25:51.564+0000] {logging_mixin.py:117} INFO - [2022-10-05T00:25:51.564+0000] {dag.py:3328} INFO - Setting next_dagrun for example_short_circuit_operator to 2022-10-04T00:25:51.563958+00:00, run_after=2022-10-05T00:25:51.563958+00:00
[2022-10-05T00:25:51.854+0000] {processor.py:178} INFO - Processing /home/airflow/.local/lib/python3.7/site-packages/airflow/example_dags/example_short_circuit_operator.py took 1.805 seconds
[2022-10-05T00:28:59.981+0000] {processor.py:156} INFO - Started process (PID=120) to work on /home/airflow/.local/lib/python3.7/site-packages/airflow/example_dags/example_short_circuit_operator.py
[2022-10-05T00:28:59.993+0000] {processor.py:758} INFO - Processing file /home/airflow/.local/lib/python3.7/site-packages/airflow/example_dags/example_short_circuit_operator.py for tasks to queue
[2022-10-05T00:28:59.999+0000] {logging_mixin.py:117} INFO - [2022-10-05T00:28:59.999+0000] {dagbag.py:525} INFO - Filling up the DagBag from /home/airflow/.local/lib/python3.7/site-packages/airflow/example_dags/example_short_circuit_operator.py
[2022-10-05T00:29:13.099+0000] {processor.py:768} INFO - DAG(s) dict_keys(['example_short_circuit_operator']) retrieved from /home/airflow/.local/lib/python3.7/site-packages/airflow/example_dags/example_short_circuit_operator.py
[2022-10-05T00:29:15.370+0000] {logging_mixin.py:117} INFO - [2022-10-05T00:29:15.370+0000] {dag.py:2573} INFO - Sync 1 DAGs
[2022-10-05T00:29:15.616+0000] {logging_mixin.py:117} INFO - [2022-10-05T00:29:15.616+0000] {dag.py:3328} INFO - Setting next_dagrun for example_short_circuit_operator to 2022-10-04T00:29:15.612252+00:00, run_after=2022-10-05T00:29:15.612252+00:00
[2022-10-05T00:29:15.770+0000] {processor.py:178} INFO - Processing /home/airflow/.local/lib/python3.7/site-packages/airflow/example_dags/example_short_circuit_operator.py took 15.832 seconds
[2022-10-05T00:31:32.166+0000] {processor.py:156} INFO - Started process (PID=115) to work on /home/airflow/.local/lib/python3.7/site-packages/airflow/example_dags/example_short_circuit_operator.py
[2022-10-05T00:31:32.178+0000] {processor.py:758} INFO - Processing file /home/airflow/.local/lib/python3.7/site-packages/airflow/example_dags/example_short_circuit_operator.py for tasks to queue
[2022-10-05T00:31:32.199+0000] {logging_mixin.py:117} INFO - [2022-10-05T00:31:32.198+0000] {dagbag.py:525} INFO - Filling up the DagBag from /home/airflow/.local/lib/python3.7/site-packages/airflow/example_dags/example_short_circuit_operator.py
[2022-10-05T00:31:32.528+0000] {processor.py:768} INFO - DAG(s) dict_keys(['example_short_circuit_operator']) retrieved from /home/airflow/.local/lib/python3.7/site-packages/airflow/example_dags/example_short_circuit_operator.py
[2022-10-05T00:31:34.633+0000] {logging_mixin.py:117} INFO - [2022-10-05T00:31:34.633+0000] {dag.py:2573} INFO - Sync 1 DAGs
[2022-10-05T00:31:34.959+0000] {logging_mixin.py:117} INFO - [2022-10-05T00:31:34.959+0000] {dag.py:3328} INFO - Setting next_dagrun for example_short_circuit_operator to 2022-10-04T00:31:34.958651+00:00, run_after=2022-10-05T00:31:34.958651+00:00
[2022-10-05T00:31:35.210+0000] {processor.py:178} INFO - Processing /home/airflow/.local/lib/python3.7/site-packages/airflow/example_dags/example_short_circuit_operator.py took 3.095 seconds
[2022-10-05T00:33:35.155+0000] {processor.py:156} INFO - Started process (PID=96) to work on /home/airflow/.local/lib/python3.7/site-packages/airflow/example_dags/example_short_circuit_operator.py
[2022-10-05T00:33:35.175+0000] {processor.py:758} INFO - Processing file /home/airflow/.local/lib/python3.7/site-packages/airflow/example_dags/example_short_circuit_operator.py for tasks to queue
[2022-10-05T00:33:35.176+0000] {logging_mixin.py:117} INFO - [2022-10-05T00:33:35.175+0000] {dagbag.py:525} INFO - Filling up the DagBag from /home/airflow/.local/lib/python3.7/site-packages/airflow/example_dags/example_short_circuit_operator.py
[2022-10-05T00:33:35.392+0000] {processor.py:768} INFO - DAG(s) dict_keys(['example_short_circuit_operator']) retrieved from /home/airflow/.local/lib/python3.7/site-packages/airflow/example_dags/example_short_circuit_operator.py
[2022-10-05T00:33:36.985+0000] {logging_mixin.py:117} INFO - [2022-10-05T00:33:36.984+0000] {dag.py:2573} INFO - Sync 1 DAGs
[2022-10-05T00:33:37.183+0000] {logging_mixin.py:117} INFO - [2022-10-05T00:33:37.179+0000] {dag.py:3328} INFO - Setting next_dagrun for example_short_circuit_operator to 2022-10-04T00:33:37.174856+00:00, run_after=2022-10-05T00:33:37.174856+00:00
[2022-10-05T00:33:37.499+0000] {processor.py:178} INFO - Processing /home/airflow/.local/lib/python3.7/site-packages/airflow/example_dags/example_short_circuit_operator.py took 2.367 seconds
[2022-10-05T00:35:42.705+0000] {processor.py:156} INFO - Started process (PID=103) to work on /home/airflow/.local/lib/python3.7/site-packages/airflow/example_dags/example_short_circuit_operator.py
[2022-10-05T00:35:42.719+0000] {processor.py:758} INFO - Processing file /home/airflow/.local/lib/python3.7/site-packages/airflow/example_dags/example_short_circuit_operator.py for tasks to queue
[2022-10-05T00:35:42.722+0000] {logging_mixin.py:117} INFO - [2022-10-05T00:35:42.722+0000] {dagbag.py:525} INFO - Filling up the DagBag from /home/airflow/.local/lib/python3.7/site-packages/airflow/example_dags/example_short_circuit_operator.py
[2022-10-05T00:35:43.549+0000] {processor.py:768} INFO - DAG(s) dict_keys(['example_short_circuit_operator']) retrieved from /home/airflow/.local/lib/python3.7/site-packages/airflow/example_dags/example_short_circuit_operator.py
[2022-10-05T00:35:43.784+0000] {logging_mixin.py:117} INFO - [2022-10-05T00:35:43.784+0000] {dag.py:2573} INFO - Sync 1 DAGs
[2022-10-05T00:35:43.878+0000] {logging_mixin.py:117} INFO - [2022-10-05T00:35:43.877+0000] {dag.py:3328} INFO - Setting next_dagrun for example_short_circuit_operator to 2022-10-04T00:35:43.877583+00:00, run_after=2022-10-05T00:35:43.877583+00:00
[2022-10-05T00:35:44.034+0000] {processor.py:178} INFO - Processing /home/airflow/.local/lib/python3.7/site-packages/airflow/example_dags/example_short_circuit_operator.py took 1.349 seconds
[2022-10-05T00:37:35.828+0000] {processor.py:156} INFO - Started process (PID=94) to work on /home/airflow/.local/lib/python3.7/site-packages/airflow/example_dags/example_short_circuit_operator.py
[2022-10-05T00:37:35.839+0000] {processor.py:758} INFO - Processing file /home/airflow/.local/lib/python3.7/site-packages/airflow/example_dags/example_short_circuit_operator.py for tasks to queue
[2022-10-05T00:37:35.842+0000] {logging_mixin.py:117} INFO - [2022-10-05T00:37:35.841+0000] {dagbag.py:525} INFO - Filling up the DagBag from /home/airflow/.local/lib/python3.7/site-packages/airflow/example_dags/example_short_circuit_operator.py
[2022-10-05T00:37:35.965+0000] {processor.py:768} INFO - DAG(s) dict_keys(['example_short_circuit_operator']) retrieved from /home/airflow/.local/lib/python3.7/site-packages/airflow/example_dags/example_short_circuit_operator.py
[2022-10-05T00:37:37.100+0000] {logging_mixin.py:117} INFO - [2022-10-05T00:37:37.100+0000] {dag.py:2573} INFO - Sync 1 DAGs
[2022-10-05T00:37:37.299+0000] {logging_mixin.py:117} INFO - [2022-10-05T00:37:37.299+0000] {dag.py:3328} INFO - Setting next_dagrun for example_short_circuit_operator to 2022-10-04T00:37:37.299228+00:00, run_after=2022-10-05T00:37:37.299228+00:00
[2022-10-05T00:37:37.603+0000] {processor.py:178} INFO - Processing /home/airflow/.local/lib/python3.7/site-packages/airflow/example_dags/example_short_circuit_operator.py took 1.805 seconds
[2022-10-05T00:39:48.596+0000] {processor.py:156} INFO - Started process (PID=107) to work on /home/airflow/.local/lib/python3.7/site-packages/airflow/example_dags/example_short_circuit_operator.py
[2022-10-05T00:39:48.604+0000] {processor.py:758} INFO - Processing file /home/airflow/.local/lib/python3.7/site-packages/airflow/example_dags/example_short_circuit_operator.py for tasks to queue
[2022-10-05T00:39:48.611+0000] {logging_mixin.py:117} INFO - [2022-10-05T00:39:48.611+0000] {dagbag.py:525} INFO - Filling up the DagBag from /home/airflow/.local/lib/python3.7/site-packages/airflow/example_dags/example_short_circuit_operator.py
[2022-10-05T00:39:48.832+0000] {processor.py:768} INFO - DAG(s) dict_keys(['example_short_circuit_operator']) retrieved from /home/airflow/.local/lib/python3.7/site-packages/airflow/example_dags/example_short_circuit_operator.py
[2022-10-05T00:39:50.616+0000] {logging_mixin.py:117} INFO - [2022-10-05T00:39:50.616+0000] {dag.py:2573} INFO - Sync 1 DAGs
[2022-10-05T00:39:50.861+0000] {logging_mixin.py:117} INFO - [2022-10-05T00:39:50.861+0000] {dag.py:3328} INFO - Setting next_dagrun for example_short_circuit_operator to 2022-10-04T00:39:50.861073+00:00, run_after=2022-10-05T00:39:50.861073+00:00
[2022-10-05T00:39:51.554+0000] {processor.py:178} INFO - Processing /home/airflow/.local/lib/python3.7/site-packages/airflow/example_dags/example_short_circuit_operator.py took 3.004 seconds
[2022-10-05T00:42:09.319+0000] {processor.py:156} INFO - Started process (PID=105) to work on /home/airflow/.local/lib/python3.7/site-packages/airflow/example_dags/example_short_circuit_operator.py
[2022-10-05T00:42:09.328+0000] {processor.py:758} INFO - Processing file /home/airflow/.local/lib/python3.7/site-packages/airflow/example_dags/example_short_circuit_operator.py for tasks to queue
[2022-10-05T00:42:09.335+0000] {logging_mixin.py:117} INFO - [2022-10-05T00:42:09.335+0000] {dagbag.py:525} INFO - Filling up the DagBag from /home/airflow/.local/lib/python3.7/site-packages/airflow/example_dags/example_short_circuit_operator.py
[2022-10-05T00:42:09.541+0000] {processor.py:768} INFO - DAG(s) dict_keys(['example_short_circuit_operator']) retrieved from /home/airflow/.local/lib/python3.7/site-packages/airflow/example_dags/example_short_circuit_operator.py
[2022-10-05T00:42:10.610+0000] {logging_mixin.py:117} INFO - [2022-10-05T00:42:10.610+0000] {dag.py:2573} INFO - Sync 1 DAGs
[2022-10-05T00:42:10.698+0000] {logging_mixin.py:117} INFO - [2022-10-05T00:42:10.698+0000] {dag.py:3328} INFO - Setting next_dagrun for example_short_circuit_operator to 2022-10-04T00:42:10.698378+00:00, run_after=2022-10-05T00:42:10.698378+00:00
[2022-10-05T00:42:10.808+0000] {processor.py:178} INFO - Processing /home/airflow/.local/lib/python3.7/site-packages/airflow/example_dags/example_short_circuit_operator.py took 1.520 seconds
[2022-10-05T00:52:25.764+0000] {processor.py:156} INFO - Started process (PID=103) to work on /home/airflow/.local/lib/python3.7/site-packages/airflow/example_dags/example_short_circuit_operator.py
[2022-10-05T00:52:25.765+0000] {processor.py:758} INFO - Processing file /home/airflow/.local/lib/python3.7/site-packages/airflow/example_dags/example_short_circuit_operator.py for tasks to queue
[2022-10-05T00:52:25.767+0000] {logging_mixin.py:117} INFO - [2022-10-05T00:52:25.766+0000] {dagbag.py:525} INFO - Filling up the DagBag from /home/airflow/.local/lib/python3.7/site-packages/airflow/example_dags/example_short_circuit_operator.py
[2022-10-05T00:52:26.219+0000] {processor.py:768} INFO - DAG(s) dict_keys(['example_short_circuit_operator']) retrieved from /home/airflow/.local/lib/python3.7/site-packages/airflow/example_dags/example_short_circuit_operator.py
[2022-10-05T00:52:26.423+0000] {logging_mixin.py:117} INFO - [2022-10-05T00:52:26.423+0000] {dag.py:2573} INFO - Sync 1 DAGs
[2022-10-05T00:52:26.518+0000] {logging_mixin.py:117} INFO - [2022-10-05T00:52:26.518+0000] {dag.py:3328} INFO - Setting next_dagrun for example_short_circuit_operator to 2022-10-04T00:52:26.517707+00:00, run_after=2022-10-05T00:52:26.517707+00:00
[2022-10-05T00:52:26.604+0000] {processor.py:178} INFO - Processing /home/airflow/.local/lib/python3.7/site-packages/airflow/example_dags/example_short_circuit_operator.py took 0.854 seconds
[2022-10-05T00:54:40.503+0000] {processor.py:156} INFO - Started process (PID=86) to work on /home/airflow/.local/lib/python3.7/site-packages/airflow/example_dags/example_short_circuit_operator.py
[2022-10-05T00:54:40.511+0000] {processor.py:758} INFO - Processing file /home/airflow/.local/lib/python3.7/site-packages/airflow/example_dags/example_short_circuit_operator.py for tasks to queue
[2022-10-05T00:54:40.517+0000] {logging_mixin.py:117} INFO - [2022-10-05T00:54:40.517+0000] {dagbag.py:525} INFO - Filling up the DagBag from /home/airflow/.local/lib/python3.7/site-packages/airflow/example_dags/example_short_circuit_operator.py
[2022-10-05T00:54:41.259+0000] {processor.py:768} INFO - DAG(s) dict_keys(['example_short_circuit_operator']) retrieved from /home/airflow/.local/lib/python3.7/site-packages/airflow/example_dags/example_short_circuit_operator.py
[2022-10-05T00:54:41.674+0000] {logging_mixin.py:117} INFO - [2022-10-05T00:54:41.674+0000] {dag.py:2573} INFO - Sync 1 DAGs
[2022-10-05T00:54:42.245+0000] {logging_mixin.py:117} INFO - [2022-10-05T00:54:42.245+0000] {dag.py:3328} INFO - Setting next_dagrun for example_short_circuit_operator to 2022-10-04T00:54:42.245143+00:00, run_after=2022-10-05T00:54:42.245143+00:00
[2022-10-05T00:54:42.832+0000] {processor.py:178} INFO - Processing /home/airflow/.local/lib/python3.7/site-packages/airflow/example_dags/example_short_circuit_operator.py took 2.398 seconds
[2022-10-05T00:56:50.311+0000] {processor.py:156} INFO - Started process (PID=106) to work on /home/airflow/.local/lib/python3.7/site-packages/airflow/example_dags/example_short_circuit_operator.py
[2022-10-05T00:56:50.316+0000] {processor.py:758} INFO - Processing file /home/airflow/.local/lib/python3.7/site-packages/airflow/example_dags/example_short_circuit_operator.py for tasks to queue
[2022-10-05T00:56:50.322+0000] {logging_mixin.py:117} INFO - [2022-10-05T00:56:50.322+0000] {dagbag.py:525} INFO - Filling up the DagBag from /home/airflow/.local/lib/python3.7/site-packages/airflow/example_dags/example_short_circuit_operator.py
[2022-10-05T00:56:50.574+0000] {processor.py:768} INFO - DAG(s) dict_keys(['example_short_circuit_operator']) retrieved from /home/airflow/.local/lib/python3.7/site-packages/airflow/example_dags/example_short_circuit_operator.py
[2022-10-05T00:56:52.082+0000] {logging_mixin.py:117} INFO - [2022-10-05T00:56:52.082+0000] {dag.py:2573} INFO - Sync 1 DAGs
[2022-10-05T00:56:52.364+0000] {logging_mixin.py:117} INFO - [2022-10-05T00:56:52.363+0000] {dag.py:3328} INFO - Setting next_dagrun for example_short_circuit_operator to 2022-10-04T00:56:52.363591+00:00, run_after=2022-10-05T00:56:52.363591+00:00
[2022-10-05T00:56:58.273+0000] {processor.py:178} INFO - Processing /home/airflow/.local/lib/python3.7/site-packages/airflow/example_dags/example_short_circuit_operator.py took 8.002 seconds
[2022-10-05T00:59:17.159+0000] {processor.py:156} INFO - Started process (PID=105) to work on /home/airflow/.local/lib/python3.7/site-packages/airflow/example_dags/example_short_circuit_operator.py
[2022-10-05T00:59:17.161+0000] {processor.py:758} INFO - Processing file /home/airflow/.local/lib/python3.7/site-packages/airflow/example_dags/example_short_circuit_operator.py for tasks to queue
[2022-10-05T00:59:17.165+0000] {logging_mixin.py:117} INFO - [2022-10-05T00:59:17.164+0000] {dagbag.py:525} INFO - Filling up the DagBag from /home/airflow/.local/lib/python3.7/site-packages/airflow/example_dags/example_short_circuit_operator.py
[2022-10-05T00:59:17.981+0000] {processor.py:768} INFO - DAG(s) dict_keys(['example_short_circuit_operator']) retrieved from /home/airflow/.local/lib/python3.7/site-packages/airflow/example_dags/example_short_circuit_operator.py
[2022-10-05T00:59:18.264+0000] {logging_mixin.py:117} INFO - [2022-10-05T00:59:18.264+0000] {dag.py:2573} INFO - Sync 1 DAGs
[2022-10-05T00:59:18.419+0000] {logging_mixin.py:117} INFO - [2022-10-05T00:59:18.419+0000] {dag.py:3328} INFO - Setting next_dagrun for example_short_circuit_operator to 2022-10-04T00:59:18.418967+00:00, run_after=2022-10-05T00:59:18.418967+00:00
[2022-10-05T00:59:19.358+0000] {processor.py:178} INFO - Processing /home/airflow/.local/lib/python3.7/site-packages/airflow/example_dags/example_short_circuit_operator.py took 2.204 seconds
[2022-10-05T01:01:53.482+0000] {processor.py:156} INFO - Started process (PID=106) to work on /home/airflow/.local/lib/python3.7/site-packages/airflow/example_dags/example_short_circuit_operator.py
[2022-10-05T01:01:53.502+0000] {processor.py:758} INFO - Processing file /home/airflow/.local/lib/python3.7/site-packages/airflow/example_dags/example_short_circuit_operator.py for tasks to queue
[2022-10-05T01:01:53.525+0000] {logging_mixin.py:117} INFO - [2022-10-05T01:01:53.525+0000] {dagbag.py:525} INFO - Filling up the DagBag from /home/airflow/.local/lib/python3.7/site-packages/airflow/example_dags/example_short_circuit_operator.py
[2022-10-05T01:01:55.659+0000] {processor.py:768} INFO - DAG(s) dict_keys(['example_short_circuit_operator']) retrieved from /home/airflow/.local/lib/python3.7/site-packages/airflow/example_dags/example_short_circuit_operator.py
[2022-10-05T01:01:56.111+0000] {logging_mixin.py:117} INFO - [2022-10-05T01:01:56.111+0000] {dag.py:2573} INFO - Sync 1 DAGs
[2022-10-05T01:01:56.463+0000] {logging_mixin.py:117} INFO - [2022-10-05T01:01:56.463+0000] {dag.py:3328} INFO - Setting next_dagrun for example_short_circuit_operator to 2022-10-04T01:01:56.463060+00:00, run_after=2022-10-05T01:01:56.463060+00:00
[2022-10-05T01:02:00.618+0000] {processor.py:178} INFO - Processing /home/airflow/.local/lib/python3.7/site-packages/airflow/example_dags/example_short_circuit_operator.py took 7.461 seconds
[2022-10-05T01:04:53.704+0000] {processor.py:156} INFO - Started process (PID=102) to work on /home/airflow/.local/lib/python3.7/site-packages/airflow/example_dags/example_short_circuit_operator.py
[2022-10-05T01:04:53.718+0000] {processor.py:758} INFO - Processing file /home/airflow/.local/lib/python3.7/site-packages/airflow/example_dags/example_short_circuit_operator.py for tasks to queue
[2022-10-05T01:04:53.720+0000] {logging_mixin.py:117} INFO - [2022-10-05T01:04:53.720+0000] {dagbag.py:525} INFO - Filling up the DagBag from /home/airflow/.local/lib/python3.7/site-packages/airflow/example_dags/example_short_circuit_operator.py
[2022-10-05T01:04:58.620+0000] {processor.py:768} INFO - DAG(s) dict_keys(['example_short_circuit_operator']) retrieved from /home/airflow/.local/lib/python3.7/site-packages/airflow/example_dags/example_short_circuit_operator.py
[2022-10-05T01:07:15.473+0000] {processor.py:156} INFO - Started process (PID=104) to work on /home/airflow/.local/lib/python3.7/site-packages/airflow/example_dags/example_short_circuit_operator.py
[2022-10-05T01:07:15.483+0000] {processor.py:758} INFO - Processing file /home/airflow/.local/lib/python3.7/site-packages/airflow/example_dags/example_short_circuit_operator.py for tasks to queue
[2022-10-05T01:07:15.485+0000] {logging_mixin.py:117} INFO - [2022-10-05T01:07:15.485+0000] {dagbag.py:525} INFO - Filling up the DagBag from /home/airflow/.local/lib/python3.7/site-packages/airflow/example_dags/example_short_circuit_operator.py
[2022-10-05T01:07:16.382+0000] {processor.py:768} INFO - DAG(s) dict_keys(['example_short_circuit_operator']) retrieved from /home/airflow/.local/lib/python3.7/site-packages/airflow/example_dags/example_short_circuit_operator.py
[2022-10-05T01:07:17.846+0000] {logging_mixin.py:117} INFO - [2022-10-05T01:07:17.842+0000] {dag.py:2573} INFO - Sync 1 DAGs
[2022-10-05T01:07:18.019+0000] {logging_mixin.py:117} INFO - [2022-10-05T01:07:18.019+0000] {dag.py:3328} INFO - Setting next_dagrun for example_short_circuit_operator to 2022-10-04T01:07:18.017350+00:00, run_after=2022-10-05T01:07:18.017350+00:00
[2022-10-05T01:07:18.134+0000] {processor.py:178} INFO - Processing /home/airflow/.local/lib/python3.7/site-packages/airflow/example_dags/example_short_circuit_operator.py took 2.668 seconds
[2022-10-05T01:13:52.854+0000] {processor.py:156} INFO - Started process (PID=104) to work on /home/airflow/.local/lib/python3.7/site-packages/airflow/example_dags/example_short_circuit_operator.py
[2022-10-05T01:13:52.861+0000] {processor.py:758} INFO - Processing file /home/airflow/.local/lib/python3.7/site-packages/airflow/example_dags/example_short_circuit_operator.py for tasks to queue
[2022-10-05T01:13:52.867+0000] {logging_mixin.py:117} INFO - [2022-10-05T01:13:52.866+0000] {dagbag.py:525} INFO - Filling up the DagBag from /home/airflow/.local/lib/python3.7/site-packages/airflow/example_dags/example_short_circuit_operator.py
[2022-10-05T01:13:53.001+0000] {processor.py:768} INFO - DAG(s) dict_keys(['example_short_circuit_operator']) retrieved from /home/airflow/.local/lib/python3.7/site-packages/airflow/example_dags/example_short_circuit_operator.py
[2022-10-05T01:13:53.426+0000] {logging_mixin.py:117} INFO - [2022-10-05T01:13:53.425+0000] {dag.py:2573} INFO - Sync 1 DAGs
[2022-10-05T01:13:53.569+0000] {logging_mixin.py:117} INFO - [2022-10-05T01:13:53.569+0000] {dag.py:3328} INFO - Setting next_dagrun for example_short_circuit_operator to 2022-10-04T01:13:53.569199+00:00, run_after=2022-10-05T01:13:53.569199+00:00
[2022-10-05T01:13:53.885+0000] {processor.py:178} INFO - Processing /home/airflow/.local/lib/python3.7/site-packages/airflow/example_dags/example_short_circuit_operator.py took 1.041 seconds
