[2022-10-05T00:00:49.558+0000] {processor.py:156} INFO - Started process (PID=63) to work on /home/airflow/.local/lib/python3.7/site-packages/airflow/example_dags/example_python_operator.py
[2022-10-05T00:00:49.559+0000] {processor.py:758} INFO - Processing file /home/airflow/.local/lib/python3.7/site-packages/airflow/example_dags/example_python_operator.py for tasks to queue
[2022-10-05T00:00:49.570+0000] {logging_mixin.py:117} INFO - [2022-10-05T00:00:49.570+0000] {dagbag.py:525} INFO - Filling up the DagBag from /home/airflow/.local/lib/python3.7/site-packages/airflow/example_dags/example_python_operator.py
[2022-10-05T00:00:50.526+0000] {processor.py:768} INFO - DAG(s) dict_keys(['example_python_operator']) retrieved from /home/airflow/.local/lib/python3.7/site-packages/airflow/example_dags/example_python_operator.py
[2022-10-05T00:00:50.744+0000] {logging_mixin.py:117} INFO - [2022-10-05T00:00:50.744+0000] {dag.py:2573} INFO - Sync 1 DAGs
[2022-10-05T00:00:50.965+0000] {logging_mixin.py:117} INFO - [2022-10-05T00:00:50.965+0000] {dag.py:3328} INFO - Setting next_dagrun for example_python_operator to None, run_after=None
[2022-10-05T00:00:51.147+0000] {processor.py:178} INFO - Processing /home/airflow/.local/lib/python3.7/site-packages/airflow/example_dags/example_python_operator.py took 1.607 seconds
[2022-10-05T00:02:54.278+0000] {processor.py:156} INFO - Started process (PID=72) to work on /home/airflow/.local/lib/python3.7/site-packages/airflow/example_dags/example_python_operator.py
[2022-10-05T00:02:54.282+0000] {processor.py:758} INFO - Processing file /home/airflow/.local/lib/python3.7/site-packages/airflow/example_dags/example_python_operator.py for tasks to queue
[2022-10-05T00:02:54.291+0000] {logging_mixin.py:117} INFO - [2022-10-05T00:02:54.291+0000] {dagbag.py:525} INFO - Filling up the DagBag from /home/airflow/.local/lib/python3.7/site-packages/airflow/example_dags/example_python_operator.py
[2022-10-05T00:02:54.411+0000] {processor.py:768} INFO - DAG(s) dict_keys(['example_python_operator']) retrieved from /home/airflow/.local/lib/python3.7/site-packages/airflow/example_dags/example_python_operator.py
[2022-10-05T00:02:54.831+0000] {logging_mixin.py:117} INFO - [2022-10-05T00:02:54.831+0000] {dag.py:2573} INFO - Sync 1 DAGs
[2022-10-05T00:02:54.906+0000] {logging_mixin.py:117} INFO - [2022-10-05T00:02:54.906+0000] {dag.py:3328} INFO - Setting next_dagrun for example_python_operator to None, run_after=None
[2022-10-05T00:02:55.028+0000] {processor.py:178} INFO - Processing /home/airflow/.local/lib/python3.7/site-packages/airflow/example_dags/example_python_operator.py took 0.757 seconds
[2022-10-05T00:04:52.980+0000] {processor.py:156} INFO - Started process (PID=71) to work on /home/airflow/.local/lib/python3.7/site-packages/airflow/example_dags/example_python_operator.py
[2022-10-05T00:04:52.990+0000] {processor.py:758} INFO - Processing file /home/airflow/.local/lib/python3.7/site-packages/airflow/example_dags/example_python_operator.py for tasks to queue
[2022-10-05T00:04:52.995+0000] {logging_mixin.py:117} INFO - [2022-10-05T00:04:52.994+0000] {dagbag.py:525} INFO - Filling up the DagBag from /home/airflow/.local/lib/python3.7/site-packages/airflow/example_dags/example_python_operator.py
[2022-10-05T00:04:54.032+0000] {processor.py:768} INFO - DAG(s) dict_keys(['example_python_operator']) retrieved from /home/airflow/.local/lib/python3.7/site-packages/airflow/example_dags/example_python_operator.py
[2022-10-05T00:04:54.440+0000] {logging_mixin.py:117} INFO - [2022-10-05T00:04:54.440+0000] {dag.py:2573} INFO - Sync 1 DAGs
[2022-10-05T00:04:54.802+0000] {logging_mixin.py:117} INFO - [2022-10-05T00:04:54.802+0000] {dag.py:3328} INFO - Setting next_dagrun for example_python_operator to None, run_after=None
[2022-10-05T00:04:54.956+0000] {processor.py:178} INFO - Processing /home/airflow/.local/lib/python3.7/site-packages/airflow/example_dags/example_python_operator.py took 2.006 seconds
[2022-10-05T00:07:00.578+0000] {processor.py:156} INFO - Started process (PID=72) to work on /home/airflow/.local/lib/python3.7/site-packages/airflow/example_dags/example_python_operator.py
[2022-10-05T00:07:00.588+0000] {processor.py:758} INFO - Processing file /home/airflow/.local/lib/python3.7/site-packages/airflow/example_dags/example_python_operator.py for tasks to queue
[2022-10-05T00:07:00.594+0000] {logging_mixin.py:117} INFO - [2022-10-05T00:07:00.594+0000] {dagbag.py:525} INFO - Filling up the DagBag from /home/airflow/.local/lib/python3.7/site-packages/airflow/example_dags/example_python_operator.py
[2022-10-05T00:07:01.127+0000] {processor.py:768} INFO - DAG(s) dict_keys(['example_python_operator']) retrieved from /home/airflow/.local/lib/python3.7/site-packages/airflow/example_dags/example_python_operator.py
[2022-10-05T00:07:01.235+0000] {logging_mixin.py:117} INFO - [2022-10-05T00:07:01.235+0000] {dag.py:2573} INFO - Sync 1 DAGs
[2022-10-05T00:07:01.300+0000] {logging_mixin.py:117} INFO - [2022-10-05T00:07:01.300+0000] {dag.py:3328} INFO - Setting next_dagrun for example_python_operator to None, run_after=None
[2022-10-05T00:07:01.401+0000] {processor.py:178} INFO - Processing /home/airflow/.local/lib/python3.7/site-packages/airflow/example_dags/example_python_operator.py took 0.837 seconds
[2022-10-05T00:08:56.718+0000] {processor.py:156} INFO - Started process (PID=72) to work on /home/airflow/.local/lib/python3.7/site-packages/airflow/example_dags/example_python_operator.py
[2022-10-05T00:08:56.719+0000] {processor.py:758} INFO - Processing file /home/airflow/.local/lib/python3.7/site-packages/airflow/example_dags/example_python_operator.py for tasks to queue
[2022-10-05T00:08:56.720+0000] {logging_mixin.py:117} INFO - [2022-10-05T00:08:56.720+0000] {dagbag.py:525} INFO - Filling up the DagBag from /home/airflow/.local/lib/python3.7/site-packages/airflow/example_dags/example_python_operator.py
[2022-10-05T00:08:56.933+0000] {processor.py:768} INFO - DAG(s) dict_keys(['example_python_operator']) retrieved from /home/airflow/.local/lib/python3.7/site-packages/airflow/example_dags/example_python_operator.py
[2022-10-05T00:08:57.061+0000] {logging_mixin.py:117} INFO - [2022-10-05T00:08:57.061+0000] {dag.py:2573} INFO - Sync 1 DAGs
[2022-10-05T00:08:57.096+0000] {logging_mixin.py:117} INFO - [2022-10-05T00:08:57.095+0000] {dag.py:3328} INFO - Setting next_dagrun for example_python_operator to None, run_after=None
[2022-10-05T00:08:57.165+0000] {processor.py:178} INFO - Processing /home/airflow/.local/lib/python3.7/site-packages/airflow/example_dags/example_python_operator.py took 0.452 seconds
[2022-10-05T00:10:57.915+0000] {processor.py:156} INFO - Started process (PID=80) to work on /home/airflow/.local/lib/python3.7/site-packages/airflow/example_dags/example_python_operator.py
[2022-10-05T00:10:57.922+0000] {processor.py:758} INFO - Processing file /home/airflow/.local/lib/python3.7/site-packages/airflow/example_dags/example_python_operator.py for tasks to queue
[2022-10-05T00:10:57.926+0000] {logging_mixin.py:117} INFO - [2022-10-05T00:10:57.925+0000] {dagbag.py:525} INFO - Filling up the DagBag from /home/airflow/.local/lib/python3.7/site-packages/airflow/example_dags/example_python_operator.py
[2022-10-05T00:10:58.721+0000] {processor.py:768} INFO - DAG(s) dict_keys(['example_python_operator']) retrieved from /home/airflow/.local/lib/python3.7/site-packages/airflow/example_dags/example_python_operator.py
[2022-10-05T00:10:58.857+0000] {logging_mixin.py:117} INFO - [2022-10-05T00:10:58.857+0000] {dag.py:2573} INFO - Sync 1 DAGs
[2022-10-05T00:10:58.967+0000] {logging_mixin.py:117} INFO - [2022-10-05T00:10:58.967+0000] {dag.py:3328} INFO - Setting next_dagrun for example_python_operator to None, run_after=None
[2022-10-05T00:10:59.231+0000] {processor.py:178} INFO - Processing /home/airflow/.local/lib/python3.7/site-packages/airflow/example_dags/example_python_operator.py took 1.330 seconds
[2022-10-05T00:13:21.711+0000] {processor.py:156} INFO - Started process (PID=80) to work on /home/airflow/.local/lib/python3.7/site-packages/airflow/example_dags/example_python_operator.py
[2022-10-05T00:13:21.745+0000] {processor.py:758} INFO - Processing file /home/airflow/.local/lib/python3.7/site-packages/airflow/example_dags/example_python_operator.py for tasks to queue
[2022-10-05T00:13:21.747+0000] {logging_mixin.py:117} INFO - [2022-10-05T00:13:21.747+0000] {dagbag.py:525} INFO - Filling up the DagBag from /home/airflow/.local/lib/python3.7/site-packages/airflow/example_dags/example_python_operator.py
[2022-10-05T00:13:23.122+0000] {processor.py:768} INFO - DAG(s) dict_keys(['example_python_operator']) retrieved from /home/airflow/.local/lib/python3.7/site-packages/airflow/example_dags/example_python_operator.py
[2022-10-05T00:13:23.410+0000] {logging_mixin.py:117} INFO - [2022-10-05T00:13:23.410+0000] {dag.py:2573} INFO - Sync 1 DAGs
[2022-10-05T00:13:23.580+0000] {logging_mixin.py:117} INFO - [2022-10-05T00:13:23.580+0000] {dag.py:3328} INFO - Setting next_dagrun for example_python_operator to None, run_after=None
[2022-10-05T00:13:23.660+0000] {processor.py:178} INFO - Processing /home/airflow/.local/lib/python3.7/site-packages/airflow/example_dags/example_python_operator.py took 1.955 seconds
[2022-10-05T00:15:51.833+0000] {processor.py:156} INFO - Started process (PID=81) to work on /home/airflow/.local/lib/python3.7/site-packages/airflow/example_dags/example_python_operator.py
[2022-10-05T00:15:51.837+0000] {processor.py:758} INFO - Processing file /home/airflow/.local/lib/python3.7/site-packages/airflow/example_dags/example_python_operator.py for tasks to queue
[2022-10-05T00:15:51.838+0000] {logging_mixin.py:117} INFO - [2022-10-05T00:15:51.838+0000] {dagbag.py:525} INFO - Filling up the DagBag from /home/airflow/.local/lib/python3.7/site-packages/airflow/example_dags/example_python_operator.py
[2022-10-05T00:15:53.163+0000] {processor.py:768} INFO - DAG(s) dict_keys(['example_python_operator']) retrieved from /home/airflow/.local/lib/python3.7/site-packages/airflow/example_dags/example_python_operator.py
[2022-10-05T00:15:53.432+0000] {logging_mixin.py:117} INFO - [2022-10-05T00:15:53.432+0000] {dag.py:2573} INFO - Sync 1 DAGs
[2022-10-05T00:15:53.649+0000] {logging_mixin.py:117} INFO - [2022-10-05T00:15:53.649+0000] {dag.py:3328} INFO - Setting next_dagrun for example_python_operator to None, run_after=None
[2022-10-05T00:15:53.879+0000] {processor.py:178} INFO - Processing /home/airflow/.local/lib/python3.7/site-packages/airflow/example_dags/example_python_operator.py took 2.070 seconds
[2022-10-05T00:17:29.750+0000] {processor.py:156} INFO - Started process (PID=72) to work on /home/airflow/.local/lib/python3.7/site-packages/airflow/example_dags/example_python_operator.py
[2022-10-05T00:17:29.754+0000] {processor.py:758} INFO - Processing file /home/airflow/.local/lib/python3.7/site-packages/airflow/example_dags/example_python_operator.py for tasks to queue
[2022-10-05T00:17:29.757+0000] {logging_mixin.py:117} INFO - [2022-10-05T00:17:29.757+0000] {dagbag.py:525} INFO - Filling up the DagBag from /home/airflow/.local/lib/python3.7/site-packages/airflow/example_dags/example_python_operator.py
[2022-10-05T00:17:30.044+0000] {processor.py:768} INFO - DAG(s) dict_keys(['example_python_operator']) retrieved from /home/airflow/.local/lib/python3.7/site-packages/airflow/example_dags/example_python_operator.py
[2022-10-05T00:17:41.254+0000] {logging_mixin.py:117} INFO - [2022-10-05T00:17:41.231+0000] {dag.py:2573} INFO - Sync 1 DAGs
[2022-10-05T00:17:41.702+0000] {logging_mixin.py:117} INFO - [2022-10-05T00:17:41.702+0000] {dag.py:3328} INFO - Setting next_dagrun for example_python_operator to None, run_after=None
[2022-10-05T00:17:43.983+0000] {processor.py:178} INFO - Processing /home/airflow/.local/lib/python3.7/site-packages/airflow/example_dags/example_python_operator.py took 14.244 seconds
[2022-10-05T00:19:44.596+0000] {processor.py:156} INFO - Started process (PID=80) to work on /home/airflow/.local/lib/python3.7/site-packages/airflow/example_dags/example_python_operator.py
[2022-10-05T00:19:44.599+0000] {processor.py:758} INFO - Processing file /home/airflow/.local/lib/python3.7/site-packages/airflow/example_dags/example_python_operator.py for tasks to queue
[2022-10-05T00:19:44.609+0000] {logging_mixin.py:117} INFO - [2022-10-05T00:19:44.609+0000] {dagbag.py:525} INFO - Filling up the DagBag from /home/airflow/.local/lib/python3.7/site-packages/airflow/example_dags/example_python_operator.py
[2022-10-05T00:19:45.837+0000] {processor.py:768} INFO - DAG(s) dict_keys(['example_python_operator']) retrieved from /home/airflow/.local/lib/python3.7/site-packages/airflow/example_dags/example_python_operator.py
[2022-10-05T00:19:46.012+0000] {logging_mixin.py:117} INFO - [2022-10-05T00:19:46.012+0000] {dag.py:2573} INFO - Sync 1 DAGs
[2022-10-05T00:19:46.154+0000] {logging_mixin.py:117} INFO - [2022-10-05T00:19:46.154+0000] {dag.py:3328} INFO - Setting next_dagrun for example_python_operator to None, run_after=None
[2022-10-05T00:19:46.351+0000] {processor.py:178} INFO - Processing /home/airflow/.local/lib/python3.7/site-packages/airflow/example_dags/example_python_operator.py took 1.792 seconds
[2022-10-05T00:21:40.259+0000] {processor.py:156} INFO - Started process (PID=81) to work on /home/airflow/.local/lib/python3.7/site-packages/airflow/example_dags/example_python_operator.py
[2022-10-05T00:21:40.273+0000] {processor.py:758} INFO - Processing file /home/airflow/.local/lib/python3.7/site-packages/airflow/example_dags/example_python_operator.py for tasks to queue
[2022-10-05T00:21:40.274+0000] {logging_mixin.py:117} INFO - [2022-10-05T00:21:40.274+0000] {dagbag.py:525} INFO - Filling up the DagBag from /home/airflow/.local/lib/python3.7/site-packages/airflow/example_dags/example_python_operator.py
[2022-10-05T00:21:40.839+0000] {processor.py:768} INFO - DAG(s) dict_keys(['example_python_operator']) retrieved from /home/airflow/.local/lib/python3.7/site-packages/airflow/example_dags/example_python_operator.py
[2022-10-05T00:21:40.931+0000] {logging_mixin.py:117} INFO - [2022-10-05T00:21:40.931+0000] {dag.py:2573} INFO - Sync 1 DAGs
[2022-10-05T00:21:41.020+0000] {logging_mixin.py:117} INFO - [2022-10-05T00:21:41.020+0000] {dag.py:3328} INFO - Setting next_dagrun for example_python_operator to None, run_after=None
[2022-10-05T00:21:41.135+0000] {processor.py:178} INFO - Processing /home/airflow/.local/lib/python3.7/site-packages/airflow/example_dags/example_python_operator.py took 0.880 seconds
[2022-10-05T00:23:45.048+0000] {processor.py:156} INFO - Started process (PID=82) to work on /home/airflow/.local/lib/python3.7/site-packages/airflow/example_dags/example_python_operator.py
[2022-10-05T00:23:45.054+0000] {processor.py:758} INFO - Processing file /home/airflow/.local/lib/python3.7/site-packages/airflow/example_dags/example_python_operator.py for tasks to queue
[2022-10-05T00:23:45.058+0000] {logging_mixin.py:117} INFO - [2022-10-05T00:23:45.058+0000] {dagbag.py:525} INFO - Filling up the DagBag from /home/airflow/.local/lib/python3.7/site-packages/airflow/example_dags/example_python_operator.py
[2022-10-05T00:23:46.394+0000] {processor.py:768} INFO - DAG(s) dict_keys(['example_python_operator']) retrieved from /home/airflow/.local/lib/python3.7/site-packages/airflow/example_dags/example_python_operator.py
[2022-10-05T00:23:46.680+0000] {logging_mixin.py:117} INFO - [2022-10-05T00:23:46.680+0000] {dag.py:2573} INFO - Sync 1 DAGs
[2022-10-05T00:23:46.967+0000] {logging_mixin.py:117} INFO - [2022-10-05T00:23:46.966+0000] {dag.py:3328} INFO - Setting next_dagrun for example_python_operator to None, run_after=None
[2022-10-05T00:23:47.174+0000] {processor.py:178} INFO - Processing /home/airflow/.local/lib/python3.7/site-packages/airflow/example_dags/example_python_operator.py took 2.131 seconds
[2022-10-05T00:25:19.672+0000] {processor.py:156} INFO - Started process (PID=70) to work on /home/airflow/.local/lib/python3.7/site-packages/airflow/example_dags/example_python_operator.py
[2022-10-05T00:25:19.685+0000] {processor.py:758} INFO - Processing file /home/airflow/.local/lib/python3.7/site-packages/airflow/example_dags/example_python_operator.py for tasks to queue
[2022-10-05T00:25:19.686+0000] {logging_mixin.py:117} INFO - [2022-10-05T00:25:19.686+0000] {dagbag.py:525} INFO - Filling up the DagBag from /home/airflow/.local/lib/python3.7/site-packages/airflow/example_dags/example_python_operator.py
[2022-10-05T00:25:20.019+0000] {processor.py:768} INFO - DAG(s) dict_keys(['example_python_operator']) retrieved from /home/airflow/.local/lib/python3.7/site-packages/airflow/example_dags/example_python_operator.py
[2022-10-05T00:25:26.068+0000] {logging_mixin.py:117} INFO - [2022-10-05T00:25:26.067+0000] {dag.py:2573} INFO - Sync 1 DAGs
[2022-10-05T00:25:26.355+0000] {logging_mixin.py:117} INFO - [2022-10-05T00:25:26.347+0000] {dag.py:3328} INFO - Setting next_dagrun for example_python_operator to None, run_after=None
[2022-10-05T00:25:28.047+0000] {processor.py:178} INFO - Processing /home/airflow/.local/lib/python3.7/site-packages/airflow/example_dags/example_python_operator.py took 8.415 seconds
[2022-10-05T00:28:34.067+0000] {processor.py:156} INFO - Started process (PID=86) to work on /home/airflow/.local/lib/python3.7/site-packages/airflow/example_dags/example_python_operator.py
[2022-10-05T00:28:34.083+0000] {processor.py:758} INFO - Processing file /home/airflow/.local/lib/python3.7/site-packages/airflow/example_dags/example_python_operator.py for tasks to queue
[2022-10-05T00:28:34.088+0000] {logging_mixin.py:117} INFO - [2022-10-05T00:28:34.088+0000] {dagbag.py:525} INFO - Filling up the DagBag from /home/airflow/.local/lib/python3.7/site-packages/airflow/example_dags/example_python_operator.py
[2022-10-05T00:28:36.972+0000] {processor.py:768} INFO - DAG(s) dict_keys(['example_python_operator']) retrieved from /home/airflow/.local/lib/python3.7/site-packages/airflow/example_dags/example_python_operator.py
[2022-10-05T00:28:37.579+0000] {logging_mixin.py:117} INFO - [2022-10-05T00:28:37.579+0000] {dag.py:2573} INFO - Sync 1 DAGs
[2022-10-05T00:28:37.998+0000] {logging_mixin.py:117} INFO - [2022-10-05T00:28:37.998+0000] {dag.py:3328} INFO - Setting next_dagrun for example_python_operator to None, run_after=None
[2022-10-05T00:28:38.343+0000] {processor.py:178} INFO - Processing /home/airflow/.local/lib/python3.7/site-packages/airflow/example_dags/example_python_operator.py took 4.316 seconds
[2022-10-05T00:30:33.772+0000] {processor.py:156} INFO - Started process (PID=74) to work on /home/airflow/.local/lib/python3.7/site-packages/airflow/example_dags/example_python_operator.py
[2022-10-05T00:30:33.773+0000] {processor.py:758} INFO - Processing file /home/airflow/.local/lib/python3.7/site-packages/airflow/example_dags/example_python_operator.py for tasks to queue
[2022-10-05T00:30:33.774+0000] {logging_mixin.py:117} INFO - [2022-10-05T00:30:33.774+0000] {dagbag.py:525} INFO - Filling up the DagBag from /home/airflow/.local/lib/python3.7/site-packages/airflow/example_dags/example_python_operator.py
[2022-10-05T00:30:33.826+0000] {processor.py:768} INFO - DAG(s) dict_keys(['example_python_operator']) retrieved from /home/airflow/.local/lib/python3.7/site-packages/airflow/example_dags/example_python_operator.py
[2022-10-05T00:30:35.746+0000] {logging_mixin.py:117} INFO - [2022-10-05T00:30:35.745+0000] {dag.py:2573} INFO - Sync 1 DAGs
[2022-10-05T00:30:35.884+0000] {logging_mixin.py:117} INFO - [2022-10-05T00:30:35.883+0000] {dag.py:3328} INFO - Setting next_dagrun for example_python_operator to None, run_after=None
[2022-10-05T00:30:37.200+0000] {processor.py:178} INFO - Processing /home/airflow/.local/lib/python3.7/site-packages/airflow/example_dags/example_python_operator.py took 3.432 seconds
[2022-10-05T00:33:19.511+0000] {processor.py:156} INFO - Started process (PID=74) to work on /home/airflow/.local/lib/python3.7/site-packages/airflow/example_dags/example_python_operator.py
[2022-10-05T00:33:19.525+0000] {processor.py:758} INFO - Processing file /home/airflow/.local/lib/python3.7/site-packages/airflow/example_dags/example_python_operator.py for tasks to queue
[2022-10-05T00:33:19.526+0000] {logging_mixin.py:117} INFO - [2022-10-05T00:33:19.526+0000] {dagbag.py:525} INFO - Filling up the DagBag from /home/airflow/.local/lib/python3.7/site-packages/airflow/example_dags/example_python_operator.py
[2022-10-05T00:33:20.871+0000] {processor.py:768} INFO - DAG(s) dict_keys(['example_python_operator']) retrieved from /home/airflow/.local/lib/python3.7/site-packages/airflow/example_dags/example_python_operator.py
[2022-10-05T00:33:21.115+0000] {logging_mixin.py:117} INFO - [2022-10-05T00:33:21.115+0000] {dag.py:2573} INFO - Sync 1 DAGs
[2022-10-05T00:33:21.254+0000] {logging_mixin.py:117} INFO - [2022-10-05T00:33:21.254+0000] {dag.py:3328} INFO - Setting next_dagrun for example_python_operator to None, run_after=None
[2022-10-05T00:33:21.387+0000] {processor.py:178} INFO - Processing /home/airflow/.local/lib/python3.7/site-packages/airflow/example_dags/example_python_operator.py took 1.889 seconds
[2022-10-05T00:35:11.454+0000] {processor.py:156} INFO - Started process (PID=78) to work on /home/airflow/.local/lib/python3.7/site-packages/airflow/example_dags/example_python_operator.py
[2022-10-05T00:35:11.465+0000] {processor.py:758} INFO - Processing file /home/airflow/.local/lib/python3.7/site-packages/airflow/example_dags/example_python_operator.py for tasks to queue
[2022-10-05T00:35:11.476+0000] {logging_mixin.py:117} INFO - [2022-10-05T00:35:11.476+0000] {dagbag.py:525} INFO - Filling up the DagBag from /home/airflow/.local/lib/python3.7/site-packages/airflow/example_dags/example_python_operator.py
[2022-10-05T00:35:16.271+0000] {processor.py:768} INFO - DAG(s) dict_keys(['example_python_operator']) retrieved from /home/airflow/.local/lib/python3.7/site-packages/airflow/example_dags/example_python_operator.py
[2022-10-05T00:35:22.415+0000] {logging_mixin.py:117} INFO - [2022-10-05T00:35:22.414+0000] {dag.py:2573} INFO - Sync 1 DAGs
[2022-10-05T00:35:22.739+0000] {logging_mixin.py:117} INFO - [2022-10-05T00:35:22.738+0000] {dag.py:3328} INFO - Setting next_dagrun for example_python_operator to None, run_after=None
[2022-10-05T00:35:22.997+0000] {processor.py:178} INFO - Processing /home/airflow/.local/lib/python3.7/site-packages/airflow/example_dags/example_python_operator.py took 11.593 seconds
[2022-10-05T00:37:07.455+0000] {processor.py:156} INFO - Started process (PID=72) to work on /home/airflow/.local/lib/python3.7/site-packages/airflow/example_dags/example_python_operator.py
[2022-10-05T00:37:07.465+0000] {processor.py:758} INFO - Processing file /home/airflow/.local/lib/python3.7/site-packages/airflow/example_dags/example_python_operator.py for tasks to queue
[2022-10-05T00:37:07.470+0000] {logging_mixin.py:117} INFO - [2022-10-05T00:37:07.470+0000] {dagbag.py:525} INFO - Filling up the DagBag from /home/airflow/.local/lib/python3.7/site-packages/airflow/example_dags/example_python_operator.py
[2022-10-05T00:37:07.866+0000] {processor.py:768} INFO - DAG(s) dict_keys(['example_python_operator']) retrieved from /home/airflow/.local/lib/python3.7/site-packages/airflow/example_dags/example_python_operator.py
[2022-10-05T00:37:15.138+0000] {logging_mixin.py:117} INFO - [2022-10-05T00:37:15.137+0000] {dag.py:2573} INFO - Sync 1 DAGs
[2022-10-05T00:37:16.271+0000] {logging_mixin.py:117} INFO - [2022-10-05T00:37:16.271+0000] {dag.py:3328} INFO - Setting next_dagrun for example_python_operator to None, run_after=None
[2022-10-05T00:37:17.797+0000] {processor.py:178} INFO - Processing /home/airflow/.local/lib/python3.7/site-packages/airflow/example_dags/example_python_operator.py took 10.361 seconds
[2022-10-05T00:39:03.230+0000] {processor.py:156} INFO - Started process (PID=64) to work on /home/airflow/.local/lib/python3.7/site-packages/airflow/example_dags/example_python_operator.py
[2022-10-05T00:39:03.231+0000] {processor.py:758} INFO - Processing file /home/airflow/.local/lib/python3.7/site-packages/airflow/example_dags/example_python_operator.py for tasks to queue
[2022-10-05T00:39:03.235+0000] {logging_mixin.py:117} INFO - [2022-10-05T00:39:03.234+0000] {dagbag.py:525} INFO - Filling up the DagBag from /home/airflow/.local/lib/python3.7/site-packages/airflow/example_dags/example_python_operator.py
[2022-10-05T00:39:03.668+0000] {processor.py:768} INFO - DAG(s) dict_keys(['example_python_operator']) retrieved from /home/airflow/.local/lib/python3.7/site-packages/airflow/example_dags/example_python_operator.py
[2022-10-05T00:39:09.343+0000] {logging_mixin.py:117} INFO - [2022-10-05T00:39:09.342+0000] {dag.py:2573} INFO - Sync 1 DAGs
[2022-10-05T00:39:09.568+0000] {logging_mixin.py:117} INFO - [2022-10-05T00:39:09.567+0000] {dag.py:3328} INFO - Setting next_dagrun for example_python_operator to None, run_after=None
[2022-10-05T00:39:12.682+0000] {processor.py:178} INFO - Processing /home/airflow/.local/lib/python3.7/site-packages/airflow/example_dags/example_python_operator.py took 9.466 seconds
[2022-10-05T00:41:33.348+0000] {processor.py:156} INFO - Started process (PID=73) to work on /home/airflow/.local/lib/python3.7/site-packages/airflow/example_dags/example_python_operator.py
[2022-10-05T00:41:33.385+0000] {processor.py:758} INFO - Processing file /home/airflow/.local/lib/python3.7/site-packages/airflow/example_dags/example_python_operator.py for tasks to queue
[2022-10-05T00:41:33.402+0000] {logging_mixin.py:117} INFO - [2022-10-05T00:41:33.396+0000] {dagbag.py:525} INFO - Filling up the DagBag from /home/airflow/.local/lib/python3.7/site-packages/airflow/example_dags/example_python_operator.py
[2022-10-05T00:41:36.363+0000] {processor.py:768} INFO - DAG(s) dict_keys(['example_python_operator']) retrieved from /home/airflow/.local/lib/python3.7/site-packages/airflow/example_dags/example_python_operator.py
[2022-10-05T00:41:50.178+0000] {logging_mixin.py:117} INFO - [2022-10-05T00:41:50.173+0000] {dag.py:2573} INFO - Sync 1 DAGs
[2022-10-05T00:41:50.558+0000] {logging_mixin.py:117} INFO - [2022-10-05T00:41:50.558+0000] {dag.py:3328} INFO - Setting next_dagrun for example_python_operator to None, run_after=None
[2022-10-05T00:41:51.179+0000] {processor.py:178} INFO - Processing /home/airflow/.local/lib/python3.7/site-packages/airflow/example_dags/example_python_operator.py took 17.858 seconds
[2022-10-05T00:44:00.268+0000] {processor.py:156} INFO - Started process (PID=83) to work on /home/airflow/.local/lib/python3.7/site-packages/airflow/example_dags/example_python_operator.py
[2022-10-05T00:44:00.293+0000] {processor.py:758} INFO - Processing file /home/airflow/.local/lib/python3.7/site-packages/airflow/example_dags/example_python_operator.py for tasks to queue
[2022-10-05T00:44:00.296+0000] {logging_mixin.py:117} INFO - [2022-10-05T00:44:00.295+0000] {dagbag.py:525} INFO - Filling up the DagBag from /home/airflow/.local/lib/python3.7/site-packages/airflow/example_dags/example_python_operator.py
[2022-10-05T00:44:01.725+0000] {processor.py:768} INFO - DAG(s) dict_keys(['example_python_operator']) retrieved from /home/airflow/.local/lib/python3.7/site-packages/airflow/example_dags/example_python_operator.py
[2022-10-05T00:44:02.079+0000] {logging_mixin.py:117} INFO - [2022-10-05T00:44:02.079+0000] {dag.py:2573} INFO - Sync 1 DAGs
[2022-10-05T00:44:02.335+0000] {logging_mixin.py:117} INFO - [2022-10-05T00:44:02.335+0000] {dag.py:3328} INFO - Setting next_dagrun for example_python_operator to None, run_after=None
[2022-10-05T00:44:02.499+0000] {processor.py:178} INFO - Processing /home/airflow/.local/lib/python3.7/site-packages/airflow/example_dags/example_python_operator.py took 2.289 seconds
[2022-10-05T00:47:13.397+0000] {processor.py:156} INFO - Started process (PID=98) to work on /home/airflow/.local/lib/python3.7/site-packages/airflow/example_dags/example_python_operator.py
[2022-10-05T00:47:13.404+0000] {processor.py:758} INFO - Processing file /home/airflow/.local/lib/python3.7/site-packages/airflow/example_dags/example_python_operator.py for tasks to queue
[2022-10-05T00:47:13.415+0000] {logging_mixin.py:117} INFO - [2022-10-05T00:47:13.414+0000] {dagbag.py:525} INFO - Filling up the DagBag from /home/airflow/.local/lib/python3.7/site-packages/airflow/example_dags/example_python_operator.py
[2022-10-05T00:47:16.347+0000] {processor.py:768} INFO - DAG(s) dict_keys(['example_python_operator']) retrieved from /home/airflow/.local/lib/python3.7/site-packages/airflow/example_dags/example_python_operator.py
[2022-10-05T00:47:16.894+0000] {logging_mixin.py:117} INFO - [2022-10-05T00:47:16.893+0000] {dag.py:2573} INFO - Sync 1 DAGs
[2022-10-05T00:47:17.259+0000] {logging_mixin.py:117} INFO - [2022-10-05T00:47:17.259+0000] {dag.py:3328} INFO - Setting next_dagrun for example_python_operator to None, run_after=None
[2022-10-05T00:47:18.367+0000] {processor.py:178} INFO - Processing /home/airflow/.local/lib/python3.7/site-packages/airflow/example_dags/example_python_operator.py took 5.025 seconds
[2022-10-05T00:49:46.552+0000] {processor.py:156} INFO - Started process (PID=90) to work on /home/airflow/.local/lib/python3.7/site-packages/airflow/example_dags/example_python_operator.py
[2022-10-05T00:49:46.555+0000] {processor.py:758} INFO - Processing file /home/airflow/.local/lib/python3.7/site-packages/airflow/example_dags/example_python_operator.py for tasks to queue
[2022-10-05T00:49:46.566+0000] {logging_mixin.py:117} INFO - [2022-10-05T00:49:46.566+0000] {dagbag.py:525} INFO - Filling up the DagBag from /home/airflow/.local/lib/python3.7/site-packages/airflow/example_dags/example_python_operator.py
[2022-10-05T00:49:47.936+0000] {processor.py:768} INFO - DAG(s) dict_keys(['example_python_operator']) retrieved from /home/airflow/.local/lib/python3.7/site-packages/airflow/example_dags/example_python_operator.py
[2022-10-05T00:49:48.175+0000] {logging_mixin.py:117} INFO - [2022-10-05T00:49:48.175+0000] {dag.py:2573} INFO - Sync 1 DAGs
[2022-10-05T00:49:48.370+0000] {logging_mixin.py:117} INFO - [2022-10-05T00:49:48.369+0000] {dag.py:3328} INFO - Setting next_dagrun for example_python_operator to None, run_after=None
[2022-10-05T00:49:48.727+0000] {processor.py:178} INFO - Processing /home/airflow/.local/lib/python3.7/site-packages/airflow/example_dags/example_python_operator.py took 2.189 seconds
[2022-10-05T00:52:08.863+0000] {processor.py:156} INFO - Started process (PID=80) to work on /home/airflow/.local/lib/python3.7/site-packages/airflow/example_dags/example_python_operator.py
[2022-10-05T00:52:08.869+0000] {processor.py:758} INFO - Processing file /home/airflow/.local/lib/python3.7/site-packages/airflow/example_dags/example_python_operator.py for tasks to queue
[2022-10-05T00:52:08.870+0000] {logging_mixin.py:117} INFO - [2022-10-05T00:52:08.870+0000] {dagbag.py:525} INFO - Filling up the DagBag from /home/airflow/.local/lib/python3.7/site-packages/airflow/example_dags/example_python_operator.py
[2022-10-05T00:52:10.022+0000] {processor.py:768} INFO - DAG(s) dict_keys(['example_python_operator']) retrieved from /home/airflow/.local/lib/python3.7/site-packages/airflow/example_dags/example_python_operator.py
[2022-10-05T00:52:10.609+0000] {logging_mixin.py:117} INFO - [2022-10-05T00:52:10.609+0000] {dag.py:2573} INFO - Sync 1 DAGs
[2022-10-05T00:52:10.817+0000] {logging_mixin.py:117} INFO - [2022-10-05T00:52:10.817+0000] {dag.py:3328} INFO - Setting next_dagrun for example_python_operator to None, run_after=None
[2022-10-05T00:52:11.293+0000] {processor.py:178} INFO - Processing /home/airflow/.local/lib/python3.7/site-packages/airflow/example_dags/example_python_operator.py took 2.446 seconds
[2022-10-05T00:54:32.128+0000] {processor.py:156} INFO - Started process (PID=65) to work on /home/airflow/.local/lib/python3.7/site-packages/airflow/example_dags/example_python_operator.py
[2022-10-05T00:54:32.141+0000] {processor.py:758} INFO - Processing file /home/airflow/.local/lib/python3.7/site-packages/airflow/example_dags/example_python_operator.py for tasks to queue
[2022-10-05T00:54:32.147+0000] {logging_mixin.py:117} INFO - [2022-10-05T00:54:32.146+0000] {dagbag.py:525} INFO - Filling up the DagBag from /home/airflow/.local/lib/python3.7/site-packages/airflow/example_dags/example_python_operator.py
[2022-10-05T00:54:32.572+0000] {processor.py:768} INFO - DAG(s) dict_keys(['example_python_operator']) retrieved from /home/airflow/.local/lib/python3.7/site-packages/airflow/example_dags/example_python_operator.py
[2022-10-05T00:54:32.622+0000] {logging_mixin.py:117} INFO - [2022-10-05T00:54:32.621+0000] {dag.py:2573} INFO - Sync 1 DAGs
[2022-10-05T00:54:32.668+0000] {logging_mixin.py:117} INFO - [2022-10-05T00:54:32.667+0000] {dag.py:3328} INFO - Setting next_dagrun for example_python_operator to None, run_after=None
[2022-10-05T00:54:33.142+0000] {processor.py:178} INFO - Processing /home/airflow/.local/lib/python3.7/site-packages/airflow/example_dags/example_python_operator.py took 1.021 seconds
[2022-10-05T00:56:35.817+0000] {processor.py:156} INFO - Started process (PID=83) to work on /home/airflow/.local/lib/python3.7/site-packages/airflow/example_dags/example_python_operator.py
[2022-10-05T00:56:35.824+0000] {processor.py:758} INFO - Processing file /home/airflow/.local/lib/python3.7/site-packages/airflow/example_dags/example_python_operator.py for tasks to queue
[2022-10-05T00:56:35.828+0000] {logging_mixin.py:117} INFO - [2022-10-05T00:56:35.828+0000] {dagbag.py:525} INFO - Filling up the DagBag from /home/airflow/.local/lib/python3.7/site-packages/airflow/example_dags/example_python_operator.py
[2022-10-05T00:56:36.419+0000] {processor.py:768} INFO - DAG(s) dict_keys(['example_python_operator']) retrieved from /home/airflow/.local/lib/python3.7/site-packages/airflow/example_dags/example_python_operator.py
[2022-10-05T00:56:36.522+0000] {logging_mixin.py:117} INFO - [2022-10-05T00:56:36.522+0000] {dag.py:2573} INFO - Sync 1 DAGs
[2022-10-05T00:56:36.572+0000] {logging_mixin.py:117} INFO - [2022-10-05T00:56:36.572+0000] {dag.py:3328} INFO - Setting next_dagrun for example_python_operator to None, run_after=None
[2022-10-05T00:56:36.649+0000] {processor.py:178} INFO - Processing /home/airflow/.local/lib/python3.7/site-packages/airflow/example_dags/example_python_operator.py took 0.850 seconds
