[2022-10-05T00:01:03.623+0000] {processor.py:156} INFO - Started process (PID=84) to work on /home/airflow/.local/lib/python3.7/site-packages/airflow/example_dags/example_short_circuit_decorator.py
[2022-10-05T00:01:03.625+0000] {processor.py:758} INFO - Processing file /home/airflow/.local/lib/python3.7/site-packages/airflow/example_dags/example_short_circuit_decorator.py for tasks to queue
[2022-10-05T00:01:03.631+0000] {logging_mixin.py:117} INFO - [2022-10-05T00:01:03.630+0000] {dagbag.py:525} INFO - Filling up the DagBag from /home/airflow/.local/lib/python3.7/site-packages/airflow/example_dags/example_short_circuit_decorator.py
[2022-10-05T00:01:04.572+0000] {processor.py:768} INFO - DAG(s) dict_keys(['example_short_circuit_decorator']) retrieved from /home/airflow/.local/lib/python3.7/site-packages/airflow/example_dags/example_short_circuit_decorator.py
[2022-10-05T00:01:04.787+0000] {logging_mixin.py:117} INFO - [2022-10-05T00:01:04.787+0000] {dag.py:2573} INFO - Sync 1 DAGs
[2022-10-05T00:01:04.926+0000] {logging_mixin.py:117} INFO - [2022-10-05T00:01:04.926+0000] {dag.py:3328} INFO - Setting next_dagrun for example_short_circuit_decorator to 2022-10-04T00:01:04.926298+00:00, run_after=2022-10-05T00:01:04.926298+00:00
[2022-10-05T00:01:05.155+0000] {processor.py:178} INFO - Processing /home/airflow/.local/lib/python3.7/site-packages/airflow/example_dags/example_short_circuit_decorator.py took 1.545 seconds
[2022-10-05T00:03:14.150+0000] {processor.py:156} INFO - Started process (PID=84) to work on /home/airflow/.local/lib/python3.7/site-packages/airflow/example_dags/example_short_circuit_decorator.py
[2022-10-05T00:03:14.151+0000] {processor.py:758} INFO - Processing file /home/airflow/.local/lib/python3.7/site-packages/airflow/example_dags/example_short_circuit_decorator.py for tasks to queue
[2022-10-05T00:03:14.160+0000] {logging_mixin.py:117} INFO - [2022-10-05T00:03:14.160+0000] {dagbag.py:525} INFO - Filling up the DagBag from /home/airflow/.local/lib/python3.7/site-packages/airflow/example_dags/example_short_circuit_decorator.py
[2022-10-05T00:03:15.010+0000] {processor.py:768} INFO - DAG(s) dict_keys(['example_short_circuit_decorator']) retrieved from /home/airflow/.local/lib/python3.7/site-packages/airflow/example_dags/example_short_circuit_decorator.py
[2022-10-05T00:03:15.184+0000] {logging_mixin.py:117} INFO - [2022-10-05T00:03:15.184+0000] {dag.py:2573} INFO - Sync 1 DAGs
[2022-10-05T00:03:15.269+0000] {logging_mixin.py:117} INFO - [2022-10-05T00:03:15.269+0000] {dag.py:3328} INFO - Setting next_dagrun for example_short_circuit_decorator to 2022-10-04T00:03:15.269049+00:00, run_after=2022-10-05T00:03:15.269049+00:00
[2022-10-05T00:03:29.120+0000] {processor.py:178} INFO - Processing /home/airflow/.local/lib/python3.7/site-packages/airflow/example_dags/example_short_circuit_decorator.py took 14.988 seconds
[2022-10-05T00:05:06.388+0000] {processor.py:156} INFO - Started process (PID=83) to work on /home/airflow/.local/lib/python3.7/site-packages/airflow/example_dags/example_short_circuit_decorator.py
[2022-10-05T00:05:06.398+0000] {processor.py:758} INFO - Processing file /home/airflow/.local/lib/python3.7/site-packages/airflow/example_dags/example_short_circuit_decorator.py for tasks to queue
[2022-10-05T00:05:06.399+0000] {logging_mixin.py:117} INFO - [2022-10-05T00:05:06.399+0000] {dagbag.py:525} INFO - Filling up the DagBag from /home/airflow/.local/lib/python3.7/site-packages/airflow/example_dags/example_short_circuit_decorator.py
[2022-10-05T00:05:07.921+0000] {processor.py:768} INFO - DAG(s) dict_keys(['example_short_circuit_decorator']) retrieved from /home/airflow/.local/lib/python3.7/site-packages/airflow/example_dags/example_short_circuit_decorator.py
[2022-10-05T00:05:08.211+0000] {logging_mixin.py:117} INFO - [2022-10-05T00:05:08.210+0000] {dag.py:2573} INFO - Sync 1 DAGs
[2022-10-05T00:05:08.389+0000] {logging_mixin.py:117} INFO - [2022-10-05T00:05:08.389+0000] {dag.py:3328} INFO - Setting next_dagrun for example_short_circuit_decorator to 2022-10-04T00:05:08.389008+00:00, run_after=2022-10-05T00:05:08.389008+00:00
[2022-10-05T00:05:08.632+0000] {processor.py:178} INFO - Processing /home/airflow/.local/lib/python3.7/site-packages/airflow/example_dags/example_short_circuit_decorator.py took 2.276 seconds
[2022-10-05T00:07:10.962+0000] {processor.py:156} INFO - Started process (PID=85) to work on /home/airflow/.local/lib/python3.7/site-packages/airflow/example_dags/example_short_circuit_decorator.py
[2022-10-05T00:07:10.966+0000] {processor.py:758} INFO - Processing file /home/airflow/.local/lib/python3.7/site-packages/airflow/example_dags/example_short_circuit_decorator.py for tasks to queue
[2022-10-05T00:07:10.970+0000] {logging_mixin.py:117} INFO - [2022-10-05T00:07:10.969+0000] {dagbag.py:525} INFO - Filling up the DagBag from /home/airflow/.local/lib/python3.7/site-packages/airflow/example_dags/example_short_circuit_decorator.py
[2022-10-05T00:07:13.424+0000] {processor.py:768} INFO - DAG(s) dict_keys(['example_short_circuit_decorator']) retrieved from /home/airflow/.local/lib/python3.7/site-packages/airflow/example_dags/example_short_circuit_decorator.py
[2022-10-05T00:07:14.098+0000] {logging_mixin.py:117} INFO - [2022-10-05T00:07:14.098+0000] {dag.py:2573} INFO - Sync 1 DAGs
[2022-10-05T00:07:14.427+0000] {logging_mixin.py:117} INFO - [2022-10-05T00:07:14.427+0000] {dag.py:3328} INFO - Setting next_dagrun for example_short_circuit_decorator to 2022-10-04T00:07:14.427244+00:00, run_after=2022-10-05T00:07:14.427244+00:00
[2022-10-05T00:07:18.452+0000] {processor.py:178} INFO - Processing /home/airflow/.local/lib/python3.7/site-packages/airflow/example_dags/example_short_circuit_decorator.py took 7.535 seconds
[2022-10-05T00:09:00.784+0000] {processor.py:156} INFO - Started process (PID=84) to work on /home/airflow/.local/lib/python3.7/site-packages/airflow/example_dags/example_short_circuit_decorator.py
[2022-10-05T00:09:00.793+0000] {processor.py:758} INFO - Processing file /home/airflow/.local/lib/python3.7/site-packages/airflow/example_dags/example_short_circuit_decorator.py for tasks to queue
[2022-10-05T00:09:00.794+0000] {logging_mixin.py:117} INFO - [2022-10-05T00:09:00.794+0000] {dagbag.py:525} INFO - Filling up the DagBag from /home/airflow/.local/lib/python3.7/site-packages/airflow/example_dags/example_short_circuit_decorator.py
[2022-10-05T00:09:01.074+0000] {processor.py:768} INFO - DAG(s) dict_keys(['example_short_circuit_decorator']) retrieved from /home/airflow/.local/lib/python3.7/site-packages/airflow/example_dags/example_short_circuit_decorator.py
[2022-10-05T00:09:01.117+0000] {logging_mixin.py:117} INFO - [2022-10-05T00:09:01.117+0000] {dag.py:2573} INFO - Sync 1 DAGs
[2022-10-05T00:09:01.147+0000] {logging_mixin.py:117} INFO - [2022-10-05T00:09:01.147+0000] {dag.py:3328} INFO - Setting next_dagrun for example_short_circuit_decorator to 2022-10-04T00:09:01.147519+00:00, run_after=2022-10-05T00:09:01.147519+00:00
[2022-10-05T00:09:01.250+0000] {processor.py:178} INFO - Processing /home/airflow/.local/lib/python3.7/site-packages/airflow/example_dags/example_short_circuit_decorator.py took 0.480 seconds
[2022-10-05T00:11:19.825+0000] {processor.py:156} INFO - Started process (PID=101) to work on /home/airflow/.local/lib/python3.7/site-packages/airflow/example_dags/example_short_circuit_decorator.py
[2022-10-05T00:11:19.827+0000] {processor.py:758} INFO - Processing file /home/airflow/.local/lib/python3.7/site-packages/airflow/example_dags/example_short_circuit_decorator.py for tasks to queue
[2022-10-05T00:11:19.828+0000] {logging_mixin.py:117} INFO - [2022-10-05T00:11:19.828+0000] {dagbag.py:525} INFO - Filling up the DagBag from /home/airflow/.local/lib/python3.7/site-packages/airflow/example_dags/example_short_circuit_decorator.py
[2022-10-05T00:11:20.092+0000] {processor.py:768} INFO - DAG(s) dict_keys(['example_short_circuit_decorator']) retrieved from /home/airflow/.local/lib/python3.7/site-packages/airflow/example_dags/example_short_circuit_decorator.py
[2022-10-05T00:11:20.190+0000] {logging_mixin.py:117} INFO - [2022-10-05T00:11:20.190+0000] {dag.py:2573} INFO - Sync 1 DAGs
[2022-10-05T00:11:20.224+0000] {logging_mixin.py:117} INFO - [2022-10-05T00:11:20.224+0000] {dag.py:3328} INFO - Setting next_dagrun for example_short_circuit_decorator to 2022-10-04T00:11:20.223734+00:00, run_after=2022-10-05T00:11:20.223734+00:00
[2022-10-05T00:11:30.191+0000] {processor.py:178} INFO - Processing /home/airflow/.local/lib/python3.7/site-packages/airflow/example_dags/example_short_circuit_decorator.py took 10.370 seconds
[2022-10-05T00:13:37.020+0000] {processor.py:156} INFO - Started process (PID=101) to work on /home/airflow/.local/lib/python3.7/site-packages/airflow/example_dags/example_short_circuit_decorator.py
[2022-10-05T00:13:37.024+0000] {processor.py:758} INFO - Processing file /home/airflow/.local/lib/python3.7/site-packages/airflow/example_dags/example_short_circuit_decorator.py for tasks to queue
[2022-10-05T00:13:37.027+0000] {logging_mixin.py:117} INFO - [2022-10-05T00:13:37.027+0000] {dagbag.py:525} INFO - Filling up the DagBag from /home/airflow/.local/lib/python3.7/site-packages/airflow/example_dags/example_short_circuit_decorator.py
[2022-10-05T00:13:38.147+0000] {processor.py:768} INFO - DAG(s) dict_keys(['example_short_circuit_decorator']) retrieved from /home/airflow/.local/lib/python3.7/site-packages/airflow/example_dags/example_short_circuit_decorator.py
[2022-10-05T00:13:38.366+0000] {logging_mixin.py:117} INFO - [2022-10-05T00:13:38.366+0000] {dag.py:2573} INFO - Sync 1 DAGs
[2022-10-05T00:13:38.477+0000] {logging_mixin.py:117} INFO - [2022-10-05T00:13:38.476+0000] {dag.py:3328} INFO - Setting next_dagrun for example_short_circuit_decorator to 2022-10-04T00:13:38.476465+00:00, run_after=2022-10-05T00:13:38.476465+00:00
[2022-10-05T00:13:38.932+0000] {processor.py:178} INFO - Processing /home/airflow/.local/lib/python3.7/site-packages/airflow/example_dags/example_short_circuit_decorator.py took 1.933 seconds
[2022-10-05T00:16:08.382+0000] {processor.py:156} INFO - Started process (PID=102) to work on /home/airflow/.local/lib/python3.7/site-packages/airflow/example_dags/example_short_circuit_decorator.py
[2022-10-05T00:16:08.385+0000] {processor.py:758} INFO - Processing file /home/airflow/.local/lib/python3.7/site-packages/airflow/example_dags/example_short_circuit_decorator.py for tasks to queue
[2022-10-05T00:16:08.387+0000] {logging_mixin.py:117} INFO - [2022-10-05T00:16:08.387+0000] {dagbag.py:525} INFO - Filling up the DagBag from /home/airflow/.local/lib/python3.7/site-packages/airflow/example_dags/example_short_circuit_decorator.py
[2022-10-05T00:16:08.765+0000] {processor.py:768} INFO - DAG(s) dict_keys(['example_short_circuit_decorator']) retrieved from /home/airflow/.local/lib/python3.7/site-packages/airflow/example_dags/example_short_circuit_decorator.py
[2022-10-05T00:16:08.841+0000] {logging_mixin.py:117} INFO - [2022-10-05T00:16:08.840+0000] {dag.py:2573} INFO - Sync 1 DAGs
[2022-10-05T00:16:08.897+0000] {logging_mixin.py:117} INFO - [2022-10-05T00:16:08.897+0000] {dag.py:3328} INFO - Setting next_dagrun for example_short_circuit_decorator to 2022-10-04T00:16:08.896941+00:00, run_after=2022-10-05T00:16:08.896941+00:00
[2022-10-05T00:16:09.033+0000] {processor.py:178} INFO - Processing /home/airflow/.local/lib/python3.7/site-packages/airflow/example_dags/example_short_circuit_decorator.py took 0.661 seconds
[2022-10-05T00:17:59.607+0000] {processor.py:156} INFO - Started process (PID=94) to work on /home/airflow/.local/lib/python3.7/site-packages/airflow/example_dags/example_short_circuit_decorator.py
[2022-10-05T00:17:59.617+0000] {processor.py:758} INFO - Processing file /home/airflow/.local/lib/python3.7/site-packages/airflow/example_dags/example_short_circuit_decorator.py for tasks to queue
[2022-10-05T00:17:59.620+0000] {logging_mixin.py:117} INFO - [2022-10-05T00:17:59.620+0000] {dagbag.py:525} INFO - Filling up the DagBag from /home/airflow/.local/lib/python3.7/site-packages/airflow/example_dags/example_short_circuit_decorator.py
[2022-10-05T00:18:01.465+0000] {processor.py:768} INFO - DAG(s) dict_keys(['example_short_circuit_decorator']) retrieved from /home/airflow/.local/lib/python3.7/site-packages/airflow/example_dags/example_short_circuit_decorator.py
[2022-10-05T00:18:01.939+0000] {logging_mixin.py:117} INFO - [2022-10-05T00:18:01.939+0000] {dag.py:2573} INFO - Sync 1 DAGs
[2022-10-05T00:18:02.216+0000] {logging_mixin.py:117} INFO - [2022-10-05T00:18:02.216+0000] {dag.py:3328} INFO - Setting next_dagrun for example_short_circuit_decorator to 2022-10-04T00:18:02.215855+00:00, run_after=2022-10-05T00:18:02.215855+00:00
[2022-10-05T00:18:04.256+0000] {processor.py:178} INFO - Processing /home/airflow/.local/lib/python3.7/site-packages/airflow/example_dags/example_short_circuit_decorator.py took 4.676 seconds
[2022-10-05T00:19:56.891+0000] {processor.py:156} INFO - Started process (PID=92) to work on /home/airflow/.local/lib/python3.7/site-packages/airflow/example_dags/example_short_circuit_decorator.py
[2022-10-05T00:19:56.893+0000] {processor.py:758} INFO - Processing file /home/airflow/.local/lib/python3.7/site-packages/airflow/example_dags/example_short_circuit_decorator.py for tasks to queue
[2022-10-05T00:19:56.899+0000] {logging_mixin.py:117} INFO - [2022-10-05T00:19:56.897+0000] {dagbag.py:525} INFO - Filling up the DagBag from /home/airflow/.local/lib/python3.7/site-packages/airflow/example_dags/example_short_circuit_decorator.py
[2022-10-05T00:19:57.891+0000] {processor.py:768} INFO - DAG(s) dict_keys(['example_short_circuit_decorator']) retrieved from /home/airflow/.local/lib/python3.7/site-packages/airflow/example_dags/example_short_circuit_decorator.py
[2022-10-05T00:19:58.365+0000] {logging_mixin.py:117} INFO - [2022-10-05T00:19:58.364+0000] {dag.py:2573} INFO - Sync 1 DAGs
[2022-10-05T00:19:58.676+0000] {logging_mixin.py:117} INFO - [2022-10-05T00:19:58.676+0000] {dag.py:3328} INFO - Setting next_dagrun for example_short_circuit_decorator to 2022-10-04T00:19:58.676298+00:00, run_after=2022-10-05T00:19:58.676298+00:00
[2022-10-05T00:19:59.357+0000] {processor.py:178} INFO - Processing /home/airflow/.local/lib/python3.7/site-packages/airflow/example_dags/example_short_circuit_decorator.py took 2.513 seconds
[2022-10-05T00:21:47.907+0000] {processor.py:156} INFO - Started process (PID=93) to work on /home/airflow/.local/lib/python3.7/site-packages/airflow/example_dags/example_short_circuit_decorator.py
[2022-10-05T00:21:47.919+0000] {processor.py:758} INFO - Processing file /home/airflow/.local/lib/python3.7/site-packages/airflow/example_dags/example_short_circuit_decorator.py for tasks to queue
[2022-10-05T00:21:47.920+0000] {logging_mixin.py:117} INFO - [2022-10-05T00:21:47.920+0000] {dagbag.py:525} INFO - Filling up the DagBag from /home/airflow/.local/lib/python3.7/site-packages/airflow/example_dags/example_short_circuit_decorator.py
[2022-10-05T00:21:49.032+0000] {processor.py:768} INFO - DAG(s) dict_keys(['example_short_circuit_decorator']) retrieved from /home/airflow/.local/lib/python3.7/site-packages/airflow/example_dags/example_short_circuit_decorator.py
[2022-10-05T00:21:49.259+0000] {logging_mixin.py:117} INFO - [2022-10-05T00:21:49.256+0000] {dag.py:2573} INFO - Sync 1 DAGs
[2022-10-05T00:21:49.449+0000] {logging_mixin.py:117} INFO - [2022-10-05T00:21:49.448+0000] {dag.py:3328} INFO - Setting next_dagrun for example_short_circuit_decorator to 2022-10-04T00:21:49.448647+00:00, run_after=2022-10-05T00:21:49.448647+00:00
[2022-10-05T00:21:49.708+0000] {processor.py:178} INFO - Processing /home/airflow/.local/lib/python3.7/site-packages/airflow/example_dags/example_short_circuit_decorator.py took 1.821 seconds
[2022-10-05T00:24:03.761+0000] {processor.py:156} INFO - Started process (PID=104) to work on /home/airflow/.local/lib/python3.7/site-packages/airflow/example_dags/example_short_circuit_decorator.py
[2022-10-05T00:24:03.765+0000] {processor.py:758} INFO - Processing file /home/airflow/.local/lib/python3.7/site-packages/airflow/example_dags/example_short_circuit_decorator.py for tasks to queue
[2022-10-05T00:24:03.769+0000] {logging_mixin.py:117} INFO - [2022-10-05T00:24:03.769+0000] {dagbag.py:525} INFO - Filling up the DagBag from /home/airflow/.local/lib/python3.7/site-packages/airflow/example_dags/example_short_circuit_decorator.py
[2022-10-05T00:24:04.762+0000] {processor.py:768} INFO - DAG(s) dict_keys(['example_short_circuit_decorator']) retrieved from /home/airflow/.local/lib/python3.7/site-packages/airflow/example_dags/example_short_circuit_decorator.py
[2022-10-05T00:24:05.099+0000] {logging_mixin.py:117} INFO - [2022-10-05T00:24:05.083+0000] {dag.py:2573} INFO - Sync 1 DAGs
[2022-10-05T00:24:05.602+0000] {logging_mixin.py:117} INFO - [2022-10-05T00:24:05.590+0000] {dag.py:3328} INFO - Setting next_dagrun for example_short_circuit_decorator to 2022-10-04T00:24:05.580206+00:00, run_after=2022-10-05T00:24:05.580206+00:00
[2022-10-05T00:24:05.788+0000] {processor.py:178} INFO - Processing /home/airflow/.local/lib/python3.7/site-packages/airflow/example_dags/example_short_circuit_decorator.py took 2.037 seconds
[2022-10-05T00:25:49.577+0000] {processor.py:156} INFO - Started process (PID=91) to work on /home/airflow/.local/lib/python3.7/site-packages/airflow/example_dags/example_short_circuit_decorator.py
[2022-10-05T00:25:49.582+0000] {processor.py:758} INFO - Processing file /home/airflow/.local/lib/python3.7/site-packages/airflow/example_dags/example_short_circuit_decorator.py for tasks to queue
[2022-10-05T00:25:49.592+0000] {logging_mixin.py:117} INFO - [2022-10-05T00:25:49.588+0000] {dagbag.py:525} INFO - Filling up the DagBag from /home/airflow/.local/lib/python3.7/site-packages/airflow/example_dags/example_short_circuit_decorator.py
[2022-10-05T00:25:50.804+0000] {processor.py:768} INFO - DAG(s) dict_keys(['example_short_circuit_decorator']) retrieved from /home/airflow/.local/lib/python3.7/site-packages/airflow/example_dags/example_short_circuit_decorator.py
[2022-10-05T00:25:51.072+0000] {logging_mixin.py:117} INFO - [2022-10-05T00:25:51.072+0000] {dag.py:2573} INFO - Sync 1 DAGs
[2022-10-05T00:25:51.262+0000] {logging_mixin.py:117} INFO - [2022-10-05T00:25:51.262+0000] {dag.py:3328} INFO - Setting next_dagrun for example_short_circuit_decorator to 2022-10-04T00:25:51.261903+00:00, run_after=2022-10-05T00:25:51.261903+00:00
[2022-10-05T00:25:51.490+0000] {processor.py:178} INFO - Processing /home/airflow/.local/lib/python3.7/site-packages/airflow/example_dags/example_short_circuit_decorator.py took 1.948 seconds
[2022-10-05T00:28:58.946+0000] {processor.py:156} INFO - Started process (PID=119) to work on /home/airflow/.local/lib/python3.7/site-packages/airflow/example_dags/example_short_circuit_decorator.py
[2022-10-05T00:28:58.957+0000] {processor.py:758} INFO - Processing file /home/airflow/.local/lib/python3.7/site-packages/airflow/example_dags/example_short_circuit_decorator.py for tasks to queue
[2022-10-05T00:28:58.964+0000] {logging_mixin.py:117} INFO - [2022-10-05T00:28:58.959+0000] {dagbag.py:525} INFO - Filling up the DagBag from /home/airflow/.local/lib/python3.7/site-packages/airflow/example_dags/example_short_circuit_decorator.py
[2022-10-05T00:29:00.481+0000] {processor.py:768} INFO - DAG(s) dict_keys(['example_short_circuit_decorator']) retrieved from /home/airflow/.local/lib/python3.7/site-packages/airflow/example_dags/example_short_circuit_decorator.py
[2022-10-05T00:29:14.105+0000] {logging_mixin.py:117} INFO - [2022-10-05T00:29:14.102+0000] {dag.py:2573} INFO - Sync 1 DAGs
[2022-10-05T00:29:14.756+0000] {logging_mixin.py:117} INFO - [2022-10-05T00:29:14.756+0000] {dag.py:3328} INFO - Setting next_dagrun for example_short_circuit_decorator to 2022-10-04T00:29:14.747977+00:00, run_after=2022-10-05T00:29:14.747977+00:00
[2022-10-05T00:29:15.209+0000] {processor.py:178} INFO - Processing /home/airflow/.local/lib/python3.7/site-packages/airflow/example_dags/example_short_circuit_decorator.py took 16.282 seconds
[2022-10-05T00:31:29.318+0000] {processor.py:156} INFO - Started process (PID=114) to work on /home/airflow/.local/lib/python3.7/site-packages/airflow/example_dags/example_short_circuit_decorator.py
[2022-10-05T00:31:29.336+0000] {processor.py:758} INFO - Processing file /home/airflow/.local/lib/python3.7/site-packages/airflow/example_dags/example_short_circuit_decorator.py for tasks to queue
[2022-10-05T00:31:29.387+0000] {logging_mixin.py:117} INFO - [2022-10-05T00:31:29.387+0000] {dagbag.py:525} INFO - Filling up the DagBag from /home/airflow/.local/lib/python3.7/site-packages/airflow/example_dags/example_short_circuit_decorator.py
[2022-10-05T00:31:32.093+0000] {processor.py:768} INFO - DAG(s) dict_keys(['example_short_circuit_decorator']) retrieved from /home/airflow/.local/lib/python3.7/site-packages/airflow/example_dags/example_short_circuit_decorator.py
[2022-10-05T00:31:32.610+0000] {logging_mixin.py:117} INFO - [2022-10-05T00:31:32.610+0000] {dag.py:2573} INFO - Sync 1 DAGs
[2022-10-05T00:31:32.861+0000] {logging_mixin.py:117} INFO - [2022-10-05T00:31:32.861+0000] {dag.py:3328} INFO - Setting next_dagrun for example_short_circuit_decorator to 2022-10-04T00:31:32.854646+00:00, run_after=2022-10-05T00:31:32.854646+00:00
[2022-10-05T00:31:33.159+0000] {processor.py:178} INFO - Processing /home/airflow/.local/lib/python3.7/site-packages/airflow/example_dags/example_short_circuit_decorator.py took 3.915 seconds
[2022-10-05T00:33:34.946+0000] {processor.py:156} INFO - Started process (PID=95) to work on /home/airflow/.local/lib/python3.7/site-packages/airflow/example_dags/example_short_circuit_decorator.py
[2022-10-05T00:33:34.949+0000] {processor.py:758} INFO - Processing file /home/airflow/.local/lib/python3.7/site-packages/airflow/example_dags/example_short_circuit_decorator.py for tasks to queue
[2022-10-05T00:33:34.955+0000] {logging_mixin.py:117} INFO - [2022-10-05T00:33:34.955+0000] {dagbag.py:525} INFO - Filling up the DagBag from /home/airflow/.local/lib/python3.7/site-packages/airflow/example_dags/example_short_circuit_decorator.py
[2022-10-05T00:33:36.801+0000] {processor.py:768} INFO - DAG(s) dict_keys(['example_short_circuit_decorator']) retrieved from /home/airflow/.local/lib/python3.7/site-packages/airflow/example_dags/example_short_circuit_decorator.py
[2022-10-05T00:33:37.227+0000] {logging_mixin.py:117} INFO - [2022-10-05T00:33:37.222+0000] {dag.py:2573} INFO - Sync 1 DAGs
[2022-10-05T00:33:37.456+0000] {logging_mixin.py:117} INFO - [2022-10-05T00:33:37.456+0000] {dag.py:3328} INFO - Setting next_dagrun for example_short_circuit_decorator to 2022-10-04T00:33:37.455859+00:00, run_after=2022-10-05T00:33:37.455859+00:00
[2022-10-05T00:33:37.665+0000] {processor.py:178} INFO - Processing /home/airflow/.local/lib/python3.7/site-packages/airflow/example_dags/example_short_circuit_decorator.py took 2.736 seconds
[2022-10-05T00:35:41.255+0000] {processor.py:156} INFO - Started process (PID=102) to work on /home/airflow/.local/lib/python3.7/site-packages/airflow/example_dags/example_short_circuit_decorator.py
[2022-10-05T00:35:41.266+0000] {processor.py:758} INFO - Processing file /home/airflow/.local/lib/python3.7/site-packages/airflow/example_dags/example_short_circuit_decorator.py for tasks to queue
[2022-10-05T00:35:41.272+0000] {logging_mixin.py:117} INFO - [2022-10-05T00:35:41.271+0000] {dagbag.py:525} INFO - Filling up the DagBag from /home/airflow/.local/lib/python3.7/site-packages/airflow/example_dags/example_short_circuit_decorator.py
[2022-10-05T00:35:42.430+0000] {processor.py:768} INFO - DAG(s) dict_keys(['example_short_circuit_decorator']) retrieved from /home/airflow/.local/lib/python3.7/site-packages/airflow/example_dags/example_short_circuit_decorator.py
[2022-10-05T00:35:42.596+0000] {logging_mixin.py:117} INFO - [2022-10-05T00:35:42.596+0000] {dag.py:2573} INFO - Sync 1 DAGs
[2022-10-05T00:35:42.745+0000] {logging_mixin.py:117} INFO - [2022-10-05T00:35:42.745+0000] {dag.py:3328} INFO - Setting next_dagrun for example_short_circuit_decorator to 2022-10-04T00:35:42.745281+00:00, run_after=2022-10-05T00:35:42.745281+00:00
[2022-10-05T00:35:42.845+0000] {processor.py:178} INFO - Processing /home/airflow/.local/lib/python3.7/site-packages/airflow/example_dags/example_short_circuit_decorator.py took 1.617 seconds
[2022-10-05T00:37:34.921+0000] {processor.py:156} INFO - Started process (PID=93) to work on /home/airflow/.local/lib/python3.7/site-packages/airflow/example_dags/example_short_circuit_decorator.py
[2022-10-05T00:37:34.929+0000] {processor.py:758} INFO - Processing file /home/airflow/.local/lib/python3.7/site-packages/airflow/example_dags/example_short_circuit_decorator.py for tasks to queue
[2022-10-05T00:37:34.930+0000] {logging_mixin.py:117} INFO - [2022-10-05T00:37:34.930+0000] {dagbag.py:525} INFO - Filling up the DagBag from /home/airflow/.local/lib/python3.7/site-packages/airflow/example_dags/example_short_circuit_decorator.py
[2022-10-05T00:37:36.055+0000] {processor.py:768} INFO - DAG(s) dict_keys(['example_short_circuit_decorator']) retrieved from /home/airflow/.local/lib/python3.7/site-packages/airflow/example_dags/example_short_circuit_decorator.py
[2022-10-05T00:37:36.262+0000] {logging_mixin.py:117} INFO - [2022-10-05T00:37:36.262+0000] {dag.py:2573} INFO - Sync 1 DAGs
[2022-10-05T00:37:36.369+0000] {logging_mixin.py:117} INFO - [2022-10-05T00:37:36.369+0000] {dag.py:3328} INFO - Setting next_dagrun for example_short_circuit_decorator to 2022-10-04T00:37:36.369235+00:00, run_after=2022-10-05T00:37:36.369235+00:00
[2022-10-05T00:37:36.462+0000] {processor.py:178} INFO - Processing /home/airflow/.local/lib/python3.7/site-packages/airflow/example_dags/example_short_circuit_decorator.py took 1.555 seconds
[2022-10-05T00:39:46.481+0000] {processor.py:156} INFO - Started process (PID=104) to work on /home/airflow/.local/lib/python3.7/site-packages/airflow/example_dags/example_short_circuit_decorator.py
[2022-10-05T00:39:46.490+0000] {processor.py:758} INFO - Processing file /home/airflow/.local/lib/python3.7/site-packages/airflow/example_dags/example_short_circuit_decorator.py for tasks to queue
[2022-10-05T00:39:46.493+0000] {logging_mixin.py:117} INFO - [2022-10-05T00:39:46.492+0000] {dagbag.py:525} INFO - Filling up the DagBag from /home/airflow/.local/lib/python3.7/site-packages/airflow/example_dags/example_short_circuit_decorator.py
[2022-10-05T00:39:48.278+0000] {processor.py:768} INFO - DAG(s) dict_keys(['example_short_circuit_decorator']) retrieved from /home/airflow/.local/lib/python3.7/site-packages/airflow/example_dags/example_short_circuit_decorator.py
[2022-10-05T00:39:48.624+0000] {logging_mixin.py:117} INFO - [2022-10-05T00:39:48.624+0000] {dag.py:2573} INFO - Sync 1 DAGs
[2022-10-05T00:39:48.860+0000] {logging_mixin.py:117} INFO - [2022-10-05T00:39:48.859+0000] {dag.py:3328} INFO - Setting next_dagrun for example_short_circuit_decorator to 2022-10-04T00:39:48.859609+00:00, run_after=2022-10-05T00:39:48.859609+00:00
[2022-10-05T00:39:49.025+0000] {processor.py:178} INFO - Processing /home/airflow/.local/lib/python3.7/site-packages/airflow/example_dags/example_short_circuit_decorator.py took 2.568 seconds
[2022-10-05T00:42:08.982+0000] {processor.py:156} INFO - Started process (PID=104) to work on /home/airflow/.local/lib/python3.7/site-packages/airflow/example_dags/example_short_circuit_decorator.py
[2022-10-05T00:42:08.991+0000] {processor.py:758} INFO - Processing file /home/airflow/.local/lib/python3.7/site-packages/airflow/example_dags/example_short_circuit_decorator.py for tasks to queue
[2022-10-05T00:42:08.993+0000] {logging_mixin.py:117} INFO - [2022-10-05T00:42:08.993+0000] {dagbag.py:525} INFO - Filling up the DagBag from /home/airflow/.local/lib/python3.7/site-packages/airflow/example_dags/example_short_circuit_decorator.py
[2022-10-05T00:42:10.385+0000] {processor.py:768} INFO - DAG(s) dict_keys(['example_short_circuit_decorator']) retrieved from /home/airflow/.local/lib/python3.7/site-packages/airflow/example_dags/example_short_circuit_decorator.py
[2022-10-05T00:42:10.643+0000] {logging_mixin.py:117} INFO - [2022-10-05T00:42:10.643+0000] {dag.py:2573} INFO - Sync 1 DAGs
[2022-10-05T00:42:10.810+0000] {logging_mixin.py:117} INFO - [2022-10-05T00:42:10.810+0000] {dag.py:3328} INFO - Setting next_dagrun for example_short_circuit_decorator to 2022-10-04T00:42:10.810397+00:00, run_after=2022-10-05T00:42:10.810397+00:00
[2022-10-05T00:42:10.933+0000] {processor.py:178} INFO - Processing /home/airflow/.local/lib/python3.7/site-packages/airflow/example_dags/example_short_circuit_decorator.py took 1.966 seconds
[2022-10-05T00:44:23.409+0000] {processor.py:156} INFO - Started process (PID=104) to work on /home/airflow/.local/lib/python3.7/site-packages/airflow/example_dags/example_short_circuit_decorator.py
[2022-10-05T00:44:23.426+0000] {processor.py:758} INFO - Processing file /home/airflow/.local/lib/python3.7/site-packages/airflow/example_dags/example_short_circuit_decorator.py for tasks to queue
[2022-10-05T00:44:23.427+0000] {logging_mixin.py:117} INFO - [2022-10-05T00:44:23.427+0000] {dagbag.py:525} INFO - Filling up the DagBag from /home/airflow/.local/lib/python3.7/site-packages/airflow/example_dags/example_short_circuit_decorator.py
[2022-10-05T00:44:24.915+0000] {processor.py:768} INFO - DAG(s) dict_keys(['example_short_circuit_decorator']) retrieved from /home/airflow/.local/lib/python3.7/site-packages/airflow/example_dags/example_short_circuit_decorator.py
[2022-10-05T00:52:25.251+0000] {processor.py:156} INFO - Started process (PID=102) to work on /home/airflow/.local/lib/python3.7/site-packages/airflow/example_dags/example_short_circuit_decorator.py
[2022-10-05T00:52:25.252+0000] {processor.py:758} INFO - Processing file /home/airflow/.local/lib/python3.7/site-packages/airflow/example_dags/example_short_circuit_decorator.py for tasks to queue
[2022-10-05T00:52:25.254+0000] {logging_mixin.py:117} INFO - [2022-10-05T00:52:25.253+0000] {dagbag.py:525} INFO - Filling up the DagBag from /home/airflow/.local/lib/python3.7/site-packages/airflow/example_dags/example_short_circuit_decorator.py
[2022-10-05T00:52:25.538+0000] {processor.py:768} INFO - DAG(s) dict_keys(['example_short_circuit_decorator']) retrieved from /home/airflow/.local/lib/python3.7/site-packages/airflow/example_dags/example_short_circuit_decorator.py
[2022-10-05T00:52:25.645+0000] {logging_mixin.py:117} INFO - [2022-10-05T00:52:25.645+0000] {dag.py:2573} INFO - Sync 1 DAGs
[2022-10-05T00:52:25.742+0000] {logging_mixin.py:117} INFO - [2022-10-05T00:52:25.742+0000] {dag.py:3328} INFO - Setting next_dagrun for example_short_circuit_decorator to 2022-10-04T00:52:25.742259+00:00, run_after=2022-10-05T00:52:25.742259+00:00
[2022-10-05T00:52:25.890+0000] {processor.py:178} INFO - Processing /home/airflow/.local/lib/python3.7/site-packages/airflow/example_dags/example_short_circuit_decorator.py took 0.644 seconds
[2022-10-05T00:54:38.619+0000] {processor.py:156} INFO - Started process (PID=85) to work on /home/airflow/.local/lib/python3.7/site-packages/airflow/example_dags/example_short_circuit_decorator.py
[2022-10-05T00:54:38.644+0000] {processor.py:758} INFO - Processing file /home/airflow/.local/lib/python3.7/site-packages/airflow/example_dags/example_short_circuit_decorator.py for tasks to queue
[2022-10-05T00:54:38.653+0000] {logging_mixin.py:117} INFO - [2022-10-05T00:54:38.652+0000] {dagbag.py:525} INFO - Filling up the DagBag from /home/airflow/.local/lib/python3.7/site-packages/airflow/example_dags/example_short_circuit_decorator.py
[2022-10-05T00:54:39.687+0000] {processor.py:768} INFO - DAG(s) dict_keys(['example_short_circuit_decorator']) retrieved from /home/airflow/.local/lib/python3.7/site-packages/airflow/example_dags/example_short_circuit_decorator.py
[2022-10-05T00:54:39.925+0000] {logging_mixin.py:117} INFO - [2022-10-05T00:54:39.925+0000] {dag.py:2573} INFO - Sync 1 DAGs
[2022-10-05T00:54:40.290+0000] {logging_mixin.py:117} INFO - [2022-10-05T00:54:40.289+0000] {dag.py:3328} INFO - Setting next_dagrun for example_short_circuit_decorator to 2022-10-04T00:54:40.289374+00:00, run_after=2022-10-05T00:54:40.289374+00:00
[2022-10-05T00:54:41.275+0000] {processor.py:178} INFO - Processing /home/airflow/.local/lib/python3.7/site-packages/airflow/example_dags/example_short_circuit_decorator.py took 2.699 seconds
[2022-10-05T00:56:49.727+0000] {processor.py:156} INFO - Started process (PID=105) to work on /home/airflow/.local/lib/python3.7/site-packages/airflow/example_dags/example_short_circuit_decorator.py
[2022-10-05T00:56:49.739+0000] {processor.py:758} INFO - Processing file /home/airflow/.local/lib/python3.7/site-packages/airflow/example_dags/example_short_circuit_decorator.py for tasks to queue
[2022-10-05T00:56:49.744+0000] {logging_mixin.py:117} INFO - [2022-10-05T00:56:49.744+0000] {dagbag.py:525} INFO - Filling up the DagBag from /home/airflow/.local/lib/python3.7/site-packages/airflow/example_dags/example_short_circuit_decorator.py
[2022-10-05T00:56:51.506+0000] {processor.py:768} INFO - DAG(s) dict_keys(['example_short_circuit_decorator']) retrieved from /home/airflow/.local/lib/python3.7/site-packages/airflow/example_dags/example_short_circuit_decorator.py
[2022-10-05T00:56:51.878+0000] {logging_mixin.py:117} INFO - [2022-10-05T00:56:51.878+0000] {dag.py:2573} INFO - Sync 1 DAGs
[2022-10-05T00:56:52.056+0000] {logging_mixin.py:117} INFO - [2022-10-05T00:56:52.056+0000] {dag.py:3328} INFO - Setting next_dagrun for example_short_circuit_decorator to 2022-10-04T00:56:52.048699+00:00, run_after=2022-10-05T00:56:52.048699+00:00
[2022-10-05T00:56:58.273+0000] {processor.py:178} INFO - Processing /home/airflow/.local/lib/python3.7/site-packages/airflow/example_dags/example_short_circuit_decorator.py took 8.567 seconds
