[2022-10-05T00:00:25.888+0000] {processor.py:156} INFO - Started process (PID=45) to work on /home/airflow/.local/lib/python3.7/site-packages/airflow/example_dags/example_local_kubernetes_executor.py
[2022-10-05T00:00:25.893+0000] {processor.py:758} INFO - Processing file /home/airflow/.local/lib/python3.7/site-packages/airflow/example_dags/example_local_kubernetes_executor.py for tasks to queue
[2022-10-05T00:00:25.895+0000] {logging_mixin.py:117} INFO - [2022-10-05T00:00:25.895+0000] {dagbag.py:525} INFO - Filling up the DagBag from /home/airflow/.local/lib/python3.7/site-packages/airflow/example_dags/example_local_kubernetes_executor.py
[2022-10-05T00:00:25.973+0000] {processor.py:768} INFO - DAG(s) dict_keys(['example_local_kubernetes_executor']) retrieved from /home/airflow/.local/lib/python3.7/site-packages/airflow/example_dags/example_local_kubernetes_executor.py
[2022-10-05T00:00:28.850+0000] {logging_mixin.py:117} INFO - [2022-10-05T00:00:28.850+0000] {dag.py:2573} INFO - Sync 1 DAGs
[2022-10-05T00:00:28.932+0000] {logging_mixin.py:117} INFO - [2022-10-05T00:00:28.932+0000] {dag.py:3328} INFO - Setting next_dagrun for example_local_kubernetes_executor to None, run_after=None
[2022-10-05T00:00:30.861+0000] {processor.py:178} INFO - Processing /home/airflow/.local/lib/python3.7/site-packages/airflow/example_dags/example_local_kubernetes_executor.py took 4.979 seconds
[2022-10-05T00:02:30.360+0000] {processor.py:156} INFO - Started process (PID=45) to work on /home/airflow/.local/lib/python3.7/site-packages/airflow/example_dags/example_local_kubernetes_executor.py
[2022-10-05T00:02:30.383+0000] {processor.py:758} INFO - Processing file /home/airflow/.local/lib/python3.7/site-packages/airflow/example_dags/example_local_kubernetes_executor.py for tasks to queue
[2022-10-05T00:02:30.389+0000] {logging_mixin.py:117} INFO - [2022-10-05T00:02:30.386+0000] {dagbag.py:525} INFO - Filling up the DagBag from /home/airflow/.local/lib/python3.7/site-packages/airflow/example_dags/example_local_kubernetes_executor.py
[2022-10-05T00:02:30.940+0000] {processor.py:768} INFO - DAG(s) dict_keys(['example_local_kubernetes_executor']) retrieved from /home/airflow/.local/lib/python3.7/site-packages/airflow/example_dags/example_local_kubernetes_executor.py
[2022-10-05T00:02:34.376+0000] {logging_mixin.py:117} INFO - [2022-10-05T00:02:34.376+0000] {dag.py:2573} INFO - Sync 1 DAGs
[2022-10-05T00:02:34.501+0000] {logging_mixin.py:117} INFO - [2022-10-05T00:02:34.500+0000] {dag.py:3328} INFO - Setting next_dagrun for example_local_kubernetes_executor to None, run_after=None
[2022-10-05T00:02:35.280+0000] {processor.py:178} INFO - Processing /home/airflow/.local/lib/python3.7/site-packages/airflow/example_dags/example_local_kubernetes_executor.py took 4.960 seconds
[2022-10-05T00:04:21.699+0000] {processor.py:156} INFO - Started process (PID=45) to work on /home/airflow/.local/lib/python3.7/site-packages/airflow/example_dags/example_local_kubernetes_executor.py
[2022-10-05T00:04:21.704+0000] {processor.py:758} INFO - Processing file /home/airflow/.local/lib/python3.7/site-packages/airflow/example_dags/example_local_kubernetes_executor.py for tasks to queue
[2022-10-05T00:04:21.705+0000] {logging_mixin.py:117} INFO - [2022-10-05T00:04:21.705+0000] {dagbag.py:525} INFO - Filling up the DagBag from /home/airflow/.local/lib/python3.7/site-packages/airflow/example_dags/example_local_kubernetes_executor.py
[2022-10-05T00:04:22.604+0000] {processor.py:768} INFO - DAG(s) dict_keys(['example_local_kubernetes_executor']) retrieved from /home/airflow/.local/lib/python3.7/site-packages/airflow/example_dags/example_local_kubernetes_executor.py
[2022-10-05T00:04:24.140+0000] {logging_mixin.py:117} INFO - [2022-10-05T00:04:24.140+0000] {dag.py:2573} INFO - Sync 1 DAGs
[2022-10-05T00:04:24.335+0000] {logging_mixin.py:117} INFO - [2022-10-05T00:04:24.331+0000] {dag.py:3328} INFO - Setting next_dagrun for example_local_kubernetes_executor to None, run_after=None
[2022-10-05T00:04:25.816+0000] {processor.py:178} INFO - Processing /home/airflow/.local/lib/python3.7/site-packages/airflow/example_dags/example_local_kubernetes_executor.py took 4.122 seconds
[2022-10-05T00:06:22.212+0000] {processor.py:156} INFO - Started process (PID=44) to work on /home/airflow/.local/lib/python3.7/site-packages/airflow/example_dags/example_local_kubernetes_executor.py
[2022-10-05T00:06:22.213+0000] {processor.py:758} INFO - Processing file /home/airflow/.local/lib/python3.7/site-packages/airflow/example_dags/example_local_kubernetes_executor.py for tasks to queue
[2022-10-05T00:06:22.215+0000] {logging_mixin.py:117} INFO - [2022-10-05T00:06:22.215+0000] {dagbag.py:525} INFO - Filling up the DagBag from /home/airflow/.local/lib/python3.7/site-packages/airflow/example_dags/example_local_kubernetes_executor.py
[2022-10-05T00:06:22.387+0000] {processor.py:768} INFO - DAG(s) dict_keys(['example_local_kubernetes_executor']) retrieved from /home/airflow/.local/lib/python3.7/site-packages/airflow/example_dags/example_local_kubernetes_executor.py
[2022-10-05T00:06:26.101+0000] {logging_mixin.py:117} INFO - [2022-10-05T00:06:26.100+0000] {dag.py:2573} INFO - Sync 1 DAGs
[2022-10-05T00:06:26.520+0000] {logging_mixin.py:117} INFO - [2022-10-05T00:06:26.520+0000] {dag.py:3328} INFO - Setting next_dagrun for example_local_kubernetes_executor to None, run_after=None
[2022-10-05T00:06:26.979+0000] {processor.py:178} INFO - Processing /home/airflow/.local/lib/python3.7/site-packages/airflow/example_dags/example_local_kubernetes_executor.py took 4.785 seconds
[2022-10-05T00:08:24.357+0000] {processor.py:156} INFO - Started process (PID=52) to work on /home/airflow/.local/lib/python3.7/site-packages/airflow/example_dags/example_local_kubernetes_executor.py
[2022-10-05T00:08:24.370+0000] {processor.py:758} INFO - Processing file /home/airflow/.local/lib/python3.7/site-packages/airflow/example_dags/example_local_kubernetes_executor.py for tasks to queue
[2022-10-05T00:08:24.377+0000] {logging_mixin.py:117} INFO - [2022-10-05T00:08:24.377+0000] {dagbag.py:525} INFO - Filling up the DagBag from /home/airflow/.local/lib/python3.7/site-packages/airflow/example_dags/example_local_kubernetes_executor.py
[2022-10-05T00:08:24.799+0000] {processor.py:768} INFO - DAG(s) dict_keys(['example_local_kubernetes_executor']) retrieved from /home/airflow/.local/lib/python3.7/site-packages/airflow/example_dags/example_local_kubernetes_executor.py
[2022-10-05T00:08:31.280+0000] {logging_mixin.py:117} INFO - [2022-10-05T00:08:31.259+0000] {dag.py:2573} INFO - Sync 1 DAGs
[2022-10-05T00:08:39.744+0000] {logging_mixin.py:117} INFO - [2022-10-05T00:08:39.743+0000] {dag.py:3328} INFO - Setting next_dagrun for example_local_kubernetes_executor to None, run_after=None
[2022-10-05T00:08:41.150+0000] {processor.py:178} INFO - Processing /home/airflow/.local/lib/python3.7/site-packages/airflow/example_dags/example_local_kubernetes_executor.py took 16.815 seconds
[2022-10-05T00:09:12.285+0000] {processor.py:156} INFO - Started process (PID=110) to work on /home/airflow/.local/lib/python3.7/site-packages/airflow/example_dags/example_local_kubernetes_executor.py
[2022-10-05T00:09:12.289+0000] {processor.py:758} INFO - Processing file /home/airflow/.local/lib/python3.7/site-packages/airflow/example_dags/example_local_kubernetes_executor.py for tasks to queue
[2022-10-05T00:09:12.303+0000] {logging_mixin.py:117} INFO - [2022-10-05T00:09:12.303+0000] {dagbag.py:525} INFO - Filling up the DagBag from /home/airflow/.local/lib/python3.7/site-packages/airflow/example_dags/example_local_kubernetes_executor.py
[2022-10-05T00:10:22.011+0000] {processor.py:156} INFO - Started process (PID=62) to work on /home/airflow/.local/lib/python3.7/site-packages/airflow/example_dags/example_local_kubernetes_executor.py
[2022-10-05T00:10:22.047+0000] {processor.py:758} INFO - Processing file /home/airflow/.local/lib/python3.7/site-packages/airflow/example_dags/example_local_kubernetes_executor.py for tasks to queue
[2022-10-05T00:10:22.081+0000] {logging_mixin.py:117} INFO - [2022-10-05T00:10:22.080+0000] {dagbag.py:525} INFO - Filling up the DagBag from /home/airflow/.local/lib/python3.7/site-packages/airflow/example_dags/example_local_kubernetes_executor.py
[2022-10-05T00:10:25.852+0000] {processor.py:768} INFO - DAG(s) dict_keys(['example_local_kubernetes_executor']) retrieved from /home/airflow/.local/lib/python3.7/site-packages/airflow/example_dags/example_local_kubernetes_executor.py
[2022-10-05T00:10:46.253+0000] {logging_mixin.py:117} INFO - [2022-10-05T00:10:46.251+0000] {dag.py:2573} INFO - Sync 1 DAGs
[2022-10-05T00:10:46.689+0000] {logging_mixin.py:117} INFO - [2022-10-05T00:10:46.688+0000] {dag.py:3328} INFO - Setting next_dagrun for example_local_kubernetes_executor to None, run_after=None
[2022-10-05T00:10:50.310+0000] {processor.py:178} INFO - Processing /home/airflow/.local/lib/python3.7/site-packages/airflow/example_dags/example_local_kubernetes_executor.py took 28.435 seconds
[2022-10-05T00:12:42.832+0000] {processor.py:156} INFO - Started process (PID=53) to work on /home/airflow/.local/lib/python3.7/site-packages/airflow/example_dags/example_local_kubernetes_executor.py
[2022-10-05T00:12:42.855+0000] {processor.py:758} INFO - Processing file /home/airflow/.local/lib/python3.7/site-packages/airflow/example_dags/example_local_kubernetes_executor.py for tasks to queue
[2022-10-05T00:12:42.856+0000] {logging_mixin.py:117} INFO - [2022-10-05T00:12:42.856+0000] {dagbag.py:525} INFO - Filling up the DagBag from /home/airflow/.local/lib/python3.7/site-packages/airflow/example_dags/example_local_kubernetes_executor.py
[2022-10-05T00:12:43.005+0000] {processor.py:768} INFO - DAG(s) dict_keys(['example_local_kubernetes_executor']) retrieved from /home/airflow/.local/lib/python3.7/site-packages/airflow/example_dags/example_local_kubernetes_executor.py
[2022-10-05T00:12:46.530+0000] {logging_mixin.py:117} INFO - [2022-10-05T00:12:46.529+0000] {dag.py:2573} INFO - Sync 1 DAGs
[2022-10-05T00:12:46.906+0000] {logging_mixin.py:117} INFO - [2022-10-05T00:12:46.896+0000] {dag.py:3328} INFO - Setting next_dagrun for example_local_kubernetes_executor to None, run_after=None
[2022-10-05T00:12:49.884+0000] {processor.py:178} INFO - Processing /home/airflow/.local/lib/python3.7/site-packages/airflow/example_dags/example_local_kubernetes_executor.py took 7.057 seconds
[2022-10-05T00:15:13.924+0000] {processor.py:156} INFO - Started process (PID=60) to work on /home/airflow/.local/lib/python3.7/site-packages/airflow/example_dags/example_local_kubernetes_executor.py
[2022-10-05T00:15:13.949+0000] {processor.py:758} INFO - Processing file /home/airflow/.local/lib/python3.7/site-packages/airflow/example_dags/example_local_kubernetes_executor.py for tasks to queue
[2022-10-05T00:15:13.951+0000] {logging_mixin.py:117} INFO - [2022-10-05T00:15:13.951+0000] {dagbag.py:525} INFO - Filling up the DagBag from /home/airflow/.local/lib/python3.7/site-packages/airflow/example_dags/example_local_kubernetes_executor.py
[2022-10-05T00:15:14.855+0000] {processor.py:768} INFO - DAG(s) dict_keys(['example_local_kubernetes_executor']) retrieved from /home/airflow/.local/lib/python3.7/site-packages/airflow/example_dags/example_local_kubernetes_executor.py
[2022-10-05T00:15:25.341+0000] {logging_mixin.py:117} INFO - [2022-10-05T00:15:25.335+0000] {dag.py:2573} INFO - Sync 1 DAGs
[2022-10-05T00:15:27.219+0000] {logging_mixin.py:117} INFO - [2022-10-05T00:15:27.202+0000] {dag.py:3328} INFO - Setting next_dagrun for example_local_kubernetes_executor to None, run_after=None
[2022-10-05T00:15:27.570+0000] {processor.py:178} INFO - Processing /home/airflow/.local/lib/python3.7/site-packages/airflow/example_dags/example_local_kubernetes_executor.py took 13.699 seconds
[2022-10-05T00:17:08.231+0000] {processor.py:156} INFO - Started process (PID=54) to work on /home/airflow/.local/lib/python3.7/site-packages/airflow/example_dags/example_local_kubernetes_executor.py
[2022-10-05T00:17:08.243+0000] {processor.py:758} INFO - Processing file /home/airflow/.local/lib/python3.7/site-packages/airflow/example_dags/example_local_kubernetes_executor.py for tasks to queue
[2022-10-05T00:17:08.244+0000] {logging_mixin.py:117} INFO - [2022-10-05T00:17:08.244+0000] {dagbag.py:525} INFO - Filling up the DagBag from /home/airflow/.local/lib/python3.7/site-packages/airflow/example_dags/example_local_kubernetes_executor.py
[2022-10-05T00:17:08.315+0000] {processor.py:768} INFO - DAG(s) dict_keys(['example_local_kubernetes_executor']) retrieved from /home/airflow/.local/lib/python3.7/site-packages/airflow/example_dags/example_local_kubernetes_executor.py
[2022-10-05T00:17:08.862+0000] {logging_mixin.py:117} INFO - [2022-10-05T00:17:08.862+0000] {dag.py:2573} INFO - Sync 1 DAGs
[2022-10-05T00:17:08.937+0000] {logging_mixin.py:117} INFO - [2022-10-05T00:17:08.937+0000] {dag.py:3328} INFO - Setting next_dagrun for example_local_kubernetes_executor to None, run_after=None
[2022-10-05T00:17:08.969+0000] {processor.py:178} INFO - Processing /home/airflow/.local/lib/python3.7/site-packages/airflow/example_dags/example_local_kubernetes_executor.py took 0.742 seconds
[2022-10-05T00:19:11.254+0000] {processor.py:156} INFO - Started process (PID=53) to work on /home/airflow/.local/lib/python3.7/site-packages/airflow/example_dags/example_local_kubernetes_executor.py
[2022-10-05T00:19:11.264+0000] {processor.py:758} INFO - Processing file /home/airflow/.local/lib/python3.7/site-packages/airflow/example_dags/example_local_kubernetes_executor.py for tasks to queue
[2022-10-05T00:19:11.268+0000] {logging_mixin.py:117} INFO - [2022-10-05T00:19:11.268+0000] {dagbag.py:525} INFO - Filling up the DagBag from /home/airflow/.local/lib/python3.7/site-packages/airflow/example_dags/example_local_kubernetes_executor.py
[2022-10-05T00:19:11.386+0000] {processor.py:768} INFO - DAG(s) dict_keys(['example_local_kubernetes_executor']) retrieved from /home/airflow/.local/lib/python3.7/site-packages/airflow/example_dags/example_local_kubernetes_executor.py
[2022-10-05T00:19:15.685+0000] {logging_mixin.py:117} INFO - [2022-10-05T00:19:15.678+0000] {dag.py:2573} INFO - Sync 1 DAGs
[2022-10-05T00:19:16.762+0000] {logging_mixin.py:117} INFO - [2022-10-05T00:19:16.762+0000] {dag.py:3328} INFO - Setting next_dagrun for example_local_kubernetes_executor to None, run_after=None
[2022-10-05T00:19:18.583+0000] {processor.py:178} INFO - Processing /home/airflow/.local/lib/python3.7/site-packages/airflow/example_dags/example_local_kubernetes_executor.py took 7.349 seconds
[2022-10-05T00:21:05.895+0000] {processor.py:156} INFO - Started process (PID=54) to work on /home/airflow/.local/lib/python3.7/site-packages/airflow/example_dags/example_local_kubernetes_executor.py
[2022-10-05T00:21:05.906+0000] {processor.py:758} INFO - Processing file /home/airflow/.local/lib/python3.7/site-packages/airflow/example_dags/example_local_kubernetes_executor.py for tasks to queue
[2022-10-05T00:21:05.910+0000] {logging_mixin.py:117} INFO - [2022-10-05T00:21:05.909+0000] {dagbag.py:525} INFO - Filling up the DagBag from /home/airflow/.local/lib/python3.7/site-packages/airflow/example_dags/example_local_kubernetes_executor.py
[2022-10-05T00:21:06.077+0000] {processor.py:768} INFO - DAG(s) dict_keys(['example_local_kubernetes_executor']) retrieved from /home/airflow/.local/lib/python3.7/site-packages/airflow/example_dags/example_local_kubernetes_executor.py
[2022-10-05T00:21:09.424+0000] {logging_mixin.py:117} INFO - [2022-10-05T00:21:09.416+0000] {dag.py:2573} INFO - Sync 1 DAGs
[2022-10-05T00:21:11.484+0000] {logging_mixin.py:117} INFO - [2022-10-05T00:21:11.379+0000] {dag.py:3328} INFO - Setting next_dagrun for example_local_kubernetes_executor to None, run_after=None
[2022-10-05T00:21:13.741+0000] {processor.py:178} INFO - Processing /home/airflow/.local/lib/python3.7/site-packages/airflow/example_dags/example_local_kubernetes_executor.py took 7.861 seconds
[2022-10-05T00:23:06.492+0000] {processor.py:156} INFO - Started process (PID=55) to work on /home/airflow/.local/lib/python3.7/site-packages/airflow/example_dags/example_local_kubernetes_executor.py
[2022-10-05T00:23:06.496+0000] {processor.py:758} INFO - Processing file /home/airflow/.local/lib/python3.7/site-packages/airflow/example_dags/example_local_kubernetes_executor.py for tasks to queue
[2022-10-05T00:23:06.499+0000] {logging_mixin.py:117} INFO - [2022-10-05T00:23:06.499+0000] {dagbag.py:525} INFO - Filling up the DagBag from /home/airflow/.local/lib/python3.7/site-packages/airflow/example_dags/example_local_kubernetes_executor.py
[2022-10-05T00:23:06.665+0000] {processor.py:768} INFO - DAG(s) dict_keys(['example_local_kubernetes_executor']) retrieved from /home/airflow/.local/lib/python3.7/site-packages/airflow/example_dags/example_local_kubernetes_executor.py
[2022-10-05T00:23:11.250+0000] {logging_mixin.py:117} INFO - [2022-10-05T00:23:11.241+0000] {dag.py:2573} INFO - Sync 1 DAGs
[2022-10-05T00:23:13.463+0000] {logging_mixin.py:117} INFO - [2022-10-05T00:23:13.460+0000] {dag.py:3328} INFO - Setting next_dagrun for example_local_kubernetes_executor to None, run_after=None
[2022-10-05T00:23:16.234+0000] {processor.py:178} INFO - Processing /home/airflow/.local/lib/python3.7/site-packages/airflow/example_dags/example_local_kubernetes_executor.py took 9.753 seconds
[2022-10-05T00:25:01.138+0000] {processor.py:156} INFO - Started process (PID=53) to work on /home/airflow/.local/lib/python3.7/site-packages/airflow/example_dags/example_local_kubernetes_executor.py
[2022-10-05T00:25:01.145+0000] {processor.py:758} INFO - Processing file /home/airflow/.local/lib/python3.7/site-packages/airflow/example_dags/example_local_kubernetes_executor.py for tasks to queue
[2022-10-05T00:25:01.149+0000] {logging_mixin.py:117} INFO - [2022-10-05T00:25:01.148+0000] {dagbag.py:525} INFO - Filling up the DagBag from /home/airflow/.local/lib/python3.7/site-packages/airflow/example_dags/example_local_kubernetes_executor.py
[2022-10-05T00:25:01.246+0000] {processor.py:768} INFO - DAG(s) dict_keys(['example_local_kubernetes_executor']) retrieved from /home/airflow/.local/lib/python3.7/site-packages/airflow/example_dags/example_local_kubernetes_executor.py
[2022-10-05T00:25:01.602+0000] {logging_mixin.py:117} INFO - [2022-10-05T00:25:01.602+0000] {dag.py:2573} INFO - Sync 1 DAGs
[2022-10-05T00:25:01.631+0000] {logging_mixin.py:117} INFO - [2022-10-05T00:25:01.631+0000] {dag.py:3328} INFO - Setting next_dagrun for example_local_kubernetes_executor to None, run_after=None
[2022-10-05T00:25:01.721+0000] {processor.py:178} INFO - Processing /home/airflow/.local/lib/python3.7/site-packages/airflow/example_dags/example_local_kubernetes_executor.py took 0.601 seconds
[2022-10-05T00:27:45.477+0000] {processor.py:156} INFO - Started process (PID=62) to work on /home/airflow/.local/lib/python3.7/site-packages/airflow/example_dags/example_local_kubernetes_executor.py
[2022-10-05T00:27:45.484+0000] {processor.py:758} INFO - Processing file /home/airflow/.local/lib/python3.7/site-packages/airflow/example_dags/example_local_kubernetes_executor.py for tasks to queue
[2022-10-05T00:27:45.486+0000] {logging_mixin.py:117} INFO - [2022-10-05T00:27:45.486+0000] {dagbag.py:525} INFO - Filling up the DagBag from /home/airflow/.local/lib/python3.7/site-packages/airflow/example_dags/example_local_kubernetes_executor.py
[2022-10-05T00:27:45.546+0000] {processor.py:768} INFO - DAG(s) dict_keys(['example_local_kubernetes_executor']) retrieved from /home/airflow/.local/lib/python3.7/site-packages/airflow/example_dags/example_local_kubernetes_executor.py
[2022-10-05T00:27:45.878+0000] {logging_mixin.py:117} INFO - [2022-10-05T00:27:45.878+0000] {dag.py:2573} INFO - Sync 1 DAGs
[2022-10-05T00:27:45.972+0000] {logging_mixin.py:117} INFO - [2022-10-05T00:27:45.972+0000] {dag.py:3328} INFO - Setting next_dagrun for example_local_kubernetes_executor to None, run_after=None
[2022-10-05T00:27:46.523+0000] {processor.py:178} INFO - Processing /home/airflow/.local/lib/python3.7/site-packages/airflow/example_dags/example_local_kubernetes_executor.py took 1.053 seconds
[2022-10-05T00:30:21.590+0000] {processor.py:156} INFO - Started process (PID=65) to work on /home/airflow/.local/lib/python3.7/site-packages/airflow/example_dags/example_local_kubernetes_executor.py
[2022-10-05T00:30:21.599+0000] {processor.py:758} INFO - Processing file /home/airflow/.local/lib/python3.7/site-packages/airflow/example_dags/example_local_kubernetes_executor.py for tasks to queue
[2022-10-05T00:30:21.610+0000] {logging_mixin.py:117} INFO - [2022-10-05T00:30:21.609+0000] {dagbag.py:525} INFO - Filling up the DagBag from /home/airflow/.local/lib/python3.7/site-packages/airflow/example_dags/example_local_kubernetes_executor.py
[2022-10-05T00:30:21.977+0000] {processor.py:768} INFO - DAG(s) dict_keys(['example_local_kubernetes_executor']) retrieved from /home/airflow/.local/lib/python3.7/site-packages/airflow/example_dags/example_local_kubernetes_executor.py
[2022-10-05T00:30:23.726+0000] {logging_mixin.py:117} INFO - [2022-10-05T00:30:23.725+0000] {dag.py:2573} INFO - Sync 1 DAGs
[2022-10-05T00:30:23.828+0000] {logging_mixin.py:117} INFO - [2022-10-05T00:30:23.828+0000] {dag.py:3328} INFO - Setting next_dagrun for example_local_kubernetes_executor to None, run_after=None
[2022-10-05T00:30:29.067+0000] {processor.py:178} INFO - Processing /home/airflow/.local/lib/python3.7/site-packages/airflow/example_dags/example_local_kubernetes_executor.py took 8.030 seconds
[2022-10-05T00:31:51.892+0000] {processor.py:156} INFO - Started process (PID=138) to work on /home/airflow/.local/lib/python3.7/site-packages/airflow/example_dags/example_local_kubernetes_executor.py
[2022-10-05T00:31:51.899+0000] {processor.py:758} INFO - Processing file /home/airflow/.local/lib/python3.7/site-packages/airflow/example_dags/example_local_kubernetes_executor.py for tasks to queue
[2022-10-05T00:31:51.909+0000] {logging_mixin.py:117} INFO - [2022-10-05T00:31:51.909+0000] {dagbag.py:525} INFO - Filling up the DagBag from /home/airflow/.local/lib/python3.7/site-packages/airflow/example_dags/example_local_kubernetes_executor.py
[2022-10-05T00:32:51.608+0000] {processor.py:156} INFO - Started process (PID=55) to work on /home/airflow/.local/lib/python3.7/site-packages/airflow/example_dags/example_local_kubernetes_executor.py
[2022-10-05T00:32:51.619+0000] {processor.py:758} INFO - Processing file /home/airflow/.local/lib/python3.7/site-packages/airflow/example_dags/example_local_kubernetes_executor.py for tasks to queue
[2022-10-05T00:32:51.620+0000] {logging_mixin.py:117} INFO - [2022-10-05T00:32:51.620+0000] {dagbag.py:525} INFO - Filling up the DagBag from /home/airflow/.local/lib/python3.7/site-packages/airflow/example_dags/example_local_kubernetes_executor.py
[2022-10-05T00:32:51.769+0000] {processor.py:768} INFO - DAG(s) dict_keys(['example_local_kubernetes_executor']) retrieved from /home/airflow/.local/lib/python3.7/site-packages/airflow/example_dags/example_local_kubernetes_executor.py
[2022-10-05T00:32:53.668+0000] {logging_mixin.py:117} INFO - [2022-10-05T00:32:53.665+0000] {dag.py:2573} INFO - Sync 1 DAGs
[2022-10-05T00:32:54.656+0000] {logging_mixin.py:117} INFO - [2022-10-05T00:32:54.652+0000] {dag.py:3328} INFO - Setting next_dagrun for example_local_kubernetes_executor to None, run_after=None
[2022-10-05T00:32:55.453+0000] {processor.py:178} INFO - Processing /home/airflow/.local/lib/python3.7/site-packages/airflow/example_dags/example_local_kubernetes_executor.py took 3.857 seconds
[2022-10-05T00:34:37.208+0000] {processor.py:156} INFO - Started process (PID=54) to work on /home/airflow/.local/lib/python3.7/site-packages/airflow/example_dags/example_local_kubernetes_executor.py
[2022-10-05T00:34:37.214+0000] {processor.py:758} INFO - Processing file /home/airflow/.local/lib/python3.7/site-packages/airflow/example_dags/example_local_kubernetes_executor.py for tasks to queue
[2022-10-05T00:34:37.215+0000] {logging_mixin.py:117} INFO - [2022-10-05T00:34:37.215+0000] {dagbag.py:525} INFO - Filling up the DagBag from /home/airflow/.local/lib/python3.7/site-packages/airflow/example_dags/example_local_kubernetes_executor.py
[2022-10-05T00:34:37.281+0000] {processor.py:768} INFO - DAG(s) dict_keys(['example_local_kubernetes_executor']) retrieved from /home/airflow/.local/lib/python3.7/site-packages/airflow/example_dags/example_local_kubernetes_executor.py
[2022-10-05T00:34:37.763+0000] {logging_mixin.py:117} INFO - [2022-10-05T00:34:37.763+0000] {dag.py:2573} INFO - Sync 1 DAGs
[2022-10-05T00:34:37.856+0000] {logging_mixin.py:117} INFO - [2022-10-05T00:34:37.856+0000] {dag.py:3328} INFO - Setting next_dagrun for example_local_kubernetes_executor to None, run_after=None
[2022-10-05T00:34:38.135+0000] {processor.py:178} INFO - Processing /home/airflow/.local/lib/python3.7/site-packages/airflow/example_dags/example_local_kubernetes_executor.py took 0.940 seconds
[2022-10-05T00:36:47.652+0000] {processor.py:156} INFO - Started process (PID=54) to work on /home/airflow/.local/lib/python3.7/site-packages/airflow/example_dags/example_local_kubernetes_executor.py
[2022-10-05T00:36:47.653+0000] {processor.py:758} INFO - Processing file /home/airflow/.local/lib/python3.7/site-packages/airflow/example_dags/example_local_kubernetes_executor.py for tasks to queue
[2022-10-05T00:36:47.654+0000] {logging_mixin.py:117} INFO - [2022-10-05T00:36:47.654+0000] {dagbag.py:525} INFO - Filling up the DagBag from /home/airflow/.local/lib/python3.7/site-packages/airflow/example_dags/example_local_kubernetes_executor.py
[2022-10-05T00:36:47.691+0000] {processor.py:768} INFO - DAG(s) dict_keys(['example_local_kubernetes_executor']) retrieved from /home/airflow/.local/lib/python3.7/site-packages/airflow/example_dags/example_local_kubernetes_executor.py
[2022-10-05T00:36:48.056+0000] {logging_mixin.py:117} INFO - [2022-10-05T00:36:48.056+0000] {dag.py:2573} INFO - Sync 1 DAGs
[2022-10-05T00:36:48.133+0000] {logging_mixin.py:117} INFO - [2022-10-05T00:36:48.133+0000] {dag.py:3328} INFO - Setting next_dagrun for example_local_kubernetes_executor to None, run_after=None
[2022-10-05T00:36:48.409+0000] {processor.py:178} INFO - Processing /home/airflow/.local/lib/python3.7/site-packages/airflow/example_dags/example_local_kubernetes_executor.py took 0.762 seconds
[2022-10-05T00:38:53.284+0000] {processor.py:156} INFO - Started process (PID=55) to work on /home/airflow/.local/lib/python3.7/site-packages/airflow/example_dags/example_local_kubernetes_executor.py
[2022-10-05T00:38:53.285+0000] {processor.py:758} INFO - Processing file /home/airflow/.local/lib/python3.7/site-packages/airflow/example_dags/example_local_kubernetes_executor.py for tasks to queue
[2022-10-05T00:38:53.287+0000] {logging_mixin.py:117} INFO - [2022-10-05T00:38:53.287+0000] {dagbag.py:525} INFO - Filling up the DagBag from /home/airflow/.local/lib/python3.7/site-packages/airflow/example_dags/example_local_kubernetes_executor.py
[2022-10-05T00:38:53.350+0000] {processor.py:768} INFO - DAG(s) dict_keys(['example_local_kubernetes_executor']) retrieved from /home/airflow/.local/lib/python3.7/site-packages/airflow/example_dags/example_local_kubernetes_executor.py
[2022-10-05T00:38:53.721+0000] {logging_mixin.py:117} INFO - [2022-10-05T00:38:53.721+0000] {dag.py:2573} INFO - Sync 1 DAGs
[2022-10-05T00:38:53.809+0000] {logging_mixin.py:117} INFO - [2022-10-05T00:38:53.808+0000] {dag.py:3328} INFO - Setting next_dagrun for example_local_kubernetes_executor to None, run_after=None
[2022-10-05T00:38:53.929+0000] {processor.py:178} INFO - Processing /home/airflow/.local/lib/python3.7/site-packages/airflow/example_dags/example_local_kubernetes_executor.py took 0.653 seconds
[2022-10-05T00:41:08.079+0000] {processor.py:156} INFO - Started process (PID=55) to work on /home/airflow/.local/lib/python3.7/site-packages/airflow/example_dags/example_local_kubernetes_executor.py
[2022-10-05T00:41:08.080+0000] {processor.py:758} INFO - Processing file /home/airflow/.local/lib/python3.7/site-packages/airflow/example_dags/example_local_kubernetes_executor.py for tasks to queue
[2022-10-05T00:41:08.081+0000] {logging_mixin.py:117} INFO - [2022-10-05T00:41:08.081+0000] {dagbag.py:525} INFO - Filling up the DagBag from /home/airflow/.local/lib/python3.7/site-packages/airflow/example_dags/example_local_kubernetes_executor.py
[2022-10-05T00:41:08.156+0000] {processor.py:768} INFO - DAG(s) dict_keys(['example_local_kubernetes_executor']) retrieved from /home/airflow/.local/lib/python3.7/site-packages/airflow/example_dags/example_local_kubernetes_executor.py
[2022-10-05T00:41:08.610+0000] {logging_mixin.py:117} INFO - [2022-10-05T00:41:08.610+0000] {dag.py:2573} INFO - Sync 1 DAGs
[2022-10-05T00:41:08.640+0000] {logging_mixin.py:117} INFO - [2022-10-05T00:41:08.639+0000] {dag.py:3328} INFO - Setting next_dagrun for example_local_kubernetes_executor to None, run_after=None
[2022-10-05T00:41:08.809+0000] {processor.py:178} INFO - Processing /home/airflow/.local/lib/python3.7/site-packages/airflow/example_dags/example_local_kubernetes_executor.py took 0.747 seconds
[2022-10-05T00:43:20.485+0000] {processor.py:156} INFO - Started process (PID=56) to work on /home/airflow/.local/lib/python3.7/site-packages/airflow/example_dags/example_local_kubernetes_executor.py
[2022-10-05T00:43:20.488+0000] {processor.py:758} INFO - Processing file /home/airflow/.local/lib/python3.7/site-packages/airflow/example_dags/example_local_kubernetes_executor.py for tasks to queue
[2022-10-05T00:43:20.503+0000] {logging_mixin.py:117} INFO - [2022-10-05T00:43:20.503+0000] {dagbag.py:525} INFO - Filling up the DagBag from /home/airflow/.local/lib/python3.7/site-packages/airflow/example_dags/example_local_kubernetes_executor.py
[2022-10-05T00:43:20.697+0000] {processor.py:768} INFO - DAG(s) dict_keys(['example_local_kubernetes_executor']) retrieved from /home/airflow/.local/lib/python3.7/site-packages/airflow/example_dags/example_local_kubernetes_executor.py
[2022-10-05T00:43:23.649+0000] {logging_mixin.py:117} INFO - [2022-10-05T00:43:23.648+0000] {dag.py:2573} INFO - Sync 1 DAGs
[2022-10-05T00:43:23.774+0000] {logging_mixin.py:117} INFO - [2022-10-05T00:43:23.774+0000] {dag.py:3328} INFO - Setting next_dagrun for example_local_kubernetes_executor to None, run_after=None
[2022-10-05T00:43:24.691+0000] {processor.py:178} INFO - Processing /home/airflow/.local/lib/python3.7/site-packages/airflow/example_dags/example_local_kubernetes_executor.py took 4.215 seconds
[2022-10-05T00:46:00.886+0000] {processor.py:156} INFO - Started process (PID=55) to work on /home/airflow/.local/lib/python3.7/site-packages/airflow/example_dags/example_local_kubernetes_executor.py
[2022-10-05T00:46:00.887+0000] {processor.py:758} INFO - Processing file /home/airflow/.local/lib/python3.7/site-packages/airflow/example_dags/example_local_kubernetes_executor.py for tasks to queue
[2022-10-05T00:46:00.889+0000] {logging_mixin.py:117} INFO - [2022-10-05T00:46:00.888+0000] {dagbag.py:525} INFO - Filling up the DagBag from /home/airflow/.local/lib/python3.7/site-packages/airflow/example_dags/example_local_kubernetes_executor.py
[2022-10-05T00:46:00.937+0000] {processor.py:768} INFO - DAG(s) dict_keys(['example_local_kubernetes_executor']) retrieved from /home/airflow/.local/lib/python3.7/site-packages/airflow/example_dags/example_local_kubernetes_executor.py
[2022-10-05T00:46:03.749+0000] {logging_mixin.py:117} INFO - [2022-10-05T00:46:03.748+0000] {dag.py:2573} INFO - Sync 1 DAGs
[2022-10-05T00:46:03.910+0000] {logging_mixin.py:117} INFO - [2022-10-05T00:46:03.910+0000] {dag.py:3328} INFO - Setting next_dagrun for example_local_kubernetes_executor to None, run_after=None
[2022-10-05T00:46:09.377+0000] {processor.py:178} INFO - Processing /home/airflow/.local/lib/python3.7/site-packages/airflow/example_dags/example_local_kubernetes_executor.py took 8.496 seconds
[2022-10-05T00:48:55.468+0000] {processor.py:156} INFO - Started process (PID=54) to work on /home/airflow/.local/lib/python3.7/site-packages/airflow/example_dags/example_local_kubernetes_executor.py
[2022-10-05T00:48:55.474+0000] {processor.py:758} INFO - Processing file /home/airflow/.local/lib/python3.7/site-packages/airflow/example_dags/example_local_kubernetes_executor.py for tasks to queue
[2022-10-05T00:48:55.480+0000] {logging_mixin.py:117} INFO - [2022-10-05T00:48:55.479+0000] {dagbag.py:525} INFO - Filling up the DagBag from /home/airflow/.local/lib/python3.7/site-packages/airflow/example_dags/example_local_kubernetes_executor.py
[2022-10-05T00:48:55.581+0000] {processor.py:768} INFO - DAG(s) dict_keys(['example_local_kubernetes_executor']) retrieved from /home/airflow/.local/lib/python3.7/site-packages/airflow/example_dags/example_local_kubernetes_executor.py
[2022-10-05T00:49:05.356+0000] {logging_mixin.py:117} INFO - [2022-10-05T00:49:05.346+0000] {dag.py:2573} INFO - Sync 1 DAGs
[2022-10-05T00:49:06.138+0000] {logging_mixin.py:117} INFO - [2022-10-05T00:49:06.136+0000] {dag.py:3328} INFO - Setting next_dagrun for example_local_kubernetes_executor to None, run_after=None
[2022-10-05T00:49:07.839+0000] {processor.py:178} INFO - Processing /home/airflow/.local/lib/python3.7/site-packages/airflow/example_dags/example_local_kubernetes_executor.py took 12.377 seconds
[2022-10-05T00:51:34.825+0000] {processor.py:156} INFO - Started process (PID=63) to work on /home/airflow/.local/lib/python3.7/site-packages/airflow/example_dags/example_local_kubernetes_executor.py
[2022-10-05T00:51:34.848+0000] {processor.py:758} INFO - Processing file /home/airflow/.local/lib/python3.7/site-packages/airflow/example_dags/example_local_kubernetes_executor.py for tasks to queue
[2022-10-05T00:51:34.865+0000] {logging_mixin.py:117} INFO - [2022-10-05T00:51:34.865+0000] {dagbag.py:525} INFO - Filling up the DagBag from /home/airflow/.local/lib/python3.7/site-packages/airflow/example_dags/example_local_kubernetes_executor.py
[2022-10-05T00:51:35.334+0000] {processor.py:768} INFO - DAG(s) dict_keys(['example_local_kubernetes_executor']) retrieved from /home/airflow/.local/lib/python3.7/site-packages/airflow/example_dags/example_local_kubernetes_executor.py
[2022-10-05T00:51:48.257+0000] {logging_mixin.py:117} INFO - [2022-10-05T00:51:48.255+0000] {dag.py:2573} INFO - Sync 1 DAGs
[2022-10-05T00:51:49.746+0000] {logging_mixin.py:117} INFO - [2022-10-05T00:51:49.746+0000] {dag.py:3328} INFO - Setting next_dagrun for example_local_kubernetes_executor to None, run_after=None
[2022-10-05T00:51:53.595+0000] {processor.py:178} INFO - Processing /home/airflow/.local/lib/python3.7/site-packages/airflow/example_dags/example_local_kubernetes_executor.py took 18.799 seconds
[2022-10-05T00:54:26.966+0000] {processor.py:156} INFO - Started process (PID=56) to work on /home/airflow/.local/lib/python3.7/site-packages/airflow/example_dags/example_local_kubernetes_executor.py
[2022-10-05T00:54:26.982+0000] {processor.py:758} INFO - Processing file /home/airflow/.local/lib/python3.7/site-packages/airflow/example_dags/example_local_kubernetes_executor.py for tasks to queue
[2022-10-05T00:54:26.993+0000] {logging_mixin.py:117} INFO - [2022-10-05T00:54:26.992+0000] {dagbag.py:525} INFO - Filling up the DagBag from /home/airflow/.local/lib/python3.7/site-packages/airflow/example_dags/example_local_kubernetes_executor.py
[2022-10-05T00:54:27.878+0000] {processor.py:768} INFO - DAG(s) dict_keys(['example_local_kubernetes_executor']) retrieved from /home/airflow/.local/lib/python3.7/site-packages/airflow/example_dags/example_local_kubernetes_executor.py
[2022-10-05T00:54:27.980+0000] {logging_mixin.py:117} INFO - [2022-10-05T00:54:27.980+0000] {dag.py:2573} INFO - Sync 1 DAGs
[2022-10-05T00:54:28.017+0000] {logging_mixin.py:117} INFO - [2022-10-05T00:54:28.016+0000] {dag.py:3328} INFO - Setting next_dagrun for example_local_kubernetes_executor to None, run_after=None
[2022-10-05T00:54:28.170+0000] {processor.py:178} INFO - Processing /home/airflow/.local/lib/python3.7/site-packages/airflow/example_dags/example_local_kubernetes_executor.py took 1.224 seconds
[2022-10-05T00:56:07.677+0000] {processor.py:156} INFO - Started process (PID=56) to work on /home/airflow/.local/lib/python3.7/site-packages/airflow/example_dags/example_local_kubernetes_executor.py
[2022-10-05T00:56:07.689+0000] {processor.py:758} INFO - Processing file /home/airflow/.local/lib/python3.7/site-packages/airflow/example_dags/example_local_kubernetes_executor.py for tasks to queue
[2022-10-05T00:56:07.700+0000] {logging_mixin.py:117} INFO - [2022-10-05T00:56:07.700+0000] {dagbag.py:525} INFO - Filling up the DagBag from /home/airflow/.local/lib/python3.7/site-packages/airflow/example_dags/example_local_kubernetes_executor.py
[2022-10-05T00:56:08.240+0000] {processor.py:768} INFO - DAG(s) dict_keys(['example_local_kubernetes_executor']) retrieved from /home/airflow/.local/lib/python3.7/site-packages/airflow/example_dags/example_local_kubernetes_executor.py
[2022-10-05T00:56:23.582+0000] {logging_mixin.py:117} INFO - [2022-10-05T00:56:23.489+0000] {dag.py:2573} INFO - Sync 1 DAGs
[2022-10-05T00:56:24.580+0000] {logging_mixin.py:117} INFO - [2022-10-05T00:56:24.579+0000] {dag.py:3328} INFO - Setting next_dagrun for example_local_kubernetes_executor to None, run_after=None
[2022-10-05T00:56:24.765+0000] {processor.py:178} INFO - Processing /home/airflow/.local/lib/python3.7/site-packages/airflow/example_dags/example_local_kubernetes_executor.py took 17.164 seconds
[2022-10-05T00:58:27.406+0000] {processor.py:156} INFO - Started process (PID=63) to work on /home/airflow/.local/lib/python3.7/site-packages/airflow/example_dags/example_local_kubernetes_executor.py
[2022-10-05T00:58:27.431+0000] {processor.py:758} INFO - Processing file /home/airflow/.local/lib/python3.7/site-packages/airflow/example_dags/example_local_kubernetes_executor.py for tasks to queue
[2022-10-05T00:58:27.449+0000] {logging_mixin.py:117} INFO - [2022-10-05T00:58:27.448+0000] {dagbag.py:525} INFO - Filling up the DagBag from /home/airflow/.local/lib/python3.7/site-packages/airflow/example_dags/example_local_kubernetes_executor.py
[2022-10-05T00:58:31.017+0000] {processor.py:768} INFO - DAG(s) dict_keys(['example_local_kubernetes_executor']) retrieved from /home/airflow/.local/lib/python3.7/site-packages/airflow/example_dags/example_local_kubernetes_executor.py
[2022-10-05T00:58:43.611+0000] {logging_mixin.py:117} INFO - [2022-10-05T00:58:43.563+0000] {dag.py:2573} INFO - Sync 1 DAGs
[2022-10-05T00:58:47.568+0000] {logging_mixin.py:117} INFO - [2022-10-05T00:58:47.556+0000] {dag.py:3328} INFO - Setting next_dagrun for example_local_kubernetes_executor to None, run_after=None
[2022-10-05T00:58:49.930+0000] {processor.py:178} INFO - Processing /home/airflow/.local/lib/python3.7/site-packages/airflow/example_dags/example_local_kubernetes_executor.py took 22.619 seconds
[2022-10-05T01:00:31.310+0000] {processor.py:156} INFO - Started process (PID=56) to work on /home/airflow/.local/lib/python3.7/site-packages/airflow/example_dags/example_local_kubernetes_executor.py
[2022-10-05T01:00:31.318+0000] {processor.py:758} INFO - Processing file /home/airflow/.local/lib/python3.7/site-packages/airflow/example_dags/example_local_kubernetes_executor.py for tasks to queue
[2022-10-05T01:00:31.323+0000] {logging_mixin.py:117} INFO - [2022-10-05T01:00:31.322+0000] {dagbag.py:525} INFO - Filling up the DagBag from /home/airflow/.local/lib/python3.7/site-packages/airflow/example_dags/example_local_kubernetes_executor.py
[2022-10-05T01:00:31.371+0000] {processor.py:768} INFO - DAG(s) dict_keys(['example_local_kubernetes_executor']) retrieved from /home/airflow/.local/lib/python3.7/site-packages/airflow/example_dags/example_local_kubernetes_executor.py
[2022-10-05T01:00:31.636+0000] {logging_mixin.py:117} INFO - [2022-10-05T01:00:31.635+0000] {dag.py:2573} INFO - Sync 1 DAGs
[2022-10-05T01:00:31.692+0000] {logging_mixin.py:117} INFO - [2022-10-05T01:00:31.692+0000] {dag.py:3328} INFO - Setting next_dagrun for example_local_kubernetes_executor to None, run_after=None
[2022-10-05T01:00:31.727+0000] {processor.py:178} INFO - Processing /home/airflow/.local/lib/python3.7/site-packages/airflow/example_dags/example_local_kubernetes_executor.py took 0.434 seconds
[2022-10-05T01:02:15.071+0000] {processor.py:156} INFO - Started process (PID=137) to work on /home/airflow/.local/lib/python3.7/site-packages/airflow/example_dags/example_local_kubernetes_executor.py
[2022-10-05T01:02:15.097+0000] {processor.py:758} INFO - Processing file /home/airflow/.local/lib/python3.7/site-packages/airflow/example_dags/example_local_kubernetes_executor.py for tasks to queue
[2022-10-05T01:02:15.110+0000] {logging_mixin.py:117} INFO - [2022-10-05T01:02:15.110+0000] {dagbag.py:525} INFO - Filling up the DagBag from /home/airflow/.local/lib/python3.7/site-packages/airflow/example_dags/example_local_kubernetes_executor.py
[2022-10-05T01:02:16.448+0000] {processor.py:768} INFO - DAG(s) dict_keys(['example_local_kubernetes_executor']) retrieved from /home/airflow/.local/lib/python3.7/site-packages/airflow/example_dags/example_local_kubernetes_executor.py
[2022-10-05T01:02:16.590+0000] {logging_mixin.py:117} INFO - [2022-10-05T01:02:16.590+0000] {dag.py:2573} INFO - Sync 1 DAGs
[2022-10-05T01:02:16.666+0000] {logging_mixin.py:117} INFO - [2022-10-05T01:02:16.666+0000] {dag.py:3328} INFO - Setting next_dagrun for example_local_kubernetes_executor to None, run_after=None
[2022-10-05T01:02:17.023+0000] {processor.py:178} INFO - Processing /home/airflow/.local/lib/python3.7/site-packages/airflow/example_dags/example_local_kubernetes_executor.py took 1.989 seconds
[2022-10-05T01:04:18.373+0000] {processor.py:156} INFO - Started process (PID=64) to work on /home/airflow/.local/lib/python3.7/site-packages/airflow/example_dags/example_local_kubernetes_executor.py
[2022-10-05T01:04:18.375+0000] {processor.py:758} INFO - Processing file /home/airflow/.local/lib/python3.7/site-packages/airflow/example_dags/example_local_kubernetes_executor.py for tasks to queue
[2022-10-05T01:04:18.383+0000] {logging_mixin.py:117} INFO - [2022-10-05T01:04:18.379+0000] {dagbag.py:525} INFO - Filling up the DagBag from /home/airflow/.local/lib/python3.7/site-packages/airflow/example_dags/example_local_kubernetes_executor.py
[2022-10-05T01:04:18.562+0000] {processor.py:768} INFO - DAG(s) dict_keys(['example_local_kubernetes_executor']) retrieved from /home/airflow/.local/lib/python3.7/site-packages/airflow/example_dags/example_local_kubernetes_executor.py
[2022-10-05T01:04:19.807+0000] {logging_mixin.py:117} INFO - [2022-10-05T01:04:19.807+0000] {dag.py:2573} INFO - Sync 1 DAGs
[2022-10-05T01:04:19.893+0000] {logging_mixin.py:117} INFO - [2022-10-05T01:04:19.893+0000] {dag.py:3328} INFO - Setting next_dagrun for example_local_kubernetes_executor to None, run_after=None
[2022-10-05T01:04:19.997+0000] {processor.py:178} INFO - Processing /home/airflow/.local/lib/python3.7/site-packages/airflow/example_dags/example_local_kubernetes_executor.py took 1.633 seconds
[2022-10-05T01:06:13.776+0000] {processor.py:156} INFO - Started process (PID=55) to work on /home/airflow/.local/lib/python3.7/site-packages/airflow/example_dags/example_local_kubernetes_executor.py
[2022-10-05T01:06:13.785+0000] {processor.py:758} INFO - Processing file /home/airflow/.local/lib/python3.7/site-packages/airflow/example_dags/example_local_kubernetes_executor.py for tasks to queue
[2022-10-05T01:06:13.796+0000] {logging_mixin.py:117} INFO - [2022-10-05T01:06:13.790+0000] {dagbag.py:525} INFO - Filling up the DagBag from /home/airflow/.local/lib/python3.7/site-packages/airflow/example_dags/example_local_kubernetes_executor.py
[2022-10-05T01:06:14.027+0000] {processor.py:768} INFO - DAG(s) dict_keys(['example_local_kubernetes_executor']) retrieved from /home/airflow/.local/lib/python3.7/site-packages/airflow/example_dags/example_local_kubernetes_executor.py
[2022-10-05T01:06:20.406+0000] {logging_mixin.py:117} INFO - [2022-10-05T01:06:20.397+0000] {dag.py:2573} INFO - Sync 1 DAGs
[2022-10-05T01:06:22.210+0000] {logging_mixin.py:117} INFO - [2022-10-05T01:06:22.162+0000] {dag.py:3328} INFO - Setting next_dagrun for example_local_kubernetes_executor to None, run_after=None
[2022-10-05T01:06:22.558+0000] {processor.py:178} INFO - Processing /home/airflow/.local/lib/python3.7/site-packages/airflow/example_dags/example_local_kubernetes_executor.py took 8.794 seconds
[2022-10-05T01:08:54.453+0000] {processor.py:156} INFO - Started process (PID=65) to work on /home/airflow/.local/lib/python3.7/site-packages/airflow/example_dags/example_local_kubernetes_executor.py
[2022-10-05T01:08:54.465+0000] {processor.py:758} INFO - Processing file /home/airflow/.local/lib/python3.7/site-packages/airflow/example_dags/example_local_kubernetes_executor.py for tasks to queue
[2022-10-05T01:08:54.479+0000] {logging_mixin.py:117} INFO - [2022-10-05T01:08:54.476+0000] {dagbag.py:525} INFO - Filling up the DagBag from /home/airflow/.local/lib/python3.7/site-packages/airflow/example_dags/example_local_kubernetes_executor.py
[2022-10-05T01:08:58.482+0000] {processor.py:768} INFO - DAG(s) dict_keys(['example_local_kubernetes_executor']) retrieved from /home/airflow/.local/lib/python3.7/site-packages/airflow/example_dags/example_local_kubernetes_executor.py
[2022-10-05T01:09:06.557+0000] {logging_mixin.py:117} INFO - [2022-10-05T01:09:06.498+0000] {dag.py:2573} INFO - Sync 1 DAGs
[2022-10-05T01:09:08.410+0000] {logging_mixin.py:117} INFO - [2022-10-05T01:09:08.409+0000] {dag.py:3328} INFO - Setting next_dagrun for example_local_kubernetes_executor to None, run_after=None
[2022-10-05T01:09:08.652+0000] {processor.py:178} INFO - Processing /home/airflow/.local/lib/python3.7/site-packages/airflow/example_dags/example_local_kubernetes_executor.py took 14.237 seconds
[2022-10-05T01:12:22.273+0000] {processor.py:156} INFO - Started process (PID=63) to work on /home/airflow/.local/lib/python3.7/site-packages/airflow/example_dags/example_local_kubernetes_executor.py
[2022-10-05T01:12:22.276+0000] {processor.py:758} INFO - Processing file /home/airflow/.local/lib/python3.7/site-packages/airflow/example_dags/example_local_kubernetes_executor.py for tasks to queue
[2022-10-05T01:12:22.278+0000] {logging_mixin.py:117} INFO - [2022-10-05T01:12:22.277+0000] {dagbag.py:525} INFO - Filling up the DagBag from /home/airflow/.local/lib/python3.7/site-packages/airflow/example_dags/example_local_kubernetes_executor.py
[2022-10-05T01:12:22.550+0000] {processor.py:768} INFO - DAG(s) dict_keys(['example_local_kubernetes_executor']) retrieved from /home/airflow/.local/lib/python3.7/site-packages/airflow/example_dags/example_local_kubernetes_executor.py
[2022-10-05T01:12:22.599+0000] {logging_mixin.py:117} INFO - [2022-10-05T01:12:22.599+0000] {dag.py:2573} INFO - Sync 1 DAGs
[2022-10-05T01:12:22.644+0000] {logging_mixin.py:117} INFO - [2022-10-05T01:12:22.644+0000] {dag.py:3328} INFO - Setting next_dagrun for example_local_kubernetes_executor to None, run_after=None
[2022-10-05T01:12:22.944+0000] {processor.py:178} INFO - Processing /home/airflow/.local/lib/python3.7/site-packages/airflow/example_dags/example_local_kubernetes_executor.py took 0.680 seconds
[2022-10-05T01:14:31.374+0000] {processor.py:156} INFO - Started process (PID=129) to work on /home/airflow/.local/lib/python3.7/site-packages/airflow/example_dags/example_local_kubernetes_executor.py
[2022-10-05T01:14:31.375+0000] {processor.py:758} INFO - Processing file /home/airflow/.local/lib/python3.7/site-packages/airflow/example_dags/example_local_kubernetes_executor.py for tasks to queue
[2022-10-05T01:14:31.377+0000] {logging_mixin.py:117} INFO - [2022-10-05T01:14:31.376+0000] {dagbag.py:525} INFO - Filling up the DagBag from /home/airflow/.local/lib/python3.7/site-packages/airflow/example_dags/example_local_kubernetes_executor.py
[2022-10-05T01:14:31.435+0000] {processor.py:768} INFO - DAG(s) dict_keys(['example_local_kubernetes_executor']) retrieved from /home/airflow/.local/lib/python3.7/site-packages/airflow/example_dags/example_local_kubernetes_executor.py
[2022-10-05T01:14:31.509+0000] {logging_mixin.py:117} INFO - [2022-10-05T01:14:31.509+0000] {dag.py:2573} INFO - Sync 1 DAGs
[2022-10-05T01:14:31.545+0000] {logging_mixin.py:117} INFO - [2022-10-05T01:14:31.545+0000] {dag.py:3328} INFO - Setting next_dagrun for example_local_kubernetes_executor to None, run_after=None
[2022-10-05T01:14:31.821+0000] {processor.py:178} INFO - Processing /home/airflow/.local/lib/python3.7/site-packages/airflow/example_dags/example_local_kubernetes_executor.py took 0.451 seconds
[2022-10-05T01:17:02.498+0000] {processor.py:156} INFO - Started process (PID=57) to work on /home/airflow/.local/lib/python3.7/site-packages/airflow/example_dags/example_local_kubernetes_executor.py
[2022-10-05T01:17:02.499+0000] {processor.py:758} INFO - Processing file /home/airflow/.local/lib/python3.7/site-packages/airflow/example_dags/example_local_kubernetes_executor.py for tasks to queue
[2022-10-05T01:17:02.500+0000] {logging_mixin.py:117} INFO - [2022-10-05T01:17:02.500+0000] {dagbag.py:525} INFO - Filling up the DagBag from /home/airflow/.local/lib/python3.7/site-packages/airflow/example_dags/example_local_kubernetes_executor.py
[2022-10-05T01:17:02.812+0000] {processor.py:768} INFO - DAG(s) dict_keys(['example_local_kubernetes_executor']) retrieved from /home/airflow/.local/lib/python3.7/site-packages/airflow/example_dags/example_local_kubernetes_executor.py
[2022-10-05T01:17:02.991+0000] {logging_mixin.py:117} INFO - [2022-10-05T01:17:02.991+0000] {dag.py:2573} INFO - Sync 1 DAGs
[2022-10-05T01:17:03.051+0000] {logging_mixin.py:117} INFO - [2022-10-05T01:17:03.051+0000] {dag.py:3328} INFO - Setting next_dagrun for example_local_kubernetes_executor to None, run_after=None
[2022-10-05T01:17:03.116+0000] {processor.py:178} INFO - Processing /home/airflow/.local/lib/python3.7/site-packages/airflow/example_dags/example_local_kubernetes_executor.py took 0.623 seconds
