[2022-10-05T00:00:23.811+0000] {processor.py:156} INFO - Started process (PID=44) to work on /home/airflow/.local/lib/python3.7/site-packages/airflow/example_dags/example_kubernetes_executor.py
[2022-10-05T00:00:23.814+0000] {processor.py:758} INFO - Processing file /home/airflow/.local/lib/python3.7/site-packages/airflow/example_dags/example_kubernetes_executor.py for tasks to queue
[2022-10-05T00:00:23.816+0000] {logging_mixin.py:117} INFO - [2022-10-05T00:00:23.815+0000] {dagbag.py:525} INFO - Filling up the DagBag from /home/airflow/.local/lib/python3.7/site-packages/airflow/example_dags/example_kubernetes_executor.py
[2022-10-05T00:00:23.918+0000] {processor.py:768} INFO - DAG(s) dict_keys(['example_kubernetes_executor']) retrieved from /home/airflow/.local/lib/python3.7/site-packages/airflow/example_dags/example_kubernetes_executor.py
[2022-10-05T00:00:25.601+0000] {logging_mixin.py:117} INFO - [2022-10-05T00:00:25.600+0000] {dag.py:2573} INFO - Sync 1 DAGs
[2022-10-05T00:00:25.678+0000] {logging_mixin.py:117} INFO - [2022-10-05T00:00:25.678+0000] {dag.py:3328} INFO - Setting next_dagrun for example_kubernetes_executor to None, run_after=None
[2022-10-05T00:00:28.684+0000] {processor.py:178} INFO - Processing /home/airflow/.local/lib/python3.7/site-packages/airflow/example_dags/example_kubernetes_executor.py took 4.881 seconds
[2022-10-05T00:02:29.119+0000] {processor.py:156} INFO - Started process (PID=44) to work on /home/airflow/.local/lib/python3.7/site-packages/airflow/example_dags/example_kubernetes_executor.py
[2022-10-05T00:02:29.122+0000] {processor.py:758} INFO - Processing file /home/airflow/.local/lib/python3.7/site-packages/airflow/example_dags/example_kubernetes_executor.py for tasks to queue
[2022-10-05T00:02:29.124+0000] {logging_mixin.py:117} INFO - [2022-10-05T00:02:29.124+0000] {dagbag.py:525} INFO - Filling up the DagBag from /home/airflow/.local/lib/python3.7/site-packages/airflow/example_dags/example_kubernetes_executor.py
[2022-10-05T00:02:29.286+0000] {processor.py:768} INFO - DAG(s) dict_keys(['example_kubernetes_executor']) retrieved from /home/airflow/.local/lib/python3.7/site-packages/airflow/example_dags/example_kubernetes_executor.py
[2022-10-05T00:02:29.732+0000] {logging_mixin.py:117} INFO - [2022-10-05T00:02:29.730+0000] {dag.py:2573} INFO - Sync 1 DAGs
[2022-10-05T00:02:30.361+0000] {logging_mixin.py:117} INFO - [2022-10-05T00:02:30.347+0000] {dag.py:3328} INFO - Setting next_dagrun for example_kubernetes_executor to None, run_after=None
[2022-10-05T00:02:34.132+0000] {processor.py:178} INFO - Processing /home/airflow/.local/lib/python3.7/site-packages/airflow/example_dags/example_kubernetes_executor.py took 5.021 seconds
[2022-10-05T00:04:20.970+0000] {processor.py:156} INFO - Started process (PID=44) to work on /home/airflow/.local/lib/python3.7/site-packages/airflow/example_dags/example_kubernetes_executor.py
[2022-10-05T00:04:20.976+0000] {processor.py:758} INFO - Processing file /home/airflow/.local/lib/python3.7/site-packages/airflow/example_dags/example_kubernetes_executor.py for tasks to queue
[2022-10-05T00:04:20.979+0000] {logging_mixin.py:117} INFO - [2022-10-05T00:04:20.978+0000] {dagbag.py:525} INFO - Filling up the DagBag from /home/airflow/.local/lib/python3.7/site-packages/airflow/example_dags/example_kubernetes_executor.py
[2022-10-05T00:04:21.113+0000] {processor.py:768} INFO - DAG(s) dict_keys(['example_kubernetes_executor']) retrieved from /home/airflow/.local/lib/python3.7/site-packages/airflow/example_dags/example_kubernetes_executor.py
[2022-10-05T00:04:22.569+0000] {logging_mixin.py:117} INFO - [2022-10-05T00:04:22.568+0000] {dag.py:2573} INFO - Sync 1 DAGs
[2022-10-05T00:04:22.870+0000] {logging_mixin.py:117} INFO - [2022-10-05T00:04:22.870+0000] {dag.py:3328} INFO - Setting next_dagrun for example_kubernetes_executor to None, run_after=None
[2022-10-05T00:04:23.990+0000] {processor.py:178} INFO - Processing /home/airflow/.local/lib/python3.7/site-packages/airflow/example_dags/example_kubernetes_executor.py took 3.025 seconds
[2022-10-05T00:06:21.896+0000] {processor.py:156} INFO - Started process (PID=43) to work on /home/airflow/.local/lib/python3.7/site-packages/airflow/example_dags/example_kubernetes_executor.py
[2022-10-05T00:06:21.900+0000] {processor.py:758} INFO - Processing file /home/airflow/.local/lib/python3.7/site-packages/airflow/example_dags/example_kubernetes_executor.py for tasks to queue
[2022-10-05T00:06:21.904+0000] {logging_mixin.py:117} INFO - [2022-10-05T00:06:21.902+0000] {dagbag.py:525} INFO - Filling up the DagBag from /home/airflow/.local/lib/python3.7/site-packages/airflow/example_dags/example_kubernetes_executor.py
[2022-10-05T00:06:22.090+0000] {processor.py:768} INFO - DAG(s) dict_keys(['example_kubernetes_executor']) retrieved from /home/airflow/.local/lib/python3.7/site-packages/airflow/example_dags/example_kubernetes_executor.py
[2022-10-05T00:06:24.483+0000] {logging_mixin.py:117} INFO - [2022-10-05T00:06:24.471+0000] {dag.py:2573} INFO - Sync 1 DAGs
[2022-10-05T00:06:25.931+0000] {logging_mixin.py:117} INFO - [2022-10-05T00:06:25.927+0000] {dag.py:3328} INFO - Setting next_dagrun for example_kubernetes_executor to None, run_after=None
[2022-10-05T00:06:26.734+0000] {processor.py:178} INFO - Processing /home/airflow/.local/lib/python3.7/site-packages/airflow/example_dags/example_kubernetes_executor.py took 4.851 seconds
[2022-10-05T00:08:24.101+0000] {processor.py:156} INFO - Started process (PID=51) to work on /home/airflow/.local/lib/python3.7/site-packages/airflow/example_dags/example_kubernetes_executor.py
[2022-10-05T00:08:24.118+0000] {processor.py:758} INFO - Processing file /home/airflow/.local/lib/python3.7/site-packages/airflow/example_dags/example_kubernetes_executor.py for tasks to queue
[2022-10-05T00:08:24.119+0000] {logging_mixin.py:117} INFO - [2022-10-05T00:08:24.119+0000] {dagbag.py:525} INFO - Filling up the DagBag from /home/airflow/.local/lib/python3.7/site-packages/airflow/example_dags/example_kubernetes_executor.py
[2022-10-05T00:08:24.585+0000] {processor.py:768} INFO - DAG(s) dict_keys(['example_kubernetes_executor']) retrieved from /home/airflow/.local/lib/python3.7/site-packages/airflow/example_dags/example_kubernetes_executor.py
[2022-10-05T00:08:31.279+0000] {logging_mixin.py:117} INFO - [2022-10-05T00:08:31.260+0000] {dag.py:2573} INFO - Sync 1 DAGs
[2022-10-05T00:08:39.021+0000] {logging_mixin.py:117} INFO - [2022-10-05T00:08:38.989+0000] {dag.py:3328} INFO - Setting next_dagrun for example_kubernetes_executor to None, run_after=None
[2022-10-05T00:08:41.350+0000] {processor.py:178} INFO - Processing /home/airflow/.local/lib/python3.7/site-packages/airflow/example_dags/example_kubernetes_executor.py took 17.257 seconds
[2022-10-05T00:09:12.269+0000] {processor.py:156} INFO - Started process (PID=109) to work on /home/airflow/.local/lib/python3.7/site-packages/airflow/example_dags/example_kubernetes_executor.py
[2022-10-05T00:09:12.273+0000] {processor.py:758} INFO - Processing file /home/airflow/.local/lib/python3.7/site-packages/airflow/example_dags/example_kubernetes_executor.py for tasks to queue
[2022-10-05T00:09:12.289+0000] {logging_mixin.py:117} INFO - [2022-10-05T00:09:12.288+0000] {dagbag.py:525} INFO - Filling up the DagBag from /home/airflow/.local/lib/python3.7/site-packages/airflow/example_dags/example_kubernetes_executor.py
[2022-10-05T00:10:20.288+0000] {processor.py:156} INFO - Started process (PID=59) to work on /home/airflow/.local/lib/python3.7/site-packages/airflow/example_dags/example_kubernetes_executor.py
[2022-10-05T00:10:20.293+0000] {processor.py:758} INFO - Processing file /home/airflow/.local/lib/python3.7/site-packages/airflow/example_dags/example_kubernetes_executor.py for tasks to queue
[2022-10-05T00:10:20.306+0000] {logging_mixin.py:117} INFO - [2022-10-05T00:10:20.303+0000] {dagbag.py:525} INFO - Filling up the DagBag from /home/airflow/.local/lib/python3.7/site-packages/airflow/example_dags/example_kubernetes_executor.py
[2022-10-05T00:10:20.522+0000] {processor.py:768} INFO - DAG(s) dict_keys(['example_kubernetes_executor']) retrieved from /home/airflow/.local/lib/python3.7/site-packages/airflow/example_dags/example_kubernetes_executor.py
[2022-10-05T00:10:29.531+0000] {logging_mixin.py:117} INFO - [2022-10-05T00:10:29.517+0000] {dag.py:2573} INFO - Sync 1 DAGs
[2022-10-05T00:10:29.957+0000] {logging_mixin.py:117} INFO - [2022-10-05T00:10:29.955+0000] {dag.py:3328} INFO - Setting next_dagrun for example_kubernetes_executor to None, run_after=None
[2022-10-05T00:10:44.799+0000] {processor.py:178} INFO - Processing /home/airflow/.local/lib/python3.7/site-packages/airflow/example_dags/example_kubernetes_executor.py took 24.518 seconds
[2022-10-05T00:12:42.773+0000] {processor.py:156} INFO - Started process (PID=52) to work on /home/airflow/.local/lib/python3.7/site-packages/airflow/example_dags/example_kubernetes_executor.py
[2022-10-05T00:12:42.787+0000] {processor.py:758} INFO - Processing file /home/airflow/.local/lib/python3.7/site-packages/airflow/example_dags/example_kubernetes_executor.py for tasks to queue
[2022-10-05T00:12:42.793+0000] {logging_mixin.py:117} INFO - [2022-10-05T00:12:42.793+0000] {dagbag.py:525} INFO - Filling up the DagBag from /home/airflow/.local/lib/python3.7/site-packages/airflow/example_dags/example_kubernetes_executor.py
[2022-10-05T00:12:43.007+0000] {processor.py:768} INFO - DAG(s) dict_keys(['example_kubernetes_executor']) retrieved from /home/airflow/.local/lib/python3.7/site-packages/airflow/example_dags/example_kubernetes_executor.py
[2022-10-05T00:12:46.531+0000] {logging_mixin.py:117} INFO - [2022-10-05T00:12:46.529+0000] {dag.py:2573} INFO - Sync 1 DAGs
[2022-10-05T00:12:46.924+0000] {logging_mixin.py:117} INFO - [2022-10-05T00:12:46.923+0000] {dag.py:3328} INFO - Setting next_dagrun for example_kubernetes_executor to None, run_after=None
[2022-10-05T00:12:49.880+0000] {processor.py:178} INFO - Processing /home/airflow/.local/lib/python3.7/site-packages/airflow/example_dags/example_kubernetes_executor.py took 7.135 seconds
[2022-10-05T00:15:13.225+0000] {processor.py:156} INFO - Started process (PID=59) to work on /home/airflow/.local/lib/python3.7/site-packages/airflow/example_dags/example_kubernetes_executor.py
[2022-10-05T00:15:13.230+0000] {processor.py:758} INFO - Processing file /home/airflow/.local/lib/python3.7/site-packages/airflow/example_dags/example_kubernetes_executor.py for tasks to queue
[2022-10-05T00:15:13.244+0000] {logging_mixin.py:117} INFO - [2022-10-05T00:15:13.244+0000] {dagbag.py:525} INFO - Filling up the DagBag from /home/airflow/.local/lib/python3.7/site-packages/airflow/example_dags/example_kubernetes_executor.py
[2022-10-05T00:15:13.887+0000] {processor.py:768} INFO - DAG(s) dict_keys(['example_kubernetes_executor']) retrieved from /home/airflow/.local/lib/python3.7/site-packages/airflow/example_dags/example_kubernetes_executor.py
[2022-10-05T00:15:26.663+0000] {logging_mixin.py:117} INFO - [2022-10-05T00:15:26.662+0000] {dag.py:2573} INFO - Sync 1 DAGs
[2022-10-05T00:15:27.279+0000] {logging_mixin.py:117} INFO - [2022-10-05T00:15:27.278+0000] {dag.py:3328} INFO - Setting next_dagrun for example_kubernetes_executor to None, run_after=None
[2022-10-05T00:15:27.750+0000] {processor.py:178} INFO - Processing /home/airflow/.local/lib/python3.7/site-packages/airflow/example_dags/example_kubernetes_executor.py took 14.554 seconds
[2022-10-05T00:17:07.762+0000] {processor.py:156} INFO - Started process (PID=53) to work on /home/airflow/.local/lib/python3.7/site-packages/airflow/example_dags/example_kubernetes_executor.py
[2022-10-05T00:17:07.763+0000] {processor.py:758} INFO - Processing file /home/airflow/.local/lib/python3.7/site-packages/airflow/example_dags/example_kubernetes_executor.py for tasks to queue
[2022-10-05T00:17:07.764+0000] {logging_mixin.py:117} INFO - [2022-10-05T00:17:07.764+0000] {dagbag.py:525} INFO - Filling up the DagBag from /home/airflow/.local/lib/python3.7/site-packages/airflow/example_dags/example_kubernetes_executor.py
[2022-10-05T00:17:07.813+0000] {processor.py:768} INFO - DAG(s) dict_keys(['example_kubernetes_executor']) retrieved from /home/airflow/.local/lib/python3.7/site-packages/airflow/example_dags/example_kubernetes_executor.py
[2022-10-05T00:17:08.030+0000] {logging_mixin.py:117} INFO - [2022-10-05T00:17:08.029+0000] {dag.py:2573} INFO - Sync 1 DAGs
[2022-10-05T00:17:08.061+0000] {logging_mixin.py:117} INFO - [2022-10-05T00:17:08.060+0000] {dag.py:3328} INFO - Setting next_dagrun for example_kubernetes_executor to None, run_after=None
[2022-10-05T00:17:08.177+0000] {processor.py:178} INFO - Processing /home/airflow/.local/lib/python3.7/site-packages/airflow/example_dags/example_kubernetes_executor.py took 0.420 seconds
[2022-10-05T00:19:11.139+0000] {processor.py:156} INFO - Started process (PID=52) to work on /home/airflow/.local/lib/python3.7/site-packages/airflow/example_dags/example_kubernetes_executor.py
[2022-10-05T00:19:11.140+0000] {processor.py:758} INFO - Processing file /home/airflow/.local/lib/python3.7/site-packages/airflow/example_dags/example_kubernetes_executor.py for tasks to queue
[2022-10-05T00:19:11.148+0000] {logging_mixin.py:117} INFO - [2022-10-05T00:19:11.147+0000] {dagbag.py:525} INFO - Filling up the DagBag from /home/airflow/.local/lib/python3.7/site-packages/airflow/example_dags/example_kubernetes_executor.py
[2022-10-05T00:19:11.355+0000] {processor.py:768} INFO - DAG(s) dict_keys(['example_kubernetes_executor']) retrieved from /home/airflow/.local/lib/python3.7/site-packages/airflow/example_dags/example_kubernetes_executor.py
[2022-10-05T00:19:16.680+0000] {logging_mixin.py:117} INFO - [2022-10-05T00:19:16.678+0000] {dag.py:2573} INFO - Sync 1 DAGs
[2022-10-05T00:19:16.846+0000] {logging_mixin.py:117} INFO - [2022-10-05T00:19:16.846+0000] {dag.py:3328} INFO - Setting next_dagrun for example_kubernetes_executor to None, run_after=None
[2022-10-05T00:19:18.618+0000] {processor.py:178} INFO - Processing /home/airflow/.local/lib/python3.7/site-packages/airflow/example_dags/example_kubernetes_executor.py took 7.495 seconds
[2022-10-05T00:21:05.574+0000] {processor.py:156} INFO - Started process (PID=53) to work on /home/airflow/.local/lib/python3.7/site-packages/airflow/example_dags/example_kubernetes_executor.py
[2022-10-05T00:21:05.577+0000] {processor.py:758} INFO - Processing file /home/airflow/.local/lib/python3.7/site-packages/airflow/example_dags/example_kubernetes_executor.py for tasks to queue
[2022-10-05T00:21:05.580+0000] {logging_mixin.py:117} INFO - [2022-10-05T00:21:05.580+0000] {dagbag.py:525} INFO - Filling up the DagBag from /home/airflow/.local/lib/python3.7/site-packages/airflow/example_dags/example_kubernetes_executor.py
[2022-10-05T00:21:05.767+0000] {processor.py:768} INFO - DAG(s) dict_keys(['example_kubernetes_executor']) retrieved from /home/airflow/.local/lib/python3.7/site-packages/airflow/example_dags/example_kubernetes_executor.py
[2022-10-05T00:21:09.426+0000] {logging_mixin.py:117} INFO - [2022-10-05T00:21:09.416+0000] {dag.py:2573} INFO - Sync 1 DAGs
[2022-10-05T00:21:11.484+0000] {logging_mixin.py:117} INFO - [2022-10-05T00:21:11.393+0000] {dag.py:3328} INFO - Setting next_dagrun for example_kubernetes_executor to None, run_after=None
[2022-10-05T00:21:13.704+0000] {processor.py:178} INFO - Processing /home/airflow/.local/lib/python3.7/site-packages/airflow/example_dags/example_kubernetes_executor.py took 8.160 seconds
[2022-10-05T00:22:04.741+0000] {processor.py:156} INFO - Started process (PID=117) to work on /home/airflow/.local/lib/python3.7/site-packages/airflow/example_dags/example_kubernetes_executor.py
[2022-10-05T00:22:04.742+0000] {processor.py:758} INFO - Processing file /home/airflow/.local/lib/python3.7/site-packages/airflow/example_dags/example_kubernetes_executor.py for tasks to queue
[2022-10-05T00:22:04.743+0000] {logging_mixin.py:117} INFO - [2022-10-05T00:22:04.743+0000] {dagbag.py:525} INFO - Filling up the DagBag from /home/airflow/.local/lib/python3.7/site-packages/airflow/example_dags/example_kubernetes_executor.py
[2022-10-05T00:23:06.479+0000] {processor.py:156} INFO - Started process (PID=54) to work on /home/airflow/.local/lib/python3.7/site-packages/airflow/example_dags/example_kubernetes_executor.py
[2022-10-05T00:23:06.492+0000] {processor.py:758} INFO - Processing file /home/airflow/.local/lib/python3.7/site-packages/airflow/example_dags/example_kubernetes_executor.py for tasks to queue
[2022-10-05T00:23:06.493+0000] {logging_mixin.py:117} INFO - [2022-10-05T00:23:06.493+0000] {dagbag.py:525} INFO - Filling up the DagBag from /home/airflow/.local/lib/python3.7/site-packages/airflow/example_dags/example_kubernetes_executor.py
[2022-10-05T00:23:06.686+0000] {processor.py:768} INFO - DAG(s) dict_keys(['example_kubernetes_executor']) retrieved from /home/airflow/.local/lib/python3.7/site-packages/airflow/example_dags/example_kubernetes_executor.py
[2022-10-05T00:23:11.107+0000] {logging_mixin.py:117} INFO - [2022-10-05T00:23:11.105+0000] {dag.py:2573} INFO - Sync 1 DAGs
[2022-10-05T00:23:13.129+0000] {logging_mixin.py:117} INFO - [2022-10-05T00:23:13.115+0000] {dag.py:3328} INFO - Setting next_dagrun for example_kubernetes_executor to None, run_after=None
[2022-10-05T00:23:15.648+0000] {processor.py:178} INFO - Processing /home/airflow/.local/lib/python3.7/site-packages/airflow/example_dags/example_kubernetes_executor.py took 9.180 seconds
[2022-10-05T00:25:01.109+0000] {processor.py:156} INFO - Started process (PID=52) to work on /home/airflow/.local/lib/python3.7/site-packages/airflow/example_dags/example_kubernetes_executor.py
[2022-10-05T00:25:01.111+0000] {processor.py:758} INFO - Processing file /home/airflow/.local/lib/python3.7/site-packages/airflow/example_dags/example_kubernetes_executor.py for tasks to queue
[2022-10-05T00:25:01.112+0000] {logging_mixin.py:117} INFO - [2022-10-05T00:25:01.112+0000] {dagbag.py:525} INFO - Filling up the DagBag from /home/airflow/.local/lib/python3.7/site-packages/airflow/example_dags/example_kubernetes_executor.py
[2022-10-05T00:25:01.156+0000] {processor.py:768} INFO - DAG(s) dict_keys(['example_kubernetes_executor']) retrieved from /home/airflow/.local/lib/python3.7/site-packages/airflow/example_dags/example_kubernetes_executor.py
[2022-10-05T00:25:01.452+0000] {logging_mixin.py:117} INFO - [2022-10-05T00:25:01.452+0000] {dag.py:2573} INFO - Sync 1 DAGs
[2022-10-05T00:25:01.550+0000] {logging_mixin.py:117} INFO - [2022-10-05T00:25:01.550+0000] {dag.py:3328} INFO - Setting next_dagrun for example_kubernetes_executor to None, run_after=None
[2022-10-05T00:25:01.670+0000] {processor.py:178} INFO - Processing /home/airflow/.local/lib/python3.7/site-packages/airflow/example_dags/example_kubernetes_executor.py took 0.568 seconds
[2022-10-05T00:27:45.413+0000] {processor.py:156} INFO - Started process (PID=61) to work on /home/airflow/.local/lib/python3.7/site-packages/airflow/example_dags/example_kubernetes_executor.py
[2022-10-05T00:27:45.425+0000] {processor.py:758} INFO - Processing file /home/airflow/.local/lib/python3.7/site-packages/airflow/example_dags/example_kubernetes_executor.py for tasks to queue
[2022-10-05T00:27:45.426+0000] {logging_mixin.py:117} INFO - [2022-10-05T00:27:45.426+0000] {dagbag.py:525} INFO - Filling up the DagBag from /home/airflow/.local/lib/python3.7/site-packages/airflow/example_dags/example_kubernetes_executor.py
[2022-10-05T00:27:45.497+0000] {processor.py:768} INFO - DAG(s) dict_keys(['example_kubernetes_executor']) retrieved from /home/airflow/.local/lib/python3.7/site-packages/airflow/example_dags/example_kubernetes_executor.py
[2022-10-05T00:27:45.889+0000] {logging_mixin.py:117} INFO - [2022-10-05T00:27:45.888+0000] {dag.py:2573} INFO - Sync 1 DAGs
[2022-10-05T00:27:45.932+0000] {logging_mixin.py:117} INFO - [2022-10-05T00:27:45.932+0000] {dag.py:3328} INFO - Setting next_dagrun for example_kubernetes_executor to None, run_after=None
[2022-10-05T00:27:46.496+0000] {processor.py:178} INFO - Processing /home/airflow/.local/lib/python3.7/site-packages/airflow/example_dags/example_kubernetes_executor.py took 1.089 seconds
[2022-10-05T00:30:21.043+0000] {processor.py:156} INFO - Started process (PID=64) to work on /home/airflow/.local/lib/python3.7/site-packages/airflow/example_dags/example_kubernetes_executor.py
[2022-10-05T00:30:21.046+0000] {processor.py:758} INFO - Processing file /home/airflow/.local/lib/python3.7/site-packages/airflow/example_dags/example_kubernetes_executor.py for tasks to queue
[2022-10-05T00:30:21.050+0000] {logging_mixin.py:117} INFO - [2022-10-05T00:30:21.050+0000] {dagbag.py:525} INFO - Filling up the DagBag from /home/airflow/.local/lib/python3.7/site-packages/airflow/example_dags/example_kubernetes_executor.py
[2022-10-05T00:30:21.326+0000] {processor.py:768} INFO - DAG(s) dict_keys(['example_kubernetes_executor']) retrieved from /home/airflow/.local/lib/python3.7/site-packages/airflow/example_dags/example_kubernetes_executor.py
[2022-10-05T00:30:22.605+0000] {logging_mixin.py:117} INFO - [2022-10-05T00:30:22.605+0000] {dag.py:2573} INFO - Sync 1 DAGs
[2022-10-05T00:30:22.798+0000] {logging_mixin.py:117} INFO - [2022-10-05T00:30:22.796+0000] {dag.py:3328} INFO - Setting next_dagrun for example_kubernetes_executor to None, run_after=None
[2022-10-05T00:30:29.068+0000] {processor.py:178} INFO - Processing /home/airflow/.local/lib/python3.7/site-packages/airflow/example_dags/example_kubernetes_executor.py took 8.583 seconds
[2022-10-05T00:31:51.756+0000] {processor.py:156} INFO - Started process (PID=137) to work on /home/airflow/.local/lib/python3.7/site-packages/airflow/example_dags/example_kubernetes_executor.py
[2022-10-05T00:31:51.764+0000] {processor.py:758} INFO - Processing file /home/airflow/.local/lib/python3.7/site-packages/airflow/example_dags/example_kubernetes_executor.py for tasks to queue
[2022-10-05T00:31:51.769+0000] {logging_mixin.py:117} INFO - [2022-10-05T00:31:51.769+0000] {dagbag.py:525} INFO - Filling up the DagBag from /home/airflow/.local/lib/python3.7/site-packages/airflow/example_dags/example_kubernetes_executor.py
[2022-10-05T00:32:51.310+0000] {processor.py:156} INFO - Started process (PID=54) to work on /home/airflow/.local/lib/python3.7/site-packages/airflow/example_dags/example_kubernetes_executor.py
[2022-10-05T00:32:51.316+0000] {processor.py:758} INFO - Processing file /home/airflow/.local/lib/python3.7/site-packages/airflow/example_dags/example_kubernetes_executor.py for tasks to queue
[2022-10-05T00:32:51.321+0000] {logging_mixin.py:117} INFO - [2022-10-05T00:32:51.321+0000] {dagbag.py:525} INFO - Filling up the DagBag from /home/airflow/.local/lib/python3.7/site-packages/airflow/example_dags/example_kubernetes_executor.py
[2022-10-05T00:32:51.652+0000] {processor.py:768} INFO - DAG(s) dict_keys(['example_kubernetes_executor']) retrieved from /home/airflow/.local/lib/python3.7/site-packages/airflow/example_dags/example_kubernetes_executor.py
[2022-10-05T00:32:53.817+0000] {logging_mixin.py:117} INFO - [2022-10-05T00:32:53.815+0000] {dag.py:2573} INFO - Sync 1 DAGs
[2022-10-05T00:32:54.691+0000] {logging_mixin.py:117} INFO - [2022-10-05T00:32:54.691+0000] {dag.py:3328} INFO - Setting next_dagrun for example_kubernetes_executor to None, run_after=None
[2022-10-05T00:32:55.480+0000] {processor.py:178} INFO - Processing /home/airflow/.local/lib/python3.7/site-packages/airflow/example_dags/example_kubernetes_executor.py took 4.195 seconds
[2022-10-05T00:34:37.166+0000] {processor.py:156} INFO - Started process (PID=53) to work on /home/airflow/.local/lib/python3.7/site-packages/airflow/example_dags/example_kubernetes_executor.py
[2022-10-05T00:34:37.173+0000] {processor.py:758} INFO - Processing file /home/airflow/.local/lib/python3.7/site-packages/airflow/example_dags/example_kubernetes_executor.py for tasks to queue
[2022-10-05T00:34:37.174+0000] {logging_mixin.py:117} INFO - [2022-10-05T00:34:37.174+0000] {dagbag.py:525} INFO - Filling up the DagBag from /home/airflow/.local/lib/python3.7/site-packages/airflow/example_dags/example_kubernetes_executor.py
[2022-10-05T00:34:37.235+0000] {processor.py:768} INFO - DAG(s) dict_keys(['example_kubernetes_executor']) retrieved from /home/airflow/.local/lib/python3.7/site-packages/airflow/example_dags/example_kubernetes_executor.py
[2022-10-05T00:34:37.770+0000] {logging_mixin.py:117} INFO - [2022-10-05T00:34:37.770+0000] {dag.py:2573} INFO - Sync 1 DAGs
[2022-10-05T00:34:37.801+0000] {logging_mixin.py:117} INFO - [2022-10-05T00:34:37.801+0000] {dag.py:3328} INFO - Setting next_dagrun for example_kubernetes_executor to None, run_after=None
[2022-10-05T00:34:38.021+0000] {processor.py:178} INFO - Processing /home/airflow/.local/lib/python3.7/site-packages/airflow/example_dags/example_kubernetes_executor.py took 0.860 seconds
[2022-10-05T00:36:47.637+0000] {processor.py:156} INFO - Started process (PID=53) to work on /home/airflow/.local/lib/python3.7/site-packages/airflow/example_dags/example_kubernetes_executor.py
[2022-10-05T00:36:47.638+0000] {processor.py:758} INFO - Processing file /home/airflow/.local/lib/python3.7/site-packages/airflow/example_dags/example_kubernetes_executor.py for tasks to queue
[2022-10-05T00:36:47.639+0000] {logging_mixin.py:117} INFO - [2022-10-05T00:36:47.639+0000] {dagbag.py:525} INFO - Filling up the DagBag from /home/airflow/.local/lib/python3.7/site-packages/airflow/example_dags/example_kubernetes_executor.py
[2022-10-05T00:36:47.795+0000] {processor.py:768} INFO - DAG(s) dict_keys(['example_kubernetes_executor']) retrieved from /home/airflow/.local/lib/python3.7/site-packages/airflow/example_dags/example_kubernetes_executor.py
[2022-10-05T00:36:48.262+0000] {logging_mixin.py:117} INFO - [2022-10-05T00:36:48.262+0000] {dag.py:2573} INFO - Sync 1 DAGs
[2022-10-05T00:36:48.292+0000] {logging_mixin.py:117} INFO - [2022-10-05T00:36:48.291+0000] {dag.py:3328} INFO - Setting next_dagrun for example_kubernetes_executor to None, run_after=None
[2022-10-05T00:36:48.473+0000] {processor.py:178} INFO - Processing /home/airflow/.local/lib/python3.7/site-packages/airflow/example_dags/example_kubernetes_executor.py took 0.846 seconds
[2022-10-05T00:38:53.215+0000] {processor.py:156} INFO - Started process (PID=54) to work on /home/airflow/.local/lib/python3.7/site-packages/airflow/example_dags/example_kubernetes_executor.py
[2022-10-05T00:38:53.216+0000] {processor.py:758} INFO - Processing file /home/airflow/.local/lib/python3.7/site-packages/airflow/example_dags/example_kubernetes_executor.py for tasks to queue
[2022-10-05T00:38:53.217+0000] {logging_mixin.py:117} INFO - [2022-10-05T00:38:53.217+0000] {dagbag.py:525} INFO - Filling up the DagBag from /home/airflow/.local/lib/python3.7/site-packages/airflow/example_dags/example_kubernetes_executor.py
[2022-10-05T00:38:53.308+0000] {processor.py:768} INFO - DAG(s) dict_keys(['example_kubernetes_executor']) retrieved from /home/airflow/.local/lib/python3.7/site-packages/airflow/example_dags/example_kubernetes_executor.py
[2022-10-05T00:38:53.747+0000] {logging_mixin.py:117} INFO - [2022-10-05T00:38:53.746+0000] {dag.py:2573} INFO - Sync 1 DAGs
[2022-10-05T00:38:53.780+0000] {logging_mixin.py:117} INFO - [2022-10-05T00:38:53.779+0000] {dag.py:3328} INFO - Setting next_dagrun for example_kubernetes_executor to None, run_after=None
[2022-10-05T00:38:53.906+0000] {processor.py:178} INFO - Processing /home/airflow/.local/lib/python3.7/site-packages/airflow/example_dags/example_kubernetes_executor.py took 0.696 seconds
[2022-10-05T00:41:07.672+0000] {processor.py:156} INFO - Started process (PID=54) to work on /home/airflow/.local/lib/python3.7/site-packages/airflow/example_dags/example_kubernetes_executor.py
[2022-10-05T00:41:07.674+0000] {processor.py:758} INFO - Processing file /home/airflow/.local/lib/python3.7/site-packages/airflow/example_dags/example_kubernetes_executor.py for tasks to queue
[2022-10-05T00:41:07.675+0000] {logging_mixin.py:117} INFO - [2022-10-05T00:41:07.675+0000] {dagbag.py:525} INFO - Filling up the DagBag from /home/airflow/.local/lib/python3.7/site-packages/airflow/example_dags/example_kubernetes_executor.py
[2022-10-05T00:41:07.724+0000] {processor.py:768} INFO - DAG(s) dict_keys(['example_kubernetes_executor']) retrieved from /home/airflow/.local/lib/python3.7/site-packages/airflow/example_dags/example_kubernetes_executor.py
[2022-10-05T00:41:07.930+0000] {logging_mixin.py:117} INFO - [2022-10-05T00:41:07.930+0000] {dag.py:2573} INFO - Sync 1 DAGs
[2022-10-05T00:41:07.958+0000] {logging_mixin.py:117} INFO - [2022-10-05T00:41:07.957+0000] {dag.py:3328} INFO - Setting next_dagrun for example_kubernetes_executor to None, run_after=None
[2022-10-05T00:41:08.033+0000] {processor.py:178} INFO - Processing /home/airflow/.local/lib/python3.7/site-packages/airflow/example_dags/example_kubernetes_executor.py took 0.368 seconds
[2022-10-05T00:43:18.719+0000] {processor.py:156} INFO - Started process (PID=55) to work on /home/airflow/.local/lib/python3.7/site-packages/airflow/example_dags/example_kubernetes_executor.py
[2022-10-05T00:43:18.727+0000] {processor.py:758} INFO - Processing file /home/airflow/.local/lib/python3.7/site-packages/airflow/example_dags/example_kubernetes_executor.py for tasks to queue
[2022-10-05T00:43:18.728+0000] {logging_mixin.py:117} INFO - [2022-10-05T00:43:18.728+0000] {dagbag.py:525} INFO - Filling up the DagBag from /home/airflow/.local/lib/python3.7/site-packages/airflow/example_dags/example_kubernetes_executor.py
[2022-10-05T00:43:18.850+0000] {processor.py:768} INFO - DAG(s) dict_keys(['example_kubernetes_executor']) retrieved from /home/airflow/.local/lib/python3.7/site-packages/airflow/example_dags/example_kubernetes_executor.py
[2022-10-05T00:43:20.495+0000] {logging_mixin.py:117} INFO - [2022-10-05T00:43:20.495+0000] {dag.py:2573} INFO - Sync 1 DAGs
[2022-10-05T00:43:20.639+0000] {logging_mixin.py:117} INFO - [2022-10-05T00:43:20.638+0000] {dag.py:3328} INFO - Setting next_dagrun for example_kubernetes_executor to None, run_after=None
[2022-10-05T00:43:21.675+0000] {processor.py:178} INFO - Processing /home/airflow/.local/lib/python3.7/site-packages/airflow/example_dags/example_kubernetes_executor.py took 2.964 seconds
[2022-10-05T00:45:58.392+0000] {processor.py:156} INFO - Started process (PID=54) to work on /home/airflow/.local/lib/python3.7/site-packages/airflow/example_dags/example_kubernetes_executor.py
[2022-10-05T00:45:58.393+0000] {processor.py:758} INFO - Processing file /home/airflow/.local/lib/python3.7/site-packages/airflow/example_dags/example_kubernetes_executor.py for tasks to queue
[2022-10-05T00:45:58.395+0000] {logging_mixin.py:117} INFO - [2022-10-05T00:45:58.394+0000] {dagbag.py:525} INFO - Filling up the DagBag from /home/airflow/.local/lib/python3.7/site-packages/airflow/example_dags/example_kubernetes_executor.py
[2022-10-05T00:45:58.444+0000] {processor.py:768} INFO - DAG(s) dict_keys(['example_kubernetes_executor']) retrieved from /home/airflow/.local/lib/python3.7/site-packages/airflow/example_dags/example_kubernetes_executor.py
[2022-10-05T00:45:58.827+0000] {logging_mixin.py:117} INFO - [2022-10-05T00:45:58.827+0000] {dag.py:2573} INFO - Sync 1 DAGs
[2022-10-05T00:45:58.869+0000] {logging_mixin.py:117} INFO - [2022-10-05T00:45:58.869+0000] {dag.py:3328} INFO - Setting next_dagrun for example_kubernetes_executor to None, run_after=None
[2022-10-05T00:46:00.949+0000] {processor.py:178} INFO - Processing /home/airflow/.local/lib/python3.7/site-packages/airflow/example_dags/example_kubernetes_executor.py took 2.563 seconds
[2022-10-05T00:48:51.697+0000] {processor.py:156} INFO - Started process (PID=53) to work on /home/airflow/.local/lib/python3.7/site-packages/airflow/example_dags/example_kubernetes_executor.py
[2022-10-05T00:48:51.714+0000] {processor.py:758} INFO - Processing file /home/airflow/.local/lib/python3.7/site-packages/airflow/example_dags/example_kubernetes_executor.py for tasks to queue
[2022-10-05T00:48:51.719+0000] {logging_mixin.py:117} INFO - [2022-10-05T00:48:51.719+0000] {dagbag.py:525} INFO - Filling up the DagBag from /home/airflow/.local/lib/python3.7/site-packages/airflow/example_dags/example_kubernetes_executor.py
[2022-10-05T00:48:52.100+0000] {processor.py:768} INFO - DAG(s) dict_keys(['example_kubernetes_executor']) retrieved from /home/airflow/.local/lib/python3.7/site-packages/airflow/example_dags/example_kubernetes_executor.py
[2022-10-05T00:48:54.473+0000] {logging_mixin.py:117} INFO - [2022-10-05T00:48:54.471+0000] {dag.py:2573} INFO - Sync 1 DAGs
[2022-10-05T00:48:54.600+0000] {logging_mixin.py:117} INFO - [2022-10-05T00:48:54.600+0000] {dag.py:3328} INFO - Setting next_dagrun for example_kubernetes_executor to None, run_after=None
[2022-10-05T00:48:55.379+0000] {processor.py:178} INFO - Processing /home/airflow/.local/lib/python3.7/site-packages/airflow/example_dags/example_kubernetes_executor.py took 3.689 seconds
[2022-10-05T00:51:29.960+0000] {processor.py:156} INFO - Started process (PID=60) to work on /home/airflow/.local/lib/python3.7/site-packages/airflow/example_dags/example_kubernetes_executor.py
[2022-10-05T00:51:29.962+0000] {processor.py:758} INFO - Processing file /home/airflow/.local/lib/python3.7/site-packages/airflow/example_dags/example_kubernetes_executor.py for tasks to queue
[2022-10-05T00:51:29.967+0000] {logging_mixin.py:117} INFO - [2022-10-05T00:51:29.967+0000] {dagbag.py:525} INFO - Filling up the DagBag from /home/airflow/.local/lib/python3.7/site-packages/airflow/example_dags/example_kubernetes_executor.py
[2022-10-05T00:51:30.311+0000] {processor.py:768} INFO - DAG(s) dict_keys(['example_kubernetes_executor']) retrieved from /home/airflow/.local/lib/python3.7/site-packages/airflow/example_dags/example_kubernetes_executor.py
[2022-10-05T00:51:32.295+0000] {logging_mixin.py:117} INFO - [2022-10-05T00:51:32.290+0000] {dag.py:2573} INFO - Sync 1 DAGs
[2022-10-05T00:51:32.657+0000] {logging_mixin.py:117} INFO - [2022-10-05T00:51:32.641+0000] {dag.py:3328} INFO - Setting next_dagrun for example_kubernetes_executor to None, run_after=None
[2022-10-05T00:51:34.558+0000] {processor.py:178} INFO - Processing /home/airflow/.local/lib/python3.7/site-packages/airflow/example_dags/example_kubernetes_executor.py took 4.645 seconds
[2022-10-05T00:54:23.918+0000] {processor.py:156} INFO - Started process (PID=55) to work on /home/airflow/.local/lib/python3.7/site-packages/airflow/example_dags/example_kubernetes_executor.py
[2022-10-05T00:54:23.919+0000] {processor.py:758} INFO - Processing file /home/airflow/.local/lib/python3.7/site-packages/airflow/example_dags/example_kubernetes_executor.py for tasks to queue
[2022-10-05T00:54:23.920+0000] {logging_mixin.py:117} INFO - [2022-10-05T00:54:23.920+0000] {dagbag.py:525} INFO - Filling up the DagBag from /home/airflow/.local/lib/python3.7/site-packages/airflow/example_dags/example_kubernetes_executor.py
[2022-10-05T00:54:26.239+0000] {processor.py:768} INFO - DAG(s) dict_keys(['example_kubernetes_executor']) retrieved from /home/airflow/.local/lib/python3.7/site-packages/airflow/example_dags/example_kubernetes_executor.py
[2022-10-05T00:54:26.420+0000] {logging_mixin.py:117} INFO - [2022-10-05T00:54:26.420+0000] {dag.py:2573} INFO - Sync 1 DAGs
[2022-10-05T00:54:26.527+0000] {logging_mixin.py:117} INFO - [2022-10-05T00:54:26.526+0000] {dag.py:3328} INFO - Setting next_dagrun for example_kubernetes_executor to None, run_after=None
[2022-10-05T00:54:26.893+0000] {processor.py:178} INFO - Processing /home/airflow/.local/lib/python3.7/site-packages/airflow/example_dags/example_kubernetes_executor.py took 2.999 seconds
[2022-10-05T00:55:59.802+0000] {processor.py:156} INFO - Started process (PID=55) to work on /home/airflow/.local/lib/python3.7/site-packages/airflow/example_dags/example_kubernetes_executor.py
[2022-10-05T00:55:59.814+0000] {processor.py:758} INFO - Processing file /home/airflow/.local/lib/python3.7/site-packages/airflow/example_dags/example_kubernetes_executor.py for tasks to queue
[2022-10-05T00:55:59.815+0000] {logging_mixin.py:117} INFO - [2022-10-05T00:55:59.815+0000] {dagbag.py:525} INFO - Filling up the DagBag from /home/airflow/.local/lib/python3.7/site-packages/airflow/example_dags/example_kubernetes_executor.py
[2022-10-05T00:56:00.912+0000] {processor.py:768} INFO - DAG(s) dict_keys(['example_kubernetes_executor']) retrieved from /home/airflow/.local/lib/python3.7/site-packages/airflow/example_dags/example_kubernetes_executor.py
[2022-10-05T00:56:05.266+0000] {logging_mixin.py:117} INFO - [2022-10-05T00:56:05.265+0000] {dag.py:2573} INFO - Sync 1 DAGs
[2022-10-05T00:56:07.110+0000] {logging_mixin.py:117} INFO - [2022-10-05T00:56:07.107+0000] {dag.py:3328} INFO - Setting next_dagrun for example_kubernetes_executor to None, run_after=None
[2022-10-05T00:56:07.568+0000] {processor.py:178} INFO - Processing /home/airflow/.local/lib/python3.7/site-packages/airflow/example_dags/example_kubernetes_executor.py took 7.782 seconds
[2022-10-05T00:58:18.301+0000] {processor.py:156} INFO - Started process (PID=61) to work on /home/airflow/.local/lib/python3.7/site-packages/airflow/example_dags/example_kubernetes_executor.py
[2022-10-05T00:58:18.881+0000] {processor.py:758} INFO - Processing file /home/airflow/.local/lib/python3.7/site-packages/airflow/example_dags/example_kubernetes_executor.py for tasks to queue
[2022-10-05T00:58:18.937+0000] {logging_mixin.py:117} INFO - [2022-10-05T00:58:18.937+0000] {dagbag.py:525} INFO - Filling up the DagBag from /home/airflow/.local/lib/python3.7/site-packages/airflow/example_dags/example_kubernetes_executor.py
[2022-10-05T00:58:22.152+0000] {processor.py:768} INFO - DAG(s) dict_keys(['example_kubernetes_executor']) retrieved from /home/airflow/.local/lib/python3.7/site-packages/airflow/example_dags/example_kubernetes_executor.py
[2022-10-05T00:58:30.736+0000] {logging_mixin.py:117} INFO - [2022-10-05T00:58:30.719+0000] {dag.py:2573} INFO - Sync 1 DAGs
[2022-10-05T00:58:31.918+0000] {logging_mixin.py:117} INFO - [2022-10-05T00:58:31.915+0000] {dag.py:3328} INFO - Setting next_dagrun for example_kubernetes_executor to None, run_after=None
[2022-10-05T00:58:33.208+0000] {processor.py:178} INFO - Processing /home/airflow/.local/lib/python3.7/site-packages/airflow/example_dags/example_kubernetes_executor.py took 15.860 seconds
[2022-10-05T01:00:30.783+0000] {processor.py:156} INFO - Started process (PID=55) to work on /home/airflow/.local/lib/python3.7/site-packages/airflow/example_dags/example_kubernetes_executor.py
[2022-10-05T01:00:30.787+0000] {processor.py:758} INFO - Processing file /home/airflow/.local/lib/python3.7/site-packages/airflow/example_dags/example_kubernetes_executor.py for tasks to queue
[2022-10-05T01:00:30.792+0000] {logging_mixin.py:117} INFO - [2022-10-05T01:00:30.792+0000] {dagbag.py:525} INFO - Filling up the DagBag from /home/airflow/.local/lib/python3.7/site-packages/airflow/example_dags/example_kubernetes_executor.py
[2022-10-05T01:00:31.007+0000] {processor.py:768} INFO - DAG(s) dict_keys(['example_kubernetes_executor']) retrieved from /home/airflow/.local/lib/python3.7/site-packages/airflow/example_dags/example_kubernetes_executor.py
[2022-10-05T01:00:31.381+0000] {logging_mixin.py:117} INFO - [2022-10-05T01:00:31.380+0000] {dag.py:2573} INFO - Sync 1 DAGs
[2022-10-05T01:00:31.494+0000] {logging_mixin.py:117} INFO - [2022-10-05T01:00:31.494+0000] {dag.py:3328} INFO - Setting next_dagrun for example_kubernetes_executor to None, run_after=None
[2022-10-05T01:00:31.672+0000] {processor.py:178} INFO - Processing /home/airflow/.local/lib/python3.7/site-packages/airflow/example_dags/example_kubernetes_executor.py took 0.909 seconds
[2022-10-05T01:02:14.398+0000] {processor.py:156} INFO - Started process (PID=136) to work on /home/airflow/.local/lib/python3.7/site-packages/airflow/example_dags/example_kubernetes_executor.py
[2022-10-05T01:02:14.403+0000] {processor.py:758} INFO - Processing file /home/airflow/.local/lib/python3.7/site-packages/airflow/example_dags/example_kubernetes_executor.py for tasks to queue
[2022-10-05T01:02:14.420+0000] {logging_mixin.py:117} INFO - [2022-10-05T01:02:14.420+0000] {dagbag.py:525} INFO - Filling up the DagBag from /home/airflow/.local/lib/python3.7/site-packages/airflow/example_dags/example_kubernetes_executor.py
[2022-10-05T01:02:16.209+0000] {processor.py:768} INFO - DAG(s) dict_keys(['example_kubernetes_executor']) retrieved from /home/airflow/.local/lib/python3.7/site-packages/airflow/example_dags/example_kubernetes_executor.py
[2022-10-05T01:02:16.389+0000] {logging_mixin.py:117} INFO - [2022-10-05T01:02:16.389+0000] {dag.py:2573} INFO - Sync 1 DAGs
[2022-10-05T01:02:16.499+0000] {logging_mixin.py:117} INFO - [2022-10-05T01:02:16.499+0000] {dag.py:3328} INFO - Setting next_dagrun for example_kubernetes_executor to None, run_after=None
[2022-10-05T01:02:16.815+0000] {processor.py:178} INFO - Processing /home/airflow/.local/lib/python3.7/site-packages/airflow/example_dags/example_kubernetes_executor.py took 2.437 seconds
[2022-10-05T01:04:03.656+0000] {processor.py:156} INFO - Started process (PID=63) to work on /home/airflow/.local/lib/python3.7/site-packages/airflow/example_dags/example_kubernetes_executor.py
[2022-10-05T01:04:03.675+0000] {processor.py:758} INFO - Processing file /home/airflow/.local/lib/python3.7/site-packages/airflow/example_dags/example_kubernetes_executor.py for tasks to queue
[2022-10-05T01:04:03.680+0000] {logging_mixin.py:117} INFO - [2022-10-05T01:04:03.680+0000] {dagbag.py:525} INFO - Filling up the DagBag from /home/airflow/.local/lib/python3.7/site-packages/airflow/example_dags/example_kubernetes_executor.py
[2022-10-05T01:04:06.460+0000] {processor.py:768} INFO - DAG(s) dict_keys(['example_kubernetes_executor']) retrieved from /home/airflow/.local/lib/python3.7/site-packages/airflow/example_dags/example_kubernetes_executor.py
[2022-10-05T01:04:16.258+0000] {logging_mixin.py:117} INFO - [2022-10-05T01:04:16.256+0000] {dag.py:2573} INFO - Sync 1 DAGs
[2022-10-05T01:04:16.492+0000] {logging_mixin.py:117} INFO - [2022-10-05T01:04:16.492+0000] {dag.py:3328} INFO - Setting next_dagrun for example_kubernetes_executor to None, run_after=None
[2022-10-05T01:04:17.807+0000] {processor.py:178} INFO - Processing /home/airflow/.local/lib/python3.7/site-packages/airflow/example_dags/example_kubernetes_executor.py took 14.183 seconds
[2022-10-05T01:06:07.882+0000] {processor.py:156} INFO - Started process (PID=54) to work on /home/airflow/.local/lib/python3.7/site-packages/airflow/example_dags/example_kubernetes_executor.py
[2022-10-05T01:06:07.887+0000] {processor.py:758} INFO - Processing file /home/airflow/.local/lib/python3.7/site-packages/airflow/example_dags/example_kubernetes_executor.py for tasks to queue
[2022-10-05T01:06:07.889+0000] {logging_mixin.py:117} INFO - [2022-10-05T01:06:07.888+0000] {dagbag.py:525} INFO - Filling up the DagBag from /home/airflow/.local/lib/python3.7/site-packages/airflow/example_dags/example_kubernetes_executor.py
[2022-10-05T01:06:08.038+0000] {processor.py:768} INFO - DAG(s) dict_keys(['example_kubernetes_executor']) retrieved from /home/airflow/.local/lib/python3.7/site-packages/airflow/example_dags/example_kubernetes_executor.py
[2022-10-05T01:06:10.471+0000] {logging_mixin.py:117} INFO - [2022-10-05T01:06:10.470+0000] {dag.py:2573} INFO - Sync 1 DAGs
[2022-10-05T01:06:10.533+0000] {logging_mixin.py:117} INFO - [2022-10-05T01:06:10.533+0000] {dag.py:3328} INFO - Setting next_dagrun for example_kubernetes_executor to None, run_after=None
[2022-10-05T01:06:13.661+0000] {processor.py:178} INFO - Processing /home/airflow/.local/lib/python3.7/site-packages/airflow/example_dags/example_kubernetes_executor.py took 5.794 seconds
[2022-10-05T01:08:43.557+0000] {processor.py:156} INFO - Started process (PID=56) to work on /home/airflow/.local/lib/python3.7/site-packages/airflow/example_dags/example_kubernetes_executor.py
[2022-10-05T01:08:43.564+0000] {processor.py:758} INFO - Processing file /home/airflow/.local/lib/python3.7/site-packages/airflow/example_dags/example_kubernetes_executor.py for tasks to queue
[2022-10-05T01:08:43.570+0000] {logging_mixin.py:117} INFO - [2022-10-05T01:08:43.569+0000] {dagbag.py:525} INFO - Filling up the DagBag from /home/airflow/.local/lib/python3.7/site-packages/airflow/example_dags/example_kubernetes_executor.py
[2022-10-05T01:08:49.125+0000] {processor.py:768} INFO - DAG(s) dict_keys(['example_kubernetes_executor']) retrieved from /home/airflow/.local/lib/python3.7/site-packages/airflow/example_dags/example_kubernetes_executor.py
[2022-10-05T01:09:02.939+0000] {logging_mixin.py:117} INFO - [2022-10-05T01:09:02.930+0000] {dag.py:2573} INFO - Sync 1 DAGs
[2022-10-05T01:09:03.353+0000] {logging_mixin.py:117} INFO - [2022-10-05T01:09:03.334+0000] {dag.py:3328} INFO - Setting next_dagrun for example_kubernetes_executor to None, run_after=None
[2022-10-05T01:09:08.268+0000] {processor.py:178} INFO - Processing /home/airflow/.local/lib/python3.7/site-packages/airflow/example_dags/example_kubernetes_executor.py took 24.683 seconds
[2022-10-05T01:12:15.968+0000] {processor.py:156} INFO - Started process (PID=53) to work on /home/airflow/.local/lib/python3.7/site-packages/airflow/example_dags/example_kubernetes_executor.py
[2022-10-05T01:12:15.979+0000] {processor.py:758} INFO - Processing file /home/airflow/.local/lib/python3.7/site-packages/airflow/example_dags/example_kubernetes_executor.py for tasks to queue
[2022-10-05T01:12:15.982+0000] {logging_mixin.py:117} INFO - [2022-10-05T01:12:15.981+0000] {dagbag.py:525} INFO - Filling up the DagBag from /home/airflow/.local/lib/python3.7/site-packages/airflow/example_dags/example_kubernetes_executor.py
[2022-10-05T01:12:20.319+0000] {processor.py:768} INFO - DAG(s) dict_keys(['example_kubernetes_executor']) retrieved from /home/airflow/.local/lib/python3.7/site-packages/airflow/example_dags/example_kubernetes_executor.py
[2022-10-05T01:12:20.574+0000] {logging_mixin.py:117} INFO - [2022-10-05T01:12:20.570+0000] {dag.py:2573} INFO - Sync 1 DAGs
[2022-10-05T01:12:20.752+0000] {logging_mixin.py:117} INFO - [2022-10-05T01:12:20.752+0000] {dag.py:3328} INFO - Setting next_dagrun for example_kubernetes_executor to None, run_after=None
[2022-10-05T01:12:22.164+0000] {processor.py:178} INFO - Processing /home/airflow/.local/lib/python3.7/site-packages/airflow/example_dags/example_kubernetes_executor.py took 6.231 seconds
[2022-10-05T01:14:31.033+0000] {processor.py:156} INFO - Started process (PID=128) to work on /home/airflow/.local/lib/python3.7/site-packages/airflow/example_dags/example_kubernetes_executor.py
[2022-10-05T01:14:31.035+0000] {processor.py:758} INFO - Processing file /home/airflow/.local/lib/python3.7/site-packages/airflow/example_dags/example_kubernetes_executor.py for tasks to queue
[2022-10-05T01:14:31.038+0000] {logging_mixin.py:117} INFO - [2022-10-05T01:14:31.038+0000] {dagbag.py:525} INFO - Filling up the DagBag from /home/airflow/.local/lib/python3.7/site-packages/airflow/example_dags/example_kubernetes_executor.py
[2022-10-05T01:14:31.163+0000] {processor.py:768} INFO - DAG(s) dict_keys(['example_kubernetes_executor']) retrieved from /home/airflow/.local/lib/python3.7/site-packages/airflow/example_dags/example_kubernetes_executor.py
[2022-10-05T01:14:31.269+0000] {logging_mixin.py:117} INFO - [2022-10-05T01:14:31.268+0000] {dag.py:2573} INFO - Sync 1 DAGs
[2022-10-05T01:14:31.312+0000] {logging_mixin.py:117} INFO - [2022-10-05T01:14:31.311+0000] {dag.py:3328} INFO - Setting next_dagrun for example_kubernetes_executor to None, run_after=None
[2022-10-05T01:14:31.407+0000] {processor.py:178} INFO - Processing /home/airflow/.local/lib/python3.7/site-packages/airflow/example_dags/example_kubernetes_executor.py took 0.382 seconds
[2022-10-05T01:17:01.468+0000] {processor.py:156} INFO - Started process (PID=56) to work on /home/airflow/.local/lib/python3.7/site-packages/airflow/example_dags/example_kubernetes_executor.py
[2022-10-05T01:17:01.472+0000] {processor.py:758} INFO - Processing file /home/airflow/.local/lib/python3.7/site-packages/airflow/example_dags/example_kubernetes_executor.py for tasks to queue
[2022-10-05T01:17:01.475+0000] {logging_mixin.py:117} INFO - [2022-10-05T01:17:01.475+0000] {dagbag.py:525} INFO - Filling up the DagBag from /home/airflow/.local/lib/python3.7/site-packages/airflow/example_dags/example_kubernetes_executor.py
[2022-10-05T01:17:02.046+0000] {processor.py:768} INFO - DAG(s) dict_keys(['example_kubernetes_executor']) retrieved from /home/airflow/.local/lib/python3.7/site-packages/airflow/example_dags/example_kubernetes_executor.py
[2022-10-05T01:17:02.222+0000] {logging_mixin.py:117} INFO - [2022-10-05T01:17:02.222+0000] {dag.py:2573} INFO - Sync 1 DAGs
[2022-10-05T01:17:02.336+0000] {logging_mixin.py:117} INFO - [2022-10-05T01:17:02.336+0000] {dag.py:3328} INFO - Setting next_dagrun for example_kubernetes_executor to None, run_after=None
[2022-10-05T01:17:02.430+0000] {processor.py:178} INFO - Processing /home/airflow/.local/lib/python3.7/site-packages/airflow/example_dags/example_kubernetes_executor.py took 0.980 seconds
