[2022-10-05T00:00:42.492+0000] {processor.py:156} INFO - Started process (PID=59) to work on /home/airflow/.local/lib/python3.7/site-packages/airflow/example_dags/example_time_delta_sensor_async.py
[2022-10-05T00:00:42.502+0000] {processor.py:758} INFO - Processing file /home/airflow/.local/lib/python3.7/site-packages/airflow/example_dags/example_time_delta_sensor_async.py for tasks to queue
[2022-10-05T00:00:42.509+0000] {logging_mixin.py:117} INFO - [2022-10-05T00:00:42.508+0000] {dagbag.py:525} INFO - Filling up the DagBag from /home/airflow/.local/lib/python3.7/site-packages/airflow/example_dags/example_time_delta_sensor_async.py
[2022-10-05T00:00:42.736+0000] {processor.py:768} INFO - DAG(s) dict_keys(['example_time_delta_sensor_async']) retrieved from /home/airflow/.local/lib/python3.7/site-packages/airflow/example_dags/example_time_delta_sensor_async.py
[2022-10-05T00:00:48.165+0000] {logging_mixin.py:117} INFO - [2022-10-05T00:00:48.164+0000] {dag.py:2573} INFO - Sync 1 DAGs
[2022-10-05T00:00:48.313+0000] {logging_mixin.py:117} INFO - [2022-10-05T00:00:48.312+0000] {dag.py:3328} INFO - Setting next_dagrun for example_time_delta_sensor_async to None, run_after=None
[2022-10-05T00:00:48.588+0000] {processor.py:178} INFO - Processing /home/airflow/.local/lib/python3.7/site-packages/airflow/example_dags/example_time_delta_sensor_async.py took 6.133 seconds
[2022-10-05T00:02:48.799+0000] {processor.py:156} INFO - Started process (PID=59) to work on /home/airflow/.local/lib/python3.7/site-packages/airflow/example_dags/example_time_delta_sensor_async.py
[2022-10-05T00:02:48.805+0000] {processor.py:758} INFO - Processing file /home/airflow/.local/lib/python3.7/site-packages/airflow/example_dags/example_time_delta_sensor_async.py for tasks to queue
[2022-10-05T00:02:48.811+0000] {logging_mixin.py:117} INFO - [2022-10-05T00:02:48.810+0000] {dagbag.py:525} INFO - Filling up the DagBag from /home/airflow/.local/lib/python3.7/site-packages/airflow/example_dags/example_time_delta_sensor_async.py
[2022-10-05T00:02:48.939+0000] {processor.py:768} INFO - DAG(s) dict_keys(['example_time_delta_sensor_async']) retrieved from /home/airflow/.local/lib/python3.7/site-packages/airflow/example_dags/example_time_delta_sensor_async.py
[2022-10-05T00:02:52.004+0000] {logging_mixin.py:117} INFO - [2022-10-05T00:02:52.004+0000] {dag.py:2573} INFO - Sync 1 DAGs
[2022-10-05T00:02:52.175+0000] {logging_mixin.py:117} INFO - [2022-10-05T00:02:52.175+0000] {dag.py:3328} INFO - Setting next_dagrun for example_time_delta_sensor_async to None, run_after=None
[2022-10-05T00:02:52.323+0000] {processor.py:178} INFO - Processing /home/airflow/.local/lib/python3.7/site-packages/airflow/example_dags/example_time_delta_sensor_async.py took 3.547 seconds
[2022-10-05T00:04:44.414+0000] {processor.py:156} INFO - Started process (PID=58) to work on /home/airflow/.local/lib/python3.7/site-packages/airflow/example_dags/example_time_delta_sensor_async.py
[2022-10-05T00:04:44.425+0000] {processor.py:758} INFO - Processing file /home/airflow/.local/lib/python3.7/site-packages/airflow/example_dags/example_time_delta_sensor_async.py for tasks to queue
[2022-10-05T00:04:44.429+0000] {logging_mixin.py:117} INFO - [2022-10-05T00:04:44.429+0000] {dagbag.py:525} INFO - Filling up the DagBag from /home/airflow/.local/lib/python3.7/site-packages/airflow/example_dags/example_time_delta_sensor_async.py
[2022-10-05T00:04:44.591+0000] {processor.py:768} INFO - DAG(s) dict_keys(['example_time_delta_sensor_async']) retrieved from /home/airflow/.local/lib/python3.7/site-packages/airflow/example_dags/example_time_delta_sensor_async.py
[2022-10-05T00:04:50.600+0000] {logging_mixin.py:117} INFO - [2022-10-05T00:04:50.599+0000] {dag.py:2573} INFO - Sync 1 DAGs
[2022-10-05T00:04:50.914+0000] {logging_mixin.py:117} INFO - [2022-10-05T00:04:50.914+0000] {dag.py:3328} INFO - Setting next_dagrun for example_time_delta_sensor_async to None, run_after=None
[2022-10-05T00:04:51.183+0000] {processor.py:178} INFO - Processing /home/airflow/.local/lib/python3.7/site-packages/airflow/example_dags/example_time_delta_sensor_async.py took 6.789 seconds
[2022-10-05T00:06:54.987+0000] {processor.py:156} INFO - Started process (PID=66) to work on /home/airflow/.local/lib/python3.7/site-packages/airflow/example_dags/example_time_delta_sensor_async.py
[2022-10-05T00:06:55.013+0000] {processor.py:758} INFO - Processing file /home/airflow/.local/lib/python3.7/site-packages/airflow/example_dags/example_time_delta_sensor_async.py for tasks to queue
[2022-10-05T00:06:55.016+0000] {logging_mixin.py:117} INFO - [2022-10-05T00:06:55.016+0000] {dagbag.py:525} INFO - Filling up the DagBag from /home/airflow/.local/lib/python3.7/site-packages/airflow/example_dags/example_time_delta_sensor_async.py
[2022-10-05T00:06:55.386+0000] {processor.py:768} INFO - DAG(s) dict_keys(['example_time_delta_sensor_async']) retrieved from /home/airflow/.local/lib/python3.7/site-packages/airflow/example_dags/example_time_delta_sensor_async.py
[2022-10-05T00:06:58.054+0000] {logging_mixin.py:117} INFO - [2022-10-05T00:06:58.053+0000] {dag.py:2573} INFO - Sync 1 DAGs
[2022-10-05T00:06:58.128+0000] {logging_mixin.py:117} INFO - [2022-10-05T00:06:58.128+0000] {dag.py:3328} INFO - Setting next_dagrun for example_time_delta_sensor_async to None, run_after=None
[2022-10-05T00:06:59.105+0000] {processor.py:178} INFO - Processing /home/airflow/.local/lib/python3.7/site-packages/airflow/example_dags/example_time_delta_sensor_async.py took 4.139 seconds
[2022-10-05T00:08:55.231+0000] {processor.py:156} INFO - Started process (PID=68) to work on /home/airflow/.local/lib/python3.7/site-packages/airflow/example_dags/example_time_delta_sensor_async.py
[2022-10-05T00:08:55.236+0000] {processor.py:758} INFO - Processing file /home/airflow/.local/lib/python3.7/site-packages/airflow/example_dags/example_time_delta_sensor_async.py for tasks to queue
[2022-10-05T00:08:55.238+0000] {logging_mixin.py:117} INFO - [2022-10-05T00:08:55.237+0000] {dagbag.py:525} INFO - Filling up the DagBag from /home/airflow/.local/lib/python3.7/site-packages/airflow/example_dags/example_time_delta_sensor_async.py
[2022-10-05T00:08:55.331+0000] {processor.py:768} INFO - DAG(s) dict_keys(['example_time_delta_sensor_async']) retrieved from /home/airflow/.local/lib/python3.7/site-packages/airflow/example_dags/example_time_delta_sensor_async.py
[2022-10-05T00:08:56.199+0000] {logging_mixin.py:117} INFO - [2022-10-05T00:08:56.199+0000] {dag.py:2573} INFO - Sync 1 DAGs
[2022-10-05T00:08:56.226+0000] {logging_mixin.py:117} INFO - [2022-10-05T00:08:56.226+0000] {dag.py:3328} INFO - Setting next_dagrun for example_time_delta_sensor_async to None, run_after=None
[2022-10-05T00:08:56.316+0000] {processor.py:178} INFO - Processing /home/airflow/.local/lib/python3.7/site-packages/airflow/example_dags/example_time_delta_sensor_async.py took 1.100 seconds
[2022-10-05T00:10:53.556+0000] {processor.py:156} INFO - Started process (PID=76) to work on /home/airflow/.local/lib/python3.7/site-packages/airflow/example_dags/example_time_delta_sensor_async.py
[2022-10-05T00:10:53.568+0000] {processor.py:758} INFO - Processing file /home/airflow/.local/lib/python3.7/site-packages/airflow/example_dags/example_time_delta_sensor_async.py for tasks to queue
[2022-10-05T00:10:53.570+0000] {logging_mixin.py:117} INFO - [2022-10-05T00:10:53.570+0000] {dagbag.py:525} INFO - Filling up the DagBag from /home/airflow/.local/lib/python3.7/site-packages/airflow/example_dags/example_time_delta_sensor_async.py
[2022-10-05T00:10:53.646+0000] {processor.py:768} INFO - DAG(s) dict_keys(['example_time_delta_sensor_async']) retrieved from /home/airflow/.local/lib/python3.7/site-packages/airflow/example_dags/example_time_delta_sensor_async.py
[2022-10-05T00:10:56.089+0000] {logging_mixin.py:117} INFO - [2022-10-05T00:10:56.089+0000] {dag.py:2573} INFO - Sync 1 DAGs
[2022-10-05T00:10:56.347+0000] {logging_mixin.py:117} INFO - [2022-10-05T00:10:56.347+0000] {dag.py:3328} INFO - Setting next_dagrun for example_time_delta_sensor_async to None, run_after=None
[2022-10-05T00:10:56.570+0000] {processor.py:178} INFO - Processing /home/airflow/.local/lib/python3.7/site-packages/airflow/example_dags/example_time_delta_sensor_async.py took 3.030 seconds
[2022-10-05T00:13:13.432+0000] {processor.py:156} INFO - Started process (PID=74) to work on /home/airflow/.local/lib/python3.7/site-packages/airflow/example_dags/example_time_delta_sensor_async.py
[2022-10-05T00:13:13.449+0000] {processor.py:758} INFO - Processing file /home/airflow/.local/lib/python3.7/site-packages/airflow/example_dags/example_time_delta_sensor_async.py for tasks to queue
[2022-10-05T00:13:13.459+0000] {logging_mixin.py:117} INFO - [2022-10-05T00:13:13.459+0000] {dagbag.py:525} INFO - Filling up the DagBag from /home/airflow/.local/lib/python3.7/site-packages/airflow/example_dags/example_time_delta_sensor_async.py
[2022-10-05T00:13:13.810+0000] {processor.py:768} INFO - DAG(s) dict_keys(['example_time_delta_sensor_async']) retrieved from /home/airflow/.local/lib/python3.7/site-packages/airflow/example_dags/example_time_delta_sensor_async.py
[2022-10-05T00:13:18.306+0000] {logging_mixin.py:117} INFO - [2022-10-05T00:13:18.306+0000] {dag.py:2573} INFO - Sync 1 DAGs
[2022-10-05T00:13:18.457+0000] {logging_mixin.py:117} INFO - [2022-10-05T00:13:18.457+0000] {dag.py:3328} INFO - Setting next_dagrun for example_time_delta_sensor_async to None, run_after=None
[2022-10-05T00:13:19.256+0000] {processor.py:178} INFO - Processing /home/airflow/.local/lib/python3.7/site-packages/airflow/example_dags/example_time_delta_sensor_async.py took 5.855 seconds
[2022-10-05T00:15:45.884+0000] {processor.py:156} INFO - Started process (PID=76) to work on /home/airflow/.local/lib/python3.7/site-packages/airflow/example_dags/example_time_delta_sensor_async.py
[2022-10-05T00:15:45.905+0000] {processor.py:758} INFO - Processing file /home/airflow/.local/lib/python3.7/site-packages/airflow/example_dags/example_time_delta_sensor_async.py for tasks to queue
[2022-10-05T00:15:45.937+0000] {logging_mixin.py:117} INFO - [2022-10-05T00:15:45.932+0000] {dagbag.py:525} INFO - Filling up the DagBag from /home/airflow/.local/lib/python3.7/site-packages/airflow/example_dags/example_time_delta_sensor_async.py
[2022-10-05T00:15:46.385+0000] {processor.py:768} INFO - DAG(s) dict_keys(['example_time_delta_sensor_async']) retrieved from /home/airflow/.local/lib/python3.7/site-packages/airflow/example_dags/example_time_delta_sensor_async.py
[2022-10-05T00:15:50.315+0000] {logging_mixin.py:117} INFO - [2022-10-05T00:15:50.311+0000] {dag.py:2573} INFO - Sync 1 DAGs
[2022-10-05T00:15:50.492+0000] {logging_mixin.py:117} INFO - [2022-10-05T00:15:50.491+0000] {dag.py:3328} INFO - Setting next_dagrun for example_time_delta_sensor_async to None, run_after=None
[2022-10-05T00:15:50.747+0000] {processor.py:178} INFO - Processing /home/airflow/.local/lib/python3.7/site-packages/airflow/example_dags/example_time_delta_sensor_async.py took 4.898 seconds
[2022-10-05T00:17:10.192+0000] {processor.py:156} INFO - Started process (PID=59) to work on /home/airflow/.local/lib/python3.7/site-packages/airflow/example_dags/example_time_delta_sensor_async.py
[2022-10-05T00:17:10.198+0000] {processor.py:758} INFO - Processing file /home/airflow/.local/lib/python3.7/site-packages/airflow/example_dags/example_time_delta_sensor_async.py for tasks to queue
[2022-10-05T00:17:10.203+0000] {logging_mixin.py:117} INFO - [2022-10-05T00:17:10.203+0000] {dagbag.py:525} INFO - Filling up the DagBag from /home/airflow/.local/lib/python3.7/site-packages/airflow/example_dags/example_time_delta_sensor_async.py
[2022-10-05T00:17:11.243+0000] {processor.py:768} INFO - DAG(s) dict_keys(['example_time_delta_sensor_async']) retrieved from /home/airflow/.local/lib/python3.7/site-packages/airflow/example_dags/example_time_delta_sensor_async.py
[2022-10-05T00:17:16.418+0000] {logging_mixin.py:117} INFO - [2022-10-05T00:17:16.398+0000] {dag.py:2573} INFO - Sync 1 DAGs
[2022-10-05T00:17:17.285+0000] {logging_mixin.py:117} INFO - [2022-10-05T00:17:17.254+0000] {dag.py:3328} INFO - Setting next_dagrun for example_time_delta_sensor_async to None, run_after=None
[2022-10-05T00:17:19.113+0000] {processor.py:178} INFO - Processing /home/airflow/.local/lib/python3.7/site-packages/airflow/example_dags/example_time_delta_sensor_async.py took 8.951 seconds
[2022-10-05T00:19:38.437+0000] {processor.py:156} INFO - Started process (PID=74) to work on /home/airflow/.local/lib/python3.7/site-packages/airflow/example_dags/example_time_delta_sensor_async.py
[2022-10-05T00:19:38.451+0000] {processor.py:758} INFO - Processing file /home/airflow/.local/lib/python3.7/site-packages/airflow/example_dags/example_time_delta_sensor_async.py for tasks to queue
[2022-10-05T00:19:38.457+0000] {logging_mixin.py:117} INFO - [2022-10-05T00:19:38.457+0000] {dagbag.py:525} INFO - Filling up the DagBag from /home/airflow/.local/lib/python3.7/site-packages/airflow/example_dags/example_time_delta_sensor_async.py
[2022-10-05T00:19:38.796+0000] {processor.py:768} INFO - DAG(s) dict_keys(['example_time_delta_sensor_async']) retrieved from /home/airflow/.local/lib/python3.7/site-packages/airflow/example_dags/example_time_delta_sensor_async.py
[2022-10-05T00:19:42.827+0000] {logging_mixin.py:117} INFO - [2022-10-05T00:19:42.826+0000] {dag.py:2573} INFO - Sync 1 DAGs
[2022-10-05T00:19:42.993+0000] {logging_mixin.py:117} INFO - [2022-10-05T00:19:42.993+0000] {dag.py:3328} INFO - Setting next_dagrun for example_time_delta_sensor_async to None, run_after=None
[2022-10-05T00:19:43.093+0000] {processor.py:178} INFO - Processing /home/airflow/.local/lib/python3.7/site-packages/airflow/example_dags/example_time_delta_sensor_async.py took 4.688 seconds
[2022-10-05T00:21:34.626+0000] {processor.py:156} INFO - Started process (PID=75) to work on /home/airflow/.local/lib/python3.7/site-packages/airflow/example_dags/example_time_delta_sensor_async.py
[2022-10-05T00:21:34.636+0000] {processor.py:758} INFO - Processing file /home/airflow/.local/lib/python3.7/site-packages/airflow/example_dags/example_time_delta_sensor_async.py for tasks to queue
[2022-10-05T00:21:34.644+0000] {logging_mixin.py:117} INFO - [2022-10-05T00:21:34.644+0000] {dagbag.py:525} INFO - Filling up the DagBag from /home/airflow/.local/lib/python3.7/site-packages/airflow/example_dags/example_time_delta_sensor_async.py
[2022-10-05T00:21:34.863+0000] {processor.py:768} INFO - DAG(s) dict_keys(['example_time_delta_sensor_async']) retrieved from /home/airflow/.local/lib/python3.7/site-packages/airflow/example_dags/example_time_delta_sensor_async.py
[2022-10-05T00:21:38.033+0000] {logging_mixin.py:117} INFO - [2022-10-05T00:21:38.033+0000] {dag.py:2573} INFO - Sync 1 DAGs
[2022-10-05T00:21:38.087+0000] {logging_mixin.py:117} INFO - [2022-10-05T00:21:38.087+0000] {dag.py:3328} INFO - Setting next_dagrun for example_time_delta_sensor_async to None, run_after=None
[2022-10-05T00:21:39.299+0000] {processor.py:178} INFO - Processing /home/airflow/.local/lib/python3.7/site-packages/airflow/example_dags/example_time_delta_sensor_async.py took 4.706 seconds
[2022-10-05T00:23:38.805+0000] {processor.py:156} INFO - Started process (PID=76) to work on /home/airflow/.local/lib/python3.7/site-packages/airflow/example_dags/example_time_delta_sensor_async.py
[2022-10-05T00:23:38.816+0000] {processor.py:758} INFO - Processing file /home/airflow/.local/lib/python3.7/site-packages/airflow/example_dags/example_time_delta_sensor_async.py for tasks to queue
[2022-10-05T00:23:38.853+0000] {logging_mixin.py:117} INFO - [2022-10-05T00:23:38.852+0000] {dagbag.py:525} INFO - Filling up the DagBag from /home/airflow/.local/lib/python3.7/site-packages/airflow/example_dags/example_time_delta_sensor_async.py
[2022-10-05T00:23:39.140+0000] {processor.py:768} INFO - DAG(s) dict_keys(['example_time_delta_sensor_async']) retrieved from /home/airflow/.local/lib/python3.7/site-packages/airflow/example_dags/example_time_delta_sensor_async.py
[2022-10-05T00:23:43.747+0000] {logging_mixin.py:117} INFO - [2022-10-05T00:23:43.746+0000] {dag.py:2573} INFO - Sync 1 DAGs
[2022-10-05T00:23:43.875+0000] {logging_mixin.py:117} INFO - [2022-10-05T00:23:43.875+0000] {dag.py:3328} INFO - Setting next_dagrun for example_time_delta_sensor_async to None, run_after=None
[2022-10-05T00:23:44.019+0000] {processor.py:178} INFO - Processing /home/airflow/.local/lib/python3.7/site-packages/airflow/example_dags/example_time_delta_sensor_async.py took 5.252 seconds
[2022-10-05T00:25:04.455+0000] {processor.py:156} INFO - Started process (PID=58) to work on /home/airflow/.local/lib/python3.7/site-packages/airflow/example_dags/example_time_delta_sensor_async.py
[2022-10-05T00:25:04.459+0000] {processor.py:758} INFO - Processing file /home/airflow/.local/lib/python3.7/site-packages/airflow/example_dags/example_time_delta_sensor_async.py for tasks to queue
[2022-10-05T00:25:04.461+0000] {logging_mixin.py:117} INFO - [2022-10-05T00:25:04.460+0000] {dagbag.py:525} INFO - Filling up the DagBag from /home/airflow/.local/lib/python3.7/site-packages/airflow/example_dags/example_time_delta_sensor_async.py
[2022-10-05T00:25:04.525+0000] {processor.py:768} INFO - DAG(s) dict_keys(['example_time_delta_sensor_async']) retrieved from /home/airflow/.local/lib/python3.7/site-packages/airflow/example_dags/example_time_delta_sensor_async.py
[2022-10-05T00:25:08.416+0000] {logging_mixin.py:117} INFO - [2022-10-05T00:25:08.415+0000] {dag.py:2573} INFO - Sync 1 DAGs
[2022-10-05T00:25:08.501+0000] {logging_mixin.py:117} INFO - [2022-10-05T00:25:08.501+0000] {dag.py:3328} INFO - Setting next_dagrun for example_time_delta_sensor_async to None, run_after=None
[2022-10-05T00:25:09.790+0000] {processor.py:178} INFO - Processing /home/airflow/.local/lib/python3.7/site-packages/airflow/example_dags/example_time_delta_sensor_async.py took 5.363 seconds
[2022-10-05T00:28:01.828+0000] {processor.py:156} INFO - Started process (PID=73) to work on /home/airflow/.local/lib/python3.7/site-packages/airflow/example_dags/example_time_delta_sensor_async.py
[2022-10-05T00:28:01.834+0000] {processor.py:758} INFO - Processing file /home/airflow/.local/lib/python3.7/site-packages/airflow/example_dags/example_time_delta_sensor_async.py for tasks to queue
[2022-10-05T00:28:01.841+0000] {logging_mixin.py:117} INFO - [2022-10-05T00:28:01.840+0000] {dagbag.py:525} INFO - Filling up the DagBag from /home/airflow/.local/lib/python3.7/site-packages/airflow/example_dags/example_time_delta_sensor_async.py
[2022-10-05T00:28:01.963+0000] {processor.py:768} INFO - DAG(s) dict_keys(['example_time_delta_sensor_async']) retrieved from /home/airflow/.local/lib/python3.7/site-packages/airflow/example_dags/example_time_delta_sensor_async.py
[2022-10-05T00:28:19.650+0000] {logging_mixin.py:117} INFO - [2022-10-05T00:28:19.548+0000] {dag.py:2573} INFO - Sync 1 DAGs
[2022-10-05T00:28:22.081+0000] {logging_mixin.py:117} INFO - [2022-10-05T00:28:22.080+0000] {dag.py:3328} INFO - Setting next_dagrun for example_time_delta_sensor_async to None, run_after=None
[2022-10-05T00:28:26.391+0000] {processor.py:178} INFO - Processing /home/airflow/.local/lib/python3.7/site-packages/airflow/example_dags/example_time_delta_sensor_async.py took 24.575 seconds
[2022-10-05T00:30:31.054+0000] {processor.py:156} INFO - Started process (PID=70) to work on /home/airflow/.local/lib/python3.7/site-packages/airflow/example_dags/example_time_delta_sensor_async.py
[2022-10-05T00:30:31.055+0000] {processor.py:758} INFO - Processing file /home/airflow/.local/lib/python3.7/site-packages/airflow/example_dags/example_time_delta_sensor_async.py for tasks to queue
[2022-10-05T00:30:31.058+0000] {logging_mixin.py:117} INFO - [2022-10-05T00:30:31.058+0000] {dagbag.py:525} INFO - Filling up the DagBag from /home/airflow/.local/lib/python3.7/site-packages/airflow/example_dags/example_time_delta_sensor_async.py
[2022-10-05T00:30:31.123+0000] {processor.py:768} INFO - DAG(s) dict_keys(['example_time_delta_sensor_async']) retrieved from /home/airflow/.local/lib/python3.7/site-packages/airflow/example_dags/example_time_delta_sensor_async.py
[2022-10-05T00:30:32.732+0000] {logging_mixin.py:117} INFO - [2022-10-05T00:30:32.732+0000] {dag.py:2573} INFO - Sync 1 DAGs
[2022-10-05T00:30:32.811+0000] {logging_mixin.py:117} INFO - [2022-10-05T00:30:32.811+0000] {dag.py:3328} INFO - Setting next_dagrun for example_time_delta_sensor_async to None, run_after=None
[2022-10-05T00:30:32.960+0000] {processor.py:178} INFO - Processing /home/airflow/.local/lib/python3.7/site-packages/airflow/example_dags/example_time_delta_sensor_async.py took 1.917 seconds
[2022-10-05T00:33:13.572+0000] {processor.py:156} INFO - Started process (PID=68) to work on /home/airflow/.local/lib/python3.7/site-packages/airflow/example_dags/example_time_delta_sensor_async.py
[2022-10-05T00:33:13.589+0000] {processor.py:758} INFO - Processing file /home/airflow/.local/lib/python3.7/site-packages/airflow/example_dags/example_time_delta_sensor_async.py for tasks to queue
[2022-10-05T00:33:13.590+0000] {logging_mixin.py:117} INFO - [2022-10-05T00:33:13.590+0000] {dagbag.py:525} INFO - Filling up the DagBag from /home/airflow/.local/lib/python3.7/site-packages/airflow/example_dags/example_time_delta_sensor_async.py
[2022-10-05T00:33:13.952+0000] {processor.py:768} INFO - DAG(s) dict_keys(['example_time_delta_sensor_async']) retrieved from /home/airflow/.local/lib/python3.7/site-packages/airflow/example_dags/example_time_delta_sensor_async.py
[2022-10-05T00:33:17.953+0000] {logging_mixin.py:117} INFO - [2022-10-05T00:33:17.953+0000] {dag.py:2573} INFO - Sync 1 DAGs
[2022-10-05T00:33:18.110+0000] {logging_mixin.py:117} INFO - [2022-10-05T00:33:18.109+0000] {dag.py:3328} INFO - Setting next_dagrun for example_time_delta_sensor_async to None, run_after=None
[2022-10-05T00:33:18.280+0000] {processor.py:178} INFO - Processing /home/airflow/.local/lib/python3.7/site-packages/airflow/example_dags/example_time_delta_sensor_async.py took 4.758 seconds
[2022-10-05T00:34:43.055+0000] {processor.py:156} INFO - Started process (PID=59) to work on /home/airflow/.local/lib/python3.7/site-packages/airflow/example_dags/example_time_delta_sensor_async.py
[2022-10-05T00:34:43.061+0000] {processor.py:758} INFO - Processing file /home/airflow/.local/lib/python3.7/site-packages/airflow/example_dags/example_time_delta_sensor_async.py for tasks to queue
[2022-10-05T00:34:43.064+0000] {logging_mixin.py:117} INFO - [2022-10-05T00:34:43.063+0000] {dagbag.py:525} INFO - Filling up the DagBag from /home/airflow/.local/lib/python3.7/site-packages/airflow/example_dags/example_time_delta_sensor_async.py
[2022-10-05T00:34:43.140+0000] {processor.py:768} INFO - DAG(s) dict_keys(['example_time_delta_sensor_async']) retrieved from /home/airflow/.local/lib/python3.7/site-packages/airflow/example_dags/example_time_delta_sensor_async.py
[2022-10-05T00:35:00.127+0000] {logging_mixin.py:117} INFO - [2022-10-05T00:35:00.126+0000] {dag.py:2573} INFO - Sync 1 DAGs
[2022-10-05T00:35:00.479+0000] {logging_mixin.py:117} INFO - [2022-10-05T00:35:00.478+0000] {dag.py:3328} INFO - Setting next_dagrun for example_time_delta_sensor_async to None, run_after=None
[2022-10-05T00:35:01.066+0000] {processor.py:178} INFO - Processing /home/airflow/.local/lib/python3.7/site-packages/airflow/example_dags/example_time_delta_sensor_async.py took 18.025 seconds
[2022-10-05T00:36:52.568+0000] {processor.py:156} INFO - Started process (PID=59) to work on /home/airflow/.local/lib/python3.7/site-packages/airflow/example_dags/example_time_delta_sensor_async.py
[2022-10-05T00:36:52.574+0000] {processor.py:758} INFO - Processing file /home/airflow/.local/lib/python3.7/site-packages/airflow/example_dags/example_time_delta_sensor_async.py for tasks to queue
[2022-10-05T00:36:52.579+0000] {logging_mixin.py:117} INFO - [2022-10-05T00:36:52.577+0000] {dagbag.py:525} INFO - Filling up the DagBag from /home/airflow/.local/lib/python3.7/site-packages/airflow/example_dags/example_time_delta_sensor_async.py
[2022-10-05T00:36:52.681+0000] {processor.py:768} INFO - DAG(s) dict_keys(['example_time_delta_sensor_async']) retrieved from /home/airflow/.local/lib/python3.7/site-packages/airflow/example_dags/example_time_delta_sensor_async.py
[2022-10-05T00:37:03.572+0000] {logging_mixin.py:117} INFO - [2022-10-05T00:37:03.562+0000] {dag.py:2573} INFO - Sync 1 DAGs
[2022-10-05T00:37:06.632+0000] {logging_mixin.py:117} INFO - [2022-10-05T00:37:06.632+0000] {dag.py:3328} INFO - Setting next_dagrun for example_time_delta_sensor_async to None, run_after=None
[2022-10-05T00:37:07.137+0000] {processor.py:178} INFO - Processing /home/airflow/.local/lib/python3.7/site-packages/airflow/example_dags/example_time_delta_sensor_async.py took 14.592 seconds
[2022-10-05T00:38:55.859+0000] {processor.py:156} INFO - Started process (PID=60) to work on /home/airflow/.local/lib/python3.7/site-packages/airflow/example_dags/example_time_delta_sensor_async.py
[2022-10-05T00:38:55.860+0000] {processor.py:758} INFO - Processing file /home/airflow/.local/lib/python3.7/site-packages/airflow/example_dags/example_time_delta_sensor_async.py for tasks to queue
[2022-10-05T00:38:55.861+0000] {logging_mixin.py:117} INFO - [2022-10-05T00:38:55.861+0000] {dagbag.py:525} INFO - Filling up the DagBag from /home/airflow/.local/lib/python3.7/site-packages/airflow/example_dags/example_time_delta_sensor_async.py
[2022-10-05T00:38:55.886+0000] {processor.py:768} INFO - DAG(s) dict_keys(['example_time_delta_sensor_async']) retrieved from /home/airflow/.local/lib/python3.7/site-packages/airflow/example_dags/example_time_delta_sensor_async.py
[2022-10-05T00:38:58.672+0000] {logging_mixin.py:117} INFO - [2022-10-05T00:38:58.671+0000] {dag.py:2573} INFO - Sync 1 DAGs
[2022-10-05T00:38:58.761+0000] {logging_mixin.py:117} INFO - [2022-10-05T00:38:58.761+0000] {dag.py:3328} INFO - Setting next_dagrun for example_time_delta_sensor_async to None, run_after=None
[2022-10-05T00:39:00.071+0000] {processor.py:178} INFO - Processing /home/airflow/.local/lib/python3.7/site-packages/airflow/example_dags/example_time_delta_sensor_async.py took 4.217 seconds
[2022-10-05T00:41:13.306+0000] {processor.py:156} INFO - Started process (PID=60) to work on /home/airflow/.local/lib/python3.7/site-packages/airflow/example_dags/example_time_delta_sensor_async.py
[2022-10-05T00:41:13.314+0000] {processor.py:758} INFO - Processing file /home/airflow/.local/lib/python3.7/site-packages/airflow/example_dags/example_time_delta_sensor_async.py for tasks to queue
[2022-10-05T00:41:13.315+0000] {logging_mixin.py:117} INFO - [2022-10-05T00:41:13.315+0000] {dagbag.py:525} INFO - Filling up the DagBag from /home/airflow/.local/lib/python3.7/site-packages/airflow/example_dags/example_time_delta_sensor_async.py
[2022-10-05T00:41:13.392+0000] {processor.py:768} INFO - DAG(s) dict_keys(['example_time_delta_sensor_async']) retrieved from /home/airflow/.local/lib/python3.7/site-packages/airflow/example_dags/example_time_delta_sensor_async.py
[2022-10-05T00:41:30.880+0000] {logging_mixin.py:117} INFO - [2022-10-05T00:41:30.873+0000] {dag.py:2573} INFO - Sync 1 DAGs
[2022-10-05T00:41:31.190+0000] {logging_mixin.py:117} INFO - [2022-10-05T00:41:31.175+0000] {dag.py:3328} INFO - Setting next_dagrun for example_time_delta_sensor_async to None, run_after=None
[2022-10-05T00:41:32.165+0000] {processor.py:178} INFO - Processing /home/airflow/.local/lib/python3.7/site-packages/airflow/example_dags/example_time_delta_sensor_async.py took 18.884 seconds
[2022-10-05T00:43:49.336+0000] {processor.py:156} INFO - Started process (PID=77) to work on /home/airflow/.local/lib/python3.7/site-packages/airflow/example_dags/example_time_delta_sensor_async.py
[2022-10-05T00:43:49.346+0000] {processor.py:758} INFO - Processing file /home/airflow/.local/lib/python3.7/site-packages/airflow/example_dags/example_time_delta_sensor_async.py for tasks to queue
[2022-10-05T00:43:49.353+0000] {logging_mixin.py:117} INFO - [2022-10-05T00:43:49.352+0000] {dagbag.py:525} INFO - Filling up the DagBag from /home/airflow/.local/lib/python3.7/site-packages/airflow/example_dags/example_time_delta_sensor_async.py
[2022-10-05T00:43:49.632+0000] {processor.py:768} INFO - DAG(s) dict_keys(['example_time_delta_sensor_async']) retrieved from /home/airflow/.local/lib/python3.7/site-packages/airflow/example_dags/example_time_delta_sensor_async.py
[2022-10-05T00:43:56.930+0000] {logging_mixin.py:117} INFO - [2022-10-05T00:43:56.930+0000] {dag.py:2573} INFO - Sync 1 DAGs
[2022-10-05T00:43:57.170+0000] {logging_mixin.py:117} INFO - [2022-10-05T00:43:57.169+0000] {dag.py:3328} INFO - Setting next_dagrun for example_time_delta_sensor_async to None, run_after=None
[2022-10-05T00:43:57.429+0000] {processor.py:178} INFO - Processing /home/airflow/.local/lib/python3.7/site-packages/airflow/example_dags/example_time_delta_sensor_async.py took 8.215 seconds
[2022-10-05T00:46:24.748+0000] {processor.py:156} INFO - Started process (PID=69) to work on /home/airflow/.local/lib/python3.7/site-packages/airflow/example_dags/example_time_delta_sensor_async.py
[2022-10-05T00:46:24.754+0000] {processor.py:758} INFO - Processing file /home/airflow/.local/lib/python3.7/site-packages/airflow/example_dags/example_time_delta_sensor_async.py for tasks to queue
[2022-10-05T00:46:24.757+0000] {logging_mixin.py:117} INFO - [2022-10-05T00:46:24.757+0000] {dagbag.py:525} INFO - Filling up the DagBag from /home/airflow/.local/lib/python3.7/site-packages/airflow/example_dags/example_time_delta_sensor_async.py
[2022-10-05T00:46:24.910+0000] {processor.py:768} INFO - DAG(s) dict_keys(['example_time_delta_sensor_async']) retrieved from /home/airflow/.local/lib/python3.7/site-packages/airflow/example_dags/example_time_delta_sensor_async.py
[2022-10-05T00:47:03.343+0000] {logging_mixin.py:117} INFO - [2022-10-05T00:47:03.325+0000] {dag.py:2573} INFO - Sync 1 DAGs
[2022-10-05T00:47:04.014+0000] {logging_mixin.py:117} INFO - [2022-10-05T00:47:03.996+0000] {dag.py:3328} INFO - Setting next_dagrun for example_time_delta_sensor_async to None, run_after=None
[2022-10-05T00:47:05.900+0000] {processor.py:178} INFO - Processing /home/airflow/.local/lib/python3.7/site-packages/airflow/example_dags/example_time_delta_sensor_async.py took 41.171 seconds
[2022-10-05T00:49:17.903+0000] {processor.py:156} INFO - Started process (PID=68) to work on /home/airflow/.local/lib/python3.7/site-packages/airflow/example_dags/example_time_delta_sensor_async.py
[2022-10-05T00:49:17.912+0000] {processor.py:758} INFO - Processing file /home/airflow/.local/lib/python3.7/site-packages/airflow/example_dags/example_time_delta_sensor_async.py for tasks to queue
[2022-10-05T00:49:17.914+0000] {logging_mixin.py:117} INFO - [2022-10-05T00:49:17.914+0000] {dagbag.py:525} INFO - Filling up the DagBag from /home/airflow/.local/lib/python3.7/site-packages/airflow/example_dags/example_time_delta_sensor_async.py
[2022-10-05T00:49:18.075+0000] {processor.py:768} INFO - DAG(s) dict_keys(['example_time_delta_sensor_async']) retrieved from /home/airflow/.local/lib/python3.7/site-packages/airflow/example_dags/example_time_delta_sensor_async.py
[2022-10-05T00:49:34.176+0000] {logging_mixin.py:117} INFO - [2022-10-05T00:49:34.175+0000] {dag.py:2573} INFO - Sync 1 DAGs
[2022-10-05T00:49:34.577+0000] {logging_mixin.py:117} INFO - [2022-10-05T00:49:34.577+0000] {dag.py:3328} INFO - Setting next_dagrun for example_time_delta_sensor_async to None, run_after=None
[2022-10-05T00:49:43.580+0000] {processor.py:178} INFO - Processing /home/airflow/.local/lib/python3.7/site-packages/airflow/example_dags/example_time_delta_sensor_async.py took 25.712 seconds
[2022-10-05T00:52:05.408+0000] {processor.py:156} INFO - Started process (PID=76) to work on /home/airflow/.local/lib/python3.7/site-packages/airflow/example_dags/example_time_delta_sensor_async.py
[2022-10-05T00:52:05.415+0000] {processor.py:758} INFO - Processing file /home/airflow/.local/lib/python3.7/site-packages/airflow/example_dags/example_time_delta_sensor_async.py for tasks to queue
[2022-10-05T00:52:05.416+0000] {logging_mixin.py:117} INFO - [2022-10-05T00:52:05.416+0000] {dagbag.py:525} INFO - Filling up the DagBag from /home/airflow/.local/lib/python3.7/site-packages/airflow/example_dags/example_time_delta_sensor_async.py
[2022-10-05T00:52:05.492+0000] {processor.py:768} INFO - DAG(s) dict_keys(['example_time_delta_sensor_async']) retrieved from /home/airflow/.local/lib/python3.7/site-packages/airflow/example_dags/example_time_delta_sensor_async.py
[2022-10-05T00:52:07.395+0000] {logging_mixin.py:117} INFO - [2022-10-05T00:52:07.394+0000] {dag.py:2573} INFO - Sync 1 DAGs
[2022-10-05T00:52:07.512+0000] {logging_mixin.py:117} INFO - [2022-10-05T00:52:07.512+0000] {dag.py:3328} INFO - Setting next_dagrun for example_time_delta_sensor_async to None, run_after=None
[2022-10-05T00:52:07.677+0000] {processor.py:178} INFO - Processing /home/airflow/.local/lib/python3.7/site-packages/airflow/example_dags/example_time_delta_sensor_async.py took 2.274 seconds
[2022-10-05T00:54:29.723+0000] {processor.py:156} INFO - Started process (PID=61) to work on /home/airflow/.local/lib/python3.7/site-packages/airflow/example_dags/example_time_delta_sensor_async.py
[2022-10-05T00:54:29.726+0000] {processor.py:758} INFO - Processing file /home/airflow/.local/lib/python3.7/site-packages/airflow/example_dags/example_time_delta_sensor_async.py for tasks to queue
[2022-10-05T00:54:29.727+0000] {logging_mixin.py:117} INFO - [2022-10-05T00:54:29.727+0000] {dagbag.py:525} INFO - Filling up the DagBag from /home/airflow/.local/lib/python3.7/site-packages/airflow/example_dags/example_time_delta_sensor_async.py
[2022-10-05T00:54:29.753+0000] {processor.py:768} INFO - DAG(s) dict_keys(['example_time_delta_sensor_async']) retrieved from /home/airflow/.local/lib/python3.7/site-packages/airflow/example_dags/example_time_delta_sensor_async.py
[2022-10-05T00:54:31.189+0000] {logging_mixin.py:117} INFO - [2022-10-05T00:54:31.188+0000] {dag.py:2573} INFO - Sync 1 DAGs
[2022-10-05T00:54:31.277+0000] {logging_mixin.py:117} INFO - [2022-10-05T00:54:31.276+0000] {dag.py:3328} INFO - Setting next_dagrun for example_time_delta_sensor_async to None, run_after=None
[2022-10-05T00:54:31.499+0000] {processor.py:178} INFO - Processing /home/airflow/.local/lib/python3.7/site-packages/airflow/example_dags/example_time_delta_sensor_async.py took 1.781 seconds
[2022-10-05T00:56:29.557+0000] {processor.py:156} INFO - Started process (PID=71) to work on /home/airflow/.local/lib/python3.7/site-packages/airflow/example_dags/example_time_delta_sensor_async.py
[2022-10-05T00:56:29.582+0000] {processor.py:758} INFO - Processing file /home/airflow/.local/lib/python3.7/site-packages/airflow/example_dags/example_time_delta_sensor_async.py for tasks to queue
[2022-10-05T00:56:29.590+0000] {logging_mixin.py:117} INFO - [2022-10-05T00:56:29.589+0000] {dagbag.py:525} INFO - Filling up the DagBag from /home/airflow/.local/lib/python3.7/site-packages/airflow/example_dags/example_time_delta_sensor_async.py
[2022-10-05T00:56:29.739+0000] {processor.py:768} INFO - DAG(s) dict_keys(['example_time_delta_sensor_async']) retrieved from /home/airflow/.local/lib/python3.7/site-packages/airflow/example_dags/example_time_delta_sensor_async.py
[2022-10-05T00:56:32.563+0000] {logging_mixin.py:117} INFO - [2022-10-05T00:56:32.562+0000] {dag.py:2573} INFO - Sync 1 DAGs
[2022-10-05T00:56:32.668+0000] {logging_mixin.py:117} INFO - [2022-10-05T00:56:32.668+0000] {dag.py:3328} INFO - Setting next_dagrun for example_time_delta_sensor_async to None, run_after=None
[2022-10-05T00:56:34.126+0000] {processor.py:178} INFO - Processing /home/airflow/.local/lib/python3.7/site-packages/airflow/example_dags/example_time_delta_sensor_async.py took 4.619 seconds
[2022-10-05T00:58:56.459+0000] {processor.py:156} INFO - Started process (PID=79) to work on /home/airflow/.local/lib/python3.7/site-packages/airflow/example_dags/example_time_delta_sensor_async.py
[2022-10-05T00:58:56.460+0000] {processor.py:758} INFO - Processing file /home/airflow/.local/lib/python3.7/site-packages/airflow/example_dags/example_time_delta_sensor_async.py for tasks to queue
[2022-10-05T00:58:56.466+0000] {logging_mixin.py:117} INFO - [2022-10-05T00:58:56.466+0000] {dagbag.py:525} INFO - Filling up the DagBag from /home/airflow/.local/lib/python3.7/site-packages/airflow/example_dags/example_time_delta_sensor_async.py
[2022-10-05T00:58:56.605+0000] {processor.py:768} INFO - DAG(s) dict_keys(['example_time_delta_sensor_async']) retrieved from /home/airflow/.local/lib/python3.7/site-packages/airflow/example_dags/example_time_delta_sensor_async.py
[2022-10-05T00:58:58.734+0000] {logging_mixin.py:117} INFO - [2022-10-05T00:58:58.733+0000] {dag.py:2573} INFO - Sync 1 DAGs
[2022-10-05T00:58:58.859+0000] {logging_mixin.py:117} INFO - [2022-10-05T00:58:58.859+0000] {dag.py:3328} INFO - Setting next_dagrun for example_time_delta_sensor_async to None, run_after=None
[2022-10-05T00:58:59.005+0000] {processor.py:178} INFO - Processing /home/airflow/.local/lib/python3.7/site-packages/airflow/example_dags/example_time_delta_sensor_async.py took 2.585 seconds
[2022-10-05T01:00:33.980+0000] {processor.py:156} INFO - Started process (PID=61) to work on /home/airflow/.local/lib/python3.7/site-packages/airflow/example_dags/example_time_delta_sensor_async.py
[2022-10-05T01:00:33.987+0000] {processor.py:758} INFO - Processing file /home/airflow/.local/lib/python3.7/site-packages/airflow/example_dags/example_time_delta_sensor_async.py for tasks to queue
[2022-10-05T01:00:33.988+0000] {logging_mixin.py:117} INFO - [2022-10-05T01:00:33.988+0000] {dagbag.py:525} INFO - Filling up the DagBag from /home/airflow/.local/lib/python3.7/site-packages/airflow/example_dags/example_time_delta_sensor_async.py
[2022-10-05T01:00:34.048+0000] {processor.py:768} INFO - DAG(s) dict_keys(['example_time_delta_sensor_async']) retrieved from /home/airflow/.local/lib/python3.7/site-packages/airflow/example_dags/example_time_delta_sensor_async.py
[2022-10-05T01:00:40.727+0000] {logging_mixin.py:117} INFO - [2022-10-05T01:00:40.700+0000] {dag.py:2573} INFO - Sync 1 DAGs
[2022-10-05T01:00:42.800+0000] {logging_mixin.py:117} INFO - [2022-10-05T01:00:41.523+0000] {dag.py:3328} INFO - Setting next_dagrun for example_time_delta_sensor_async to None, run_after=None
[2022-10-05T01:00:47.144+0000] {processor.py:178} INFO - Processing /home/airflow/.local/lib/python3.7/site-packages/airflow/example_dags/example_time_delta_sensor_async.py took 13.169 seconds
[2022-10-05T01:04:23.042+0000] {processor.py:156} INFO - Started process (PID=76) to work on /home/airflow/.local/lib/python3.7/site-packages/airflow/example_dags/example_time_delta_sensor_async.py
[2022-10-05T01:04:23.053+0000] {processor.py:758} INFO - Processing file /home/airflow/.local/lib/python3.7/site-packages/airflow/example_dags/example_time_delta_sensor_async.py for tasks to queue
[2022-10-05T01:04:23.055+0000] {logging_mixin.py:117} INFO - [2022-10-05T01:04:23.054+0000] {dagbag.py:525} INFO - Filling up the DagBag from /home/airflow/.local/lib/python3.7/site-packages/airflow/example_dags/example_time_delta_sensor_async.py
[2022-10-05T01:04:23.273+0000] {processor.py:768} INFO - DAG(s) dict_keys(['example_time_delta_sensor_async']) retrieved from /home/airflow/.local/lib/python3.7/site-packages/airflow/example_dags/example_time_delta_sensor_async.py
[2022-10-05T01:04:26.934+0000] {logging_mixin.py:117} INFO - [2022-10-05T01:04:26.934+0000] {dag.py:2573} INFO - Sync 1 DAGs
[2022-10-05T01:04:27.135+0000] {logging_mixin.py:117} INFO - [2022-10-05T01:04:27.135+0000] {dag.py:3328} INFO - Setting next_dagrun for example_time_delta_sensor_async to None, run_after=None
[2022-10-05T01:04:27.384+0000] {processor.py:178} INFO - Processing /home/airflow/.local/lib/python3.7/site-packages/airflow/example_dags/example_time_delta_sensor_async.py took 4.379 seconds
[2022-10-05T01:06:35.529+0000] {processor.py:156} INFO - Started process (PID=68) to work on /home/airflow/.local/lib/python3.7/site-packages/airflow/example_dags/example_time_delta_sensor_async.py
[2022-10-05T01:06:35.555+0000] {processor.py:758} INFO - Processing file /home/airflow/.local/lib/python3.7/site-packages/airflow/example_dags/example_time_delta_sensor_async.py for tasks to queue
[2022-10-05T01:06:35.586+0000] {logging_mixin.py:117} INFO - [2022-10-05T01:06:35.585+0000] {dagbag.py:525} INFO - Filling up the DagBag from /home/airflow/.local/lib/python3.7/site-packages/airflow/example_dags/example_time_delta_sensor_async.py
[2022-10-05T01:06:35.870+0000] {processor.py:768} INFO - DAG(s) dict_keys(['example_time_delta_sensor_async']) retrieved from /home/airflow/.local/lib/python3.7/site-packages/airflow/example_dags/example_time_delta_sensor_async.py
[2022-10-05T01:06:50.619+0000] {logging_mixin.py:117} INFO - [2022-10-05T01:06:50.613+0000] {dag.py:2573} INFO - Sync 1 DAGs
[2022-10-05T01:06:50.893+0000] {logging_mixin.py:117} INFO - [2022-10-05T01:06:50.892+0000] {dag.py:3328} INFO - Setting next_dagrun for example_time_delta_sensor_async to None, run_after=None
[2022-10-05T01:06:51.071+0000] {processor.py:178} INFO - Processing /home/airflow/.local/lib/python3.7/site-packages/airflow/example_dags/example_time_delta_sensor_async.py took 15.623 seconds
[2022-10-05T01:09:35.294+0000] {processor.py:156} INFO - Started process (PID=87) to work on /home/airflow/.local/lib/python3.7/site-packages/airflow/example_dags/example_time_delta_sensor_async.py
[2022-10-05T01:09:35.314+0000] {processor.py:758} INFO - Processing file /home/airflow/.local/lib/python3.7/site-packages/airflow/example_dags/example_time_delta_sensor_async.py for tasks to queue
[2022-10-05T01:09:35.323+0000] {logging_mixin.py:117} INFO - [2022-10-05T01:09:35.322+0000] {dagbag.py:525} INFO - Filling up the DagBag from /home/airflow/.local/lib/python3.7/site-packages/airflow/example_dags/example_time_delta_sensor_async.py
[2022-10-05T01:09:35.568+0000] {processor.py:768} INFO - DAG(s) dict_keys(['example_time_delta_sensor_async']) retrieved from /home/airflow/.local/lib/python3.7/site-packages/airflow/example_dags/example_time_delta_sensor_async.py
[2022-10-05T01:09:40.390+0000] {logging_mixin.py:117} INFO - [2022-10-05T01:09:40.390+0000] {dag.py:2573} INFO - Sync 1 DAGs
[2022-10-05T01:09:40.507+0000] {logging_mixin.py:117} INFO - [2022-10-05T01:09:40.504+0000] {dag.py:3328} INFO - Setting next_dagrun for example_time_delta_sensor_async to None, run_after=None
[2022-10-05T01:09:53.134+0000] {processor.py:178} INFO - Processing /home/airflow/.local/lib/python3.7/site-packages/airflow/example_dags/example_time_delta_sensor_async.py took 17.898 seconds
[2022-10-05T01:12:24.351+0000] {processor.py:156} INFO - Started process (PID=68) to work on /home/airflow/.local/lib/python3.7/site-packages/airflow/example_dags/example_time_delta_sensor_async.py
[2022-10-05T01:12:24.352+0000] {processor.py:758} INFO - Processing file /home/airflow/.local/lib/python3.7/site-packages/airflow/example_dags/example_time_delta_sensor_async.py for tasks to queue
[2022-10-05T01:12:24.353+0000] {logging_mixin.py:117} INFO - [2022-10-05T01:12:24.353+0000] {dagbag.py:525} INFO - Filling up the DagBag from /home/airflow/.local/lib/python3.7/site-packages/airflow/example_dags/example_time_delta_sensor_async.py
[2022-10-05T01:12:24.399+0000] {processor.py:768} INFO - DAG(s) dict_keys(['example_time_delta_sensor_async']) retrieved from /home/airflow/.local/lib/python3.7/site-packages/airflow/example_dags/example_time_delta_sensor_async.py
[2022-10-05T01:12:25.915+0000] {logging_mixin.py:117} INFO - [2022-10-05T01:12:25.914+0000] {dag.py:2573} INFO - Sync 1 DAGs
[2022-10-05T01:12:26.010+0000] {logging_mixin.py:117} INFO - [2022-10-05T01:12:26.010+0000] {dag.py:3328} INFO - Setting next_dagrun for example_time_delta_sensor_async to None, run_after=None
[2022-10-05T01:12:26.258+0000] {processor.py:178} INFO - Processing /home/airflow/.local/lib/python3.7/site-packages/airflow/example_dags/example_time_delta_sensor_async.py took 1.913 seconds
[2022-10-05T01:14:32.916+0000] {processor.py:156} INFO - Started process (PID=134) to work on /home/airflow/.local/lib/python3.7/site-packages/airflow/example_dags/example_time_delta_sensor_async.py
[2022-10-05T01:14:32.918+0000] {processor.py:758} INFO - Processing file /home/airflow/.local/lib/python3.7/site-packages/airflow/example_dags/example_time_delta_sensor_async.py for tasks to queue
[2022-10-05T01:14:32.919+0000] {logging_mixin.py:117} INFO - [2022-10-05T01:14:32.919+0000] {dagbag.py:525} INFO - Filling up the DagBag from /home/airflow/.local/lib/python3.7/site-packages/airflow/example_dags/example_time_delta_sensor_async.py
[2022-10-05T01:14:32.943+0000] {processor.py:768} INFO - DAG(s) dict_keys(['example_time_delta_sensor_async']) retrieved from /home/airflow/.local/lib/python3.7/site-packages/airflow/example_dags/example_time_delta_sensor_async.py
[2022-10-05T01:14:33.582+0000] {logging_mixin.py:117} INFO - [2022-10-05T01:14:33.582+0000] {dag.py:2573} INFO - Sync 1 DAGs
[2022-10-05T01:14:33.653+0000] {logging_mixin.py:117} INFO - [2022-10-05T01:14:33.652+0000] {dag.py:3328} INFO - Setting next_dagrun for example_time_delta_sensor_async to None, run_after=None
[2022-10-05T01:14:33.878+0000] {processor.py:178} INFO - Processing /home/airflow/.local/lib/python3.7/site-packages/airflow/example_dags/example_time_delta_sensor_async.py took 0.967 seconds
[2022-10-05T01:17:05.300+0000] {processor.py:156} INFO - Started process (PID=62) to work on /home/airflow/.local/lib/python3.7/site-packages/airflow/example_dags/example_time_delta_sensor_async.py
[2022-10-05T01:17:05.303+0000] {processor.py:758} INFO - Processing file /home/airflow/.local/lib/python3.7/site-packages/airflow/example_dags/example_time_delta_sensor_async.py for tasks to queue
[2022-10-05T01:17:05.306+0000] {logging_mixin.py:117} INFO - [2022-10-05T01:17:05.306+0000] {dagbag.py:525} INFO - Filling up the DagBag from /home/airflow/.local/lib/python3.7/site-packages/airflow/example_dags/example_time_delta_sensor_async.py
[2022-10-05T01:17:05.335+0000] {processor.py:768} INFO - DAG(s) dict_keys(['example_time_delta_sensor_async']) retrieved from /home/airflow/.local/lib/python3.7/site-packages/airflow/example_dags/example_time_delta_sensor_async.py
[2022-10-05T01:17:06.874+0000] {logging_mixin.py:117} INFO - [2022-10-05T01:17:06.874+0000] {dag.py:2573} INFO - Sync 1 DAGs
[2022-10-05T01:17:06.917+0000] {logging_mixin.py:117} INFO - [2022-10-05T01:17:06.917+0000] {dag.py:3328} INFO - Setting next_dagrun for example_time_delta_sensor_async to None, run_after=None
[2022-10-05T01:17:07.039+0000] {processor.py:178} INFO - Processing /home/airflow/.local/lib/python3.7/site-packages/airflow/example_dags/example_time_delta_sensor_async.py took 1.744 seconds
