[2022-10-05T00:00:55.274+0000] {processor.py:156} INFO - Started process (PID=77) to work on /home/airflow/.local/lib/python3.7/site-packages/airflow/example_dags/example_latest_only.py
[2022-10-05T00:00:55.276+0000] {processor.py:758} INFO - Processing file /home/airflow/.local/lib/python3.7/site-packages/airflow/example_dags/example_latest_only.py for tasks to queue
[2022-10-05T00:00:55.284+0000] {logging_mixin.py:117} INFO - [2022-10-05T00:00:55.284+0000] {dagbag.py:525} INFO - Filling up the DagBag from /home/airflow/.local/lib/python3.7/site-packages/airflow/example_dags/example_latest_only.py
[2022-10-05T00:00:55.441+0000] {processor.py:768} INFO - DAG(s) dict_keys(['latest_only']) retrieved from /home/airflow/.local/lib/python3.7/site-packages/airflow/example_dags/example_latest_only.py
[2022-10-05T00:00:56.690+0000] {logging_mixin.py:117} INFO - [2022-10-05T00:00:56.690+0000] {dag.py:2573} INFO - Sync 1 DAGs
[2022-10-05T00:00:56.762+0000] {logging_mixin.py:117} INFO - [2022-10-05T00:00:56.762+0000] {dag.py:3328} INFO - Setting next_dagrun for latest_only to 2022-10-04T20:00:56.762159+00:00, run_after=2022-10-05T00:00:56.762159+00:00
[2022-10-05T00:00:57.038+0000] {processor.py:178} INFO - Processing /home/airflow/.local/lib/python3.7/site-packages/airflow/example_dags/example_latest_only.py took 1.803 seconds
[2022-10-05T00:03:04.333+0000] {processor.py:156} INFO - Started process (PID=79) to work on /home/airflow/.local/lib/python3.7/site-packages/airflow/example_dags/example_latest_only.py
[2022-10-05T00:03:04.338+0000] {processor.py:758} INFO - Processing file /home/airflow/.local/lib/python3.7/site-packages/airflow/example_dags/example_latest_only.py for tasks to queue
[2022-10-05T00:03:04.342+0000] {logging_mixin.py:117} INFO - [2022-10-05T00:03:04.342+0000] {dagbag.py:525} INFO - Filling up the DagBag from /home/airflow/.local/lib/python3.7/site-packages/airflow/example_dags/example_latest_only.py
[2022-10-05T00:03:04.426+0000] {processor.py:768} INFO - DAG(s) dict_keys(['latest_only']) retrieved from /home/airflow/.local/lib/python3.7/site-packages/airflow/example_dags/example_latest_only.py
[2022-10-05T00:03:05.392+0000] {logging_mixin.py:117} INFO - [2022-10-05T00:03:05.390+0000] {dag.py:2573} INFO - Sync 1 DAGs
[2022-10-05T00:03:05.557+0000] {logging_mixin.py:117} INFO - [2022-10-05T00:03:05.557+0000] {dag.py:3328} INFO - Setting next_dagrun for latest_only to 2022-10-04T20:03:05.554486+00:00, run_after=2022-10-05T00:03:05.554486+00:00
[2022-10-05T00:03:13.023+0000] {processor.py:178} INFO - Processing /home/airflow/.local/lib/python3.7/site-packages/airflow/example_dags/example_latest_only.py took 8.702 seconds
[2022-10-05T00:04:59.162+0000] {processor.py:156} INFO - Started process (PID=78) to work on /home/airflow/.local/lib/python3.7/site-packages/airflow/example_dags/example_latest_only.py
[2022-10-05T00:04:59.174+0000] {processor.py:758} INFO - Processing file /home/airflow/.local/lib/python3.7/site-packages/airflow/example_dags/example_latest_only.py for tasks to queue
[2022-10-05T00:04:59.185+0000] {logging_mixin.py:117} INFO - [2022-10-05T00:04:59.184+0000] {dagbag.py:525} INFO - Filling up the DagBag from /home/airflow/.local/lib/python3.7/site-packages/airflow/example_dags/example_latest_only.py
[2022-10-05T00:04:59.341+0000] {processor.py:768} INFO - DAG(s) dict_keys(['latest_only']) retrieved from /home/airflow/.local/lib/python3.7/site-packages/airflow/example_dags/example_latest_only.py
[2022-10-05T00:04:59.985+0000] {logging_mixin.py:117} INFO - [2022-10-05T00:04:59.985+0000] {dag.py:2573} INFO - Sync 1 DAGs
[2022-10-05T00:05:00.058+0000] {logging_mixin.py:117} INFO - [2022-10-05T00:05:00.057+0000] {dag.py:3328} INFO - Setting next_dagrun for latest_only to 2022-10-04T20:05:00.057635+00:00, run_after=2022-10-05T00:05:00.057635+00:00
[2022-10-05T00:05:00.116+0000] {processor.py:178} INFO - Processing /home/airflow/.local/lib/python3.7/site-packages/airflow/example_dags/example_latest_only.py took 0.986 seconds
[2022-10-05T00:07:05.172+0000] {processor.py:156} INFO - Started process (PID=79) to work on /home/airflow/.local/lib/python3.7/site-packages/airflow/example_dags/example_latest_only.py
[2022-10-05T00:07:05.184+0000] {processor.py:758} INFO - Processing file /home/airflow/.local/lib/python3.7/site-packages/airflow/example_dags/example_latest_only.py for tasks to queue
[2022-10-05T00:07:05.188+0000] {logging_mixin.py:117} INFO - [2022-10-05T00:07:05.188+0000] {dagbag.py:525} INFO - Filling up the DagBag from /home/airflow/.local/lib/python3.7/site-packages/airflow/example_dags/example_latest_only.py
[2022-10-05T00:07:05.284+0000] {processor.py:768} INFO - DAG(s) dict_keys(['latest_only']) retrieved from /home/airflow/.local/lib/python3.7/site-packages/airflow/example_dags/example_latest_only.py
[2022-10-05T00:07:06.296+0000] {logging_mixin.py:117} INFO - [2022-10-05T00:07:06.296+0000] {dag.py:2573} INFO - Sync 1 DAGs
[2022-10-05T00:07:06.436+0000] {logging_mixin.py:117} INFO - [2022-10-05T00:07:06.436+0000] {dag.py:3328} INFO - Setting next_dagrun for latest_only to 2022-10-04T20:07:06.436385+00:00, run_after=2022-10-05T00:07:06.436385+00:00
[2022-10-05T00:07:06.732+0000] {processor.py:178} INFO - Processing /home/airflow/.local/lib/python3.7/site-packages/airflow/example_dags/example_latest_only.py took 1.573 seconds
[2022-10-05T00:08:58.816+0000] {processor.py:156} INFO - Started process (PID=79) to work on /home/airflow/.local/lib/python3.7/site-packages/airflow/example_dags/example_latest_only.py
[2022-10-05T00:08:58.817+0000] {processor.py:758} INFO - Processing file /home/airflow/.local/lib/python3.7/site-packages/airflow/example_dags/example_latest_only.py for tasks to queue
[2022-10-05T00:08:58.818+0000] {logging_mixin.py:117} INFO - [2022-10-05T00:08:58.818+0000] {dagbag.py:525} INFO - Filling up the DagBag from /home/airflow/.local/lib/python3.7/site-packages/airflow/example_dags/example_latest_only.py
[2022-10-05T00:08:58.837+0000] {processor.py:768} INFO - DAG(s) dict_keys(['latest_only']) retrieved from /home/airflow/.local/lib/python3.7/site-packages/airflow/example_dags/example_latest_only.py
[2022-10-05T00:08:59.039+0000] {logging_mixin.py:117} INFO - [2022-10-05T00:08:59.039+0000] {dag.py:2573} INFO - Sync 1 DAGs
[2022-10-05T00:08:59.125+0000] {logging_mixin.py:117} INFO - [2022-10-05T00:08:59.125+0000] {dag.py:3328} INFO - Setting next_dagrun for latest_only to 2022-10-04T20:08:59.122951+00:00, run_after=2022-10-05T00:08:59.122951+00:00
[2022-10-05T00:08:59.299+0000] {processor.py:178} INFO - Processing /home/airflow/.local/lib/python3.7/site-packages/airflow/example_dags/example_latest_only.py took 0.488 seconds
[2022-10-05T00:11:02.769+0000] {processor.py:156} INFO - Started process (PID=93) to work on /home/airflow/.local/lib/python3.7/site-packages/airflow/example_dags/example_latest_only.py
[2022-10-05T00:11:02.793+0000] {processor.py:758} INFO - Processing file /home/airflow/.local/lib/python3.7/site-packages/airflow/example_dags/example_latest_only.py for tasks to queue
[2022-10-05T00:11:02.798+0000] {logging_mixin.py:117} INFO - [2022-10-05T00:11:02.797+0000] {dagbag.py:525} INFO - Filling up the DagBag from /home/airflow/.local/lib/python3.7/site-packages/airflow/example_dags/example_latest_only.py
[2022-10-05T00:11:02.984+0000] {processor.py:768} INFO - DAG(s) dict_keys(['latest_only']) retrieved from /home/airflow/.local/lib/python3.7/site-packages/airflow/example_dags/example_latest_only.py
[2022-10-05T00:11:04.170+0000] {logging_mixin.py:117} INFO - [2022-10-05T00:11:04.169+0000] {dag.py:2573} INFO - Sync 1 DAGs
[2022-10-05T00:11:04.364+0000] {logging_mixin.py:117} INFO - [2022-10-05T00:11:04.364+0000] {dag.py:3328} INFO - Setting next_dagrun for latest_only to 2022-10-04T20:11:04.364574+00:00, run_after=2022-10-05T00:11:04.364574+00:00
[2022-10-05T00:11:08.213+0000] {processor.py:178} INFO - Processing /home/airflow/.local/lib/python3.7/site-packages/airflow/example_dags/example_latest_only.py took 5.493 seconds
[2022-10-05T00:13:27.391+0000] {processor.py:156} INFO - Started process (PID=88) to work on /home/airflow/.local/lib/python3.7/site-packages/airflow/example_dags/example_latest_only.py
[2022-10-05T00:13:27.403+0000] {processor.py:758} INFO - Processing file /home/airflow/.local/lib/python3.7/site-packages/airflow/example_dags/example_latest_only.py for tasks to queue
[2022-10-05T00:13:27.404+0000] {logging_mixin.py:117} INFO - [2022-10-05T00:13:27.404+0000] {dagbag.py:525} INFO - Filling up the DagBag from /home/airflow/.local/lib/python3.7/site-packages/airflow/example_dags/example_latest_only.py
[2022-10-05T00:13:27.489+0000] {processor.py:768} INFO - DAG(s) dict_keys(['latest_only']) retrieved from /home/airflow/.local/lib/python3.7/site-packages/airflow/example_dags/example_latest_only.py
[2022-10-05T00:13:28.374+0000] {logging_mixin.py:117} INFO - [2022-10-05T00:13:28.373+0000] {dag.py:2573} INFO - Sync 1 DAGs
[2022-10-05T00:13:28.491+0000] {logging_mixin.py:117} INFO - [2022-10-05T00:13:28.491+0000] {dag.py:3328} INFO - Setting next_dagrun for latest_only to 2022-10-04T20:13:28.491263+00:00, run_after=2022-10-05T00:13:28.491263+00:00
[2022-10-05T00:13:28.701+0000] {processor.py:178} INFO - Processing /home/airflow/.local/lib/python3.7/site-packages/airflow/example_dags/example_latest_only.py took 1.325 seconds
[2022-10-05T00:16:02.290+0000] {processor.py:156} INFO - Started process (PID=97) to work on /home/airflow/.local/lib/python3.7/site-packages/airflow/example_dags/example_latest_only.py
[2022-10-05T00:16:02.305+0000] {processor.py:758} INFO - Processing file /home/airflow/.local/lib/python3.7/site-packages/airflow/example_dags/example_latest_only.py for tasks to queue
[2022-10-05T00:16:02.307+0000] {logging_mixin.py:117} INFO - [2022-10-05T00:16:02.306+0000] {dagbag.py:525} INFO - Filling up the DagBag from /home/airflow/.local/lib/python3.7/site-packages/airflow/example_dags/example_latest_only.py
[2022-10-05T00:16:02.412+0000] {processor.py:768} INFO - DAG(s) dict_keys(['latest_only']) retrieved from /home/airflow/.local/lib/python3.7/site-packages/airflow/example_dags/example_latest_only.py
[2022-10-05T00:16:03.496+0000] {logging_mixin.py:117} INFO - [2022-10-05T00:16:03.496+0000] {dag.py:2573} INFO - Sync 1 DAGs
[2022-10-05T00:16:03.710+0000] {logging_mixin.py:117} INFO - [2022-10-05T00:16:03.710+0000] {dag.py:3328} INFO - Setting next_dagrun for latest_only to 2022-10-04T20:16:03.710040+00:00, run_after=2022-10-05T00:16:03.710040+00:00
[2022-10-05T00:16:03.970+0000] {processor.py:178} INFO - Processing /home/airflow/.local/lib/python3.7/site-packages/airflow/example_dags/example_latest_only.py took 1.709 seconds
[2022-10-05T00:17:52.016+0000] {processor.py:156} INFO - Started process (PID=88) to work on /home/airflow/.local/lib/python3.7/site-packages/airflow/example_dags/example_latest_only.py
[2022-10-05T00:17:52.025+0000] {processor.py:758} INFO - Processing file /home/airflow/.local/lib/python3.7/site-packages/airflow/example_dags/example_latest_only.py for tasks to queue
[2022-10-05T00:17:52.026+0000] {logging_mixin.py:117} INFO - [2022-10-05T00:17:52.026+0000] {dagbag.py:525} INFO - Filling up the DagBag from /home/airflow/.local/lib/python3.7/site-packages/airflow/example_dags/example_latest_only.py
[2022-10-05T00:17:52.097+0000] {processor.py:768} INFO - DAG(s) dict_keys(['latest_only']) retrieved from /home/airflow/.local/lib/python3.7/site-packages/airflow/example_dags/example_latest_only.py
[2022-10-05T00:17:53.474+0000] {logging_mixin.py:117} INFO - [2022-10-05T00:17:53.474+0000] {dag.py:2573} INFO - Sync 1 DAGs
[2022-10-05T00:17:53.676+0000] {logging_mixin.py:117} INFO - [2022-10-05T00:17:53.676+0000] {dag.py:3328} INFO - Setting next_dagrun for latest_only to 2022-10-04T20:17:53.676373+00:00, run_after=2022-10-05T00:17:53.676373+00:00
[2022-10-05T00:17:53.922+0000] {processor.py:178} INFO - Processing /home/airflow/.local/lib/python3.7/site-packages/airflow/example_dags/example_latest_only.py took 1.921 seconds
[2022-10-05T00:19:49.993+0000] {processor.py:156} INFO - Started process (PID=87) to work on /home/airflow/.local/lib/python3.7/site-packages/airflow/example_dags/example_latest_only.py
[2022-10-05T00:19:50.001+0000] {processor.py:758} INFO - Processing file /home/airflow/.local/lib/python3.7/site-packages/airflow/example_dags/example_latest_only.py for tasks to queue
[2022-10-05T00:19:50.006+0000] {logging_mixin.py:117} INFO - [2022-10-05T00:19:50.006+0000] {dagbag.py:525} INFO - Filling up the DagBag from /home/airflow/.local/lib/python3.7/site-packages/airflow/example_dags/example_latest_only.py
[2022-10-05T00:19:50.126+0000] {processor.py:768} INFO - DAG(s) dict_keys(['latest_only']) retrieved from /home/airflow/.local/lib/python3.7/site-packages/airflow/example_dags/example_latest_only.py
[2022-10-05T00:19:50.742+0000] {logging_mixin.py:117} INFO - [2022-10-05T00:19:50.742+0000] {dag.py:2573} INFO - Sync 1 DAGs
[2022-10-05T00:19:50.836+0000] {logging_mixin.py:117} INFO - [2022-10-05T00:19:50.836+0000] {dag.py:3328} INFO - Setting next_dagrun for latest_only to 2022-10-04T20:19:50.836090+00:00, run_after=2022-10-05T00:19:50.836090+00:00
[2022-10-05T00:19:50.953+0000] {processor.py:178} INFO - Processing /home/airflow/.local/lib/python3.7/site-packages/airflow/example_dags/example_latest_only.py took 0.970 seconds
[2022-10-05T00:21:43.609+0000] {processor.py:156} INFO - Started process (PID=88) to work on /home/airflow/.local/lib/python3.7/site-packages/airflow/example_dags/example_latest_only.py
[2022-10-05T00:21:43.633+0000] {processor.py:758} INFO - Processing file /home/airflow/.local/lib/python3.7/site-packages/airflow/example_dags/example_latest_only.py for tasks to queue
[2022-10-05T00:21:43.639+0000] {logging_mixin.py:117} INFO - [2022-10-05T00:21:43.639+0000] {dagbag.py:525} INFO - Filling up the DagBag from /home/airflow/.local/lib/python3.7/site-packages/airflow/example_dags/example_latest_only.py
[2022-10-05T00:21:43.742+0000] {processor.py:768} INFO - DAG(s) dict_keys(['latest_only']) retrieved from /home/airflow/.local/lib/python3.7/site-packages/airflow/example_dags/example_latest_only.py
[2022-10-05T00:21:44.574+0000] {logging_mixin.py:117} INFO - [2022-10-05T00:21:44.574+0000] {dag.py:2573} INFO - Sync 1 DAGs
[2022-10-05T00:21:44.722+0000] {logging_mixin.py:117} INFO - [2022-10-05T00:21:44.722+0000] {dag.py:3328} INFO - Setting next_dagrun for latest_only to 2022-10-04T20:21:44.722155+00:00, run_after=2022-10-05T00:21:44.722155+00:00
[2022-10-05T00:21:44.854+0000] {processor.py:178} INFO - Processing /home/airflow/.local/lib/python3.7/site-packages/airflow/example_dags/example_latest_only.py took 1.263 seconds
[2022-10-05T00:23:54.563+0000] {processor.py:156} INFO - Started process (PID=97) to work on /home/airflow/.local/lib/python3.7/site-packages/airflow/example_dags/example_latest_only.py
[2022-10-05T00:23:54.571+0000] {processor.py:758} INFO - Processing file /home/airflow/.local/lib/python3.7/site-packages/airflow/example_dags/example_latest_only.py for tasks to queue
[2022-10-05T00:23:54.574+0000] {logging_mixin.py:117} INFO - [2022-10-05T00:23:54.574+0000] {dagbag.py:525} INFO - Filling up the DagBag from /home/airflow/.local/lib/python3.7/site-packages/airflow/example_dags/example_latest_only.py
[2022-10-05T00:23:54.774+0000] {processor.py:768} INFO - DAG(s) dict_keys(['latest_only']) retrieved from /home/airflow/.local/lib/python3.7/site-packages/airflow/example_dags/example_latest_only.py
[2022-10-05T00:23:57.197+0000] {logging_mixin.py:117} INFO - [2022-10-05T00:23:57.194+0000] {dag.py:2573} INFO - Sync 1 DAGs
[2022-10-05T00:23:57.512+0000] {logging_mixin.py:117} INFO - [2022-10-05T00:23:57.505+0000] {dag.py:3328} INFO - Setting next_dagrun for latest_only to 2022-10-04T20:23:57.504939+00:00, run_after=2022-10-05T00:23:57.504939+00:00
[2022-10-05T00:23:57.820+0000] {processor.py:178} INFO - Processing /home/airflow/.local/lib/python3.7/site-packages/airflow/example_dags/example_latest_only.py took 3.305 seconds
[2022-10-05T00:25:44.024+0000] {processor.py:156} INFO - Started process (PID=86) to work on /home/airflow/.local/lib/python3.7/site-packages/airflow/example_dags/example_latest_only.py
[2022-10-05T00:25:44.030+0000] {processor.py:758} INFO - Processing file /home/airflow/.local/lib/python3.7/site-packages/airflow/example_dags/example_latest_only.py for tasks to queue
[2022-10-05T00:25:44.035+0000] {logging_mixin.py:117} INFO - [2022-10-05T00:25:44.035+0000] {dagbag.py:525} INFO - Filling up the DagBag from /home/airflow/.local/lib/python3.7/site-packages/airflow/example_dags/example_latest_only.py
[2022-10-05T00:25:44.104+0000] {processor.py:768} INFO - DAG(s) dict_keys(['latest_only']) retrieved from /home/airflow/.local/lib/python3.7/site-packages/airflow/example_dags/example_latest_only.py
[2022-10-05T00:25:45.249+0000] {logging_mixin.py:117} INFO - [2022-10-05T00:25:45.249+0000] {dag.py:2573} INFO - Sync 1 DAGs
[2022-10-05T00:25:45.424+0000] {logging_mixin.py:117} INFO - [2022-10-05T00:25:45.424+0000] {dag.py:3328} INFO - Setting next_dagrun for latest_only to 2022-10-04T20:25:45.423779+00:00, run_after=2022-10-05T00:25:45.423779+00:00
[2022-10-05T00:25:45.562+0000] {processor.py:178} INFO - Processing /home/airflow/.local/lib/python3.7/site-packages/airflow/example_dags/example_latest_only.py took 1.545 seconds
[2022-10-05T00:28:49.423+0000] {processor.py:156} INFO - Started process (PID=105) to work on /home/airflow/.local/lib/python3.7/site-packages/airflow/example_dags/example_latest_only.py
[2022-10-05T00:28:49.433+0000] {processor.py:758} INFO - Processing file /home/airflow/.local/lib/python3.7/site-packages/airflow/example_dags/example_latest_only.py for tasks to queue
[2022-10-05T00:28:49.436+0000] {logging_mixin.py:117} INFO - [2022-10-05T00:28:49.436+0000] {dagbag.py:525} INFO - Filling up the DagBag from /home/airflow/.local/lib/python3.7/site-packages/airflow/example_dags/example_latest_only.py
[2022-10-05T00:28:49.792+0000] {processor.py:768} INFO - DAG(s) dict_keys(['latest_only']) retrieved from /home/airflow/.local/lib/python3.7/site-packages/airflow/example_dags/example_latest_only.py
[2022-10-05T00:28:51.960+0000] {logging_mixin.py:117} INFO - [2022-10-05T00:28:51.960+0000] {dag.py:2573} INFO - Sync 1 DAGs
[2022-10-05T00:28:52.285+0000] {logging_mixin.py:117} INFO - [2022-10-05T00:28:52.285+0000] {dag.py:3328} INFO - Setting next_dagrun for latest_only to 2022-10-04T20:28:52.285026+00:00, run_after=2022-10-05T00:28:52.285026+00:00
[2022-10-05T00:28:52.745+0000] {processor.py:178} INFO - Processing /home/airflow/.local/lib/python3.7/site-packages/airflow/example_dags/example_latest_only.py took 3.359 seconds
[2022-10-05T00:31:00.511+0000] {processor.py:156} INFO - Started process (PID=90) to work on /home/airflow/.local/lib/python3.7/site-packages/airflow/example_dags/example_latest_only.py
[2022-10-05T00:31:00.532+0000] {processor.py:758} INFO - Processing file /home/airflow/.local/lib/python3.7/site-packages/airflow/example_dags/example_latest_only.py for tasks to queue
[2022-10-05T00:31:00.549+0000] {logging_mixin.py:117} INFO - [2022-10-05T00:31:00.546+0000] {dagbag.py:525} INFO - Filling up the DagBag from /home/airflow/.local/lib/python3.7/site-packages/airflow/example_dags/example_latest_only.py
[2022-10-05T00:31:01.062+0000] {processor.py:768} INFO - DAG(s) dict_keys(['latest_only']) retrieved from /home/airflow/.local/lib/python3.7/site-packages/airflow/example_dags/example_latest_only.py
[2022-10-05T00:31:11.270+0000] {logging_mixin.py:117} INFO - [2022-10-05T00:31:11.269+0000] {dag.py:2573} INFO - Sync 1 DAGs
[2022-10-05T00:31:11.949+0000] {logging_mixin.py:117} INFO - [2022-10-05T00:31:11.921+0000] {dag.py:3328} INFO - Setting next_dagrun for latest_only to 2022-10-04T20:31:11.898737+00:00, run_after=2022-10-05T00:31:11.898737+00:00
[2022-10-05T00:31:12.577+0000] {processor.py:178} INFO - Processing /home/airflow/.local/lib/python3.7/site-packages/airflow/example_dags/example_latest_only.py took 12.146 seconds
[2022-10-05T00:33:27.459+0000] {processor.py:156} INFO - Started process (PID=90) to work on /home/airflow/.local/lib/python3.7/site-packages/airflow/example_dags/example_latest_only.py
[2022-10-05T00:33:27.468+0000] {processor.py:758} INFO - Processing file /home/airflow/.local/lib/python3.7/site-packages/airflow/example_dags/example_latest_only.py for tasks to queue
[2022-10-05T00:33:27.471+0000] {logging_mixin.py:117} INFO - [2022-10-05T00:33:27.471+0000] {dagbag.py:525} INFO - Filling up the DagBag from /home/airflow/.local/lib/python3.7/site-packages/airflow/example_dags/example_latest_only.py
[2022-10-05T00:33:27.558+0000] {processor.py:768} INFO - DAG(s) dict_keys(['latest_only']) retrieved from /home/airflow/.local/lib/python3.7/site-packages/airflow/example_dags/example_latest_only.py
[2022-10-05T00:33:28.438+0000] {logging_mixin.py:117} INFO - [2022-10-05T00:33:28.437+0000] {dag.py:2573} INFO - Sync 1 DAGs
[2022-10-05T00:33:28.572+0000] {logging_mixin.py:117} INFO - [2022-10-05T00:33:28.572+0000] {dag.py:3328} INFO - Setting next_dagrun for latest_only to 2022-10-04T20:33:28.572024+00:00, run_after=2022-10-05T00:33:28.572024+00:00
[2022-10-05T00:33:28.695+0000] {processor.py:178} INFO - Processing /home/airflow/.local/lib/python3.7/site-packages/airflow/example_dags/example_latest_only.py took 1.254 seconds
[2022-10-05T00:35:33.046+0000] {processor.py:156} INFO - Started process (PID=97) to work on /home/airflow/.local/lib/python3.7/site-packages/airflow/example_dags/example_latest_only.py
[2022-10-05T00:35:33.053+0000] {processor.py:758} INFO - Processing file /home/airflow/.local/lib/python3.7/site-packages/airflow/example_dags/example_latest_only.py for tasks to queue
[2022-10-05T00:35:33.060+0000] {logging_mixin.py:117} INFO - [2022-10-05T00:35:33.060+0000] {dagbag.py:525} INFO - Filling up the DagBag from /home/airflow/.local/lib/python3.7/site-packages/airflow/example_dags/example_latest_only.py
[2022-10-05T00:35:33.362+0000] {processor.py:768} INFO - DAG(s) dict_keys(['latest_only']) retrieved from /home/airflow/.local/lib/python3.7/site-packages/airflow/example_dags/example_latest_only.py
[2022-10-05T00:35:35.609+0000] {logging_mixin.py:117} INFO - [2022-10-05T00:35:35.609+0000] {dag.py:2573} INFO - Sync 1 DAGs
[2022-10-05T00:35:35.828+0000] {logging_mixin.py:117} INFO - [2022-10-05T00:35:35.828+0000] {dag.py:3328} INFO - Setting next_dagrun for latest_only to 2022-10-04T20:35:35.825560+00:00, run_after=2022-10-05T00:35:35.825560+00:00
[2022-10-05T00:35:36.173+0000] {processor.py:178} INFO - Processing /home/airflow/.local/lib/python3.7/site-packages/airflow/example_dags/example_latest_only.py took 3.159 seconds
[2022-10-05T00:37:30.720+0000] {processor.py:156} INFO - Started process (PID=88) to work on /home/airflow/.local/lib/python3.7/site-packages/airflow/example_dags/example_latest_only.py
[2022-10-05T00:37:30.725+0000] {processor.py:758} INFO - Processing file /home/airflow/.local/lib/python3.7/site-packages/airflow/example_dags/example_latest_only.py for tasks to queue
[2022-10-05T00:37:30.726+0000] {logging_mixin.py:117} INFO - [2022-10-05T00:37:30.726+0000] {dagbag.py:525} INFO - Filling up the DagBag from /home/airflow/.local/lib/python3.7/site-packages/airflow/example_dags/example_latest_only.py
[2022-10-05T00:37:30.820+0000] {processor.py:768} INFO - DAG(s) dict_keys(['latest_only']) retrieved from /home/airflow/.local/lib/python3.7/site-packages/airflow/example_dags/example_latest_only.py
[2022-10-05T00:37:31.805+0000] {logging_mixin.py:117} INFO - [2022-10-05T00:37:31.805+0000] {dag.py:2573} INFO - Sync 1 DAGs
[2022-10-05T00:37:31.965+0000] {logging_mixin.py:117} INFO - [2022-10-05T00:37:31.965+0000] {dag.py:3328} INFO - Setting next_dagrun for latest_only to 2022-10-04T20:37:31.965235+00:00, run_after=2022-10-05T00:37:31.965235+00:00
[2022-10-05T00:37:32.195+0000] {processor.py:178} INFO - Processing /home/airflow/.local/lib/python3.7/site-packages/airflow/example_dags/example_latest_only.py took 1.491 seconds
[2022-10-05T00:39:38.846+0000] {processor.py:156} INFO - Started process (PID=90) to work on /home/airflow/.local/lib/python3.7/site-packages/airflow/example_dags/example_latest_only.py
[2022-10-05T00:39:38.855+0000] {processor.py:758} INFO - Processing file /home/airflow/.local/lib/python3.7/site-packages/airflow/example_dags/example_latest_only.py for tasks to queue
[2022-10-05T00:39:38.856+0000] {logging_mixin.py:117} INFO - [2022-10-05T00:39:38.855+0000] {dagbag.py:525} INFO - Filling up the DagBag from /home/airflow/.local/lib/python3.7/site-packages/airflow/example_dags/example_latest_only.py
[2022-10-05T00:39:38.962+0000] {processor.py:768} INFO - DAG(s) dict_keys(['latest_only']) retrieved from /home/airflow/.local/lib/python3.7/site-packages/airflow/example_dags/example_latest_only.py
[2022-10-05T00:39:40.182+0000] {logging_mixin.py:117} INFO - [2022-10-05T00:39:40.182+0000] {dag.py:2573} INFO - Sync 1 DAGs
[2022-10-05T00:39:40.479+0000] {logging_mixin.py:117} INFO - [2022-10-05T00:39:40.478+0000] {dag.py:3328} INFO - Setting next_dagrun for latest_only to 2022-10-04T20:39:40.478440+00:00, run_after=2022-10-05T00:39:40.478440+00:00
[2022-10-05T00:39:40.766+0000] {processor.py:178} INFO - Processing /home/airflow/.local/lib/python3.7/site-packages/airflow/example_dags/example_latest_only.py took 1.937 seconds
[2022-10-05T00:41:58.871+0000] {processor.py:156} INFO - Started process (PID=89) to work on /home/airflow/.local/lib/python3.7/site-packages/airflow/example_dags/example_latest_only.py
[2022-10-05T00:41:58.876+0000] {processor.py:758} INFO - Processing file /home/airflow/.local/lib/python3.7/site-packages/airflow/example_dags/example_latest_only.py for tasks to queue
[2022-10-05T00:41:58.887+0000] {logging_mixin.py:117} INFO - [2022-10-05T00:41:58.887+0000] {dagbag.py:525} INFO - Filling up the DagBag from /home/airflow/.local/lib/python3.7/site-packages/airflow/example_dags/example_latest_only.py
[2022-10-05T00:41:58.989+0000] {processor.py:768} INFO - DAG(s) dict_keys(['latest_only']) retrieved from /home/airflow/.local/lib/python3.7/site-packages/airflow/example_dags/example_latest_only.py
[2022-10-05T00:42:00.511+0000] {logging_mixin.py:117} INFO - [2022-10-05T00:42:00.511+0000] {dag.py:2573} INFO - Sync 1 DAGs
[2022-10-05T00:42:00.747+0000] {logging_mixin.py:117} INFO - [2022-10-05T00:42:00.746+0000] {dag.py:3328} INFO - Setting next_dagrun for latest_only to 2022-10-04T20:42:00.746557+00:00, run_after=2022-10-05T00:42:00.746557+00:00
[2022-10-05T00:42:01.045+0000] {processor.py:178} INFO - Processing /home/airflow/.local/lib/python3.7/site-packages/airflow/example_dags/example_latest_only.py took 2.190 seconds
[2022-10-05T00:44:08.797+0000] {processor.py:156} INFO - Started process (PID=96) to work on /home/airflow/.local/lib/python3.7/site-packages/airflow/example_dags/example_latest_only.py
[2022-10-05T00:44:08.813+0000] {processor.py:758} INFO - Processing file /home/airflow/.local/lib/python3.7/site-packages/airflow/example_dags/example_latest_only.py for tasks to queue
[2022-10-05T00:44:08.822+0000] {logging_mixin.py:117} INFO - [2022-10-05T00:44:08.822+0000] {dagbag.py:525} INFO - Filling up the DagBag from /home/airflow/.local/lib/python3.7/site-packages/airflow/example_dags/example_latest_only.py
[2022-10-05T00:44:09.011+0000] {processor.py:768} INFO - DAG(s) dict_keys(['latest_only']) retrieved from /home/airflow/.local/lib/python3.7/site-packages/airflow/example_dags/example_latest_only.py
[2022-10-05T00:44:11.668+0000] {logging_mixin.py:117} INFO - [2022-10-05T00:44:11.668+0000] {dag.py:2573} INFO - Sync 1 DAGs
[2022-10-05T00:44:11.964+0000] {logging_mixin.py:117} INFO - [2022-10-05T00:44:11.963+0000] {dag.py:3328} INFO - Setting next_dagrun for latest_only to 2022-10-04T20:44:11.957640+00:00, run_after=2022-10-05T00:44:11.957640+00:00
[2022-10-05T00:44:13.753+0000] {processor.py:178} INFO - Processing /home/airflow/.local/lib/python3.7/site-packages/airflow/example_dags/example_latest_only.py took 4.988 seconds
[2022-10-05T00:47:26.721+0000] {processor.py:156} INFO - Started process (PID=108) to work on /home/airflow/.local/lib/python3.7/site-packages/airflow/example_dags/example_latest_only.py
[2022-10-05T00:47:26.771+0000] {processor.py:758} INFO - Processing file /home/airflow/.local/lib/python3.7/site-packages/airflow/example_dags/example_latest_only.py for tasks to queue
[2022-10-05T00:47:26.784+0000] {logging_mixin.py:117} INFO - [2022-10-05T00:47:26.784+0000] {dagbag.py:525} INFO - Filling up the DagBag from /home/airflow/.local/lib/python3.7/site-packages/airflow/example_dags/example_latest_only.py
[2022-10-05T00:47:29.853+0000] {processor.py:768} INFO - DAG(s) dict_keys(['latest_only']) retrieved from /home/airflow/.local/lib/python3.7/site-packages/airflow/example_dags/example_latest_only.py
[2022-10-05T00:50:08.237+0000] {processor.py:156} INFO - Started process (PID=98) to work on /home/airflow/.local/lib/python3.7/site-packages/airflow/example_dags/example_latest_only.py
[2022-10-05T00:50:08.241+0000] {processor.py:758} INFO - Processing file /home/airflow/.local/lib/python3.7/site-packages/airflow/example_dags/example_latest_only.py for tasks to queue
[2022-10-05T00:50:08.247+0000] {logging_mixin.py:117} INFO - [2022-10-05T00:50:08.247+0000] {dagbag.py:525} INFO - Filling up the DagBag from /home/airflow/.local/lib/python3.7/site-packages/airflow/example_dags/example_latest_only.py
[2022-10-05T00:50:08.600+0000] {processor.py:768} INFO - DAG(s) dict_keys(['latest_only']) retrieved from /home/airflow/.local/lib/python3.7/site-packages/airflow/example_dags/example_latest_only.py
[2022-10-05T00:50:08.647+0000] {logging_mixin.py:117} INFO - [2022-10-05T00:50:08.647+0000] {dag.py:2573} INFO - Sync 1 DAGs
[2022-10-05T00:50:08.680+0000] {logging_mixin.py:117} INFO - [2022-10-05T00:50:08.680+0000] {dag.py:3328} INFO - Setting next_dagrun for latest_only to 2022-10-04T20:50:08.680182+00:00, run_after=2022-10-05T00:50:08.680182+00:00
[2022-10-05T00:50:08.893+0000] {processor.py:178} INFO - Processing /home/airflow/.local/lib/python3.7/site-packages/airflow/example_dags/example_latest_only.py took 0.676 seconds
[2022-10-05T00:52:22.618+0000] {processor.py:156} INFO - Started process (PID=97) to work on /home/airflow/.local/lib/python3.7/site-packages/airflow/example_dags/example_latest_only.py
[2022-10-05T00:52:22.619+0000] {processor.py:758} INFO - Processing file /home/airflow/.local/lib/python3.7/site-packages/airflow/example_dags/example_latest_only.py for tasks to queue
[2022-10-05T00:52:22.620+0000] {logging_mixin.py:117} INFO - [2022-10-05T00:52:22.620+0000] {dagbag.py:525} INFO - Filling up the DagBag from /home/airflow/.local/lib/python3.7/site-packages/airflow/example_dags/example_latest_only.py
[2022-10-05T00:52:22.653+0000] {processor.py:768} INFO - DAG(s) dict_keys(['latest_only']) retrieved from /home/airflow/.local/lib/python3.7/site-packages/airflow/example_dags/example_latest_only.py
[2022-10-05T00:52:23.122+0000] {logging_mixin.py:117} INFO - [2022-10-05T00:52:23.122+0000] {dag.py:2573} INFO - Sync 1 DAGs
[2022-10-05T00:52:23.181+0000] {logging_mixin.py:117} INFO - [2022-10-05T00:52:23.181+0000] {dag.py:3328} INFO - Setting next_dagrun for latest_only to 2022-10-04T20:52:23.181150+00:00, run_after=2022-10-05T00:52:23.181150+00:00
[2022-10-05T00:52:23.365+0000] {processor.py:178} INFO - Processing /home/airflow/.local/lib/python3.7/site-packages/airflow/example_dags/example_latest_only.py took 0.752 seconds
[2022-10-05T00:54:35.403+0000] {processor.py:156} INFO - Started process (PID=72) to work on /home/airflow/.local/lib/python3.7/site-packages/airflow/example_dags/example_latest_only.py
[2022-10-05T00:54:35.406+0000] {processor.py:758} INFO - Processing file /home/airflow/.local/lib/python3.7/site-packages/airflow/example_dags/example_latest_only.py for tasks to queue
[2022-10-05T00:54:35.408+0000] {logging_mixin.py:117} INFO - [2022-10-05T00:54:35.407+0000] {dagbag.py:525} INFO - Filling up the DagBag from /home/airflow/.local/lib/python3.7/site-packages/airflow/example_dags/example_latest_only.py
[2022-10-05T00:54:35.441+0000] {processor.py:768} INFO - DAG(s) dict_keys(['latest_only']) retrieved from /home/airflow/.local/lib/python3.7/site-packages/airflow/example_dags/example_latest_only.py
[2022-10-05T00:54:35.897+0000] {logging_mixin.py:117} INFO - [2022-10-05T00:54:35.896+0000] {dag.py:2573} INFO - Sync 1 DAGs
[2022-10-05T00:54:35.973+0000] {logging_mixin.py:117} INFO - [2022-10-05T00:54:35.972+0000] {dag.py:3328} INFO - Setting next_dagrun for latest_only to 2022-10-04T20:54:35.972694+00:00, run_after=2022-10-05T00:54:35.972694+00:00
[2022-10-05T00:54:36.444+0000] {processor.py:178} INFO - Processing /home/airflow/.local/lib/python3.7/site-packages/airflow/example_dags/example_latest_only.py took 1.053 seconds
[2022-10-05T00:56:40.943+0000] {processor.py:156} INFO - Started process (PID=90) to work on /home/airflow/.local/lib/python3.7/site-packages/airflow/example_dags/example_latest_only.py
[2022-10-05T00:56:40.950+0000] {processor.py:758} INFO - Processing file /home/airflow/.local/lib/python3.7/site-packages/airflow/example_dags/example_latest_only.py for tasks to queue
[2022-10-05T00:56:40.953+0000] {logging_mixin.py:117} INFO - [2022-10-05T00:56:40.953+0000] {dagbag.py:525} INFO - Filling up the DagBag from /home/airflow/.local/lib/python3.7/site-packages/airflow/example_dags/example_latest_only.py
[2022-10-05T00:56:41.046+0000] {processor.py:768} INFO - DAG(s) dict_keys(['latest_only']) retrieved from /home/airflow/.local/lib/python3.7/site-packages/airflow/example_dags/example_latest_only.py
[2022-10-05T00:56:41.957+0000] {logging_mixin.py:117} INFO - [2022-10-05T00:56:41.957+0000] {dag.py:2573} INFO - Sync 1 DAGs
[2022-10-05T00:56:42.064+0000] {logging_mixin.py:117} INFO - [2022-10-05T00:56:42.063+0000] {dag.py:3328} INFO - Setting next_dagrun for latest_only to 2022-10-04T20:56:42.063631+00:00, run_after=2022-10-05T00:56:42.063631+00:00
[2022-10-05T00:56:42.257+0000] {processor.py:178} INFO - Processing /home/airflow/.local/lib/python3.7/site-packages/airflow/example_dags/example_latest_only.py took 1.327 seconds
[2022-10-05T00:59:10.960+0000] {processor.py:156} INFO - Started process (PID=99) to work on /home/airflow/.local/lib/python3.7/site-packages/airflow/example_dags/example_latest_only.py
[2022-10-05T00:59:10.972+0000] {processor.py:758} INFO - Processing file /home/airflow/.local/lib/python3.7/site-packages/airflow/example_dags/example_latest_only.py for tasks to queue
[2022-10-05T00:59:10.975+0000] {logging_mixin.py:117} INFO - [2022-10-05T00:59:10.975+0000] {dagbag.py:525} INFO - Filling up the DagBag from /home/airflow/.local/lib/python3.7/site-packages/airflow/example_dags/example_latest_only.py
[2022-10-05T00:59:11.044+0000] {processor.py:768} INFO - DAG(s) dict_keys(['latest_only']) retrieved from /home/airflow/.local/lib/python3.7/site-packages/airflow/example_dags/example_latest_only.py
[2022-10-05T00:59:11.700+0000] {logging_mixin.py:117} INFO - [2022-10-05T00:59:11.700+0000] {dag.py:2573} INFO - Sync 1 DAGs
[2022-10-05T00:59:11.764+0000] {logging_mixin.py:117} INFO - [2022-10-05T00:59:11.764+0000] {dag.py:3328} INFO - Setting next_dagrun for latest_only to 2022-10-04T20:59:11.763840+00:00, run_after=2022-10-05T00:59:11.763840+00:00
[2022-10-05T00:59:12.112+0000] {processor.py:178} INFO - Processing /home/airflow/.local/lib/python3.7/site-packages/airflow/example_dags/example_latest_only.py took 1.178 seconds
[2022-10-05T01:01:46.979+0000] {processor.py:156} INFO - Started process (PID=100) to work on /home/airflow/.local/lib/python3.7/site-packages/airflow/example_dags/example_latest_only.py
[2022-10-05T01:01:46.984+0000] {processor.py:758} INFO - Processing file /home/airflow/.local/lib/python3.7/site-packages/airflow/example_dags/example_latest_only.py for tasks to queue
[2022-10-05T01:01:46.990+0000] {logging_mixin.py:117} INFO - [2022-10-05T01:01:46.990+0000] {dagbag.py:525} INFO - Filling up the DagBag from /home/airflow/.local/lib/python3.7/site-packages/airflow/example_dags/example_latest_only.py
[2022-10-05T01:01:47.129+0000] {processor.py:768} INFO - DAG(s) dict_keys(['latest_only']) retrieved from /home/airflow/.local/lib/python3.7/site-packages/airflow/example_dags/example_latest_only.py
[2022-10-05T01:01:48.402+0000] {logging_mixin.py:117} INFO - [2022-10-05T01:01:48.401+0000] {dag.py:2573} INFO - Sync 1 DAGs
[2022-10-05T01:01:48.537+0000] {logging_mixin.py:117} INFO - [2022-10-05T01:01:48.537+0000] {dag.py:3328} INFO - Setting next_dagrun for latest_only to 2022-10-04T21:01:48.536653+00:00, run_after=2022-10-05T01:01:48.536653+00:00
[2022-10-05T01:01:48.987+0000] {processor.py:178} INFO - Processing /home/airflow/.local/lib/python3.7/site-packages/airflow/example_dags/example_latest_only.py took 2.045 seconds
[2022-10-05T01:04:40.709+0000] {processor.py:156} INFO - Started process (PID=89) to work on /home/airflow/.local/lib/python3.7/site-packages/airflow/example_dags/example_latest_only.py
[2022-10-05T01:04:40.711+0000] {processor.py:758} INFO - Processing file /home/airflow/.local/lib/python3.7/site-packages/airflow/example_dags/example_latest_only.py for tasks to queue
[2022-10-05T01:04:40.714+0000] {logging_mixin.py:117} INFO - [2022-10-05T01:04:40.713+0000] {dagbag.py:525} INFO - Filling up the DagBag from /home/airflow/.local/lib/python3.7/site-packages/airflow/example_dags/example_latest_only.py
[2022-10-05T01:04:40.805+0000] {processor.py:768} INFO - DAG(s) dict_keys(['latest_only']) retrieved from /home/airflow/.local/lib/python3.7/site-packages/airflow/example_dags/example_latest_only.py
[2022-10-05T01:04:42.024+0000] {logging_mixin.py:117} INFO - [2022-10-05T01:04:42.023+0000] {dag.py:2573} INFO - Sync 1 DAGs
[2022-10-05T01:04:42.171+0000] {logging_mixin.py:117} INFO - [2022-10-05T01:04:42.171+0000] {dag.py:3328} INFO - Setting next_dagrun for latest_only to 2022-10-04T21:04:42.171022+00:00, run_after=2022-10-05T01:04:42.171022+00:00
[2022-10-05T01:04:42.335+0000] {processor.py:178} INFO - Processing /home/airflow/.local/lib/python3.7/site-packages/airflow/example_dags/example_latest_only.py took 1.647 seconds
[2022-10-05T01:07:04.611+0000] {processor.py:156} INFO - Started process (PID=98) to work on /home/airflow/.local/lib/python3.7/site-packages/airflow/example_dags/example_latest_only.py
[2022-10-05T01:07:04.624+0000] {processor.py:758} INFO - Processing file /home/airflow/.local/lib/python3.7/site-packages/airflow/example_dags/example_latest_only.py for tasks to queue
[2022-10-05T01:07:04.634+0000] {logging_mixin.py:117} INFO - [2022-10-05T01:07:04.633+0000] {dagbag.py:525} INFO - Filling up the DagBag from /home/airflow/.local/lib/python3.7/site-packages/airflow/example_dags/example_latest_only.py
[2022-10-05T01:07:04.867+0000] {processor.py:768} INFO - DAG(s) dict_keys(['latest_only']) retrieved from /home/airflow/.local/lib/python3.7/site-packages/airflow/example_dags/example_latest_only.py
[2022-10-05T01:07:06.272+0000] {logging_mixin.py:117} INFO - [2022-10-05T01:07:06.271+0000] {dag.py:2573} INFO - Sync 1 DAGs
[2022-10-05T01:07:06.498+0000] {logging_mixin.py:117} INFO - [2022-10-05T01:07:06.497+0000] {dag.py:3328} INFO - Setting next_dagrun for latest_only to 2022-10-04T21:07:06.497530+00:00, run_after=2022-10-05T01:07:06.497530+00:00
[2022-10-05T01:07:08.162+0000] {processor.py:178} INFO - Processing /home/airflow/.local/lib/python3.7/site-packages/airflow/example_dags/example_latest_only.py took 3.583 seconds
[2022-10-05T01:13:24.351+0000] {processor.py:156} INFO - Started process (PID=98) to work on /home/airflow/.local/lib/python3.7/site-packages/airflow/example_dags/example_latest_only.py
[2022-10-05T01:13:24.360+0000] {processor.py:758} INFO - Processing file /home/airflow/.local/lib/python3.7/site-packages/airflow/example_dags/example_latest_only.py for tasks to queue
[2022-10-05T01:13:24.364+0000] {logging_mixin.py:117} INFO - [2022-10-05T01:13:24.364+0000] {dagbag.py:525} INFO - Filling up the DagBag from /home/airflow/.local/lib/python3.7/site-packages/airflow/example_dags/example_latest_only.py
[2022-10-05T01:13:28.691+0000] {processor.py:768} INFO - DAG(s) dict_keys(['latest_only']) retrieved from /home/airflow/.local/lib/python3.7/site-packages/airflow/example_dags/example_latest_only.py
[2022-10-05T01:13:28.821+0000] {logging_mixin.py:117} INFO - [2022-10-05T01:13:28.821+0000] {dag.py:2573} INFO - Sync 1 DAGs
[2022-10-05T01:13:28.877+0000] {logging_mixin.py:117} INFO - [2022-10-05T01:13:28.876+0000] {dag.py:3328} INFO - Setting next_dagrun for latest_only to 2022-10-04T21:13:28.876199+00:00, run_after=2022-10-05T01:13:28.876199+00:00
[2022-10-05T01:13:50.975+0000] {processor.py:178} INFO - Processing /home/airflow/.local/lib/python3.7/site-packages/airflow/example_dags/example_latest_only.py took 26.637 seconds
[2022-10-05T01:17:18.211+0000] {processor.py:156} INFO - Started process (PID=82) to work on /home/airflow/.local/lib/python3.7/site-packages/airflow/example_dags/example_latest_only.py
[2022-10-05T01:17:18.213+0000] {processor.py:758} INFO - Processing file /home/airflow/.local/lib/python3.7/site-packages/airflow/example_dags/example_latest_only.py for tasks to queue
[2022-10-05T01:17:18.218+0000] {logging_mixin.py:117} INFO - [2022-10-05T01:17:18.218+0000] {dagbag.py:525} INFO - Filling up the DagBag from /home/airflow/.local/lib/python3.7/site-packages/airflow/example_dags/example_latest_only.py
[2022-10-05T01:17:18.283+0000] {processor.py:768} INFO - DAG(s) dict_keys(['latest_only']) retrieved from /home/airflow/.local/lib/python3.7/site-packages/airflow/example_dags/example_latest_only.py
[2022-10-05T01:17:18.875+0000] {logging_mixin.py:117} INFO - [2022-10-05T01:17:18.875+0000] {dag.py:2573} INFO - Sync 1 DAGs
[2022-10-05T01:17:18.963+0000] {logging_mixin.py:117} INFO - [2022-10-05T01:17:18.962+0000] {dag.py:3328} INFO - Setting next_dagrun for latest_only to 2022-10-04T21:17:18.962570+00:00, run_after=2022-10-05T01:17:18.962570+00:00
[2022-10-05T01:17:31.384+0000] {processor.py:178} INFO - Processing /home/airflow/.local/lib/python3.7/site-packages/airflow/example_dags/example_latest_only.py took 13.183 seconds
