[2022-10-05T00:01:05.391+0000] {processor.py:156} INFO - Started process (PID=87) to work on /home/airflow/.local/lib/python3.7/site-packages/airflow/example_dags/example_nested_branch_dag.py
[2022-10-05T00:01:05.399+0000] {processor.py:758} INFO - Processing file /home/airflow/.local/lib/python3.7/site-packages/airflow/example_dags/example_nested_branch_dag.py for tasks to queue
[2022-10-05T00:01:05.401+0000] {logging_mixin.py:117} INFO - [2022-10-05T00:01:05.401+0000] {dagbag.py:525} INFO - Filling up the DagBag from /home/airflow/.local/lib/python3.7/site-packages/airflow/example_dags/example_nested_branch_dag.py
[2022-10-05T00:01:06.224+0000] {processor.py:768} INFO - DAG(s) dict_keys(['example_nested_branch_dag']) retrieved from /home/airflow/.local/lib/python3.7/site-packages/airflow/example_dags/example_nested_branch_dag.py
[2022-10-05T00:01:06.472+0000] {logging_mixin.py:117} INFO - [2022-10-05T00:01:06.468+0000] {dag.py:2573} INFO - Sync 1 DAGs
[2022-10-05T00:01:06.620+0000] {logging_mixin.py:117} INFO - [2022-10-05T00:01:06.619+0000] {dag.py:3328} INFO - Setting next_dagrun for example_nested_branch_dag to 2022-10-04T00:00:00+00:00, run_after=2022-10-05T00:00:00+00:00
[2022-10-05T00:01:07.047+0000] {processor.py:178} INFO - Processing /home/airflow/.local/lib/python3.7/site-packages/airflow/example_dags/example_nested_branch_dag.py took 1.669 seconds
[2022-10-05T00:05:11.067+0000] {processor.py:156} INFO - Started process (PID=94) to work on /home/airflow/.local/lib/python3.7/site-packages/airflow/example_dags/example_nested_branch_dag.py
[2022-10-05T00:05:11.079+0000] {processor.py:758} INFO - Processing file /home/airflow/.local/lib/python3.7/site-packages/airflow/example_dags/example_nested_branch_dag.py for tasks to queue
[2022-10-05T00:05:11.086+0000] {logging_mixin.py:117} INFO - [2022-10-05T00:05:11.086+0000] {dagbag.py:525} INFO - Filling up the DagBag from /home/airflow/.local/lib/python3.7/site-packages/airflow/example_dags/example_nested_branch_dag.py
[2022-10-05T00:05:13.524+0000] {processor.py:768} INFO - DAG(s) dict_keys(['example_nested_branch_dag']) retrieved from /home/airflow/.local/lib/python3.7/site-packages/airflow/example_dags/example_nested_branch_dag.py
[2022-10-05T00:05:15.023+0000] {logging_mixin.py:117} INFO - [2022-10-05T00:05:15.012+0000] {dag.py:2573} INFO - Sync 1 DAGs
[2022-10-05T00:05:15.321+0000] {logging_mixin.py:117} INFO - [2022-10-05T00:05:15.321+0000] {dag.py:3328} INFO - Setting next_dagrun for example_nested_branch_dag to 2022-10-04T00:00:00+00:00, run_after=2022-10-05T00:00:00+00:00
[2022-10-05T00:05:15.564+0000] {processor.py:178} INFO - Processing /home/airflow/.local/lib/python3.7/site-packages/airflow/example_dags/example_nested_branch_dag.py took 4.526 seconds
[2022-10-05T00:07:18.612+0000] {processor.py:156} INFO - Started process (PID=97) to work on /home/airflow/.local/lib/python3.7/site-packages/airflow/example_dags/example_nested_branch_dag.py
[2022-10-05T00:07:18.614+0000] {processor.py:758} INFO - Processing file /home/airflow/.local/lib/python3.7/site-packages/airflow/example_dags/example_nested_branch_dag.py for tasks to queue
[2022-10-05T00:07:18.616+0000] {logging_mixin.py:117} INFO - [2022-10-05T00:07:18.616+0000] {dagbag.py:525} INFO - Filling up the DagBag from /home/airflow/.local/lib/python3.7/site-packages/airflow/example_dags/example_nested_branch_dag.py
[2022-10-05T00:07:19.243+0000] {processor.py:768} INFO - DAG(s) dict_keys(['example_nested_branch_dag']) retrieved from /home/airflow/.local/lib/python3.7/site-packages/airflow/example_dags/example_nested_branch_dag.py
[2022-10-05T00:07:19.373+0000] {logging_mixin.py:117} INFO - [2022-10-05T00:07:19.373+0000] {dag.py:2573} INFO - Sync 1 DAGs
[2022-10-05T00:07:19.440+0000] {logging_mixin.py:117} INFO - [2022-10-05T00:07:19.440+0000] {dag.py:3328} INFO - Setting next_dagrun for example_nested_branch_dag to 2022-10-04T00:00:00+00:00, run_after=2022-10-05T00:00:00+00:00
[2022-10-05T00:07:20.678+0000] {processor.py:178} INFO - Processing /home/airflow/.local/lib/python3.7/site-packages/airflow/example_dags/example_nested_branch_dag.py took 2.072 seconds
[2022-10-05T00:09:01.823+0000] {processor.py:156} INFO - Started process (PID=87) to work on /home/airflow/.local/lib/python3.7/site-packages/airflow/example_dags/example_nested_branch_dag.py
[2022-10-05T00:09:01.824+0000] {processor.py:758} INFO - Processing file /home/airflow/.local/lib/python3.7/site-packages/airflow/example_dags/example_nested_branch_dag.py for tasks to queue
[2022-10-05T00:09:01.825+0000] {logging_mixin.py:117} INFO - [2022-10-05T00:09:01.825+0000] {dagbag.py:525} INFO - Filling up the DagBag from /home/airflow/.local/lib/python3.7/site-packages/airflow/example_dags/example_nested_branch_dag.py
[2022-10-05T00:09:02.090+0000] {processor.py:768} INFO - DAG(s) dict_keys(['example_nested_branch_dag']) retrieved from /home/airflow/.local/lib/python3.7/site-packages/airflow/example_dags/example_nested_branch_dag.py
[2022-10-05T00:09:02.132+0000] {logging_mixin.py:117} INFO - [2022-10-05T00:09:02.132+0000] {dag.py:2573} INFO - Sync 1 DAGs
[2022-10-05T00:09:02.164+0000] {logging_mixin.py:117} INFO - [2022-10-05T00:09:02.164+0000] {dag.py:3328} INFO - Setting next_dagrun for example_nested_branch_dag to 2022-10-04T00:00:00+00:00, run_after=2022-10-05T00:00:00+00:00
[2022-10-05T00:09:02.321+0000] {processor.py:178} INFO - Processing /home/airflow/.local/lib/python3.7/site-packages/airflow/example_dags/example_nested_branch_dag.py took 0.503 seconds
[2022-10-05T00:13:39.209+0000] {processor.py:156} INFO - Started process (PID=104) to work on /home/airflow/.local/lib/python3.7/site-packages/airflow/example_dags/example_nested_branch_dag.py
[2022-10-05T00:13:39.219+0000] {processor.py:758} INFO - Processing file /home/airflow/.local/lib/python3.7/site-packages/airflow/example_dags/example_nested_branch_dag.py for tasks to queue
[2022-10-05T00:13:39.228+0000] {logging_mixin.py:117} INFO - [2022-10-05T00:13:39.228+0000] {dagbag.py:525} INFO - Filling up the DagBag from /home/airflow/.local/lib/python3.7/site-packages/airflow/example_dags/example_nested_branch_dag.py
[2022-10-05T00:13:40.555+0000] {processor.py:768} INFO - DAG(s) dict_keys(['example_nested_branch_dag']) retrieved from /home/airflow/.local/lib/python3.7/site-packages/airflow/example_dags/example_nested_branch_dag.py
[2022-10-05T00:13:41.392+0000] {logging_mixin.py:117} INFO - [2022-10-05T00:13:41.386+0000] {dag.py:2573} INFO - Sync 1 DAGs
[2022-10-05T00:13:41.979+0000] {logging_mixin.py:117} INFO - [2022-10-05T00:13:41.964+0000] {dag.py:3328} INFO - Setting next_dagrun for example_nested_branch_dag to 2022-10-04T00:00:00+00:00, run_after=2022-10-05T00:00:00+00:00
[2022-10-05T00:13:42.247+0000] {processor.py:178} INFO - Processing /home/airflow/.local/lib/python3.7/site-packages/airflow/example_dags/example_nested_branch_dag.py took 3.071 seconds
[2022-10-05T00:16:11.250+0000] {processor.py:156} INFO - Started process (PID=105) to work on /home/airflow/.local/lib/python3.7/site-packages/airflow/example_dags/example_nested_branch_dag.py
[2022-10-05T00:16:11.256+0000] {processor.py:758} INFO - Processing file /home/airflow/.local/lib/python3.7/site-packages/airflow/example_dags/example_nested_branch_dag.py for tasks to queue
[2022-10-05T00:16:11.262+0000] {logging_mixin.py:117} INFO - [2022-10-05T00:16:11.261+0000] {dagbag.py:525} INFO - Filling up the DagBag from /home/airflow/.local/lib/python3.7/site-packages/airflow/example_dags/example_nested_branch_dag.py
[2022-10-05T00:16:12.480+0000] {processor.py:768} INFO - DAG(s) dict_keys(['example_nested_branch_dag']) retrieved from /home/airflow/.local/lib/python3.7/site-packages/airflow/example_dags/example_nested_branch_dag.py
[2022-10-05T00:16:12.813+0000] {logging_mixin.py:117} INFO - [2022-10-05T00:16:12.795+0000] {dag.py:2573} INFO - Sync 1 DAGs
[2022-10-05T00:16:12.962+0000] {logging_mixin.py:117} INFO - [2022-10-05T00:16:12.962+0000] {dag.py:3328} INFO - Setting next_dagrun for example_nested_branch_dag to 2022-10-04T00:00:00+00:00, run_after=2022-10-05T00:00:00+00:00
[2022-10-05T00:16:13.393+0000] {processor.py:178} INFO - Processing /home/airflow/.local/lib/python3.7/site-packages/airflow/example_dags/example_nested_branch_dag.py took 2.160 seconds
[2022-10-05T00:18:04.625+0000] {processor.py:156} INFO - Started process (PID=106) to work on /home/airflow/.local/lib/python3.7/site-packages/airflow/example_dags/example_nested_branch_dag.py
[2022-10-05T00:18:04.633+0000] {processor.py:758} INFO - Processing file /home/airflow/.local/lib/python3.7/site-packages/airflow/example_dags/example_nested_branch_dag.py for tasks to queue
[2022-10-05T00:18:04.650+0000] {logging_mixin.py:117} INFO - [2022-10-05T00:18:04.650+0000] {dagbag.py:525} INFO - Filling up the DagBag from /home/airflow/.local/lib/python3.7/site-packages/airflow/example_dags/example_nested_branch_dag.py
[2022-10-05T00:18:06.206+0000] {processor.py:768} INFO - DAG(s) dict_keys(['example_nested_branch_dag']) retrieved from /home/airflow/.local/lib/python3.7/site-packages/airflow/example_dags/example_nested_branch_dag.py
[2022-10-05T00:18:06.488+0000] {logging_mixin.py:117} INFO - [2022-10-05T00:18:06.488+0000] {dag.py:2573} INFO - Sync 1 DAGs
[2022-10-05T00:18:06.702+0000] {logging_mixin.py:117} INFO - [2022-10-05T00:18:06.701+0000] {dag.py:3328} INFO - Setting next_dagrun for example_nested_branch_dag to 2022-10-04T00:00:00+00:00, run_after=2022-10-05T00:00:00+00:00
[2022-10-05T00:18:06.853+0000] {processor.py:178} INFO - Processing /home/airflow/.local/lib/python3.7/site-packages/airflow/example_dags/example_nested_branch_dag.py took 2.278 seconds
[2022-10-05T00:19:59.905+0000] {processor.py:156} INFO - Started process (PID=102) to work on /home/airflow/.local/lib/python3.7/site-packages/airflow/example_dags/example_nested_branch_dag.py
[2022-10-05T00:19:59.912+0000] {processor.py:758} INFO - Processing file /home/airflow/.local/lib/python3.7/site-packages/airflow/example_dags/example_nested_branch_dag.py for tasks to queue
[2022-10-05T00:19:59.916+0000] {logging_mixin.py:117} INFO - [2022-10-05T00:19:59.916+0000] {dagbag.py:525} INFO - Filling up the DagBag from /home/airflow/.local/lib/python3.7/site-packages/airflow/example_dags/example_nested_branch_dag.py
[2022-10-05T00:20:01.338+0000] {processor.py:768} INFO - DAG(s) dict_keys(['example_nested_branch_dag']) retrieved from /home/airflow/.local/lib/python3.7/site-packages/airflow/example_dags/example_nested_branch_dag.py
[2022-10-05T00:20:01.640+0000] {logging_mixin.py:117} INFO - [2022-10-05T00:20:01.640+0000] {dag.py:2573} INFO - Sync 1 DAGs
[2022-10-05T00:20:01.870+0000] {logging_mixin.py:117} INFO - [2022-10-05T00:20:01.870+0000] {dag.py:3328} INFO - Setting next_dagrun for example_nested_branch_dag to 2022-10-04T00:00:00+00:00, run_after=2022-10-05T00:00:00+00:00
[2022-10-05T00:20:02.664+0000] {processor.py:178} INFO - Processing /home/airflow/.local/lib/python3.7/site-packages/airflow/example_dags/example_nested_branch_dag.py took 2.781 seconds
[2022-10-05T00:21:55.444+0000] {processor.py:156} INFO - Started process (PID=106) to work on /home/airflow/.local/lib/python3.7/site-packages/airflow/example_dags/example_nested_branch_dag.py
[2022-10-05T00:21:55.455+0000] {processor.py:758} INFO - Processing file /home/airflow/.local/lib/python3.7/site-packages/airflow/example_dags/example_nested_branch_dag.py for tasks to queue
[2022-10-05T00:21:55.460+0000] {logging_mixin.py:117} INFO - [2022-10-05T00:21:55.460+0000] {dagbag.py:525} INFO - Filling up the DagBag from /home/airflow/.local/lib/python3.7/site-packages/airflow/example_dags/example_nested_branch_dag.py
[2022-10-05T00:21:57.515+0000] {processor.py:768} INFO - DAG(s) dict_keys(['example_nested_branch_dag']) retrieved from /home/airflow/.local/lib/python3.7/site-packages/airflow/example_dags/example_nested_branch_dag.py
[2022-10-05T00:21:57.850+0000] {logging_mixin.py:117} INFO - [2022-10-05T00:21:57.850+0000] {dag.py:2573} INFO - Sync 1 DAGs
[2022-10-05T00:21:58.038+0000] {logging_mixin.py:117} INFO - [2022-10-05T00:21:58.035+0000] {dag.py:3328} INFO - Setting next_dagrun for example_nested_branch_dag to 2022-10-04T00:00:00+00:00, run_after=2022-10-05T00:00:00+00:00
[2022-10-05T00:21:58.326+0000] {processor.py:178} INFO - Processing /home/airflow/.local/lib/python3.7/site-packages/airflow/example_dags/example_nested_branch_dag.py took 2.948 seconds
[2022-10-05T00:24:06.276+0000] {processor.py:156} INFO - Started process (PID=107) to work on /home/airflow/.local/lib/python3.7/site-packages/airflow/example_dags/example_nested_branch_dag.py
[2022-10-05T00:24:06.286+0000] {processor.py:758} INFO - Processing file /home/airflow/.local/lib/python3.7/site-packages/airflow/example_dags/example_nested_branch_dag.py for tasks to queue
[2022-10-05T00:24:06.287+0000] {logging_mixin.py:117} INFO - [2022-10-05T00:24:06.287+0000] {dagbag.py:525} INFO - Filling up the DagBag from /home/airflow/.local/lib/python3.7/site-packages/airflow/example_dags/example_nested_branch_dag.py
[2022-10-05T00:25:52.103+0000] {processor.py:156} INFO - Started process (PID=95) to work on /home/airflow/.local/lib/python3.7/site-packages/airflow/example_dags/example_nested_branch_dag.py
[2022-10-05T00:25:52.109+0000] {processor.py:758} INFO - Processing file /home/airflow/.local/lib/python3.7/site-packages/airflow/example_dags/example_nested_branch_dag.py for tasks to queue
[2022-10-05T00:25:52.119+0000] {logging_mixin.py:117} INFO - [2022-10-05T00:25:52.119+0000] {dagbag.py:525} INFO - Filling up the DagBag from /home/airflow/.local/lib/python3.7/site-packages/airflow/example_dags/example_nested_branch_dag.py
[2022-10-05T00:25:54.278+0000] {processor.py:768} INFO - DAG(s) dict_keys(['example_nested_branch_dag']) retrieved from /home/airflow/.local/lib/python3.7/site-packages/airflow/example_dags/example_nested_branch_dag.py
[2022-10-05T00:25:54.638+0000] {logging_mixin.py:117} INFO - [2022-10-05T00:25:54.638+0000] {dag.py:2573} INFO - Sync 1 DAGs
[2022-10-05T00:25:55.010+0000] {logging_mixin.py:117} INFO - [2022-10-05T00:25:55.010+0000] {dag.py:3328} INFO - Setting next_dagrun for example_nested_branch_dag to 2022-10-04T00:00:00+00:00, run_after=2022-10-05T00:00:00+00:00
[2022-10-05T00:25:56.385+0000] {processor.py:178} INFO - Processing /home/airflow/.local/lib/python3.7/site-packages/airflow/example_dags/example_nested_branch_dag.py took 4.316 seconds
[2022-10-05T00:29:16.053+0000] {processor.py:156} INFO - Started process (PID=122) to work on /home/airflow/.local/lib/python3.7/site-packages/airflow/example_dags/example_nested_branch_dag.py
[2022-10-05T00:29:16.072+0000] {processor.py:758} INFO - Processing file /home/airflow/.local/lib/python3.7/site-packages/airflow/example_dags/example_nested_branch_dag.py for tasks to queue
[2022-10-05T00:29:16.076+0000] {logging_mixin.py:117} INFO - [2022-10-05T00:29:16.075+0000] {dagbag.py:525} INFO - Filling up the DagBag from /home/airflow/.local/lib/python3.7/site-packages/airflow/example_dags/example_nested_branch_dag.py
[2022-10-05T00:31:35.529+0000] {processor.py:156} INFO - Started process (PID=117) to work on /home/airflow/.local/lib/python3.7/site-packages/airflow/example_dags/example_nested_branch_dag.py
[2022-10-05T00:31:35.534+0000] {processor.py:758} INFO - Processing file /home/airflow/.local/lib/python3.7/site-packages/airflow/example_dags/example_nested_branch_dag.py for tasks to queue
[2022-10-05T00:31:35.548+0000] {logging_mixin.py:117} INFO - [2022-10-05T00:31:35.548+0000] {dagbag.py:525} INFO - Filling up the DagBag from /home/airflow/.local/lib/python3.7/site-packages/airflow/example_dags/example_nested_branch_dag.py
[2022-10-05T00:31:37.204+0000] {processor.py:768} INFO - DAG(s) dict_keys(['example_nested_branch_dag']) retrieved from /home/airflow/.local/lib/python3.7/site-packages/airflow/example_dags/example_nested_branch_dag.py
[2022-10-05T00:31:37.566+0000] {logging_mixin.py:117} INFO - [2022-10-05T00:31:37.566+0000] {dag.py:2573} INFO - Sync 1 DAGs
[2022-10-05T00:31:37.811+0000] {logging_mixin.py:117} INFO - [2022-10-05T00:31:37.811+0000] {dag.py:3328} INFO - Setting next_dagrun for example_nested_branch_dag to 2022-10-04T00:00:00+00:00, run_after=2022-10-05T00:00:00+00:00
[2022-10-05T00:31:37.983+0000] {processor.py:178} INFO - Processing /home/airflow/.local/lib/python3.7/site-packages/airflow/example_dags/example_nested_branch_dag.py took 2.482 seconds
[2022-10-05T00:33:38.042+0000] {processor.py:156} INFO - Started process (PID=98) to work on /home/airflow/.local/lib/python3.7/site-packages/airflow/example_dags/example_nested_branch_dag.py
[2022-10-05T00:33:38.061+0000] {processor.py:758} INFO - Processing file /home/airflow/.local/lib/python3.7/site-packages/airflow/example_dags/example_nested_branch_dag.py for tasks to queue
[2022-10-05T00:33:38.065+0000] {logging_mixin.py:117} INFO - [2022-10-05T00:33:38.065+0000] {dagbag.py:525} INFO - Filling up the DagBag from /home/airflow/.local/lib/python3.7/site-packages/airflow/example_dags/example_nested_branch_dag.py
[2022-10-05T00:33:39.224+0000] {processor.py:768} INFO - DAG(s) dict_keys(['example_nested_branch_dag']) retrieved from /home/airflow/.local/lib/python3.7/site-packages/airflow/example_dags/example_nested_branch_dag.py
[2022-10-05T00:33:39.403+0000] {logging_mixin.py:117} INFO - [2022-10-05T00:33:39.403+0000] {dag.py:2573} INFO - Sync 1 DAGs
[2022-10-05T00:33:39.572+0000] {logging_mixin.py:117} INFO - [2022-10-05T00:33:39.571+0000] {dag.py:3328} INFO - Setting next_dagrun for example_nested_branch_dag to 2022-10-04T00:00:00+00:00, run_after=2022-10-05T00:00:00+00:00
[2022-10-05T00:33:39.842+0000] {processor.py:178} INFO - Processing /home/airflow/.local/lib/python3.7/site-packages/airflow/example_dags/example_nested_branch_dag.py took 1.833 seconds
[2022-10-05T00:35:44.252+0000] {processor.py:156} INFO - Started process (PID=105) to work on /home/airflow/.local/lib/python3.7/site-packages/airflow/example_dags/example_nested_branch_dag.py
[2022-10-05T00:35:44.263+0000] {processor.py:758} INFO - Processing file /home/airflow/.local/lib/python3.7/site-packages/airflow/example_dags/example_nested_branch_dag.py for tasks to queue
[2022-10-05T00:35:44.267+0000] {logging_mixin.py:117} INFO - [2022-10-05T00:35:44.267+0000] {dagbag.py:525} INFO - Filling up the DagBag from /home/airflow/.local/lib/python3.7/site-packages/airflow/example_dags/example_nested_branch_dag.py
[2022-10-05T00:35:46.454+0000] {processor.py:768} INFO - DAG(s) dict_keys(['example_nested_branch_dag']) retrieved from /home/airflow/.local/lib/python3.7/site-packages/airflow/example_dags/example_nested_branch_dag.py
[2022-10-05T00:35:46.765+0000] {logging_mixin.py:117} INFO - [2022-10-05T00:35:46.765+0000] {dag.py:2573} INFO - Sync 1 DAGs
[2022-10-05T00:35:46.849+0000] {logging_mixin.py:117} INFO - [2022-10-05T00:35:46.849+0000] {dag.py:3328} INFO - Setting next_dagrun for example_nested_branch_dag to 2022-10-04T00:00:00+00:00, run_after=2022-10-05T00:00:00+00:00
[2022-10-05T00:35:47.100+0000] {processor.py:178} INFO - Processing /home/airflow/.local/lib/python3.7/site-packages/airflow/example_dags/example_nested_branch_dag.py took 2.869 seconds
[2022-10-05T00:37:37.942+0000] {processor.py:156} INFO - Started process (PID=103) to work on /home/airflow/.local/lib/python3.7/site-packages/airflow/example_dags/example_nested_branch_dag.py
[2022-10-05T00:37:37.954+0000] {processor.py:758} INFO - Processing file /home/airflow/.local/lib/python3.7/site-packages/airflow/example_dags/example_nested_branch_dag.py for tasks to queue
[2022-10-05T00:37:37.963+0000] {logging_mixin.py:117} INFO - [2022-10-05T00:37:37.963+0000] {dagbag.py:525} INFO - Filling up the DagBag from /home/airflow/.local/lib/python3.7/site-packages/airflow/example_dags/example_nested_branch_dag.py
[2022-10-05T00:37:40.336+0000] {processor.py:768} INFO - DAG(s) dict_keys(['example_nested_branch_dag']) retrieved from /home/airflow/.local/lib/python3.7/site-packages/airflow/example_dags/example_nested_branch_dag.py
[2022-10-05T00:37:40.991+0000] {logging_mixin.py:117} INFO - [2022-10-05T00:37:40.991+0000] {dag.py:2573} INFO - Sync 1 DAGs
[2022-10-05T00:37:41.329+0000] {logging_mixin.py:117} INFO - [2022-10-05T00:37:41.328+0000] {dag.py:3328} INFO - Setting next_dagrun for example_nested_branch_dag to 2022-10-04T00:00:00+00:00, run_after=2022-10-05T00:00:00+00:00
[2022-10-05T00:37:41.727+0000] {processor.py:178} INFO - Processing /home/airflow/.local/lib/python3.7/site-packages/airflow/example_dags/example_nested_branch_dag.py took 3.830 seconds
[2022-10-05T00:39:51.879+0000] {processor.py:156} INFO - Started process (PID=109) to work on /home/airflow/.local/lib/python3.7/site-packages/airflow/example_dags/example_nested_branch_dag.py
[2022-10-05T00:39:51.883+0000] {processor.py:758} INFO - Processing file /home/airflow/.local/lib/python3.7/site-packages/airflow/example_dags/example_nested_branch_dag.py for tasks to queue
[2022-10-05T00:39:51.892+0000] {logging_mixin.py:117} INFO - [2022-10-05T00:39:51.888+0000] {dagbag.py:525} INFO - Filling up the DagBag from /home/airflow/.local/lib/python3.7/site-packages/airflow/example_dags/example_nested_branch_dag.py
[2022-10-05T00:39:53.435+0000] {processor.py:768} INFO - DAG(s) dict_keys(['example_nested_branch_dag']) retrieved from /home/airflow/.local/lib/python3.7/site-packages/airflow/example_dags/example_nested_branch_dag.py
[2022-10-05T00:39:53.793+0000] {logging_mixin.py:117} INFO - [2022-10-05T00:39:53.793+0000] {dag.py:2573} INFO - Sync 1 DAGs
[2022-10-05T00:39:53.989+0000] {logging_mixin.py:117} INFO - [2022-10-05T00:39:53.988+0000] {dag.py:3328} INFO - Setting next_dagrun for example_nested_branch_dag to 2022-10-04T00:00:00+00:00, run_after=2022-10-05T00:00:00+00:00
[2022-10-05T00:39:54.817+0000] {processor.py:178} INFO - Processing /home/airflow/.local/lib/python3.7/site-packages/airflow/example_dags/example_nested_branch_dag.py took 2.979 seconds
[2022-10-05T00:42:11.251+0000] {processor.py:156} INFO - Started process (PID=107) to work on /home/airflow/.local/lib/python3.7/site-packages/airflow/example_dags/example_nested_branch_dag.py
[2022-10-05T00:42:11.255+0000] {processor.py:758} INFO - Processing file /home/airflow/.local/lib/python3.7/site-packages/airflow/example_dags/example_nested_branch_dag.py for tasks to queue
[2022-10-05T00:42:11.259+0000] {logging_mixin.py:117} INFO - [2022-10-05T00:42:11.259+0000] {dagbag.py:525} INFO - Filling up the DagBag from /home/airflow/.local/lib/python3.7/site-packages/airflow/example_dags/example_nested_branch_dag.py
[2022-10-05T00:42:12.698+0000] {processor.py:768} INFO - DAG(s) dict_keys(['example_nested_branch_dag']) retrieved from /home/airflow/.local/lib/python3.7/site-packages/airflow/example_dags/example_nested_branch_dag.py
[2022-10-05T00:42:13.047+0000] {logging_mixin.py:117} INFO - [2022-10-05T00:42:13.042+0000] {dag.py:2573} INFO - Sync 1 DAGs
[2022-10-05T00:42:13.225+0000] {logging_mixin.py:117} INFO - [2022-10-05T00:42:13.225+0000] {dag.py:3328} INFO - Setting next_dagrun for example_nested_branch_dag to 2022-10-04T00:00:00+00:00, run_after=2022-10-05T00:00:00+00:00
[2022-10-05T00:42:13.308+0000] {processor.py:178} INFO - Processing /home/airflow/.local/lib/python3.7/site-packages/airflow/example_dags/example_nested_branch_dag.py took 2.108 seconds
[2022-10-05T00:52:26.733+0000] {processor.py:156} INFO - Started process (PID=105) to work on /home/airflow/.local/lib/python3.7/site-packages/airflow/example_dags/example_nested_branch_dag.py
[2022-10-05T00:52:26.737+0000] {processor.py:758} INFO - Processing file /home/airflow/.local/lib/python3.7/site-packages/airflow/example_dags/example_nested_branch_dag.py for tasks to queue
[2022-10-05T00:52:26.740+0000] {logging_mixin.py:117} INFO - [2022-10-05T00:52:26.740+0000] {dagbag.py:525} INFO - Filling up the DagBag from /home/airflow/.local/lib/python3.7/site-packages/airflow/example_dags/example_nested_branch_dag.py
[2022-10-05T00:52:27.076+0000] {processor.py:768} INFO - DAG(s) dict_keys(['example_nested_branch_dag']) retrieved from /home/airflow/.local/lib/python3.7/site-packages/airflow/example_dags/example_nested_branch_dag.py
[2022-10-05T00:52:27.133+0000] {logging_mixin.py:117} INFO - [2022-10-05T00:52:27.133+0000] {dag.py:2573} INFO - Sync 1 DAGs
[2022-10-05T00:52:27.313+0000] {logging_mixin.py:117} INFO - [2022-10-05T00:52:27.312+0000] {dag.py:3328} INFO - Setting next_dagrun for example_nested_branch_dag to 2022-10-04T00:00:00+00:00, run_after=2022-10-05T00:00:00+00:00
[2022-10-05T00:52:27.492+0000] {processor.py:178} INFO - Processing /home/airflow/.local/lib/python3.7/site-packages/airflow/example_dags/example_nested_branch_dag.py took 0.781 seconds
[2022-10-05T00:54:43.123+0000] {processor.py:156} INFO - Started process (PID=88) to work on /home/airflow/.local/lib/python3.7/site-packages/airflow/example_dags/example_nested_branch_dag.py
[2022-10-05T00:54:43.134+0000] {processor.py:758} INFO - Processing file /home/airflow/.local/lib/python3.7/site-packages/airflow/example_dags/example_nested_branch_dag.py for tasks to queue
[2022-10-05T00:54:43.143+0000] {logging_mixin.py:117} INFO - [2022-10-05T00:54:43.142+0000] {dagbag.py:525} INFO - Filling up the DagBag from /home/airflow/.local/lib/python3.7/site-packages/airflow/example_dags/example_nested_branch_dag.py
[2022-10-05T00:54:45.099+0000] {processor.py:768} INFO - DAG(s) dict_keys(['example_nested_branch_dag']) retrieved from /home/airflow/.local/lib/python3.7/site-packages/airflow/example_dags/example_nested_branch_dag.py
[2022-10-05T00:54:45.416+0000] {logging_mixin.py:117} INFO - [2022-10-05T00:54:45.416+0000] {dag.py:2573} INFO - Sync 1 DAGs
[2022-10-05T00:54:45.822+0000] {logging_mixin.py:117} INFO - [2022-10-05T00:54:45.822+0000] {dag.py:3328} INFO - Setting next_dagrun for example_nested_branch_dag to 2022-10-04T00:00:00+00:00, run_after=2022-10-05T00:00:00+00:00
[2022-10-05T00:54:57.649+0000] {processor.py:178} INFO - Processing /home/airflow/.local/lib/python3.7/site-packages/airflow/example_dags/example_nested_branch_dag.py took 14.565 seconds
[2022-10-05T00:56:59.607+0000] {processor.py:156} INFO - Started process (PID=108) to work on /home/airflow/.local/lib/python3.7/site-packages/airflow/example_dags/example_nested_branch_dag.py
[2022-10-05T00:56:59.622+0000] {processor.py:758} INFO - Processing file /home/airflow/.local/lib/python3.7/site-packages/airflow/example_dags/example_nested_branch_dag.py for tasks to queue
[2022-10-05T00:56:59.641+0000] {logging_mixin.py:117} INFO - [2022-10-05T00:56:59.637+0000] {dagbag.py:525} INFO - Filling up the DagBag from /home/airflow/.local/lib/python3.7/site-packages/airflow/example_dags/example_nested_branch_dag.py
[2022-10-05T00:57:01.362+0000] {processor.py:768} INFO - DAG(s) dict_keys(['example_nested_branch_dag']) retrieved from /home/airflow/.local/lib/python3.7/site-packages/airflow/example_dags/example_nested_branch_dag.py
[2022-10-05T00:57:01.626+0000] {logging_mixin.py:117} INFO - [2022-10-05T00:57:01.626+0000] {dag.py:2573} INFO - Sync 1 DAGs
[2022-10-05T00:57:01.778+0000] {logging_mixin.py:117} INFO - [2022-10-05T00:57:01.777+0000] {dag.py:3328} INFO - Setting next_dagrun for example_nested_branch_dag to 2022-10-04T00:00:00+00:00, run_after=2022-10-05T00:00:00+00:00
[2022-10-05T00:57:02.051+0000] {processor.py:178} INFO - Processing /home/airflow/.local/lib/python3.7/site-packages/airflow/example_dags/example_nested_branch_dag.py took 2.462 seconds
