[2022-10-05T00:00:21.153+0000] {processor.py:156} INFO - Started process (PID=42) to work on /home/airflow/.local/lib/python3.7/site-packages/airflow/example_dags/example_branch_labels.py
[2022-10-05T00:00:21.155+0000] {processor.py:758} INFO - Processing file /home/airflow/.local/lib/python3.7/site-packages/airflow/example_dags/example_branch_labels.py for tasks to queue
[2022-10-05T00:00:21.156+0000] {logging_mixin.py:117} INFO - [2022-10-05T00:00:21.156+0000] {dagbag.py:525} INFO - Filling up the DagBag from /home/airflow/.local/lib/python3.7/site-packages/airflow/example_dags/example_branch_labels.py
[2022-10-05T00:00:21.203+0000] {processor.py:768} INFO - DAG(s) dict_keys(['example_branch_labels']) retrieved from /home/airflow/.local/lib/python3.7/site-packages/airflow/example_dags/example_branch_labels.py
[2022-10-05T00:00:21.612+0000] {logging_mixin.py:117} INFO - [2022-10-05T00:00:21.612+0000] {dag.py:2573} INFO - Sync 1 DAGs
[2022-10-05T00:00:21.762+0000] {logging_mixin.py:117} INFO - [2022-10-05T00:00:21.756+0000] {dag.py:3328} INFO - Setting next_dagrun for example_branch_labels to 2022-10-04T00:00:00+00:00, run_after=2022-10-05T00:00:00+00:00
[2022-10-05T00:00:23.708+0000] {processor.py:178} INFO - Processing /home/airflow/.local/lib/python3.7/site-packages/airflow/example_dags/example_branch_labels.py took 2.561 seconds
[2022-10-05T00:02:21.106+0000] {processor.py:156} INFO - Started process (PID=42) to work on /home/airflow/.local/lib/python3.7/site-packages/airflow/example_dags/example_branch_labels.py
[2022-10-05T00:02:21.107+0000] {processor.py:758} INFO - Processing file /home/airflow/.local/lib/python3.7/site-packages/airflow/example_dags/example_branch_labels.py for tasks to queue
[2022-10-05T00:02:21.108+0000] {logging_mixin.py:117} INFO - [2022-10-05T00:02:21.108+0000] {dagbag.py:525} INFO - Filling up the DagBag from /home/airflow/.local/lib/python3.7/site-packages/airflow/example_dags/example_branch_labels.py
[2022-10-05T00:02:21.138+0000] {processor.py:768} INFO - DAG(s) dict_keys(['example_branch_labels']) retrieved from /home/airflow/.local/lib/python3.7/site-packages/airflow/example_dags/example_branch_labels.py
[2022-10-05T00:02:21.653+0000] {logging_mixin.py:117} INFO - [2022-10-05T00:02:21.649+0000] {dag.py:2573} INFO - Sync 1 DAGs
[2022-10-05T00:02:22.355+0000] {logging_mixin.py:117} INFO - [2022-10-05T00:02:22.354+0000] {dag.py:3328} INFO - Setting next_dagrun for example_branch_labels to 2022-10-04T00:00:00+00:00, run_after=2022-10-05T00:00:00+00:00
[2022-10-05T00:02:28.881+0000] {processor.py:178} INFO - Processing /home/airflow/.local/lib/python3.7/site-packages/airflow/example_dags/example_branch_labels.py took 7.778 seconds
[2022-10-05T00:04:17.423+0000] {processor.py:156} INFO - Started process (PID=42) to work on /home/airflow/.local/lib/python3.7/site-packages/airflow/example_dags/example_branch_labels.py
[2022-10-05T00:04:17.427+0000] {processor.py:758} INFO - Processing file /home/airflow/.local/lib/python3.7/site-packages/airflow/example_dags/example_branch_labels.py for tasks to queue
[2022-10-05T00:04:17.429+0000] {logging_mixin.py:117} INFO - [2022-10-05T00:04:17.429+0000] {dagbag.py:525} INFO - Filling up the DagBag from /home/airflow/.local/lib/python3.7/site-packages/airflow/example_dags/example_branch_labels.py
[2022-10-05T00:04:17.627+0000] {processor.py:768} INFO - DAG(s) dict_keys(['example_branch_labels']) retrieved from /home/airflow/.local/lib/python3.7/site-packages/airflow/example_dags/example_branch_labels.py
[2022-10-05T00:04:19.377+0000] {logging_mixin.py:117} INFO - [2022-10-05T00:04:19.376+0000] {dag.py:2573} INFO - Sync 1 DAGs
[2022-10-05T00:04:19.518+0000] {logging_mixin.py:117} INFO - [2022-10-05T00:04:19.517+0000] {dag.py:3328} INFO - Setting next_dagrun for example_branch_labels to 2022-10-04T00:00:00+00:00, run_after=2022-10-05T00:00:00+00:00
[2022-10-05T00:04:20.861+0000] {processor.py:178} INFO - Processing /home/airflow/.local/lib/python3.7/site-packages/airflow/example_dags/example_branch_labels.py took 3.440 seconds
[2022-10-05T00:06:16.881+0000] {processor.py:156} INFO - Started process (PID=41) to work on /home/airflow/.local/lib/python3.7/site-packages/airflow/example_dags/example_branch_labels.py
[2022-10-05T00:06:16.882+0000] {processor.py:758} INFO - Processing file /home/airflow/.local/lib/python3.7/site-packages/airflow/example_dags/example_branch_labels.py for tasks to queue
[2022-10-05T00:06:16.884+0000] {logging_mixin.py:117} INFO - [2022-10-05T00:06:16.884+0000] {dagbag.py:525} INFO - Filling up the DagBag from /home/airflow/.local/lib/python3.7/site-packages/airflow/example_dags/example_branch_labels.py
[2022-10-05T00:06:16.945+0000] {processor.py:768} INFO - DAG(s) dict_keys(['example_branch_labels']) retrieved from /home/airflow/.local/lib/python3.7/site-packages/airflow/example_dags/example_branch_labels.py
[2022-10-05T00:06:19.423+0000] {logging_mixin.py:117} INFO - [2022-10-05T00:06:19.423+0000] {dag.py:2573} INFO - Sync 1 DAGs
[2022-10-05T00:06:19.629+0000] {logging_mixin.py:117} INFO - [2022-10-05T00:06:19.628+0000] {dag.py:3328} INFO - Setting next_dagrun for example_branch_labels to 2022-10-04T00:00:00+00:00, run_after=2022-10-05T00:00:00+00:00
[2022-10-05T00:06:21.623+0000] {processor.py:178} INFO - Processing /home/airflow/.local/lib/python3.7/site-packages/airflow/example_dags/example_branch_labels.py took 4.691 seconds
[2022-10-05T00:08:15.897+0000] {processor.py:156} INFO - Started process (PID=42) to work on /home/airflow/.local/lib/python3.7/site-packages/airflow/example_dags/example_branch_labels.py
[2022-10-05T00:08:15.900+0000] {processor.py:758} INFO - Processing file /home/airflow/.local/lib/python3.7/site-packages/airflow/example_dags/example_branch_labels.py for tasks to queue
[2022-10-05T00:08:15.901+0000] {logging_mixin.py:117} INFO - [2022-10-05T00:08:15.901+0000] {dagbag.py:525} INFO - Filling up the DagBag from /home/airflow/.local/lib/python3.7/site-packages/airflow/example_dags/example_branch_labels.py
[2022-10-05T00:08:16.027+0000] {processor.py:768} INFO - DAG(s) dict_keys(['example_branch_labels']) retrieved from /home/airflow/.local/lib/python3.7/site-packages/airflow/example_dags/example_branch_labels.py
[2022-10-05T00:08:22.074+0000] {logging_mixin.py:117} INFO - [2022-10-05T00:08:22.063+0000] {dag.py:2573} INFO - Sync 1 DAGs
[2022-10-05T00:08:23.169+0000] {logging_mixin.py:117} INFO - [2022-10-05T00:08:23.157+0000] {dag.py:3328} INFO - Setting next_dagrun for example_branch_labels to 2022-10-04T00:00:00+00:00, run_after=2022-10-05T00:00:00+00:00
[2022-10-05T00:08:23.743+0000] {processor.py:178} INFO - Processing /home/airflow/.local/lib/python3.7/site-packages/airflow/example_dags/example_branch_labels.py took 7.855 seconds
[2022-10-05T00:09:04.551+0000] {processor.py:156} INFO - Started process (PID=96) to work on /home/airflow/.local/lib/python3.7/site-packages/airflow/example_dags/example_branch_labels.py
[2022-10-05T00:09:04.555+0000] {processor.py:758} INFO - Processing file /home/airflow/.local/lib/python3.7/site-packages/airflow/example_dags/example_branch_labels.py for tasks to queue
[2022-10-05T00:09:04.556+0000] {logging_mixin.py:117} INFO - [2022-10-05T00:09:04.556+0000] {dagbag.py:525} INFO - Filling up the DagBag from /home/airflow/.local/lib/python3.7/site-packages/airflow/example_dags/example_branch_labels.py
[2022-10-05T00:09:04.592+0000] {processor.py:768} INFO - DAG(s) dict_keys(['example_branch_labels']) retrieved from /home/airflow/.local/lib/python3.7/site-packages/airflow/example_dags/example_branch_labels.py
[2022-10-05T00:09:04.903+0000] {logging_mixin.py:117} INFO - [2022-10-05T00:09:04.903+0000] {dag.py:2573} INFO - Sync 1 DAGs
[2022-10-05T00:09:04.934+0000] {logging_mixin.py:117} INFO - [2022-10-05T00:09:04.933+0000] {dag.py:3328} INFO - Setting next_dagrun for example_branch_labels to 2022-10-04T00:00:00+00:00, run_after=2022-10-05T00:00:00+00:00
[2022-10-05T00:09:05.084+0000] {processor.py:178} INFO - Processing /home/airflow/.local/lib/python3.7/site-packages/airflow/example_dags/example_branch_labels.py took 0.538 seconds
[2022-10-05T00:10:07.588+0000] {processor.py:156} INFO - Started process (PID=51) to work on /home/airflow/.local/lib/python3.7/site-packages/airflow/example_dags/example_branch_labels.py
[2022-10-05T00:10:07.589+0000] {processor.py:758} INFO - Processing file /home/airflow/.local/lib/python3.7/site-packages/airflow/example_dags/example_branch_labels.py for tasks to queue
[2022-10-05T00:10:07.590+0000] {logging_mixin.py:117} INFO - [2022-10-05T00:10:07.590+0000] {dagbag.py:525} INFO - Filling up the DagBag from /home/airflow/.local/lib/python3.7/site-packages/airflow/example_dags/example_branch_labels.py
[2022-10-05T00:10:07.636+0000] {processor.py:768} INFO - DAG(s) dict_keys(['example_branch_labels']) retrieved from /home/airflow/.local/lib/python3.7/site-packages/airflow/example_dags/example_branch_labels.py
[2022-10-05T00:10:08.878+0000] {logging_mixin.py:117} INFO - [2022-10-05T00:10:08.877+0000] {dag.py:2573} INFO - Sync 1 DAGs
[2022-10-05T00:10:08.966+0000] {logging_mixin.py:117} INFO - [2022-10-05T00:10:08.966+0000] {dag.py:3328} INFO - Setting next_dagrun for example_branch_labels to 2022-10-04T00:00:00+00:00, run_after=2022-10-05T00:00:00+00:00
[2022-10-05T00:10:20.041+0000] {processor.py:178} INFO - Processing /home/airflow/.local/lib/python3.7/site-packages/airflow/example_dags/example_branch_labels.py took 12.457 seconds
[2022-10-05T00:12:35.031+0000] {processor.py:156} INFO - Started process (PID=50) to work on /home/airflow/.local/lib/python3.7/site-packages/airflow/example_dags/example_branch_labels.py
[2022-10-05T00:12:35.034+0000] {processor.py:758} INFO - Processing file /home/airflow/.local/lib/python3.7/site-packages/airflow/example_dags/example_branch_labels.py for tasks to queue
[2022-10-05T00:12:35.038+0000] {logging_mixin.py:117} INFO - [2022-10-05T00:12:35.038+0000] {dagbag.py:525} INFO - Filling up the DagBag from /home/airflow/.local/lib/python3.7/site-packages/airflow/example_dags/example_branch_labels.py
[2022-10-05T00:12:35.149+0000] {processor.py:768} INFO - DAG(s) dict_keys(['example_branch_labels']) retrieved from /home/airflow/.local/lib/python3.7/site-packages/airflow/example_dags/example_branch_labels.py
[2022-10-05T00:12:38.437+0000] {logging_mixin.py:117} INFO - [2022-10-05T00:12:38.437+0000] {dag.py:2573} INFO - Sync 1 DAGs
[2022-10-05T00:12:38.576+0000] {logging_mixin.py:117} INFO - [2022-10-05T00:12:38.576+0000] {dag.py:3328} INFO - Setting next_dagrun for example_branch_labels to 2022-10-04T00:00:00+00:00, run_after=2022-10-05T00:00:00+00:00
[2022-10-05T00:12:42.588+0000] {processor.py:178} INFO - Processing /home/airflow/.local/lib/python3.7/site-packages/airflow/example_dags/example_branch_labels.py took 7.565 seconds
[2022-10-05T00:15:01.053+0000] {processor.py:156} INFO - Started process (PID=50) to work on /home/airflow/.local/lib/python3.7/site-packages/airflow/example_dags/example_branch_labels.py
[2022-10-05T00:15:01.068+0000] {processor.py:758} INFO - Processing file /home/airflow/.local/lib/python3.7/site-packages/airflow/example_dags/example_branch_labels.py for tasks to queue
[2022-10-05T00:15:01.075+0000] {logging_mixin.py:117} INFO - [2022-10-05T00:15:01.075+0000] {dagbag.py:525} INFO - Filling up the DagBag from /home/airflow/.local/lib/python3.7/site-packages/airflow/example_dags/example_branch_labels.py
[2022-10-05T00:15:01.353+0000] {processor.py:768} INFO - DAG(s) dict_keys(['example_branch_labels']) retrieved from /home/airflow/.local/lib/python3.7/site-packages/airflow/example_dags/example_branch_labels.py
[2022-10-05T00:15:08.499+0000] {logging_mixin.py:117} INFO - [2022-10-05T00:15:08.496+0000] {dag.py:2573} INFO - Sync 1 DAGs
[2022-10-05T00:15:08.684+0000] {logging_mixin.py:117} INFO - [2022-10-05T00:15:08.684+0000] {dag.py:3328} INFO - Setting next_dagrun for example_branch_labels to 2022-10-04T00:00:00+00:00, run_after=2022-10-05T00:00:00+00:00
[2022-10-05T00:15:12.905+0000] {processor.py:178} INFO - Processing /home/airflow/.local/lib/python3.7/site-packages/airflow/example_dags/example_branch_labels.py took 11.916 seconds
[2022-10-05T00:17:06.344+0000] {processor.py:156} INFO - Started process (PID=51) to work on /home/airflow/.local/lib/python3.7/site-packages/airflow/example_dags/example_branch_labels.py
[2022-10-05T00:17:06.346+0000] {processor.py:758} INFO - Processing file /home/airflow/.local/lib/python3.7/site-packages/airflow/example_dags/example_branch_labels.py for tasks to queue
[2022-10-05T00:17:06.348+0000] {logging_mixin.py:117} INFO - [2022-10-05T00:17:06.348+0000] {dagbag.py:525} INFO - Filling up the DagBag from /home/airflow/.local/lib/python3.7/site-packages/airflow/example_dags/example_branch_labels.py
[2022-10-05T00:17:06.451+0000] {processor.py:768} INFO - DAG(s) dict_keys(['example_branch_labels']) retrieved from /home/airflow/.local/lib/python3.7/site-packages/airflow/example_dags/example_branch_labels.py
[2022-10-05T00:17:07.434+0000] {logging_mixin.py:117} INFO - [2022-10-05T00:17:07.434+0000] {dag.py:2573} INFO - Sync 1 DAGs
[2022-10-05T00:17:07.492+0000] {logging_mixin.py:117} INFO - [2022-10-05T00:17:07.492+0000] {dag.py:3328} INFO - Setting next_dagrun for example_branch_labels to 2022-10-04T00:00:00+00:00, run_after=2022-10-05T00:00:00+00:00
[2022-10-05T00:17:07.673+0000] {processor.py:178} INFO - Processing /home/airflow/.local/lib/python3.7/site-packages/airflow/example_dags/example_branch_labels.py took 1.335 seconds
[2022-10-05T00:18:15.565+0000] {processor.py:156} INFO - Started process (PID=115) to work on /home/airflow/.local/lib/python3.7/site-packages/airflow/example_dags/example_branch_labels.py
[2022-10-05T00:18:15.571+0000] {processor.py:758} INFO - Processing file /home/airflow/.local/lib/python3.7/site-packages/airflow/example_dags/example_branch_labels.py for tasks to queue
[2022-10-05T00:18:15.574+0000] {logging_mixin.py:117} INFO - [2022-10-05T00:18:15.574+0000] {dagbag.py:525} INFO - Filling up the DagBag from /home/airflow/.local/lib/python3.7/site-packages/airflow/example_dags/example_branch_labels.py
[2022-10-05T00:18:16.661+0000] {processor.py:768} INFO - DAG(s) dict_keys(['example_branch_labels']) retrieved from /home/airflow/.local/lib/python3.7/site-packages/airflow/example_dags/example_branch_labels.py
[2022-10-05T00:19:06.823+0000] {processor.py:156} INFO - Started process (PID=50) to work on /home/airflow/.local/lib/python3.7/site-packages/airflow/example_dags/example_branch_labels.py
[2022-10-05T00:19:06.824+0000] {processor.py:758} INFO - Processing file /home/airflow/.local/lib/python3.7/site-packages/airflow/example_dags/example_branch_labels.py for tasks to queue
[2022-10-05T00:19:06.826+0000] {logging_mixin.py:117} INFO - [2022-10-05T00:19:06.826+0000] {dagbag.py:525} INFO - Filling up the DagBag from /home/airflow/.local/lib/python3.7/site-packages/airflow/example_dags/example_branch_labels.py
[2022-10-05T00:19:06.892+0000] {processor.py:768} INFO - DAG(s) dict_keys(['example_branch_labels']) retrieved from /home/airflow/.local/lib/python3.7/site-packages/airflow/example_dags/example_branch_labels.py
[2022-10-05T00:19:08.145+0000] {logging_mixin.py:117} INFO - [2022-10-05T00:19:08.130+0000] {dag.py:2573} INFO - Sync 1 DAGs
[2022-10-05T00:19:08.332+0000] {logging_mixin.py:117} INFO - [2022-10-05T00:19:08.331+0000] {dag.py:3328} INFO - Setting next_dagrun for example_branch_labels to 2022-10-04T00:00:00+00:00, run_after=2022-10-05T00:00:00+00:00
[2022-10-05T00:19:10.935+0000] {processor.py:178} INFO - Processing /home/airflow/.local/lib/python3.7/site-packages/airflow/example_dags/example_branch_labels.py took 4.122 seconds
[2022-10-05T00:20:59.740+0000] {processor.py:156} INFO - Started process (PID=51) to work on /home/airflow/.local/lib/python3.7/site-packages/airflow/example_dags/example_branch_labels.py
[2022-10-05T00:20:59.742+0000] {processor.py:758} INFO - Processing file /home/airflow/.local/lib/python3.7/site-packages/airflow/example_dags/example_branch_labels.py for tasks to queue
[2022-10-05T00:20:59.756+0000] {logging_mixin.py:117} INFO - [2022-10-05T00:20:59.756+0000] {dagbag.py:525} INFO - Filling up the DagBag from /home/airflow/.local/lib/python3.7/site-packages/airflow/example_dags/example_branch_labels.py
[2022-10-05T00:21:00.046+0000] {processor.py:768} INFO - DAG(s) dict_keys(['example_branch_labels']) retrieved from /home/airflow/.local/lib/python3.7/site-packages/airflow/example_dags/example_branch_labels.py
[2022-10-05T00:21:02.970+0000] {logging_mixin.py:117} INFO - [2022-10-05T00:21:02.968+0000] {dag.py:2573} INFO - Sync 1 DAGs
[2022-10-05T00:21:05.223+0000] {logging_mixin.py:117} INFO - [2022-10-05T00:21:05.219+0000] {dag.py:3328} INFO - Setting next_dagrun for example_branch_labels to 2022-10-04T00:00:00+00:00, run_after=2022-10-05T00:00:00+00:00
[2022-10-05T00:21:05.700+0000] {processor.py:178} INFO - Processing /home/airflow/.local/lib/python3.7/site-packages/airflow/example_dags/example_branch_labels.py took 5.970 seconds
[2022-10-05T00:22:02.367+0000] {processor.py:156} INFO - Started process (PID=115) to work on /home/airflow/.local/lib/python3.7/site-packages/airflow/example_dags/example_branch_labels.py
[2022-10-05T00:22:02.369+0000] {processor.py:758} INFO - Processing file /home/airflow/.local/lib/python3.7/site-packages/airflow/example_dags/example_branch_labels.py for tasks to queue
[2022-10-05T00:22:02.371+0000] {logging_mixin.py:117} INFO - [2022-10-05T00:22:02.371+0000] {dagbag.py:525} INFO - Filling up the DagBag from /home/airflow/.local/lib/python3.7/site-packages/airflow/example_dags/example_branch_labels.py
[2022-10-05T00:22:02.438+0000] {processor.py:768} INFO - DAG(s) dict_keys(['example_branch_labels']) retrieved from /home/airflow/.local/lib/python3.7/site-packages/airflow/example_dags/example_branch_labels.py
[2022-10-05T00:22:03.636+0000] {logging_mixin.py:117} INFO - [2022-10-05T00:22:03.628+0000] {dag.py:2573} INFO - Sync 1 DAGs
[2022-10-05T00:22:03.858+0000] {logging_mixin.py:117} INFO - [2022-10-05T00:22:03.858+0000] {dag.py:3328} INFO - Setting next_dagrun for example_branch_labels to 2022-10-04T00:00:00+00:00, run_after=2022-10-05T00:00:00+00:00
[2022-10-05T00:22:04.563+0000] {processor.py:178} INFO - Processing /home/airflow/.local/lib/python3.7/site-packages/airflow/example_dags/example_branch_labels.py took 2.206 seconds
[2022-10-05T00:22:58.959+0000] {processor.py:156} INFO - Started process (PID=52) to work on /home/airflow/.local/lib/python3.7/site-packages/airflow/example_dags/example_branch_labels.py
[2022-10-05T00:22:58.961+0000] {processor.py:758} INFO - Processing file /home/airflow/.local/lib/python3.7/site-packages/airflow/example_dags/example_branch_labels.py for tasks to queue
[2022-10-05T00:22:58.964+0000] {logging_mixin.py:117} INFO - [2022-10-05T00:22:58.963+0000] {dagbag.py:525} INFO - Filling up the DagBag from /home/airflow/.local/lib/python3.7/site-packages/airflow/example_dags/example_branch_labels.py
[2022-10-05T00:22:59.075+0000] {processor.py:768} INFO - DAG(s) dict_keys(['example_branch_labels']) retrieved from /home/airflow/.local/lib/python3.7/site-packages/airflow/example_dags/example_branch_labels.py
[2022-10-05T00:23:04.656+0000] {logging_mixin.py:117} INFO - [2022-10-05T00:23:04.654+0000] {dag.py:2573} INFO - Sync 1 DAGs
[2022-10-05T00:23:04.937+0000] {logging_mixin.py:117} INFO - [2022-10-05T00:23:04.936+0000] {dag.py:3328} INFO - Setting next_dagrun for example_branch_labels to 2022-10-04T00:00:00+00:00, run_after=2022-10-05T00:00:00+00:00
[2022-10-05T00:23:06.262+0000] {processor.py:178} INFO - Processing /home/airflow/.local/lib/python3.7/site-packages/airflow/example_dags/example_branch_labels.py took 7.309 seconds
[2022-10-05T00:24:59.648+0000] {processor.py:156} INFO - Started process (PID=50) to work on /home/airflow/.local/lib/python3.7/site-packages/airflow/example_dags/example_branch_labels.py
[2022-10-05T00:24:59.649+0000] {processor.py:758} INFO - Processing file /home/airflow/.local/lib/python3.7/site-packages/airflow/example_dags/example_branch_labels.py for tasks to queue
[2022-10-05T00:24:59.650+0000] {logging_mixin.py:117} INFO - [2022-10-05T00:24:59.650+0000] {dagbag.py:525} INFO - Filling up the DagBag from /home/airflow/.local/lib/python3.7/site-packages/airflow/example_dags/example_branch_labels.py
[2022-10-05T00:24:59.764+0000] {processor.py:768} INFO - DAG(s) dict_keys(['example_branch_labels']) retrieved from /home/airflow/.local/lib/python3.7/site-packages/airflow/example_dags/example_branch_labels.py
[2022-10-05T00:25:00.575+0000] {logging_mixin.py:117} INFO - [2022-10-05T00:25:00.575+0000] {dag.py:2573} INFO - Sync 1 DAGs
[2022-10-05T00:25:00.666+0000] {logging_mixin.py:117} INFO - [2022-10-05T00:25:00.666+0000] {dag.py:3328} INFO - Setting next_dagrun for example_branch_labels to 2022-10-04T00:00:00+00:00, run_after=2022-10-05T00:00:00+00:00
[2022-10-05T00:25:01.033+0000] {processor.py:178} INFO - Processing /home/airflow/.local/lib/python3.7/site-packages/airflow/example_dags/example_branch_labels.py took 1.390 seconds
[2022-10-05T00:27:43.060+0000] {processor.py:156} INFO - Started process (PID=59) to work on /home/airflow/.local/lib/python3.7/site-packages/airflow/example_dags/example_branch_labels.py
[2022-10-05T00:27:43.061+0000] {processor.py:758} INFO - Processing file /home/airflow/.local/lib/python3.7/site-packages/airflow/example_dags/example_branch_labels.py for tasks to queue
[2022-10-05T00:27:43.064+0000] {logging_mixin.py:117} INFO - [2022-10-05T00:27:43.064+0000] {dagbag.py:525} INFO - Filling up the DagBag from /home/airflow/.local/lib/python3.7/site-packages/airflow/example_dags/example_branch_labels.py
[2022-10-05T00:27:43.116+0000] {processor.py:768} INFO - DAG(s) dict_keys(['example_branch_labels']) retrieved from /home/airflow/.local/lib/python3.7/site-packages/airflow/example_dags/example_branch_labels.py
[2022-10-05T00:27:44.008+0000] {logging_mixin.py:117} INFO - [2022-10-05T00:27:44.008+0000] {dag.py:2573} INFO - Sync 1 DAGs
[2022-10-05T00:27:44.151+0000] {logging_mixin.py:117} INFO - [2022-10-05T00:27:44.151+0000] {dag.py:3328} INFO - Setting next_dagrun for example_branch_labels to 2022-10-04T00:00:00+00:00, run_after=2022-10-05T00:00:00+00:00
[2022-10-05T00:27:45.350+0000] {processor.py:178} INFO - Processing /home/airflow/.local/lib/python3.7/site-packages/airflow/example_dags/example_branch_labels.py took 2.297 seconds
[2022-10-05T00:30:17.954+0000] {processor.py:156} INFO - Started process (PID=60) to work on /home/airflow/.local/lib/python3.7/site-packages/airflow/example_dags/example_branch_labels.py
[2022-10-05T00:30:17.967+0000] {processor.py:758} INFO - Processing file /home/airflow/.local/lib/python3.7/site-packages/airflow/example_dags/example_branch_labels.py for tasks to queue
[2022-10-05T00:30:17.975+0000] {logging_mixin.py:117} INFO - [2022-10-05T00:30:17.972+0000] {dagbag.py:525} INFO - Filling up the DagBag from /home/airflow/.local/lib/python3.7/site-packages/airflow/example_dags/example_branch_labels.py
[2022-10-05T00:30:18.194+0000] {processor.py:768} INFO - DAG(s) dict_keys(['example_branch_labels']) retrieved from /home/airflow/.local/lib/python3.7/site-packages/airflow/example_dags/example_branch_labels.py
[2022-10-05T00:30:19.234+0000] {logging_mixin.py:117} INFO - [2022-10-05T00:30:19.234+0000] {dag.py:2573} INFO - Sync 1 DAGs
[2022-10-05T00:30:19.329+0000] {logging_mixin.py:117} INFO - [2022-10-05T00:30:19.329+0000] {dag.py:3328} INFO - Setting next_dagrun for example_branch_labels to 2022-10-04T00:00:00+00:00, run_after=2022-10-05T00:00:00+00:00
[2022-10-05T00:30:19.875+0000] {processor.py:178} INFO - Processing /home/airflow/.local/lib/python3.7/site-packages/airflow/example_dags/example_branch_labels.py took 1.948 seconds
[2022-10-05T00:31:49.012+0000] {processor.py:156} INFO - Started process (PID=135) to work on /home/airflow/.local/lib/python3.7/site-packages/airflow/example_dags/example_branch_labels.py
[2022-10-05T00:31:49.017+0000] {processor.py:758} INFO - Processing file /home/airflow/.local/lib/python3.7/site-packages/airflow/example_dags/example_branch_labels.py for tasks to queue
[2022-10-05T00:31:49.023+0000] {logging_mixin.py:117} INFO - [2022-10-05T00:31:49.023+0000] {dagbag.py:525} INFO - Filling up the DagBag from /home/airflow/.local/lib/python3.7/site-packages/airflow/example_dags/example_branch_labels.py
[2022-10-05T00:31:50.642+0000] {processor.py:768} INFO - DAG(s) dict_keys(['example_branch_labels']) retrieved from /home/airflow/.local/lib/python3.7/site-packages/airflow/example_dags/example_branch_labels.py
[2022-10-05T00:31:50.874+0000] {logging_mixin.py:117} INFO - [2022-10-05T00:31:50.873+0000] {dag.py:2573} INFO - Sync 1 DAGs
[2022-10-05T00:31:51.033+0000] {logging_mixin.py:117} INFO - [2022-10-05T00:31:51.033+0000] {dag.py:3328} INFO - Setting next_dagrun for example_branch_labels to 2022-10-04T00:00:00+00:00, run_after=2022-10-05T00:00:00+00:00
[2022-10-05T00:31:51.560+0000] {processor.py:178} INFO - Processing /home/airflow/.local/lib/python3.7/site-packages/airflow/example_dags/example_branch_labels.py took 2.569 seconds
[2022-10-05T00:32:47.057+0000] {processor.py:156} INFO - Started process (PID=52) to work on /home/airflow/.local/lib/python3.7/site-packages/airflow/example_dags/example_branch_labels.py
[2022-10-05T00:32:47.064+0000] {processor.py:758} INFO - Processing file /home/airflow/.local/lib/python3.7/site-packages/airflow/example_dags/example_branch_labels.py for tasks to queue
[2022-10-05T00:32:47.071+0000] {logging_mixin.py:117} INFO - [2022-10-05T00:32:47.070+0000] {dagbag.py:525} INFO - Filling up the DagBag from /home/airflow/.local/lib/python3.7/site-packages/airflow/example_dags/example_branch_labels.py
[2022-10-05T00:32:47.239+0000] {processor.py:768} INFO - DAG(s) dict_keys(['example_branch_labels']) retrieved from /home/airflow/.local/lib/python3.7/site-packages/airflow/example_dags/example_branch_labels.py
[2022-10-05T00:32:50.236+0000] {logging_mixin.py:117} INFO - [2022-10-05T00:32:50.219+0000] {dag.py:2573} INFO - Sync 1 DAGs
[2022-10-05T00:32:51.158+0000] {logging_mixin.py:117} INFO - [2022-10-05T00:32:51.158+0000] {dag.py:3328} INFO - Setting next_dagrun for example_branch_labels to 2022-10-04T00:00:00+00:00, run_after=2022-10-05T00:00:00+00:00
[2022-10-05T00:32:51.430+0000] {processor.py:178} INFO - Processing /home/airflow/.local/lib/python3.7/site-packages/airflow/example_dags/example_branch_labels.py took 4.400 seconds
[2022-10-05T00:34:35.286+0000] {processor.py:156} INFO - Started process (PID=51) to work on /home/airflow/.local/lib/python3.7/site-packages/airflow/example_dags/example_branch_labels.py
[2022-10-05T00:34:35.296+0000] {processor.py:758} INFO - Processing file /home/airflow/.local/lib/python3.7/site-packages/airflow/example_dags/example_branch_labels.py for tasks to queue
[2022-10-05T00:34:35.299+0000] {logging_mixin.py:117} INFO - [2022-10-05T00:34:35.299+0000] {dagbag.py:525} INFO - Filling up the DagBag from /home/airflow/.local/lib/python3.7/site-packages/airflow/example_dags/example_branch_labels.py
[2022-10-05T00:34:35.434+0000] {processor.py:768} INFO - DAG(s) dict_keys(['example_branch_labels']) retrieved from /home/airflow/.local/lib/python3.7/site-packages/airflow/example_dags/example_branch_labels.py
[2022-10-05T00:34:36.276+0000] {logging_mixin.py:117} INFO - [2022-10-05T00:34:36.275+0000] {dag.py:2573} INFO - Sync 1 DAGs
[2022-10-05T00:34:36.331+0000] {logging_mixin.py:117} INFO - [2022-10-05T00:34:36.331+0000] {dag.py:3328} INFO - Setting next_dagrun for example_branch_labels to 2022-10-04T00:00:00+00:00, run_after=2022-10-05T00:00:00+00:00
[2022-10-05T00:34:37.101+0000] {processor.py:178} INFO - Processing /home/airflow/.local/lib/python3.7/site-packages/airflow/example_dags/example_branch_labels.py took 1.820 seconds
[2022-10-05T00:36:45.592+0000] {processor.py:156} INFO - Started process (PID=51) to work on /home/airflow/.local/lib/python3.7/site-packages/airflow/example_dags/example_branch_labels.py
[2022-10-05T00:36:45.594+0000] {processor.py:758} INFO - Processing file /home/airflow/.local/lib/python3.7/site-packages/airflow/example_dags/example_branch_labels.py for tasks to queue
[2022-10-05T00:36:45.596+0000] {logging_mixin.py:117} INFO - [2022-10-05T00:36:45.596+0000] {dagbag.py:525} INFO - Filling up the DagBag from /home/airflow/.local/lib/python3.7/site-packages/airflow/example_dags/example_branch_labels.py
[2022-10-05T00:36:45.682+0000] {processor.py:768} INFO - DAG(s) dict_keys(['example_branch_labels']) retrieved from /home/airflow/.local/lib/python3.7/site-packages/airflow/example_dags/example_branch_labels.py
[2022-10-05T00:36:46.887+0000] {logging_mixin.py:117} INFO - [2022-10-05T00:36:46.887+0000] {dag.py:2573} INFO - Sync 1 DAGs
[2022-10-05T00:36:46.930+0000] {logging_mixin.py:117} INFO - [2022-10-05T00:36:46.930+0000] {dag.py:3328} INFO - Setting next_dagrun for example_branch_labels to 2022-10-04T00:00:00+00:00, run_after=2022-10-05T00:00:00+00:00
[2022-10-05T00:36:47.551+0000] {processor.py:178} INFO - Processing /home/airflow/.local/lib/python3.7/site-packages/airflow/example_dags/example_branch_labels.py took 1.964 seconds
[2022-10-05T00:38:49.560+0000] {processor.py:156} INFO - Started process (PID=52) to work on /home/airflow/.local/lib/python3.7/site-packages/airflow/example_dags/example_branch_labels.py
[2022-10-05T00:38:49.561+0000] {processor.py:758} INFO - Processing file /home/airflow/.local/lib/python3.7/site-packages/airflow/example_dags/example_branch_labels.py for tasks to queue
[2022-10-05T00:38:49.563+0000] {logging_mixin.py:117} INFO - [2022-10-05T00:38:49.563+0000] {dagbag.py:525} INFO - Filling up the DagBag from /home/airflow/.local/lib/python3.7/site-packages/airflow/example_dags/example_branch_labels.py
[2022-10-05T00:38:49.607+0000] {processor.py:768} INFO - DAG(s) dict_keys(['example_branch_labels']) retrieved from /home/airflow/.local/lib/python3.7/site-packages/airflow/example_dags/example_branch_labels.py
[2022-10-05T00:38:50.451+0000] {logging_mixin.py:117} INFO - [2022-10-05T00:38:50.451+0000] {dag.py:2573} INFO - Sync 1 DAGs
[2022-10-05T00:38:50.487+0000] {logging_mixin.py:117} INFO - [2022-10-05T00:38:50.487+0000] {dag.py:3328} INFO - Setting next_dagrun for example_branch_labels to 2022-10-04T00:00:00+00:00, run_after=2022-10-05T00:00:00+00:00
[2022-10-05T00:38:53.149+0000] {processor.py:178} INFO - Processing /home/airflow/.local/lib/python3.7/site-packages/airflow/example_dags/example_branch_labels.py took 3.595 seconds
[2022-10-05T00:41:06.007+0000] {processor.py:156} INFO - Started process (PID=52) to work on /home/airflow/.local/lib/python3.7/site-packages/airflow/example_dags/example_branch_labels.py
[2022-10-05T00:41:06.011+0000] {processor.py:758} INFO - Processing file /home/airflow/.local/lib/python3.7/site-packages/airflow/example_dags/example_branch_labels.py for tasks to queue
[2022-10-05T00:41:06.013+0000] {logging_mixin.py:117} INFO - [2022-10-05T00:41:06.013+0000] {dagbag.py:525} INFO - Filling up the DagBag from /home/airflow/.local/lib/python3.7/site-packages/airflow/example_dags/example_branch_labels.py
[2022-10-05T00:41:06.096+0000] {processor.py:768} INFO - DAG(s) dict_keys(['example_branch_labels']) retrieved from /home/airflow/.local/lib/python3.7/site-packages/airflow/example_dags/example_branch_labels.py
[2022-10-05T00:41:07.206+0000] {logging_mixin.py:117} INFO - [2022-10-05T00:41:07.206+0000] {dag.py:2573} INFO - Sync 1 DAGs
[2022-10-05T00:41:07.250+0000] {logging_mixin.py:117} INFO - [2022-10-05T00:41:07.250+0000] {dag.py:3328} INFO - Setting next_dagrun for example_branch_labels to 2022-10-04T00:00:00+00:00, run_after=2022-10-05T00:00:00+00:00
[2022-10-05T00:41:07.607+0000] {processor.py:178} INFO - Processing /home/airflow/.local/lib/python3.7/site-packages/airflow/example_dags/example_branch_labels.py took 1.612 seconds
[2022-10-05T00:43:14.831+0000] {processor.py:156} INFO - Started process (PID=53) to work on /home/airflow/.local/lib/python3.7/site-packages/airflow/example_dags/example_branch_labels.py
[2022-10-05T00:43:14.843+0000] {processor.py:758} INFO - Processing file /home/airflow/.local/lib/python3.7/site-packages/airflow/example_dags/example_branch_labels.py for tasks to queue
[2022-10-05T00:43:14.845+0000] {logging_mixin.py:117} INFO - [2022-10-05T00:43:14.844+0000] {dagbag.py:525} INFO - Filling up the DagBag from /home/airflow/.local/lib/python3.7/site-packages/airflow/example_dags/example_branch_labels.py
[2022-10-05T00:43:14.919+0000] {processor.py:768} INFO - DAG(s) dict_keys(['example_branch_labels']) retrieved from /home/airflow/.local/lib/python3.7/site-packages/airflow/example_dags/example_branch_labels.py
[2022-10-05T00:43:17.782+0000] {logging_mixin.py:117} INFO - [2022-10-05T00:43:17.779+0000] {dag.py:2573} INFO - Sync 1 DAGs
[2022-10-05T00:43:17.893+0000] {logging_mixin.py:117} INFO - [2022-10-05T00:43:17.891+0000] {dag.py:3328} INFO - Setting next_dagrun for example_branch_labels to 2022-10-04T00:00:00+00:00, run_after=2022-10-05T00:00:00+00:00
[2022-10-05T00:43:18.585+0000] {processor.py:178} INFO - Processing /home/airflow/.local/lib/python3.7/site-packages/airflow/example_dags/example_branch_labels.py took 3.759 seconds
[2022-10-05T00:45:57.208+0000] {processor.py:156} INFO - Started process (PID=52) to work on /home/airflow/.local/lib/python3.7/site-packages/airflow/example_dags/example_branch_labels.py
[2022-10-05T00:45:57.212+0000] {processor.py:758} INFO - Processing file /home/airflow/.local/lib/python3.7/site-packages/airflow/example_dags/example_branch_labels.py for tasks to queue
[2022-10-05T00:45:57.214+0000] {logging_mixin.py:117} INFO - [2022-10-05T00:45:57.214+0000] {dagbag.py:525} INFO - Filling up the DagBag from /home/airflow/.local/lib/python3.7/site-packages/airflow/example_dags/example_branch_labels.py
[2022-10-05T00:45:57.281+0000] {processor.py:768} INFO - DAG(s) dict_keys(['example_branch_labels']) retrieved from /home/airflow/.local/lib/python3.7/site-packages/airflow/example_dags/example_branch_labels.py
[2022-10-05T00:45:58.150+0000] {logging_mixin.py:117} INFO - [2022-10-05T00:45:58.150+0000] {dag.py:2573} INFO - Sync 1 DAGs
[2022-10-05T00:45:58.222+0000] {logging_mixin.py:117} INFO - [2022-10-05T00:45:58.222+0000] {dag.py:3328} INFO - Setting next_dagrun for example_branch_labels to 2022-10-04T00:00:00+00:00, run_after=2022-10-05T00:00:00+00:00
[2022-10-05T00:45:58.308+0000] {processor.py:178} INFO - Processing /home/airflow/.local/lib/python3.7/site-packages/airflow/example_dags/example_branch_labels.py took 1.107 seconds
[2022-10-05T00:48:46.590+0000] {processor.py:156} INFO - Started process (PID=51) to work on /home/airflow/.local/lib/python3.7/site-packages/airflow/example_dags/example_branch_labels.py
[2022-10-05T00:48:46.591+0000] {processor.py:758} INFO - Processing file /home/airflow/.local/lib/python3.7/site-packages/airflow/example_dags/example_branch_labels.py for tasks to queue
[2022-10-05T00:48:46.592+0000] {logging_mixin.py:117} INFO - [2022-10-05T00:48:46.592+0000] {dagbag.py:525} INFO - Filling up the DagBag from /home/airflow/.local/lib/python3.7/site-packages/airflow/example_dags/example_branch_labels.py
[2022-10-05T00:48:46.616+0000] {processor.py:768} INFO - DAG(s) dict_keys(['example_branch_labels']) retrieved from /home/airflow/.local/lib/python3.7/site-packages/airflow/example_dags/example_branch_labels.py
[2022-10-05T00:48:47.437+0000] {logging_mixin.py:117} INFO - [2022-10-05T00:48:47.427+0000] {dag.py:2573} INFO - Sync 1 DAGs
[2022-10-05T00:48:48.560+0000] {logging_mixin.py:117} INFO - [2022-10-05T00:48:48.552+0000] {dag.py:3328} INFO - Setting next_dagrun for example_branch_labels to 2022-10-04T00:00:00+00:00, run_after=2022-10-05T00:00:00+00:00
[2022-10-05T00:48:49.890+0000] {processor.py:178} INFO - Processing /home/airflow/.local/lib/python3.7/site-packages/airflow/example_dags/example_branch_labels.py took 3.304 seconds
[2022-10-05T00:51:22.805+0000] {processor.py:156} INFO - Started process (PID=52) to work on /home/airflow/.local/lib/python3.7/site-packages/airflow/example_dags/example_branch_labels.py
[2022-10-05T00:51:22.809+0000] {processor.py:758} INFO - Processing file /home/airflow/.local/lib/python3.7/site-packages/airflow/example_dags/example_branch_labels.py for tasks to queue
[2022-10-05T00:51:22.813+0000] {logging_mixin.py:117} INFO - [2022-10-05T00:51:22.811+0000] {dagbag.py:525} INFO - Filling up the DagBag from /home/airflow/.local/lib/python3.7/site-packages/airflow/example_dags/example_branch_labels.py
[2022-10-05T00:51:22.947+0000] {processor.py:768} INFO - DAG(s) dict_keys(['example_branch_labels']) retrieved from /home/airflow/.local/lib/python3.7/site-packages/airflow/example_dags/example_branch_labels.py
[2022-10-05T00:51:25.454+0000] {logging_mixin.py:117} INFO - [2022-10-05T00:51:25.442+0000] {dag.py:2573} INFO - Sync 1 DAGs
[2022-10-05T00:51:26.379+0000] {logging_mixin.py:117} INFO - [2022-10-05T00:51:26.379+0000] {dag.py:3328} INFO - Setting next_dagrun for example_branch_labels to 2022-10-04T00:00:00+00:00, run_after=2022-10-05T00:00:00+00:00
[2022-10-05T00:51:29.448+0000] {processor.py:178} INFO - Processing /home/airflow/.local/lib/python3.7/site-packages/airflow/example_dags/example_branch_labels.py took 6.654 seconds
[2022-10-05T00:54:02.517+0000] {processor.py:156} INFO - Started process (PID=44) to work on /home/airflow/.local/lib/python3.7/site-packages/airflow/example_dags/example_branch_labels.py
[2022-10-05T00:54:02.529+0000] {processor.py:758} INFO - Processing file /home/airflow/.local/lib/python3.7/site-packages/airflow/example_dags/example_branch_labels.py for tasks to queue
[2022-10-05T00:54:02.530+0000] {logging_mixin.py:117} INFO - [2022-10-05T00:54:02.530+0000] {dagbag.py:525} INFO - Filling up the DagBag from /home/airflow/.local/lib/python3.7/site-packages/airflow/example_dags/example_branch_labels.py
[2022-10-05T00:54:02.619+0000] {processor.py:768} INFO - DAG(s) dict_keys(['example_branch_labels']) retrieved from /home/airflow/.local/lib/python3.7/site-packages/airflow/example_dags/example_branch_labels.py
[2022-10-05T00:54:03.763+0000] {logging_mixin.py:117} INFO - [2022-10-05T00:54:03.762+0000] {dag.py:2573} INFO - Sync 1 DAGs
[2022-10-05T00:54:03.824+0000] {logging_mixin.py:117} INFO - [2022-10-05T00:54:03.824+0000] {dag.py:3328} INFO - Setting next_dagrun for example_branch_labels to 2022-10-04T00:00:00+00:00, run_after=2022-10-05T00:00:00+00:00
[2022-10-05T00:54:23.731+0000] {processor.py:178} INFO - Processing /home/airflow/.local/lib/python3.7/site-packages/airflow/example_dags/example_branch_labels.py took 21.227 seconds
[2022-10-05T00:55:55.754+0000] {processor.py:156} INFO - Started process (PID=53) to work on /home/airflow/.local/lib/python3.7/site-packages/airflow/example_dags/example_branch_labels.py
[2022-10-05T00:55:55.762+0000] {processor.py:758} INFO - Processing file /home/airflow/.local/lib/python3.7/site-packages/airflow/example_dags/example_branch_labels.py for tasks to queue
[2022-10-05T00:55:55.764+0000] {logging_mixin.py:117} INFO - [2022-10-05T00:55:55.763+0000] {dagbag.py:525} INFO - Filling up the DagBag from /home/airflow/.local/lib/python3.7/site-packages/airflow/example_dags/example_branch_labels.py
[2022-10-05T00:55:56.013+0000] {processor.py:768} INFO - DAG(s) dict_keys(['example_branch_labels']) retrieved from /home/airflow/.local/lib/python3.7/site-packages/airflow/example_dags/example_branch_labels.py
[2022-10-05T00:55:57.695+0000] {logging_mixin.py:117} INFO - [2022-10-05T00:55:57.687+0000] {dag.py:2573} INFO - Sync 1 DAGs
[2022-10-05T00:55:57.881+0000] {logging_mixin.py:117} INFO - [2022-10-05T00:55:57.881+0000] {dag.py:3328} INFO - Setting next_dagrun for example_branch_labels to 2022-10-04T00:00:00+00:00, run_after=2022-10-05T00:00:00+00:00
[2022-10-05T00:55:59.608+0000] {processor.py:178} INFO - Processing /home/airflow/.local/lib/python3.7/site-packages/airflow/example_dags/example_branch_labels.py took 3.881 seconds
[2022-10-05T00:58:08.323+0000] {processor.py:156} INFO - Started process (PID=51) to work on /home/airflow/.local/lib/python3.7/site-packages/airflow/example_dags/example_branch_labels.py
[2022-10-05T00:58:08.342+0000] {processor.py:758} INFO - Processing file /home/airflow/.local/lib/python3.7/site-packages/airflow/example_dags/example_branch_labels.py for tasks to queue
[2022-10-05T00:58:08.345+0000] {logging_mixin.py:117} INFO - [2022-10-05T00:58:08.345+0000] {dagbag.py:525} INFO - Filling up the DagBag from /home/airflow/.local/lib/python3.7/site-packages/airflow/example_dags/example_branch_labels.py
[2022-10-05T00:58:08.617+0000] {processor.py:768} INFO - DAG(s) dict_keys(['example_branch_labels']) retrieved from /home/airflow/.local/lib/python3.7/site-packages/airflow/example_dags/example_branch_labels.py
[2022-10-05T00:58:12.581+0000] {logging_mixin.py:117} INFO - [2022-10-05T00:58:12.581+0000] {dag.py:2573} INFO - Sync 1 DAGs
[2022-10-05T00:58:14.698+0000] {logging_mixin.py:117} INFO - [2022-10-05T00:58:14.698+0000] {dag.py:3328} INFO - Setting next_dagrun for example_branch_labels to 2022-10-04T00:00:00+00:00, run_after=2022-10-05T00:00:00+00:00
[2022-10-05T00:58:15.982+0000] {processor.py:178} INFO - Processing /home/airflow/.local/lib/python3.7/site-packages/airflow/example_dags/example_branch_labels.py took 7.708 seconds
[2022-10-05T01:00:30.035+0000] {processor.py:156} INFO - Started process (PID=53) to work on /home/airflow/.local/lib/python3.7/site-packages/airflow/example_dags/example_branch_labels.py
[2022-10-05T01:00:30.040+0000] {processor.py:758} INFO - Processing file /home/airflow/.local/lib/python3.7/site-packages/airflow/example_dags/example_branch_labels.py for tasks to queue
[2022-10-05T01:00:30.054+0000] {logging_mixin.py:117} INFO - [2022-10-05T01:00:30.054+0000] {dagbag.py:525} INFO - Filling up the DagBag from /home/airflow/.local/lib/python3.7/site-packages/airflow/example_dags/example_branch_labels.py
[2022-10-05T01:00:30.152+0000] {processor.py:768} INFO - DAG(s) dict_keys(['example_branch_labels']) retrieved from /home/airflow/.local/lib/python3.7/site-packages/airflow/example_dags/example_branch_labels.py
[2022-10-05T01:00:30.598+0000] {logging_mixin.py:117} INFO - [2022-10-05T01:00:30.597+0000] {dag.py:2573} INFO - Sync 1 DAGs
[2022-10-05T01:00:30.646+0000] {logging_mixin.py:117} INFO - [2022-10-05T01:00:30.646+0000] {dag.py:3328} INFO - Setting next_dagrun for example_branch_labels to 2022-10-04T00:00:00+00:00, run_after=2022-10-05T00:00:00+00:00
[2022-10-05T01:00:30.689+0000] {processor.py:178} INFO - Processing /home/airflow/.local/lib/python3.7/site-packages/airflow/example_dags/example_branch_labels.py took 0.673 seconds
[2022-10-05T01:02:12.006+0000] {processor.py:156} INFO - Started process (PID=127) to work on /home/airflow/.local/lib/python3.7/site-packages/airflow/example_dags/example_branch_labels.py
[2022-10-05T01:02:12.012+0000] {processor.py:758} INFO - Processing file /home/airflow/.local/lib/python3.7/site-packages/airflow/example_dags/example_branch_labels.py for tasks to queue
[2022-10-05T01:02:12.014+0000] {logging_mixin.py:117} INFO - [2022-10-05T01:02:12.014+0000] {dagbag.py:525} INFO - Filling up the DagBag from /home/airflow/.local/lib/python3.7/site-packages/airflow/example_dags/example_branch_labels.py
[2022-10-05T01:02:12.826+0000] {processor.py:768} INFO - DAG(s) dict_keys(['example_branch_labels']) retrieved from /home/airflow/.local/lib/python3.7/site-packages/airflow/example_dags/example_branch_labels.py
[2022-10-05T01:02:13.174+0000] {logging_mixin.py:117} INFO - [2022-10-05T01:02:13.173+0000] {dag.py:2573} INFO - Sync 1 DAGs
[2022-10-05T01:02:13.396+0000] {logging_mixin.py:117} INFO - [2022-10-05T01:02:13.392+0000] {dag.py:3328} INFO - Setting next_dagrun for example_branch_labels to 2022-10-04T00:00:00+00:00, run_after=2022-10-05T00:00:00+00:00
[2022-10-05T01:02:14.191+0000] {processor.py:178} INFO - Processing /home/airflow/.local/lib/python3.7/site-packages/airflow/example_dags/example_branch_labels.py took 2.199 seconds
[2022-10-05T01:03:49.791+0000] {processor.py:156} INFO - Started process (PID=52) to work on /home/airflow/.local/lib/python3.7/site-packages/airflow/example_dags/example_branch_labels.py
[2022-10-05T01:03:49.793+0000] {processor.py:758} INFO - Processing file /home/airflow/.local/lib/python3.7/site-packages/airflow/example_dags/example_branch_labels.py for tasks to queue
[2022-10-05T01:03:49.795+0000] {logging_mixin.py:117} INFO - [2022-10-05T01:03:49.794+0000] {dagbag.py:525} INFO - Filling up the DagBag from /home/airflow/.local/lib/python3.7/site-packages/airflow/example_dags/example_branch_labels.py
[2022-10-05T01:03:49.913+0000] {processor.py:768} INFO - DAG(s) dict_keys(['example_branch_labels']) retrieved from /home/airflow/.local/lib/python3.7/site-packages/airflow/example_dags/example_branch_labels.py
[2022-10-05T01:03:51.734+0000] {logging_mixin.py:117} INFO - [2022-10-05T01:03:51.733+0000] {dag.py:2573} INFO - Sync 1 DAGs
[2022-10-05T01:03:51.796+0000] {logging_mixin.py:117} INFO - [2022-10-05T01:03:51.795+0000] {dag.py:3328} INFO - Setting next_dagrun for example_branch_labels to 2022-10-04T00:00:00+00:00, run_after=2022-10-05T00:00:00+00:00
[2022-10-05T01:04:02.464+0000] {processor.py:178} INFO - Processing /home/airflow/.local/lib/python3.7/site-packages/airflow/example_dags/example_branch_labels.py took 12.669 seconds
[2022-10-05T01:06:04.202+0000] {processor.py:156} INFO - Started process (PID=52) to work on /home/airflow/.local/lib/python3.7/site-packages/airflow/example_dags/example_branch_labels.py
[2022-10-05T01:06:04.209+0000] {processor.py:758} INFO - Processing file /home/airflow/.local/lib/python3.7/site-packages/airflow/example_dags/example_branch_labels.py for tasks to queue
[2022-10-05T01:06:04.212+0000] {logging_mixin.py:117} INFO - [2022-10-05T01:06:04.212+0000] {dagbag.py:525} INFO - Filling up the DagBag from /home/airflow/.local/lib/python3.7/site-packages/airflow/example_dags/example_branch_labels.py
[2022-10-05T01:06:04.349+0000] {processor.py:768} INFO - DAG(s) dict_keys(['example_branch_labels']) retrieved from /home/airflow/.local/lib/python3.7/site-packages/airflow/example_dags/example_branch_labels.py
[2022-10-05T01:06:06.019+0000] {logging_mixin.py:117} INFO - [2022-10-05T01:06:05.985+0000] {dag.py:2573} INFO - Sync 1 DAGs
[2022-10-05T01:06:06.271+0000] {logging_mixin.py:117} INFO - [2022-10-05T01:06:06.267+0000] {dag.py:3328} INFO - Setting next_dagrun for example_branch_labels to 2022-10-04T00:00:00+00:00, run_after=2022-10-05T00:00:00+00:00
[2022-10-05T01:06:07.671+0000] {processor.py:178} INFO - Processing /home/airflow/.local/lib/python3.7/site-packages/airflow/example_dags/example_branch_labels.py took 3.485 seconds
[2022-10-05T01:08:33.873+0000] {processor.py:156} INFO - Started process (PID=54) to work on /home/airflow/.local/lib/python3.7/site-packages/airflow/example_dags/example_branch_labels.py
[2022-10-05T01:08:33.883+0000] {processor.py:758} INFO - Processing file /home/airflow/.local/lib/python3.7/site-packages/airflow/example_dags/example_branch_labels.py for tasks to queue
[2022-10-05T01:08:33.917+0000] {logging_mixin.py:117} INFO - [2022-10-05T01:08:33.907+0000] {dagbag.py:525} INFO - Filling up the DagBag from /home/airflow/.local/lib/python3.7/site-packages/airflow/example_dags/example_branch_labels.py
[2022-10-05T01:08:34.286+0000] {processor.py:768} INFO - DAG(s) dict_keys(['example_branch_labels']) retrieved from /home/airflow/.local/lib/python3.7/site-packages/airflow/example_dags/example_branch_labels.py
[2022-10-05T01:08:36.706+0000] {logging_mixin.py:117} INFO - [2022-10-05T01:08:36.701+0000] {dag.py:2573} INFO - Sync 1 DAGs
[2022-10-05T01:08:37.909+0000] {logging_mixin.py:117} INFO - [2022-10-05T01:08:37.906+0000] {dag.py:3328} INFO - Setting next_dagrun for example_branch_labels to 2022-10-04T00:00:00+00:00, run_after=2022-10-05T00:00:00+00:00
[2022-10-05T01:08:42.230+0000] {processor.py:178} INFO - Processing /home/airflow/.local/lib/python3.7/site-packages/airflow/example_dags/example_branch_labels.py took 8.413 seconds
[2022-10-05T01:11:25.398+0000] {processor.py:156} INFO - Started process (PID=43) to work on /home/airflow/.local/lib/python3.7/site-packages/airflow/example_dags/example_branch_labels.py
[2022-10-05T01:11:25.401+0000] {processor.py:758} INFO - Processing file /home/airflow/.local/lib/python3.7/site-packages/airflow/example_dags/example_branch_labels.py for tasks to queue
[2022-10-05T01:11:25.403+0000] {logging_mixin.py:117} INFO - [2022-10-05T01:11:25.403+0000] {dagbag.py:525} INFO - Filling up the DagBag from /home/airflow/.local/lib/python3.7/site-packages/airflow/example_dags/example_branch_labels.py
[2022-10-05T01:11:25.496+0000] {processor.py:768} INFO - DAG(s) dict_keys(['example_branch_labels']) retrieved from /home/airflow/.local/lib/python3.7/site-packages/airflow/example_dags/example_branch_labels.py
[2022-10-05T01:11:27.568+0000] {logging_mixin.py:117} INFO - [2022-10-05T01:11:27.568+0000] {dag.py:2573} INFO - Sync 1 DAGs
[2022-10-05T01:11:27.672+0000] {logging_mixin.py:117} INFO - [2022-10-05T01:11:27.671+0000] {dag.py:3328} INFO - Setting next_dagrun for example_branch_labels to 2022-10-04T00:00:00+00:00, run_after=2022-10-05T00:00:00+00:00
[2022-10-05T01:14:30.717+0000] {processor.py:156} INFO - Started process (PID=126) to work on /home/airflow/.local/lib/python3.7/site-packages/airflow/example_dags/example_branch_labels.py
[2022-10-05T01:14:30.718+0000] {processor.py:758} INFO - Processing file /home/airflow/.local/lib/python3.7/site-packages/airflow/example_dags/example_branch_labels.py for tasks to queue
[2022-10-05T01:14:30.719+0000] {logging_mixin.py:117} INFO - [2022-10-05T01:14:30.719+0000] {dagbag.py:525} INFO - Filling up the DagBag from /home/airflow/.local/lib/python3.7/site-packages/airflow/example_dags/example_branch_labels.py
[2022-10-05T01:14:30.755+0000] {processor.py:768} INFO - DAG(s) dict_keys(['example_branch_labels']) retrieved from /home/airflow/.local/lib/python3.7/site-packages/airflow/example_dags/example_branch_labels.py
[2022-10-05T01:14:30.837+0000] {logging_mixin.py:117} INFO - [2022-10-05T01:14:30.836+0000] {dag.py:2573} INFO - Sync 1 DAGs
[2022-10-05T01:14:30.878+0000] {logging_mixin.py:117} INFO - [2022-10-05T01:14:30.878+0000] {dag.py:3328} INFO - Setting next_dagrun for example_branch_labels to 2022-10-04T00:00:00+00:00, run_after=2022-10-05T00:00:00+00:00
[2022-10-05T01:14:30.933+0000] {processor.py:178} INFO - Processing /home/airflow/.local/lib/python3.7/site-packages/airflow/example_dags/example_branch_labels.py took 0.221 seconds
[2022-10-05T01:16:30.411+0000] {processor.py:156} INFO - Started process (PID=45) to work on /home/airflow/.local/lib/python3.7/site-packages/airflow/example_dags/example_branch_labels.py
[2022-10-05T01:16:30.416+0000] {processor.py:758} INFO - Processing file /home/airflow/.local/lib/python3.7/site-packages/airflow/example_dags/example_branch_labels.py for tasks to queue
[2022-10-05T01:16:30.419+0000] {logging_mixin.py:117} INFO - [2022-10-05T01:16:30.417+0000] {dagbag.py:525} INFO - Filling up the DagBag from /home/airflow/.local/lib/python3.7/site-packages/airflow/example_dags/example_branch_labels.py
[2022-10-05T01:16:30.499+0000] {processor.py:768} INFO - DAG(s) dict_keys(['example_branch_labels']) retrieved from /home/airflow/.local/lib/python3.7/site-packages/airflow/example_dags/example_branch_labels.py
[2022-10-05T01:16:33.461+0000] {logging_mixin.py:117} INFO - [2022-10-05T01:16:33.461+0000] {dag.py:2573} INFO - Sync 1 DAGs
[2022-10-05T01:16:33.549+0000] {logging_mixin.py:117} INFO - [2022-10-05T01:16:33.549+0000] {dag.py:3328} INFO - Setting next_dagrun for example_branch_labels to 2022-10-04T00:00:00+00:00, run_after=2022-10-05T00:00:00+00:00
[2022-10-05T01:17:01.323+0000] {processor.py:178} INFO - Processing /home/airflow/.local/lib/python3.7/site-packages/airflow/example_dags/example_branch_labels.py took 30.922 seconds
