[2022-10-05T00:01:05.347+0000] {processor.py:156} INFO - Started process (PID=86) to work on /home/airflow/.local/lib/python3.7/site-packages/airflow/example_dags/example_subdag_operator.py
[2022-10-05T00:01:05.349+0000] {processor.py:758} INFO - Processing file /home/airflow/.local/lib/python3.7/site-packages/airflow/example_dags/example_subdag_operator.py for tasks to queue
[2022-10-05T00:01:05.355+0000] {logging_mixin.py:117} INFO - [2022-10-05T00:01:05.354+0000] {dagbag.py:525} INFO - Filling up the DagBag from /home/airflow/.local/lib/python3.7/site-packages/airflow/example_dags/example_subdag_operator.py
[2022-10-05T00:01:05.532+0000] {processor.py:768} INFO - DAG(s) dict_keys(['example_subdag_operator.section-1', 'example_subdag_operator.section-2', 'example_subdag_operator']) retrieved from /home/airflow/.local/lib/python3.7/site-packages/airflow/example_dags/example_subdag_operator.py
[2022-10-05T00:01:07.412+0000] {logging_mixin.py:117} INFO - [2022-10-05T00:01:07.412+0000] {dag.py:2573} INFO - Sync 3 DAGs
[2022-10-05T00:01:07.620+0000] {logging_mixin.py:117} INFO - [2022-10-05T00:01:07.619+0000] {dag.py:3328} INFO - Setting next_dagrun for example_subdag_operator to 2022-01-01T00:00:00+00:00, run_after=2022-01-01T00:00:00+00:00
[2022-10-05T00:01:07.652+0000] {logging_mixin.py:117} INFO - [2022-10-05T00:01:07.652+0000] {dag.py:3328} INFO - Setting next_dagrun for example_subdag_operator.section-1 to None, run_after=None
[2022-10-05T00:01:07.667+0000] {logging_mixin.py:117} INFO - [2022-10-05T00:01:07.666+0000] {dag.py:3328} INFO - Setting next_dagrun for example_subdag_operator.section-2 to None, run_after=None
[2022-10-05T00:01:07.734+0000] {logging_mixin.py:117} INFO - [2022-10-05T00:01:07.734+0000] {dag.py:2573} INFO - Sync 2 DAGs
[2022-10-05T00:01:07.773+0000] {logging_mixin.py:117} INFO - [2022-10-05T00:01:07.773+0000] {dag.py:3328} INFO - Setting next_dagrun for example_subdag_operator.section-1 to None, run_after=None
[2022-10-05T00:01:07.775+0000] {logging_mixin.py:117} INFO - [2022-10-05T00:01:07.774+0000] {dag.py:3328} INFO - Setting next_dagrun for example_subdag_operator.section-2 to None, run_after=None
[2022-10-05T00:01:07.909+0000] {processor.py:178} INFO - Processing /home/airflow/.local/lib/python3.7/site-packages/airflow/example_dags/example_subdag_operator.py took 2.575 seconds
[2022-10-05T00:03:29.271+0000] {processor.py:156} INFO - Started process (PID=96) to work on /home/airflow/.local/lib/python3.7/site-packages/airflow/example_dags/example_subdag_operator.py
[2022-10-05T00:03:29.273+0000] {processor.py:758} INFO - Processing file /home/airflow/.local/lib/python3.7/site-packages/airflow/example_dags/example_subdag_operator.py for tasks to queue
[2022-10-05T00:03:29.274+0000] {logging_mixin.py:117} INFO - [2022-10-05T00:03:29.274+0000] {dagbag.py:525} INFO - Filling up the DagBag from /home/airflow/.local/lib/python3.7/site-packages/airflow/example_dags/example_subdag_operator.py
[2022-10-05T00:03:29.632+0000] {processor.py:768} INFO - DAG(s) dict_keys(['example_subdag_operator.section-1', 'example_subdag_operator.section-2', 'example_subdag_operator']) retrieved from /home/airflow/.local/lib/python3.7/site-packages/airflow/example_dags/example_subdag_operator.py
[2022-10-05T00:05:08.867+0000] {processor.py:156} INFO - Started process (PID=85) to work on /home/airflow/.local/lib/python3.7/site-packages/airflow/example_dags/example_subdag_operator.py
[2022-10-05T00:05:08.881+0000] {processor.py:758} INFO - Processing file /home/airflow/.local/lib/python3.7/site-packages/airflow/example_dags/example_subdag_operator.py for tasks to queue
[2022-10-05T00:05:08.883+0000] {logging_mixin.py:117} INFO - [2022-10-05T00:05:08.883+0000] {dagbag.py:525} INFO - Filling up the DagBag from /home/airflow/.local/lib/python3.7/site-packages/airflow/example_dags/example_subdag_operator.py
[2022-10-05T00:05:09.157+0000] {processor.py:768} INFO - DAG(s) dict_keys(['example_subdag_operator.section-1', 'example_subdag_operator.section-2', 'example_subdag_operator']) retrieved from /home/airflow/.local/lib/python3.7/site-packages/airflow/example_dags/example_subdag_operator.py
[2022-10-05T00:05:15.410+0000] {logging_mixin.py:117} INFO - [2022-10-05T00:05:15.409+0000] {dag.py:2573} INFO - Sync 3 DAGs
[2022-10-05T00:05:15.623+0000] {logging_mixin.py:117} INFO - [2022-10-05T00:05:15.623+0000] {dag.py:3328} INFO - Setting next_dagrun for example_subdag_operator to 2022-01-01T00:00:00+00:00, run_after=2022-01-01T00:00:00+00:00
[2022-10-05T00:05:15.635+0000] {logging_mixin.py:117} INFO - [2022-10-05T00:05:15.635+0000] {dag.py:3328} INFO - Setting next_dagrun for example_subdag_operator.section-1 to None, run_after=None
[2022-10-05T00:05:15.649+0000] {logging_mixin.py:117} INFO - [2022-10-05T00:05:15.648+0000] {dag.py:3328} INFO - Setting next_dagrun for example_subdag_operator.section-2 to None, run_after=None
[2022-10-05T00:05:15.710+0000] {logging_mixin.py:117} INFO - [2022-10-05T00:05:15.710+0000] {dag.py:2573} INFO - Sync 2 DAGs
[2022-10-05T00:05:15.752+0000] {logging_mixin.py:117} INFO - [2022-10-05T00:05:15.751+0000] {dag.py:3328} INFO - Setting next_dagrun for example_subdag_operator.section-1 to None, run_after=None
[2022-10-05T00:05:15.770+0000] {logging_mixin.py:117} INFO - [2022-10-05T00:05:15.770+0000] {dag.py:3328} INFO - Setting next_dagrun for example_subdag_operator.section-2 to None, run_after=None
[2022-10-05T00:05:15.932+0000] {processor.py:178} INFO - Processing /home/airflow/.local/lib/python3.7/site-packages/airflow/example_dags/example_subdag_operator.py took 7.083 seconds
[2022-10-05T00:07:18.591+0000] {processor.py:156} INFO - Started process (PID=96) to work on /home/airflow/.local/lib/python3.7/site-packages/airflow/example_dags/example_subdag_operator.py
[2022-10-05T00:07:18.600+0000] {processor.py:758} INFO - Processing file /home/airflow/.local/lib/python3.7/site-packages/airflow/example_dags/example_subdag_operator.py for tasks to queue
[2022-10-05T00:07:18.601+0000] {logging_mixin.py:117} INFO - [2022-10-05T00:07:18.601+0000] {dagbag.py:525} INFO - Filling up the DagBag from /home/airflow/.local/lib/python3.7/site-packages/airflow/example_dags/example_subdag_operator.py
[2022-10-05T00:07:18.836+0000] {processor.py:768} INFO - DAG(s) dict_keys(['example_subdag_operator.section-1', 'example_subdag_operator.section-2', 'example_subdag_operator']) retrieved from /home/airflow/.local/lib/python3.7/site-packages/airflow/example_dags/example_subdag_operator.py
[2022-10-05T00:07:20.003+0000] {logging_mixin.py:117} INFO - [2022-10-05T00:07:20.003+0000] {dag.py:2573} INFO - Sync 3 DAGs
[2022-10-05T00:07:20.037+0000] {logging_mixin.py:117} INFO - [2022-10-05T00:07:20.037+0000] {dag.py:3328} INFO - Setting next_dagrun for example_subdag_operator to 2022-01-01T00:00:00+00:00, run_after=2022-01-01T00:00:00+00:00
[2022-10-05T00:07:20.042+0000] {logging_mixin.py:117} INFO - [2022-10-05T00:07:20.041+0000] {dag.py:3328} INFO - Setting next_dagrun for example_subdag_operator.section-1 to None, run_after=None
[2022-10-05T00:07:20.043+0000] {logging_mixin.py:117} INFO - [2022-10-05T00:07:20.043+0000] {dag.py:3328} INFO - Setting next_dagrun for example_subdag_operator.section-2 to None, run_after=None
[2022-10-05T00:07:20.054+0000] {logging_mixin.py:117} INFO - [2022-10-05T00:07:20.054+0000] {dag.py:2573} INFO - Sync 2 DAGs
[2022-10-05T00:07:20.063+0000] {logging_mixin.py:117} INFO - [2022-10-05T00:07:20.063+0000] {dag.py:3328} INFO - Setting next_dagrun for example_subdag_operator.section-1 to None, run_after=None
[2022-10-05T00:07:20.063+0000] {logging_mixin.py:117} INFO - [2022-10-05T00:07:20.063+0000] {dag.py:3328} INFO - Setting next_dagrun for example_subdag_operator.section-2 to None, run_after=None
[2022-10-05T00:07:21.503+0000] {processor.py:178} INFO - Processing /home/airflow/.local/lib/python3.7/site-packages/airflow/example_dags/example_subdag_operator.py took 2.931 seconds
[2022-10-05T00:09:01.364+0000] {processor.py:156} INFO - Started process (PID=86) to work on /home/airflow/.local/lib/python3.7/site-packages/airflow/example_dags/example_subdag_operator.py
[2022-10-05T00:09:01.365+0000] {processor.py:758} INFO - Processing file /home/airflow/.local/lib/python3.7/site-packages/airflow/example_dags/example_subdag_operator.py for tasks to queue
[2022-10-05T00:09:01.366+0000] {logging_mixin.py:117} INFO - [2022-10-05T00:09:01.366+0000] {dagbag.py:525} INFO - Filling up the DagBag from /home/airflow/.local/lib/python3.7/site-packages/airflow/example_dags/example_subdag_operator.py
[2022-10-05T00:09:01.452+0000] {processor.py:768} INFO - DAG(s) dict_keys(['example_subdag_operator.section-1', 'example_subdag_operator.section-2', 'example_subdag_operator']) retrieved from /home/airflow/.local/lib/python3.7/site-packages/airflow/example_dags/example_subdag_operator.py
[2022-10-05T00:09:02.151+0000] {logging_mixin.py:117} INFO - [2022-10-05T00:09:02.151+0000] {dag.py:2573} INFO - Sync 3 DAGs
[2022-10-05T00:09:02.198+0000] {logging_mixin.py:117} INFO - [2022-10-05T00:09:02.198+0000] {dag.py:3328} INFO - Setting next_dagrun for example_subdag_operator to 2022-01-01T00:00:00+00:00, run_after=2022-01-01T00:00:00+00:00
[2022-10-05T00:09:02.203+0000] {logging_mixin.py:117} INFO - [2022-10-05T00:09:02.203+0000] {dag.py:3328} INFO - Setting next_dagrun for example_subdag_operator.section-1 to None, run_after=None
[2022-10-05T00:09:02.210+0000] {logging_mixin.py:117} INFO - [2022-10-05T00:09:02.209+0000] {dag.py:3328} INFO - Setting next_dagrun for example_subdag_operator.section-2 to None, run_after=None
[2022-10-05T00:09:02.219+0000] {logging_mixin.py:117} INFO - [2022-10-05T00:09:02.219+0000] {dag.py:2573} INFO - Sync 2 DAGs
[2022-10-05T00:09:02.226+0000] {logging_mixin.py:117} INFO - [2022-10-05T00:09:02.226+0000] {dag.py:3328} INFO - Setting next_dagrun for example_subdag_operator.section-1 to None, run_after=None
[2022-10-05T00:09:02.227+0000] {logging_mixin.py:117} INFO - [2022-10-05T00:09:02.227+0000] {dag.py:3328} INFO - Setting next_dagrun for example_subdag_operator.section-2 to None, run_after=None
[2022-10-05T00:09:02.341+0000] {processor.py:178} INFO - Processing /home/airflow/.local/lib/python3.7/site-packages/airflow/example_dags/example_subdag_operator.py took 0.989 seconds
[2022-10-05T00:11:30.668+0000] {processor.py:156} INFO - Started process (PID=110) to work on /home/airflow/.local/lib/python3.7/site-packages/airflow/example_dags/example_subdag_operator.py
[2022-10-05T00:11:30.681+0000] {processor.py:758} INFO - Processing file /home/airflow/.local/lib/python3.7/site-packages/airflow/example_dags/example_subdag_operator.py for tasks to queue
[2022-10-05T00:11:30.685+0000] {logging_mixin.py:117} INFO - [2022-10-05T00:11:30.685+0000] {dagbag.py:525} INFO - Filling up the DagBag from /home/airflow/.local/lib/python3.7/site-packages/airflow/example_dags/example_subdag_operator.py
[2022-10-05T00:13:39.121+0000] {processor.py:156} INFO - Started process (PID=103) to work on /home/airflow/.local/lib/python3.7/site-packages/airflow/example_dags/example_subdag_operator.py
[2022-10-05T00:13:39.127+0000] {processor.py:758} INFO - Processing file /home/airflow/.local/lib/python3.7/site-packages/airflow/example_dags/example_subdag_operator.py for tasks to queue
[2022-10-05T00:13:39.133+0000] {logging_mixin.py:117} INFO - [2022-10-05T00:13:39.132+0000] {dagbag.py:525} INFO - Filling up the DagBag from /home/airflow/.local/lib/python3.7/site-packages/airflow/example_dags/example_subdag_operator.py
[2022-10-05T00:13:40.492+0000] {processor.py:768} INFO - DAG(s) dict_keys(['example_subdag_operator.section-1', 'example_subdag_operator.section-2', 'example_subdag_operator']) retrieved from /home/airflow/.local/lib/python3.7/site-packages/airflow/example_dags/example_subdag_operator.py
[2022-10-05T00:13:43.037+0000] {logging_mixin.py:117} INFO - [2022-10-05T00:13:43.037+0000] {dag.py:2573} INFO - Sync 3 DAGs
[2022-10-05T00:13:43.132+0000] {logging_mixin.py:117} INFO - [2022-10-05T00:13:43.132+0000] {dag.py:3328} INFO - Setting next_dagrun for example_subdag_operator to 2022-01-01T00:00:00+00:00, run_after=2022-01-01T00:00:00+00:00
[2022-10-05T00:13:43.147+0000] {logging_mixin.py:117} INFO - [2022-10-05T00:13:43.147+0000] {dag.py:3328} INFO - Setting next_dagrun for example_subdag_operator.section-1 to None, run_after=None
[2022-10-05T00:13:43.154+0000] {logging_mixin.py:117} INFO - [2022-10-05T00:13:43.153+0000] {dag.py:3328} INFO - Setting next_dagrun for example_subdag_operator.section-2 to None, run_after=None
[2022-10-05T00:13:43.182+0000] {logging_mixin.py:117} INFO - [2022-10-05T00:13:43.182+0000] {dag.py:2573} INFO - Sync 2 DAGs
[2022-10-05T00:13:43.207+0000] {logging_mixin.py:117} INFO - [2022-10-05T00:13:43.206+0000] {dag.py:3328} INFO - Setting next_dagrun for example_subdag_operator.section-1 to None, run_after=None
[2022-10-05T00:13:43.208+0000] {logging_mixin.py:117} INFO - [2022-10-05T00:13:43.208+0000] {dag.py:3328} INFO - Setting next_dagrun for example_subdag_operator.section-2 to None, run_after=None
[2022-10-05T00:13:43.355+0000] {processor.py:178} INFO - Processing /home/airflow/.local/lib/python3.7/site-packages/airflow/example_dags/example_subdag_operator.py took 4.267 seconds
[2022-10-05T00:16:09.186+0000] {processor.py:156} INFO - Started process (PID=104) to work on /home/airflow/.local/lib/python3.7/site-packages/airflow/example_dags/example_subdag_operator.py
[2022-10-05T00:16:09.192+0000] {processor.py:758} INFO - Processing file /home/airflow/.local/lib/python3.7/site-packages/airflow/example_dags/example_subdag_operator.py for tasks to queue
[2022-10-05T00:16:09.203+0000] {logging_mixin.py:117} INFO - [2022-10-05T00:16:09.202+0000] {dagbag.py:525} INFO - Filling up the DagBag from /home/airflow/.local/lib/python3.7/site-packages/airflow/example_dags/example_subdag_operator.py
[2022-10-05T00:16:09.925+0000] {processor.py:768} INFO - DAG(s) dict_keys(['example_subdag_operator.section-1', 'example_subdag_operator.section-2', 'example_subdag_operator']) retrieved from /home/airflow/.local/lib/python3.7/site-packages/airflow/example_dags/example_subdag_operator.py
[2022-10-05T00:16:11.737+0000] {logging_mixin.py:117} INFO - [2022-10-05T00:16:11.737+0000] {dag.py:2573} INFO - Sync 3 DAGs
[2022-10-05T00:16:11.860+0000] {logging_mixin.py:117} INFO - [2022-10-05T00:16:11.860+0000] {dag.py:3328} INFO - Setting next_dagrun for example_subdag_operator to 2022-01-01T00:00:00+00:00, run_after=2022-01-01T00:00:00+00:00
[2022-10-05T00:16:11.887+0000] {logging_mixin.py:117} INFO - [2022-10-05T00:16:11.887+0000] {dag.py:3328} INFO - Setting next_dagrun for example_subdag_operator.section-1 to None, run_after=None
[2022-10-05T00:16:11.897+0000] {logging_mixin.py:117} INFO - [2022-10-05T00:16:11.897+0000] {dag.py:3328} INFO - Setting next_dagrun for example_subdag_operator.section-2 to None, run_after=None
[2022-10-05T00:16:11.961+0000] {logging_mixin.py:117} INFO - [2022-10-05T00:16:11.961+0000] {dag.py:2573} INFO - Sync 2 DAGs
[2022-10-05T00:16:11.999+0000] {logging_mixin.py:117} INFO - [2022-10-05T00:16:11.999+0000] {dag.py:3328} INFO - Setting next_dagrun for example_subdag_operator.section-1 to None, run_after=None
[2022-10-05T00:16:12.002+0000] {logging_mixin.py:117} INFO - [2022-10-05T00:16:12.001+0000] {dag.py:3328} INFO - Setting next_dagrun for example_subdag_operator.section-2 to None, run_after=None
[2022-10-05T00:16:12.137+0000] {processor.py:178} INFO - Processing /home/airflow/.local/lib/python3.7/site-packages/airflow/example_dags/example_subdag_operator.py took 2.974 seconds
[2022-10-05T00:18:04.414+0000] {processor.py:156} INFO - Started process (PID=105) to work on /home/airflow/.local/lib/python3.7/site-packages/airflow/example_dags/example_subdag_operator.py
[2022-10-05T00:18:04.421+0000] {processor.py:758} INFO - Processing file /home/airflow/.local/lib/python3.7/site-packages/airflow/example_dags/example_subdag_operator.py for tasks to queue
[2022-10-05T00:18:04.431+0000] {logging_mixin.py:117} INFO - [2022-10-05T00:18:04.430+0000] {dagbag.py:525} INFO - Filling up the DagBag from /home/airflow/.local/lib/python3.7/site-packages/airflow/example_dags/example_subdag_operator.py
[2022-10-05T00:18:04.931+0000] {processor.py:768} INFO - DAG(s) dict_keys(['example_subdag_operator.section-1', 'example_subdag_operator.section-2', 'example_subdag_operator']) retrieved from /home/airflow/.local/lib/python3.7/site-packages/airflow/example_dags/example_subdag_operator.py
[2022-10-05T00:18:07.631+0000] {logging_mixin.py:117} INFO - [2022-10-05T00:18:07.631+0000] {dag.py:2573} INFO - Sync 3 DAGs
[2022-10-05T00:18:07.751+0000] {logging_mixin.py:117} INFO - [2022-10-05T00:18:07.751+0000] {dag.py:3328} INFO - Setting next_dagrun for example_subdag_operator to 2022-01-01T00:00:00+00:00, run_after=2022-01-01T00:00:00+00:00
[2022-10-05T00:18:07.759+0000] {logging_mixin.py:117} INFO - [2022-10-05T00:18:07.759+0000] {dag.py:3328} INFO - Setting next_dagrun for example_subdag_operator.section-1 to None, run_after=None
[2022-10-05T00:18:07.762+0000] {logging_mixin.py:117} INFO - [2022-10-05T00:18:07.762+0000] {dag.py:3328} INFO - Setting next_dagrun for example_subdag_operator.section-2 to None, run_after=None
[2022-10-05T00:18:07.779+0000] {logging_mixin.py:117} INFO - [2022-10-05T00:18:07.779+0000] {dag.py:2573} INFO - Sync 2 DAGs
[2022-10-05T00:18:07.797+0000] {logging_mixin.py:117} INFO - [2022-10-05T00:18:07.797+0000] {dag.py:3328} INFO - Setting next_dagrun for example_subdag_operator.section-1 to None, run_after=None
[2022-10-05T00:18:07.798+0000] {logging_mixin.py:117} INFO - [2022-10-05T00:18:07.798+0000] {dag.py:3328} INFO - Setting next_dagrun for example_subdag_operator.section-2 to None, run_after=None
[2022-10-05T00:18:08.121+0000] {processor.py:178} INFO - Processing /home/airflow/.local/lib/python3.7/site-packages/airflow/example_dags/example_subdag_operator.py took 3.743 seconds
[2022-10-05T00:19:59.629+0000] {processor.py:156} INFO - Started process (PID=101) to work on /home/airflow/.local/lib/python3.7/site-packages/airflow/example_dags/example_subdag_operator.py
[2022-10-05T00:19:59.639+0000] {processor.py:758} INFO - Processing file /home/airflow/.local/lib/python3.7/site-packages/airflow/example_dags/example_subdag_operator.py for tasks to queue
[2022-10-05T00:19:59.646+0000] {logging_mixin.py:117} INFO - [2022-10-05T00:19:59.645+0000] {dagbag.py:525} INFO - Filling up the DagBag from /home/airflow/.local/lib/python3.7/site-packages/airflow/example_dags/example_subdag_operator.py
[2022-10-05T00:19:59.967+0000] {processor.py:768} INFO - DAG(s) dict_keys(['example_subdag_operator.section-1', 'example_subdag_operator.section-2', 'example_subdag_operator']) retrieved from /home/airflow/.local/lib/python3.7/site-packages/airflow/example_dags/example_subdag_operator.py
[2022-10-05T00:20:03.781+0000] {logging_mixin.py:117} INFO - [2022-10-05T00:20:03.781+0000] {dag.py:2573} INFO - Sync 3 DAGs
[2022-10-05T00:20:03.906+0000] {logging_mixin.py:117} INFO - [2022-10-05T00:20:03.906+0000] {dag.py:3328} INFO - Setting next_dagrun for example_subdag_operator to 2022-01-01T00:00:00+00:00, run_after=2022-01-01T00:00:00+00:00
[2022-10-05T00:20:03.919+0000] {logging_mixin.py:117} INFO - [2022-10-05T00:20:03.919+0000] {dag.py:3328} INFO - Setting next_dagrun for example_subdag_operator.section-1 to None, run_after=None
[2022-10-05T00:20:03.922+0000] {logging_mixin.py:117} INFO - [2022-10-05T00:20:03.922+0000] {dag.py:3328} INFO - Setting next_dagrun for example_subdag_operator.section-2 to None, run_after=None
[2022-10-05T00:20:04.132+0000] {logging_mixin.py:117} INFO - [2022-10-05T00:20:04.080+0000] {dag.py:2573} INFO - Sync 2 DAGs
[2022-10-05T00:20:04.301+0000] {logging_mixin.py:117} INFO - [2022-10-05T00:20:04.253+0000] {dag.py:3328} INFO - Setting next_dagrun for example_subdag_operator.section-1 to None, run_after=None
[2022-10-05T00:20:04.310+0000] {logging_mixin.py:117} INFO - [2022-10-05T00:20:04.310+0000] {dag.py:3328} INFO - Setting next_dagrun for example_subdag_operator.section-2 to None, run_after=None
[2022-10-05T00:21:50.058+0000] {processor.py:156} INFO - Started process (PID=102) to work on /home/airflow/.local/lib/python3.7/site-packages/airflow/example_dags/example_subdag_operator.py
[2022-10-05T00:21:50.073+0000] {processor.py:758} INFO - Processing file /home/airflow/.local/lib/python3.7/site-packages/airflow/example_dags/example_subdag_operator.py for tasks to queue
[2022-10-05T00:21:50.094+0000] {logging_mixin.py:117} INFO - [2022-10-05T00:21:50.094+0000] {dagbag.py:525} INFO - Filling up the DagBag from /home/airflow/.local/lib/python3.7/site-packages/airflow/example_dags/example_subdag_operator.py
[2022-10-05T00:21:50.655+0000] {processor.py:768} INFO - DAG(s) dict_keys(['example_subdag_operator.section-1', 'example_subdag_operator.section-2', 'example_subdag_operator']) retrieved from /home/airflow/.local/lib/python3.7/site-packages/airflow/example_dags/example_subdag_operator.py
[2022-10-05T00:21:54.368+0000] {logging_mixin.py:117} INFO - [2022-10-05T00:21:54.368+0000] {dag.py:2573} INFO - Sync 3 DAGs
[2022-10-05T00:21:54.521+0000] {logging_mixin.py:117} INFO - [2022-10-05T00:21:54.521+0000] {dag.py:3328} INFO - Setting next_dagrun for example_subdag_operator to 2022-01-01T00:00:00+00:00, run_after=2022-01-01T00:00:00+00:00
[2022-10-05T00:21:54.548+0000] {logging_mixin.py:117} INFO - [2022-10-05T00:21:54.548+0000] {dag.py:3328} INFO - Setting next_dagrun for example_subdag_operator.section-1 to None, run_after=None
[2022-10-05T00:21:54.555+0000] {logging_mixin.py:117} INFO - [2022-10-05T00:21:54.555+0000] {dag.py:3328} INFO - Setting next_dagrun for example_subdag_operator.section-2 to None, run_after=None
[2022-10-05T00:21:54.589+0000] {logging_mixin.py:117} INFO - [2022-10-05T00:21:54.589+0000] {dag.py:2573} INFO - Sync 2 DAGs
[2022-10-05T00:21:54.629+0000] {logging_mixin.py:117} INFO - [2022-10-05T00:21:54.628+0000] {dag.py:3328} INFO - Setting next_dagrun for example_subdag_operator.section-1 to None, run_after=None
[2022-10-05T00:21:54.636+0000] {logging_mixin.py:117} INFO - [2022-10-05T00:21:54.636+0000] {dag.py:3328} INFO - Setting next_dagrun for example_subdag_operator.section-2 to None, run_after=None
[2022-10-05T00:21:55.338+0000] {processor.py:178} INFO - Processing /home/airflow/.local/lib/python3.7/site-packages/airflow/example_dags/example_subdag_operator.py took 5.480 seconds
[2022-10-05T00:24:05.931+0000] {processor.py:156} INFO - Started process (PID=106) to work on /home/airflow/.local/lib/python3.7/site-packages/airflow/example_dags/example_subdag_operator.py
[2022-10-05T00:24:05.940+0000] {processor.py:758} INFO - Processing file /home/airflow/.local/lib/python3.7/site-packages/airflow/example_dags/example_subdag_operator.py for tasks to queue
[2022-10-05T00:24:05.943+0000] {logging_mixin.py:117} INFO - [2022-10-05T00:24:05.942+0000] {dagbag.py:525} INFO - Filling up the DagBag from /home/airflow/.local/lib/python3.7/site-packages/airflow/example_dags/example_subdag_operator.py
[2022-10-05T00:25:51.713+0000] {processor.py:156} INFO - Started process (PID=93) to work on /home/airflow/.local/lib/python3.7/site-packages/airflow/example_dags/example_subdag_operator.py
[2022-10-05T00:25:51.718+0000] {processor.py:758} INFO - Processing file /home/airflow/.local/lib/python3.7/site-packages/airflow/example_dags/example_subdag_operator.py for tasks to queue
[2022-10-05T00:25:51.725+0000] {logging_mixin.py:117} INFO - [2022-10-05T00:25:51.724+0000] {dagbag.py:525} INFO - Filling up the DagBag from /home/airflow/.local/lib/python3.7/site-packages/airflow/example_dags/example_subdag_operator.py
[2022-10-05T00:25:52.065+0000] {processor.py:768} INFO - DAG(s) dict_keys(['example_subdag_operator.section-1', 'example_subdag_operator.section-2', 'example_subdag_operator']) retrieved from /home/airflow/.local/lib/python3.7/site-packages/airflow/example_dags/example_subdag_operator.py
[2022-10-05T00:25:56.086+0000] {logging_mixin.py:117} INFO - [2022-10-05T00:25:56.083+0000] {dag.py:2573} INFO - Sync 3 DAGs
[2022-10-05T00:25:56.402+0000] {logging_mixin.py:117} INFO - [2022-10-05T00:25:56.386+0000] {dag.py:3328} INFO - Setting next_dagrun for example_subdag_operator to 2022-01-01T00:00:00+00:00, run_after=2022-01-01T00:00:00+00:00
[2022-10-05T00:25:56.456+0000] {logging_mixin.py:117} INFO - [2022-10-05T00:25:56.448+0000] {dag.py:3328} INFO - Setting next_dagrun for example_subdag_operator.section-1 to None, run_after=None
[2022-10-05T00:25:56.496+0000] {logging_mixin.py:117} INFO - [2022-10-05T00:25:56.495+0000] {dag.py:3328} INFO - Setting next_dagrun for example_subdag_operator.section-2 to None, run_after=None
[2022-10-05T00:25:56.586+0000] {logging_mixin.py:117} INFO - [2022-10-05T00:25:56.574+0000] {dag.py:2573} INFO - Sync 2 DAGs
[2022-10-05T00:25:56.643+0000] {logging_mixin.py:117} INFO - [2022-10-05T00:25:56.642+0000] {dag.py:3328} INFO - Setting next_dagrun for example_subdag_operator.section-1 to None, run_after=None
[2022-10-05T00:25:56.649+0000] {logging_mixin.py:117} INFO - [2022-10-05T00:25:56.649+0000] {dag.py:3328} INFO - Setting next_dagrun for example_subdag_operator.section-2 to None, run_after=None
[2022-10-05T00:25:56.884+0000] {processor.py:178} INFO - Processing /home/airflow/.local/lib/python3.7/site-packages/airflow/example_dags/example_subdag_operator.py took 5.192 seconds
[2022-10-05T00:29:15.606+0000] {processor.py:156} INFO - Started process (PID=121) to work on /home/airflow/.local/lib/python3.7/site-packages/airflow/example_dags/example_subdag_operator.py
[2022-10-05T00:29:15.614+0000] {processor.py:758} INFO - Processing file /home/airflow/.local/lib/python3.7/site-packages/airflow/example_dags/example_subdag_operator.py for tasks to queue
[2022-10-05T00:29:15.616+0000] {logging_mixin.py:117} INFO - [2022-10-05T00:29:15.615+0000] {dagbag.py:525} INFO - Filling up the DagBag from /home/airflow/.local/lib/python3.7/site-packages/airflow/example_dags/example_subdag_operator.py
[2022-10-05T00:31:33.570+0000] {processor.py:156} INFO - Started process (PID=116) to work on /home/airflow/.local/lib/python3.7/site-packages/airflow/example_dags/example_subdag_operator.py
[2022-10-05T00:31:33.573+0000] {processor.py:758} INFO - Processing file /home/airflow/.local/lib/python3.7/site-packages/airflow/example_dags/example_subdag_operator.py for tasks to queue
[2022-10-05T00:31:33.583+0000] {logging_mixin.py:117} INFO - [2022-10-05T00:31:33.583+0000] {dagbag.py:525} INFO - Filling up the DagBag from /home/airflow/.local/lib/python3.7/site-packages/airflow/example_dags/example_subdag_operator.py
[2022-10-05T00:31:34.081+0000] {processor.py:768} INFO - DAG(s) dict_keys(['example_subdag_operator.section-1', 'example_subdag_operator.section-2', 'example_subdag_operator']) retrieved from /home/airflow/.local/lib/python3.7/site-packages/airflow/example_dags/example_subdag_operator.py
[2022-10-05T00:31:37.749+0000] {logging_mixin.py:117} INFO - [2022-10-05T00:31:37.746+0000] {dag.py:2573} INFO - Sync 3 DAGs
[2022-10-05T00:31:38.007+0000] {logging_mixin.py:117} INFO - [2022-10-05T00:31:38.007+0000] {dag.py:3328} INFO - Setting next_dagrun for example_subdag_operator to 2022-01-01T00:00:00+00:00, run_after=2022-01-01T00:00:00+00:00
[2022-10-05T00:31:38.046+0000] {logging_mixin.py:117} INFO - [2022-10-05T00:31:38.046+0000] {dag.py:3328} INFO - Setting next_dagrun for example_subdag_operator.section-1 to None, run_after=None
[2022-10-05T00:31:38.056+0000] {logging_mixin.py:117} INFO - [2022-10-05T00:31:38.056+0000] {dag.py:3328} INFO - Setting next_dagrun for example_subdag_operator.section-2 to None, run_after=None
[2022-10-05T00:31:38.111+0000] {logging_mixin.py:117} INFO - [2022-10-05T00:31:38.110+0000] {dag.py:2573} INFO - Sync 2 DAGs
[2022-10-05T00:31:38.168+0000] {logging_mixin.py:117} INFO - [2022-10-05T00:31:38.168+0000] {dag.py:3328} INFO - Setting next_dagrun for example_subdag_operator.section-1 to None, run_after=None
[2022-10-05T00:31:38.170+0000] {logging_mixin.py:117} INFO - [2022-10-05T00:31:38.170+0000] {dag.py:3328} INFO - Setting next_dagrun for example_subdag_operator.section-2 to None, run_after=None
[2022-10-05T00:31:38.306+0000] {processor.py:178} INFO - Processing /home/airflow/.local/lib/python3.7/site-packages/airflow/example_dags/example_subdag_operator.py took 4.771 seconds
[2022-10-05T00:33:37.850+0000] {processor.py:156} INFO - Started process (PID=97) to work on /home/airflow/.local/lib/python3.7/site-packages/airflow/example_dags/example_subdag_operator.py
[2022-10-05T00:33:37.865+0000] {processor.py:758} INFO - Processing file /home/airflow/.local/lib/python3.7/site-packages/airflow/example_dags/example_subdag_operator.py for tasks to queue
[2022-10-05T00:33:37.869+0000] {logging_mixin.py:117} INFO - [2022-10-05T00:33:37.869+0000] {dagbag.py:525} INFO - Filling up the DagBag from /home/airflow/.local/lib/python3.7/site-packages/airflow/example_dags/example_subdag_operator.py
[2022-10-05T00:33:38.252+0000] {processor.py:768} INFO - DAG(s) dict_keys(['example_subdag_operator.section-1', 'example_subdag_operator.section-2', 'example_subdag_operator']) retrieved from /home/airflow/.local/lib/python3.7/site-packages/airflow/example_dags/example_subdag_operator.py
[2022-10-05T00:35:43.052+0000] {processor.py:156} INFO - Started process (PID=104) to work on /home/airflow/.local/lib/python3.7/site-packages/airflow/example_dags/example_subdag_operator.py
[2022-10-05T00:35:43.057+0000] {processor.py:758} INFO - Processing file /home/airflow/.local/lib/python3.7/site-packages/airflow/example_dags/example_subdag_operator.py for tasks to queue
[2022-10-05T00:35:43.061+0000] {logging_mixin.py:117} INFO - [2022-10-05T00:35:43.061+0000] {dagbag.py:525} INFO - Filling up the DagBag from /home/airflow/.local/lib/python3.7/site-packages/airflow/example_dags/example_subdag_operator.py
[2022-10-05T00:35:43.984+0000] {processor.py:768} INFO - DAG(s) dict_keys(['example_subdag_operator.section-1', 'example_subdag_operator.section-2', 'example_subdag_operator']) retrieved from /home/airflow/.local/lib/python3.7/site-packages/airflow/example_dags/example_subdag_operator.py
[2022-10-05T00:35:47.279+0000] {logging_mixin.py:117} INFO - [2022-10-05T00:35:47.279+0000] {dag.py:2573} INFO - Sync 3 DAGs
[2022-10-05T00:35:47.414+0000] {logging_mixin.py:117} INFO - [2022-10-05T00:35:47.414+0000] {dag.py:3328} INFO - Setting next_dagrun for example_subdag_operator to 2022-01-01T00:00:00+00:00, run_after=2022-01-01T00:00:00+00:00
[2022-10-05T00:35:47.433+0000] {logging_mixin.py:117} INFO - [2022-10-05T00:35:47.433+0000] {dag.py:3328} INFO - Setting next_dagrun for example_subdag_operator.section-1 to None, run_after=None
[2022-10-05T00:35:47.442+0000] {logging_mixin.py:117} INFO - [2022-10-05T00:35:47.441+0000] {dag.py:3328} INFO - Setting next_dagrun for example_subdag_operator.section-2 to None, run_after=None
[2022-10-05T00:35:47.478+0000] {logging_mixin.py:117} INFO - [2022-10-05T00:35:47.478+0000] {dag.py:2573} INFO - Sync 2 DAGs
[2022-10-05T00:35:47.509+0000] {logging_mixin.py:117} INFO - [2022-10-05T00:35:47.509+0000] {dag.py:3328} INFO - Setting next_dagrun for example_subdag_operator.section-1 to None, run_after=None
[2022-10-05T00:35:47.511+0000] {logging_mixin.py:117} INFO - [2022-10-05T00:35:47.511+0000] {dag.py:3328} INFO - Setting next_dagrun for example_subdag_operator.section-2 to None, run_after=None
[2022-10-05T00:35:48.222+0000] {processor.py:178} INFO - Processing /home/airflow/.local/lib/python3.7/site-packages/airflow/example_dags/example_subdag_operator.py took 5.187 seconds
[2022-10-05T00:37:36.689+0000] {processor.py:156} INFO - Started process (PID=95) to work on /home/airflow/.local/lib/python3.7/site-packages/airflow/example_dags/example_subdag_operator.py
[2022-10-05T00:37:36.704+0000] {processor.py:758} INFO - Processing file /home/airflow/.local/lib/python3.7/site-packages/airflow/example_dags/example_subdag_operator.py for tasks to queue
[2022-10-05T00:37:36.710+0000] {logging_mixin.py:117} INFO - [2022-10-05T00:37:36.710+0000] {dagbag.py:525} INFO - Filling up the DagBag from /home/airflow/.local/lib/python3.7/site-packages/airflow/example_dags/example_subdag_operator.py
[2022-10-05T00:37:36.940+0000] {processor.py:768} INFO - DAG(s) dict_keys(['example_subdag_operator.section-1', 'example_subdag_operator.section-2', 'example_subdag_operator']) retrieved from /home/airflow/.local/lib/python3.7/site-packages/airflow/example_dags/example_subdag_operator.py
[2022-10-05T00:37:41.141+0000] {logging_mixin.py:117} INFO - [2022-10-05T00:37:41.141+0000] {dag.py:2573} INFO - Sync 3 DAGs
[2022-10-05T00:37:41.397+0000] {logging_mixin.py:117} INFO - [2022-10-05T00:37:41.397+0000] {dag.py:3328} INFO - Setting next_dagrun for example_subdag_operator to 2022-01-01T00:00:00+00:00, run_after=2022-01-01T00:00:00+00:00
[2022-10-05T00:37:41.451+0000] {logging_mixin.py:117} INFO - [2022-10-05T00:37:41.451+0000] {dag.py:3328} INFO - Setting next_dagrun for example_subdag_operator.section-1 to None, run_after=None
[2022-10-05T00:37:41.464+0000] {logging_mixin.py:117} INFO - [2022-10-05T00:37:41.463+0000] {dag.py:3328} INFO - Setting next_dagrun for example_subdag_operator.section-2 to None, run_after=None
[2022-10-05T00:37:41.532+0000] {logging_mixin.py:117} INFO - [2022-10-05T00:37:41.532+0000] {dag.py:2573} INFO - Sync 2 DAGs
[2022-10-05T00:37:41.570+0000] {logging_mixin.py:117} INFO - [2022-10-05T00:37:41.570+0000] {dag.py:3328} INFO - Setting next_dagrun for example_subdag_operator.section-1 to None, run_after=None
[2022-10-05T00:37:41.575+0000] {logging_mixin.py:117} INFO - [2022-10-05T00:37:41.574+0000] {dag.py:3328} INFO - Setting next_dagrun for example_subdag_operator.section-2 to None, run_after=None
[2022-10-05T00:37:41.759+0000] {processor.py:178} INFO - Processing /home/airflow/.local/lib/python3.7/site-packages/airflow/example_dags/example_subdag_operator.py took 5.103 seconds
[2022-10-05T00:39:49.300+0000] {processor.py:156} INFO - Started process (PID=108) to work on /home/airflow/.local/lib/python3.7/site-packages/airflow/example_dags/example_subdag_operator.py
[2022-10-05T00:39:49.318+0000] {processor.py:758} INFO - Processing file /home/airflow/.local/lib/python3.7/site-packages/airflow/example_dags/example_subdag_operator.py for tasks to queue
[2022-10-05T00:39:49.323+0000] {logging_mixin.py:117} INFO - [2022-10-05T00:39:49.323+0000] {dagbag.py:525} INFO - Filling up the DagBag from /home/airflow/.local/lib/python3.7/site-packages/airflow/example_dags/example_subdag_operator.py
[2022-10-05T00:39:49.672+0000] {processor.py:768} INFO - DAG(s) dict_keys(['example_subdag_operator.section-1', 'example_subdag_operator.section-2', 'example_subdag_operator']) retrieved from /home/airflow/.local/lib/python3.7/site-packages/airflow/example_dags/example_subdag_operator.py
[2022-10-05T00:39:53.446+0000] {logging_mixin.py:117} INFO - [2022-10-05T00:39:53.446+0000] {dag.py:2573} INFO - Sync 3 DAGs
[2022-10-05T00:39:53.698+0000] {logging_mixin.py:117} INFO - [2022-10-05T00:39:53.697+0000] {dag.py:3328} INFO - Setting next_dagrun for example_subdag_operator to 2022-01-01T00:00:00+00:00, run_after=2022-01-01T00:00:00+00:00
[2022-10-05T00:39:53.739+0000] {logging_mixin.py:117} INFO - [2022-10-05T00:39:53.739+0000] {dag.py:3328} INFO - Setting next_dagrun for example_subdag_operator.section-1 to None, run_after=None
[2022-10-05T00:39:53.751+0000] {logging_mixin.py:117} INFO - [2022-10-05T00:39:53.751+0000] {dag.py:3328} INFO - Setting next_dagrun for example_subdag_operator.section-2 to None, run_after=None
[2022-10-05T00:39:53.822+0000] {logging_mixin.py:117} INFO - [2022-10-05T00:39:53.822+0000] {dag.py:2573} INFO - Sync 2 DAGs
[2022-10-05T00:39:53.882+0000] {logging_mixin.py:117} INFO - [2022-10-05T00:39:53.882+0000] {dag.py:3328} INFO - Setting next_dagrun for example_subdag_operator.section-1 to None, run_after=None
[2022-10-05T00:39:53.887+0000] {logging_mixin.py:117} INFO - [2022-10-05T00:39:53.887+0000] {dag.py:3328} INFO - Setting next_dagrun for example_subdag_operator.section-2 to None, run_after=None
[2022-10-05T00:39:54.730+0000] {processor.py:178} INFO - Processing /home/airflow/.local/lib/python3.7/site-packages/airflow/example_dags/example_subdag_operator.py took 5.453 seconds
[2022-10-05T00:42:10.995+0000] {processor.py:156} INFO - Started process (PID=106) to work on /home/airflow/.local/lib/python3.7/site-packages/airflow/example_dags/example_subdag_operator.py
[2022-10-05T00:42:11.005+0000] {processor.py:758} INFO - Processing file /home/airflow/.local/lib/python3.7/site-packages/airflow/example_dags/example_subdag_operator.py for tasks to queue
[2022-10-05T00:42:11.007+0000] {logging_mixin.py:117} INFO - [2022-10-05T00:42:11.007+0000] {dagbag.py:525} INFO - Filling up the DagBag from /home/airflow/.local/lib/python3.7/site-packages/airflow/example_dags/example_subdag_operator.py
[2022-10-05T00:42:11.432+0000] {processor.py:768} INFO - DAG(s) dict_keys(['example_subdag_operator.section-1', 'example_subdag_operator.section-2', 'example_subdag_operator']) retrieved from /home/airflow/.local/lib/python3.7/site-packages/airflow/example_dags/example_subdag_operator.py
[2022-10-05T00:42:13.989+0000] {logging_mixin.py:117} INFO - [2022-10-05T00:42:13.988+0000] {dag.py:2573} INFO - Sync 3 DAGs
[2022-10-05T00:42:14.127+0000] {logging_mixin.py:117} INFO - [2022-10-05T00:42:14.127+0000] {dag.py:3328} INFO - Setting next_dagrun for example_subdag_operator to 2022-01-01T00:00:00+00:00, run_after=2022-01-01T00:00:00+00:00
[2022-10-05T00:42:14.148+0000] {logging_mixin.py:117} INFO - [2022-10-05T00:42:14.148+0000] {dag.py:3328} INFO - Setting next_dagrun for example_subdag_operator.section-1 to None, run_after=None
[2022-10-05T00:42:14.155+0000] {logging_mixin.py:117} INFO - [2022-10-05T00:42:14.155+0000] {dag.py:3328} INFO - Setting next_dagrun for example_subdag_operator.section-2 to None, run_after=None
[2022-10-05T00:42:14.236+0000] {logging_mixin.py:117} INFO - [2022-10-05T00:42:14.236+0000] {dag.py:2573} INFO - Sync 2 DAGs
[2022-10-05T00:42:14.307+0000] {logging_mixin.py:117} INFO - [2022-10-05T00:42:14.307+0000] {dag.py:3328} INFO - Setting next_dagrun for example_subdag_operator.section-1 to None, run_after=None
[2022-10-05T00:42:14.311+0000] {logging_mixin.py:117} INFO - [2022-10-05T00:42:14.311+0000] {dag.py:3328} INFO - Setting next_dagrun for example_subdag_operator.section-2 to None, run_after=None
[2022-10-05T00:42:14.520+0000] {processor.py:178} INFO - Processing /home/airflow/.local/lib/python3.7/site-packages/airflow/example_dags/example_subdag_operator.py took 3.539 seconds
[2022-10-05T00:52:25.975+0000] {processor.py:156} INFO - Started process (PID=104) to work on /home/airflow/.local/lib/python3.7/site-packages/airflow/example_dags/example_subdag_operator.py
[2022-10-05T00:52:25.986+0000] {processor.py:758} INFO - Processing file /home/airflow/.local/lib/python3.7/site-packages/airflow/example_dags/example_subdag_operator.py for tasks to queue
[2022-10-05T00:52:25.990+0000] {logging_mixin.py:117} INFO - [2022-10-05T00:52:25.990+0000] {dagbag.py:525} INFO - Filling up the DagBag from /home/airflow/.local/lib/python3.7/site-packages/airflow/example_dags/example_subdag_operator.py
[2022-10-05T00:52:26.559+0000] {processor.py:768} INFO - DAG(s) dict_keys(['example_subdag_operator.section-1', 'example_subdag_operator.section-2', 'example_subdag_operator']) retrieved from /home/airflow/.local/lib/python3.7/site-packages/airflow/example_dags/example_subdag_operator.py
[2022-10-05T00:52:26.824+0000] {logging_mixin.py:117} INFO - [2022-10-05T00:52:26.824+0000] {dag.py:2573} INFO - Sync 3 DAGs
[2022-10-05T00:52:26.942+0000] {logging_mixin.py:117} INFO - [2022-10-05T00:52:26.942+0000] {dag.py:3328} INFO - Setting next_dagrun for example_subdag_operator to 2022-01-01T00:00:00+00:00, run_after=2022-01-01T00:00:00+00:00
[2022-10-05T00:52:26.958+0000] {logging_mixin.py:117} INFO - [2022-10-05T00:52:26.958+0000] {dag.py:3328} INFO - Setting next_dagrun for example_subdag_operator.section-1 to None, run_after=None
[2022-10-05T00:52:26.962+0000] {logging_mixin.py:117} INFO - [2022-10-05T00:52:26.961+0000] {dag.py:3328} INFO - Setting next_dagrun for example_subdag_operator.section-2 to None, run_after=None
[2022-10-05T00:52:26.992+0000] {logging_mixin.py:117} INFO - [2022-10-05T00:52:26.992+0000] {dag.py:2573} INFO - Sync 2 DAGs
[2022-10-05T00:52:27.010+0000] {logging_mixin.py:117} INFO - [2022-10-05T00:52:27.010+0000] {dag.py:3328} INFO - Setting next_dagrun for example_subdag_operator.section-1 to None, run_after=None
[2022-10-05T00:52:27.011+0000] {logging_mixin.py:117} INFO - [2022-10-05T00:52:27.011+0000] {dag.py:3328} INFO - Setting next_dagrun for example_subdag_operator.section-2 to None, run_after=None
[2022-10-05T00:52:27.165+0000] {processor.py:178} INFO - Processing /home/airflow/.local/lib/python3.7/site-packages/airflow/example_dags/example_subdag_operator.py took 1.195 seconds
[2022-10-05T00:54:41.571+0000] {processor.py:156} INFO - Started process (PID=87) to work on /home/airflow/.local/lib/python3.7/site-packages/airflow/example_dags/example_subdag_operator.py
[2022-10-05T00:54:41.575+0000] {processor.py:758} INFO - Processing file /home/airflow/.local/lib/python3.7/site-packages/airflow/example_dags/example_subdag_operator.py for tasks to queue
[2022-10-05T00:54:41.581+0000] {logging_mixin.py:117} INFO - [2022-10-05T00:54:41.580+0000] {dagbag.py:525} INFO - Filling up the DagBag from /home/airflow/.local/lib/python3.7/site-packages/airflow/example_dags/example_subdag_operator.py
[2022-10-05T00:54:43.154+0000] {processor.py:768} INFO - DAG(s) dict_keys(['example_subdag_operator.section-1', 'example_subdag_operator.section-2', 'example_subdag_operator']) retrieved from /home/airflow/.local/lib/python3.7/site-packages/airflow/example_dags/example_subdag_operator.py
[2022-10-05T00:54:45.537+0000] {logging_mixin.py:117} INFO - [2022-10-05T00:54:45.536+0000] {dag.py:2573} INFO - Sync 3 DAGs
[2022-10-05T00:54:45.838+0000] {logging_mixin.py:117} INFO - [2022-10-05T00:54:45.838+0000] {dag.py:3328} INFO - Setting next_dagrun for example_subdag_operator to 2022-01-01T00:00:00+00:00, run_after=2022-01-01T00:00:00+00:00
[2022-10-05T00:54:45.861+0000] {logging_mixin.py:117} INFO - [2022-10-05T00:54:45.861+0000] {dag.py:3328} INFO - Setting next_dagrun for example_subdag_operator.section-1 to None, run_after=None
[2022-10-05T00:54:45.871+0000] {logging_mixin.py:117} INFO - [2022-10-05T00:54:45.870+0000] {dag.py:3328} INFO - Setting next_dagrun for example_subdag_operator.section-2 to None, run_after=None
[2022-10-05T00:54:45.908+0000] {logging_mixin.py:117} INFO - [2022-10-05T00:54:45.908+0000] {dag.py:2573} INFO - Sync 2 DAGs
[2022-10-05T00:54:45.937+0000] {logging_mixin.py:117} INFO - [2022-10-05T00:54:45.936+0000] {dag.py:3328} INFO - Setting next_dagrun for example_subdag_operator.section-1 to None, run_after=None
[2022-10-05T00:54:45.941+0000] {logging_mixin.py:117} INFO - [2022-10-05T00:54:45.941+0000] {dag.py:3328} INFO - Setting next_dagrun for example_subdag_operator.section-2 to None, run_after=None
[2022-10-05T00:54:57.695+0000] {processor.py:178} INFO - Processing /home/airflow/.local/lib/python3.7/site-packages/airflow/example_dags/example_subdag_operator.py took 16.159 seconds
[2022-10-05T00:56:58.833+0000] {processor.py:156} INFO - Started process (PID=107) to work on /home/airflow/.local/lib/python3.7/site-packages/airflow/example_dags/example_subdag_operator.py
[2022-10-05T00:56:58.840+0000] {processor.py:758} INFO - Processing file /home/airflow/.local/lib/python3.7/site-packages/airflow/example_dags/example_subdag_operator.py for tasks to queue
[2022-10-05T00:56:58.845+0000] {logging_mixin.py:117} INFO - [2022-10-05T00:56:58.845+0000] {dagbag.py:525} INFO - Filling up the DagBag from /home/airflow/.local/lib/python3.7/site-packages/airflow/example_dags/example_subdag_operator.py
[2022-10-05T00:56:59.246+0000] {processor.py:768} INFO - DAG(s) dict_keys(['example_subdag_operator.section-1', 'example_subdag_operator.section-2', 'example_subdag_operator']) retrieved from /home/airflow/.local/lib/python3.7/site-packages/airflow/example_dags/example_subdag_operator.py
[2022-10-05T00:57:02.561+0000] {logging_mixin.py:117} INFO - [2022-10-05T00:57:02.561+0000] {dag.py:2573} INFO - Sync 3 DAGs
[2022-10-05T00:57:02.711+0000] {logging_mixin.py:117} INFO - [2022-10-05T00:57:02.709+0000] {dag.py:3328} INFO - Setting next_dagrun for example_subdag_operator to 2022-01-01T00:00:00+00:00, run_after=2022-01-01T00:00:00+00:00
[2022-10-05T00:57:02.744+0000] {logging_mixin.py:117} INFO - [2022-10-05T00:57:02.743+0000] {dag.py:3328} INFO - Setting next_dagrun for example_subdag_operator.section-1 to None, run_after=None
[2022-10-05T00:57:02.787+0000] {logging_mixin.py:117} INFO - [2022-10-05T00:57:02.787+0000] {dag.py:3328} INFO - Setting next_dagrun for example_subdag_operator.section-2 to None, run_after=None
[2022-10-05T00:57:02.826+0000] {logging_mixin.py:117} INFO - [2022-10-05T00:57:02.826+0000] {dag.py:2573} INFO - Sync 2 DAGs
[2022-10-05T00:57:02.857+0000] {logging_mixin.py:117} INFO - [2022-10-05T00:57:02.857+0000] {dag.py:3328} INFO - Setting next_dagrun for example_subdag_operator.section-1 to None, run_after=None
[2022-10-05T00:57:02.868+0000] {logging_mixin.py:117} INFO - [2022-10-05T00:57:02.868+0000] {dag.py:3328} INFO - Setting next_dagrun for example_subdag_operator.section-2 to None, run_after=None
[2022-10-05T00:57:03.185+0000] {processor.py:178} INFO - Processing /home/airflow/.local/lib/python3.7/site-packages/airflow/example_dags/example_subdag_operator.py took 4.386 seconds
