[2022-10-05T00:00:06.398+0000] {processor.py:156} INFO - Started process (PID=41) to work on /home/airflow/.local/lib/python3.7/site-packages/airflow/example_dags/example_xcom.py
[2022-10-05T00:00:06.400+0000] {processor.py:758} INFO - Processing file /home/airflow/.local/lib/python3.7/site-packages/airflow/example_dags/example_xcom.py for tasks to queue
[2022-10-05T00:00:06.402+0000] {logging_mixin.py:117} INFO - [2022-10-05T00:00:06.401+0000] {dagbag.py:525} INFO - Filling up the DagBag from /home/airflow/.local/lib/python3.7/site-packages/airflow/example_dags/example_xcom.py
[2022-10-05T00:00:06.532+0000] {processor.py:768} INFO - DAG(s) dict_keys(['example_xcom']) retrieved from /home/airflow/.local/lib/python3.7/site-packages/airflow/example_dags/example_xcom.py
[2022-10-05T00:00:07.576+0000] {logging_mixin.py:117} INFO - [2022-10-05T00:00:07.576+0000] {dag.py:2573} INFO - Sync 1 DAGs
[2022-10-05T00:00:07.708+0000] {logging_mixin.py:117} INFO - [2022-10-05T00:00:07.707+0000] {dag.py:3328} INFO - Setting next_dagrun for example_xcom to 2021-01-01T00:00:00+00:00, run_after=2021-01-01T00:00:00+00:00
[2022-10-05T00:00:21.060+0000] {processor.py:178} INFO - Processing /home/airflow/.local/lib/python3.7/site-packages/airflow/example_dags/example_xcom.py took 14.663 seconds
[2022-10-05T00:01:19.742+0000] {processor.py:156} INFO - Started process (PID=102) to work on /home/airflow/.local/lib/python3.7/site-packages/airflow/example_dags/example_xcom.py
[2022-10-05T00:01:19.758+0000] {processor.py:758} INFO - Processing file /home/airflow/.local/lib/python3.7/site-packages/airflow/example_dags/example_xcom.py for tasks to queue
[2022-10-05T00:01:19.766+0000] {logging_mixin.py:117} INFO - [2022-10-05T00:01:19.766+0000] {dagbag.py:525} INFO - Filling up the DagBag from /home/airflow/.local/lib/python3.7/site-packages/airflow/example_dags/example_xcom.py
[2022-10-05T00:02:08.471+0000] {processor.py:156} INFO - Started process (PID=32) to work on /home/airflow/.local/lib/python3.7/site-packages/airflow/example_dags/example_xcom.py
[2022-10-05T00:02:08.475+0000] {processor.py:758} INFO - Processing file /home/airflow/.local/lib/python3.7/site-packages/airflow/example_dags/example_xcom.py for tasks to queue
[2022-10-05T00:02:08.487+0000] {logging_mixin.py:117} INFO - [2022-10-05T00:02:08.485+0000] {dagbag.py:525} INFO - Filling up the DagBag from /home/airflow/.local/lib/python3.7/site-packages/airflow/example_dags/example_xcom.py
[2022-10-05T00:02:08.650+0000] {processor.py:768} INFO - DAG(s) dict_keys(['example_xcom']) retrieved from /home/airflow/.local/lib/python3.7/site-packages/airflow/example_dags/example_xcom.py
[2022-10-05T00:02:09.147+0000] {logging_mixin.py:117} INFO - [2022-10-05T00:02:09.147+0000] {dag.py:2573} INFO - Sync 1 DAGs
[2022-10-05T00:02:09.241+0000] {logging_mixin.py:117} INFO - [2022-10-05T00:02:09.240+0000] {dag.py:3328} INFO - Setting next_dagrun for example_xcom to 2021-01-01T00:00:00+00:00, run_after=2021-01-01T00:00:00+00:00
[2022-10-05T00:02:21.067+0000] {processor.py:178} INFO - Processing /home/airflow/.local/lib/python3.7/site-packages/airflow/example_dags/example_xcom.py took 12.624 seconds
[2022-10-05T00:04:02.915+0000] {processor.py:156} INFO - Started process (PID=41) to work on /home/airflow/.local/lib/python3.7/site-packages/airflow/example_dags/example_xcom.py
[2022-10-05T00:04:02.919+0000] {processor.py:758} INFO - Processing file /home/airflow/.local/lib/python3.7/site-packages/airflow/example_dags/example_xcom.py for tasks to queue
[2022-10-05T00:04:02.921+0000] {logging_mixin.py:117} INFO - [2022-10-05T00:04:02.920+0000] {dagbag.py:525} INFO - Filling up the DagBag from /home/airflow/.local/lib/python3.7/site-packages/airflow/example_dags/example_xcom.py
[2022-10-05T00:04:03.051+0000] {processor.py:768} INFO - DAG(s) dict_keys(['example_xcom']) retrieved from /home/airflow/.local/lib/python3.7/site-packages/airflow/example_dags/example_xcom.py
[2022-10-05T00:04:04.273+0000] {logging_mixin.py:117} INFO - [2022-10-05T00:04:04.268+0000] {dag.py:2573} INFO - Sync 1 DAGs
[2022-10-05T00:04:04.394+0000] {logging_mixin.py:117} INFO - [2022-10-05T00:04:04.394+0000] {dag.py:3328} INFO - Setting next_dagrun for example_xcom to 2021-01-01T00:00:00+00:00, run_after=2021-01-01T00:00:00+00:00
[2022-10-05T00:04:17.294+0000] {processor.py:178} INFO - Processing /home/airflow/.local/lib/python3.7/site-packages/airflow/example_dags/example_xcom.py took 14.390 seconds
[2022-10-05T00:06:02.292+0000] {processor.py:156} INFO - Started process (PID=32) to work on /home/airflow/.local/lib/python3.7/site-packages/airflow/example_dags/example_xcom.py
[2022-10-05T00:06:02.297+0000] {processor.py:758} INFO - Processing file /home/airflow/.local/lib/python3.7/site-packages/airflow/example_dags/example_xcom.py for tasks to queue
[2022-10-05T00:06:02.299+0000] {logging_mixin.py:117} INFO - [2022-10-05T00:06:02.299+0000] {dagbag.py:525} INFO - Filling up the DagBag from /home/airflow/.local/lib/python3.7/site-packages/airflow/example_dags/example_xcom.py
[2022-10-05T00:06:02.424+0000] {processor.py:768} INFO - DAG(s) dict_keys(['example_xcom']) retrieved from /home/airflow/.local/lib/python3.7/site-packages/airflow/example_dags/example_xcom.py
[2022-10-05T00:06:03.331+0000] {logging_mixin.py:117} INFO - [2022-10-05T00:06:03.331+0000] {dag.py:2573} INFO - Sync 1 DAGs
[2022-10-05T00:06:03.398+0000] {logging_mixin.py:117} INFO - [2022-10-05T00:06:03.398+0000] {dag.py:3328} INFO - Setting next_dagrun for example_xcom to 2021-01-01T00:00:00+00:00, run_after=2021-01-01T00:00:00+00:00
[2022-10-05T00:06:16.726+0000] {processor.py:178} INFO - Processing /home/airflow/.local/lib/python3.7/site-packages/airflow/example_dags/example_xcom.py took 14.440 seconds
[2022-10-05T00:08:06.253+0000] {processor.py:156} INFO - Started process (PID=41) to work on /home/airflow/.local/lib/python3.7/site-packages/airflow/example_dags/example_xcom.py
[2022-10-05T00:08:06.256+0000] {processor.py:758} INFO - Processing file /home/airflow/.local/lib/python3.7/site-packages/airflow/example_dags/example_xcom.py for tasks to queue
[2022-10-05T00:08:06.264+0000] {logging_mixin.py:117} INFO - [2022-10-05T00:08:06.264+0000] {dagbag.py:525} INFO - Filling up the DagBag from /home/airflow/.local/lib/python3.7/site-packages/airflow/example_dags/example_xcom.py
[2022-10-05T00:08:06.467+0000] {processor.py:768} INFO - DAG(s) dict_keys(['example_xcom']) retrieved from /home/airflow/.local/lib/python3.7/site-packages/airflow/example_dags/example_xcom.py
[2022-10-05T00:08:08.722+0000] {logging_mixin.py:117} INFO - [2022-10-05T00:08:08.718+0000] {dag.py:2573} INFO - Sync 1 DAGs
[2022-10-05T00:08:09.832+0000] {logging_mixin.py:117} INFO - [2022-10-05T00:08:09.828+0000] {dag.py:3328} INFO - Setting next_dagrun for example_xcom to 2021-01-01T00:00:00+00:00, run_after=2021-01-01T00:00:00+00:00
[2022-10-05T00:08:15.743+0000] {processor.py:178} INFO - Processing /home/airflow/.local/lib/python3.7/site-packages/airflow/example_dags/example_xcom.py took 9.494 seconds
[2022-10-05T00:09:04.165+0000] {processor.py:156} INFO - Started process (PID=95) to work on /home/airflow/.local/lib/python3.7/site-packages/airflow/example_dags/example_xcom.py
[2022-10-05T00:09:04.166+0000] {processor.py:758} INFO - Processing file /home/airflow/.local/lib/python3.7/site-packages/airflow/example_dags/example_xcom.py for tasks to queue
[2022-10-05T00:09:04.168+0000] {logging_mixin.py:117} INFO - [2022-10-05T00:09:04.167+0000] {dagbag.py:525} INFO - Filling up the DagBag from /home/airflow/.local/lib/python3.7/site-packages/airflow/example_dags/example_xcom.py
[2022-10-05T00:09:04.431+0000] {processor.py:768} INFO - DAG(s) dict_keys(['example_xcom']) retrieved from /home/airflow/.local/lib/python3.7/site-packages/airflow/example_dags/example_xcom.py
[2022-10-05T00:09:04.520+0000] {logging_mixin.py:117} INFO - [2022-10-05T00:09:04.520+0000] {dag.py:2573} INFO - Sync 1 DAGs
[2022-10-05T00:09:04.564+0000] {logging_mixin.py:117} INFO - [2022-10-05T00:09:04.564+0000] {dag.py:3328} INFO - Setting next_dagrun for example_xcom to 2021-01-01T00:00:00+00:00, run_after=2021-01-01T00:00:00+00:00
[2022-10-05T00:09:04.608+0000] {processor.py:178} INFO - Processing /home/airflow/.local/lib/python3.7/site-packages/airflow/example_dags/example_xcom.py took 0.450 seconds
[2022-10-05T00:09:54.446+0000] {processor.py:156} INFO - Started process (PID=41) to work on /home/airflow/.local/lib/python3.7/site-packages/airflow/example_dags/example_xcom.py
[2022-10-05T00:09:54.456+0000] {processor.py:758} INFO - Processing file /home/airflow/.local/lib/python3.7/site-packages/airflow/example_dags/example_xcom.py for tasks to queue
[2022-10-05T00:09:54.457+0000] {logging_mixin.py:117} INFO - [2022-10-05T00:09:54.457+0000] {dagbag.py:525} INFO - Filling up the DagBag from /home/airflow/.local/lib/python3.7/site-packages/airflow/example_dags/example_xcom.py
[2022-10-05T00:09:54.587+0000] {processor.py:768} INFO - DAG(s) dict_keys(['example_xcom']) retrieved from /home/airflow/.local/lib/python3.7/site-packages/airflow/example_dags/example_xcom.py
[2022-10-05T00:09:55.147+0000] {logging_mixin.py:117} INFO - [2022-10-05T00:09:55.147+0000] {dag.py:2573} INFO - Sync 1 DAGs
[2022-10-05T00:09:55.213+0000] {logging_mixin.py:117} INFO - [2022-10-05T00:09:55.213+0000] {dag.py:3328} INFO - Setting next_dagrun for example_xcom to 2021-01-01T00:00:00+00:00, run_after=2021-01-01T00:00:00+00:00
[2022-10-05T00:10:07.494+0000] {processor.py:178} INFO - Processing /home/airflow/.local/lib/python3.7/site-packages/airflow/example_dags/example_xcom.py took 13.051 seconds
[2022-10-05T00:12:19.432+0000] {processor.py:156} INFO - Started process (PID=40) to work on /home/airflow/.local/lib/python3.7/site-packages/airflow/example_dags/example_xcom.py
[2022-10-05T00:12:19.454+0000] {processor.py:758} INFO - Processing file /home/airflow/.local/lib/python3.7/site-packages/airflow/example_dags/example_xcom.py for tasks to queue
[2022-10-05T00:12:19.456+0000] {logging_mixin.py:117} INFO - [2022-10-05T00:12:19.456+0000] {dagbag.py:525} INFO - Filling up the DagBag from /home/airflow/.local/lib/python3.7/site-packages/airflow/example_dags/example_xcom.py
[2022-10-05T00:12:19.531+0000] {processor.py:768} INFO - DAG(s) dict_keys(['example_xcom']) retrieved from /home/airflow/.local/lib/python3.7/site-packages/airflow/example_dags/example_xcom.py
[2022-10-05T00:12:20.379+0000] {logging_mixin.py:117} INFO - [2022-10-05T00:12:20.379+0000] {dag.py:2573} INFO - Sync 1 DAGs
[2022-10-05T00:12:20.418+0000] {logging_mixin.py:117} INFO - [2022-10-05T00:12:20.418+0000] {dag.py:3328} INFO - Setting next_dagrun for example_xcom to 2021-01-01T00:00:00+00:00, run_after=2021-01-01T00:00:00+00:00
[2022-10-05T00:12:34.908+0000] {processor.py:178} INFO - Processing /home/airflow/.local/lib/python3.7/site-packages/airflow/example_dags/example_xcom.py took 15.505 seconds
[2022-10-05T00:14:44.776+0000] {processor.py:156} INFO - Started process (PID=40) to work on /home/airflow/.local/lib/python3.7/site-packages/airflow/example_dags/example_xcom.py
[2022-10-05T00:14:44.796+0000] {processor.py:758} INFO - Processing file /home/airflow/.local/lib/python3.7/site-packages/airflow/example_dags/example_xcom.py for tasks to queue
[2022-10-05T00:14:44.797+0000] {logging_mixin.py:117} INFO - [2022-10-05T00:14:44.797+0000] {dagbag.py:525} INFO - Filling up the DagBag from /home/airflow/.local/lib/python3.7/site-packages/airflow/example_dags/example_xcom.py
[2022-10-05T00:14:45.112+0000] {processor.py:768} INFO - DAG(s) dict_keys(['example_xcom']) retrieved from /home/airflow/.local/lib/python3.7/site-packages/airflow/example_dags/example_xcom.py
[2022-10-05T00:14:47.694+0000] {logging_mixin.py:117} INFO - [2022-10-05T00:14:47.694+0000] {dag.py:2573} INFO - Sync 1 DAGs
[2022-10-05T00:14:47.785+0000] {logging_mixin.py:117} INFO - [2022-10-05T00:14:47.784+0000] {dag.py:3328} INFO - Setting next_dagrun for example_xcom to 2021-01-01T00:00:00+00:00, run_after=2021-01-01T00:00:00+00:00
[2022-10-05T00:15:00.530+0000] {processor.py:178} INFO - Processing /home/airflow/.local/lib/python3.7/site-packages/airflow/example_dags/example_xcom.py took 15.768 seconds
[2022-10-05T00:16:50.702+0000] {processor.py:156} INFO - Started process (PID=41) to work on /home/airflow/.local/lib/python3.7/site-packages/airflow/example_dags/example_xcom.py
[2022-10-05T00:16:50.712+0000] {processor.py:758} INFO - Processing file /home/airflow/.local/lib/python3.7/site-packages/airflow/example_dags/example_xcom.py for tasks to queue
[2022-10-05T00:16:50.714+0000] {logging_mixin.py:117} INFO - [2022-10-05T00:16:50.714+0000] {dagbag.py:525} INFO - Filling up the DagBag from /home/airflow/.local/lib/python3.7/site-packages/airflow/example_dags/example_xcom.py
[2022-10-05T00:16:50.970+0000] {processor.py:768} INFO - DAG(s) dict_keys(['example_xcom']) retrieved from /home/airflow/.local/lib/python3.7/site-packages/airflow/example_dags/example_xcom.py
[2022-10-05T00:16:52.232+0000] {logging_mixin.py:117} INFO - [2022-10-05T00:16:52.232+0000] {dag.py:2573} INFO - Sync 1 DAGs
[2022-10-05T00:16:52.325+0000] {logging_mixin.py:117} INFO - [2022-10-05T00:16:52.324+0000] {dag.py:3328} INFO - Setting next_dagrun for example_xcom to 2021-01-01T00:00:00+00:00, run_after=2021-01-01T00:00:00+00:00
[2022-10-05T00:17:06.264+0000] {processor.py:178} INFO - Processing /home/airflow/.local/lib/python3.7/site-packages/airflow/example_dags/example_xcom.py took 15.579 seconds
[2022-10-05T00:18:14.521+0000] {processor.py:156} INFO - Started process (PID=114) to work on /home/airflow/.local/lib/python3.7/site-packages/airflow/example_dags/example_xcom.py
[2022-10-05T00:18:14.523+0000] {processor.py:758} INFO - Processing file /home/airflow/.local/lib/python3.7/site-packages/airflow/example_dags/example_xcom.py for tasks to queue
[2022-10-05T00:18:14.524+0000] {logging_mixin.py:117} INFO - [2022-10-05T00:18:14.524+0000] {dagbag.py:525} INFO - Filling up the DagBag from /home/airflow/.local/lib/python3.7/site-packages/airflow/example_dags/example_xcom.py
[2022-10-05T00:18:15.439+0000] {processor.py:768} INFO - DAG(s) dict_keys(['example_xcom']) retrieved from /home/airflow/.local/lib/python3.7/site-packages/airflow/example_dags/example_xcom.py
[2022-10-05T00:18:15.635+0000] {logging_mixin.py:117} INFO - [2022-10-05T00:18:15.634+0000] {dag.py:2573} INFO - Sync 1 DAGs
[2022-10-05T00:18:15.808+0000] {logging_mixin.py:117} INFO - [2022-10-05T00:18:15.807+0000] {dag.py:3328} INFO - Setting next_dagrun for example_xcom to 2021-01-01T00:00:00+00:00, run_after=2021-01-01T00:00:00+00:00
[2022-10-05T00:18:16.014+0000] {processor.py:178} INFO - Processing /home/airflow/.local/lib/python3.7/site-packages/airflow/example_dags/example_xcom.py took 1.519 seconds
[2022-10-05T00:18:54.497+0000] {processor.py:156} INFO - Started process (PID=40) to work on /home/airflow/.local/lib/python3.7/site-packages/airflow/example_dags/example_xcom.py
[2022-10-05T00:18:54.509+0000] {processor.py:758} INFO - Processing file /home/airflow/.local/lib/python3.7/site-packages/airflow/example_dags/example_xcom.py for tasks to queue
[2022-10-05T00:18:54.514+0000] {logging_mixin.py:117} INFO - [2022-10-05T00:18:54.514+0000] {dagbag.py:525} INFO - Filling up the DagBag from /home/airflow/.local/lib/python3.7/site-packages/airflow/example_dags/example_xcom.py
[2022-10-05T00:18:54.819+0000] {processor.py:768} INFO - DAG(s) dict_keys(['example_xcom']) retrieved from /home/airflow/.local/lib/python3.7/site-packages/airflow/example_dags/example_xcom.py
[2022-10-05T00:18:56.306+0000] {logging_mixin.py:117} INFO - [2022-10-05T00:18:56.305+0000] {dag.py:2573} INFO - Sync 1 DAGs
[2022-10-05T00:18:56.424+0000] {logging_mixin.py:117} INFO - [2022-10-05T00:18:56.423+0000] {dag.py:3328} INFO - Setting next_dagrun for example_xcom to 2021-01-01T00:00:00+00:00, run_after=2021-01-01T00:00:00+00:00
[2022-10-05T00:19:06.763+0000] {processor.py:178} INFO - Processing /home/airflow/.local/lib/python3.7/site-packages/airflow/example_dags/example_xcom.py took 12.274 seconds
[2022-10-05T00:20:44.365+0000] {processor.py:156} INFO - Started process (PID=41) to work on /home/airflow/.local/lib/python3.7/site-packages/airflow/example_dags/example_xcom.py
[2022-10-05T00:20:44.381+0000] {processor.py:758} INFO - Processing file /home/airflow/.local/lib/python3.7/site-packages/airflow/example_dags/example_xcom.py for tasks to queue
[2022-10-05T00:20:44.394+0000] {logging_mixin.py:117} INFO - [2022-10-05T00:20:44.394+0000] {dagbag.py:525} INFO - Filling up the DagBag from /home/airflow/.local/lib/python3.7/site-packages/airflow/example_dags/example_xcom.py
[2022-10-05T00:20:44.770+0000] {processor.py:768} INFO - DAG(s) dict_keys(['example_xcom']) retrieved from /home/airflow/.local/lib/python3.7/site-packages/airflow/example_dags/example_xcom.py
[2022-10-05T00:20:46.846+0000] {logging_mixin.py:117} INFO - [2022-10-05T00:20:46.845+0000] {dag.py:2573} INFO - Sync 1 DAGs
[2022-10-05T00:20:46.984+0000] {logging_mixin.py:117} INFO - [2022-10-05T00:20:46.983+0000] {dag.py:3328} INFO - Setting next_dagrun for example_xcom to 2021-01-01T00:00:00+00:00, run_after=2021-01-01T00:00:00+00:00
[2022-10-05T00:20:59.539+0000] {processor.py:178} INFO - Processing /home/airflow/.local/lib/python3.7/site-packages/airflow/example_dags/example_xcom.py took 15.238 seconds
[2022-10-05T00:22:02.342+0000] {processor.py:156} INFO - Started process (PID=114) to work on /home/airflow/.local/lib/python3.7/site-packages/airflow/example_dags/example_xcom.py
[2022-10-05T00:22:02.343+0000] {processor.py:758} INFO - Processing file /home/airflow/.local/lib/python3.7/site-packages/airflow/example_dags/example_xcom.py for tasks to queue
[2022-10-05T00:22:02.344+0000] {logging_mixin.py:117} INFO - [2022-10-05T00:22:02.344+0000] {dagbag.py:525} INFO - Filling up the DagBag from /home/airflow/.local/lib/python3.7/site-packages/airflow/example_dags/example_xcom.py
[2022-10-05T00:22:02.682+0000] {processor.py:768} INFO - DAG(s) dict_keys(['example_xcom']) retrieved from /home/airflow/.local/lib/python3.7/site-packages/airflow/example_dags/example_xcom.py
[2022-10-05T00:22:02.936+0000] {logging_mixin.py:117} INFO - [2022-10-05T00:22:02.930+0000] {dag.py:2573} INFO - Sync 1 DAGs
[2022-10-05T00:22:03.247+0000] {logging_mixin.py:117} INFO - [2022-10-05T00:22:03.243+0000] {dag.py:3328} INFO - Setting next_dagrun for example_xcom to 2021-01-01T00:00:00+00:00, run_after=2021-01-01T00:00:00+00:00
[2022-10-05T00:22:03.742+0000] {processor.py:178} INFO - Processing /home/airflow/.local/lib/python3.7/site-packages/airflow/example_dags/example_xcom.py took 1.411 seconds
[2022-10-05T00:22:44.283+0000] {processor.py:156} INFO - Started process (PID=41) to work on /home/airflow/.local/lib/python3.7/site-packages/airflow/example_dags/example_xcom.py
[2022-10-05T00:22:44.298+0000] {processor.py:758} INFO - Processing file /home/airflow/.local/lib/python3.7/site-packages/airflow/example_dags/example_xcom.py for tasks to queue
[2022-10-05T00:22:44.302+0000] {logging_mixin.py:117} INFO - [2022-10-05T00:22:44.302+0000] {dagbag.py:525} INFO - Filling up the DagBag from /home/airflow/.local/lib/python3.7/site-packages/airflow/example_dags/example_xcom.py
[2022-10-05T00:22:44.457+0000] {processor.py:768} INFO - DAG(s) dict_keys(['example_xcom']) retrieved from /home/airflow/.local/lib/python3.7/site-packages/airflow/example_dags/example_xcom.py
[2022-10-05T00:22:45.771+0000] {logging_mixin.py:117} INFO - [2022-10-05T00:22:45.771+0000] {dag.py:2573} INFO - Sync 1 DAGs
[2022-10-05T00:22:45.855+0000] {logging_mixin.py:117} INFO - [2022-10-05T00:22:45.855+0000] {dag.py:3328} INFO - Setting next_dagrun for example_xcom to 2021-01-01T00:00:00+00:00, run_after=2021-01-01T00:00:00+00:00
[2022-10-05T00:22:58.900+0000] {processor.py:178} INFO - Processing /home/airflow/.local/lib/python3.7/site-packages/airflow/example_dags/example_xcom.py took 14.629 seconds
[2022-10-05T00:24:47.889+0000] {processor.py:156} INFO - Started process (PID=41) to work on /home/airflow/.local/lib/python3.7/site-packages/airflow/example_dags/example_xcom.py
[2022-10-05T00:24:47.901+0000] {processor.py:758} INFO - Processing file /home/airflow/.local/lib/python3.7/site-packages/airflow/example_dags/example_xcom.py for tasks to queue
[2022-10-05T00:24:47.906+0000] {logging_mixin.py:117} INFO - [2022-10-05T00:24:47.905+0000] {dagbag.py:525} INFO - Filling up the DagBag from /home/airflow/.local/lib/python3.7/site-packages/airflow/example_dags/example_xcom.py
[2022-10-05T00:24:48.278+0000] {processor.py:768} INFO - DAG(s) dict_keys(['example_xcom']) retrieved from /home/airflow/.local/lib/python3.7/site-packages/airflow/example_dags/example_xcom.py
[2022-10-05T00:24:49.738+0000] {logging_mixin.py:117} INFO - [2022-10-05T00:24:49.738+0000] {dag.py:2573} INFO - Sync 1 DAGs
[2022-10-05T00:24:49.871+0000] {logging_mixin.py:117} INFO - [2022-10-05T00:24:49.871+0000] {dag.py:3328} INFO - Setting next_dagrun for example_xcom to 2021-01-01T00:00:00+00:00, run_after=2021-01-01T00:00:00+00:00
[2022-10-05T00:24:59.565+0000] {processor.py:178} INFO - Processing /home/airflow/.local/lib/python3.7/site-packages/airflow/example_dags/example_xcom.py took 11.682 seconds
[2022-10-05T00:27:30.409+0000] {processor.py:156} INFO - Started process (PID=56) to work on /home/airflow/.local/lib/python3.7/site-packages/airflow/example_dags/example_xcom.py
[2022-10-05T00:27:30.426+0000] {processor.py:758} INFO - Processing file /home/airflow/.local/lib/python3.7/site-packages/airflow/example_dags/example_xcom.py for tasks to queue
[2022-10-05T00:27:30.435+0000] {logging_mixin.py:117} INFO - [2022-10-05T00:27:30.434+0000] {dagbag.py:525} INFO - Filling up the DagBag from /home/airflow/.local/lib/python3.7/site-packages/airflow/example_dags/example_xcom.py
[2022-10-05T00:27:30.807+0000] {processor.py:768} INFO - DAG(s) dict_keys(['example_xcom']) retrieved from /home/airflow/.local/lib/python3.7/site-packages/airflow/example_dags/example_xcom.py
[2022-10-05T00:27:32.733+0000] {logging_mixin.py:117} INFO - [2022-10-05T00:27:32.733+0000] {dag.py:2573} INFO - Sync 1 DAGs
[2022-10-05T00:27:33.015+0000] {logging_mixin.py:117} INFO - [2022-10-05T00:27:33.015+0000] {dag.py:3328} INFO - Setting next_dagrun for example_xcom to 2021-01-01T00:00:00+00:00, run_after=2021-01-01T00:00:00+00:00
[2022-10-05T00:27:42.912+0000] {processor.py:178} INFO - Processing /home/airflow/.local/lib/python3.7/site-packages/airflow/example_dags/example_xcom.py took 12.532 seconds
[2022-10-05T00:30:16.455+0000] {processor.py:156} INFO - Started process (PID=52) to work on /home/airflow/.local/lib/python3.7/site-packages/airflow/example_dags/example_xcom.py
[2022-10-05T00:30:16.459+0000] {processor.py:758} INFO - Processing file /home/airflow/.local/lib/python3.7/site-packages/airflow/example_dags/example_xcom.py for tasks to queue
[2022-10-05T00:30:16.462+0000] {logging_mixin.py:117} INFO - [2022-10-05T00:30:16.462+0000] {dagbag.py:525} INFO - Filling up the DagBag from /home/airflow/.local/lib/python3.7/site-packages/airflow/example_dags/example_xcom.py
[2022-10-05T00:30:16.644+0000] {processor.py:768} INFO - DAG(s) dict_keys(['example_xcom']) retrieved from /home/airflow/.local/lib/python3.7/site-packages/airflow/example_dags/example_xcom.py
[2022-10-05T00:30:17.935+0000] {logging_mixin.py:117} INFO - [2022-10-05T00:30:17.918+0000] {dag.py:2573} INFO - Sync 1 DAGs
[2022-10-05T00:30:18.168+0000] {logging_mixin.py:117} INFO - [2022-10-05T00:30:18.168+0000] {dag.py:3328} INFO - Setting next_dagrun for example_xcom to 2021-01-01T00:00:00+00:00, run_after=2021-01-01T00:00:00+00:00
[2022-10-05T00:30:19.891+0000] {processor.py:178} INFO - Processing /home/airflow/.local/lib/python3.7/site-packages/airflow/example_dags/example_xcom.py took 3.452 seconds
[2022-10-05T00:31:44.356+0000] {processor.py:156} INFO - Started process (PID=134) to work on /home/airflow/.local/lib/python3.7/site-packages/airflow/example_dags/example_xcom.py
[2022-10-05T00:31:44.365+0000] {processor.py:758} INFO - Processing file /home/airflow/.local/lib/python3.7/site-packages/airflow/example_dags/example_xcom.py for tasks to queue
[2022-10-05T00:31:44.372+0000] {logging_mixin.py:117} INFO - [2022-10-05T00:31:44.372+0000] {dagbag.py:525} INFO - Filling up the DagBag from /home/airflow/.local/lib/python3.7/site-packages/airflow/example_dags/example_xcom.py
[2022-10-05T00:31:46.967+0000] {processor.py:768} INFO - DAG(s) dict_keys(['example_xcom']) retrieved from /home/airflow/.local/lib/python3.7/site-packages/airflow/example_dags/example_xcom.py
[2022-10-05T00:31:48.376+0000] {logging_mixin.py:117} INFO - [2022-10-05T00:31:48.374+0000] {dag.py:2573} INFO - Sync 1 DAGs
[2022-10-05T00:31:48.453+0000] {logging_mixin.py:117} INFO - [2022-10-05T00:31:48.453+0000] {dag.py:3328} INFO - Setting next_dagrun for example_xcom to 2021-01-01T00:00:00+00:00, run_after=2021-01-01T00:00:00+00:00
[2022-10-05T00:31:48.739+0000] {processor.py:178} INFO - Processing /home/airflow/.local/lib/python3.7/site-packages/airflow/example_dags/example_xcom.py took 4.416 seconds
[2022-10-05T00:32:34.455+0000] {processor.py:156} INFO - Started process (PID=42) to work on /home/airflow/.local/lib/python3.7/site-packages/airflow/example_dags/example_xcom.py
[2022-10-05T00:32:34.461+0000] {processor.py:758} INFO - Processing file /home/airflow/.local/lib/python3.7/site-packages/airflow/example_dags/example_xcom.py for tasks to queue
[2022-10-05T00:32:34.463+0000] {logging_mixin.py:117} INFO - [2022-10-05T00:32:34.462+0000] {dagbag.py:525} INFO - Filling up the DagBag from /home/airflow/.local/lib/python3.7/site-packages/airflow/example_dags/example_xcom.py
[2022-10-05T00:32:34.677+0000] {processor.py:768} INFO - DAG(s) dict_keys(['example_xcom']) retrieved from /home/airflow/.local/lib/python3.7/site-packages/airflow/example_dags/example_xcom.py
[2022-10-05T00:32:36.390+0000] {logging_mixin.py:117} INFO - [2022-10-05T00:32:36.390+0000] {dag.py:2573} INFO - Sync 1 DAGs
[2022-10-05T00:32:36.447+0000] {logging_mixin.py:117} INFO - [2022-10-05T00:32:36.446+0000] {dag.py:3328} INFO - Setting next_dagrun for example_xcom to 2021-01-01T00:00:00+00:00, run_after=2021-01-01T00:00:00+00:00
[2022-10-05T00:32:46.745+0000] {processor.py:178} INFO - Processing /home/airflow/.local/lib/python3.7/site-packages/airflow/example_dags/example_xcom.py took 12.316 seconds
[2022-10-05T00:34:23.890+0000] {processor.py:156} INFO - Started process (PID=41) to work on /home/airflow/.local/lib/python3.7/site-packages/airflow/example_dags/example_xcom.py
[2022-10-05T00:34:23.910+0000] {processor.py:758} INFO - Processing file /home/airflow/.local/lib/python3.7/site-packages/airflow/example_dags/example_xcom.py for tasks to queue
[2022-10-05T00:34:23.920+0000] {logging_mixin.py:117} INFO - [2022-10-05T00:34:23.920+0000] {dagbag.py:525} INFO - Filling up the DagBag from /home/airflow/.local/lib/python3.7/site-packages/airflow/example_dags/example_xcom.py
[2022-10-05T00:34:24.209+0000] {processor.py:768} INFO - DAG(s) dict_keys(['example_xcom']) retrieved from /home/airflow/.local/lib/python3.7/site-packages/airflow/example_dags/example_xcom.py
[2022-10-05T00:34:25.550+0000] {logging_mixin.py:117} INFO - [2022-10-05T00:34:25.550+0000] {dag.py:2573} INFO - Sync 1 DAGs
[2022-10-05T00:34:25.656+0000] {logging_mixin.py:117} INFO - [2022-10-05T00:34:25.656+0000] {dag.py:3328} INFO - Setting next_dagrun for example_xcom to 2021-01-01T00:00:00+00:00, run_after=2021-01-01T00:00:00+00:00
[2022-10-05T00:34:35.214+0000] {processor.py:178} INFO - Processing /home/airflow/.local/lib/python3.7/site-packages/airflow/example_dags/example_xcom.py took 11.355 seconds
[2022-10-05T00:36:35.111+0000] {processor.py:156} INFO - Started process (PID=50) to work on /home/airflow/.local/lib/python3.7/site-packages/airflow/example_dags/example_xcom.py
[2022-10-05T00:36:35.122+0000] {processor.py:758} INFO - Processing file /home/airflow/.local/lib/python3.7/site-packages/airflow/example_dags/example_xcom.py for tasks to queue
[2022-10-05T00:36:35.124+0000] {logging_mixin.py:117} INFO - [2022-10-05T00:36:35.123+0000] {dagbag.py:525} INFO - Filling up the DagBag from /home/airflow/.local/lib/python3.7/site-packages/airflow/example_dags/example_xcom.py
[2022-10-05T00:36:35.494+0000] {processor.py:768} INFO - DAG(s) dict_keys(['example_xcom']) retrieved from /home/airflow/.local/lib/python3.7/site-packages/airflow/example_dags/example_xcom.py
[2022-10-05T00:36:36.769+0000] {logging_mixin.py:117} INFO - [2022-10-05T00:36:36.768+0000] {dag.py:2573} INFO - Sync 1 DAGs
[2022-10-05T00:36:36.904+0000] {logging_mixin.py:117} INFO - [2022-10-05T00:36:36.904+0000] {dag.py:3328} INFO - Setting next_dagrun for example_xcom to 2021-01-01T00:00:00+00:00, run_after=2021-01-01T00:00:00+00:00
[2022-10-05T00:36:45.534+0000] {processor.py:178} INFO - Processing /home/airflow/.local/lib/python3.7/site-packages/airflow/example_dags/example_xcom.py took 10.448 seconds
[2022-10-05T00:37:56.230+0000] {processor.py:156} INFO - Started process (PID=115) to work on /home/airflow/.local/lib/python3.7/site-packages/airflow/example_dags/example_xcom.py
[2022-10-05T00:37:56.241+0000] {processor.py:758} INFO - Processing file /home/airflow/.local/lib/python3.7/site-packages/airflow/example_dags/example_xcom.py for tasks to queue
[2022-10-05T00:37:56.246+0000] {logging_mixin.py:117} INFO - [2022-10-05T00:37:56.246+0000] {dagbag.py:525} INFO - Filling up the DagBag from /home/airflow/.local/lib/python3.7/site-packages/airflow/example_dags/example_xcom.py
[2022-10-05T00:38:39.727+0000] {processor.py:156} INFO - Started process (PID=41) to work on /home/airflow/.local/lib/python3.7/site-packages/airflow/example_dags/example_xcom.py
[2022-10-05T00:38:39.740+0000] {processor.py:758} INFO - Processing file /home/airflow/.local/lib/python3.7/site-packages/airflow/example_dags/example_xcom.py for tasks to queue
[2022-10-05T00:38:39.741+0000] {logging_mixin.py:117} INFO - [2022-10-05T00:38:39.741+0000] {dagbag.py:525} INFO - Filling up the DagBag from /home/airflow/.local/lib/python3.7/site-packages/airflow/example_dags/example_xcom.py
[2022-10-05T00:38:39.950+0000] {processor.py:768} INFO - DAG(s) dict_keys(['example_xcom']) retrieved from /home/airflow/.local/lib/python3.7/site-packages/airflow/example_dags/example_xcom.py
[2022-10-05T00:38:41.133+0000] {logging_mixin.py:117} INFO - [2022-10-05T00:38:41.133+0000] {dag.py:2573} INFO - Sync 1 DAGs
[2022-10-05T00:38:41.199+0000] {logging_mixin.py:117} INFO - [2022-10-05T00:38:41.199+0000] {dag.py:3328} INFO - Setting next_dagrun for example_xcom to 2021-01-01T00:00:00+00:00, run_after=2021-01-01T00:00:00+00:00
[2022-10-05T00:38:52.658+0000] {processor.py:178} INFO - Processing /home/airflow/.local/lib/python3.7/site-packages/airflow/example_dags/example_xcom.py took 12.944 seconds
[2022-10-05T00:40:03.764+0000] {processor.py:156} INFO - Started process (PID=118) to work on /home/airflow/.local/lib/python3.7/site-packages/airflow/example_dags/example_xcom.py
[2022-10-05T00:40:03.778+0000] {processor.py:758} INFO - Processing file /home/airflow/.local/lib/python3.7/site-packages/airflow/example_dags/example_xcom.py for tasks to queue
[2022-10-05T00:40:03.782+0000] {logging_mixin.py:117} INFO - [2022-10-05T00:40:03.781+0000] {dagbag.py:525} INFO - Filling up the DagBag from /home/airflow/.local/lib/python3.7/site-packages/airflow/example_dags/example_xcom.py
[2022-10-05T00:40:55.135+0000] {processor.py:156} INFO - Started process (PID=49) to work on /home/airflow/.local/lib/python3.7/site-packages/airflow/example_dags/example_xcom.py
[2022-10-05T00:40:55.148+0000] {processor.py:758} INFO - Processing file /home/airflow/.local/lib/python3.7/site-packages/airflow/example_dags/example_xcom.py for tasks to queue
[2022-10-05T00:40:55.158+0000] {logging_mixin.py:117} INFO - [2022-10-05T00:40:55.158+0000] {dagbag.py:525} INFO - Filling up the DagBag from /home/airflow/.local/lib/python3.7/site-packages/airflow/example_dags/example_xcom.py
[2022-10-05T00:40:55.466+0000] {processor.py:768} INFO - DAG(s) dict_keys(['example_xcom']) retrieved from /home/airflow/.local/lib/python3.7/site-packages/airflow/example_dags/example_xcom.py
[2022-10-05T00:40:57.406+0000] {logging_mixin.py:117} INFO - [2022-10-05T00:40:57.405+0000] {dag.py:2573} INFO - Sync 1 DAGs
[2022-10-05T00:40:57.606+0000] {logging_mixin.py:117} INFO - [2022-10-05T00:40:57.605+0000] {dag.py:3328} INFO - Setting next_dagrun for example_xcom to 2021-01-01T00:00:00+00:00, run_after=2021-01-01T00:00:00+00:00
[2022-10-05T00:41:05.933+0000] {processor.py:178} INFO - Processing /home/airflow/.local/lib/python3.7/site-packages/airflow/example_dags/example_xcom.py took 10.817 seconds
[2022-10-05T00:43:02.614+0000] {processor.py:156} INFO - Started process (PID=43) to work on /home/airflow/.local/lib/python3.7/site-packages/airflow/example_dags/example_xcom.py
[2022-10-05T00:43:02.617+0000] {processor.py:758} INFO - Processing file /home/airflow/.local/lib/python3.7/site-packages/airflow/example_dags/example_xcom.py for tasks to queue
[2022-10-05T00:43:02.627+0000] {logging_mixin.py:117} INFO - [2022-10-05T00:43:02.626+0000] {dagbag.py:525} INFO - Filling up the DagBag from /home/airflow/.local/lib/python3.7/site-packages/airflow/example_dags/example_xcom.py
[2022-10-05T00:43:02.847+0000] {processor.py:768} INFO - DAG(s) dict_keys(['example_xcom']) retrieved from /home/airflow/.local/lib/python3.7/site-packages/airflow/example_dags/example_xcom.py
[2022-10-05T00:43:04.140+0000] {logging_mixin.py:117} INFO - [2022-10-05T00:43:04.140+0000] {dag.py:2573} INFO - Sync 1 DAGs
[2022-10-05T00:43:04.217+0000] {logging_mixin.py:117} INFO - [2022-10-05T00:43:04.217+0000] {dag.py:3328} INFO - Setting next_dagrun for example_xcom to 2021-01-01T00:00:00+00:00, run_after=2021-01-01T00:00:00+00:00
[2022-10-05T00:43:14.790+0000] {processor.py:178} INFO - Processing /home/airflow/.local/lib/python3.7/site-packages/airflow/example_dags/example_xcom.py took 12.193 seconds
[2022-10-05T00:45:57.128+0000] {processor.py:156} INFO - Started process (PID=51) to work on /home/airflow/.local/lib/python3.7/site-packages/airflow/example_dags/example_xcom.py
[2022-10-05T00:45:57.132+0000] {processor.py:758} INFO - Processing file /home/airflow/.local/lib/python3.7/site-packages/airflow/example_dags/example_xcom.py for tasks to queue
[2022-10-05T00:45:57.135+0000] {logging_mixin.py:117} INFO - [2022-10-05T00:45:57.135+0000] {dagbag.py:525} INFO - Filling up the DagBag from /home/airflow/.local/lib/python3.7/site-packages/airflow/example_dags/example_xcom.py
[2022-10-05T00:45:57.268+0000] {processor.py:768} INFO - DAG(s) dict_keys(['example_xcom']) retrieved from /home/airflow/.local/lib/python3.7/site-packages/airflow/example_dags/example_xcom.py
[2022-10-05T00:45:58.049+0000] {logging_mixin.py:117} INFO - [2022-10-05T00:45:58.049+0000] {dag.py:2573} INFO - Sync 1 DAGs
[2022-10-05T00:45:58.119+0000] {logging_mixin.py:117} INFO - [2022-10-05T00:45:58.119+0000] {dag.py:3328} INFO - Setting next_dagrun for example_xcom to 2021-01-01T00:00:00+00:00, run_after=2021-01-01T00:00:00+00:00
[2022-10-05T00:45:58.190+0000] {processor.py:178} INFO - Processing /home/airflow/.local/lib/python3.7/site-packages/airflow/example_dags/example_xcom.py took 1.073 seconds
[2022-10-05T00:48:46.559+0000] {processor.py:156} INFO - Started process (PID=50) to work on /home/airflow/.local/lib/python3.7/site-packages/airflow/example_dags/example_xcom.py
[2022-10-05T00:48:46.563+0000] {processor.py:758} INFO - Processing file /home/airflow/.local/lib/python3.7/site-packages/airflow/example_dags/example_xcom.py for tasks to queue
[2022-10-05T00:48:46.565+0000] {logging_mixin.py:117} INFO - [2022-10-05T00:48:46.564+0000] {dagbag.py:525} INFO - Filling up the DagBag from /home/airflow/.local/lib/python3.7/site-packages/airflow/example_dags/example_xcom.py
[2022-10-05T00:48:46.611+0000] {processor.py:768} INFO - DAG(s) dict_keys(['example_xcom']) retrieved from /home/airflow/.local/lib/python3.7/site-packages/airflow/example_dags/example_xcom.py
[2022-10-05T00:48:47.383+0000] {logging_mixin.py:117} INFO - [2022-10-05T00:48:47.376+0000] {dag.py:2573} INFO - Sync 1 DAGs
[2022-10-05T00:48:48.675+0000] {logging_mixin.py:117} INFO - [2022-10-05T00:48:48.670+0000] {dag.py:3328} INFO - Setting next_dagrun for example_xcom to 2021-01-01T00:00:00+00:00, run_after=2021-01-01T00:00:00+00:00
[2022-10-05T00:48:51.547+0000] {processor.py:178} INFO - Processing /home/airflow/.local/lib/python3.7/site-packages/airflow/example_dags/example_xcom.py took 4.995 seconds
[2022-10-05T00:51:22.673+0000] {processor.py:156} INFO - Started process (PID=51) to work on /home/airflow/.local/lib/python3.7/site-packages/airflow/example_dags/example_xcom.py
[2022-10-05T00:51:22.680+0000] {processor.py:758} INFO - Processing file /home/airflow/.local/lib/python3.7/site-packages/airflow/example_dags/example_xcom.py for tasks to queue
[2022-10-05T00:51:22.688+0000] {logging_mixin.py:117} INFO - [2022-10-05T00:51:22.688+0000] {dagbag.py:525} INFO - Filling up the DagBag from /home/airflow/.local/lib/python3.7/site-packages/airflow/example_dags/example_xcom.py
[2022-10-05T00:51:22.945+0000] {processor.py:768} INFO - DAG(s) dict_keys(['example_xcom']) retrieved from /home/airflow/.local/lib/python3.7/site-packages/airflow/example_dags/example_xcom.py
[2022-10-05T00:51:26.301+0000] {logging_mixin.py:117} INFO - [2022-10-05T00:51:26.295+0000] {dag.py:2573} INFO - Sync 1 DAGs
[2022-10-05T00:51:26.513+0000] {logging_mixin.py:117} INFO - [2022-10-05T00:51:26.513+0000] {dag.py:3328} INFO - Setting next_dagrun for example_xcom to 2021-01-01T00:00:00+00:00, run_after=2021-01-01T00:00:00+00:00
[2022-10-05T00:51:29.632+0000] {processor.py:178} INFO - Processing /home/airflow/.local/lib/python3.7/site-packages/airflow/example_dags/example_xcom.py took 6.964 seconds
[2022-10-05T00:52:37.140+0000] {processor.py:156} INFO - Started process (PID=123) to work on /home/airflow/.local/lib/python3.7/site-packages/airflow/example_dags/example_xcom.py
[2022-10-05T00:52:37.144+0000] {processor.py:758} INFO - Processing file /home/airflow/.local/lib/python3.7/site-packages/airflow/example_dags/example_xcom.py for tasks to queue
[2022-10-05T00:52:37.149+0000] {logging_mixin.py:117} INFO - [2022-10-05T00:52:37.149+0000] {dagbag.py:525} INFO - Filling up the DagBag from /home/airflow/.local/lib/python3.7/site-packages/airflow/example_dags/example_xcom.py
[2022-10-05T00:54:02.055+0000] {processor.py:156} INFO - Started process (PID=43) to work on /home/airflow/.local/lib/python3.7/site-packages/airflow/example_dags/example_xcom.py
[2022-10-05T00:54:02.056+0000] {processor.py:758} INFO - Processing file /home/airflow/.local/lib/python3.7/site-packages/airflow/example_dags/example_xcom.py for tasks to queue
[2022-10-05T00:54:02.057+0000] {logging_mixin.py:117} INFO - [2022-10-05T00:54:02.057+0000] {dagbag.py:525} INFO - Filling up the DagBag from /home/airflow/.local/lib/python3.7/site-packages/airflow/example_dags/example_xcom.py
[2022-10-05T00:54:02.119+0000] {processor.py:768} INFO - DAG(s) dict_keys(['example_xcom']) retrieved from /home/airflow/.local/lib/python3.7/site-packages/airflow/example_dags/example_xcom.py
[2022-10-05T00:54:02.621+0000] {logging_mixin.py:117} INFO - [2022-10-05T00:54:02.620+0000] {dag.py:2573} INFO - Sync 1 DAGs
[2022-10-05T00:54:02.684+0000] {logging_mixin.py:117} INFO - [2022-10-05T00:54:02.683+0000] {dag.py:3328} INFO - Setting next_dagrun for example_xcom to 2021-01-01T00:00:00+00:00, run_after=2021-01-01T00:00:00+00:00
[2022-10-05T00:54:05.159+0000] {processor.py:178} INFO - Processing /home/airflow/.local/lib/python3.7/site-packages/airflow/example_dags/example_xcom.py took 3.109 seconds
[2022-10-05T00:55:55.487+0000] {processor.py:156} INFO - Started process (PID=52) to work on /home/airflow/.local/lib/python3.7/site-packages/airflow/example_dags/example_xcom.py
[2022-10-05T00:55:55.494+0000] {processor.py:758} INFO - Processing file /home/airflow/.local/lib/python3.7/site-packages/airflow/example_dags/example_xcom.py for tasks to queue
[2022-10-05T00:55:55.501+0000] {logging_mixin.py:117} INFO - [2022-10-05T00:55:55.500+0000] {dagbag.py:525} INFO - Filling up the DagBag from /home/airflow/.local/lib/python3.7/site-packages/airflow/example_dags/example_xcom.py
[2022-10-05T00:55:55.957+0000] {processor.py:768} INFO - DAG(s) dict_keys(['example_xcom']) retrieved from /home/airflow/.local/lib/python3.7/site-packages/airflow/example_dags/example_xcom.py
[2022-10-05T00:55:57.688+0000] {logging_mixin.py:117} INFO - [2022-10-05T00:55:57.684+0000] {dag.py:2573} INFO - Sync 1 DAGs
[2022-10-05T00:55:57.852+0000] {logging_mixin.py:117} INFO - [2022-10-05T00:55:57.852+0000] {dag.py:3328} INFO - Setting next_dagrun for example_xcom to 2021-01-01T00:00:00+00:00, run_after=2021-01-01T00:00:00+00:00
[2022-10-05T00:55:59.236+0000] {processor.py:178} INFO - Processing /home/airflow/.local/lib/python3.7/site-packages/airflow/example_dags/example_xcom.py took 3.760 seconds
[2022-10-05T00:58:08.205+0000] {processor.py:156} INFO - Started process (PID=50) to work on /home/airflow/.local/lib/python3.7/site-packages/airflow/example_dags/example_xcom.py
[2022-10-05T00:58:08.224+0000] {processor.py:758} INFO - Processing file /home/airflow/.local/lib/python3.7/site-packages/airflow/example_dags/example_xcom.py for tasks to queue
[2022-10-05T00:58:08.234+0000] {logging_mixin.py:117} INFO - [2022-10-05T00:58:08.232+0000] {dagbag.py:525} INFO - Filling up the DagBag from /home/airflow/.local/lib/python3.7/site-packages/airflow/example_dags/example_xcom.py
[2022-10-05T00:58:08.622+0000] {processor.py:768} INFO - DAG(s) dict_keys(['example_xcom']) retrieved from /home/airflow/.local/lib/python3.7/site-packages/airflow/example_dags/example_xcom.py
[2022-10-05T00:58:12.575+0000] {logging_mixin.py:117} INFO - [2022-10-05T00:58:12.568+0000] {dag.py:2573} INFO - Sync 1 DAGs
[2022-10-05T00:58:14.701+0000] {logging_mixin.py:117} INFO - [2022-10-05T00:58:14.698+0000] {dag.py:3328} INFO - Setting next_dagrun for example_xcom to 2021-01-01T00:00:00+00:00, run_after=2021-01-01T00:00:00+00:00
[2022-10-05T00:58:15.981+0000] {processor.py:178} INFO - Processing /home/airflow/.local/lib/python3.7/site-packages/airflow/example_dags/example_xcom.py took 7.793 seconds
[2022-10-05T01:00:29.868+0000] {processor.py:156} INFO - Started process (PID=52) to work on /home/airflow/.local/lib/python3.7/site-packages/airflow/example_dags/example_xcom.py
[2022-10-05T01:00:29.872+0000] {processor.py:758} INFO - Processing file /home/airflow/.local/lib/python3.7/site-packages/airflow/example_dags/example_xcom.py for tasks to queue
[2022-10-05T01:00:29.875+0000] {logging_mixin.py:117} INFO - [2022-10-05T01:00:29.874+0000] {dagbag.py:525} INFO - Filling up the DagBag from /home/airflow/.local/lib/python3.7/site-packages/airflow/example_dags/example_xcom.py
[2022-10-05T01:00:30.083+0000] {processor.py:768} INFO - DAG(s) dict_keys(['example_xcom']) retrieved from /home/airflow/.local/lib/python3.7/site-packages/airflow/example_dags/example_xcom.py
[2022-10-05T01:00:30.387+0000] {logging_mixin.py:117} INFO - [2022-10-05T01:00:30.387+0000] {dag.py:2573} INFO - Sync 1 DAGs
[2022-10-05T01:00:30.419+0000] {logging_mixin.py:117} INFO - [2022-10-05T01:00:30.419+0000] {dag.py:3328} INFO - Setting next_dagrun for example_xcom to 2021-01-01T00:00:00+00:00, run_after=2021-01-01T00:00:00+00:00
[2022-10-05T01:00:30.598+0000] {processor.py:178} INFO - Processing /home/airflow/.local/lib/python3.7/site-packages/airflow/example_dags/example_xcom.py took 0.741 seconds
[2022-10-05T01:02:11.041+0000] {processor.py:156} INFO - Started process (PID=126) to work on /home/airflow/.local/lib/python3.7/site-packages/airflow/example_dags/example_xcom.py
[2022-10-05T01:02:11.043+0000] {processor.py:758} INFO - Processing file /home/airflow/.local/lib/python3.7/site-packages/airflow/example_dags/example_xcom.py for tasks to queue
[2022-10-05T01:02:11.044+0000] {logging_mixin.py:117} INFO - [2022-10-05T01:02:11.044+0000] {dagbag.py:525} INFO - Filling up the DagBag from /home/airflow/.local/lib/python3.7/site-packages/airflow/example_dags/example_xcom.py
[2022-10-05T01:02:11.502+0000] {processor.py:768} INFO - DAG(s) dict_keys(['example_xcom']) retrieved from /home/airflow/.local/lib/python3.7/site-packages/airflow/example_dags/example_xcom.py
[2022-10-05T01:02:11.620+0000] {logging_mixin.py:117} INFO - [2022-10-05T01:02:11.619+0000] {dag.py:2573} INFO - Sync 1 DAGs
[2022-10-05T01:02:11.712+0000] {logging_mixin.py:117} INFO - [2022-10-05T01:02:11.711+0000] {dag.py:3328} INFO - Setting next_dagrun for example_xcom to 2021-01-01T00:00:00+00:00, run_after=2021-01-01T00:00:00+00:00
[2022-10-05T01:02:12.016+0000] {processor.py:178} INFO - Processing /home/airflow/.local/lib/python3.7/site-packages/airflow/example_dags/example_xcom.py took 0.987 seconds
[2022-10-05T01:03:49.800+0000] {processor.py:156} INFO - Started process (PID=51) to work on /home/airflow/.local/lib/python3.7/site-packages/airflow/example_dags/example_xcom.py
[2022-10-05T01:03:49.801+0000] {processor.py:758} INFO - Processing file /home/airflow/.local/lib/python3.7/site-packages/airflow/example_dags/example_xcom.py for tasks to queue
[2022-10-05T01:03:49.804+0000] {logging_mixin.py:117} INFO - [2022-10-05T01:03:49.804+0000] {dagbag.py:525} INFO - Filling up the DagBag from /home/airflow/.local/lib/python3.7/site-packages/airflow/example_dags/example_xcom.py
[2022-10-05T01:03:49.941+0000] {processor.py:768} INFO - DAG(s) dict_keys(['example_xcom']) retrieved from /home/airflow/.local/lib/python3.7/site-packages/airflow/example_dags/example_xcom.py
[2022-10-05T01:03:51.832+0000] {logging_mixin.py:117} INFO - [2022-10-05T01:03:51.830+0000] {dag.py:2573} INFO - Sync 1 DAGs
[2022-10-05T01:03:51.940+0000] {logging_mixin.py:117} INFO - [2022-10-05T01:03:51.939+0000] {dag.py:3328} INFO - Setting next_dagrun for example_xcom to 2021-01-01T00:00:00+00:00, run_after=2021-01-01T00:00:00+00:00
[2022-10-05T01:04:02.526+0000] {processor.py:178} INFO - Processing /home/airflow/.local/lib/python3.7/site-packages/airflow/example_dags/example_xcom.py took 12.726 seconds
[2022-10-05T01:06:04.122+0000] {processor.py:156} INFO - Started process (PID=51) to work on /home/airflow/.local/lib/python3.7/site-packages/airflow/example_dags/example_xcom.py
[2022-10-05T01:06:04.127+0000] {processor.py:758} INFO - Processing file /home/airflow/.local/lib/python3.7/site-packages/airflow/example_dags/example_xcom.py for tasks to queue
[2022-10-05T01:06:04.138+0000] {logging_mixin.py:117} INFO - [2022-10-05T01:06:04.137+0000] {dagbag.py:525} INFO - Filling up the DagBag from /home/airflow/.local/lib/python3.7/site-packages/airflow/example_dags/example_xcom.py
[2022-10-05T01:06:04.349+0000] {processor.py:768} INFO - DAG(s) dict_keys(['example_xcom']) retrieved from /home/airflow/.local/lib/python3.7/site-packages/airflow/example_dags/example_xcom.py
[2022-10-05T01:06:06.052+0000] {logging_mixin.py:117} INFO - [2022-10-05T01:06:06.052+0000] {dag.py:2573} INFO - Sync 1 DAGs
[2022-10-05T01:06:06.088+0000] {logging_mixin.py:117} INFO - [2022-10-05T01:06:06.087+0000] {dag.py:3328} INFO - Setting next_dagrun for example_xcom to 2021-01-01T00:00:00+00:00, run_after=2021-01-01T00:00:00+00:00
[2022-10-05T01:06:07.605+0000] {processor.py:178} INFO - Processing /home/airflow/.local/lib/python3.7/site-packages/airflow/example_dags/example_xcom.py took 3.495 seconds
[2022-10-05T01:08:33.621+0000] {processor.py:156} INFO - Started process (PID=53) to work on /home/airflow/.local/lib/python3.7/site-packages/airflow/example_dags/example_xcom.py
[2022-10-05T01:08:33.661+0000] {processor.py:758} INFO - Processing file /home/airflow/.local/lib/python3.7/site-packages/airflow/example_dags/example_xcom.py for tasks to queue
[2022-10-05T01:08:33.675+0000] {logging_mixin.py:117} INFO - [2022-10-05T01:08:33.675+0000] {dagbag.py:525} INFO - Filling up the DagBag from /home/airflow/.local/lib/python3.7/site-packages/airflow/example_dags/example_xcom.py
[2022-10-05T01:08:34.349+0000] {processor.py:768} INFO - DAG(s) dict_keys(['example_xcom']) retrieved from /home/airflow/.local/lib/python3.7/site-packages/airflow/example_dags/example_xcom.py
[2022-10-05T01:08:38.064+0000] {logging_mixin.py:117} INFO - [2022-10-05T01:08:38.064+0000] {dag.py:2573} INFO - Sync 1 DAGs
[2022-10-05T01:08:38.410+0000] {logging_mixin.py:117} INFO - [2022-10-05T01:08:38.406+0000] {dag.py:3328} INFO - Setting next_dagrun for example_xcom to 2021-01-01T00:00:00+00:00, run_after=2021-01-01T00:00:00+00:00
[2022-10-05T01:08:42.234+0000] {processor.py:178} INFO - Processing /home/airflow/.local/lib/python3.7/site-packages/airflow/example_dags/example_xcom.py took 8.641 seconds
[2022-10-05T01:11:23.994+0000] {processor.py:156} INFO - Started process (PID=42) to work on /home/airflow/.local/lib/python3.7/site-packages/airflow/example_dags/example_xcom.py
[2022-10-05T01:11:23.999+0000] {processor.py:758} INFO - Processing file /home/airflow/.local/lib/python3.7/site-packages/airflow/example_dags/example_xcom.py for tasks to queue
[2022-10-05T01:11:24.000+0000] {logging_mixin.py:117} INFO - [2022-10-05T01:11:24.000+0000] {dagbag.py:525} INFO - Filling up the DagBag from /home/airflow/.local/lib/python3.7/site-packages/airflow/example_dags/example_xcom.py
[2022-10-05T01:11:24.074+0000] {processor.py:768} INFO - DAG(s) dict_keys(['example_xcom']) retrieved from /home/airflow/.local/lib/python3.7/site-packages/airflow/example_dags/example_xcom.py
[2022-10-05T01:11:27.495+0000] {logging_mixin.py:117} INFO - [2022-10-05T01:11:27.493+0000] {dag.py:2573} INFO - Sync 1 DAGs
[2022-10-05T01:11:27.615+0000] {logging_mixin.py:117} INFO - [2022-10-05T01:11:27.613+0000] {dag.py:3328} INFO - Setting next_dagrun for example_xcom to 2021-01-01T00:00:00+00:00, run_after=2021-01-01T00:00:00+00:00
[2022-10-05T01:14:15.743+0000] {processor.py:156} INFO - Started process (PID=125) to work on /home/airflow/.local/lib/python3.7/site-packages/airflow/example_dags/example_xcom.py
[2022-10-05T01:14:15.745+0000] {processor.py:758} INFO - Processing file /home/airflow/.local/lib/python3.7/site-packages/airflow/example_dags/example_xcom.py for tasks to queue
[2022-10-05T01:14:15.745+0000] {logging_mixin.py:117} INFO - [2022-10-05T01:14:15.745+0000] {dagbag.py:525} INFO - Filling up the DagBag from /home/airflow/.local/lib/python3.7/site-packages/airflow/example_dags/example_xcom.py
[2022-10-05T01:14:15.791+0000] {processor.py:768} INFO - DAG(s) dict_keys(['example_xcom']) retrieved from /home/airflow/.local/lib/python3.7/site-packages/airflow/example_dags/example_xcom.py
[2022-10-05T01:14:15.864+0000] {logging_mixin.py:117} INFO - [2022-10-05T01:14:15.864+0000] {dag.py:2573} INFO - Sync 1 DAGs
[2022-10-05T01:14:15.896+0000] {logging_mixin.py:117} INFO - [2022-10-05T01:14:15.896+0000] {dag.py:3328} INFO - Setting next_dagrun for example_xcom to 2021-01-01T00:00:00+00:00, run_after=2021-01-01T00:00:00+00:00
[2022-10-05T01:14:30.652+0000] {processor.py:178} INFO - Processing /home/airflow/.local/lib/python3.7/site-packages/airflow/example_dags/example_xcom.py took 14.913 seconds
[2022-10-05T01:16:30.269+0000] {processor.py:156} INFO - Started process (PID=44) to work on /home/airflow/.local/lib/python3.7/site-packages/airflow/example_dags/example_xcom.py
[2022-10-05T01:16:30.282+0000] {processor.py:758} INFO - Processing file /home/airflow/.local/lib/python3.7/site-packages/airflow/example_dags/example_xcom.py for tasks to queue
[2022-10-05T01:16:30.283+0000] {logging_mixin.py:117} INFO - [2022-10-05T01:16:30.283+0000] {dagbag.py:525} INFO - Filling up the DagBag from /home/airflow/.local/lib/python3.7/site-packages/airflow/example_dags/example_xcom.py
[2022-10-05T01:16:30.463+0000] {processor.py:768} INFO - DAG(s) dict_keys(['example_xcom']) retrieved from /home/airflow/.local/lib/python3.7/site-packages/airflow/example_dags/example_xcom.py
[2022-10-05T01:16:33.295+0000] {logging_mixin.py:117} INFO - [2022-10-05T01:16:33.290+0000] {dag.py:2573} INFO - Sync 1 DAGs
[2022-10-05T01:16:33.404+0000] {logging_mixin.py:117} INFO - [2022-10-05T01:16:33.404+0000] {dag.py:3328} INFO - Setting next_dagrun for example_xcom to 2021-01-01T00:00:00+00:00, run_after=2021-01-01T00:00:00+00:00
[2022-10-05T01:17:01.224+0000] {processor.py:178} INFO - Processing /home/airflow/.local/lib/python3.7/site-packages/airflow/example_dags/example_xcom.py took 30.962 seconds
