[2022-10-05T00:00:57.279+0000] {processor.py:156} INFO - Started process (PID=81) to work on /home/airflow/.local/lib/python3.7/site-packages/airflow/example_dags/example_datasets.py
[2022-10-05T00:00:57.283+0000] {processor.py:758} INFO - Processing file /home/airflow/.local/lib/python3.7/site-packages/airflow/example_dags/example_datasets.py for tasks to queue
[2022-10-05T00:00:57.292+0000] {logging_mixin.py:117} INFO - [2022-10-05T00:00:57.292+0000] {dagbag.py:525} INFO - Filling up the DagBag from /home/airflow/.local/lib/python3.7/site-packages/airflow/example_dags/example_datasets.py
[2022-10-05T00:00:57.453+0000] {processor.py:768} INFO - DAG(s) dict_keys(['dataset_consumes_1_never_scheduled', 'dataset_consumes_1_and_2', 'dataset_produces_1', 'dataset_produces_2', 'dataset_consumes_unknown_never_scheduled', 'dataset_consumes_1']) retrieved from /home/airflow/.local/lib/python3.7/site-packages/airflow/example_dags/example_datasets.py
[2022-10-05T00:00:58.916+0000] {logging_mixin.py:117} INFO - [2022-10-05T00:00:58.916+0000] {dag.py:2573} INFO - Sync 6 DAGs
[2022-10-05T00:00:59.073+0000] {logging_mixin.py:117} INFO - [2022-10-05T00:00:59.073+0000] {dag.py:3328} INFO - Setting next_dagrun for dataset_consumes_1 to None, run_after=None
[2022-10-05T00:00:59.095+0000] {logging_mixin.py:117} INFO - [2022-10-05T00:00:59.095+0000] {dag.py:3328} INFO - Setting next_dagrun for dataset_consumes_1_and_2 to None, run_after=None
[2022-10-05T00:00:59.105+0000] {logging_mixin.py:117} INFO - [2022-10-05T00:00:59.105+0000] {dag.py:3328} INFO - Setting next_dagrun for dataset_consumes_1_never_scheduled to None, run_after=None
[2022-10-05T00:00:59.115+0000] {logging_mixin.py:117} INFO - [2022-10-05T00:00:59.115+0000] {dag.py:3328} INFO - Setting next_dagrun for dataset_consumes_unknown_never_scheduled to None, run_after=None
[2022-10-05T00:00:59.134+0000] {logging_mixin.py:117} INFO - [2022-10-05T00:00:59.134+0000] {dag.py:3328} INFO - Setting next_dagrun for dataset_produces_1 to 2022-10-04T00:00:00+00:00, run_after=2022-10-05T00:00:00+00:00
[2022-10-05T00:00:59.144+0000] {logging_mixin.py:117} INFO - [2022-10-05T00:00:59.144+0000] {dag.py:3328} INFO - Setting next_dagrun for dataset_produces_2 to None, run_after=None
[2022-10-05T00:00:59.396+0000] {processor.py:178} INFO - Processing /home/airflow/.local/lib/python3.7/site-packages/airflow/example_dags/example_datasets.py took 2.145 seconds
[2022-10-05T00:03:13.118+0000] {processor.py:156} INFO - Started process (PID=81) to work on /home/airflow/.local/lib/python3.7/site-packages/airflow/example_dags/example_datasets.py
[2022-10-05T00:03:13.119+0000] {processor.py:758} INFO - Processing file /home/airflow/.local/lib/python3.7/site-packages/airflow/example_dags/example_datasets.py for tasks to queue
[2022-10-05T00:03:13.121+0000] {logging_mixin.py:117} INFO - [2022-10-05T00:03:13.120+0000] {dagbag.py:525} INFO - Filling up the DagBag from /home/airflow/.local/lib/python3.7/site-packages/airflow/example_dags/example_datasets.py
[2022-10-05T00:03:13.209+0000] {processor.py:768} INFO - DAG(s) dict_keys(['dataset_produces_1', 'dataset_consumes_1_and_2', 'dataset_produces_2', 'dataset_consumes_1_never_scheduled', 'dataset_consumes_unknown_never_scheduled', 'dataset_consumes_1']) retrieved from /home/airflow/.local/lib/python3.7/site-packages/airflow/example_dags/example_datasets.py
[2022-10-05T00:03:13.873+0000] {logging_mixin.py:117} INFO - [2022-10-05T00:03:13.873+0000] {dag.py:2573} INFO - Sync 6 DAGs
[2022-10-05T00:03:13.936+0000] {logging_mixin.py:117} INFO - [2022-10-05T00:03:13.936+0000] {dag.py:3328} INFO - Setting next_dagrun for dataset_consumes_1 to None, run_after=None
[2022-10-05T00:03:13.940+0000] {logging_mixin.py:117} INFO - [2022-10-05T00:03:13.940+0000] {dag.py:3328} INFO - Setting next_dagrun for dataset_consumes_1_and_2 to None, run_after=None
[2022-10-05T00:03:13.942+0000] {logging_mixin.py:117} INFO - [2022-10-05T00:03:13.941+0000] {dag.py:3328} INFO - Setting next_dagrun for dataset_consumes_1_never_scheduled to None, run_after=None
[2022-10-05T00:03:13.944+0000] {logging_mixin.py:117} INFO - [2022-10-05T00:03:13.944+0000] {dag.py:3328} INFO - Setting next_dagrun for dataset_consumes_unknown_never_scheduled to None, run_after=None
[2022-10-05T00:03:13.947+0000] {logging_mixin.py:117} INFO - [2022-10-05T00:03:13.947+0000] {dag.py:3328} INFO - Setting next_dagrun for dataset_produces_1 to 2022-10-04T00:00:00+00:00, run_after=2022-10-05T00:00:00+00:00
[2022-10-05T00:03:13.949+0000] {logging_mixin.py:117} INFO - [2022-10-05T00:03:13.949+0000] {dag.py:3328} INFO - Setting next_dagrun for dataset_produces_2 to None, run_after=None
[2022-10-05T00:03:14.023+0000] {processor.py:178} INFO - Processing /home/airflow/.local/lib/python3.7/site-packages/airflow/example_dags/example_datasets.py took 0.919 seconds
[2022-10-05T00:05:01.145+0000] {processor.py:156} INFO - Started process (PID=80) to work on /home/airflow/.local/lib/python3.7/site-packages/airflow/example_dags/example_datasets.py
[2022-10-05T00:05:01.146+0000] {processor.py:758} INFO - Processing file /home/airflow/.local/lib/python3.7/site-packages/airflow/example_dags/example_datasets.py for tasks to queue
[2022-10-05T00:05:01.149+0000] {logging_mixin.py:117} INFO - [2022-10-05T00:05:01.149+0000] {dagbag.py:525} INFO - Filling up the DagBag from /home/airflow/.local/lib/python3.7/site-packages/airflow/example_dags/example_datasets.py
[2022-10-05T00:05:01.188+0000] {processor.py:768} INFO - DAG(s) dict_keys(['dataset_consumes_1_never_scheduled', 'dataset_produces_2', 'dataset_consumes_1_and_2', 'dataset_produces_1', 'dataset_consumes_unknown_never_scheduled', 'dataset_consumes_1']) retrieved from /home/airflow/.local/lib/python3.7/site-packages/airflow/example_dags/example_datasets.py
[2022-10-05T00:05:02.083+0000] {logging_mixin.py:117} INFO - [2022-10-05T00:05:02.083+0000] {dag.py:2573} INFO - Sync 6 DAGs
[2022-10-05T00:05:02.169+0000] {logging_mixin.py:117} INFO - [2022-10-05T00:05:02.169+0000] {dag.py:3328} INFO - Setting next_dagrun for dataset_consumes_1 to None, run_after=None
[2022-10-05T00:05:02.180+0000] {logging_mixin.py:117} INFO - [2022-10-05T00:05:02.180+0000] {dag.py:3328} INFO - Setting next_dagrun for dataset_consumes_1_and_2 to None, run_after=None
[2022-10-05T00:05:02.182+0000] {logging_mixin.py:117} INFO - [2022-10-05T00:05:02.182+0000] {dag.py:3328} INFO - Setting next_dagrun for dataset_consumes_1_never_scheduled to None, run_after=None
[2022-10-05T00:05:02.189+0000] {logging_mixin.py:117} INFO - [2022-10-05T00:05:02.188+0000] {dag.py:3328} INFO - Setting next_dagrun for dataset_consumes_unknown_never_scheduled to None, run_after=None
[2022-10-05T00:05:02.198+0000] {logging_mixin.py:117} INFO - [2022-10-05T00:05:02.198+0000] {dag.py:3328} INFO - Setting next_dagrun for dataset_produces_1 to 2022-10-04T00:00:00+00:00, run_after=2022-10-05T00:00:00+00:00
[2022-10-05T00:05:02.206+0000] {logging_mixin.py:117} INFO - [2022-10-05T00:05:02.206+0000] {dag.py:3328} INFO - Setting next_dagrun for dataset_produces_2 to None, run_after=None
[2022-10-05T00:05:05.280+0000] {processor.py:178} INFO - Processing /home/airflow/.local/lib/python3.7/site-packages/airflow/example_dags/example_datasets.py took 4.152 seconds
[2022-10-05T00:07:06.855+0000] {processor.py:156} INFO - Started process (PID=82) to work on /home/airflow/.local/lib/python3.7/site-packages/airflow/example_dags/example_datasets.py
[2022-10-05T00:07:06.873+0000] {processor.py:758} INFO - Processing file /home/airflow/.local/lib/python3.7/site-packages/airflow/example_dags/example_datasets.py for tasks to queue
[2022-10-05T00:07:06.874+0000] {logging_mixin.py:117} INFO - [2022-10-05T00:07:06.874+0000] {dagbag.py:525} INFO - Filling up the DagBag from /home/airflow/.local/lib/python3.7/site-packages/airflow/example_dags/example_datasets.py
[2022-10-05T00:07:07.014+0000] {processor.py:768} INFO - DAG(s) dict_keys(['dataset_produces_2', 'dataset_consumes_1_never_scheduled', 'dataset_produces_1', 'dataset_consumes_1', 'dataset_consumes_1_and_2', 'dataset_consumes_unknown_never_scheduled']) retrieved from /home/airflow/.local/lib/python3.7/site-packages/airflow/example_dags/example_datasets.py
[2022-10-05T00:07:08.456+0000] {logging_mixin.py:117} INFO - [2022-10-05T00:07:08.456+0000] {dag.py:2573} INFO - Sync 6 DAGs
[2022-10-05T00:07:08.598+0000] {logging_mixin.py:117} INFO - [2022-10-05T00:07:08.598+0000] {dag.py:3328} INFO - Setting next_dagrun for dataset_consumes_1 to None, run_after=None
[2022-10-05T00:07:08.615+0000] {logging_mixin.py:117} INFO - [2022-10-05T00:07:08.615+0000] {dag.py:3328} INFO - Setting next_dagrun for dataset_consumes_1_and_2 to None, run_after=None
[2022-10-05T00:07:08.625+0000] {logging_mixin.py:117} INFO - [2022-10-05T00:07:08.625+0000] {dag.py:3328} INFO - Setting next_dagrun for dataset_consumes_1_never_scheduled to None, run_after=None
[2022-10-05T00:07:08.637+0000] {logging_mixin.py:117} INFO - [2022-10-05T00:07:08.637+0000] {dag.py:3328} INFO - Setting next_dagrun for dataset_consumes_unknown_never_scheduled to None, run_after=None
[2022-10-05T00:07:08.652+0000] {logging_mixin.py:117} INFO - [2022-10-05T00:07:08.651+0000] {dag.py:3328} INFO - Setting next_dagrun for dataset_produces_1 to 2022-10-04T00:00:00+00:00, run_after=2022-10-05T00:00:00+00:00
[2022-10-05T00:07:08.665+0000] {logging_mixin.py:117} INFO - [2022-10-05T00:07:08.665+0000] {dag.py:3328} INFO - Setting next_dagrun for dataset_produces_2 to None, run_after=None
[2022-10-05T00:07:08.981+0000] {processor.py:178} INFO - Processing /home/airflow/.local/lib/python3.7/site-packages/airflow/example_dags/example_datasets.py took 2.152 seconds
[2022-10-05T00:08:59.387+0000] {processor.py:156} INFO - Started process (PID=81) to work on /home/airflow/.local/lib/python3.7/site-packages/airflow/example_dags/example_datasets.py
[2022-10-05T00:08:59.394+0000] {processor.py:758} INFO - Processing file /home/airflow/.local/lib/python3.7/site-packages/airflow/example_dags/example_datasets.py for tasks to queue
[2022-10-05T00:08:59.395+0000] {logging_mixin.py:117} INFO - [2022-10-05T00:08:59.395+0000] {dagbag.py:525} INFO - Filling up the DagBag from /home/airflow/.local/lib/python3.7/site-packages/airflow/example_dags/example_datasets.py
[2022-10-05T00:08:59.446+0000] {processor.py:768} INFO - DAG(s) dict_keys(['dataset_produces_2', 'dataset_consumes_unknown_never_scheduled', 'dataset_produces_1', 'dataset_consumes_1_never_scheduled', 'dataset_consumes_1_and_2', 'dataset_consumes_1']) retrieved from /home/airflow/.local/lib/python3.7/site-packages/airflow/example_dags/example_datasets.py
[2022-10-05T00:08:59.884+0000] {logging_mixin.py:117} INFO - [2022-10-05T00:08:59.883+0000] {dag.py:2573} INFO - Sync 6 DAGs
[2022-10-05T00:08:59.984+0000] {logging_mixin.py:117} INFO - [2022-10-05T00:08:59.984+0000] {dag.py:3328} INFO - Setting next_dagrun for dataset_consumes_1 to None, run_after=None
[2022-10-05T00:08:59.999+0000] {logging_mixin.py:117} INFO - [2022-10-05T00:08:59.998+0000] {dag.py:3328} INFO - Setting next_dagrun for dataset_consumes_1_and_2 to None, run_after=None
[2022-10-05T00:09:00.003+0000] {logging_mixin.py:117} INFO - [2022-10-05T00:09:00.003+0000] {dag.py:3328} INFO - Setting next_dagrun for dataset_consumes_1_never_scheduled to None, run_after=None
[2022-10-05T00:09:00.011+0000] {logging_mixin.py:117} INFO - [2022-10-05T00:09:00.011+0000] {dag.py:3328} INFO - Setting next_dagrun for dataset_consumes_unknown_never_scheduled to None, run_after=None
[2022-10-05T00:09:00.017+0000] {logging_mixin.py:117} INFO - [2022-10-05T00:09:00.017+0000] {dag.py:3328} INFO - Setting next_dagrun for dataset_produces_1 to 2022-10-04T00:00:00+00:00, run_after=2022-10-05T00:00:00+00:00
[2022-10-05T00:09:00.026+0000] {logging_mixin.py:117} INFO - [2022-10-05T00:09:00.025+0000] {dag.py:3328} INFO - Setting next_dagrun for dataset_produces_2 to None, run_after=None
[2022-10-05T00:09:00.126+0000] {processor.py:178} INFO - Processing /home/airflow/.local/lib/python3.7/site-packages/airflow/example_dags/example_datasets.py took 0.743 seconds
[2022-10-05T00:11:12.757+0000] {processor.py:156} INFO - Started process (PID=97) to work on /home/airflow/.local/lib/python3.7/site-packages/airflow/example_dags/example_datasets.py
[2022-10-05T00:11:12.761+0000] {processor.py:758} INFO - Processing file /home/airflow/.local/lib/python3.7/site-packages/airflow/example_dags/example_datasets.py for tasks to queue
[2022-10-05T00:11:12.763+0000] {logging_mixin.py:117} INFO - [2022-10-05T00:11:12.763+0000] {dagbag.py:525} INFO - Filling up the DagBag from /home/airflow/.local/lib/python3.7/site-packages/airflow/example_dags/example_datasets.py
[2022-10-05T00:11:12.858+0000] {processor.py:768} INFO - DAG(s) dict_keys(['dataset_consumes_unknown_never_scheduled', 'dataset_consumes_1_never_scheduled', 'dataset_produces_2', 'dataset_consumes_1_and_2', 'dataset_produces_1', 'dataset_consumes_1']) retrieved from /home/airflow/.local/lib/python3.7/site-packages/airflow/example_dags/example_datasets.py
[2022-10-05T00:11:14.718+0000] {logging_mixin.py:117} INFO - [2022-10-05T00:11:14.718+0000] {dag.py:2573} INFO - Sync 6 DAGs
[2022-10-05T00:11:14.961+0000] {logging_mixin.py:117} INFO - [2022-10-05T00:11:14.961+0000] {dag.py:3328} INFO - Setting next_dagrun for dataset_consumes_1 to None, run_after=None
[2022-10-05T00:11:14.995+0000] {logging_mixin.py:117} INFO - [2022-10-05T00:11:14.991+0000] {dag.py:3328} INFO - Setting next_dagrun for dataset_consumes_1_and_2 to None, run_after=None
[2022-10-05T00:11:15.013+0000] {logging_mixin.py:117} INFO - [2022-10-05T00:11:15.013+0000] {dag.py:3328} INFO - Setting next_dagrun for dataset_consumes_1_never_scheduled to None, run_after=None
[2022-10-05T00:11:15.033+0000] {logging_mixin.py:117} INFO - [2022-10-05T00:11:15.033+0000] {dag.py:3328} INFO - Setting next_dagrun for dataset_consumes_unknown_never_scheduled to None, run_after=None
[2022-10-05T00:11:15.070+0000] {logging_mixin.py:117} INFO - [2022-10-05T00:11:15.070+0000] {dag.py:3328} INFO - Setting next_dagrun for dataset_produces_1 to 2022-10-04T00:00:00+00:00, run_after=2022-10-05T00:00:00+00:00
[2022-10-05T00:11:15.086+0000] {logging_mixin.py:117} INFO - [2022-10-05T00:11:15.086+0000] {dag.py:3328} INFO - Setting next_dagrun for dataset_produces_2 to None, run_after=None
[2022-10-05T00:11:18.675+0000] {processor.py:178} INFO - Processing /home/airflow/.local/lib/python3.7/site-packages/airflow/example_dags/example_datasets.py took 5.935 seconds
[2022-10-05T00:13:28.902+0000] {processor.py:156} INFO - Started process (PID=90) to work on /home/airflow/.local/lib/python3.7/site-packages/airflow/example_dags/example_datasets.py
[2022-10-05T00:13:28.912+0000] {processor.py:758} INFO - Processing file /home/airflow/.local/lib/python3.7/site-packages/airflow/example_dags/example_datasets.py for tasks to queue
[2022-10-05T00:13:28.925+0000] {logging_mixin.py:117} INFO - [2022-10-05T00:13:28.924+0000] {dagbag.py:525} INFO - Filling up the DagBag from /home/airflow/.local/lib/python3.7/site-packages/airflow/example_dags/example_datasets.py
[2022-10-05T00:13:29.041+0000] {processor.py:768} INFO - DAG(s) dict_keys(['dataset_produces_1', 'dataset_consumes_unknown_never_scheduled', 'dataset_consumes_1_never_scheduled', 'dataset_consumes_1_and_2', 'dataset_produces_2', 'dataset_consumes_1']) retrieved from /home/airflow/.local/lib/python3.7/site-packages/airflow/example_dags/example_datasets.py
[2022-10-05T00:13:31.696+0000] {logging_mixin.py:117} INFO - [2022-10-05T00:13:31.695+0000] {dag.py:2573} INFO - Sync 6 DAGs
[2022-10-05T00:13:32.134+0000] {logging_mixin.py:117} INFO - [2022-10-05T00:13:32.122+0000] {dag.py:3328} INFO - Setting next_dagrun for dataset_consumes_1 to None, run_after=None
[2022-10-05T00:13:32.192+0000] {logging_mixin.py:117} INFO - [2022-10-05T00:13:32.192+0000] {dag.py:3328} INFO - Setting next_dagrun for dataset_consumes_1_and_2 to None, run_after=None
[2022-10-05T00:13:32.202+0000] {logging_mixin.py:117} INFO - [2022-10-05T00:13:32.202+0000] {dag.py:3328} INFO - Setting next_dagrun for dataset_consumes_1_never_scheduled to None, run_after=None
[2022-10-05T00:13:32.218+0000] {logging_mixin.py:117} INFO - [2022-10-05T00:13:32.218+0000] {dag.py:3328} INFO - Setting next_dagrun for dataset_consumes_unknown_never_scheduled to None, run_after=None
[2022-10-05T00:13:32.265+0000] {logging_mixin.py:117} INFO - [2022-10-05T00:13:32.265+0000] {dag.py:3328} INFO - Setting next_dagrun for dataset_produces_1 to 2022-10-04T00:00:00+00:00, run_after=2022-10-05T00:00:00+00:00
[2022-10-05T00:13:32.290+0000] {logging_mixin.py:117} INFO - [2022-10-05T00:13:32.290+0000] {dag.py:3328} INFO - Setting next_dagrun for dataset_produces_2 to None, run_after=None
[2022-10-05T00:13:34.338+0000] {processor.py:178} INFO - Processing /home/airflow/.local/lib/python3.7/site-packages/airflow/example_dags/example_datasets.py took 5.454 seconds
[2022-10-05T00:16:04.148+0000] {processor.py:156} INFO - Started process (PID=99) to work on /home/airflow/.local/lib/python3.7/site-packages/airflow/example_dags/example_datasets.py
[2022-10-05T00:16:04.155+0000] {processor.py:758} INFO - Processing file /home/airflow/.local/lib/python3.7/site-packages/airflow/example_dags/example_datasets.py for tasks to queue
[2022-10-05T00:16:04.158+0000] {logging_mixin.py:117} INFO - [2022-10-05T00:16:04.158+0000] {dagbag.py:525} INFO - Filling up the DagBag from /home/airflow/.local/lib/python3.7/site-packages/airflow/example_dags/example_datasets.py
[2022-10-05T00:16:05.298+0000] {processor.py:768} INFO - DAG(s) dict_keys(['dataset_consumes_unknown_never_scheduled', 'dataset_consumes_1_never_scheduled', 'dataset_consumes_1_and_2', 'dataset_produces_1', 'dataset_consumes_1', 'dataset_produces_2']) retrieved from /home/airflow/.local/lib/python3.7/site-packages/airflow/example_dags/example_datasets.py
[2022-10-05T00:16:06.137+0000] {logging_mixin.py:117} INFO - [2022-10-05T00:16:06.137+0000] {dag.py:2573} INFO - Sync 6 DAGs
[2022-10-05T00:16:06.303+0000] {logging_mixin.py:117} INFO - [2022-10-05T00:16:06.303+0000] {dag.py:3328} INFO - Setting next_dagrun for dataset_consumes_1 to None, run_after=None
[2022-10-05T00:16:06.322+0000] {logging_mixin.py:117} INFO - [2022-10-05T00:16:06.322+0000] {dag.py:3328} INFO - Setting next_dagrun for dataset_consumes_1_and_2 to None, run_after=None
[2022-10-05T00:16:06.331+0000] {logging_mixin.py:117} INFO - [2022-10-05T00:16:06.330+0000] {dag.py:3328} INFO - Setting next_dagrun for dataset_consumes_1_never_scheduled to None, run_after=None
[2022-10-05T00:16:06.338+0000] {logging_mixin.py:117} INFO - [2022-10-05T00:16:06.338+0000] {dag.py:3328} INFO - Setting next_dagrun for dataset_consumes_unknown_never_scheduled to None, run_after=None
[2022-10-05T00:16:06.357+0000] {logging_mixin.py:117} INFO - [2022-10-05T00:16:06.357+0000] {dag.py:3328} INFO - Setting next_dagrun for dataset_produces_1 to 2022-10-04T00:00:00+00:00, run_after=2022-10-05T00:00:00+00:00
[2022-10-05T00:16:06.365+0000] {logging_mixin.py:117} INFO - [2022-10-05T00:16:06.364+0000] {dag.py:3328} INFO - Setting next_dagrun for dataset_produces_2 to None, run_after=None
[2022-10-05T00:16:06.562+0000] {processor.py:178} INFO - Processing /home/airflow/.local/lib/python3.7/site-packages/airflow/example_dags/example_datasets.py took 2.429 seconds
[2022-10-05T00:17:54.253+0000] {processor.py:156} INFO - Started process (PID=90) to work on /home/airflow/.local/lib/python3.7/site-packages/airflow/example_dags/example_datasets.py
[2022-10-05T00:17:54.265+0000] {processor.py:758} INFO - Processing file /home/airflow/.local/lib/python3.7/site-packages/airflow/example_dags/example_datasets.py for tasks to queue
[2022-10-05T00:17:54.272+0000] {logging_mixin.py:117} INFO - [2022-10-05T00:17:54.272+0000] {dagbag.py:525} INFO - Filling up the DagBag from /home/airflow/.local/lib/python3.7/site-packages/airflow/example_dags/example_datasets.py
[2022-10-05T00:17:54.460+0000] {processor.py:768} INFO - DAG(s) dict_keys(['dataset_consumes_1', 'dataset_produces_2', 'dataset_consumes_1_never_scheduled', 'dataset_consumes_unknown_never_scheduled', 'dataset_produces_1', 'dataset_consumes_1_and_2']) retrieved from /home/airflow/.local/lib/python3.7/site-packages/airflow/example_dags/example_datasets.py
[2022-10-05T00:17:56.679+0000] {logging_mixin.py:117} INFO - [2022-10-05T00:17:56.678+0000] {dag.py:2573} INFO - Sync 6 DAGs
[2022-10-05T00:17:56.849+0000] {logging_mixin.py:117} INFO - [2022-10-05T00:17:56.849+0000] {dag.py:3328} INFO - Setting next_dagrun for dataset_consumes_1 to None, run_after=None
[2022-10-05T00:17:56.874+0000] {logging_mixin.py:117} INFO - [2022-10-05T00:17:56.874+0000] {dag.py:3328} INFO - Setting next_dagrun for dataset_consumes_1_and_2 to None, run_after=None
[2022-10-05T00:17:56.885+0000] {logging_mixin.py:117} INFO - [2022-10-05T00:17:56.884+0000] {dag.py:3328} INFO - Setting next_dagrun for dataset_consumes_1_never_scheduled to None, run_after=None
[2022-10-05T00:17:56.897+0000] {logging_mixin.py:117} INFO - [2022-10-05T00:17:56.897+0000] {dag.py:3328} INFO - Setting next_dagrun for dataset_consumes_unknown_never_scheduled to None, run_after=None
[2022-10-05T00:17:56.920+0000] {logging_mixin.py:117} INFO - [2022-10-05T00:17:56.916+0000] {dag.py:3328} INFO - Setting next_dagrun for dataset_produces_1 to 2022-10-04T00:00:00+00:00, run_after=2022-10-05T00:00:00+00:00
[2022-10-05T00:17:56.926+0000] {logging_mixin.py:117} INFO - [2022-10-05T00:17:56.926+0000] {dag.py:3328} INFO - Setting next_dagrun for dataset_produces_2 to None, run_after=None
[2022-10-05T00:17:57.237+0000] {processor.py:178} INFO - Processing /home/airflow/.local/lib/python3.7/site-packages/airflow/example_dags/example_datasets.py took 3.014 seconds
[2022-10-05T00:19:51.146+0000] {processor.py:156} INFO - Started process (PID=89) to work on /home/airflow/.local/lib/python3.7/site-packages/airflow/example_dags/example_datasets.py
[2022-10-05T00:19:51.152+0000] {processor.py:758} INFO - Processing file /home/airflow/.local/lib/python3.7/site-packages/airflow/example_dags/example_datasets.py for tasks to queue
[2022-10-05T00:19:51.154+0000] {logging_mixin.py:117} INFO - [2022-10-05T00:19:51.154+0000] {dagbag.py:525} INFO - Filling up the DagBag from /home/airflow/.local/lib/python3.7/site-packages/airflow/example_dags/example_datasets.py
[2022-10-05T00:19:51.246+0000] {processor.py:768} INFO - DAG(s) dict_keys(['dataset_consumes_unknown_never_scheduled', 'dataset_consumes_1_and_2', 'dataset_produces_1', 'dataset_consumes_1', 'dataset_produces_2', 'dataset_consumes_1_never_scheduled']) retrieved from /home/airflow/.local/lib/python3.7/site-packages/airflow/example_dags/example_datasets.py
[2022-10-05T00:19:52.219+0000] {logging_mixin.py:117} INFO - [2022-10-05T00:19:52.219+0000] {dag.py:2573} INFO - Sync 6 DAGs
[2022-10-05T00:19:52.326+0000] {logging_mixin.py:117} INFO - [2022-10-05T00:19:52.326+0000] {dag.py:3328} INFO - Setting next_dagrun for dataset_consumes_1 to None, run_after=None
[2022-10-05T00:19:52.346+0000] {logging_mixin.py:117} INFO - [2022-10-05T00:19:52.346+0000] {dag.py:3328} INFO - Setting next_dagrun for dataset_consumes_1_and_2 to None, run_after=None
[2022-10-05T00:19:52.353+0000] {logging_mixin.py:117} INFO - [2022-10-05T00:19:52.353+0000] {dag.py:3328} INFO - Setting next_dagrun for dataset_consumes_1_never_scheduled to None, run_after=None
[2022-10-05T00:19:52.359+0000] {logging_mixin.py:117} INFO - [2022-10-05T00:19:52.359+0000] {dag.py:3328} INFO - Setting next_dagrun for dataset_consumes_unknown_never_scheduled to None, run_after=None
[2022-10-05T00:19:52.367+0000] {logging_mixin.py:117} INFO - [2022-10-05T00:19:52.367+0000] {dag.py:3328} INFO - Setting next_dagrun for dataset_produces_1 to 2022-10-04T00:00:00+00:00, run_after=2022-10-05T00:00:00+00:00
[2022-10-05T00:19:52.377+0000] {logging_mixin.py:117} INFO - [2022-10-05T00:19:52.377+0000] {dag.py:3328} INFO - Setting next_dagrun for dataset_produces_2 to None, run_after=None
[2022-10-05T00:19:52.620+0000] {processor.py:178} INFO - Processing /home/airflow/.local/lib/python3.7/site-packages/airflow/example_dags/example_datasets.py took 1.485 seconds
[2022-10-05T00:21:45.106+0000] {processor.py:156} INFO - Started process (PID=90) to work on /home/airflow/.local/lib/python3.7/site-packages/airflow/example_dags/example_datasets.py
[2022-10-05T00:21:45.128+0000] {processor.py:758} INFO - Processing file /home/airflow/.local/lib/python3.7/site-packages/airflow/example_dags/example_datasets.py for tasks to queue
[2022-10-05T00:21:45.129+0000] {logging_mixin.py:117} INFO - [2022-10-05T00:21:45.129+0000] {dagbag.py:525} INFO - Filling up the DagBag from /home/airflow/.local/lib/python3.7/site-packages/airflow/example_dags/example_datasets.py
[2022-10-05T00:21:45.263+0000] {processor.py:768} INFO - DAG(s) dict_keys(['dataset_produces_2', 'dataset_consumes_1_never_scheduled', 'dataset_consumes_1_and_2', 'dataset_consumes_unknown_never_scheduled', 'dataset_consumes_1', 'dataset_produces_1']) retrieved from /home/airflow/.local/lib/python3.7/site-packages/airflow/example_dags/example_datasets.py
[2022-10-05T00:21:46.672+0000] {logging_mixin.py:117} INFO - [2022-10-05T00:21:46.671+0000] {dag.py:2573} INFO - Sync 6 DAGs
[2022-10-05T00:21:46.820+0000] {logging_mixin.py:117} INFO - [2022-10-05T00:21:46.820+0000] {dag.py:3328} INFO - Setting next_dagrun for dataset_consumes_1 to None, run_after=None
[2022-10-05T00:21:46.837+0000] {logging_mixin.py:117} INFO - [2022-10-05T00:21:46.836+0000] {dag.py:3328} INFO - Setting next_dagrun for dataset_consumes_1_and_2 to None, run_after=None
[2022-10-05T00:21:46.849+0000] {logging_mixin.py:117} INFO - [2022-10-05T00:21:46.849+0000] {dag.py:3328} INFO - Setting next_dagrun for dataset_consumes_1_never_scheduled to None, run_after=None
[2022-10-05T00:21:46.854+0000] {logging_mixin.py:117} INFO - [2022-10-05T00:21:46.854+0000] {dag.py:3328} INFO - Setting next_dagrun for dataset_consumes_unknown_never_scheduled to None, run_after=None
[2022-10-05T00:21:46.867+0000] {logging_mixin.py:117} INFO - [2022-10-05T00:21:46.867+0000] {dag.py:3328} INFO - Setting next_dagrun for dataset_produces_1 to 2022-10-04T00:00:00+00:00, run_after=2022-10-05T00:00:00+00:00
[2022-10-05T00:21:46.878+0000] {logging_mixin.py:117} INFO - [2022-10-05T00:21:46.878+0000] {dag.py:3328} INFO - Setting next_dagrun for dataset_produces_2 to None, run_after=None
[2022-10-05T00:21:47.191+0000] {processor.py:178} INFO - Processing /home/airflow/.local/lib/python3.7/site-packages/airflow/example_dags/example_datasets.py took 2.092 seconds
[2022-10-05T00:23:58.045+0000] {processor.py:156} INFO - Started process (PID=101) to work on /home/airflow/.local/lib/python3.7/site-packages/airflow/example_dags/example_datasets.py
[2022-10-05T00:23:58.055+0000] {processor.py:758} INFO - Processing file /home/airflow/.local/lib/python3.7/site-packages/airflow/example_dags/example_datasets.py for tasks to queue
[2022-10-05T00:23:58.064+0000] {logging_mixin.py:117} INFO - [2022-10-05T00:23:58.064+0000] {dagbag.py:525} INFO - Filling up the DagBag from /home/airflow/.local/lib/python3.7/site-packages/airflow/example_dags/example_datasets.py
[2022-10-05T00:23:58.287+0000] {processor.py:768} INFO - DAG(s) dict_keys(['dataset_consumes_unknown_never_scheduled', 'dataset_consumes_1', 'dataset_produces_2', 'dataset_consumes_1_never_scheduled', 'dataset_produces_1', 'dataset_consumes_1_and_2']) retrieved from /home/airflow/.local/lib/python3.7/site-packages/airflow/example_dags/example_datasets.py
[2022-10-05T00:24:00.492+0000] {logging_mixin.py:117} INFO - [2022-10-05T00:24:00.492+0000] {dag.py:2573} INFO - Sync 6 DAGs
[2022-10-05T00:24:00.700+0000] {logging_mixin.py:117} INFO - [2022-10-05T00:24:00.700+0000] {dag.py:3328} INFO - Setting next_dagrun for dataset_consumes_1 to None, run_after=None
[2022-10-05T00:24:00.732+0000] {logging_mixin.py:117} INFO - [2022-10-05T00:24:00.731+0000] {dag.py:3328} INFO - Setting next_dagrun for dataset_consumes_1_and_2 to None, run_after=None
[2022-10-05T00:24:00.747+0000] {logging_mixin.py:117} INFO - [2022-10-05T00:24:00.746+0000] {dag.py:3328} INFO - Setting next_dagrun for dataset_consumes_1_never_scheduled to None, run_after=None
[2022-10-05T00:24:00.766+0000] {logging_mixin.py:117} INFO - [2022-10-05T00:24:00.766+0000] {dag.py:3328} INFO - Setting next_dagrun for dataset_consumes_unknown_never_scheduled to None, run_after=None
[2022-10-05T00:24:00.786+0000] {logging_mixin.py:117} INFO - [2022-10-05T00:24:00.786+0000] {dag.py:3328} INFO - Setting next_dagrun for dataset_produces_1 to 2022-10-04T00:00:00+00:00, run_after=2022-10-05T00:00:00+00:00
[2022-10-05T00:24:00.800+0000] {logging_mixin.py:117} INFO - [2022-10-05T00:24:00.800+0000] {dag.py:3328} INFO - Setting next_dagrun for dataset_produces_2 to None, run_after=None
[2022-10-05T00:24:01.327+0000] {processor.py:178} INFO - Processing /home/airflow/.local/lib/python3.7/site-packages/airflow/example_dags/example_datasets.py took 3.311 seconds
[2022-10-05T00:25:45.760+0000] {processor.py:156} INFO - Started process (PID=88) to work on /home/airflow/.local/lib/python3.7/site-packages/airflow/example_dags/example_datasets.py
[2022-10-05T00:25:45.765+0000] {processor.py:758} INFO - Processing file /home/airflow/.local/lib/python3.7/site-packages/airflow/example_dags/example_datasets.py for tasks to queue
[2022-10-05T00:25:45.770+0000] {logging_mixin.py:117} INFO - [2022-10-05T00:25:45.769+0000] {dagbag.py:525} INFO - Filling up the DagBag from /home/airflow/.local/lib/python3.7/site-packages/airflow/example_dags/example_datasets.py
[2022-10-05T00:25:45.949+0000] {processor.py:768} INFO - DAG(s) dict_keys(['dataset_consumes_1_and_2', 'dataset_consumes_unknown_never_scheduled', 'dataset_produces_1', 'dataset_produces_2', 'dataset_consumes_1', 'dataset_consumes_1_never_scheduled']) retrieved from /home/airflow/.local/lib/python3.7/site-packages/airflow/example_dags/example_datasets.py
[2022-10-05T00:25:47.384+0000] {logging_mixin.py:117} INFO - [2022-10-05T00:25:47.384+0000] {dag.py:2573} INFO - Sync 6 DAGs
[2022-10-05T00:25:47.509+0000] {logging_mixin.py:117} INFO - [2022-10-05T00:25:47.508+0000] {dag.py:3328} INFO - Setting next_dagrun for dataset_consumes_1 to None, run_after=None
[2022-10-05T00:25:47.513+0000] {logging_mixin.py:117} INFO - [2022-10-05T00:25:47.513+0000] {dag.py:3328} INFO - Setting next_dagrun for dataset_consumes_1_and_2 to None, run_after=None
[2022-10-05T00:25:47.517+0000] {logging_mixin.py:117} INFO - [2022-10-05T00:25:47.517+0000] {dag.py:3328} INFO - Setting next_dagrun for dataset_consumes_1_never_scheduled to None, run_after=None
[2022-10-05T00:25:47.519+0000] {logging_mixin.py:117} INFO - [2022-10-05T00:25:47.519+0000] {dag.py:3328} INFO - Setting next_dagrun for dataset_consumes_unknown_never_scheduled to None, run_after=None
[2022-10-05T00:25:47.525+0000] {logging_mixin.py:117} INFO - [2022-10-05T00:25:47.525+0000] {dag.py:3328} INFO - Setting next_dagrun for dataset_produces_1 to 2022-10-04T00:00:00+00:00, run_after=2022-10-05T00:00:00+00:00
[2022-10-05T00:25:47.528+0000] {logging_mixin.py:117} INFO - [2022-10-05T00:25:47.528+0000] {dag.py:3328} INFO - Setting next_dagrun for dataset_produces_2 to None, run_after=None
[2022-10-05T00:25:48.060+0000] {processor.py:178} INFO - Processing /home/airflow/.local/lib/python3.7/site-packages/airflow/example_dags/example_datasets.py took 2.319 seconds
[2022-10-05T00:28:53.208+0000] {processor.py:156} INFO - Started process (PID=107) to work on /home/airflow/.local/lib/python3.7/site-packages/airflow/example_dags/example_datasets.py
[2022-10-05T00:28:53.214+0000] {processor.py:758} INFO - Processing file /home/airflow/.local/lib/python3.7/site-packages/airflow/example_dags/example_datasets.py for tasks to queue
[2022-10-05T00:28:53.227+0000] {logging_mixin.py:117} INFO - [2022-10-05T00:28:53.226+0000] {dagbag.py:525} INFO - Filling up the DagBag from /home/airflow/.local/lib/python3.7/site-packages/airflow/example_dags/example_datasets.py
[2022-10-05T00:28:55.281+0000] {processor.py:768} INFO - DAG(s) dict_keys(['dataset_produces_2', 'dataset_consumes_1_never_scheduled', 'dataset_consumes_1', 'dataset_consumes_unknown_never_scheduled', 'dataset_produces_1', 'dataset_consumes_1_and_2']) retrieved from /home/airflow/.local/lib/python3.7/site-packages/airflow/example_dags/example_datasets.py
[2022-10-05T00:28:56.593+0000] {logging_mixin.py:117} INFO - [2022-10-05T00:28:56.579+0000] {dag.py:2573} INFO - Sync 6 DAGs
[2022-10-05T00:28:56.870+0000] {logging_mixin.py:117} INFO - [2022-10-05T00:28:56.863+0000] {dag.py:3328} INFO - Setting next_dagrun for dataset_consumes_1 to None, run_after=None
[2022-10-05T00:28:56.914+0000] {logging_mixin.py:117} INFO - [2022-10-05T00:28:56.913+0000] {dag.py:3328} INFO - Setting next_dagrun for dataset_consumes_1_and_2 to None, run_after=None
[2022-10-05T00:28:56.929+0000] {logging_mixin.py:117} INFO - [2022-10-05T00:28:56.928+0000] {dag.py:3328} INFO - Setting next_dagrun for dataset_consumes_1_never_scheduled to None, run_after=None
[2022-10-05T00:28:56.956+0000] {logging_mixin.py:117} INFO - [2022-10-05T00:28:56.955+0000] {dag.py:3328} INFO - Setting next_dagrun for dataset_consumes_unknown_never_scheduled to None, run_after=None
[2022-10-05T00:28:56.982+0000] {logging_mixin.py:117} INFO - [2022-10-05T00:28:56.982+0000] {dag.py:3328} INFO - Setting next_dagrun for dataset_produces_1 to 2022-10-04T00:00:00+00:00, run_after=2022-10-05T00:00:00+00:00
[2022-10-05T00:28:56.999+0000] {logging_mixin.py:117} INFO - [2022-10-05T00:28:56.999+0000] {dag.py:3328} INFO - Setting next_dagrun for dataset_produces_2 to None, run_after=None
[2022-10-05T00:28:57.423+0000] {processor.py:178} INFO - Processing /home/airflow/.local/lib/python3.7/site-packages/airflow/example_dags/example_datasets.py took 4.258 seconds
[2022-10-05T00:31:12.978+0000] {processor.py:156} INFO - Started process (PID=99) to work on /home/airflow/.local/lib/python3.7/site-packages/airflow/example_dags/example_datasets.py
[2022-10-05T00:31:13.001+0000] {processor.py:758} INFO - Processing file /home/airflow/.local/lib/python3.7/site-packages/airflow/example_dags/example_datasets.py for tasks to queue
[2022-10-05T00:31:13.016+0000] {logging_mixin.py:117} INFO - [2022-10-05T00:31:13.016+0000] {dagbag.py:525} INFO - Filling up the DagBag from /home/airflow/.local/lib/python3.7/site-packages/airflow/example_dags/example_datasets.py
[2022-10-05T00:31:14.255+0000] {processor.py:768} INFO - DAG(s) dict_keys(['dataset_consumes_1', 'dataset_consumes_1_never_scheduled', 'dataset_consumes_1_and_2', 'dataset_consumes_unknown_never_scheduled', 'dataset_produces_2', 'dataset_produces_1']) retrieved from /home/airflow/.local/lib/python3.7/site-packages/airflow/example_dags/example_datasets.py
[2022-10-05T00:31:24.296+0000] {logging_mixin.py:117} INFO - [2022-10-05T00:31:24.296+0000] {dag.py:2573} INFO - Sync 6 DAGs
[2022-10-05T00:31:24.534+0000] {logging_mixin.py:117} INFO - [2022-10-05T00:31:24.533+0000] {dag.py:3328} INFO - Setting next_dagrun for dataset_consumes_1 to None, run_after=None
[2022-10-05T00:31:24.581+0000] {logging_mixin.py:117} INFO - [2022-10-05T00:31:24.580+0000] {dag.py:3328} INFO - Setting next_dagrun for dataset_consumes_1_and_2 to None, run_after=None
[2022-10-05T00:31:24.596+0000] {logging_mixin.py:117} INFO - [2022-10-05T00:31:24.595+0000] {dag.py:3328} INFO - Setting next_dagrun for dataset_consumes_1_never_scheduled to None, run_after=None
[2022-10-05T00:31:24.618+0000] {logging_mixin.py:117} INFO - [2022-10-05T00:31:24.618+0000] {dag.py:3328} INFO - Setting next_dagrun for dataset_consumes_unknown_never_scheduled to None, run_after=None
[2022-10-05T00:31:24.635+0000] {logging_mixin.py:117} INFO - [2022-10-05T00:31:24.635+0000] {dag.py:3328} INFO - Setting next_dagrun for dataset_produces_1 to 2022-10-04T00:00:00+00:00, run_after=2022-10-05T00:00:00+00:00
[2022-10-05T00:31:24.646+0000] {logging_mixin.py:117} INFO - [2022-10-05T00:31:24.646+0000] {dag.py:3328} INFO - Setting next_dagrun for dataset_produces_2 to None, run_after=None
[2022-10-05T00:31:24.950+0000] {processor.py:178} INFO - Processing /home/airflow/.local/lib/python3.7/site-packages/airflow/example_dags/example_datasets.py took 12.344 seconds
[2022-10-05T00:33:28.921+0000] {processor.py:156} INFO - Started process (PID=92) to work on /home/airflow/.local/lib/python3.7/site-packages/airflow/example_dags/example_datasets.py
[2022-10-05T00:33:28.926+0000] {processor.py:758} INFO - Processing file /home/airflow/.local/lib/python3.7/site-packages/airflow/example_dags/example_datasets.py for tasks to queue
[2022-10-05T00:33:28.935+0000] {logging_mixin.py:117} INFO - [2022-10-05T00:33:28.935+0000] {dagbag.py:525} INFO - Filling up the DagBag from /home/airflow/.local/lib/python3.7/site-packages/airflow/example_dags/example_datasets.py
[2022-10-05T00:33:29.053+0000] {processor.py:768} INFO - DAG(s) dict_keys(['dataset_produces_1', 'dataset_produces_2', 'dataset_consumes_1', 'dataset_consumes_1_and_2', 'dataset_consumes_unknown_never_scheduled', 'dataset_consumes_1_never_scheduled']) retrieved from /home/airflow/.local/lib/python3.7/site-packages/airflow/example_dags/example_datasets.py
[2022-10-05T00:33:30.716+0000] {logging_mixin.py:117} INFO - [2022-10-05T00:33:30.716+0000] {dag.py:2573} INFO - Sync 6 DAGs
[2022-10-05T00:33:30.899+0000] {logging_mixin.py:117} INFO - [2022-10-05T00:33:30.899+0000] {dag.py:3328} INFO - Setting next_dagrun for dataset_consumes_1 to None, run_after=None
[2022-10-05T00:33:30.914+0000] {logging_mixin.py:117} INFO - [2022-10-05T00:33:30.914+0000] {dag.py:3328} INFO - Setting next_dagrun for dataset_consumes_1_and_2 to None, run_after=None
[2022-10-05T00:33:30.924+0000] {logging_mixin.py:117} INFO - [2022-10-05T00:33:30.924+0000] {dag.py:3328} INFO - Setting next_dagrun for dataset_consumes_1_never_scheduled to None, run_after=None
[2022-10-05T00:33:30.934+0000] {logging_mixin.py:117} INFO - [2022-10-05T00:33:30.934+0000] {dag.py:3328} INFO - Setting next_dagrun for dataset_consumes_unknown_never_scheduled to None, run_after=None
[2022-10-05T00:33:30.944+0000] {logging_mixin.py:117} INFO - [2022-10-05T00:33:30.944+0000] {dag.py:3328} INFO - Setting next_dagrun for dataset_produces_1 to 2022-10-04T00:00:00+00:00, run_after=2022-10-05T00:00:00+00:00
[2022-10-05T00:33:30.959+0000] {logging_mixin.py:117} INFO - [2022-10-05T00:33:30.959+0000] {dag.py:3328} INFO - Setting next_dagrun for dataset_produces_2 to None, run_after=None
[2022-10-05T00:33:32.569+0000] {processor.py:178} INFO - Processing /home/airflow/.local/lib/python3.7/site-packages/airflow/example_dags/example_datasets.py took 3.666 seconds
[2022-10-05T00:35:36.471+0000] {processor.py:156} INFO - Started process (PID=99) to work on /home/airflow/.local/lib/python3.7/site-packages/airflow/example_dags/example_datasets.py
[2022-10-05T00:35:36.484+0000] {processor.py:758} INFO - Processing file /home/airflow/.local/lib/python3.7/site-packages/airflow/example_dags/example_datasets.py for tasks to queue
[2022-10-05T00:35:36.487+0000] {logging_mixin.py:117} INFO - [2022-10-05T00:35:36.487+0000] {dagbag.py:525} INFO - Filling up the DagBag from /home/airflow/.local/lib/python3.7/site-packages/airflow/example_dags/example_datasets.py
[2022-10-05T00:35:36.735+0000] {processor.py:768} INFO - DAG(s) dict_keys(['dataset_consumes_1', 'dataset_consumes_unknown_never_scheduled', 'dataset_consumes_1_and_2', 'dataset_produces_2', 'dataset_consumes_1_never_scheduled', 'dataset_produces_1']) retrieved from /home/airflow/.local/lib/python3.7/site-packages/airflow/example_dags/example_datasets.py
[2022-10-05T00:35:39.385+0000] {logging_mixin.py:117} INFO - [2022-10-05T00:35:39.380+0000] {dag.py:2573} INFO - Sync 6 DAGs
[2022-10-05T00:35:39.681+0000] {logging_mixin.py:117} INFO - [2022-10-05T00:35:39.681+0000] {dag.py:3328} INFO - Setting next_dagrun for dataset_consumes_1 to None, run_after=None
[2022-10-05T00:35:39.715+0000] {logging_mixin.py:117} INFO - [2022-10-05T00:35:39.714+0000] {dag.py:3328} INFO - Setting next_dagrun for dataset_consumes_1_and_2 to None, run_after=None
[2022-10-05T00:35:39.724+0000] {logging_mixin.py:117} INFO - [2022-10-05T00:35:39.724+0000] {dag.py:3328} INFO - Setting next_dagrun for dataset_consumes_1_never_scheduled to None, run_after=None
[2022-10-05T00:35:39.744+0000] {logging_mixin.py:117} INFO - [2022-10-05T00:35:39.744+0000] {dag.py:3328} INFO - Setting next_dagrun for dataset_consumes_unknown_never_scheduled to None, run_after=None
[2022-10-05T00:35:39.766+0000] {logging_mixin.py:117} INFO - [2022-10-05T00:35:39.766+0000] {dag.py:3328} INFO - Setting next_dagrun for dataset_produces_1 to 2022-10-04T00:00:00+00:00, run_after=2022-10-05T00:00:00+00:00
[2022-10-05T00:35:39.780+0000] {logging_mixin.py:117} INFO - [2022-10-05T00:35:39.780+0000] {dag.py:3328} INFO - Setting next_dagrun for dataset_produces_2 to None, run_after=None
[2022-10-05T00:35:40.287+0000] {processor.py:178} INFO - Processing /home/airflow/.local/lib/python3.7/site-packages/airflow/example_dags/example_datasets.py took 3.851 seconds
[2022-10-05T00:37:32.390+0000] {processor.py:156} INFO - Started process (PID=90) to work on /home/airflow/.local/lib/python3.7/site-packages/airflow/example_dags/example_datasets.py
[2022-10-05T00:37:32.400+0000] {processor.py:758} INFO - Processing file /home/airflow/.local/lib/python3.7/site-packages/airflow/example_dags/example_datasets.py for tasks to queue
[2022-10-05T00:37:32.403+0000] {logging_mixin.py:117} INFO - [2022-10-05T00:37:32.402+0000] {dagbag.py:525} INFO - Filling up the DagBag from /home/airflow/.local/lib/python3.7/site-packages/airflow/example_dags/example_datasets.py
[2022-10-05T00:37:32.554+0000] {processor.py:768} INFO - DAG(s) dict_keys(['dataset_consumes_1_never_scheduled', 'dataset_consumes_unknown_never_scheduled', 'dataset_consumes_1_and_2', 'dataset_consumes_1', 'dataset_produces_2', 'dataset_produces_1']) retrieved from /home/airflow/.local/lib/python3.7/site-packages/airflow/example_dags/example_datasets.py
[2022-10-05T00:37:33.804+0000] {logging_mixin.py:117} INFO - [2022-10-05T00:37:33.804+0000] {dag.py:2573} INFO - Sync 6 DAGs
[2022-10-05T00:37:33.888+0000] {logging_mixin.py:117} INFO - [2022-10-05T00:37:33.888+0000] {dag.py:3328} INFO - Setting next_dagrun for dataset_consumes_1 to None, run_after=None
[2022-10-05T00:37:33.902+0000] {logging_mixin.py:117} INFO - [2022-10-05T00:37:33.902+0000] {dag.py:3328} INFO - Setting next_dagrun for dataset_consumes_1_and_2 to None, run_after=None
[2022-10-05T00:37:33.904+0000] {logging_mixin.py:117} INFO - [2022-10-05T00:37:33.904+0000] {dag.py:3328} INFO - Setting next_dagrun for dataset_consumes_1_never_scheduled to None, run_after=None
[2022-10-05T00:37:33.916+0000] {logging_mixin.py:117} INFO - [2022-10-05T00:37:33.916+0000] {dag.py:3328} INFO - Setting next_dagrun for dataset_consumes_unknown_never_scheduled to None, run_after=None
[2022-10-05T00:37:33.919+0000] {logging_mixin.py:117} INFO - [2022-10-05T00:37:33.919+0000] {dag.py:3328} INFO - Setting next_dagrun for dataset_produces_1 to 2022-10-04T00:00:00+00:00, run_after=2022-10-05T00:00:00+00:00
[2022-10-05T00:37:33.927+0000] {logging_mixin.py:117} INFO - [2022-10-05T00:37:33.927+0000] {dag.py:3328} INFO - Setting next_dagrun for dataset_produces_2 to None, run_after=None
[2022-10-05T00:37:34.068+0000] {processor.py:178} INFO - Processing /home/airflow/.local/lib/python3.7/site-packages/airflow/example_dags/example_datasets.py took 1.696 seconds
[2022-10-05T00:39:41.021+0000] {processor.py:156} INFO - Started process (PID=92) to work on /home/airflow/.local/lib/python3.7/site-packages/airflow/example_dags/example_datasets.py
[2022-10-05T00:39:41.032+0000] {processor.py:758} INFO - Processing file /home/airflow/.local/lib/python3.7/site-packages/airflow/example_dags/example_datasets.py for tasks to queue
[2022-10-05T00:39:41.038+0000] {logging_mixin.py:117} INFO - [2022-10-05T00:39:41.038+0000] {dagbag.py:525} INFO - Filling up the DagBag from /home/airflow/.local/lib/python3.7/site-packages/airflow/example_dags/example_datasets.py
[2022-10-05T00:39:41.236+0000] {processor.py:768} INFO - DAG(s) dict_keys(['dataset_consumes_1', 'dataset_consumes_1_never_scheduled', 'dataset_produces_2', 'dataset_consumes_unknown_never_scheduled', 'dataset_produces_1', 'dataset_consumes_1_and_2']) retrieved from /home/airflow/.local/lib/python3.7/site-packages/airflow/example_dags/example_datasets.py
[2022-10-05T00:39:43.051+0000] {logging_mixin.py:117} INFO - [2022-10-05T00:39:43.051+0000] {dag.py:2573} INFO - Sync 6 DAGs
[2022-10-05T00:39:43.183+0000] {logging_mixin.py:117} INFO - [2022-10-05T00:39:43.182+0000] {dag.py:3328} INFO - Setting next_dagrun for dataset_consumes_1 to None, run_after=None
[2022-10-05T00:39:43.208+0000] {logging_mixin.py:117} INFO - [2022-10-05T00:39:43.208+0000] {dag.py:3328} INFO - Setting next_dagrun for dataset_consumes_1_and_2 to None, run_after=None
[2022-10-05T00:39:43.218+0000] {logging_mixin.py:117} INFO - [2022-10-05T00:39:43.215+0000] {dag.py:3328} INFO - Setting next_dagrun for dataset_consumes_1_never_scheduled to None, run_after=None
[2022-10-05T00:39:43.228+0000] {logging_mixin.py:117} INFO - [2022-10-05T00:39:43.227+0000] {dag.py:3328} INFO - Setting next_dagrun for dataset_consumes_unknown_never_scheduled to None, run_after=None
[2022-10-05T00:39:43.251+0000] {logging_mixin.py:117} INFO - [2022-10-05T00:39:43.242+0000] {dag.py:3328} INFO - Setting next_dagrun for dataset_produces_1 to 2022-10-04T00:00:00+00:00, run_after=2022-10-05T00:00:00+00:00
[2022-10-05T00:39:43.255+0000] {logging_mixin.py:117} INFO - [2022-10-05T00:39:43.255+0000] {dag.py:3328} INFO - Setting next_dagrun for dataset_produces_2 to None, run_after=None
[2022-10-05T00:39:43.556+0000] {processor.py:178} INFO - Processing /home/airflow/.local/lib/python3.7/site-packages/airflow/example_dags/example_datasets.py took 2.566 seconds
[2022-10-05T00:42:01.366+0000] {processor.py:156} INFO - Started process (PID=99) to work on /home/airflow/.local/lib/python3.7/site-packages/airflow/example_dags/example_datasets.py
[2022-10-05T00:42:01.392+0000] {processor.py:758} INFO - Processing file /home/airflow/.local/lib/python3.7/site-packages/airflow/example_dags/example_datasets.py for tasks to queue
[2022-10-05T00:42:01.406+0000] {logging_mixin.py:117} INFO - [2022-10-05T00:42:01.402+0000] {dagbag.py:525} INFO - Filling up the DagBag from /home/airflow/.local/lib/python3.7/site-packages/airflow/example_dags/example_datasets.py
[2022-10-05T00:42:01.694+0000] {processor.py:768} INFO - DAG(s) dict_keys(['dataset_consumes_1_and_2', 'dataset_consumes_1_never_scheduled', 'dataset_consumes_1', 'dataset_produces_1', 'dataset_consumes_unknown_never_scheduled', 'dataset_produces_2']) retrieved from /home/airflow/.local/lib/python3.7/site-packages/airflow/example_dags/example_datasets.py
[2022-10-05T00:42:04.585+0000] {logging_mixin.py:117} INFO - [2022-10-05T00:42:04.585+0000] {dag.py:2573} INFO - Sync 6 DAGs
[2022-10-05T00:42:04.776+0000] {logging_mixin.py:117} INFO - [2022-10-05T00:42:04.776+0000] {dag.py:3328} INFO - Setting next_dagrun for dataset_consumes_1 to None, run_after=None
[2022-10-05T00:42:04.801+0000] {logging_mixin.py:117} INFO - [2022-10-05T00:42:04.801+0000] {dag.py:3328} INFO - Setting next_dagrun for dataset_consumes_1_and_2 to None, run_after=None
[2022-10-05T00:42:04.808+0000] {logging_mixin.py:117} INFO - [2022-10-05T00:42:04.808+0000] {dag.py:3328} INFO - Setting next_dagrun for dataset_consumes_1_never_scheduled to None, run_after=None
[2022-10-05T00:42:04.813+0000] {logging_mixin.py:117} INFO - [2022-10-05T00:42:04.813+0000] {dag.py:3328} INFO - Setting next_dagrun for dataset_consumes_unknown_never_scheduled to None, run_after=None
[2022-10-05T00:42:04.828+0000] {logging_mixin.py:117} INFO - [2022-10-05T00:42:04.826+0000] {dag.py:3328} INFO - Setting next_dagrun for dataset_produces_1 to 2022-10-04T00:00:00+00:00, run_after=2022-10-05T00:00:00+00:00
[2022-10-05T00:42:04.835+0000] {logging_mixin.py:117} INFO - [2022-10-05T00:42:04.835+0000] {dag.py:3328} INFO - Setting next_dagrun for dataset_produces_2 to None, run_after=None
[2022-10-05T00:42:05.893+0000] {processor.py:178} INFO - Processing /home/airflow/.local/lib/python3.7/site-packages/airflow/example_dags/example_datasets.py took 4.561 seconds
[2022-10-05T00:44:14.142+0000] {processor.py:156} INFO - Started process (PID=101) to work on /home/airflow/.local/lib/python3.7/site-packages/airflow/example_dags/example_datasets.py
[2022-10-05T00:44:14.153+0000] {processor.py:758} INFO - Processing file /home/airflow/.local/lib/python3.7/site-packages/airflow/example_dags/example_datasets.py for tasks to queue
[2022-10-05T00:44:14.162+0000] {logging_mixin.py:117} INFO - [2022-10-05T00:44:14.156+0000] {dagbag.py:525} INFO - Filling up the DagBag from /home/airflow/.local/lib/python3.7/site-packages/airflow/example_dags/example_datasets.py
[2022-10-05T00:44:14.485+0000] {processor.py:768} INFO - DAG(s) dict_keys(['dataset_consumes_1', 'dataset_consumes_unknown_never_scheduled', 'dataset_produces_2', 'dataset_consumes_1_never_scheduled', 'dataset_consumes_1_and_2', 'dataset_produces_1']) retrieved from /home/airflow/.local/lib/python3.7/site-packages/airflow/example_dags/example_datasets.py
[2022-10-05T00:44:18.603+0000] {logging_mixin.py:117} INFO - [2022-10-05T00:44:18.602+0000] {dag.py:2573} INFO - Sync 6 DAGs
[2022-10-05T00:44:18.823+0000] {logging_mixin.py:117} INFO - [2022-10-05T00:44:18.823+0000] {dag.py:3328} INFO - Setting next_dagrun for dataset_consumes_1 to None, run_after=None
[2022-10-05T00:44:18.849+0000] {logging_mixin.py:117} INFO - [2022-10-05T00:44:18.849+0000] {dag.py:3328} INFO - Setting next_dagrun for dataset_consumes_1_and_2 to None, run_after=None
[2022-10-05T00:44:18.858+0000] {logging_mixin.py:117} INFO - [2022-10-05T00:44:18.857+0000] {dag.py:3328} INFO - Setting next_dagrun for dataset_consumes_1_never_scheduled to None, run_after=None
[2022-10-05T00:44:18.871+0000] {logging_mixin.py:117} INFO - [2022-10-05T00:44:18.871+0000] {dag.py:3328} INFO - Setting next_dagrun for dataset_consumes_unknown_never_scheduled to None, run_after=None
[2022-10-05T00:44:18.886+0000] {logging_mixin.py:117} INFO - [2022-10-05T00:44:18.886+0000] {dag.py:3328} INFO - Setting next_dagrun for dataset_produces_1 to 2022-10-04T00:00:00+00:00, run_after=2022-10-05T00:00:00+00:00
[2022-10-05T00:44:18.900+0000] {logging_mixin.py:117} INFO - [2022-10-05T00:44:18.900+0000] {dag.py:3328} INFO - Setting next_dagrun for dataset_produces_2 to None, run_after=None
[2022-10-05T00:44:19.924+0000] {processor.py:178} INFO - Processing /home/airflow/.local/lib/python3.7/site-packages/airflow/example_dags/example_datasets.py took 5.832 seconds
[2022-10-05T00:50:08.989+0000] {processor.py:156} INFO - Started process (PID=100) to work on /home/airflow/.local/lib/python3.7/site-packages/airflow/example_dags/example_datasets.py
[2022-10-05T00:50:08.990+0000] {processor.py:758} INFO - Processing file /home/airflow/.local/lib/python3.7/site-packages/airflow/example_dags/example_datasets.py for tasks to queue
[2022-10-05T00:50:08.993+0000] {logging_mixin.py:117} INFO - [2022-10-05T00:50:08.992+0000] {dagbag.py:525} INFO - Filling up the DagBag from /home/airflow/.local/lib/python3.7/site-packages/airflow/example_dags/example_datasets.py
[2022-10-05T00:50:09.390+0000] {processor.py:768} INFO - DAG(s) dict_keys(['dataset_produces_2', 'dataset_consumes_unknown_never_scheduled', 'dataset_consumes_1_and_2', 'dataset_consumes_1_never_scheduled', 'dataset_consumes_1', 'dataset_produces_1']) retrieved from /home/airflow/.local/lib/python3.7/site-packages/airflow/example_dags/example_datasets.py
[2022-10-05T00:50:09.689+0000] {logging_mixin.py:117} INFO - [2022-10-05T00:50:09.688+0000] {dag.py:2573} INFO - Sync 6 DAGs
[2022-10-05T00:50:09.720+0000] {logging_mixin.py:117} INFO - [2022-10-05T00:50:09.720+0000] {dag.py:3328} INFO - Setting next_dagrun for dataset_consumes_1 to None, run_after=None
[2022-10-05T00:50:09.725+0000] {logging_mixin.py:117} INFO - [2022-10-05T00:50:09.724+0000] {dag.py:3328} INFO - Setting next_dagrun for dataset_consumes_1_and_2 to None, run_after=None
[2022-10-05T00:50:09.726+0000] {logging_mixin.py:117} INFO - [2022-10-05T00:50:09.726+0000] {dag.py:3328} INFO - Setting next_dagrun for dataset_consumes_1_never_scheduled to None, run_after=None
[2022-10-05T00:50:09.728+0000] {logging_mixin.py:117} INFO - [2022-10-05T00:50:09.728+0000] {dag.py:3328} INFO - Setting next_dagrun for dataset_consumes_unknown_never_scheduled to None, run_after=None
[2022-10-05T00:50:09.732+0000] {logging_mixin.py:117} INFO - [2022-10-05T00:50:09.731+0000] {dag.py:3328} INFO - Setting next_dagrun for dataset_produces_1 to 2022-10-04T00:00:00+00:00, run_after=2022-10-05T00:00:00+00:00
[2022-10-05T00:50:09.734+0000] {logging_mixin.py:117} INFO - [2022-10-05T00:50:09.733+0000] {dag.py:3328} INFO - Setting next_dagrun for dataset_produces_2 to None, run_after=None
[2022-10-05T00:50:11.764+0000] {processor.py:178} INFO - Processing /home/airflow/.local/lib/python3.7/site-packages/airflow/example_dags/example_datasets.py took 2.785 seconds
[2022-10-05T00:52:23.492+0000] {processor.py:156} INFO - Started process (PID=99) to work on /home/airflow/.local/lib/python3.7/site-packages/airflow/example_dags/example_datasets.py
[2022-10-05T00:52:23.494+0000] {processor.py:758} INFO - Processing file /home/airflow/.local/lib/python3.7/site-packages/airflow/example_dags/example_datasets.py for tasks to queue
[2022-10-05T00:52:23.496+0000] {logging_mixin.py:117} INFO - [2022-10-05T00:52:23.496+0000] {dagbag.py:525} INFO - Filling up the DagBag from /home/airflow/.local/lib/python3.7/site-packages/airflow/example_dags/example_datasets.py
[2022-10-05T00:52:23.905+0000] {processor.py:768} INFO - DAG(s) dict_keys(['dataset_produces_2', 'dataset_consumes_unknown_never_scheduled', 'dataset_consumes_1', 'dataset_produces_1', 'dataset_consumes_1_and_2', 'dataset_consumes_1_never_scheduled']) retrieved from /home/airflow/.local/lib/python3.7/site-packages/airflow/example_dags/example_datasets.py
[2022-10-05T00:52:24.244+0000] {logging_mixin.py:117} INFO - [2022-10-05T00:52:24.244+0000] {dag.py:2573} INFO - Sync 6 DAGs
[2022-10-05T00:52:24.316+0000] {logging_mixin.py:117} INFO - [2022-10-05T00:52:24.316+0000] {dag.py:3328} INFO - Setting next_dagrun for dataset_consumes_1 to None, run_after=None
[2022-10-05T00:52:24.322+0000] {logging_mixin.py:117} INFO - [2022-10-05T00:52:24.322+0000] {dag.py:3328} INFO - Setting next_dagrun for dataset_consumes_1_and_2 to None, run_after=None
[2022-10-05T00:52:24.329+0000] {logging_mixin.py:117} INFO - [2022-10-05T00:52:24.329+0000] {dag.py:3328} INFO - Setting next_dagrun for dataset_consumes_1_never_scheduled to None, run_after=None
[2022-10-05T00:52:24.331+0000] {logging_mixin.py:117} INFO - [2022-10-05T00:52:24.331+0000] {dag.py:3328} INFO - Setting next_dagrun for dataset_consumes_unknown_never_scheduled to None, run_after=None
[2022-10-05T00:52:24.339+0000] {logging_mixin.py:117} INFO - [2022-10-05T00:52:24.339+0000] {dag.py:3328} INFO - Setting next_dagrun for dataset_produces_1 to 2022-10-04T00:00:00+00:00, run_after=2022-10-05T00:00:00+00:00
[2022-10-05T00:52:24.341+0000] {logging_mixin.py:117} INFO - [2022-10-05T00:52:24.341+0000] {dag.py:3328} INFO - Setting next_dagrun for dataset_produces_2 to None, run_after=None
[2022-10-05T00:52:24.514+0000] {processor.py:178} INFO - Processing /home/airflow/.local/lib/python3.7/site-packages/airflow/example_dags/example_datasets.py took 1.034 seconds
[2022-10-05T00:54:36.577+0000] {processor.py:156} INFO - Started process (PID=74) to work on /home/airflow/.local/lib/python3.7/site-packages/airflow/example_dags/example_datasets.py
[2022-10-05T00:54:36.582+0000] {processor.py:758} INFO - Processing file /home/airflow/.local/lib/python3.7/site-packages/airflow/example_dags/example_datasets.py for tasks to queue
[2022-10-05T00:54:36.584+0000] {logging_mixin.py:117} INFO - [2022-10-05T00:54:36.583+0000] {dagbag.py:525} INFO - Filling up the DagBag from /home/airflow/.local/lib/python3.7/site-packages/airflow/example_dags/example_datasets.py
[2022-10-05T00:54:36.620+0000] {processor.py:768} INFO - DAG(s) dict_keys(['dataset_consumes_1', 'dataset_consumes_1_never_scheduled', 'dataset_produces_1', 'dataset_consumes_unknown_never_scheduled', 'dataset_consumes_1_and_2', 'dataset_produces_2']) retrieved from /home/airflow/.local/lib/python3.7/site-packages/airflow/example_dags/example_datasets.py
[2022-10-05T00:54:37.456+0000] {logging_mixin.py:117} INFO - [2022-10-05T00:54:37.456+0000] {dag.py:2573} INFO - Sync 6 DAGs
[2022-10-05T00:54:37.651+0000] {logging_mixin.py:117} INFO - [2022-10-05T00:54:37.650+0000] {dag.py:3328} INFO - Setting next_dagrun for dataset_consumes_1 to None, run_after=None
[2022-10-05T00:54:37.670+0000] {logging_mixin.py:117} INFO - [2022-10-05T00:54:37.670+0000] {dag.py:3328} INFO - Setting next_dagrun for dataset_consumes_1_and_2 to None, run_after=None
[2022-10-05T00:54:37.682+0000] {logging_mixin.py:117} INFO - [2022-10-05T00:54:37.681+0000] {dag.py:3328} INFO - Setting next_dagrun for dataset_consumes_1_never_scheduled to None, run_after=None
[2022-10-05T00:54:37.690+0000] {logging_mixin.py:117} INFO - [2022-10-05T00:54:37.689+0000] {dag.py:3328} INFO - Setting next_dagrun for dataset_consumes_unknown_never_scheduled to None, run_after=None
[2022-10-05T00:54:37.705+0000] {logging_mixin.py:117} INFO - [2022-10-05T00:54:37.705+0000] {dag.py:3328} INFO - Setting next_dagrun for dataset_produces_1 to 2022-10-04T00:00:00+00:00, run_after=2022-10-05T00:00:00+00:00
[2022-10-05T00:54:37.717+0000] {logging_mixin.py:117} INFO - [2022-10-05T00:54:37.716+0000] {dag.py:3328} INFO - Setting next_dagrun for dataset_produces_2 to None, run_after=None
[2022-10-05T00:54:38.154+0000] {processor.py:178} INFO - Processing /home/airflow/.local/lib/python3.7/site-packages/airflow/example_dags/example_datasets.py took 1.586 seconds
[2022-10-05T00:56:42.423+0000] {processor.py:156} INFO - Started process (PID=92) to work on /home/airflow/.local/lib/python3.7/site-packages/airflow/example_dags/example_datasets.py
[2022-10-05T00:56:42.433+0000] {processor.py:758} INFO - Processing file /home/airflow/.local/lib/python3.7/site-packages/airflow/example_dags/example_datasets.py for tasks to queue
[2022-10-05T00:56:42.436+0000] {logging_mixin.py:117} INFO - [2022-10-05T00:56:42.436+0000] {dagbag.py:525} INFO - Filling up the DagBag from /home/airflow/.local/lib/python3.7/site-packages/airflow/example_dags/example_datasets.py
[2022-10-05T00:56:42.567+0000] {processor.py:768} INFO - DAG(s) dict_keys(['dataset_produces_1', 'dataset_consumes_1_never_scheduled', 'dataset_consumes_1', 'dataset_produces_2', 'dataset_consumes_1_and_2', 'dataset_consumes_unknown_never_scheduled']) retrieved from /home/airflow/.local/lib/python3.7/site-packages/airflow/example_dags/example_datasets.py
[2022-10-05T00:56:44.261+0000] {logging_mixin.py:117} INFO - [2022-10-05T00:56:44.260+0000] {dag.py:2573} INFO - Sync 6 DAGs
[2022-10-05T00:56:44.510+0000] {logging_mixin.py:117} INFO - [2022-10-05T00:56:44.510+0000] {dag.py:3328} INFO - Setting next_dagrun for dataset_consumes_1 to None, run_after=None
[2022-10-05T00:56:44.558+0000] {logging_mixin.py:117} INFO - [2022-10-05T00:56:44.557+0000] {dag.py:3328} INFO - Setting next_dagrun for dataset_consumes_1_and_2 to None, run_after=None
[2022-10-05T00:56:44.573+0000] {logging_mixin.py:117} INFO - [2022-10-05T00:56:44.573+0000] {dag.py:3328} INFO - Setting next_dagrun for dataset_consumes_1_never_scheduled to None, run_after=None
[2022-10-05T00:56:44.585+0000] {logging_mixin.py:117} INFO - [2022-10-05T00:56:44.584+0000] {dag.py:3328} INFO - Setting next_dagrun for dataset_consumes_unknown_never_scheduled to None, run_after=None
[2022-10-05T00:56:44.611+0000] {logging_mixin.py:117} INFO - [2022-10-05T00:56:44.611+0000] {dag.py:3328} INFO - Setting next_dagrun for dataset_produces_1 to 2022-10-04T00:00:00+00:00, run_after=2022-10-05T00:00:00+00:00
[2022-10-05T00:56:44.638+0000] {logging_mixin.py:117} INFO - [2022-10-05T00:56:44.629+0000] {dag.py:3328} INFO - Setting next_dagrun for dataset_produces_2 to None, run_after=None
[2022-10-05T00:56:44.956+0000] {processor.py:178} INFO - Processing /home/airflow/.local/lib/python3.7/site-packages/airflow/example_dags/example_datasets.py took 2.547 seconds
