[2022-10-05T00:00:51.352+0000] {processor.py:156} INFO - Started process (PID=65) to work on /home/airflow/.local/lib/python3.7/site-packages/airflow/example_dags/tutorial_taskflow_api_virtualenv.py
[2022-10-05T00:00:51.362+0000] {processor.py:758} INFO - Processing file /home/airflow/.local/lib/python3.7/site-packages/airflow/example_dags/tutorial_taskflow_api_virtualenv.py for tasks to queue
[2022-10-05T00:00:51.366+0000] {logging_mixin.py:117} INFO - [2022-10-05T00:00:51.366+0000] {dagbag.py:525} INFO - Filling up the DagBag from /home/airflow/.local/lib/python3.7/site-packages/airflow/example_dags/tutorial_taskflow_api_virtualenv.py
[2022-10-05T00:00:51.582+0000] {processor.py:768} INFO - DAG(s) dict_keys(['tutorial_taskflow_api_virtualenv']) retrieved from /home/airflow/.local/lib/python3.7/site-packages/airflow/example_dags/tutorial_taskflow_api_virtualenv.py
[2022-10-05T00:00:52.374+0000] {logging_mixin.py:117} INFO - [2022-10-05T00:00:52.374+0000] {dag.py:2573} INFO - Sync 1 DAGs
[2022-10-05T00:00:52.491+0000] {logging_mixin.py:117} INFO - [2022-10-05T00:00:52.491+0000] {dag.py:3328} INFO - Setting next_dagrun for tutorial_taskflow_api_virtualenv to None, run_after=None
[2022-10-05T00:00:52.675+0000] {processor.py:178} INFO - Processing /home/airflow/.local/lib/python3.7/site-packages/airflow/example_dags/tutorial_taskflow_api_virtualenv.py took 1.341 seconds
[2022-10-05T00:02:55.153+0000] {processor.py:156} INFO - Started process (PID=74) to work on /home/airflow/.local/lib/python3.7/site-packages/airflow/example_dags/tutorial_taskflow_api_virtualenv.py
[2022-10-05T00:02:55.159+0000] {processor.py:758} INFO - Processing file /home/airflow/.local/lib/python3.7/site-packages/airflow/example_dags/tutorial_taskflow_api_virtualenv.py for tasks to queue
[2022-10-05T00:02:55.160+0000] {logging_mixin.py:117} INFO - [2022-10-05T00:02:55.159+0000] {dagbag.py:525} INFO - Filling up the DagBag from /home/airflow/.local/lib/python3.7/site-packages/airflow/example_dags/tutorial_taskflow_api_virtualenv.py
[2022-10-05T00:02:55.254+0000] {processor.py:768} INFO - DAG(s) dict_keys(['tutorial_taskflow_api_virtualenv']) retrieved from /home/airflow/.local/lib/python3.7/site-packages/airflow/example_dags/tutorial_taskflow_api_virtualenv.py
[2022-10-05T00:02:56.022+0000] {logging_mixin.py:117} INFO - [2022-10-05T00:02:56.022+0000] {dag.py:2573} INFO - Sync 1 DAGs
[2022-10-05T00:02:56.081+0000] {logging_mixin.py:117} INFO - [2022-10-05T00:02:56.080+0000] {dag.py:3328} INFO - Setting next_dagrun for tutorial_taskflow_api_virtualenv to None, run_after=None
[2022-10-05T00:02:56.213+0000] {processor.py:178} INFO - Processing /home/airflow/.local/lib/python3.7/site-packages/airflow/example_dags/tutorial_taskflow_api_virtualenv.py took 1.068 seconds
[2022-10-05T00:04:55.206+0000] {processor.py:156} INFO - Started process (PID=73) to work on /home/airflow/.local/lib/python3.7/site-packages/airflow/example_dags/tutorial_taskflow_api_virtualenv.py
[2022-10-05T00:04:55.217+0000] {processor.py:758} INFO - Processing file /home/airflow/.local/lib/python3.7/site-packages/airflow/example_dags/tutorial_taskflow_api_virtualenv.py for tasks to queue
[2022-10-05T00:04:55.227+0000] {logging_mixin.py:117} INFO - [2022-10-05T00:04:55.226+0000] {dagbag.py:525} INFO - Filling up the DagBag from /home/airflow/.local/lib/python3.7/site-packages/airflow/example_dags/tutorial_taskflow_api_virtualenv.py
[2022-10-05T00:04:56.184+0000] {processor.py:768} INFO - DAG(s) dict_keys(['tutorial_taskflow_api_virtualenv']) retrieved from /home/airflow/.local/lib/python3.7/site-packages/airflow/example_dags/tutorial_taskflow_api_virtualenv.py
[2022-10-05T00:04:56.398+0000] {logging_mixin.py:117} INFO - [2022-10-05T00:04:56.397+0000] {dag.py:2573} INFO - Sync 1 DAGs
[2022-10-05T00:04:56.582+0000] {logging_mixin.py:117} INFO - [2022-10-05T00:04:56.582+0000] {dag.py:3328} INFO - Setting next_dagrun for tutorial_taskflow_api_virtualenv to None, run_after=None
[2022-10-05T00:04:56.812+0000] {processor.py:178} INFO - Processing /home/airflow/.local/lib/python3.7/site-packages/airflow/example_dags/tutorial_taskflow_api_virtualenv.py took 1.642 seconds
[2022-10-05T00:07:01.569+0000] {processor.py:156} INFO - Started process (PID=74) to work on /home/airflow/.local/lib/python3.7/site-packages/airflow/example_dags/tutorial_taskflow_api_virtualenv.py
[2022-10-05T00:07:01.570+0000] {processor.py:758} INFO - Processing file /home/airflow/.local/lib/python3.7/site-packages/airflow/example_dags/tutorial_taskflow_api_virtualenv.py for tasks to queue
[2022-10-05T00:07:01.574+0000] {logging_mixin.py:117} INFO - [2022-10-05T00:07:01.574+0000] {dagbag.py:525} INFO - Filling up the DagBag from /home/airflow/.local/lib/python3.7/site-packages/airflow/example_dags/tutorial_taskflow_api_virtualenv.py
[2022-10-05T00:07:02.021+0000] {processor.py:768} INFO - DAG(s) dict_keys(['tutorial_taskflow_api_virtualenv']) retrieved from /home/airflow/.local/lib/python3.7/site-packages/airflow/example_dags/tutorial_taskflow_api_virtualenv.py
[2022-10-05T00:07:02.103+0000] {logging_mixin.py:117} INFO - [2022-10-05T00:07:02.103+0000] {dag.py:2573} INFO - Sync 1 DAGs
[2022-10-05T00:07:02.148+0000] {logging_mixin.py:117} INFO - [2022-10-05T00:07:02.148+0000] {dag.py:3328} INFO - Setting next_dagrun for tutorial_taskflow_api_virtualenv to None, run_after=None
[2022-10-05T00:07:02.312+0000] {processor.py:178} INFO - Processing /home/airflow/.local/lib/python3.7/site-packages/airflow/example_dags/tutorial_taskflow_api_virtualenv.py took 0.756 seconds
[2022-10-05T00:08:57.223+0000] {processor.py:156} INFO - Started process (PID=74) to work on /home/airflow/.local/lib/python3.7/site-packages/airflow/example_dags/tutorial_taskflow_api_virtualenv.py
[2022-10-05T00:08:57.225+0000] {processor.py:758} INFO - Processing file /home/airflow/.local/lib/python3.7/site-packages/airflow/example_dags/tutorial_taskflow_api_virtualenv.py for tasks to queue
[2022-10-05T00:08:57.226+0000] {logging_mixin.py:117} INFO - [2022-10-05T00:08:57.225+0000] {dagbag.py:525} INFO - Filling up the DagBag from /home/airflow/.local/lib/python3.7/site-packages/airflow/example_dags/tutorial_taskflow_api_virtualenv.py
[2022-10-05T00:08:57.260+0000] {processor.py:768} INFO - DAG(s) dict_keys(['tutorial_taskflow_api_virtualenv']) retrieved from /home/airflow/.local/lib/python3.7/site-packages/airflow/example_dags/tutorial_taskflow_api_virtualenv.py
[2022-10-05T00:08:57.459+0000] {logging_mixin.py:117} INFO - [2022-10-05T00:08:57.459+0000] {dag.py:2573} INFO - Sync 1 DAGs
[2022-10-05T00:08:57.490+0000] {logging_mixin.py:117} INFO - [2022-10-05T00:08:57.489+0000] {dag.py:3328} INFO - Setting next_dagrun for tutorial_taskflow_api_virtualenv to None, run_after=None
[2022-10-05T00:08:57.655+0000] {processor.py:178} INFO - Processing /home/airflow/.local/lib/python3.7/site-packages/airflow/example_dags/tutorial_taskflow_api_virtualenv.py took 0.436 seconds
[2022-10-05T00:10:59.377+0000] {processor.py:156} INFO - Started process (PID=82) to work on /home/airflow/.local/lib/python3.7/site-packages/airflow/example_dags/tutorial_taskflow_api_virtualenv.py
[2022-10-05T00:10:59.381+0000] {processor.py:758} INFO - Processing file /home/airflow/.local/lib/python3.7/site-packages/airflow/example_dags/tutorial_taskflow_api_virtualenv.py for tasks to queue
[2022-10-05T00:10:59.389+0000] {logging_mixin.py:117} INFO - [2022-10-05T00:10:59.389+0000] {dagbag.py:525} INFO - Filling up the DagBag from /home/airflow/.local/lib/python3.7/site-packages/airflow/example_dags/tutorial_taskflow_api_virtualenv.py
[2022-10-05T00:11:00.043+0000] {processor.py:768} INFO - DAG(s) dict_keys(['tutorial_taskflow_api_virtualenv']) retrieved from /home/airflow/.local/lib/python3.7/site-packages/airflow/example_dags/tutorial_taskflow_api_virtualenv.py
[2022-10-05T00:11:00.167+0000] {logging_mixin.py:117} INFO - [2022-10-05T00:11:00.167+0000] {dag.py:2573} INFO - Sync 1 DAGs
[2022-10-05T00:11:00.292+0000] {logging_mixin.py:117} INFO - [2022-10-05T00:11:00.292+0000] {dag.py:3328} INFO - Setting next_dagrun for tutorial_taskflow_api_virtualenv to None, run_after=None
[2022-10-05T00:11:00.484+0000] {processor.py:178} INFO - Processing /home/airflow/.local/lib/python3.7/site-packages/airflow/example_dags/tutorial_taskflow_api_virtualenv.py took 1.124 seconds
[2022-10-05T00:13:23.824+0000] {processor.py:156} INFO - Started process (PID=82) to work on /home/airflow/.local/lib/python3.7/site-packages/airflow/example_dags/tutorial_taskflow_api_virtualenv.py
[2022-10-05T00:13:23.832+0000] {processor.py:758} INFO - Processing file /home/airflow/.local/lib/python3.7/site-packages/airflow/example_dags/tutorial_taskflow_api_virtualenv.py for tasks to queue
[2022-10-05T00:13:23.837+0000] {logging_mixin.py:117} INFO - [2022-10-05T00:13:23.837+0000] {dagbag.py:525} INFO - Filling up the DagBag from /home/airflow/.local/lib/python3.7/site-packages/airflow/example_dags/tutorial_taskflow_api_virtualenv.py
[2022-10-05T00:13:24.880+0000] {processor.py:768} INFO - DAG(s) dict_keys(['tutorial_taskflow_api_virtualenv']) retrieved from /home/airflow/.local/lib/python3.7/site-packages/airflow/example_dags/tutorial_taskflow_api_virtualenv.py
[2022-10-05T00:13:25.048+0000] {logging_mixin.py:117} INFO - [2022-10-05T00:13:25.048+0000] {dag.py:2573} INFO - Sync 1 DAGs
[2022-10-05T00:13:25.206+0000] {logging_mixin.py:117} INFO - [2022-10-05T00:13:25.206+0000] {dag.py:3328} INFO - Setting next_dagrun for tutorial_taskflow_api_virtualenv to None, run_after=None
[2022-10-05T00:13:25.317+0000] {processor.py:178} INFO - Processing /home/airflow/.local/lib/python3.7/site-packages/airflow/example_dags/tutorial_taskflow_api_virtualenv.py took 1.540 seconds
[2022-10-05T00:15:54.123+0000] {processor.py:156} INFO - Started process (PID=83) to work on /home/airflow/.local/lib/python3.7/site-packages/airflow/example_dags/tutorial_taskflow_api_virtualenv.py
[2022-10-05T00:15:54.134+0000] {processor.py:758} INFO - Processing file /home/airflow/.local/lib/python3.7/site-packages/airflow/example_dags/tutorial_taskflow_api_virtualenv.py for tasks to queue
[2022-10-05T00:15:54.138+0000] {logging_mixin.py:117} INFO - [2022-10-05T00:15:54.137+0000] {dagbag.py:525} INFO - Filling up the DagBag from /home/airflow/.local/lib/python3.7/site-packages/airflow/example_dags/tutorial_taskflow_api_virtualenv.py
[2022-10-05T00:15:55.516+0000] {processor.py:768} INFO - DAG(s) dict_keys(['tutorial_taskflow_api_virtualenv']) retrieved from /home/airflow/.local/lib/python3.7/site-packages/airflow/example_dags/tutorial_taskflow_api_virtualenv.py
[2022-10-05T00:15:55.939+0000] {logging_mixin.py:117} INFO - [2022-10-05T00:15:55.938+0000] {dag.py:2573} INFO - Sync 1 DAGs
[2022-10-05T00:15:56.304+0000] {logging_mixin.py:117} INFO - [2022-10-05T00:15:56.303+0000] {dag.py:3328} INFO - Setting next_dagrun for tutorial_taskflow_api_virtualenv to None, run_after=None
[2022-10-05T00:15:56.514+0000] {processor.py:178} INFO - Processing /home/airflow/.local/lib/python3.7/site-packages/airflow/example_dags/tutorial_taskflow_api_virtualenv.py took 2.415 seconds
[2022-10-05T00:17:41.790+0000] {processor.py:156} INFO - Started process (PID=81) to work on /home/airflow/.local/lib/python3.7/site-packages/airflow/example_dags/tutorial_taskflow_api_virtualenv.py
[2022-10-05T00:17:41.846+0000] {processor.py:758} INFO - Processing file /home/airflow/.local/lib/python3.7/site-packages/airflow/example_dags/tutorial_taskflow_api_virtualenv.py for tasks to queue
[2022-10-05T00:17:41.881+0000] {logging_mixin.py:117} INFO - [2022-10-05T00:17:41.878+0000] {dagbag.py:525} INFO - Filling up the DagBag from /home/airflow/.local/lib/python3.7/site-packages/airflow/example_dags/tutorial_taskflow_api_virtualenv.py
[2022-10-05T00:17:47.723+0000] {processor.py:768} INFO - DAG(s) dict_keys(['tutorial_taskflow_api_virtualenv']) retrieved from /home/airflow/.local/lib/python3.7/site-packages/airflow/example_dags/tutorial_taskflow_api_virtualenv.py
[2022-10-05T00:17:48.485+0000] {logging_mixin.py:117} INFO - [2022-10-05T00:17:48.485+0000] {dag.py:2573} INFO - Sync 1 DAGs
[2022-10-05T00:17:48.676+0000] {logging_mixin.py:117} INFO - [2022-10-05T00:17:48.666+0000] {dag.py:3328} INFO - Setting next_dagrun for tutorial_taskflow_api_virtualenv to None, run_after=None
[2022-10-05T00:17:49.923+0000] {processor.py:178} INFO - Processing /home/airflow/.local/lib/python3.7/site-packages/airflow/example_dags/tutorial_taskflow_api_virtualenv.py took 8.191 seconds
[2022-10-05T00:19:46.540+0000] {processor.py:156} INFO - Started process (PID=82) to work on /home/airflow/.local/lib/python3.7/site-packages/airflow/example_dags/tutorial_taskflow_api_virtualenv.py
[2022-10-05T00:19:46.559+0000] {processor.py:758} INFO - Processing file /home/airflow/.local/lib/python3.7/site-packages/airflow/example_dags/tutorial_taskflow_api_virtualenv.py for tasks to queue
[2022-10-05T00:19:46.560+0000] {logging_mixin.py:117} INFO - [2022-10-05T00:19:46.560+0000] {dagbag.py:525} INFO - Filling up the DagBag from /home/airflow/.local/lib/python3.7/site-packages/airflow/example_dags/tutorial_taskflow_api_virtualenv.py
[2022-10-05T00:19:47.674+0000] {processor.py:768} INFO - DAG(s) dict_keys(['tutorial_taskflow_api_virtualenv']) retrieved from /home/airflow/.local/lib/python3.7/site-packages/airflow/example_dags/tutorial_taskflow_api_virtualenv.py
[2022-10-05T00:19:48.016+0000] {logging_mixin.py:117} INFO - [2022-10-05T00:19:48.013+0000] {dag.py:2573} INFO - Sync 1 DAGs
[2022-10-05T00:19:48.187+0000] {logging_mixin.py:117} INFO - [2022-10-05T00:19:48.187+0000] {dag.py:3328} INFO - Setting next_dagrun for tutorial_taskflow_api_virtualenv to None, run_after=None
[2022-10-05T00:19:48.321+0000] {processor.py:178} INFO - Processing /home/airflow/.local/lib/python3.7/site-packages/airflow/example_dags/tutorial_taskflow_api_virtualenv.py took 1.792 seconds
[2022-10-05T00:21:41.277+0000] {processor.py:156} INFO - Started process (PID=83) to work on /home/airflow/.local/lib/python3.7/site-packages/airflow/example_dags/tutorial_taskflow_api_virtualenv.py
[2022-10-05T00:21:41.279+0000] {processor.py:758} INFO - Processing file /home/airflow/.local/lib/python3.7/site-packages/airflow/example_dags/tutorial_taskflow_api_virtualenv.py for tasks to queue
[2022-10-05T00:21:41.280+0000] {logging_mixin.py:117} INFO - [2022-10-05T00:21:41.279+0000] {dagbag.py:525} INFO - Filling up the DagBag from /home/airflow/.local/lib/python3.7/site-packages/airflow/example_dags/tutorial_taskflow_api_virtualenv.py
[2022-10-05T00:21:41.729+0000] {processor.py:768} INFO - DAG(s) dict_keys(['tutorial_taskflow_api_virtualenv']) retrieved from /home/airflow/.local/lib/python3.7/site-packages/airflow/example_dags/tutorial_taskflow_api_virtualenv.py
[2022-10-05T00:21:41.804+0000] {logging_mixin.py:117} INFO - [2022-10-05T00:21:41.804+0000] {dag.py:2573} INFO - Sync 1 DAGs
[2022-10-05T00:21:41.863+0000] {logging_mixin.py:117} INFO - [2022-10-05T00:21:41.863+0000] {dag.py:3328} INFO - Setting next_dagrun for tutorial_taskflow_api_virtualenv to None, run_after=None
[2022-10-05T00:21:41.943+0000] {processor.py:178} INFO - Processing /home/airflow/.local/lib/python3.7/site-packages/airflow/example_dags/tutorial_taskflow_api_virtualenv.py took 0.673 seconds
[2022-10-05T00:23:47.463+0000] {processor.py:156} INFO - Started process (PID=84) to work on /home/airflow/.local/lib/python3.7/site-packages/airflow/example_dags/tutorial_taskflow_api_virtualenv.py
[2022-10-05T00:23:47.477+0000] {processor.py:758} INFO - Processing file /home/airflow/.local/lib/python3.7/site-packages/airflow/example_dags/tutorial_taskflow_api_virtualenv.py for tasks to queue
[2022-10-05T00:23:47.485+0000] {logging_mixin.py:117} INFO - [2022-10-05T00:23:47.484+0000] {dagbag.py:525} INFO - Filling up the DagBag from /home/airflow/.local/lib/python3.7/site-packages/airflow/example_dags/tutorial_taskflow_api_virtualenv.py
[2022-10-05T00:23:49.207+0000] {processor.py:768} INFO - DAG(s) dict_keys(['tutorial_taskflow_api_virtualenv']) retrieved from /home/airflow/.local/lib/python3.7/site-packages/airflow/example_dags/tutorial_taskflow_api_virtualenv.py
[2022-10-05T00:23:49.491+0000] {logging_mixin.py:117} INFO - [2022-10-05T00:23:49.491+0000] {dag.py:2573} INFO - Sync 1 DAGs
[2022-10-05T00:23:49.718+0000] {logging_mixin.py:117} INFO - [2022-10-05T00:23:49.718+0000] {dag.py:3328} INFO - Setting next_dagrun for tutorial_taskflow_api_virtualenv to None, run_after=None
[2022-10-05T00:23:49.991+0000] {processor.py:178} INFO - Processing /home/airflow/.local/lib/python3.7/site-packages/airflow/example_dags/tutorial_taskflow_api_virtualenv.py took 2.550 seconds
[2022-10-05T00:25:28.267+0000] {processor.py:156} INFO - Started process (PID=72) to work on /home/airflow/.local/lib/python3.7/site-packages/airflow/example_dags/tutorial_taskflow_api_virtualenv.py
[2022-10-05T00:25:28.280+0000] {processor.py:758} INFO - Processing file /home/airflow/.local/lib/python3.7/site-packages/airflow/example_dags/tutorial_taskflow_api_virtualenv.py for tasks to queue
[2022-10-05T00:25:28.287+0000] {logging_mixin.py:117} INFO - [2022-10-05T00:25:28.287+0000] {dagbag.py:525} INFO - Filling up the DagBag from /home/airflow/.local/lib/python3.7/site-packages/airflow/example_dags/tutorial_taskflow_api_virtualenv.py
[2022-10-05T00:25:28.505+0000] {processor.py:768} INFO - DAG(s) dict_keys(['tutorial_taskflow_api_virtualenv']) retrieved from /home/airflow/.local/lib/python3.7/site-packages/airflow/example_dags/tutorial_taskflow_api_virtualenv.py
[2022-10-05T00:25:35.281+0000] {logging_mixin.py:117} INFO - [2022-10-05T00:25:35.280+0000] {dag.py:2573} INFO - Sync 1 DAGs
[2022-10-05T00:25:35.746+0000] {logging_mixin.py:117} INFO - [2022-10-05T00:25:35.730+0000] {dag.py:3328} INFO - Setting next_dagrun for tutorial_taskflow_api_virtualenv to None, run_after=None
[2022-10-05T00:25:36.449+0000] {processor.py:178} INFO - Processing /home/airflow/.local/lib/python3.7/site-packages/airflow/example_dags/tutorial_taskflow_api_virtualenv.py took 8.192 seconds
[2022-10-05T00:28:38.777+0000] {processor.py:156} INFO - Started process (PID=97) to work on /home/airflow/.local/lib/python3.7/site-packages/airflow/example_dags/tutorial_taskflow_api_virtualenv.py
[2022-10-05T00:28:38.798+0000] {processor.py:758} INFO - Processing file /home/airflow/.local/lib/python3.7/site-packages/airflow/example_dags/tutorial_taskflow_api_virtualenv.py for tasks to queue
[2022-10-05T00:28:38.806+0000] {logging_mixin.py:117} INFO - [2022-10-05T00:28:38.806+0000] {dagbag.py:525} INFO - Filling up the DagBag from /home/airflow/.local/lib/python3.7/site-packages/airflow/example_dags/tutorial_taskflow_api_virtualenv.py
[2022-10-05T00:28:41.296+0000] {processor.py:768} INFO - DAG(s) dict_keys(['tutorial_taskflow_api_virtualenv']) retrieved from /home/airflow/.local/lib/python3.7/site-packages/airflow/example_dags/tutorial_taskflow_api_virtualenv.py
[2022-10-05T00:28:41.808+0000] {logging_mixin.py:117} INFO - [2022-10-05T00:28:41.807+0000] {dag.py:2573} INFO - Sync 1 DAGs
[2022-10-05T00:28:42.185+0000] {logging_mixin.py:117} INFO - [2022-10-05T00:28:42.180+0000] {dag.py:3328} INFO - Setting next_dagrun for tutorial_taskflow_api_virtualenv to None, run_after=None
[2022-10-05T00:28:42.594+0000] {processor.py:178} INFO - Processing /home/airflow/.local/lib/python3.7/site-packages/airflow/example_dags/tutorial_taskflow_api_virtualenv.py took 3.843 seconds
[2022-10-05T00:30:37.403+0000] {processor.py:156} INFO - Started process (PID=76) to work on /home/airflow/.local/lib/python3.7/site-packages/airflow/example_dags/tutorial_taskflow_api_virtualenv.py
[2022-10-05T00:30:37.406+0000] {processor.py:758} INFO - Processing file /home/airflow/.local/lib/python3.7/site-packages/airflow/example_dags/tutorial_taskflow_api_virtualenv.py for tasks to queue
[2022-10-05T00:30:37.407+0000] {logging_mixin.py:117} INFO - [2022-10-05T00:30:37.407+0000] {dagbag.py:525} INFO - Filling up the DagBag from /home/airflow/.local/lib/python3.7/site-packages/airflow/example_dags/tutorial_taskflow_api_virtualenv.py
[2022-10-05T00:30:37.572+0000] {processor.py:768} INFO - DAG(s) dict_keys(['tutorial_taskflow_api_virtualenv']) retrieved from /home/airflow/.local/lib/python3.7/site-packages/airflow/example_dags/tutorial_taskflow_api_virtualenv.py
[2022-10-05T00:30:40.308+0000] {logging_mixin.py:117} INFO - [2022-10-05T00:30:40.305+0000] {dag.py:2573} INFO - Sync 1 DAGs
[2022-10-05T00:30:40.498+0000] {logging_mixin.py:117} INFO - [2022-10-05T00:30:40.497+0000] {dag.py:3328} INFO - Setting next_dagrun for tutorial_taskflow_api_virtualenv to None, run_after=None
[2022-10-05T00:30:40.822+0000] {processor.py:178} INFO - Processing /home/airflow/.local/lib/python3.7/site-packages/airflow/example_dags/tutorial_taskflow_api_virtualenv.py took 3.426 seconds
[2022-10-05T00:33:21.698+0000] {processor.py:156} INFO - Started process (PID=76) to work on /home/airflow/.local/lib/python3.7/site-packages/airflow/example_dags/tutorial_taskflow_api_virtualenv.py
[2022-10-05T00:33:21.705+0000] {processor.py:758} INFO - Processing file /home/airflow/.local/lib/python3.7/site-packages/airflow/example_dags/tutorial_taskflow_api_virtualenv.py for tasks to queue
[2022-10-05T00:33:21.724+0000] {logging_mixin.py:117} INFO - [2022-10-05T00:33:21.724+0000] {dagbag.py:525} INFO - Filling up the DagBag from /home/airflow/.local/lib/python3.7/site-packages/airflow/example_dags/tutorial_taskflow_api_virtualenv.py
[2022-10-05T00:33:23.097+0000] {processor.py:768} INFO - DAG(s) dict_keys(['tutorial_taskflow_api_virtualenv']) retrieved from /home/airflow/.local/lib/python3.7/site-packages/airflow/example_dags/tutorial_taskflow_api_virtualenv.py
[2022-10-05T00:33:23.373+0000] {logging_mixin.py:117} INFO - [2022-10-05T00:33:23.373+0000] {dag.py:2573} INFO - Sync 1 DAGs
[2022-10-05T00:33:23.626+0000] {logging_mixin.py:117} INFO - [2022-10-05T00:33:23.626+0000] {dag.py:3328} INFO - Setting next_dagrun for tutorial_taskflow_api_virtualenv to None, run_after=None
[2022-10-05T00:33:23.920+0000] {processor.py:178} INFO - Processing /home/airflow/.local/lib/python3.7/site-packages/airflow/example_dags/tutorial_taskflow_api_virtualenv.py took 2.253 seconds
[2022-10-05T00:35:23.297+0000] {processor.py:156} INFO - Started process (PID=82) to work on /home/airflow/.local/lib/python3.7/site-packages/airflow/example_dags/tutorial_taskflow_api_virtualenv.py
[2022-10-05T00:35:23.306+0000] {processor.py:758} INFO - Processing file /home/airflow/.local/lib/python3.7/site-packages/airflow/example_dags/tutorial_taskflow_api_virtualenv.py for tasks to queue
[2022-10-05T00:35:23.315+0000] {logging_mixin.py:117} INFO - [2022-10-05T00:35:23.315+0000] {dagbag.py:525} INFO - Filling up the DagBag from /home/airflow/.local/lib/python3.7/site-packages/airflow/example_dags/tutorial_taskflow_api_virtualenv.py
[2022-10-05T00:35:24.732+0000] {processor.py:768} INFO - DAG(s) dict_keys(['tutorial_taskflow_api_virtualenv']) retrieved from /home/airflow/.local/lib/python3.7/site-packages/airflow/example_dags/tutorial_taskflow_api_virtualenv.py
[2022-10-05T00:35:24.988+0000] {logging_mixin.py:117} INFO - [2022-10-05T00:35:24.987+0000] {dag.py:2573} INFO - Sync 1 DAGs
[2022-10-05T00:35:25.178+0000] {logging_mixin.py:117} INFO - [2022-10-05T00:35:25.178+0000] {dag.py:3328} INFO - Setting next_dagrun for tutorial_taskflow_api_virtualenv to None, run_after=None
[2022-10-05T00:35:25.686+0000] {processor.py:178} INFO - Processing /home/airflow/.local/lib/python3.7/site-packages/airflow/example_dags/tutorial_taskflow_api_virtualenv.py took 2.427 seconds
[2022-10-05T00:37:18.685+0000] {processor.py:156} INFO - Started process (PID=81) to work on /home/airflow/.local/lib/python3.7/site-packages/airflow/example_dags/tutorial_taskflow_api_virtualenv.py
[2022-10-05T00:37:18.695+0000] {processor.py:758} INFO - Processing file /home/airflow/.local/lib/python3.7/site-packages/airflow/example_dags/tutorial_taskflow_api_virtualenv.py for tasks to queue
[2022-10-05T00:37:18.703+0000] {logging_mixin.py:117} INFO - [2022-10-05T00:37:18.703+0000] {dagbag.py:525} INFO - Filling up the DagBag from /home/airflow/.local/lib/python3.7/site-packages/airflow/example_dags/tutorial_taskflow_api_virtualenv.py
[2022-10-05T00:37:21.610+0000] {processor.py:768} INFO - DAG(s) dict_keys(['tutorial_taskflow_api_virtualenv']) retrieved from /home/airflow/.local/lib/python3.7/site-packages/airflow/example_dags/tutorial_taskflow_api_virtualenv.py
[2022-10-05T00:37:26.033+0000] {logging_mixin.py:117} INFO - [2022-10-05T00:37:26.033+0000] {dag.py:2573} INFO - Sync 1 DAGs
[2022-10-05T00:37:26.262+0000] {logging_mixin.py:117} INFO - [2022-10-05T00:37:26.262+0000] {dag.py:3328} INFO - Setting next_dagrun for tutorial_taskflow_api_virtualenv to None, run_after=None
[2022-10-05T00:37:26.537+0000] {processor.py:178} INFO - Processing /home/airflow/.local/lib/python3.7/site-packages/airflow/example_dags/tutorial_taskflow_api_virtualenv.py took 7.888 seconds
[2022-10-05T00:39:12.976+0000] {processor.py:156} INFO - Started process (PID=74) to work on /home/airflow/.local/lib/python3.7/site-packages/airflow/example_dags/tutorial_taskflow_api_virtualenv.py
[2022-10-05T00:39:12.996+0000] {processor.py:758} INFO - Processing file /home/airflow/.local/lib/python3.7/site-packages/airflow/example_dags/tutorial_taskflow_api_virtualenv.py for tasks to queue
[2022-10-05T00:39:13.010+0000] {logging_mixin.py:117} INFO - [2022-10-05T00:39:13.010+0000] {dagbag.py:525} INFO - Filling up the DagBag from /home/airflow/.local/lib/python3.7/site-packages/airflow/example_dags/tutorial_taskflow_api_virtualenv.py
[2022-10-05T00:39:13.436+0000] {processor.py:768} INFO - DAG(s) dict_keys(['tutorial_taskflow_api_virtualenv']) retrieved from /home/airflow/.local/lib/python3.7/site-packages/airflow/example_dags/tutorial_taskflow_api_virtualenv.py
[2022-10-05T00:39:26.701+0000] {logging_mixin.py:117} INFO - [2022-10-05T00:39:26.690+0000] {dag.py:2573} INFO - Sync 1 DAGs
[2022-10-05T00:39:27.878+0000] {logging_mixin.py:117} INFO - [2022-10-05T00:39:27.878+0000] {dag.py:3328} INFO - Setting next_dagrun for tutorial_taskflow_api_virtualenv to None, run_after=None
[2022-10-05T00:39:28.418+0000] {processor.py:178} INFO - Processing /home/airflow/.local/lib/python3.7/site-packages/airflow/example_dags/tutorial_taskflow_api_virtualenv.py took 15.076 seconds
[2022-10-05T00:41:51.557+0000] {processor.py:156} INFO - Started process (PID=84) to work on /home/airflow/.local/lib/python3.7/site-packages/airflow/example_dags/tutorial_taskflow_api_virtualenv.py
[2022-10-05T00:41:51.584+0000] {processor.py:758} INFO - Processing file /home/airflow/.local/lib/python3.7/site-packages/airflow/example_dags/tutorial_taskflow_api_virtualenv.py for tasks to queue
[2022-10-05T00:41:51.586+0000] {logging_mixin.py:117} INFO - [2022-10-05T00:41:51.586+0000] {dagbag.py:525} INFO - Filling up the DagBag from /home/airflow/.local/lib/python3.7/site-packages/airflow/example_dags/tutorial_taskflow_api_virtualenv.py
[2022-10-05T00:41:53.108+0000] {processor.py:768} INFO - DAG(s) dict_keys(['tutorial_taskflow_api_virtualenv']) retrieved from /home/airflow/.local/lib/python3.7/site-packages/airflow/example_dags/tutorial_taskflow_api_virtualenv.py
[2022-10-05T00:41:53.385+0000] {logging_mixin.py:117} INFO - [2022-10-05T00:41:53.385+0000] {dag.py:2573} INFO - Sync 1 DAGs
[2022-10-05T00:41:53.570+0000] {logging_mixin.py:117} INFO - [2022-10-05T00:41:53.570+0000] {dag.py:3328} INFO - Setting next_dagrun for tutorial_taskflow_api_virtualenv to None, run_after=None
[2022-10-05T00:41:54.003+0000] {processor.py:178} INFO - Processing /home/airflow/.local/lib/python3.7/site-packages/airflow/example_dags/tutorial_taskflow_api_virtualenv.py took 2.471 seconds
[2022-10-05T00:44:02.844+0000] {processor.py:156} INFO - Started process (PID=85) to work on /home/airflow/.local/lib/python3.7/site-packages/airflow/example_dags/tutorial_taskflow_api_virtualenv.py
[2022-10-05T00:44:02.856+0000] {processor.py:758} INFO - Processing file /home/airflow/.local/lib/python3.7/site-packages/airflow/example_dags/tutorial_taskflow_api_virtualenv.py for tasks to queue
[2022-10-05T00:44:02.867+0000] {logging_mixin.py:117} INFO - [2022-10-05T00:44:02.867+0000] {dagbag.py:525} INFO - Filling up the DagBag from /home/airflow/.local/lib/python3.7/site-packages/airflow/example_dags/tutorial_taskflow_api_virtualenv.py
[2022-10-05T00:44:04.492+0000] {processor.py:768} INFO - DAG(s) dict_keys(['tutorial_taskflow_api_virtualenv']) retrieved from /home/airflow/.local/lib/python3.7/site-packages/airflow/example_dags/tutorial_taskflow_api_virtualenv.py
[2022-10-05T00:44:04.908+0000] {logging_mixin.py:117} INFO - [2022-10-05T00:44:04.904+0000] {dag.py:2573} INFO - Sync 1 DAGs
[2022-10-05T00:44:05.206+0000] {logging_mixin.py:117} INFO - [2022-10-05T00:44:05.206+0000] {dag.py:3328} INFO - Setting next_dagrun for tutorial_taskflow_api_virtualenv to None, run_after=None
[2022-10-05T00:44:05.437+0000] {processor.py:178} INFO - Processing /home/airflow/.local/lib/python3.7/site-packages/airflow/example_dags/tutorial_taskflow_api_virtualenv.py took 2.621 seconds
[2022-10-05T00:47:17.725+0000] {processor.py:156} INFO - Started process (PID=103) to work on /home/airflow/.local/lib/python3.7/site-packages/airflow/example_dags/tutorial_taskflow_api_virtualenv.py
[2022-10-05T00:47:17.735+0000] {processor.py:758} INFO - Processing file /home/airflow/.local/lib/python3.7/site-packages/airflow/example_dags/tutorial_taskflow_api_virtualenv.py for tasks to queue
[2022-10-05T00:47:17.751+0000] {logging_mixin.py:117} INFO - [2022-10-05T00:47:17.749+0000] {dagbag.py:525} INFO - Filling up the DagBag from /home/airflow/.local/lib/python3.7/site-packages/airflow/example_dags/tutorial_taskflow_api_virtualenv.py
[2022-10-05T00:47:19.996+0000] {processor.py:768} INFO - DAG(s) dict_keys(['tutorial_taskflow_api_virtualenv']) retrieved from /home/airflow/.local/lib/python3.7/site-packages/airflow/example_dags/tutorial_taskflow_api_virtualenv.py
[2022-10-05T00:47:20.494+0000] {logging_mixin.py:117} INFO - [2022-10-05T00:47:20.483+0000] {dag.py:2573} INFO - Sync 1 DAGs
[2022-10-05T00:47:20.982+0000] {logging_mixin.py:117} INFO - [2022-10-05T00:47:20.982+0000] {dag.py:3328} INFO - Setting next_dagrun for tutorial_taskflow_api_virtualenv to None, run_after=None
[2022-10-05T00:47:21.445+0000] {processor.py:178} INFO - Processing /home/airflow/.local/lib/python3.7/site-packages/airflow/example_dags/tutorial_taskflow_api_virtualenv.py took 3.764 seconds
[2022-10-05T00:49:49.026+0000] {processor.py:156} INFO - Started process (PID=92) to work on /home/airflow/.local/lib/python3.7/site-packages/airflow/example_dags/tutorial_taskflow_api_virtualenv.py
[2022-10-05T00:49:49.038+0000] {processor.py:758} INFO - Processing file /home/airflow/.local/lib/python3.7/site-packages/airflow/example_dags/tutorial_taskflow_api_virtualenv.py for tasks to queue
[2022-10-05T00:49:49.050+0000] {logging_mixin.py:117} INFO - [2022-10-05T00:49:49.043+0000] {dagbag.py:525} INFO - Filling up the DagBag from /home/airflow/.local/lib/python3.7/site-packages/airflow/example_dags/tutorial_taskflow_api_virtualenv.py
[2022-10-05T00:49:50.547+0000] {processor.py:768} INFO - DAG(s) dict_keys(['tutorial_taskflow_api_virtualenv']) retrieved from /home/airflow/.local/lib/python3.7/site-packages/airflow/example_dags/tutorial_taskflow_api_virtualenv.py
[2022-10-05T00:49:50.944+0000] {logging_mixin.py:117} INFO - [2022-10-05T00:49:50.941+0000] {dag.py:2573} INFO - Sync 1 DAGs
[2022-10-05T00:49:51.224+0000] {logging_mixin.py:117} INFO - [2022-10-05T00:49:51.224+0000] {dag.py:3328} INFO - Setting next_dagrun for tutorial_taskflow_api_virtualenv to None, run_after=None
[2022-10-05T00:49:56.252+0000] {processor.py:178} INFO - Processing /home/airflow/.local/lib/python3.7/site-packages/airflow/example_dags/tutorial_taskflow_api_virtualenv.py took 7.259 seconds
[2022-10-05T00:52:11.574+0000] {processor.py:156} INFO - Started process (PID=83) to work on /home/airflow/.local/lib/python3.7/site-packages/airflow/example_dags/tutorial_taskflow_api_virtualenv.py
[2022-10-05T00:52:11.586+0000] {processor.py:758} INFO - Processing file /home/airflow/.local/lib/python3.7/site-packages/airflow/example_dags/tutorial_taskflow_api_virtualenv.py for tasks to queue
[2022-10-05T00:52:11.590+0000] {logging_mixin.py:117} INFO - [2022-10-05T00:52:11.589+0000] {dagbag.py:525} INFO - Filling up the DagBag from /home/airflow/.local/lib/python3.7/site-packages/airflow/example_dags/tutorial_taskflow_api_virtualenv.py
[2022-10-05T00:52:12.846+0000] {processor.py:768} INFO - DAG(s) dict_keys(['tutorial_taskflow_api_virtualenv']) retrieved from /home/airflow/.local/lib/python3.7/site-packages/airflow/example_dags/tutorial_taskflow_api_virtualenv.py
[2022-10-05T00:52:13.007+0000] {logging_mixin.py:117} INFO - [2022-10-05T00:52:13.007+0000] {dag.py:2573} INFO - Sync 1 DAGs
[2022-10-05T00:52:13.094+0000] {logging_mixin.py:117} INFO - [2022-10-05T00:52:13.094+0000] {dag.py:3328} INFO - Setting next_dagrun for tutorial_taskflow_api_virtualenv to None, run_after=None
[2022-10-05T00:52:20.778+0000] {processor.py:178} INFO - Processing /home/airflow/.local/lib/python3.7/site-packages/airflow/example_dags/tutorial_taskflow_api_virtualenv.py took 9.222 seconds
[2022-10-05T00:54:33.238+0000] {processor.py:156} INFO - Started process (PID=67) to work on /home/airflow/.local/lib/python3.7/site-packages/airflow/example_dags/tutorial_taskflow_api_virtualenv.py
[2022-10-05T00:54:33.240+0000] {processor.py:758} INFO - Processing file /home/airflow/.local/lib/python3.7/site-packages/airflow/example_dags/tutorial_taskflow_api_virtualenv.py for tasks to queue
[2022-10-05T00:54:33.242+0000] {logging_mixin.py:117} INFO - [2022-10-05T00:54:33.242+0000] {dagbag.py:525} INFO - Filling up the DagBag from /home/airflow/.local/lib/python3.7/site-packages/airflow/example_dags/tutorial_taskflow_api_virtualenv.py
[2022-10-05T00:54:33.628+0000] {processor.py:768} INFO - DAG(s) dict_keys(['tutorial_taskflow_api_virtualenv']) retrieved from /home/airflow/.local/lib/python3.7/site-packages/airflow/example_dags/tutorial_taskflow_api_virtualenv.py
[2022-10-05T00:54:33.730+0000] {logging_mixin.py:117} INFO - [2022-10-05T00:54:33.729+0000] {dag.py:2573} INFO - Sync 1 DAGs
[2022-10-05T00:54:33.810+0000] {logging_mixin.py:117} INFO - [2022-10-05T00:54:33.810+0000] {dag.py:3328} INFO - Setting next_dagrun for tutorial_taskflow_api_virtualenv to None, run_after=None
[2022-10-05T00:54:33.955+0000] {processor.py:178} INFO - Processing /home/airflow/.local/lib/python3.7/site-packages/airflow/example_dags/tutorial_taskflow_api_virtualenv.py took 0.727 seconds
[2022-10-05T00:56:37.054+0000] {processor.py:156} INFO - Started process (PID=85) to work on /home/airflow/.local/lib/python3.7/site-packages/airflow/example_dags/tutorial_taskflow_api_virtualenv.py
[2022-10-05T00:56:37.064+0000] {processor.py:758} INFO - Processing file /home/airflow/.local/lib/python3.7/site-packages/airflow/example_dags/tutorial_taskflow_api_virtualenv.py for tasks to queue
[2022-10-05T00:56:37.070+0000] {logging_mixin.py:117} INFO - [2022-10-05T00:56:37.067+0000] {dagbag.py:525} INFO - Filling up the DagBag from /home/airflow/.local/lib/python3.7/site-packages/airflow/example_dags/tutorial_taskflow_api_virtualenv.py
[2022-10-05T00:56:37.708+0000] {processor.py:768} INFO - DAG(s) dict_keys(['tutorial_taskflow_api_virtualenv']) retrieved from /home/airflow/.local/lib/python3.7/site-packages/airflow/example_dags/tutorial_taskflow_api_virtualenv.py
[2022-10-05T00:56:37.963+0000] {logging_mixin.py:117} INFO - [2022-10-05T00:56:37.963+0000] {dag.py:2573} INFO - Sync 1 DAGs
[2022-10-05T00:56:38.024+0000] {logging_mixin.py:117} INFO - [2022-10-05T00:56:38.024+0000] {dag.py:3328} INFO - Setting next_dagrun for tutorial_taskflow_api_virtualenv to None, run_after=None
[2022-10-05T00:56:38.189+0000] {processor.py:178} INFO - Processing /home/airflow/.local/lib/python3.7/site-packages/airflow/example_dags/tutorial_taskflow_api_virtualenv.py took 1.172 seconds
