[2022-10-05T00:00:28.838+0000] {processor.py:156} INFO - Started process (PID=46) to work on /home/airflow/.local/lib/python3.7/site-packages/airflow/example_dags/tutorial_dag.py
[2022-10-05T00:00:28.839+0000] {processor.py:758} INFO - Processing file /home/airflow/.local/lib/python3.7/site-packages/airflow/example_dags/tutorial_dag.py for tasks to queue
[2022-10-05T00:00:28.840+0000] {logging_mixin.py:117} INFO - [2022-10-05T00:00:28.840+0000] {dagbag.py:525} INFO - Filling up the DagBag from /home/airflow/.local/lib/python3.7/site-packages/airflow/example_dags/tutorial_dag.py
[2022-10-05T00:00:28.903+0000] {processor.py:768} INFO - DAG(s) dict_keys(['tutorial_dag']) retrieved from /home/airflow/.local/lib/python3.7/site-packages/airflow/example_dags/tutorial_dag.py
[2022-10-05T00:00:31.139+0000] {logging_mixin.py:117} INFO - [2022-10-05T00:00:31.139+0000] {dag.py:2573} INFO - Sync 1 DAGs
[2022-10-05T00:00:31.244+0000] {logging_mixin.py:117} INFO - [2022-10-05T00:00:31.244+0000] {dag.py:3328} INFO - Setting next_dagrun for tutorial_dag to None, run_after=None
[2022-10-05T00:00:33.112+0000] {processor.py:178} INFO - Processing /home/airflow/.local/lib/python3.7/site-packages/airflow/example_dags/tutorial_dag.py took 4.278 seconds
[2022-10-05T00:02:34.332+0000] {processor.py:156} INFO - Started process (PID=53) to work on /home/airflow/.local/lib/python3.7/site-packages/airflow/example_dags/tutorial_dag.py
[2022-10-05T00:02:34.337+0000] {processor.py:758} INFO - Processing file /home/airflow/.local/lib/python3.7/site-packages/airflow/example_dags/tutorial_dag.py for tasks to queue
[2022-10-05T00:02:34.349+0000] {logging_mixin.py:117} INFO - [2022-10-05T00:02:34.348+0000] {dagbag.py:525} INFO - Filling up the DagBag from /home/airflow/.local/lib/python3.7/site-packages/airflow/example_dags/tutorial_dag.py
[2022-10-05T00:02:34.484+0000] {processor.py:768} INFO - DAG(s) dict_keys(['tutorial_dag']) retrieved from /home/airflow/.local/lib/python3.7/site-packages/airflow/example_dags/tutorial_dag.py
[2022-10-05T00:02:38.721+0000] {logging_mixin.py:117} INFO - [2022-10-05T00:02:38.721+0000] {dag.py:2573} INFO - Sync 1 DAGs
[2022-10-05T00:02:40.062+0000] {logging_mixin.py:117} INFO - [2022-10-05T00:02:40.049+0000] {dag.py:3328} INFO - Setting next_dagrun for tutorial_dag to None, run_after=None
[2022-10-05T00:02:41.301+0000] {processor.py:178} INFO - Processing /home/airflow/.local/lib/python3.7/site-packages/airflow/example_dags/tutorial_dag.py took 6.993 seconds
[2022-10-05T00:04:24.137+0000] {processor.py:156} INFO - Started process (PID=46) to work on /home/airflow/.local/lib/python3.7/site-packages/airflow/example_dags/tutorial_dag.py
[2022-10-05T00:04:24.139+0000] {processor.py:758} INFO - Processing file /home/airflow/.local/lib/python3.7/site-packages/airflow/example_dags/tutorial_dag.py for tasks to queue
[2022-10-05T00:04:24.142+0000] {logging_mixin.py:117} INFO - [2022-10-05T00:04:24.142+0000] {dagbag.py:525} INFO - Filling up the DagBag from /home/airflow/.local/lib/python3.7/site-packages/airflow/example_dags/tutorial_dag.py
[2022-10-05T00:04:24.334+0000] {processor.py:768} INFO - DAG(s) dict_keys(['tutorial_dag']) retrieved from /home/airflow/.local/lib/python3.7/site-packages/airflow/example_dags/tutorial_dag.py
[2022-10-05T00:04:28.246+0000] {logging_mixin.py:117} INFO - [2022-10-05T00:04:28.236+0000] {dag.py:2573} INFO - Sync 1 DAGs
[2022-10-05T00:04:29.540+0000] {logging_mixin.py:117} INFO - [2022-10-05T00:04:29.528+0000] {dag.py:3328} INFO - Setting next_dagrun for tutorial_dag to None, run_after=None
[2022-10-05T00:04:31.431+0000] {processor.py:178} INFO - Processing /home/airflow/.local/lib/python3.7/site-packages/airflow/example_dags/tutorial_dag.py took 7.311 seconds
[2022-10-05T00:06:27.028+0000] {processor.py:156} INFO - Started process (PID=45) to work on /home/airflow/.local/lib/python3.7/site-packages/airflow/example_dags/tutorial_dag.py
[2022-10-05T00:06:27.043+0000] {processor.py:758} INFO - Processing file /home/airflow/.local/lib/python3.7/site-packages/airflow/example_dags/tutorial_dag.py for tasks to queue
[2022-10-05T00:06:27.067+0000] {logging_mixin.py:117} INFO - [2022-10-05T00:06:27.059+0000] {dagbag.py:525} INFO - Filling up the DagBag from /home/airflow/.local/lib/python3.7/site-packages/airflow/example_dags/tutorial_dag.py
[2022-10-05T00:06:27.263+0000] {processor.py:768} INFO - DAG(s) dict_keys(['tutorial_dag']) retrieved from /home/airflow/.local/lib/python3.7/site-packages/airflow/example_dags/tutorial_dag.py
[2022-10-05T00:06:38.485+0000] {logging_mixin.py:117} INFO - [2022-10-05T00:06:38.462+0000] {dag.py:2573} INFO - Sync 1 DAGs
[2022-10-05T00:06:41.758+0000] {logging_mixin.py:117} INFO - [2022-10-05T00:06:41.757+0000] {dag.py:3328} INFO - Setting next_dagrun for tutorial_dag to None, run_after=None
[2022-10-05T00:06:48.856+0000] {processor.py:178} INFO - Processing /home/airflow/.local/lib/python3.7/site-packages/airflow/example_dags/tutorial_dag.py took 21.854 seconds
[2022-10-05T00:08:41.622+0000] {processor.py:156} INFO - Started process (PID=62) to work on /home/airflow/.local/lib/python3.7/site-packages/airflow/example_dags/tutorial_dag.py
[2022-10-05T00:08:41.634+0000] {processor.py:758} INFO - Processing file /home/airflow/.local/lib/python3.7/site-packages/airflow/example_dags/tutorial_dag.py for tasks to queue
[2022-10-05T00:08:41.645+0000] {logging_mixin.py:117} INFO - [2022-10-05T00:08:41.645+0000] {dagbag.py:525} INFO - Filling up the DagBag from /home/airflow/.local/lib/python3.7/site-packages/airflow/example_dags/tutorial_dag.py
[2022-10-05T00:08:41.929+0000] {processor.py:768} INFO - DAG(s) dict_keys(['tutorial_dag']) retrieved from /home/airflow/.local/lib/python3.7/site-packages/airflow/example_dags/tutorial_dag.py
[2022-10-05T00:08:43.911+0000] {logging_mixin.py:117} INFO - [2022-10-05T00:08:43.910+0000] {dag.py:2573} INFO - Sync 1 DAGs
[2022-10-05T00:08:44.193+0000] {logging_mixin.py:117} INFO - [2022-10-05T00:08:44.192+0000] {dag.py:3328} INFO - Setting next_dagrun for tutorial_dag to None, run_after=None
[2022-10-05T00:08:51.055+0000] {processor.py:178} INFO - Processing /home/airflow/.local/lib/python3.7/site-packages/airflow/example_dags/tutorial_dag.py took 9.463 seconds
[2022-10-05T00:10:46.354+0000] {processor.py:156} INFO - Started process (PID=69) to work on /home/airflow/.local/lib/python3.7/site-packages/airflow/example_dags/tutorial_dag.py
[2022-10-05T00:10:46.380+0000] {processor.py:758} INFO - Processing file /home/airflow/.local/lib/python3.7/site-packages/airflow/example_dags/tutorial_dag.py for tasks to queue
[2022-10-05T00:10:46.424+0000] {logging_mixin.py:117} INFO - [2022-10-05T00:10:46.423+0000] {dagbag.py:525} INFO - Filling up the DagBag from /home/airflow/.local/lib/python3.7/site-packages/airflow/example_dags/tutorial_dag.py
[2022-10-05T00:10:46.916+0000] {processor.py:768} INFO - DAG(s) dict_keys(['tutorial_dag']) retrieved from /home/airflow/.local/lib/python3.7/site-packages/airflow/example_dags/tutorial_dag.py
[2022-10-05T00:10:49.899+0000] {logging_mixin.py:117} INFO - [2022-10-05T00:10:49.898+0000] {dag.py:2573} INFO - Sync 1 DAGs
[2022-10-05T00:10:50.064+0000] {logging_mixin.py:117} INFO - [2022-10-05T00:10:50.064+0000] {dag.py:3328} INFO - Setting next_dagrun for tutorial_dag to None, run_after=None
[2022-10-05T00:10:50.354+0000] {processor.py:178} INFO - Processing /home/airflow/.local/lib/python3.7/site-packages/airflow/example_dags/tutorial_dag.py took 4.070 seconds
[2022-10-05T00:12:50.518+0000] {processor.py:156} INFO - Started process (PID=61) to work on /home/airflow/.local/lib/python3.7/site-packages/airflow/example_dags/tutorial_dag.py
[2022-10-05T00:12:50.543+0000] {processor.py:758} INFO - Processing file /home/airflow/.local/lib/python3.7/site-packages/airflow/example_dags/tutorial_dag.py for tasks to queue
[2022-10-05T00:12:50.559+0000] {logging_mixin.py:117} INFO - [2022-10-05T00:12:50.559+0000] {dagbag.py:525} INFO - Filling up the DagBag from /home/airflow/.local/lib/python3.7/site-packages/airflow/example_dags/tutorial_dag.py
[2022-10-05T00:12:50.802+0000] {processor.py:768} INFO - DAG(s) dict_keys(['tutorial_dag']) retrieved from /home/airflow/.local/lib/python3.7/site-packages/airflow/example_dags/tutorial_dag.py
[2022-10-05T00:12:58.999+0000] {logging_mixin.py:117} INFO - [2022-10-05T00:12:58.998+0000] {dag.py:2573} INFO - Sync 1 DAGs
[2022-10-05T00:13:01.597+0000] {logging_mixin.py:117} INFO - [2022-10-05T00:13:01.590+0000] {dag.py:3328} INFO - Setting next_dagrun for tutorial_dag to None, run_after=None
[2022-10-05T00:13:04.433+0000] {processor.py:178} INFO - Processing /home/airflow/.local/lib/python3.7/site-packages/airflow/example_dags/tutorial_dag.py took 13.957 seconds
[2022-10-05T00:15:27.921+0000] {processor.py:156} INFO - Started process (PID=63) to work on /home/airflow/.local/lib/python3.7/site-packages/airflow/example_dags/tutorial_dag.py
[2022-10-05T00:15:27.924+0000] {processor.py:758} INFO - Processing file /home/airflow/.local/lib/python3.7/site-packages/airflow/example_dags/tutorial_dag.py for tasks to queue
[2022-10-05T00:15:27.934+0000] {logging_mixin.py:117} INFO - [2022-10-05T00:15:27.934+0000] {dagbag.py:525} INFO - Filling up the DagBag from /home/airflow/.local/lib/python3.7/site-packages/airflow/example_dags/tutorial_dag.py
[2022-10-05T00:15:28.188+0000] {processor.py:768} INFO - DAG(s) dict_keys(['tutorial_dag']) retrieved from /home/airflow/.local/lib/python3.7/site-packages/airflow/example_dags/tutorial_dag.py
[2022-10-05T00:15:31.570+0000] {logging_mixin.py:117} INFO - [2022-10-05T00:15:31.568+0000] {dag.py:2573} INFO - Sync 1 DAGs
[2022-10-05T00:15:31.677+0000] {logging_mixin.py:117} INFO - [2022-10-05T00:15:31.677+0000] {dag.py:3328} INFO - Setting next_dagrun for tutorial_dag to None, run_after=None
[2022-10-05T00:15:31.884+0000] {processor.py:178} INFO - Processing /home/airflow/.local/lib/python3.7/site-packages/airflow/example_dags/tutorial_dag.py took 3.991 seconds
[2022-10-05T00:17:08.242+0000] {processor.py:156} INFO - Started process (PID=55) to work on /home/airflow/.local/lib/python3.7/site-packages/airflow/example_dags/tutorial_dag.py
[2022-10-05T00:17:08.253+0000] {processor.py:758} INFO - Processing file /home/airflow/.local/lib/python3.7/site-packages/airflow/example_dags/tutorial_dag.py for tasks to queue
[2022-10-05T00:17:08.254+0000] {logging_mixin.py:117} INFO - [2022-10-05T00:17:08.254+0000] {dagbag.py:525} INFO - Filling up the DagBag from /home/airflow/.local/lib/python3.7/site-packages/airflow/example_dags/tutorial_dag.py
[2022-10-05T00:17:08.295+0000] {processor.py:768} INFO - DAG(s) dict_keys(['tutorial_dag']) retrieved from /home/airflow/.local/lib/python3.7/site-packages/airflow/example_dags/tutorial_dag.py
[2022-10-05T00:17:08.885+0000] {logging_mixin.py:117} INFO - [2022-10-05T00:17:08.885+0000] {dag.py:2573} INFO - Sync 1 DAGs
[2022-10-05T00:17:08.994+0000] {logging_mixin.py:117} INFO - [2022-10-05T00:17:08.994+0000] {dag.py:3328} INFO - Setting next_dagrun for tutorial_dag to None, run_after=None
[2022-10-05T00:17:09.072+0000] {processor.py:178} INFO - Processing /home/airflow/.local/lib/python3.7/site-packages/airflow/example_dags/tutorial_dag.py took 0.834 seconds
[2022-10-05T00:19:18.896+0000] {processor.py:156} INFO - Started process (PID=61) to work on /home/airflow/.local/lib/python3.7/site-packages/airflow/example_dags/tutorial_dag.py
[2022-10-05T00:19:18.904+0000] {processor.py:758} INFO - Processing file /home/airflow/.local/lib/python3.7/site-packages/airflow/example_dags/tutorial_dag.py for tasks to queue
[2022-10-05T00:19:18.919+0000] {logging_mixin.py:117} INFO - [2022-10-05T00:19:18.910+0000] {dagbag.py:525} INFO - Filling up the DagBag from /home/airflow/.local/lib/python3.7/site-packages/airflow/example_dags/tutorial_dag.py
[2022-10-05T00:19:19.260+0000] {processor.py:768} INFO - DAG(s) dict_keys(['tutorial_dag']) retrieved from /home/airflow/.local/lib/python3.7/site-packages/airflow/example_dags/tutorial_dag.py
[2022-10-05T00:19:30.306+0000] {logging_mixin.py:117} INFO - [2022-10-05T00:19:30.299+0000] {dag.py:2573} INFO - Sync 1 DAGs
[2022-10-05T00:19:30.574+0000] {logging_mixin.py:117} INFO - [2022-10-05T00:19:30.574+0000] {dag.py:3328} INFO - Setting next_dagrun for tutorial_dag to None, run_after=None
[2022-10-05T00:19:31.124+0000] {processor.py:178} INFO - Processing /home/airflow/.local/lib/python3.7/site-packages/airflow/example_dags/tutorial_dag.py took 12.270 seconds
[2022-10-05T00:21:13.986+0000] {processor.py:156} INFO - Started process (PID=62) to work on /home/airflow/.local/lib/python3.7/site-packages/airflow/example_dags/tutorial_dag.py
[2022-10-05T00:21:14.012+0000] {processor.py:758} INFO - Processing file /home/airflow/.local/lib/python3.7/site-packages/airflow/example_dags/tutorial_dag.py for tasks to queue
[2022-10-05T00:21:14.014+0000] {logging_mixin.py:117} INFO - [2022-10-05T00:21:14.014+0000] {dagbag.py:525} INFO - Filling up the DagBag from /home/airflow/.local/lib/python3.7/site-packages/airflow/example_dags/tutorial_dag.py
[2022-10-05T00:21:14.275+0000] {processor.py:768} INFO - DAG(s) dict_keys(['tutorial_dag']) retrieved from /home/airflow/.local/lib/python3.7/site-packages/airflow/example_dags/tutorial_dag.py
[2022-10-05T00:21:23.981+0000] {logging_mixin.py:117} INFO - [2022-10-05T00:21:23.981+0000] {dag.py:2573} INFO - Sync 1 DAGs
[2022-10-05T00:21:26.048+0000] {logging_mixin.py:117} INFO - [2022-10-05T00:21:26.045+0000] {dag.py:3328} INFO - Setting next_dagrun for tutorial_dag to None, run_after=None
[2022-10-05T00:21:26.924+0000] {processor.py:178} INFO - Processing /home/airflow/.local/lib/python3.7/site-packages/airflow/example_dags/tutorial_dag.py took 12.795 seconds
[2022-10-05T00:23:16.401+0000] {processor.py:156} INFO - Started process (PID=63) to work on /home/airflow/.local/lib/python3.7/site-packages/airflow/example_dags/tutorial_dag.py
[2022-10-05T00:23:16.408+0000] {processor.py:758} INFO - Processing file /home/airflow/.local/lib/python3.7/site-packages/airflow/example_dags/tutorial_dag.py for tasks to queue
[2022-10-05T00:23:16.420+0000] {logging_mixin.py:117} INFO - [2022-10-05T00:23:16.420+0000] {dagbag.py:525} INFO - Filling up the DagBag from /home/airflow/.local/lib/python3.7/site-packages/airflow/example_dags/tutorial_dag.py
[2022-10-05T00:23:16.603+0000] {processor.py:768} INFO - DAG(s) dict_keys(['tutorial_dag']) retrieved from /home/airflow/.local/lib/python3.7/site-packages/airflow/example_dags/tutorial_dag.py
[2022-10-05T00:23:27.452+0000] {logging_mixin.py:117} INFO - [2022-10-05T00:23:27.436+0000] {dag.py:2573} INFO - Sync 1 DAGs
[2022-10-05T00:23:29.901+0000] {logging_mixin.py:117} INFO - [2022-10-05T00:23:29.901+0000] {dag.py:3328} INFO - Setting next_dagrun for tutorial_dag to None, run_after=None
[2022-10-05T00:23:30.204+0000] {processor.py:178} INFO - Processing /home/airflow/.local/lib/python3.7/site-packages/airflow/example_dags/tutorial_dag.py took 13.824 seconds
[2022-10-05T00:25:01.742+0000] {processor.py:156} INFO - Started process (PID=54) to work on /home/airflow/.local/lib/python3.7/site-packages/airflow/example_dags/tutorial_dag.py
[2022-10-05T00:25:01.749+0000] {processor.py:758} INFO - Processing file /home/airflow/.local/lib/python3.7/site-packages/airflow/example_dags/tutorial_dag.py for tasks to queue
[2022-10-05T00:25:01.750+0000] {logging_mixin.py:117} INFO - [2022-10-05T00:25:01.750+0000] {dagbag.py:525} INFO - Filling up the DagBag from /home/airflow/.local/lib/python3.7/site-packages/airflow/example_dags/tutorial_dag.py
[2022-10-05T00:25:01.796+0000] {processor.py:768} INFO - DAG(s) dict_keys(['tutorial_dag']) retrieved from /home/airflow/.local/lib/python3.7/site-packages/airflow/example_dags/tutorial_dag.py
[2022-10-05T00:25:02.242+0000] {logging_mixin.py:117} INFO - [2022-10-05T00:25:02.242+0000] {dag.py:2573} INFO - Sync 1 DAGs
[2022-10-05T00:25:02.270+0000] {logging_mixin.py:117} INFO - [2022-10-05T00:25:02.270+0000] {dag.py:3328} INFO - Setting next_dagrun for tutorial_dag to None, run_after=None
[2022-10-05T00:25:02.336+0000] {processor.py:178} INFO - Processing /home/airflow/.local/lib/python3.7/site-packages/airflow/example_dags/tutorial_dag.py took 0.612 seconds
[2022-10-05T00:27:46.560+0000] {processor.py:156} INFO - Started process (PID=63) to work on /home/airflow/.local/lib/python3.7/site-packages/airflow/example_dags/tutorial_dag.py
[2022-10-05T00:27:46.562+0000] {processor.py:758} INFO - Processing file /home/airflow/.local/lib/python3.7/site-packages/airflow/example_dags/tutorial_dag.py for tasks to queue
[2022-10-05T00:27:46.563+0000] {logging_mixin.py:117} INFO - [2022-10-05T00:27:46.563+0000] {dagbag.py:525} INFO - Filling up the DagBag from /home/airflow/.local/lib/python3.7/site-packages/airflow/example_dags/tutorial_dag.py
[2022-10-05T00:27:46.630+0000] {processor.py:768} INFO - DAG(s) dict_keys(['tutorial_dag']) retrieved from /home/airflow/.local/lib/python3.7/site-packages/airflow/example_dags/tutorial_dag.py
[2022-10-05T00:27:50.045+0000] {logging_mixin.py:117} INFO - [2022-10-05T00:27:50.045+0000] {dag.py:2573} INFO - Sync 1 DAGs
[2022-10-05T00:27:50.100+0000] {logging_mixin.py:117} INFO - [2022-10-05T00:27:50.100+0000] {dag.py:3328} INFO - Setting next_dagrun for tutorial_dag to None, run_after=None
[2022-10-05T00:27:51.937+0000] {processor.py:178} INFO - Processing /home/airflow/.local/lib/python3.7/site-packages/airflow/example_dags/tutorial_dag.py took 5.381 seconds
[2022-10-05T00:30:29.146+0000] {processor.py:156} INFO - Started process (PID=66) to work on /home/airflow/.local/lib/python3.7/site-packages/airflow/example_dags/tutorial_dag.py
[2022-10-05T00:30:29.147+0000] {processor.py:758} INFO - Processing file /home/airflow/.local/lib/python3.7/site-packages/airflow/example_dags/tutorial_dag.py for tasks to queue
[2022-10-05T00:30:29.157+0000] {logging_mixin.py:117} INFO - [2022-10-05T00:30:29.156+0000] {dagbag.py:525} INFO - Filling up the DagBag from /home/airflow/.local/lib/python3.7/site-packages/airflow/example_dags/tutorial_dag.py
[2022-10-05T00:30:29.317+0000] {processor.py:768} INFO - DAG(s) dict_keys(['tutorial_dag']) retrieved from /home/airflow/.local/lib/python3.7/site-packages/airflow/example_dags/tutorial_dag.py
[2022-10-05T00:30:30.051+0000] {logging_mixin.py:117} INFO - [2022-10-05T00:30:30.051+0000] {dag.py:2573} INFO - Sync 1 DAGs
[2022-10-05T00:30:30.141+0000] {logging_mixin.py:117} INFO - [2022-10-05T00:30:30.136+0000] {dag.py:3328} INFO - Setting next_dagrun for tutorial_dag to None, run_after=None
[2022-10-05T00:30:30.231+0000] {processor.py:178} INFO - Processing /home/airflow/.local/lib/python3.7/site-packages/airflow/example_dags/tutorial_dag.py took 1.090 seconds
[2022-10-05T00:32:55.710+0000] {processor.py:156} INFO - Started process (PID=56) to work on /home/airflow/.local/lib/python3.7/site-packages/airflow/example_dags/tutorial_dag.py
[2022-10-05T00:32:55.712+0000] {processor.py:758} INFO - Processing file /home/airflow/.local/lib/python3.7/site-packages/airflow/example_dags/tutorial_dag.py for tasks to queue
[2022-10-05T00:32:55.719+0000] {logging_mixin.py:117} INFO - [2022-10-05T00:32:55.718+0000] {dagbag.py:525} INFO - Filling up the DagBag from /home/airflow/.local/lib/python3.7/site-packages/airflow/example_dags/tutorial_dag.py
[2022-10-05T00:32:55.863+0000] {processor.py:768} INFO - DAG(s) dict_keys(['tutorial_dag']) retrieved from /home/airflow/.local/lib/python3.7/site-packages/airflow/example_dags/tutorial_dag.py
[2022-10-05T00:33:00.183+0000] {logging_mixin.py:117} INFO - [2022-10-05T00:33:00.180+0000] {dag.py:2573} INFO - Sync 1 DAGs
[2022-10-05T00:33:00.395+0000] {logging_mixin.py:117} INFO - [2022-10-05T00:33:00.395+0000] {dag.py:3328} INFO - Setting next_dagrun for tutorial_dag to None, run_after=None
[2022-10-05T00:33:02.637+0000] {processor.py:178} INFO - Processing /home/airflow/.local/lib/python3.7/site-packages/airflow/example_dags/tutorial_dag.py took 6.949 seconds
[2022-10-05T00:34:38.080+0000] {processor.py:156} INFO - Started process (PID=55) to work on /home/airflow/.local/lib/python3.7/site-packages/airflow/example_dags/tutorial_dag.py
[2022-10-05T00:34:38.081+0000] {processor.py:758} INFO - Processing file /home/airflow/.local/lib/python3.7/site-packages/airflow/example_dags/tutorial_dag.py for tasks to queue
[2022-10-05T00:34:38.083+0000] {logging_mixin.py:117} INFO - [2022-10-05T00:34:38.082+0000] {dagbag.py:525} INFO - Filling up the DagBag from /home/airflow/.local/lib/python3.7/site-packages/airflow/example_dags/tutorial_dag.py
[2022-10-05T00:34:38.133+0000] {processor.py:768} INFO - DAG(s) dict_keys(['tutorial_dag']) retrieved from /home/airflow/.local/lib/python3.7/site-packages/airflow/example_dags/tutorial_dag.py
[2022-10-05T00:34:38.546+0000] {logging_mixin.py:117} INFO - [2022-10-05T00:34:38.545+0000] {dag.py:2573} INFO - Sync 1 DAGs
[2022-10-05T00:34:38.628+0000] {logging_mixin.py:117} INFO - [2022-10-05T00:34:38.628+0000] {dag.py:3328} INFO - Setting next_dagrun for tutorial_dag to None, run_after=None
[2022-10-05T00:34:39.414+0000] {processor.py:178} INFO - Processing /home/airflow/.local/lib/python3.7/site-packages/airflow/example_dags/tutorial_dag.py took 1.340 seconds
[2022-10-05T00:36:48.477+0000] {processor.py:156} INFO - Started process (PID=55) to work on /home/airflow/.local/lib/python3.7/site-packages/airflow/example_dags/tutorial_dag.py
[2022-10-05T00:36:48.485+0000] {processor.py:758} INFO - Processing file /home/airflow/.local/lib/python3.7/site-packages/airflow/example_dags/tutorial_dag.py for tasks to queue
[2022-10-05T00:36:48.488+0000] {logging_mixin.py:117} INFO - [2022-10-05T00:36:48.487+0000] {dagbag.py:525} INFO - Filling up the DagBag from /home/airflow/.local/lib/python3.7/site-packages/airflow/example_dags/tutorial_dag.py
[2022-10-05T00:36:48.598+0000] {processor.py:768} INFO - DAG(s) dict_keys(['tutorial_dag']) retrieved from /home/airflow/.local/lib/python3.7/site-packages/airflow/example_dags/tutorial_dag.py
[2022-10-05T00:36:48.941+0000] {logging_mixin.py:117} INFO - [2022-10-05T00:36:48.941+0000] {dag.py:2573} INFO - Sync 1 DAGs
[2022-10-05T00:36:49.002+0000] {logging_mixin.py:117} INFO - [2022-10-05T00:36:49.002+0000] {dag.py:3328} INFO - Setting next_dagrun for tutorial_dag to None, run_after=None
[2022-10-05T00:36:49.062+0000] {processor.py:178} INFO - Processing /home/airflow/.local/lib/python3.7/site-packages/airflow/example_dags/tutorial_dag.py took 0.597 seconds
[2022-10-05T00:38:53.974+0000] {processor.py:156} INFO - Started process (PID=56) to work on /home/airflow/.local/lib/python3.7/site-packages/airflow/example_dags/tutorial_dag.py
[2022-10-05T00:38:53.975+0000] {processor.py:758} INFO - Processing file /home/airflow/.local/lib/python3.7/site-packages/airflow/example_dags/tutorial_dag.py for tasks to queue
[2022-10-05T00:38:53.976+0000] {logging_mixin.py:117} INFO - [2022-10-05T00:38:53.976+0000] {dagbag.py:525} INFO - Filling up the DagBag from /home/airflow/.local/lib/python3.7/site-packages/airflow/example_dags/tutorial_dag.py
[2022-10-05T00:38:54.006+0000] {processor.py:768} INFO - DAG(s) dict_keys(['tutorial_dag']) retrieved from /home/airflow/.local/lib/python3.7/site-packages/airflow/example_dags/tutorial_dag.py
[2022-10-05T00:38:54.481+0000] {logging_mixin.py:117} INFO - [2022-10-05T00:38:54.480+0000] {dag.py:2573} INFO - Sync 1 DAGs
[2022-10-05T00:38:54.511+0000] {logging_mixin.py:117} INFO - [2022-10-05T00:38:54.510+0000] {dag.py:3328} INFO - Setting next_dagrun for tutorial_dag to None, run_after=None
[2022-10-05T00:38:54.914+0000] {processor.py:178} INFO - Processing /home/airflow/.local/lib/python3.7/site-packages/airflow/example_dags/tutorial_dag.py took 0.945 seconds
[2022-10-05T00:41:08.111+0000] {processor.py:156} INFO - Started process (PID=56) to work on /home/airflow/.local/lib/python3.7/site-packages/airflow/example_dags/tutorial_dag.py
[2022-10-05T00:41:08.115+0000] {processor.py:758} INFO - Processing file /home/airflow/.local/lib/python3.7/site-packages/airflow/example_dags/tutorial_dag.py for tasks to queue
[2022-10-05T00:41:08.117+0000] {logging_mixin.py:117} INFO - [2022-10-05T00:41:08.117+0000] {dagbag.py:525} INFO - Filling up the DagBag from /home/airflow/.local/lib/python3.7/site-packages/airflow/example_dags/tutorial_dag.py
[2022-10-05T00:41:08.168+0000] {processor.py:768} INFO - DAG(s) dict_keys(['tutorial_dag']) retrieved from /home/airflow/.local/lib/python3.7/site-packages/airflow/example_dags/tutorial_dag.py
[2022-10-05T00:41:08.648+0000] {logging_mixin.py:117} INFO - [2022-10-05T00:41:08.648+0000] {dag.py:2573} INFO - Sync 1 DAGs
[2022-10-05T00:41:08.684+0000] {logging_mixin.py:117} INFO - [2022-10-05T00:41:08.684+0000] {dag.py:3328} INFO - Setting next_dagrun for tutorial_dag to None, run_after=None
[2022-10-05T00:41:08.827+0000] {processor.py:178} INFO - Processing /home/airflow/.local/lib/python3.7/site-packages/airflow/example_dags/tutorial_dag.py took 0.722 seconds
[2022-10-05T00:43:21.900+0000] {processor.py:156} INFO - Started process (PID=57) to work on /home/airflow/.local/lib/python3.7/site-packages/airflow/example_dags/tutorial_dag.py
[2022-10-05T00:43:21.904+0000] {processor.py:758} INFO - Processing file /home/airflow/.local/lib/python3.7/site-packages/airflow/example_dags/tutorial_dag.py for tasks to queue
[2022-10-05T00:43:21.906+0000] {logging_mixin.py:117} INFO - [2022-10-05T00:43:21.906+0000] {dagbag.py:525} INFO - Filling up the DagBag from /home/airflow/.local/lib/python3.7/site-packages/airflow/example_dags/tutorial_dag.py
[2022-10-05T00:43:22.021+0000] {processor.py:768} INFO - DAG(s) dict_keys(['tutorial_dag']) retrieved from /home/airflow/.local/lib/python3.7/site-packages/airflow/example_dags/tutorial_dag.py
[2022-10-05T00:43:25.067+0000] {logging_mixin.py:117} INFO - [2022-10-05T00:43:25.058+0000] {dag.py:2573} INFO - Sync 1 DAGs
[2022-10-05T00:43:25.439+0000] {logging_mixin.py:117} INFO - [2022-10-05T00:43:25.439+0000] {dag.py:3328} INFO - Setting next_dagrun for tutorial_dag to None, run_after=None
[2022-10-05T00:43:25.879+0000] {processor.py:178} INFO - Processing /home/airflow/.local/lib/python3.7/site-packages/airflow/example_dags/tutorial_dag.py took 4.016 seconds
[2022-10-05T00:46:01.070+0000] {processor.py:156} INFO - Started process (PID=56) to work on /home/airflow/.local/lib/python3.7/site-packages/airflow/example_dags/tutorial_dag.py
[2022-10-05T00:46:01.078+0000] {processor.py:758} INFO - Processing file /home/airflow/.local/lib/python3.7/site-packages/airflow/example_dags/tutorial_dag.py for tasks to queue
[2022-10-05T00:46:01.079+0000] {logging_mixin.py:117} INFO - [2022-10-05T00:46:01.079+0000] {dagbag.py:525} INFO - Filling up the DagBag from /home/airflow/.local/lib/python3.7/site-packages/airflow/example_dags/tutorial_dag.py
[2022-10-05T00:46:01.133+0000] {processor.py:768} INFO - DAG(s) dict_keys(['tutorial_dag']) retrieved from /home/airflow/.local/lib/python3.7/site-packages/airflow/example_dags/tutorial_dag.py
[2022-10-05T00:46:03.699+0000] {logging_mixin.py:117} INFO - [2022-10-05T00:46:03.695+0000] {dag.py:2573} INFO - Sync 1 DAGs
[2022-10-05T00:46:03.886+0000] {logging_mixin.py:117} INFO - [2022-10-05T00:46:03.885+0000] {dag.py:3328} INFO - Setting next_dagrun for tutorial_dag to None, run_after=None
[2022-10-05T00:46:09.367+0000] {processor.py:178} INFO - Processing /home/airflow/.local/lib/python3.7/site-packages/airflow/example_dags/tutorial_dag.py took 8.305 seconds
[2022-10-05T00:48:56.162+0000] {processor.py:156} INFO - Started process (PID=55) to work on /home/airflow/.local/lib/python3.7/site-packages/airflow/example_dags/tutorial_dag.py
[2022-10-05T00:48:56.176+0000] {processor.py:758} INFO - Processing file /home/airflow/.local/lib/python3.7/site-packages/airflow/example_dags/tutorial_dag.py for tasks to queue
[2022-10-05T00:48:56.194+0000] {logging_mixin.py:117} INFO - [2022-10-05T00:48:56.193+0000] {dagbag.py:525} INFO - Filling up the DagBag from /home/airflow/.local/lib/python3.7/site-packages/airflow/example_dags/tutorial_dag.py
[2022-10-05T00:48:57.816+0000] {processor.py:768} INFO - DAG(s) dict_keys(['tutorial_dag']) retrieved from /home/airflow/.local/lib/python3.7/site-packages/airflow/example_dags/tutorial_dag.py
[2022-10-05T00:49:07.954+0000] {logging_mixin.py:117} INFO - [2022-10-05T00:49:07.946+0000] {dag.py:2573} INFO - Sync 1 DAGs
[2022-10-05T00:49:08.343+0000] {logging_mixin.py:117} INFO - [2022-10-05T00:49:08.342+0000] {dag.py:3328} INFO - Setting next_dagrun for tutorial_dag to None, run_after=None
[2022-10-05T00:49:08.756+0000] {processor.py:178} INFO - Processing /home/airflow/.local/lib/python3.7/site-packages/airflow/example_dags/tutorial_dag.py took 12.668 seconds
[2022-10-05T00:51:35.223+0000] {processor.py:156} INFO - Started process (PID=64) to work on /home/airflow/.local/lib/python3.7/site-packages/airflow/example_dags/tutorial_dag.py
[2022-10-05T00:51:35.237+0000] {processor.py:758} INFO - Processing file /home/airflow/.local/lib/python3.7/site-packages/airflow/example_dags/tutorial_dag.py for tasks to queue
[2022-10-05T00:51:35.247+0000] {logging_mixin.py:117} INFO - [2022-10-05T00:51:35.247+0000] {dagbag.py:525} INFO - Filling up the DagBag from /home/airflow/.local/lib/python3.7/site-packages/airflow/example_dags/tutorial_dag.py
[2022-10-05T00:51:35.466+0000] {processor.py:768} INFO - DAG(s) dict_keys(['tutorial_dag']) retrieved from /home/airflow/.local/lib/python3.7/site-packages/airflow/example_dags/tutorial_dag.py
[2022-10-05T00:51:48.001+0000] {logging_mixin.py:117} INFO - [2022-10-05T00:51:47.964+0000] {dag.py:2573} INFO - Sync 1 DAGs
[2022-10-05T00:51:48.284+0000] {logging_mixin.py:117} INFO - [2022-10-05T00:51:48.284+0000] {dag.py:3328} INFO - Setting next_dagrun for tutorial_dag to None, run_after=None
[2022-10-05T00:51:53.463+0000] {processor.py:178} INFO - Processing /home/airflow/.local/lib/python3.7/site-packages/airflow/example_dags/tutorial_dag.py took 18.275 seconds
[2022-10-05T00:54:27.151+0000] {processor.py:156} INFO - Started process (PID=57) to work on /home/airflow/.local/lib/python3.7/site-packages/airflow/example_dags/tutorial_dag.py
[2022-10-05T00:54:27.152+0000] {processor.py:758} INFO - Processing file /home/airflow/.local/lib/python3.7/site-packages/airflow/example_dags/tutorial_dag.py for tasks to queue
[2022-10-05T00:54:27.160+0000] {logging_mixin.py:117} INFO - [2022-10-05T00:54:27.160+0000] {dagbag.py:525} INFO - Filling up the DagBag from /home/airflow/.local/lib/python3.7/site-packages/airflow/example_dags/tutorial_dag.py
[2022-10-05T00:54:27.297+0000] {processor.py:768} INFO - DAG(s) dict_keys(['tutorial_dag']) retrieved from /home/airflow/.local/lib/python3.7/site-packages/airflow/example_dags/tutorial_dag.py
[2022-10-05T00:54:28.082+0000] {logging_mixin.py:117} INFO - [2022-10-05T00:54:28.081+0000] {dag.py:2573} INFO - Sync 1 DAGs
[2022-10-05T00:54:28.176+0000] {logging_mixin.py:117} INFO - [2022-10-05T00:54:28.176+0000] {dag.py:3328} INFO - Setting next_dagrun for tutorial_dag to None, run_after=None
[2022-10-05T00:54:28.350+0000] {processor.py:178} INFO - Processing /home/airflow/.local/lib/python3.7/site-packages/airflow/example_dags/tutorial_dag.py took 1.224 seconds
[2022-10-05T00:56:07.811+0000] {processor.py:156} INFO - Started process (PID=57) to work on /home/airflow/.local/lib/python3.7/site-packages/airflow/example_dags/tutorial_dag.py
[2022-10-05T00:56:07.822+0000] {processor.py:758} INFO - Processing file /home/airflow/.local/lib/python3.7/site-packages/airflow/example_dags/tutorial_dag.py for tasks to queue
[2022-10-05T00:56:07.832+0000] {logging_mixin.py:117} INFO - [2022-10-05T00:56:07.832+0000] {dagbag.py:525} INFO - Filling up the DagBag from /home/airflow/.local/lib/python3.7/site-packages/airflow/example_dags/tutorial_dag.py
[2022-10-05T00:56:08.201+0000] {processor.py:768} INFO - DAG(s) dict_keys(['tutorial_dag']) retrieved from /home/airflow/.local/lib/python3.7/site-packages/airflow/example_dags/tutorial_dag.py
[2022-10-05T00:56:23.272+0000] {logging_mixin.py:117} INFO - [2022-10-05T00:56:23.261+0000] {dag.py:2573} INFO - Sync 1 DAGs
[2022-10-05T00:56:24.375+0000] {logging_mixin.py:117} INFO - [2022-10-05T00:56:24.366+0000] {dag.py:3328} INFO - Setting next_dagrun for tutorial_dag to None, run_after=None
[2022-10-05T00:56:24.676+0000] {processor.py:178} INFO - Processing /home/airflow/.local/lib/python3.7/site-packages/airflow/example_dags/tutorial_dag.py took 16.912 seconds
